[2025-04-08T00:26:21.968+0000] {processor.py:186} INFO - Started process (PID=5789) to work on /home/airflow/.local/lib/python3.12/site-packages/airflow/example_dags/example_sensors.py
[2025-04-08T00:26:21.970+0000] {processor.py:914} INFO - Processing file /home/airflow/.local/lib/python3.12/site-packages/airflow/example_dags/example_sensors.py for tasks to queue
[2025-04-08T00:26:21.980+0000] {logging_mixin.py:190} INFO - [2025-04-08T00:26:21.978+0000] {dagbag.py:588} INFO - Filling up the DagBag from /home/airflow/.local/lib/python3.12/site-packages/airflow/example_dags/example_sensors.py
[2025-04-08T00:26:22.006+0000] {processor.py:925} INFO - DAG(s) 'example_sensors' retrieved from /home/airflow/.local/lib/python3.12/site-packages/airflow/example_dags/example_sensors.py
[2025-04-08T00:26:22.074+0000] {logging_mixin.py:190} INFO - [2025-04-08T00:26:22.073+0000] {dag.py:3239} INFO - Sync 1 DAGs
[2025-04-08T00:26:22.109+0000] {logging_mixin.py:190} INFO - [2025-04-08T00:26:22.108+0000] {dag.py:4180} INFO - Setting next_dagrun for example_sensors to None, run_after=None
[2025-04-08T00:26:22.185+0000] {processor.py:208} INFO - Processing /home/airflow/.local/lib/python3.12/site-packages/airflow/example_dags/example_sensors.py took 0.238 seconds
[2025-04-08T00:43:43.118+0000] {processor.py:186} INFO - Started process (PID=5867) to work on /home/airflow/.local/lib/python3.12/site-packages/airflow/example_dags/example_sensors.py
[2025-04-08T00:43:43.147+0000] {processor.py:914} INFO - Processing file /home/airflow/.local/lib/python3.12/site-packages/airflow/example_dags/example_sensors.py for tasks to queue
[2025-04-08T00:43:43.151+0000] {logging_mixin.py:190} INFO - [2025-04-08T00:43:43.150+0000] {dagbag.py:588} INFO - Filling up the DagBag from /home/airflow/.local/lib/python3.12/site-packages/airflow/example_dags/example_sensors.py
[2025-04-08T00:43:43.181+0000] {processor.py:925} INFO - DAG(s) 'example_sensors' retrieved from /home/airflow/.local/lib/python3.12/site-packages/airflow/example_dags/example_sensors.py
[2025-04-08T00:43:43.297+0000] {logging_mixin.py:190} INFO - [2025-04-08T00:43:43.296+0000] {dag.py:3239} INFO - Sync 1 DAGs
[2025-04-08T00:43:43.328+0000] {logging_mixin.py:190} INFO - [2025-04-08T00:43:43.327+0000] {dag.py:4180} INFO - Setting next_dagrun for example_sensors to None, run_after=None
[2025-04-08T00:43:43.564+0000] {processor.py:208} INFO - Processing /home/airflow/.local/lib/python3.12/site-packages/airflow/example_dags/example_sensors.py took 0.458 seconds
[2025-04-08T00:44:16.417+0000] {processor.py:186} INFO - Started process (PID=5930) to work on /home/airflow/.local/lib/python3.12/site-packages/airflow/example_dags/example_sensors.py
[2025-04-08T00:44:16.420+0000] {processor.py:914} INFO - Processing file /home/airflow/.local/lib/python3.12/site-packages/airflow/example_dags/example_sensors.py for tasks to queue
[2025-04-08T00:44:16.427+0000] {logging_mixin.py:190} INFO - [2025-04-08T00:44:16.425+0000] {dagbag.py:588} INFO - Filling up the DagBag from /home/airflow/.local/lib/python3.12/site-packages/airflow/example_dags/example_sensors.py
[2025-04-08T00:44:16.776+0000] {processor.py:925} INFO - DAG(s) 'example_sensors' retrieved from /home/airflow/.local/lib/python3.12/site-packages/airflow/example_dags/example_sensors.py
[2025-04-08T00:44:16.841+0000] {logging_mixin.py:190} INFO - [2025-04-08T00:44:16.840+0000] {dag.py:3239} INFO - Sync 1 DAGs
[2025-04-08T00:44:16.876+0000] {logging_mixin.py:190} INFO - [2025-04-08T00:44:16.875+0000] {dag.py:4180} INFO - Setting next_dagrun for example_sensors to None, run_after=None
[2025-04-08T00:44:16.961+0000] {processor.py:208} INFO - Processing /home/airflow/.local/lib/python3.12/site-packages/airflow/example_dags/example_sensors.py took 0.250 seconds
[2025-04-08T00:44:47.113+0000] {processor.py:186} INFO - Started process (PID=5993) to work on /home/airflow/.local/lib/python3.12/site-packages/airflow/example_dags/example_sensors.py
[2025-04-08T00:44:47.114+0000] {processor.py:914} INFO - Processing file /home/airflow/.local/lib/python3.12/site-packages/airflow/example_dags/example_sensors.py for tasks to queue
[2025-04-08T00:44:47.116+0000] {logging_mixin.py:190} INFO - [2025-04-08T00:44:47.115+0000] {dagbag.py:588} INFO - Filling up the DagBag from /home/airflow/.local/lib/python3.12/site-packages/airflow/example_dags/example_sensors.py
[2025-04-08T00:44:47.127+0000] {processor.py:925} INFO - DAG(s) 'example_sensors' retrieved from /home/airflow/.local/lib/python3.12/site-packages/airflow/example_dags/example_sensors.py
[2025-04-08T00:44:47.150+0000] {logging_mixin.py:190} INFO - [2025-04-08T00:44:47.150+0000] {dag.py:3239} INFO - Sync 1 DAGs
[2025-04-08T00:44:47.165+0000] {logging_mixin.py:190} INFO - [2025-04-08T00:44:47.165+0000] {dag.py:4180} INFO - Setting next_dagrun for example_sensors to None, run_after=None
[2025-04-08T00:44:47.191+0000] {processor.py:208} INFO - Processing /home/airflow/.local/lib/python3.12/site-packages/airflow/example_dags/example_sensors.py took 0.083 seconds
[2025-04-08T00:45:17.440+0000] {processor.py:186} INFO - Started process (PID=6056) to work on /home/airflow/.local/lib/python3.12/site-packages/airflow/example_dags/example_sensors.py
[2025-04-08T00:45:17.441+0000] {processor.py:914} INFO - Processing file /home/airflow/.local/lib/python3.12/site-packages/airflow/example_dags/example_sensors.py for tasks to queue
[2025-04-08T00:45:17.443+0000] {logging_mixin.py:190} INFO - [2025-04-08T00:45:17.442+0000] {dagbag.py:588} INFO - Filling up the DagBag from /home/airflow/.local/lib/python3.12/site-packages/airflow/example_dags/example_sensors.py
[2025-04-08T00:45:17.457+0000] {processor.py:925} INFO - DAG(s) 'example_sensors' retrieved from /home/airflow/.local/lib/python3.12/site-packages/airflow/example_dags/example_sensors.py
[2025-04-08T00:45:17.485+0000] {logging_mixin.py:190} INFO - [2025-04-08T00:45:17.484+0000] {dag.py:3239} INFO - Sync 1 DAGs
[2025-04-08T00:45:17.499+0000] {logging_mixin.py:190} INFO - [2025-04-08T00:45:17.499+0000] {dag.py:4180} INFO - Setting next_dagrun for example_sensors to None, run_after=None
[2025-04-08T00:45:17.525+0000] {processor.py:208} INFO - Processing /home/airflow/.local/lib/python3.12/site-packages/airflow/example_dags/example_sensors.py took 0.091 seconds
[2025-04-08T00:45:47.968+0000] {processor.py:186} INFO - Started process (PID=6119) to work on /home/airflow/.local/lib/python3.12/site-packages/airflow/example_dags/example_sensors.py
[2025-04-08T00:45:47.969+0000] {processor.py:914} INFO - Processing file /home/airflow/.local/lib/python3.12/site-packages/airflow/example_dags/example_sensors.py for tasks to queue
[2025-04-08T00:45:47.971+0000] {logging_mixin.py:190} INFO - [2025-04-08T00:45:47.971+0000] {dagbag.py:588} INFO - Filling up the DagBag from /home/airflow/.local/lib/python3.12/site-packages/airflow/example_dags/example_sensors.py
[2025-04-08T00:45:47.986+0000] {processor.py:925} INFO - DAG(s) 'example_sensors' retrieved from /home/airflow/.local/lib/python3.12/site-packages/airflow/example_dags/example_sensors.py
[2025-04-08T00:45:48.020+0000] {logging_mixin.py:190} INFO - [2025-04-08T00:45:48.020+0000] {dag.py:3239} INFO - Sync 1 DAGs
[2025-04-08T00:45:48.037+0000] {logging_mixin.py:190} INFO - [2025-04-08T00:45:48.036+0000] {dag.py:4180} INFO - Setting next_dagrun for example_sensors to None, run_after=None
[2025-04-08T00:45:48.064+0000] {processor.py:208} INFO - Processing /home/airflow/.local/lib/python3.12/site-packages/airflow/example_dags/example_sensors.py took 0.106 seconds
[2025-04-08T00:46:18.173+0000] {processor.py:186} INFO - Started process (PID=6181) to work on /home/airflow/.local/lib/python3.12/site-packages/airflow/example_dags/example_sensors.py
[2025-04-08T00:46:18.175+0000] {processor.py:914} INFO - Processing file /home/airflow/.local/lib/python3.12/site-packages/airflow/example_dags/example_sensors.py for tasks to queue
[2025-04-08T00:46:18.176+0000] {logging_mixin.py:190} INFO - [2025-04-08T00:46:18.176+0000] {dagbag.py:588} INFO - Filling up the DagBag from /home/airflow/.local/lib/python3.12/site-packages/airflow/example_dags/example_sensors.py
[2025-04-08T00:46:18.188+0000] {processor.py:925} INFO - DAG(s) 'example_sensors' retrieved from /home/airflow/.local/lib/python3.12/site-packages/airflow/example_dags/example_sensors.py
[2025-04-08T00:46:18.215+0000] {logging_mixin.py:190} INFO - [2025-04-08T00:46:18.214+0000] {dag.py:3239} INFO - Sync 1 DAGs
[2025-04-08T00:46:18.228+0000] {logging_mixin.py:190} INFO - [2025-04-08T00:46:18.228+0000] {dag.py:4180} INFO - Setting next_dagrun for example_sensors to None, run_after=None
[2025-04-08T00:46:18.248+0000] {processor.py:208} INFO - Processing /home/airflow/.local/lib/python3.12/site-packages/airflow/example_dags/example_sensors.py took 0.080 seconds
[2025-04-08T00:46:48.672+0000] {processor.py:186} INFO - Started process (PID=6244) to work on /home/airflow/.local/lib/python3.12/site-packages/airflow/example_dags/example_sensors.py
[2025-04-08T00:46:48.673+0000] {processor.py:914} INFO - Processing file /home/airflow/.local/lib/python3.12/site-packages/airflow/example_dags/example_sensors.py for tasks to queue
[2025-04-08T00:46:48.675+0000] {logging_mixin.py:190} INFO - [2025-04-08T00:46:48.674+0000] {dagbag.py:588} INFO - Filling up the DagBag from /home/airflow/.local/lib/python3.12/site-packages/airflow/example_dags/example_sensors.py
[2025-04-08T00:46:48.685+0000] {processor.py:925} INFO - DAG(s) 'example_sensors' retrieved from /home/airflow/.local/lib/python3.12/site-packages/airflow/example_dags/example_sensors.py
[2025-04-08T00:46:48.706+0000] {logging_mixin.py:190} INFO - [2025-04-08T00:46:48.706+0000] {dag.py:3239} INFO - Sync 1 DAGs
[2025-04-08T00:46:48.719+0000] {logging_mixin.py:190} INFO - [2025-04-08T00:46:48.718+0000] {dag.py:4180} INFO - Setting next_dagrun for example_sensors to None, run_after=None
[2025-04-08T00:46:48.738+0000] {processor.py:208} INFO - Processing /home/airflow/.local/lib/python3.12/site-packages/airflow/example_dags/example_sensors.py took 0.072 seconds
[2025-04-08T00:47:19.341+0000] {processor.py:186} INFO - Started process (PID=6307) to work on /home/airflow/.local/lib/python3.12/site-packages/airflow/example_dags/example_sensors.py
[2025-04-08T00:47:19.342+0000] {processor.py:914} INFO - Processing file /home/airflow/.local/lib/python3.12/site-packages/airflow/example_dags/example_sensors.py for tasks to queue
[2025-04-08T00:47:19.343+0000] {logging_mixin.py:190} INFO - [2025-04-08T00:47:19.343+0000] {dagbag.py:588} INFO - Filling up the DagBag from /home/airflow/.local/lib/python3.12/site-packages/airflow/example_dags/example_sensors.py
[2025-04-08T00:47:19.353+0000] {processor.py:925} INFO - DAG(s) 'example_sensors' retrieved from /home/airflow/.local/lib/python3.12/site-packages/airflow/example_dags/example_sensors.py
[2025-04-08T00:47:19.376+0000] {logging_mixin.py:190} INFO - [2025-04-08T00:47:19.375+0000] {dag.py:3239} INFO - Sync 1 DAGs
[2025-04-08T00:47:19.389+0000] {logging_mixin.py:190} INFO - [2025-04-08T00:47:19.388+0000] {dag.py:4180} INFO - Setting next_dagrun for example_sensors to None, run_after=None
[2025-04-08T00:47:19.406+0000] {processor.py:208} INFO - Processing /home/airflow/.local/lib/python3.12/site-packages/airflow/example_dags/example_sensors.py took 0.070 seconds
[2025-04-08T00:47:50.195+0000] {processor.py:186} INFO - Started process (PID=6368) to work on /home/airflow/.local/lib/python3.12/site-packages/airflow/example_dags/example_sensors.py
[2025-04-08T00:47:50.196+0000] {processor.py:914} INFO - Processing file /home/airflow/.local/lib/python3.12/site-packages/airflow/example_dags/example_sensors.py for tasks to queue
[2025-04-08T00:47:50.199+0000] {logging_mixin.py:190} INFO - [2025-04-08T00:47:50.198+0000] {dagbag.py:588} INFO - Filling up the DagBag from /home/airflow/.local/lib/python3.12/site-packages/airflow/example_dags/example_sensors.py
[2025-04-08T00:47:50.210+0000] {processor.py:925} INFO - DAG(s) 'example_sensors' retrieved from /home/airflow/.local/lib/python3.12/site-packages/airflow/example_dags/example_sensors.py
[2025-04-08T00:47:50.246+0000] {logging_mixin.py:190} INFO - [2025-04-08T00:47:50.245+0000] {dag.py:3239} INFO - Sync 1 DAGs
[2025-04-08T00:47:50.261+0000] {logging_mixin.py:190} INFO - [2025-04-08T00:47:50.260+0000] {dag.py:4180} INFO - Setting next_dagrun for example_sensors to None, run_after=None
[2025-04-08T00:47:50.284+0000] {processor.py:208} INFO - Processing /home/airflow/.local/lib/python3.12/site-packages/airflow/example_dags/example_sensors.py took 0.093 seconds
[2025-04-08T00:48:20.770+0000] {processor.py:186} INFO - Started process (PID=6431) to work on /home/airflow/.local/lib/python3.12/site-packages/airflow/example_dags/example_sensors.py
[2025-04-08T00:48:20.772+0000] {processor.py:914} INFO - Processing file /home/airflow/.local/lib/python3.12/site-packages/airflow/example_dags/example_sensors.py for tasks to queue
[2025-04-08T00:48:20.774+0000] {logging_mixin.py:190} INFO - [2025-04-08T00:48:20.773+0000] {dagbag.py:588} INFO - Filling up the DagBag from /home/airflow/.local/lib/python3.12/site-packages/airflow/example_dags/example_sensors.py
[2025-04-08T00:48:20.792+0000] {processor.py:925} INFO - DAG(s) 'example_sensors' retrieved from /home/airflow/.local/lib/python3.12/site-packages/airflow/example_dags/example_sensors.py
[2025-04-08T00:48:20.829+0000] {logging_mixin.py:190} INFO - [2025-04-08T00:48:20.829+0000] {dag.py:3239} INFO - Sync 1 DAGs
[2025-04-08T00:48:20.855+0000] {logging_mixin.py:190} INFO - [2025-04-08T00:48:20.855+0000] {dag.py:4180} INFO - Setting next_dagrun for example_sensors to None, run_after=None
[2025-04-08T00:48:20.887+0000] {processor.py:208} INFO - Processing /home/airflow/.local/lib/python3.12/site-packages/airflow/example_dags/example_sensors.py took 0.127 seconds
[2025-04-08T00:48:52.856+0000] {processor.py:186} INFO - Started process (PID=6494) to work on /home/airflow/.local/lib/python3.12/site-packages/airflow/example_dags/example_sensors.py
[2025-04-08T00:48:52.860+0000] {processor.py:914} INFO - Processing file /home/airflow/.local/lib/python3.12/site-packages/airflow/example_dags/example_sensors.py for tasks to queue
[2025-04-08T00:48:52.863+0000] {logging_mixin.py:190} INFO - [2025-04-08T00:48:52.863+0000] {dagbag.py:588} INFO - Filling up the DagBag from /home/airflow/.local/lib/python3.12/site-packages/airflow/example_dags/example_sensors.py
[2025-04-08T00:48:52.880+0000] {processor.py:925} INFO - DAG(s) 'example_sensors' retrieved from /home/airflow/.local/lib/python3.12/site-packages/airflow/example_dags/example_sensors.py
[2025-04-08T00:48:52.937+0000] {logging_mixin.py:190} INFO - [2025-04-08T00:48:52.937+0000] {dag.py:3239} INFO - Sync 1 DAGs
[2025-04-08T00:48:52.969+0000] {logging_mixin.py:190} INFO - [2025-04-08T00:48:52.969+0000] {dag.py:4180} INFO - Setting next_dagrun for example_sensors to None, run_after=None
[2025-04-08T00:48:53.003+0000] {processor.py:208} INFO - Processing /home/airflow/.local/lib/python3.12/site-packages/airflow/example_dags/example_sensors.py took 0.163 seconds
[2025-04-08T00:49:23.504+0000] {processor.py:186} INFO - Started process (PID=6557) to work on /home/airflow/.local/lib/python3.12/site-packages/airflow/example_dags/example_sensors.py
[2025-04-08T00:49:23.505+0000] {processor.py:914} INFO - Processing file /home/airflow/.local/lib/python3.12/site-packages/airflow/example_dags/example_sensors.py for tasks to queue
[2025-04-08T00:49:23.507+0000] {logging_mixin.py:190} INFO - [2025-04-08T00:49:23.507+0000] {dagbag.py:588} INFO - Filling up the DagBag from /home/airflow/.local/lib/python3.12/site-packages/airflow/example_dags/example_sensors.py
[2025-04-08T00:49:23.518+0000] {processor.py:925} INFO - DAG(s) 'example_sensors' retrieved from /home/airflow/.local/lib/python3.12/site-packages/airflow/example_dags/example_sensors.py
[2025-04-08T00:49:23.543+0000] {logging_mixin.py:190} INFO - [2025-04-08T00:49:23.543+0000] {dag.py:3239} INFO - Sync 1 DAGs
[2025-04-08T00:49:23.556+0000] {logging_mixin.py:190} INFO - [2025-04-08T00:49:23.556+0000] {dag.py:4180} INFO - Setting next_dagrun for example_sensors to None, run_after=None
[2025-04-08T00:49:23.578+0000] {processor.py:208} INFO - Processing /home/airflow/.local/lib/python3.12/site-packages/airflow/example_dags/example_sensors.py took 0.080 seconds
[2025-04-08T00:49:54.002+0000] {processor.py:186} INFO - Started process (PID=6620) to work on /home/airflow/.local/lib/python3.12/site-packages/airflow/example_dags/example_sensors.py
[2025-04-08T00:49:54.004+0000] {processor.py:914} INFO - Processing file /home/airflow/.local/lib/python3.12/site-packages/airflow/example_dags/example_sensors.py for tasks to queue
[2025-04-08T00:49:54.006+0000] {logging_mixin.py:190} INFO - [2025-04-08T00:49:54.006+0000] {dagbag.py:588} INFO - Filling up the DagBag from /home/airflow/.local/lib/python3.12/site-packages/airflow/example_dags/example_sensors.py
[2025-04-08T00:49:54.026+0000] {processor.py:925} INFO - DAG(s) 'example_sensors' retrieved from /home/airflow/.local/lib/python3.12/site-packages/airflow/example_dags/example_sensors.py
[2025-04-08T00:49:54.062+0000] {logging_mixin.py:190} INFO - [2025-04-08T00:49:54.062+0000] {dag.py:3239} INFO - Sync 1 DAGs
[2025-04-08T00:49:54.084+0000] {logging_mixin.py:190} INFO - [2025-04-08T00:49:54.083+0000] {dag.py:4180} INFO - Setting next_dagrun for example_sensors to None, run_after=None
[2025-04-08T00:49:54.118+0000] {processor.py:208} INFO - Processing /home/airflow/.local/lib/python3.12/site-packages/airflow/example_dags/example_sensors.py took 0.126 seconds
[2025-04-08T00:50:24.807+0000] {processor.py:186} INFO - Started process (PID=6682) to work on /home/airflow/.local/lib/python3.12/site-packages/airflow/example_dags/example_sensors.py
[2025-04-08T00:50:24.808+0000] {processor.py:914} INFO - Processing file /home/airflow/.local/lib/python3.12/site-packages/airflow/example_dags/example_sensors.py for tasks to queue
[2025-04-08T00:50:24.810+0000] {logging_mixin.py:190} INFO - [2025-04-08T00:50:24.810+0000] {dagbag.py:588} INFO - Filling up the DagBag from /home/airflow/.local/lib/python3.12/site-packages/airflow/example_dags/example_sensors.py
[2025-04-08T00:50:24.822+0000] {processor.py:925} INFO - DAG(s) 'example_sensors' retrieved from /home/airflow/.local/lib/python3.12/site-packages/airflow/example_dags/example_sensors.py
[2025-04-08T00:50:24.853+0000] {logging_mixin.py:190} INFO - [2025-04-08T00:50:24.852+0000] {dag.py:3239} INFO - Sync 1 DAGs
[2025-04-08T00:50:24.869+0000] {logging_mixin.py:190} INFO - [2025-04-08T00:50:24.869+0000] {dag.py:4180} INFO - Setting next_dagrun for example_sensors to None, run_after=None
[2025-04-08T00:50:24.895+0000] {processor.py:208} INFO - Processing /home/airflow/.local/lib/python3.12/site-packages/airflow/example_dags/example_sensors.py took 0.093 seconds
[2025-04-08T00:50:55.053+0000] {processor.py:186} INFO - Started process (PID=6744) to work on /home/airflow/.local/lib/python3.12/site-packages/airflow/example_dags/example_sensors.py
[2025-04-08T00:50:55.055+0000] {processor.py:914} INFO - Processing file /home/airflow/.local/lib/python3.12/site-packages/airflow/example_dags/example_sensors.py for tasks to queue
[2025-04-08T00:50:55.060+0000] {logging_mixin.py:190} INFO - [2025-04-08T00:50:55.059+0000] {dagbag.py:588} INFO - Filling up the DagBag from /home/airflow/.local/lib/python3.12/site-packages/airflow/example_dags/example_sensors.py
[2025-04-08T00:50:55.085+0000] {processor.py:925} INFO - DAG(s) 'example_sensors' retrieved from /home/airflow/.local/lib/python3.12/site-packages/airflow/example_dags/example_sensors.py
[2025-04-08T00:50:55.148+0000] {logging_mixin.py:190} INFO - [2025-04-08T00:50:55.147+0000] {dag.py:3239} INFO - Sync 1 DAGs
[2025-04-08T00:50:55.181+0000] {logging_mixin.py:190} INFO - [2025-04-08T00:50:55.181+0000] {dag.py:4180} INFO - Setting next_dagrun for example_sensors to None, run_after=None
[2025-04-08T00:50:55.225+0000] {processor.py:208} INFO - Processing /home/airflow/.local/lib/python3.12/site-packages/airflow/example_dags/example_sensors.py took 0.184 seconds
[2025-04-08T00:51:26.197+0000] {processor.py:186} INFO - Started process (PID=6808) to work on /home/airflow/.local/lib/python3.12/site-packages/airflow/example_dags/example_sensors.py
[2025-04-08T00:51:26.198+0000] {processor.py:914} INFO - Processing file /home/airflow/.local/lib/python3.12/site-packages/airflow/example_dags/example_sensors.py for tasks to queue
[2025-04-08T00:51:26.200+0000] {logging_mixin.py:190} INFO - [2025-04-08T00:51:26.199+0000] {dagbag.py:588} INFO - Filling up the DagBag from /home/airflow/.local/lib/python3.12/site-packages/airflow/example_dags/example_sensors.py
[2025-04-08T00:51:26.213+0000] {processor.py:925} INFO - DAG(s) 'example_sensors' retrieved from /home/airflow/.local/lib/python3.12/site-packages/airflow/example_dags/example_sensors.py
[2025-04-08T00:51:26.241+0000] {logging_mixin.py:190} INFO - [2025-04-08T00:51:26.241+0000] {dag.py:3239} INFO - Sync 1 DAGs
[2025-04-08T00:51:26.257+0000] {logging_mixin.py:190} INFO - [2025-04-08T00:51:26.256+0000] {dag.py:4180} INFO - Setting next_dagrun for example_sensors to None, run_after=None
[2025-04-08T00:51:26.281+0000] {processor.py:208} INFO - Processing /home/airflow/.local/lib/python3.12/site-packages/airflow/example_dags/example_sensors.py took 0.090 seconds
[2025-04-08T00:51:56.612+0000] {processor.py:186} INFO - Started process (PID=6870) to work on /home/airflow/.local/lib/python3.12/site-packages/airflow/example_dags/example_sensors.py
[2025-04-08T00:51:56.613+0000] {processor.py:914} INFO - Processing file /home/airflow/.local/lib/python3.12/site-packages/airflow/example_dags/example_sensors.py for tasks to queue
[2025-04-08T00:51:56.615+0000] {logging_mixin.py:190} INFO - [2025-04-08T00:51:56.615+0000] {dagbag.py:588} INFO - Filling up the DagBag from /home/airflow/.local/lib/python3.12/site-packages/airflow/example_dags/example_sensors.py
[2025-04-08T00:51:56.627+0000] {processor.py:925} INFO - DAG(s) 'example_sensors' retrieved from /home/airflow/.local/lib/python3.12/site-packages/airflow/example_dags/example_sensors.py
[2025-04-08T00:51:56.657+0000] {logging_mixin.py:190} INFO - [2025-04-08T00:51:56.656+0000] {dag.py:3239} INFO - Sync 1 DAGs
[2025-04-08T00:51:56.675+0000] {logging_mixin.py:190} INFO - [2025-04-08T00:51:56.675+0000] {dag.py:4180} INFO - Setting next_dagrun for example_sensors to None, run_after=None
[2025-04-08T00:51:56.698+0000] {processor.py:208} INFO - Processing /home/airflow/.local/lib/python3.12/site-packages/airflow/example_dags/example_sensors.py took 0.092 seconds
[2025-04-08T00:52:27.541+0000] {processor.py:186} INFO - Started process (PID=6933) to work on /home/airflow/.local/lib/python3.12/site-packages/airflow/example_dags/example_sensors.py
[2025-04-08T00:52:27.543+0000] {processor.py:914} INFO - Processing file /home/airflow/.local/lib/python3.12/site-packages/airflow/example_dags/example_sensors.py for tasks to queue
[2025-04-08T00:52:27.544+0000] {logging_mixin.py:190} INFO - [2025-04-08T00:52:27.544+0000] {dagbag.py:588} INFO - Filling up the DagBag from /home/airflow/.local/lib/python3.12/site-packages/airflow/example_dags/example_sensors.py
[2025-04-08T00:52:27.560+0000] {processor.py:925} INFO - DAG(s) 'example_sensors' retrieved from /home/airflow/.local/lib/python3.12/site-packages/airflow/example_dags/example_sensors.py
[2025-04-08T00:52:27.588+0000] {logging_mixin.py:190} INFO - [2025-04-08T00:52:27.587+0000] {dag.py:3239} INFO - Sync 1 DAGs
[2025-04-08T00:52:27.602+0000] {logging_mixin.py:190} INFO - [2025-04-08T00:52:27.602+0000] {dag.py:4180} INFO - Setting next_dagrun for example_sensors to None, run_after=None
[2025-04-08T00:52:27.627+0000] {processor.py:208} INFO - Processing /home/airflow/.local/lib/python3.12/site-packages/airflow/example_dags/example_sensors.py took 0.092 seconds
[2025-04-08T00:52:58.151+0000] {processor.py:186} INFO - Started process (PID=6996) to work on /home/airflow/.local/lib/python3.12/site-packages/airflow/example_dags/example_sensors.py
[2025-04-08T00:52:58.153+0000] {processor.py:914} INFO - Processing file /home/airflow/.local/lib/python3.12/site-packages/airflow/example_dags/example_sensors.py for tasks to queue
[2025-04-08T00:52:58.156+0000] {logging_mixin.py:190} INFO - [2025-04-08T00:52:58.155+0000] {dagbag.py:588} INFO - Filling up the DagBag from /home/airflow/.local/lib/python3.12/site-packages/airflow/example_dags/example_sensors.py
[2025-04-08T00:52:58.174+0000] {processor.py:925} INFO - DAG(s) 'example_sensors' retrieved from /home/airflow/.local/lib/python3.12/site-packages/airflow/example_dags/example_sensors.py
[2025-04-08T00:52:58.219+0000] {logging_mixin.py:190} INFO - [2025-04-08T00:52:58.218+0000] {dag.py:3239} INFO - Sync 1 DAGs
[2025-04-08T00:52:58.239+0000] {logging_mixin.py:190} INFO - [2025-04-08T00:52:58.239+0000] {dag.py:4180} INFO - Setting next_dagrun for example_sensors to None, run_after=None
[2025-04-08T00:52:58.264+0000] {processor.py:208} INFO - Processing /home/airflow/.local/lib/python3.12/site-packages/airflow/example_dags/example_sensors.py took 0.122 seconds
[2025-04-08T00:53:28.402+0000] {processor.py:186} INFO - Started process (PID=7058) to work on /home/airflow/.local/lib/python3.12/site-packages/airflow/example_dags/example_sensors.py
[2025-04-08T00:53:28.403+0000] {processor.py:914} INFO - Processing file /home/airflow/.local/lib/python3.12/site-packages/airflow/example_dags/example_sensors.py for tasks to queue
[2025-04-08T00:53:28.405+0000] {logging_mixin.py:190} INFO - [2025-04-08T00:53:28.404+0000] {dagbag.py:588} INFO - Filling up the DagBag from /home/airflow/.local/lib/python3.12/site-packages/airflow/example_dags/example_sensors.py
[2025-04-08T00:53:28.418+0000] {processor.py:925} INFO - DAG(s) 'example_sensors' retrieved from /home/airflow/.local/lib/python3.12/site-packages/airflow/example_dags/example_sensors.py
[2025-04-08T00:53:28.449+0000] {logging_mixin.py:190} INFO - [2025-04-08T00:53:28.449+0000] {dag.py:3239} INFO - Sync 1 DAGs
[2025-04-08T00:53:28.463+0000] {logging_mixin.py:190} INFO - [2025-04-08T00:53:28.463+0000] {dag.py:4180} INFO - Setting next_dagrun for example_sensors to None, run_after=None
[2025-04-08T00:53:28.485+0000] {processor.py:208} INFO - Processing /home/airflow/.local/lib/python3.12/site-packages/airflow/example_dags/example_sensors.py took 0.089 seconds
[2025-04-08T00:53:59.228+0000] {processor.py:186} INFO - Started process (PID=7121) to work on /home/airflow/.local/lib/python3.12/site-packages/airflow/example_dags/example_sensors.py
[2025-04-08T00:53:59.230+0000] {processor.py:914} INFO - Processing file /home/airflow/.local/lib/python3.12/site-packages/airflow/example_dags/example_sensors.py for tasks to queue
[2025-04-08T00:53:59.232+0000] {logging_mixin.py:190} INFO - [2025-04-08T00:53:59.232+0000] {dagbag.py:588} INFO - Filling up the DagBag from /home/airflow/.local/lib/python3.12/site-packages/airflow/example_dags/example_sensors.py
[2025-04-08T00:53:59.255+0000] {processor.py:925} INFO - DAG(s) 'example_sensors' retrieved from /home/airflow/.local/lib/python3.12/site-packages/airflow/example_dags/example_sensors.py
[2025-04-08T00:53:59.301+0000] {logging_mixin.py:190} INFO - [2025-04-08T00:53:59.300+0000] {dag.py:3239} INFO - Sync 1 DAGs
[2025-04-08T00:53:59.340+0000] {logging_mixin.py:190} INFO - [2025-04-08T00:53:59.340+0000] {dag.py:4180} INFO - Setting next_dagrun for example_sensors to None, run_after=None
[2025-04-08T00:53:59.371+0000] {processor.py:208} INFO - Processing /home/airflow/.local/lib/python3.12/site-packages/airflow/example_dags/example_sensors.py took 0.152 seconds
[2025-04-08T00:54:30.114+0000] {processor.py:186} INFO - Started process (PID=7184) to work on /home/airflow/.local/lib/python3.12/site-packages/airflow/example_dags/example_sensors.py
[2025-04-08T00:54:30.116+0000] {processor.py:914} INFO - Processing file /home/airflow/.local/lib/python3.12/site-packages/airflow/example_dags/example_sensors.py for tasks to queue
[2025-04-08T00:54:30.120+0000] {logging_mixin.py:190} INFO - [2025-04-08T00:54:30.119+0000] {dagbag.py:588} INFO - Filling up the DagBag from /home/airflow/.local/lib/python3.12/site-packages/airflow/example_dags/example_sensors.py
[2025-04-08T00:54:30.183+0000] {processor.py:925} INFO - DAG(s) 'example_sensors' retrieved from /home/airflow/.local/lib/python3.12/site-packages/airflow/example_dags/example_sensors.py
[2025-04-08T00:54:30.299+0000] {logging_mixin.py:190} INFO - [2025-04-08T00:54:30.298+0000] {dag.py:3239} INFO - Sync 1 DAGs
[2025-04-08T00:54:30.370+0000] {logging_mixin.py:190} INFO - [2025-04-08T00:54:30.369+0000] {dag.py:4180} INFO - Setting next_dagrun for example_sensors to None, run_after=None
[2025-04-08T00:54:30.451+0000] {processor.py:208} INFO - Processing /home/airflow/.local/lib/python3.12/site-packages/airflow/example_dags/example_sensors.py took 0.354 seconds
[2025-04-08T00:55:00.845+0000] {processor.py:186} INFO - Started process (PID=7247) to work on /home/airflow/.local/lib/python3.12/site-packages/airflow/example_dags/example_sensors.py
[2025-04-08T00:55:00.846+0000] {processor.py:914} INFO - Processing file /home/airflow/.local/lib/python3.12/site-packages/airflow/example_dags/example_sensors.py for tasks to queue
[2025-04-08T00:55:00.848+0000] {logging_mixin.py:190} INFO - [2025-04-08T00:55:00.847+0000] {dagbag.py:588} INFO - Filling up the DagBag from /home/airflow/.local/lib/python3.12/site-packages/airflow/example_dags/example_sensors.py
[2025-04-08T00:55:00.858+0000] {processor.py:925} INFO - DAG(s) 'example_sensors' retrieved from /home/airflow/.local/lib/python3.12/site-packages/airflow/example_dags/example_sensors.py
[2025-04-08T00:55:00.883+0000] {logging_mixin.py:190} INFO - [2025-04-08T00:55:00.883+0000] {dag.py:3239} INFO - Sync 1 DAGs
[2025-04-08T00:55:00.898+0000] {logging_mixin.py:190} INFO - [2025-04-08T00:55:00.898+0000] {dag.py:4180} INFO - Setting next_dagrun for example_sensors to None, run_after=None
[2025-04-08T00:55:00.919+0000] {processor.py:208} INFO - Processing /home/airflow/.local/lib/python3.12/site-packages/airflow/example_dags/example_sensors.py took 0.079 seconds
[2025-04-08T00:55:31.258+0000] {processor.py:186} INFO - Started process (PID=7310) to work on /home/airflow/.local/lib/python3.12/site-packages/airflow/example_dags/example_sensors.py
[2025-04-08T00:55:31.261+0000] {processor.py:914} INFO - Processing file /home/airflow/.local/lib/python3.12/site-packages/airflow/example_dags/example_sensors.py for tasks to queue
[2025-04-08T00:55:31.269+0000] {logging_mixin.py:190} INFO - [2025-04-08T00:55:31.267+0000] {dagbag.py:588} INFO - Filling up the DagBag from /home/airflow/.local/lib/python3.12/site-packages/airflow/example_dags/example_sensors.py
[2025-04-08T00:55:31.306+0000] {processor.py:925} INFO - DAG(s) 'example_sensors' retrieved from /home/airflow/.local/lib/python3.12/site-packages/airflow/example_dags/example_sensors.py
[2025-04-08T00:55:31.365+0000] {logging_mixin.py:190} INFO - [2025-04-08T00:55:31.364+0000] {dag.py:3239} INFO - Sync 1 DAGs
[2025-04-08T00:55:31.382+0000] {logging_mixin.py:190} INFO - [2025-04-08T00:55:31.381+0000] {dag.py:4180} INFO - Setting next_dagrun for example_sensors to None, run_after=None
[2025-04-08T00:55:31.414+0000] {processor.py:208} INFO - Processing /home/airflow/.local/lib/python3.12/site-packages/airflow/example_dags/example_sensors.py took 0.192 seconds
[2025-04-08T00:56:01.550+0000] {processor.py:186} INFO - Started process (PID=7373) to work on /home/airflow/.local/lib/python3.12/site-packages/airflow/example_dags/example_sensors.py
[2025-04-08T00:56:01.552+0000] {processor.py:914} INFO - Processing file /home/airflow/.local/lib/python3.12/site-packages/airflow/example_dags/example_sensors.py for tasks to queue
[2025-04-08T00:56:01.555+0000] {logging_mixin.py:190} INFO - [2025-04-08T00:56:01.554+0000] {dagbag.py:588} INFO - Filling up the DagBag from /home/airflow/.local/lib/python3.12/site-packages/airflow/example_dags/example_sensors.py
[2025-04-08T00:56:01.574+0000] {processor.py:925} INFO - DAG(s) 'example_sensors' retrieved from /home/airflow/.local/lib/python3.12/site-packages/airflow/example_dags/example_sensors.py
[2025-04-08T00:56:01.612+0000] {logging_mixin.py:190} INFO - [2025-04-08T00:56:01.611+0000] {dag.py:3239} INFO - Sync 1 DAGs
[2025-04-08T00:56:01.634+0000] {logging_mixin.py:190} INFO - [2025-04-08T00:56:01.633+0000] {dag.py:4180} INFO - Setting next_dagrun for example_sensors to None, run_after=None
[2025-04-08T00:56:01.703+0000] {processor.py:208} INFO - Processing /home/airflow/.local/lib/python3.12/site-packages/airflow/example_dags/example_sensors.py took 0.161 seconds
[2025-04-08T00:56:31.943+0000] {processor.py:186} INFO - Started process (PID=7436) to work on /home/airflow/.local/lib/python3.12/site-packages/airflow/example_dags/example_sensors.py
[2025-04-08T00:56:31.946+0000] {processor.py:914} INFO - Processing file /home/airflow/.local/lib/python3.12/site-packages/airflow/example_dags/example_sensors.py for tasks to queue
[2025-04-08T00:56:31.950+0000] {logging_mixin.py:190} INFO - [2025-04-08T00:56:31.949+0000] {dagbag.py:588} INFO - Filling up the DagBag from /home/airflow/.local/lib/python3.12/site-packages/airflow/example_dags/example_sensors.py
[2025-04-08T00:56:31.972+0000] {processor.py:925} INFO - DAG(s) 'example_sensors' retrieved from /home/airflow/.local/lib/python3.12/site-packages/airflow/example_dags/example_sensors.py
[2025-04-08T00:56:32.012+0000] {logging_mixin.py:190} INFO - [2025-04-08T00:56:32.012+0000] {dag.py:3239} INFO - Sync 1 DAGs
[2025-04-08T00:56:32.032+0000] {logging_mixin.py:190} INFO - [2025-04-08T00:56:32.032+0000] {dag.py:4180} INFO - Setting next_dagrun for example_sensors to None, run_after=None
[2025-04-08T00:56:32.070+0000] {processor.py:208} INFO - Processing /home/airflow/.local/lib/python3.12/site-packages/airflow/example_dags/example_sensors.py took 0.138 seconds
[2025-04-08T00:57:02.569+0000] {processor.py:186} INFO - Started process (PID=7499) to work on /home/airflow/.local/lib/python3.12/site-packages/airflow/example_dags/example_sensors.py
[2025-04-08T00:57:02.573+0000] {processor.py:914} INFO - Processing file /home/airflow/.local/lib/python3.12/site-packages/airflow/example_dags/example_sensors.py for tasks to queue
[2025-04-08T00:57:02.576+0000] {logging_mixin.py:190} INFO - [2025-04-08T00:57:02.575+0000] {dagbag.py:588} INFO - Filling up the DagBag from /home/airflow/.local/lib/python3.12/site-packages/airflow/example_dags/example_sensors.py
[2025-04-08T00:57:02.597+0000] {processor.py:925} INFO - DAG(s) 'example_sensors' retrieved from /home/airflow/.local/lib/python3.12/site-packages/airflow/example_dags/example_sensors.py
[2025-04-08T00:57:02.664+0000] {logging_mixin.py:190} INFO - [2025-04-08T00:57:02.663+0000] {dag.py:3239} INFO - Sync 1 DAGs
[2025-04-08T00:57:02.700+0000] {logging_mixin.py:190} INFO - [2025-04-08T00:57:02.699+0000] {dag.py:4180} INFO - Setting next_dagrun for example_sensors to None, run_after=None
[2025-04-08T00:57:02.741+0000] {processor.py:208} INFO - Processing /home/airflow/.local/lib/python3.12/site-packages/airflow/example_dags/example_sensors.py took 0.184 seconds
[2025-04-08T00:57:35.483+0000] {processor.py:186} INFO - Started process (PID=7562) to work on /home/airflow/.local/lib/python3.12/site-packages/airflow/example_dags/example_sensors.py
[2025-04-08T00:57:35.497+0000] {processor.py:914} INFO - Processing file /home/airflow/.local/lib/python3.12/site-packages/airflow/example_dags/example_sensors.py for tasks to queue
[2025-04-08T00:57:35.509+0000] {logging_mixin.py:190} INFO - [2025-04-08T00:57:35.506+0000] {dagbag.py:588} INFO - Filling up the DagBag from /home/airflow/.local/lib/python3.12/site-packages/airflow/example_dags/example_sensors.py
[2025-04-08T00:57:35.586+0000] {processor.py:925} INFO - DAG(s) 'example_sensors' retrieved from /home/airflow/.local/lib/python3.12/site-packages/airflow/example_dags/example_sensors.py
[2025-04-08T00:57:35.823+0000] {logging_mixin.py:190} INFO - [2025-04-08T00:57:35.822+0000] {dag.py:3239} INFO - Sync 1 DAGs
[2025-04-08T00:57:35.961+0000] {logging_mixin.py:190} INFO - [2025-04-08T00:57:35.960+0000] {dag.py:4180} INFO - Setting next_dagrun for example_sensors to None, run_after=None
[2025-04-08T00:57:36.123+0000] {processor.py:208} INFO - Processing /home/airflow/.local/lib/python3.12/site-packages/airflow/example_dags/example_sensors.py took 0.698 seconds
[2025-04-08T00:58:10.092+0000] {processor.py:186} INFO - Started process (PID=7632) to work on /home/airflow/.local/lib/python3.12/site-packages/airflow/example_dags/example_sensors.py
[2025-04-08T00:58:10.098+0000] {processor.py:914} INFO - Processing file /home/airflow/.local/lib/python3.12/site-packages/airflow/example_dags/example_sensors.py for tasks to queue
[2025-04-08T00:58:10.117+0000] {logging_mixin.py:190} INFO - [2025-04-08T00:58:10.105+0000] {dagbag.py:588} INFO - Filling up the DagBag from /home/airflow/.local/lib/python3.12/site-packages/airflow/example_dags/example_sensors.py
[2025-04-08T00:58:10.333+0000] {processor.py:925} INFO - DAG(s) 'example_sensors' retrieved from /home/airflow/.local/lib/python3.12/site-packages/airflow/example_dags/example_sensors.py
[2025-04-08T00:58:10.673+0000] {logging_mixin.py:190} INFO - [2025-04-08T00:58:10.672+0000] {dag.py:3239} INFO - Sync 1 DAGs
[2025-04-08T00:58:10.869+0000] {logging_mixin.py:190} INFO - [2025-04-08T00:58:10.868+0000] {dag.py:4180} INFO - Setting next_dagrun for example_sensors to None, run_after=None
[2025-04-08T00:58:11.132+0000] {processor.py:208} INFO - Processing /home/airflow/.local/lib/python3.12/site-packages/airflow/example_dags/example_sensors.py took 1.102 seconds
[2025-04-08T01:24:00.905+0000] {processor.py:186} INFO - Started process (PID=7690) to work on /home/airflow/.local/lib/python3.12/site-packages/airflow/example_dags/example_sensors.py
[2025-04-08T01:24:00.917+0000] {processor.py:914} INFO - Processing file /home/airflow/.local/lib/python3.12/site-packages/airflow/example_dags/example_sensors.py for tasks to queue
[2025-04-08T01:24:00.920+0000] {logging_mixin.py:190} INFO - [2025-04-08T01:24:00.920+0000] {dagbag.py:588} INFO - Filling up the DagBag from /home/airflow/.local/lib/python3.12/site-packages/airflow/example_dags/example_sensors.py
[2025-04-08T01:24:00.948+0000] {processor.py:925} INFO - DAG(s) 'example_sensors' retrieved from /home/airflow/.local/lib/python3.12/site-packages/airflow/example_dags/example_sensors.py
[2025-04-08T01:24:01.051+0000] {logging_mixin.py:190} INFO - [2025-04-08T01:24:01.051+0000] {dag.py:3239} INFO - Sync 1 DAGs
[2025-04-08T01:24:01.112+0000] {logging_mixin.py:190} INFO - [2025-04-08T01:24:01.112+0000] {dag.py:4180} INFO - Setting next_dagrun for example_sensors to None, run_after=None
[2025-04-08T01:24:01.196+0000] {processor.py:208} INFO - Processing /home/airflow/.local/lib/python3.12/site-packages/airflow/example_dags/example_sensors.py took 0.318 seconds
[2025-04-08T01:24:31.757+0000] {processor.py:186} INFO - Started process (PID=7753) to work on /home/airflow/.local/lib/python3.12/site-packages/airflow/example_dags/example_sensors.py
[2025-04-08T01:24:31.759+0000] {processor.py:914} INFO - Processing file /home/airflow/.local/lib/python3.12/site-packages/airflow/example_dags/example_sensors.py for tasks to queue
[2025-04-08T01:24:31.764+0000] {logging_mixin.py:190} INFO - [2025-04-08T01:24:31.763+0000] {dagbag.py:588} INFO - Filling up the DagBag from /home/airflow/.local/lib/python3.12/site-packages/airflow/example_dags/example_sensors.py
[2025-04-08T01:24:31.798+0000] {processor.py:925} INFO - DAG(s) 'example_sensors' retrieved from /home/airflow/.local/lib/python3.12/site-packages/airflow/example_dags/example_sensors.py
[2025-04-08T01:24:31.869+0000] {logging_mixin.py:190} INFO - [2025-04-08T01:24:31.868+0000] {dag.py:3239} INFO - Sync 1 DAGs
[2025-04-08T01:24:31.909+0000] {logging_mixin.py:190} INFO - [2025-04-08T01:24:31.909+0000] {dag.py:4180} INFO - Setting next_dagrun for example_sensors to None, run_after=None
[2025-04-08T01:24:31.967+0000] {processor.py:208} INFO - Processing /home/airflow/.local/lib/python3.12/site-packages/airflow/example_dags/example_sensors.py took 0.226 seconds
[2025-04-08T01:25:02.636+0000] {processor.py:186} INFO - Started process (PID=7816) to work on /home/airflow/.local/lib/python3.12/site-packages/airflow/example_dags/example_sensors.py
[2025-04-08T01:25:02.637+0000] {processor.py:914} INFO - Processing file /home/airflow/.local/lib/python3.12/site-packages/airflow/example_dags/example_sensors.py for tasks to queue
[2025-04-08T01:25:02.639+0000] {logging_mixin.py:190} INFO - [2025-04-08T01:25:02.639+0000] {dagbag.py:588} INFO - Filling up the DagBag from /home/airflow/.local/lib/python3.12/site-packages/airflow/example_dags/example_sensors.py
[2025-04-08T01:25:02.654+0000] {processor.py:925} INFO - DAG(s) 'example_sensors' retrieved from /home/airflow/.local/lib/python3.12/site-packages/airflow/example_dags/example_sensors.py
[2025-04-08T01:25:02.688+0000] {logging_mixin.py:190} INFO - [2025-04-08T01:25:02.688+0000] {dag.py:3239} INFO - Sync 1 DAGs
[2025-04-08T01:25:02.701+0000] {logging_mixin.py:190} INFO - [2025-04-08T01:25:02.701+0000] {dag.py:4180} INFO - Setting next_dagrun for example_sensors to None, run_after=None
[2025-04-08T01:25:02.734+0000] {processor.py:208} INFO - Processing /home/airflow/.local/lib/python3.12/site-packages/airflow/example_dags/example_sensors.py took 0.104 seconds
[2025-04-08T01:25:32.907+0000] {processor.py:186} INFO - Started process (PID=7878) to work on /home/airflow/.local/lib/python3.12/site-packages/airflow/example_dags/example_sensors.py
[2025-04-08T01:25:32.909+0000] {processor.py:914} INFO - Processing file /home/airflow/.local/lib/python3.12/site-packages/airflow/example_dags/example_sensors.py for tasks to queue
[2025-04-08T01:25:32.910+0000] {logging_mixin.py:190} INFO - [2025-04-08T01:25:32.910+0000] {dagbag.py:588} INFO - Filling up the DagBag from /home/airflow/.local/lib/python3.12/site-packages/airflow/example_dags/example_sensors.py
[2025-04-08T01:25:32.922+0000] {processor.py:925} INFO - DAG(s) 'example_sensors' retrieved from /home/airflow/.local/lib/python3.12/site-packages/airflow/example_dags/example_sensors.py
[2025-04-08T01:25:32.952+0000] {logging_mixin.py:190} INFO - [2025-04-08T01:25:32.952+0000] {dag.py:3239} INFO - Sync 1 DAGs
[2025-04-08T01:25:32.965+0000] {logging_mixin.py:190} INFO - [2025-04-08T01:25:32.965+0000] {dag.py:4180} INFO - Setting next_dagrun for example_sensors to None, run_after=None
[2025-04-08T01:25:32.988+0000] {processor.py:208} INFO - Processing /home/airflow/.local/lib/python3.12/site-packages/airflow/example_dags/example_sensors.py took 0.089 seconds
[2025-04-08T01:26:03.513+0000] {processor.py:186} INFO - Started process (PID=7941) to work on /home/airflow/.local/lib/python3.12/site-packages/airflow/example_dags/example_sensors.py
[2025-04-08T01:26:03.515+0000] {processor.py:914} INFO - Processing file /home/airflow/.local/lib/python3.12/site-packages/airflow/example_dags/example_sensors.py for tasks to queue
[2025-04-08T01:26:03.518+0000] {logging_mixin.py:190} INFO - [2025-04-08T01:26:03.517+0000] {dagbag.py:588} INFO - Filling up the DagBag from /home/airflow/.local/lib/python3.12/site-packages/airflow/example_dags/example_sensors.py
[2025-04-08T01:26:03.564+0000] {processor.py:925} INFO - DAG(s) 'example_sensors' retrieved from /home/airflow/.local/lib/python3.12/site-packages/airflow/example_dags/example_sensors.py
[2025-04-08T01:26:03.616+0000] {logging_mixin.py:190} INFO - [2025-04-08T01:26:03.616+0000] {dag.py:3239} INFO - Sync 1 DAGs
[2025-04-08T01:26:03.652+0000] {logging_mixin.py:190} INFO - [2025-04-08T01:26:03.652+0000] {dag.py:4180} INFO - Setting next_dagrun for example_sensors to None, run_after=None
[2025-04-08T01:26:03.693+0000] {processor.py:208} INFO - Processing /home/airflow/.local/lib/python3.12/site-packages/airflow/example_dags/example_sensors.py took 0.190 seconds
[2025-04-08T01:26:34.704+0000] {processor.py:186} INFO - Started process (PID=8004) to work on /home/airflow/.local/lib/python3.12/site-packages/airflow/example_dags/example_sensors.py
[2025-04-08T01:26:34.705+0000] {processor.py:914} INFO - Processing file /home/airflow/.local/lib/python3.12/site-packages/airflow/example_dags/example_sensors.py for tasks to queue
[2025-04-08T01:26:34.710+0000] {logging_mixin.py:190} INFO - [2025-04-08T01:26:34.709+0000] {dagbag.py:588} INFO - Filling up the DagBag from /home/airflow/.local/lib/python3.12/site-packages/airflow/example_dags/example_sensors.py
[2025-04-08T01:26:34.730+0000] {processor.py:925} INFO - DAG(s) 'example_sensors' retrieved from /home/airflow/.local/lib/python3.12/site-packages/airflow/example_dags/example_sensors.py
[2025-04-08T01:26:34.774+0000] {logging_mixin.py:190} INFO - [2025-04-08T01:26:34.773+0000] {dag.py:3239} INFO - Sync 1 DAGs
[2025-04-08T01:26:34.794+0000] {logging_mixin.py:190} INFO - [2025-04-08T01:26:34.793+0000] {dag.py:4180} INFO - Setting next_dagrun for example_sensors to None, run_after=None
[2025-04-08T01:26:34.831+0000] {processor.py:208} INFO - Processing /home/airflow/.local/lib/python3.12/site-packages/airflow/example_dags/example_sensors.py took 0.146 seconds
[2025-04-08T01:27:05.663+0000] {processor.py:186} INFO - Started process (PID=8067) to work on /home/airflow/.local/lib/python3.12/site-packages/airflow/example_dags/example_sensors.py
[2025-04-08T01:27:05.667+0000] {processor.py:914} INFO - Processing file /home/airflow/.local/lib/python3.12/site-packages/airflow/example_dags/example_sensors.py for tasks to queue
[2025-04-08T01:27:05.673+0000] {logging_mixin.py:190} INFO - [2025-04-08T01:27:05.671+0000] {dagbag.py:588} INFO - Filling up the DagBag from /home/airflow/.local/lib/python3.12/site-packages/airflow/example_dags/example_sensors.py
[2025-04-08T01:27:05.708+0000] {processor.py:925} INFO - DAG(s) 'example_sensors' retrieved from /home/airflow/.local/lib/python3.12/site-packages/airflow/example_dags/example_sensors.py
[2025-04-08T01:27:05.755+0000] {logging_mixin.py:190} INFO - [2025-04-08T01:27:05.755+0000] {dag.py:3239} INFO - Sync 1 DAGs
[2025-04-08T01:27:05.772+0000] {logging_mixin.py:190} INFO - [2025-04-08T01:27:05.772+0000] {dag.py:4180} INFO - Setting next_dagrun for example_sensors to None, run_after=None
[2025-04-08T01:27:05.800+0000] {processor.py:208} INFO - Processing /home/airflow/.local/lib/python3.12/site-packages/airflow/example_dags/example_sensors.py took 0.150 seconds
[2025-04-08T01:27:35.894+0000] {processor.py:186} INFO - Started process (PID=8130) to work on /home/airflow/.local/lib/python3.12/site-packages/airflow/example_dags/example_sensors.py
[2025-04-08T01:27:35.896+0000] {processor.py:914} INFO - Processing file /home/airflow/.local/lib/python3.12/site-packages/airflow/example_dags/example_sensors.py for tasks to queue
[2025-04-08T01:27:35.900+0000] {logging_mixin.py:190} INFO - [2025-04-08T01:27:35.899+0000] {dagbag.py:588} INFO - Filling up the DagBag from /home/airflow/.local/lib/python3.12/site-packages/airflow/example_dags/example_sensors.py
[2025-04-08T01:27:35.919+0000] {processor.py:925} INFO - DAG(s) 'example_sensors' retrieved from /home/airflow/.local/lib/python3.12/site-packages/airflow/example_dags/example_sensors.py
[2025-04-08T01:27:35.978+0000] {logging_mixin.py:190} INFO - [2025-04-08T01:27:35.977+0000] {dag.py:3239} INFO - Sync 1 DAGs
[2025-04-08T01:27:36.007+0000] {logging_mixin.py:190} INFO - [2025-04-08T01:27:36.006+0000] {dag.py:4180} INFO - Setting next_dagrun for example_sensors to None, run_after=None
[2025-04-08T01:27:36.057+0000] {processor.py:208} INFO - Processing /home/airflow/.local/lib/python3.12/site-packages/airflow/example_dags/example_sensors.py took 0.177 seconds
[2025-04-08T01:28:06.170+0000] {processor.py:186} INFO - Started process (PID=8192) to work on /home/airflow/.local/lib/python3.12/site-packages/airflow/example_dags/example_sensors.py
[2025-04-08T01:28:06.172+0000] {processor.py:914} INFO - Processing file /home/airflow/.local/lib/python3.12/site-packages/airflow/example_dags/example_sensors.py for tasks to queue
[2025-04-08T01:28:06.175+0000] {logging_mixin.py:190} INFO - [2025-04-08T01:28:06.175+0000] {dagbag.py:588} INFO - Filling up the DagBag from /home/airflow/.local/lib/python3.12/site-packages/airflow/example_dags/example_sensors.py
[2025-04-08T01:28:06.215+0000] {processor.py:925} INFO - DAG(s) 'example_sensors' retrieved from /home/airflow/.local/lib/python3.12/site-packages/airflow/example_dags/example_sensors.py
[2025-04-08T01:28:06.316+0000] {logging_mixin.py:190} INFO - [2025-04-08T01:28:06.315+0000] {dag.py:3239} INFO - Sync 1 DAGs
[2025-04-08T01:28:06.359+0000] {logging_mixin.py:190} INFO - [2025-04-08T01:28:06.358+0000] {dag.py:4180} INFO - Setting next_dagrun for example_sensors to None, run_after=None
[2025-04-08T01:28:06.460+0000] {processor.py:208} INFO - Processing /home/airflow/.local/lib/python3.12/site-packages/airflow/example_dags/example_sensors.py took 0.303 seconds
[2025-04-08T01:28:36.748+0000] {processor.py:186} INFO - Started process (PID=8255) to work on /home/airflow/.local/lib/python3.12/site-packages/airflow/example_dags/example_sensors.py
[2025-04-08T01:28:36.749+0000] {processor.py:914} INFO - Processing file /home/airflow/.local/lib/python3.12/site-packages/airflow/example_dags/example_sensors.py for tasks to queue
[2025-04-08T01:28:36.752+0000] {logging_mixin.py:190} INFO - [2025-04-08T01:28:36.751+0000] {dagbag.py:588} INFO - Filling up the DagBag from /home/airflow/.local/lib/python3.12/site-packages/airflow/example_dags/example_sensors.py
[2025-04-08T01:28:36.764+0000] {processor.py:925} INFO - DAG(s) 'example_sensors' retrieved from /home/airflow/.local/lib/python3.12/site-packages/airflow/example_dags/example_sensors.py
[2025-04-08T01:28:36.795+0000] {logging_mixin.py:190} INFO - [2025-04-08T01:28:36.794+0000] {dag.py:3239} INFO - Sync 1 DAGs
[2025-04-08T01:28:36.811+0000] {logging_mixin.py:190} INFO - [2025-04-08T01:28:36.811+0000] {dag.py:4180} INFO - Setting next_dagrun for example_sensors to None, run_after=None
[2025-04-08T01:28:36.838+0000] {processor.py:208} INFO - Processing /home/airflow/.local/lib/python3.12/site-packages/airflow/example_dags/example_sensors.py took 0.097 seconds
[2025-04-08T01:29:07.625+0000] {processor.py:186} INFO - Started process (PID=8324) to work on /home/airflow/.local/lib/python3.12/site-packages/airflow/example_dags/example_sensors.py
[2025-04-08T01:29:07.627+0000] {processor.py:914} INFO - Processing file /home/airflow/.local/lib/python3.12/site-packages/airflow/example_dags/example_sensors.py for tasks to queue
[2025-04-08T01:29:07.631+0000] {logging_mixin.py:190} INFO - [2025-04-08T01:29:07.630+0000] {dagbag.py:588} INFO - Filling up the DagBag from /home/airflow/.local/lib/python3.12/site-packages/airflow/example_dags/example_sensors.py
[2025-04-08T01:29:07.656+0000] {processor.py:925} INFO - DAG(s) 'example_sensors' retrieved from /home/airflow/.local/lib/python3.12/site-packages/airflow/example_dags/example_sensors.py
[2025-04-08T01:29:07.706+0000] {logging_mixin.py:190} INFO - [2025-04-08T01:29:07.706+0000] {dag.py:3239} INFO - Sync 1 DAGs
[2025-04-08T01:29:07.727+0000] {logging_mixin.py:190} INFO - [2025-04-08T01:29:07.727+0000] {dag.py:4180} INFO - Setting next_dagrun for example_sensors to None, run_after=None
[2025-04-08T01:29:07.759+0000] {processor.py:208} INFO - Processing /home/airflow/.local/lib/python3.12/site-packages/airflow/example_dags/example_sensors.py took 0.141 seconds
[2025-04-08T01:29:38.024+0000] {processor.py:186} INFO - Started process (PID=8387) to work on /home/airflow/.local/lib/python3.12/site-packages/airflow/example_dags/example_sensors.py
[2025-04-08T01:29:38.027+0000] {processor.py:914} INFO - Processing file /home/airflow/.local/lib/python3.12/site-packages/airflow/example_dags/example_sensors.py for tasks to queue
[2025-04-08T01:29:38.035+0000] {logging_mixin.py:190} INFO - [2025-04-08T01:29:38.033+0000] {dagbag.py:588} INFO - Filling up the DagBag from /home/airflow/.local/lib/python3.12/site-packages/airflow/example_dags/example_sensors.py
[2025-04-08T01:29:38.089+0000] {processor.py:925} INFO - DAG(s) 'example_sensors' retrieved from /home/airflow/.local/lib/python3.12/site-packages/airflow/example_dags/example_sensors.py
[2025-04-08T01:29:38.135+0000] {logging_mixin.py:190} INFO - [2025-04-08T01:29:38.135+0000] {dag.py:3239} INFO - Sync 1 DAGs
[2025-04-08T01:29:38.168+0000] {logging_mixin.py:190} INFO - [2025-04-08T01:29:38.167+0000] {dag.py:4180} INFO - Setting next_dagrun for example_sensors to None, run_after=None
[2025-04-08T01:29:38.211+0000] {processor.py:208} INFO - Processing /home/airflow/.local/lib/python3.12/site-packages/airflow/example_dags/example_sensors.py took 0.202 seconds
[2025-04-08T01:30:08.671+0000] {processor.py:186} INFO - Started process (PID=8450) to work on /home/airflow/.local/lib/python3.12/site-packages/airflow/example_dags/example_sensors.py
[2025-04-08T01:30:08.674+0000] {processor.py:914} INFO - Processing file /home/airflow/.local/lib/python3.12/site-packages/airflow/example_dags/example_sensors.py for tasks to queue
[2025-04-08T01:30:08.676+0000] {logging_mixin.py:190} INFO - [2025-04-08T01:30:08.676+0000] {dagbag.py:588} INFO - Filling up the DagBag from /home/airflow/.local/lib/python3.12/site-packages/airflow/example_dags/example_sensors.py
[2025-04-08T01:30:08.694+0000] {processor.py:925} INFO - DAG(s) 'example_sensors' retrieved from /home/airflow/.local/lib/python3.12/site-packages/airflow/example_dags/example_sensors.py
[2025-04-08T01:30:08.734+0000] {logging_mixin.py:190} INFO - [2025-04-08T01:30:08.733+0000] {dag.py:3239} INFO - Sync 1 DAGs
[2025-04-08T01:30:08.753+0000] {logging_mixin.py:190} INFO - [2025-04-08T01:30:08.752+0000] {dag.py:4180} INFO - Setting next_dagrun for example_sensors to None, run_after=None
[2025-04-08T01:30:08.784+0000] {processor.py:208} INFO - Processing /home/airflow/.local/lib/python3.12/site-packages/airflow/example_dags/example_sensors.py took 0.120 seconds
[2025-04-08T01:30:39.098+0000] {processor.py:186} INFO - Started process (PID=8513) to work on /home/airflow/.local/lib/python3.12/site-packages/airflow/example_dags/example_sensors.py
[2025-04-08T01:30:39.100+0000] {processor.py:914} INFO - Processing file /home/airflow/.local/lib/python3.12/site-packages/airflow/example_dags/example_sensors.py for tasks to queue
[2025-04-08T01:30:39.103+0000] {logging_mixin.py:190} INFO - [2025-04-08T01:30:39.102+0000] {dagbag.py:588} INFO - Filling up the DagBag from /home/airflow/.local/lib/python3.12/site-packages/airflow/example_dags/example_sensors.py
[2025-04-08T01:30:39.125+0000] {processor.py:925} INFO - DAG(s) 'example_sensors' retrieved from /home/airflow/.local/lib/python3.12/site-packages/airflow/example_dags/example_sensors.py
[2025-04-08T01:30:39.155+0000] {logging_mixin.py:190} INFO - [2025-04-08T01:30:39.155+0000] {dag.py:3239} INFO - Sync 1 DAGs
[2025-04-08T01:30:39.172+0000] {logging_mixin.py:190} INFO - [2025-04-08T01:30:39.172+0000] {dag.py:4180} INFO - Setting next_dagrun for example_sensors to None, run_after=None
[2025-04-08T01:30:39.194+0000] {processor.py:208} INFO - Processing /home/airflow/.local/lib/python3.12/site-packages/airflow/example_dags/example_sensors.py took 0.107 seconds
[2025-04-08T01:31:10.030+0000] {processor.py:186} INFO - Started process (PID=8576) to work on /home/airflow/.local/lib/python3.12/site-packages/airflow/example_dags/example_sensors.py
[2025-04-08T01:31:10.033+0000] {processor.py:914} INFO - Processing file /home/airflow/.local/lib/python3.12/site-packages/airflow/example_dags/example_sensors.py for tasks to queue
[2025-04-08T01:31:10.035+0000] {logging_mixin.py:190} INFO - [2025-04-08T01:31:10.035+0000] {dagbag.py:588} INFO - Filling up the DagBag from /home/airflow/.local/lib/python3.12/site-packages/airflow/example_dags/example_sensors.py
[2025-04-08T01:31:10.053+0000] {processor.py:925} INFO - DAG(s) 'example_sensors' retrieved from /home/airflow/.local/lib/python3.12/site-packages/airflow/example_dags/example_sensors.py
[2025-04-08T01:31:10.106+0000] {logging_mixin.py:190} INFO - [2025-04-08T01:31:10.106+0000] {dag.py:3239} INFO - Sync 1 DAGs
[2025-04-08T01:31:10.132+0000] {logging_mixin.py:190} INFO - [2025-04-08T01:31:10.132+0000] {dag.py:4180} INFO - Setting next_dagrun for example_sensors to None, run_after=None
[2025-04-08T01:31:10.169+0000] {processor.py:208} INFO - Processing /home/airflow/.local/lib/python3.12/site-packages/airflow/example_dags/example_sensors.py took 0.152 seconds
[2025-04-08T01:31:40.404+0000] {processor.py:186} INFO - Started process (PID=8639) to work on /home/airflow/.local/lib/python3.12/site-packages/airflow/example_dags/example_sensors.py
[2025-04-08T01:31:40.406+0000] {processor.py:914} INFO - Processing file /home/airflow/.local/lib/python3.12/site-packages/airflow/example_dags/example_sensors.py for tasks to queue
[2025-04-08T01:31:40.408+0000] {logging_mixin.py:190} INFO - [2025-04-08T01:31:40.407+0000] {dagbag.py:588} INFO - Filling up the DagBag from /home/airflow/.local/lib/python3.12/site-packages/airflow/example_dags/example_sensors.py
[2025-04-08T01:31:40.421+0000] {processor.py:925} INFO - DAG(s) 'example_sensors' retrieved from /home/airflow/.local/lib/python3.12/site-packages/airflow/example_dags/example_sensors.py
[2025-04-08T01:31:40.455+0000] {logging_mixin.py:190} INFO - [2025-04-08T01:31:40.455+0000] {dag.py:3239} INFO - Sync 1 DAGs
[2025-04-08T01:31:40.473+0000] {logging_mixin.py:190} INFO - [2025-04-08T01:31:40.473+0000] {dag.py:4180} INFO - Setting next_dagrun for example_sensors to None, run_after=None
[2025-04-08T01:31:40.508+0000] {processor.py:208} INFO - Processing /home/airflow/.local/lib/python3.12/site-packages/airflow/example_dags/example_sensors.py took 0.111 seconds
[2025-04-08T01:32:10.710+0000] {processor.py:186} INFO - Started process (PID=8702) to work on /home/airflow/.local/lib/python3.12/site-packages/airflow/example_dags/example_sensors.py
[2025-04-08T01:32:10.712+0000] {processor.py:914} INFO - Processing file /home/airflow/.local/lib/python3.12/site-packages/airflow/example_dags/example_sensors.py for tasks to queue
[2025-04-08T01:32:10.714+0000] {logging_mixin.py:190} INFO - [2025-04-08T01:32:10.713+0000] {dagbag.py:588} INFO - Filling up the DagBag from /home/airflow/.local/lib/python3.12/site-packages/airflow/example_dags/example_sensors.py
[2025-04-08T01:32:10.729+0000] {processor.py:925} INFO - DAG(s) 'example_sensors' retrieved from /home/airflow/.local/lib/python3.12/site-packages/airflow/example_dags/example_sensors.py
[2025-04-08T01:32:10.780+0000] {logging_mixin.py:190} INFO - [2025-04-08T01:32:10.779+0000] {dag.py:3239} INFO - Sync 1 DAGs
[2025-04-08T01:32:10.803+0000] {logging_mixin.py:190} INFO - [2025-04-08T01:32:10.803+0000] {dag.py:4180} INFO - Setting next_dagrun for example_sensors to None, run_after=None
[2025-04-08T01:32:10.837+0000] {processor.py:208} INFO - Processing /home/airflow/.local/lib/python3.12/site-packages/airflow/example_dags/example_sensors.py took 0.133 seconds
[2025-04-08T01:32:41.094+0000] {processor.py:186} INFO - Started process (PID=8764) to work on /home/airflow/.local/lib/python3.12/site-packages/airflow/example_dags/example_sensors.py
[2025-04-08T01:32:41.095+0000] {processor.py:914} INFO - Processing file /home/airflow/.local/lib/python3.12/site-packages/airflow/example_dags/example_sensors.py for tasks to queue
[2025-04-08T01:32:41.097+0000] {logging_mixin.py:190} INFO - [2025-04-08T01:32:41.096+0000] {dagbag.py:588} INFO - Filling up the DagBag from /home/airflow/.local/lib/python3.12/site-packages/airflow/example_dags/example_sensors.py
[2025-04-08T01:32:41.110+0000] {processor.py:925} INFO - DAG(s) 'example_sensors' retrieved from /home/airflow/.local/lib/python3.12/site-packages/airflow/example_dags/example_sensors.py
[2025-04-08T01:32:41.143+0000] {logging_mixin.py:190} INFO - [2025-04-08T01:32:41.143+0000] {dag.py:3239} INFO - Sync 1 DAGs
[2025-04-08T01:32:41.162+0000] {logging_mixin.py:190} INFO - [2025-04-08T01:32:41.161+0000] {dag.py:4180} INFO - Setting next_dagrun for example_sensors to None, run_after=None
[2025-04-08T01:32:41.195+0000] {processor.py:208} INFO - Processing /home/airflow/.local/lib/python3.12/site-packages/airflow/example_dags/example_sensors.py took 0.114 seconds
[2025-04-08T01:33:11.310+0000] {processor.py:186} INFO - Started process (PID=8827) to work on /home/airflow/.local/lib/python3.12/site-packages/airflow/example_dags/example_sensors.py
[2025-04-08T01:33:11.311+0000] {processor.py:914} INFO - Processing file /home/airflow/.local/lib/python3.12/site-packages/airflow/example_dags/example_sensors.py for tasks to queue
[2025-04-08T01:33:11.314+0000] {logging_mixin.py:190} INFO - [2025-04-08T01:33:11.313+0000] {dagbag.py:588} INFO - Filling up the DagBag from /home/airflow/.local/lib/python3.12/site-packages/airflow/example_dags/example_sensors.py
[2025-04-08T01:33:11.325+0000] {processor.py:925} INFO - DAG(s) 'example_sensors' retrieved from /home/airflow/.local/lib/python3.12/site-packages/airflow/example_dags/example_sensors.py
[2025-04-08T01:33:11.355+0000] {logging_mixin.py:190} INFO - [2025-04-08T01:33:11.354+0000] {dag.py:3239} INFO - Sync 1 DAGs
[2025-04-08T01:33:11.372+0000] {logging_mixin.py:190} INFO - [2025-04-08T01:33:11.372+0000] {dag.py:4180} INFO - Setting next_dagrun for example_sensors to None, run_after=None
[2025-04-08T01:33:11.398+0000] {processor.py:208} INFO - Processing /home/airflow/.local/lib/python3.12/site-packages/airflow/example_dags/example_sensors.py took 0.093 seconds
[2025-04-08T01:33:42.243+0000] {processor.py:186} INFO - Started process (PID=8890) to work on /home/airflow/.local/lib/python3.12/site-packages/airflow/example_dags/example_sensors.py
[2025-04-08T01:33:42.246+0000] {processor.py:914} INFO - Processing file /home/airflow/.local/lib/python3.12/site-packages/airflow/example_dags/example_sensors.py for tasks to queue
[2025-04-08T01:33:42.251+0000] {logging_mixin.py:190} INFO - [2025-04-08T01:33:42.250+0000] {dagbag.py:588} INFO - Filling up the DagBag from /home/airflow/.local/lib/python3.12/site-packages/airflow/example_dags/example_sensors.py
[2025-04-08T01:33:42.277+0000] {processor.py:925} INFO - DAG(s) 'example_sensors' retrieved from /home/airflow/.local/lib/python3.12/site-packages/airflow/example_dags/example_sensors.py
[2025-04-08T01:33:42.340+0000] {logging_mixin.py:190} INFO - [2025-04-08T01:33:42.339+0000] {dag.py:3239} INFO - Sync 1 DAGs
[2025-04-08T01:33:42.368+0000] {logging_mixin.py:190} INFO - [2025-04-08T01:33:42.368+0000] {dag.py:4180} INFO - Setting next_dagrun for example_sensors to None, run_after=None
[2025-04-08T01:33:42.417+0000] {processor.py:208} INFO - Processing /home/airflow/.local/lib/python3.12/site-packages/airflow/example_dags/example_sensors.py took 0.190 seconds
[2025-04-08T01:34:13.542+0000] {processor.py:186} INFO - Started process (PID=8954) to work on /home/airflow/.local/lib/python3.12/site-packages/airflow/example_dags/example_sensors.py
[2025-04-08T01:34:13.544+0000] {processor.py:914} INFO - Processing file /home/airflow/.local/lib/python3.12/site-packages/airflow/example_dags/example_sensors.py for tasks to queue
[2025-04-08T01:34:13.548+0000] {logging_mixin.py:190} INFO - [2025-04-08T01:34:13.548+0000] {dagbag.py:588} INFO - Filling up the DagBag from /home/airflow/.local/lib/python3.12/site-packages/airflow/example_dags/example_sensors.py
[2025-04-08T01:34:13.567+0000] {processor.py:925} INFO - DAG(s) 'example_sensors' retrieved from /home/airflow/.local/lib/python3.12/site-packages/airflow/example_dags/example_sensors.py
[2025-04-08T01:34:13.617+0000] {logging_mixin.py:190} INFO - [2025-04-08T01:34:13.616+0000] {dag.py:3239} INFO - Sync 1 DAGs
[2025-04-08T01:34:13.635+0000] {logging_mixin.py:190} INFO - [2025-04-08T01:34:13.635+0000] {dag.py:4180} INFO - Setting next_dagrun for example_sensors to None, run_after=None
[2025-04-08T01:34:13.666+0000] {processor.py:208} INFO - Processing /home/airflow/.local/lib/python3.12/site-packages/airflow/example_dags/example_sensors.py took 0.136 seconds
[2025-04-08T01:34:50.115+0000] {processor.py:186} INFO - Started process (PID=9017) to work on /home/airflow/.local/lib/python3.12/site-packages/airflow/example_dags/example_sensors.py
[2025-04-08T01:34:50.122+0000] {processor.py:914} INFO - Processing file /home/airflow/.local/lib/python3.12/site-packages/airflow/example_dags/example_sensors.py for tasks to queue
[2025-04-08T01:34:50.129+0000] {logging_mixin.py:190} INFO - [2025-04-08T01:34:50.127+0000] {dagbag.py:588} INFO - Filling up the DagBag from /home/airflow/.local/lib/python3.12/site-packages/airflow/example_dags/example_sensors.py
[2025-04-08T01:34:50.201+0000] {processor.py:925} INFO - DAG(s) 'example_sensors' retrieved from /home/airflow/.local/lib/python3.12/site-packages/airflow/example_dags/example_sensors.py
[2025-04-08T01:34:50.394+0000] {logging_mixin.py:190} INFO - [2025-04-08T01:34:50.393+0000] {dag.py:3239} INFO - Sync 1 DAGs
[2025-04-08T01:34:50.484+0000] {logging_mixin.py:190} INFO - [2025-04-08T01:34:50.483+0000] {dag.py:4180} INFO - Setting next_dagrun for example_sensors to None, run_after=None
[2025-04-08T01:34:50.598+0000] {processor.py:208} INFO - Processing /home/airflow/.local/lib/python3.12/site-packages/airflow/example_dags/example_sensors.py took 0.519 seconds
[2025-04-08T01:35:21.365+0000] {processor.py:186} INFO - Started process (PID=9081) to work on /home/airflow/.local/lib/python3.12/site-packages/airflow/example_dags/example_sensors.py
[2025-04-08T01:35:21.370+0000] {processor.py:914} INFO - Processing file /home/airflow/.local/lib/python3.12/site-packages/airflow/example_dags/example_sensors.py for tasks to queue
[2025-04-08T01:35:21.378+0000] {logging_mixin.py:190} INFO - [2025-04-08T01:35:21.376+0000] {dagbag.py:588} INFO - Filling up the DagBag from /home/airflow/.local/lib/python3.12/site-packages/airflow/example_dags/example_sensors.py
[2025-04-08T01:35:21.415+0000] {processor.py:925} INFO - DAG(s) 'example_sensors' retrieved from /home/airflow/.local/lib/python3.12/site-packages/airflow/example_dags/example_sensors.py
[2025-04-08T01:35:21.540+0000] {logging_mixin.py:190} INFO - [2025-04-08T01:35:21.539+0000] {dag.py:3239} INFO - Sync 1 DAGs
[2025-04-08T01:35:21.595+0000] {logging_mixin.py:190} INFO - [2025-04-08T01:35:21.594+0000] {dag.py:4180} INFO - Setting next_dagrun for example_sensors to None, run_after=None
[2025-04-08T01:35:21.689+0000] {processor.py:208} INFO - Processing /home/airflow/.local/lib/python3.12/site-packages/airflow/example_dags/example_sensors.py took 0.345 seconds
[2025-04-08T01:35:51.958+0000] {processor.py:186} INFO - Started process (PID=9143) to work on /home/airflow/.local/lib/python3.12/site-packages/airflow/example_dags/example_sensors.py
[2025-04-08T01:35:51.960+0000] {processor.py:914} INFO - Processing file /home/airflow/.local/lib/python3.12/site-packages/airflow/example_dags/example_sensors.py for tasks to queue
[2025-04-08T01:35:51.963+0000] {logging_mixin.py:190} INFO - [2025-04-08T01:35:51.963+0000] {dagbag.py:588} INFO - Filling up the DagBag from /home/airflow/.local/lib/python3.12/site-packages/airflow/example_dags/example_sensors.py
[2025-04-08T01:35:51.989+0000] {processor.py:925} INFO - DAG(s) 'example_sensors' retrieved from /home/airflow/.local/lib/python3.12/site-packages/airflow/example_dags/example_sensors.py
[2025-04-08T01:35:52.038+0000] {logging_mixin.py:190} INFO - [2025-04-08T01:35:52.038+0000] {dag.py:3239} INFO - Sync 1 DAGs
[2025-04-08T01:35:52.065+0000] {logging_mixin.py:190} INFO - [2025-04-08T01:35:52.064+0000] {dag.py:4180} INFO - Setting next_dagrun for example_sensors to None, run_after=None
[2025-04-08T01:35:52.106+0000] {processor.py:208} INFO - Processing /home/airflow/.local/lib/python3.12/site-packages/airflow/example_dags/example_sensors.py took 0.159 seconds
[2025-04-08T01:36:22.276+0000] {processor.py:186} INFO - Started process (PID=9206) to work on /home/airflow/.local/lib/python3.12/site-packages/airflow/example_dags/example_sensors.py
[2025-04-08T01:36:22.280+0000] {processor.py:914} INFO - Processing file /home/airflow/.local/lib/python3.12/site-packages/airflow/example_dags/example_sensors.py for tasks to queue
[2025-04-08T01:36:22.286+0000] {logging_mixin.py:190} INFO - [2025-04-08T01:36:22.285+0000] {dagbag.py:588} INFO - Filling up the DagBag from /home/airflow/.local/lib/python3.12/site-packages/airflow/example_dags/example_sensors.py
[2025-04-08T01:36:22.318+0000] {processor.py:925} INFO - DAG(s) 'example_sensors' retrieved from /home/airflow/.local/lib/python3.12/site-packages/airflow/example_dags/example_sensors.py
[2025-04-08T01:36:22.388+0000] {logging_mixin.py:190} INFO - [2025-04-08T01:36:22.387+0000] {dag.py:3239} INFO - Sync 1 DAGs
[2025-04-08T01:36:22.416+0000] {logging_mixin.py:190} INFO - [2025-04-08T01:36:22.416+0000] {dag.py:4180} INFO - Setting next_dagrun for example_sensors to None, run_after=None
[2025-04-08T01:36:22.458+0000] {processor.py:208} INFO - Processing /home/airflow/.local/lib/python3.12/site-packages/airflow/example_dags/example_sensors.py took 0.199 seconds
[2025-04-08T01:37:06.156+0000] {processor.py:186} INFO - Started process (PID=9268) to work on /home/airflow/.local/lib/python3.12/site-packages/airflow/example_dags/example_sensors.py
[2025-04-08T01:37:06.166+0000] {processor.py:914} INFO - Processing file /home/airflow/.local/lib/python3.12/site-packages/airflow/example_dags/example_sensors.py for tasks to queue
[2025-04-08T01:37:06.189+0000] {logging_mixin.py:190} INFO - [2025-04-08T01:37:06.187+0000] {dagbag.py:588} INFO - Filling up the DagBag from /home/airflow/.local/lib/python3.12/site-packages/airflow/example_dags/example_sensors.py
[2025-04-08T01:37:06.278+0000] {processor.py:925} INFO - DAG(s) 'example_sensors' retrieved from /home/airflow/.local/lib/python3.12/site-packages/airflow/example_dags/example_sensors.py
[2025-04-08T01:37:06.488+0000] {logging_mixin.py:190} INFO - [2025-04-08T01:37:06.487+0000] {dag.py:3239} INFO - Sync 1 DAGs
[2025-04-08T01:37:06.599+0000] {logging_mixin.py:190} INFO - [2025-04-08T01:37:06.598+0000] {dag.py:4180} INFO - Setting next_dagrun for example_sensors to None, run_after=None
[2025-04-08T01:37:06.754+0000] {processor.py:208} INFO - Processing /home/airflow/.local/lib/python3.12/site-packages/airflow/example_dags/example_sensors.py took 0.660 seconds
[2025-04-08T01:37:58.495+0000] {processor.py:186} INFO - Started process (PID=9333) to work on /home/airflow/.local/lib/python3.12/site-packages/airflow/example_dags/example_sensors.py
[2025-04-08T01:37:58.504+0000] {processor.py:914} INFO - Processing file /home/airflow/.local/lib/python3.12/site-packages/airflow/example_dags/example_sensors.py for tasks to queue
[2025-04-08T01:37:58.514+0000] {logging_mixin.py:190} INFO - [2025-04-08T01:37:58.511+0000] {dagbag.py:588} INFO - Filling up the DagBag from /home/airflow/.local/lib/python3.12/site-packages/airflow/example_dags/example_sensors.py
[2025-04-08T01:37:58.582+0000] {processor.py:925} INFO - DAG(s) 'example_sensors' retrieved from /home/airflow/.local/lib/python3.12/site-packages/airflow/example_dags/example_sensors.py
[2025-04-08T01:37:58.804+0000] {logging_mixin.py:190} INFO - [2025-04-08T01:37:58.803+0000] {dag.py:3239} INFO - Sync 1 DAGs
[2025-04-08T01:37:58.903+0000] {logging_mixin.py:190} INFO - [2025-04-08T01:37:58.902+0000] {dag.py:4180} INFO - Setting next_dagrun for example_sensors to None, run_after=None
[2025-04-08T01:37:59.028+0000] {processor.py:208} INFO - Processing /home/airflow/.local/lib/python3.12/site-packages/airflow/example_dags/example_sensors.py took 0.571 seconds
[2025-04-08T01:38:30.415+0000] {processor.py:186} INFO - Started process (PID=9396) to work on /home/airflow/.local/lib/python3.12/site-packages/airflow/example_dags/example_sensors.py
[2025-04-08T01:38:30.425+0000] {processor.py:914} INFO - Processing file /home/airflow/.local/lib/python3.12/site-packages/airflow/example_dags/example_sensors.py for tasks to queue
[2025-04-08T01:38:30.438+0000] {logging_mixin.py:190} INFO - [2025-04-08T01:38:30.436+0000] {dagbag.py:588} INFO - Filling up the DagBag from /home/airflow/.local/lib/python3.12/site-packages/airflow/example_dags/example_sensors.py
[2025-04-08T01:38:30.538+0000] {processor.py:925} INFO - DAG(s) 'example_sensors' retrieved from /home/airflow/.local/lib/python3.12/site-packages/airflow/example_dags/example_sensors.py
[2025-04-08T01:38:30.738+0000] {logging_mixin.py:190} INFO - [2025-04-08T01:38:30.738+0000] {dag.py:3239} INFO - Sync 1 DAGs
[2025-04-08T01:38:30.847+0000] {logging_mixin.py:190} INFO - [2025-04-08T01:38:30.845+0000] {dag.py:4180} INFO - Setting next_dagrun for example_sensors to None, run_after=None
[2025-04-08T01:38:30.966+0000] {processor.py:208} INFO - Processing /home/airflow/.local/lib/python3.12/site-packages/airflow/example_dags/example_sensors.py took 0.589 seconds
[2025-04-08T01:39:01.140+0000] {processor.py:186} INFO - Started process (PID=9458) to work on /home/airflow/.local/lib/python3.12/site-packages/airflow/example_dags/example_sensors.py
[2025-04-08T01:39:01.144+0000] {processor.py:914} INFO - Processing file /home/airflow/.local/lib/python3.12/site-packages/airflow/example_dags/example_sensors.py for tasks to queue
[2025-04-08T01:39:01.152+0000] {logging_mixin.py:190} INFO - [2025-04-08T01:39:01.150+0000] {dagbag.py:588} INFO - Filling up the DagBag from /home/airflow/.local/lib/python3.12/site-packages/airflow/example_dags/example_sensors.py
[2025-04-08T01:39:01.188+0000] {processor.py:925} INFO - DAG(s) 'example_sensors' retrieved from /home/airflow/.local/lib/python3.12/site-packages/airflow/example_dags/example_sensors.py
[2025-04-08T01:39:01.306+0000] {logging_mixin.py:190} INFO - [2025-04-08T01:39:01.305+0000] {dag.py:3239} INFO - Sync 1 DAGs
[2025-04-08T01:39:01.365+0000] {logging_mixin.py:190} INFO - [2025-04-08T01:39:01.364+0000] {dag.py:4180} INFO - Setting next_dagrun for example_sensors to None, run_after=None
[2025-04-08T01:39:01.453+0000] {processor.py:208} INFO - Processing /home/airflow/.local/lib/python3.12/site-packages/airflow/example_dags/example_sensors.py took 0.345 seconds
[2025-04-08T01:39:33.568+0000] {processor.py:186} INFO - Started process (PID=9521) to work on /home/airflow/.local/lib/python3.12/site-packages/airflow/example_dags/example_sensors.py
[2025-04-08T01:39:33.578+0000] {processor.py:914} INFO - Processing file /home/airflow/.local/lib/python3.12/site-packages/airflow/example_dags/example_sensors.py for tasks to queue
[2025-04-08T01:39:33.610+0000] {logging_mixin.py:190} INFO - [2025-04-08T01:39:33.596+0000] {dagbag.py:588} INFO - Filling up the DagBag from /home/airflow/.local/lib/python3.12/site-packages/airflow/example_dags/example_sensors.py
[2025-04-08T01:39:33.734+0000] {processor.py:925} INFO - DAG(s) 'example_sensors' retrieved from /home/airflow/.local/lib/python3.12/site-packages/airflow/example_dags/example_sensors.py
[2025-04-08T01:39:34.070+0000] {logging_mixin.py:190} INFO - [2025-04-08T01:39:34.052+0000] {dag.py:3239} INFO - Sync 1 DAGs
[2025-04-08T01:39:34.414+0000] {logging_mixin.py:190} INFO - [2025-04-08T01:39:34.413+0000] {dag.py:4180} INFO - Setting next_dagrun for example_sensors to None, run_after=None
[2025-04-08T01:39:34.835+0000] {processor.py:208} INFO - Processing /home/airflow/.local/lib/python3.12/site-packages/airflow/example_dags/example_sensors.py took 1.310 seconds
