[2025-04-08T00:26:30.006+0000] {processor.py:186} INFO - Started process (PID=5818) to work on /home/airflow/.local/lib/python3.12/site-packages/airflow/example_dags/example_python_operator.py
[2025-04-08T00:26:30.008+0000] {processor.py:914} INFO - Processing file /home/airflow/.local/lib/python3.12/site-packages/airflow/example_dags/example_python_operator.py for tasks to queue
[2025-04-08T00:26:30.013+0000] {logging_mixin.py:190} INFO - [2025-04-08T00:26:30.012+0000] {dagbag.py:588} INFO - Filling up the DagBag from /home/airflow/.local/lib/python3.12/site-packages/airflow/example_dags/example_python_operator.py
[2025-04-08T00:26:30.048+0000] {processor.py:925} INFO - DAG(s) 'example_python_operator' retrieved from /home/airflow/.local/lib/python3.12/site-packages/airflow/example_dags/example_python_operator.py
[2025-04-08T00:26:30.104+0000] {logging_mixin.py:190} INFO - [2025-04-08T00:26:30.103+0000] {dag.py:3239} INFO - Sync 1 DAGs
[2025-04-08T00:26:30.159+0000] {logging_mixin.py:190} INFO - [2025-04-08T00:26:30.157+0000] {dag.py:4180} INFO - Setting next_dagrun for example_python_operator to None, run_after=None
[2025-04-08T00:26:30.227+0000] {processor.py:208} INFO - Processing /home/airflow/.local/lib/python3.12/site-packages/airflow/example_dags/example_python_operator.py took 0.245 seconds
[2025-04-08T00:44:07.060+0000] {processor.py:186} INFO - Started process (PID=5902) to work on /home/airflow/.local/lib/python3.12/site-packages/airflow/example_dags/example_python_operator.py
[2025-04-08T00:44:07.062+0000] {processor.py:914} INFO - Processing file /home/airflow/.local/lib/python3.12/site-packages/airflow/example_dags/example_python_operator.py for tasks to queue
[2025-04-08T00:44:07.063+0000] {logging_mixin.py:190} INFO - [2025-04-08T00:44:07.063+0000] {dagbag.py:588} INFO - Filling up the DagBag from /home/airflow/.local/lib/python3.12/site-packages/airflow/example_dags/example_python_operator.py
[2025-04-08T00:44:07.082+0000] {processor.py:925} INFO - DAG(s) 'example_python_operator' retrieved from /home/airflow/.local/lib/python3.12/site-packages/airflow/example_dags/example_python_operator.py
[2025-04-08T00:44:07.121+0000] {logging_mixin.py:190} INFO - [2025-04-08T00:44:07.121+0000] {dag.py:3239} INFO - Sync 1 DAGs
[2025-04-08T00:44:07.139+0000] {logging_mixin.py:190} INFO - [2025-04-08T00:44:07.138+0000] {dag.py:4180} INFO - Setting next_dagrun for example_python_operator to None, run_after=None
[2025-04-08T00:44:07.169+0000] {processor.py:208} INFO - Processing /home/airflow/.local/lib/python3.12/site-packages/airflow/example_dags/example_python_operator.py took 0.122 seconds
[2025-04-08T00:44:38.059+0000] {processor.py:186} INFO - Started process (PID=5964) to work on /home/airflow/.local/lib/python3.12/site-packages/airflow/example_dags/example_python_operator.py
[2025-04-08T00:44:38.066+0000] {processor.py:914} INFO - Processing file /home/airflow/.local/lib/python3.12/site-packages/airflow/example_dags/example_python_operator.py for tasks to queue
[2025-04-08T00:44:38.073+0000] {logging_mixin.py:190} INFO - [2025-04-08T00:44:38.072+0000] {dagbag.py:588} INFO - Filling up the DagBag from /home/airflow/.local/lib/python3.12/site-packages/airflow/example_dags/example_python_operator.py
[2025-04-08T00:44:38.125+0000] {processor.py:925} INFO - DAG(s) 'example_python_operator' retrieved from /home/airflow/.local/lib/python3.12/site-packages/airflow/example_dags/example_python_operator.py
[2025-04-08T00:44:38.232+0000] {logging_mixin.py:190} INFO - [2025-04-08T00:44:38.231+0000] {dag.py:3239} INFO - Sync 1 DAGs
[2025-04-08T00:44:38.297+0000] {logging_mixin.py:190} INFO - [2025-04-08T00:44:38.297+0000] {dag.py:4180} INFO - Setting next_dagrun for example_python_operator to None, run_after=None
[2025-04-08T00:44:38.359+0000] {processor.py:208} INFO - Processing /home/airflow/.local/lib/python3.12/site-packages/airflow/example_dags/example_python_operator.py took 0.323 seconds
[2025-04-08T00:45:09.073+0000] {processor.py:186} INFO - Started process (PID=6027) to work on /home/airflow/.local/lib/python3.12/site-packages/airflow/example_dags/example_python_operator.py
[2025-04-08T00:45:09.074+0000] {processor.py:914} INFO - Processing file /home/airflow/.local/lib/python3.12/site-packages/airflow/example_dags/example_python_operator.py for tasks to queue
[2025-04-08T00:45:09.075+0000] {logging_mixin.py:190} INFO - [2025-04-08T00:45:09.075+0000] {dagbag.py:588} INFO - Filling up the DagBag from /home/airflow/.local/lib/python3.12/site-packages/airflow/example_dags/example_python_operator.py
[2025-04-08T00:45:09.088+0000] {processor.py:925} INFO - DAG(s) 'example_python_operator' retrieved from /home/airflow/.local/lib/python3.12/site-packages/airflow/example_dags/example_python_operator.py
[2025-04-08T00:45:09.110+0000] {logging_mixin.py:190} INFO - [2025-04-08T00:45:09.110+0000] {dag.py:3239} INFO - Sync 1 DAGs
[2025-04-08T00:45:09.125+0000] {logging_mixin.py:190} INFO - [2025-04-08T00:45:09.125+0000] {dag.py:4180} INFO - Setting next_dagrun for example_python_operator to None, run_after=None
[2025-04-08T00:45:09.145+0000] {processor.py:208} INFO - Processing /home/airflow/.local/lib/python3.12/site-packages/airflow/example_dags/example_python_operator.py took 0.077 seconds
[2025-04-08T00:45:39.280+0000] {processor.py:186} INFO - Started process (PID=6090) to work on /home/airflow/.local/lib/python3.12/site-packages/airflow/example_dags/example_python_operator.py
[2025-04-08T00:45:39.281+0000] {processor.py:914} INFO - Processing file /home/airflow/.local/lib/python3.12/site-packages/airflow/example_dags/example_python_operator.py for tasks to queue
[2025-04-08T00:45:39.282+0000] {logging_mixin.py:190} INFO - [2025-04-08T00:45:39.282+0000] {dagbag.py:588} INFO - Filling up the DagBag from /home/airflow/.local/lib/python3.12/site-packages/airflow/example_dags/example_python_operator.py
[2025-04-08T00:45:39.293+0000] {processor.py:925} INFO - DAG(s) 'example_python_operator' retrieved from /home/airflow/.local/lib/python3.12/site-packages/airflow/example_dags/example_python_operator.py
[2025-04-08T00:45:39.317+0000] {logging_mixin.py:190} INFO - [2025-04-08T00:45:39.316+0000] {dag.py:3239} INFO - Sync 1 DAGs
[2025-04-08T00:45:39.331+0000] {logging_mixin.py:190} INFO - [2025-04-08T00:45:39.331+0000] {dag.py:4180} INFO - Setting next_dagrun for example_python_operator to None, run_after=None
[2025-04-08T00:45:39.350+0000] {processor.py:208} INFO - Processing /home/airflow/.local/lib/python3.12/site-packages/airflow/example_dags/example_python_operator.py took 0.076 seconds
[2025-04-08T00:46:10.245+0000] {processor.py:186} INFO - Started process (PID=6152) to work on /home/airflow/.local/lib/python3.12/site-packages/airflow/example_dags/example_python_operator.py
[2025-04-08T00:46:10.246+0000] {processor.py:914} INFO - Processing file /home/airflow/.local/lib/python3.12/site-packages/airflow/example_dags/example_python_operator.py for tasks to queue
[2025-04-08T00:46:10.249+0000] {logging_mixin.py:190} INFO - [2025-04-08T00:46:10.248+0000] {dagbag.py:588} INFO - Filling up the DagBag from /home/airflow/.local/lib/python3.12/site-packages/airflow/example_dags/example_python_operator.py
[2025-04-08T00:46:10.267+0000] {processor.py:925} INFO - DAG(s) 'example_python_operator' retrieved from /home/airflow/.local/lib/python3.12/site-packages/airflow/example_dags/example_python_operator.py
[2025-04-08T00:46:10.300+0000] {logging_mixin.py:190} INFO - [2025-04-08T00:46:10.300+0000] {dag.py:3239} INFO - Sync 1 DAGs
[2025-04-08T00:46:10.321+0000] {logging_mixin.py:190} INFO - [2025-04-08T00:46:10.321+0000] {dag.py:4180} INFO - Setting next_dagrun for example_python_operator to None, run_after=None
[2025-04-08T00:46:10.358+0000] {processor.py:208} INFO - Processing /home/airflow/.local/lib/python3.12/site-packages/airflow/example_dags/example_python_operator.py took 0.123 seconds
[2025-04-08T00:46:40.645+0000] {processor.py:186} INFO - Started process (PID=6215) to work on /home/airflow/.local/lib/python3.12/site-packages/airflow/example_dags/example_python_operator.py
[2025-04-08T00:46:40.646+0000] {processor.py:914} INFO - Processing file /home/airflow/.local/lib/python3.12/site-packages/airflow/example_dags/example_python_operator.py for tasks to queue
[2025-04-08T00:46:40.648+0000] {logging_mixin.py:190} INFO - [2025-04-08T00:46:40.648+0000] {dagbag.py:588} INFO - Filling up the DagBag from /home/airflow/.local/lib/python3.12/site-packages/airflow/example_dags/example_python_operator.py
[2025-04-08T00:46:40.662+0000] {processor.py:925} INFO - DAG(s) 'example_python_operator' retrieved from /home/airflow/.local/lib/python3.12/site-packages/airflow/example_dags/example_python_operator.py
[2025-04-08T00:46:40.687+0000] {logging_mixin.py:190} INFO - [2025-04-08T00:46:40.687+0000] {dag.py:3239} INFO - Sync 1 DAGs
[2025-04-08T00:46:40.708+0000] {logging_mixin.py:190} INFO - [2025-04-08T00:46:40.708+0000] {dag.py:4180} INFO - Setting next_dagrun for example_python_operator to None, run_after=None
[2025-04-08T00:46:40.733+0000] {processor.py:208} INFO - Processing /home/airflow/.local/lib/python3.12/site-packages/airflow/example_dags/example_python_operator.py took 0.096 seconds
[2025-04-08T00:47:10.792+0000] {processor.py:186} INFO - Started process (PID=6277) to work on /home/airflow/.local/lib/python3.12/site-packages/airflow/example_dags/example_python_operator.py
[2025-04-08T00:47:10.793+0000] {processor.py:914} INFO - Processing file /home/airflow/.local/lib/python3.12/site-packages/airflow/example_dags/example_python_operator.py for tasks to queue
[2025-04-08T00:47:10.794+0000] {logging_mixin.py:190} INFO - [2025-04-08T00:47:10.794+0000] {dagbag.py:588} INFO - Filling up the DagBag from /home/airflow/.local/lib/python3.12/site-packages/airflow/example_dags/example_python_operator.py
[2025-04-08T00:47:10.805+0000] {processor.py:925} INFO - DAG(s) 'example_python_operator' retrieved from /home/airflow/.local/lib/python3.12/site-packages/airflow/example_dags/example_python_operator.py
[2025-04-08T00:47:10.825+0000] {logging_mixin.py:190} INFO - [2025-04-08T00:47:10.825+0000] {dag.py:3239} INFO - Sync 1 DAGs
[2025-04-08T00:47:10.838+0000] {logging_mixin.py:190} INFO - [2025-04-08T00:47:10.838+0000] {dag.py:4180} INFO - Setting next_dagrun for example_python_operator to None, run_after=None
[2025-04-08T00:47:10.861+0000] {processor.py:208} INFO - Processing /home/airflow/.local/lib/python3.12/site-packages/airflow/example_dags/example_python_operator.py took 0.076 seconds
[2025-04-08T00:47:41.057+0000] {processor.py:186} INFO - Started process (PID=6339) to work on /home/airflow/.local/lib/python3.12/site-packages/airflow/example_dags/example_python_operator.py
[2025-04-08T00:47:41.058+0000] {processor.py:914} INFO - Processing file /home/airflow/.local/lib/python3.12/site-packages/airflow/example_dags/example_python_operator.py for tasks to queue
[2025-04-08T00:47:41.060+0000] {logging_mixin.py:190} INFO - [2025-04-08T00:47:41.059+0000] {dagbag.py:588} INFO - Filling up the DagBag from /home/airflow/.local/lib/python3.12/site-packages/airflow/example_dags/example_python_operator.py
[2025-04-08T00:47:41.070+0000] {processor.py:925} INFO - DAG(s) 'example_python_operator' retrieved from /home/airflow/.local/lib/python3.12/site-packages/airflow/example_dags/example_python_operator.py
[2025-04-08T00:47:41.091+0000] {logging_mixin.py:190} INFO - [2025-04-08T00:47:41.091+0000] {dag.py:3239} INFO - Sync 1 DAGs
[2025-04-08T00:47:41.104+0000] {logging_mixin.py:190} INFO - [2025-04-08T00:47:41.104+0000] {dag.py:4180} INFO - Setting next_dagrun for example_python_operator to None, run_after=None
[2025-04-08T00:47:41.124+0000] {processor.py:208} INFO - Processing /home/airflow/.local/lib/python3.12/site-packages/airflow/example_dags/example_python_operator.py took 0.072 seconds
[2025-04-08T00:48:11.946+0000] {processor.py:186} INFO - Started process (PID=6402) to work on /home/airflow/.local/lib/python3.12/site-packages/airflow/example_dags/example_python_operator.py
[2025-04-08T00:48:11.947+0000] {processor.py:914} INFO - Processing file /home/airflow/.local/lib/python3.12/site-packages/airflow/example_dags/example_python_operator.py for tasks to queue
[2025-04-08T00:48:11.948+0000] {logging_mixin.py:190} INFO - [2025-04-08T00:48:11.948+0000] {dagbag.py:588} INFO - Filling up the DagBag from /home/airflow/.local/lib/python3.12/site-packages/airflow/example_dags/example_python_operator.py
[2025-04-08T00:48:11.958+0000] {processor.py:925} INFO - DAG(s) 'example_python_operator' retrieved from /home/airflow/.local/lib/python3.12/site-packages/airflow/example_dags/example_python_operator.py
[2025-04-08T00:48:11.983+0000] {logging_mixin.py:190} INFO - [2025-04-08T00:48:11.982+0000] {dag.py:3239} INFO - Sync 1 DAGs
[2025-04-08T00:48:12.001+0000] {logging_mixin.py:190} INFO - [2025-04-08T00:48:12.000+0000] {dag.py:4180} INFO - Setting next_dagrun for example_python_operator to None, run_after=None
[2025-04-08T00:48:12.029+0000] {processor.py:208} INFO - Processing /home/airflow/.local/lib/python3.12/site-packages/airflow/example_dags/example_python_operator.py took 0.088 seconds
[2025-04-08T00:48:42.685+0000] {processor.py:186} INFO - Started process (PID=6465) to work on /home/airflow/.local/lib/python3.12/site-packages/airflow/example_dags/example_python_operator.py
[2025-04-08T00:48:42.688+0000] {processor.py:914} INFO - Processing file /home/airflow/.local/lib/python3.12/site-packages/airflow/example_dags/example_python_operator.py for tasks to queue
[2025-04-08T00:48:42.693+0000] {logging_mixin.py:190} INFO - [2025-04-08T00:48:42.691+0000] {dagbag.py:588} INFO - Filling up the DagBag from /home/airflow/.local/lib/python3.12/site-packages/airflow/example_dags/example_python_operator.py
[2025-04-08T00:48:42.716+0000] {processor.py:925} INFO - DAG(s) 'example_python_operator' retrieved from /home/airflow/.local/lib/python3.12/site-packages/airflow/example_dags/example_python_operator.py
[2025-04-08T00:48:42.757+0000] {logging_mixin.py:190} INFO - [2025-04-08T00:48:42.757+0000] {dag.py:3239} INFO - Sync 1 DAGs
[2025-04-08T00:48:42.789+0000] {logging_mixin.py:190} INFO - [2025-04-08T00:48:42.789+0000] {dag.py:4180} INFO - Setting next_dagrun for example_python_operator to None, run_after=None
[2025-04-08T00:48:42.838+0000] {processor.py:208} INFO - Processing /home/airflow/.local/lib/python3.12/site-packages/airflow/example_dags/example_python_operator.py took 0.162 seconds
[2025-04-08T00:49:12.956+0000] {processor.py:186} INFO - Started process (PID=6528) to work on /home/airflow/.local/lib/python3.12/site-packages/airflow/example_dags/example_python_operator.py
[2025-04-08T00:49:12.958+0000] {processor.py:914} INFO - Processing file /home/airflow/.local/lib/python3.12/site-packages/airflow/example_dags/example_python_operator.py for tasks to queue
[2025-04-08T00:49:12.960+0000] {logging_mixin.py:190} INFO - [2025-04-08T00:49:12.959+0000] {dagbag.py:588} INFO - Filling up the DagBag from /home/airflow/.local/lib/python3.12/site-packages/airflow/example_dags/example_python_operator.py
[2025-04-08T00:49:12.979+0000] {processor.py:925} INFO - DAG(s) 'example_python_operator' retrieved from /home/airflow/.local/lib/python3.12/site-packages/airflow/example_dags/example_python_operator.py
[2025-04-08T00:49:13.005+0000] {logging_mixin.py:190} INFO - [2025-04-08T00:49:13.005+0000] {dag.py:3239} INFO - Sync 1 DAGs
[2025-04-08T00:49:13.028+0000] {logging_mixin.py:190} INFO - [2025-04-08T00:49:13.028+0000] {dag.py:4180} INFO - Setting next_dagrun for example_python_operator to None, run_after=None
[2025-04-08T00:49:13.059+0000] {processor.py:208} INFO - Processing /home/airflow/.local/lib/python3.12/site-packages/airflow/example_dags/example_python_operator.py took 0.110 seconds
[2025-04-08T00:49:43.353+0000] {processor.py:186} INFO - Started process (PID=6591) to work on /home/airflow/.local/lib/python3.12/site-packages/airflow/example_dags/example_python_operator.py
[2025-04-08T00:49:43.354+0000] {processor.py:914} INFO - Processing file /home/airflow/.local/lib/python3.12/site-packages/airflow/example_dags/example_python_operator.py for tasks to queue
[2025-04-08T00:49:43.357+0000] {logging_mixin.py:190} INFO - [2025-04-08T00:49:43.356+0000] {dagbag.py:588} INFO - Filling up the DagBag from /home/airflow/.local/lib/python3.12/site-packages/airflow/example_dags/example_python_operator.py
[2025-04-08T00:49:43.379+0000] {processor.py:925} INFO - DAG(s) 'example_python_operator' retrieved from /home/airflow/.local/lib/python3.12/site-packages/airflow/example_dags/example_python_operator.py
[2025-04-08T00:49:43.407+0000] {logging_mixin.py:190} INFO - [2025-04-08T00:49:43.406+0000] {dag.py:3239} INFO - Sync 1 DAGs
[2025-04-08T00:49:43.424+0000] {logging_mixin.py:190} INFO - [2025-04-08T00:49:43.424+0000] {dag.py:4180} INFO - Setting next_dagrun for example_python_operator to None, run_after=None
[2025-04-08T00:49:43.454+0000] {processor.py:208} INFO - Processing /home/airflow/.local/lib/python3.12/site-packages/airflow/example_dags/example_python_operator.py took 0.110 seconds
[2025-04-08T00:50:13.952+0000] {processor.py:186} INFO - Started process (PID=6654) to work on /home/airflow/.local/lib/python3.12/site-packages/airflow/example_dags/example_python_operator.py
[2025-04-08T00:50:13.953+0000] {processor.py:914} INFO - Processing file /home/airflow/.local/lib/python3.12/site-packages/airflow/example_dags/example_python_operator.py for tasks to queue
[2025-04-08T00:50:13.954+0000] {logging_mixin.py:190} INFO - [2025-04-08T00:50:13.954+0000] {dagbag.py:588} INFO - Filling up the DagBag from /home/airflow/.local/lib/python3.12/site-packages/airflow/example_dags/example_python_operator.py
[2025-04-08T00:50:13.965+0000] {processor.py:925} INFO - DAG(s) 'example_python_operator' retrieved from /home/airflow/.local/lib/python3.12/site-packages/airflow/example_dags/example_python_operator.py
[2025-04-08T00:50:13.988+0000] {logging_mixin.py:190} INFO - [2025-04-08T00:50:13.987+0000] {dag.py:3239} INFO - Sync 1 DAGs
[2025-04-08T00:50:14.004+0000] {logging_mixin.py:190} INFO - [2025-04-08T00:50:14.004+0000] {dag.py:4180} INFO - Setting next_dagrun for example_python_operator to None, run_after=None
[2025-04-08T00:50:14.030+0000] {processor.py:208} INFO - Processing /home/airflow/.local/lib/python3.12/site-packages/airflow/example_dags/example_python_operator.py took 0.083 seconds
[2025-04-08T00:50:44.290+0000] {processor.py:186} INFO - Started process (PID=6717) to work on /home/airflow/.local/lib/python3.12/site-packages/airflow/example_dags/example_python_operator.py
[2025-04-08T00:50:44.291+0000] {processor.py:914} INFO - Processing file /home/airflow/.local/lib/python3.12/site-packages/airflow/example_dags/example_python_operator.py for tasks to queue
[2025-04-08T00:50:44.292+0000] {logging_mixin.py:190} INFO - [2025-04-08T00:50:44.292+0000] {dagbag.py:588} INFO - Filling up the DagBag from /home/airflow/.local/lib/python3.12/site-packages/airflow/example_dags/example_python_operator.py
[2025-04-08T00:50:44.307+0000] {processor.py:925} INFO - DAG(s) 'example_python_operator' retrieved from /home/airflow/.local/lib/python3.12/site-packages/airflow/example_dags/example_python_operator.py
[2025-04-08T00:50:44.336+0000] {logging_mixin.py:190} INFO - [2025-04-08T00:50:44.336+0000] {dag.py:3239} INFO - Sync 1 DAGs
[2025-04-08T00:50:44.353+0000] {logging_mixin.py:190} INFO - [2025-04-08T00:50:44.353+0000] {dag.py:4180} INFO - Setting next_dagrun for example_python_operator to None, run_after=None
[2025-04-08T00:50:44.377+0000] {processor.py:208} INFO - Processing /home/airflow/.local/lib/python3.12/site-packages/airflow/example_dags/example_python_operator.py took 0.094 seconds
[2025-04-08T00:51:14.571+0000] {processor.py:186} INFO - Started process (PID=6780) to work on /home/airflow/.local/lib/python3.12/site-packages/airflow/example_dags/example_python_operator.py
[2025-04-08T00:51:14.572+0000] {processor.py:914} INFO - Processing file /home/airflow/.local/lib/python3.12/site-packages/airflow/example_dags/example_python_operator.py for tasks to queue
[2025-04-08T00:51:14.574+0000] {logging_mixin.py:190} INFO - [2025-04-08T00:51:14.573+0000] {dagbag.py:588} INFO - Filling up the DagBag from /home/airflow/.local/lib/python3.12/site-packages/airflow/example_dags/example_python_operator.py
[2025-04-08T00:51:14.585+0000] {processor.py:925} INFO - DAG(s) 'example_python_operator' retrieved from /home/airflow/.local/lib/python3.12/site-packages/airflow/example_dags/example_python_operator.py
[2025-04-08T00:51:14.608+0000] {logging_mixin.py:190} INFO - [2025-04-08T00:51:14.608+0000] {dag.py:3239} INFO - Sync 1 DAGs
[2025-04-08T00:51:14.622+0000] {logging_mixin.py:190} INFO - [2025-04-08T00:51:14.622+0000] {dag.py:4180} INFO - Setting next_dagrun for example_python_operator to None, run_after=None
[2025-04-08T00:51:14.648+0000] {processor.py:208} INFO - Processing /home/airflow/.local/lib/python3.12/site-packages/airflow/example_dags/example_python_operator.py took 0.082 seconds
[2025-04-08T00:51:44.832+0000] {processor.py:186} INFO - Started process (PID=6843) to work on /home/airflow/.local/lib/python3.12/site-packages/airflow/example_dags/example_python_operator.py
[2025-04-08T00:51:44.833+0000] {processor.py:914} INFO - Processing file /home/airflow/.local/lib/python3.12/site-packages/airflow/example_dags/example_python_operator.py for tasks to queue
[2025-04-08T00:51:44.835+0000] {logging_mixin.py:190} INFO - [2025-04-08T00:51:44.835+0000] {dagbag.py:588} INFO - Filling up the DagBag from /home/airflow/.local/lib/python3.12/site-packages/airflow/example_dags/example_python_operator.py
[2025-04-08T00:51:44.846+0000] {processor.py:925} INFO - DAG(s) 'example_python_operator' retrieved from /home/airflow/.local/lib/python3.12/site-packages/airflow/example_dags/example_python_operator.py
[2025-04-08T00:51:44.876+0000] {logging_mixin.py:190} INFO - [2025-04-08T00:51:44.875+0000] {dag.py:3239} INFO - Sync 1 DAGs
[2025-04-08T00:51:44.895+0000] {logging_mixin.py:190} INFO - [2025-04-08T00:51:44.895+0000] {dag.py:4180} INFO - Setting next_dagrun for example_python_operator to None, run_after=None
[2025-04-08T00:51:44.920+0000] {processor.py:208} INFO - Processing /home/airflow/.local/lib/python3.12/site-packages/airflow/example_dags/example_python_operator.py took 0.093 seconds
[2025-04-08T00:52:15.383+0000] {processor.py:186} INFO - Started process (PID=6906) to work on /home/airflow/.local/lib/python3.12/site-packages/airflow/example_dags/example_python_operator.py
[2025-04-08T00:52:15.384+0000] {processor.py:914} INFO - Processing file /home/airflow/.local/lib/python3.12/site-packages/airflow/example_dags/example_python_operator.py for tasks to queue
[2025-04-08T00:52:15.386+0000] {logging_mixin.py:190} INFO - [2025-04-08T00:52:15.386+0000] {dagbag.py:588} INFO - Filling up the DagBag from /home/airflow/.local/lib/python3.12/site-packages/airflow/example_dags/example_python_operator.py
[2025-04-08T00:52:15.398+0000] {processor.py:925} INFO - DAG(s) 'example_python_operator' retrieved from /home/airflow/.local/lib/python3.12/site-packages/airflow/example_dags/example_python_operator.py
[2025-04-08T00:52:15.419+0000] {logging_mixin.py:190} INFO - [2025-04-08T00:52:15.419+0000] {dag.py:3239} INFO - Sync 1 DAGs
[2025-04-08T00:52:15.435+0000] {logging_mixin.py:190} INFO - [2025-04-08T00:52:15.435+0000] {dag.py:4180} INFO - Setting next_dagrun for example_python_operator to None, run_after=None
[2025-04-08T00:52:15.456+0000] {processor.py:208} INFO - Processing /home/airflow/.local/lib/python3.12/site-packages/airflow/example_dags/example_python_operator.py took 0.078 seconds
[2025-04-08T00:52:46.217+0000] {processor.py:186} INFO - Started process (PID=6969) to work on /home/airflow/.local/lib/python3.12/site-packages/airflow/example_dags/example_python_operator.py
[2025-04-08T00:52:46.219+0000] {processor.py:914} INFO - Processing file /home/airflow/.local/lib/python3.12/site-packages/airflow/example_dags/example_python_operator.py for tasks to queue
[2025-04-08T00:52:46.222+0000] {logging_mixin.py:190} INFO - [2025-04-08T00:52:46.221+0000] {dagbag.py:588} INFO - Filling up the DagBag from /home/airflow/.local/lib/python3.12/site-packages/airflow/example_dags/example_python_operator.py
[2025-04-08T00:52:46.247+0000] {processor.py:925} INFO - DAG(s) 'example_python_operator' retrieved from /home/airflow/.local/lib/python3.12/site-packages/airflow/example_dags/example_python_operator.py
[2025-04-08T00:52:46.289+0000] {logging_mixin.py:190} INFO - [2025-04-08T00:52:46.288+0000] {dag.py:3239} INFO - Sync 1 DAGs
[2025-04-08T00:52:46.317+0000] {logging_mixin.py:190} INFO - [2025-04-08T00:52:46.316+0000] {dag.py:4180} INFO - Setting next_dagrun for example_python_operator to None, run_after=None
[2025-04-08T00:52:46.354+0000] {processor.py:208} INFO - Processing /home/airflow/.local/lib/python3.12/site-packages/airflow/example_dags/example_python_operator.py took 0.145 seconds
[2025-04-08T00:53:17.851+0000] {processor.py:186} INFO - Started process (PID=7032) to work on /home/airflow/.local/lib/python3.12/site-packages/airflow/example_dags/example_python_operator.py
[2025-04-08T00:53:17.853+0000] {processor.py:914} INFO - Processing file /home/airflow/.local/lib/python3.12/site-packages/airflow/example_dags/example_python_operator.py for tasks to queue
[2025-04-08T00:53:17.855+0000] {logging_mixin.py:190} INFO - [2025-04-08T00:53:17.855+0000] {dagbag.py:588} INFO - Filling up the DagBag from /home/airflow/.local/lib/python3.12/site-packages/airflow/example_dags/example_python_operator.py
[2025-04-08T00:53:17.871+0000] {processor.py:925} INFO - DAG(s) 'example_python_operator' retrieved from /home/airflow/.local/lib/python3.12/site-packages/airflow/example_dags/example_python_operator.py
[2025-04-08T00:53:17.910+0000] {logging_mixin.py:190} INFO - [2025-04-08T00:53:17.908+0000] {dag.py:3239} INFO - Sync 1 DAGs
[2025-04-08T00:53:17.935+0000] {logging_mixin.py:190} INFO - [2025-04-08T00:53:17.934+0000] {dag.py:4180} INFO - Setting next_dagrun for example_python_operator to None, run_after=None
[2025-04-08T00:53:17.979+0000] {processor.py:208} INFO - Processing /home/airflow/.local/lib/python3.12/site-packages/airflow/example_dags/example_python_operator.py took 0.134 seconds
[2025-04-08T00:53:48.283+0000] {processor.py:186} INFO - Started process (PID=7095) to work on /home/airflow/.local/lib/python3.12/site-packages/airflow/example_dags/example_python_operator.py
[2025-04-08T00:53:48.285+0000] {processor.py:914} INFO - Processing file /home/airflow/.local/lib/python3.12/site-packages/airflow/example_dags/example_python_operator.py for tasks to queue
[2025-04-08T00:53:48.287+0000] {logging_mixin.py:190} INFO - [2025-04-08T00:53:48.287+0000] {dagbag.py:588} INFO - Filling up the DagBag from /home/airflow/.local/lib/python3.12/site-packages/airflow/example_dags/example_python_operator.py
[2025-04-08T00:53:48.308+0000] {processor.py:925} INFO - DAG(s) 'example_python_operator' retrieved from /home/airflow/.local/lib/python3.12/site-packages/airflow/example_dags/example_python_operator.py
[2025-04-08T00:53:48.346+0000] {logging_mixin.py:190} INFO - [2025-04-08T00:53:48.345+0000] {dag.py:3239} INFO - Sync 1 DAGs
[2025-04-08T00:53:48.373+0000] {logging_mixin.py:190} INFO - [2025-04-08T00:53:48.372+0000] {dag.py:4180} INFO - Setting next_dagrun for example_python_operator to None, run_after=None
[2025-04-08T00:53:48.407+0000] {processor.py:208} INFO - Processing /home/airflow/.local/lib/python3.12/site-packages/airflow/example_dags/example_python_operator.py took 0.134 seconds
[2025-04-08T00:54:19.144+0000] {processor.py:186} INFO - Started process (PID=7157) to work on /home/airflow/.local/lib/python3.12/site-packages/airflow/example_dags/example_python_operator.py
[2025-04-08T00:54:19.149+0000] {processor.py:914} INFO - Processing file /home/airflow/.local/lib/python3.12/site-packages/airflow/example_dags/example_python_operator.py for tasks to queue
[2025-04-08T00:54:19.163+0000] {logging_mixin.py:190} INFO - [2025-04-08T00:54:19.160+0000] {dagbag.py:588} INFO - Filling up the DagBag from /home/airflow/.local/lib/python3.12/site-packages/airflow/example_dags/example_python_operator.py
[2025-04-08T00:54:19.242+0000] {processor.py:925} INFO - DAG(s) 'example_python_operator' retrieved from /home/airflow/.local/lib/python3.12/site-packages/airflow/example_dags/example_python_operator.py
[2025-04-08T00:54:19.336+0000] {logging_mixin.py:190} INFO - [2025-04-08T00:54:19.335+0000] {dag.py:3239} INFO - Sync 1 DAGs
[2025-04-08T00:54:19.403+0000] {logging_mixin.py:190} INFO - [2025-04-08T00:54:19.402+0000] {dag.py:4180} INFO - Setting next_dagrun for example_python_operator to None, run_after=None
[2025-04-08T00:54:19.476+0000] {processor.py:208} INFO - Processing /home/airflow/.local/lib/python3.12/site-packages/airflow/example_dags/example_python_operator.py took 0.354 seconds
[2025-04-08T00:54:49.637+0000] {processor.py:186} INFO - Started process (PID=7222) to work on /home/airflow/.local/lib/python3.12/site-packages/airflow/example_dags/example_python_operator.py
[2025-04-08T00:54:49.639+0000] {processor.py:914} INFO - Processing file /home/airflow/.local/lib/python3.12/site-packages/airflow/example_dags/example_python_operator.py for tasks to queue
[2025-04-08T00:54:49.643+0000] {logging_mixin.py:190} INFO - [2025-04-08T00:54:49.642+0000] {dagbag.py:588} INFO - Filling up the DagBag from /home/airflow/.local/lib/python3.12/site-packages/airflow/example_dags/example_python_operator.py
[2025-04-08T00:54:49.662+0000] {processor.py:925} INFO - DAG(s) 'example_python_operator' retrieved from /home/airflow/.local/lib/python3.12/site-packages/airflow/example_dags/example_python_operator.py
[2025-04-08T00:54:49.695+0000] {logging_mixin.py:190} INFO - [2025-04-08T00:54:49.695+0000] {dag.py:3239} INFO - Sync 1 DAGs
[2025-04-08T00:54:49.716+0000] {logging_mixin.py:190} INFO - [2025-04-08T00:54:49.715+0000] {dag.py:4180} INFO - Setting next_dagrun for example_python_operator to None, run_after=None
[2025-04-08T00:54:49.747+0000] {processor.py:208} INFO - Processing /home/airflow/.local/lib/python3.12/site-packages/airflow/example_dags/example_python_operator.py took 0.118 seconds
[2025-04-08T00:55:19.932+0000] {processor.py:186} INFO - Started process (PID=7285) to work on /home/airflow/.local/lib/python3.12/site-packages/airflow/example_dags/example_python_operator.py
[2025-04-08T00:55:19.935+0000] {processor.py:914} INFO - Processing file /home/airflow/.local/lib/python3.12/site-packages/airflow/example_dags/example_python_operator.py for tasks to queue
[2025-04-08T00:55:19.939+0000] {logging_mixin.py:190} INFO - [2025-04-08T00:55:19.938+0000] {dagbag.py:588} INFO - Filling up the DagBag from /home/airflow/.local/lib/python3.12/site-packages/airflow/example_dags/example_python_operator.py
[2025-04-08T00:55:19.970+0000] {processor.py:925} INFO - DAG(s) 'example_python_operator' retrieved from /home/airflow/.local/lib/python3.12/site-packages/airflow/example_dags/example_python_operator.py
[2025-04-08T00:55:20.028+0000] {logging_mixin.py:190} INFO - [2025-04-08T00:55:20.028+0000] {dag.py:3239} INFO - Sync 1 DAGs
[2025-04-08T00:55:20.061+0000] {logging_mixin.py:190} INFO - [2025-04-08T00:55:20.060+0000] {dag.py:4180} INFO - Setting next_dagrun for example_python_operator to None, run_after=None
[2025-04-08T00:55:20.114+0000] {processor.py:208} INFO - Processing /home/airflow/.local/lib/python3.12/site-packages/airflow/example_dags/example_python_operator.py took 0.196 seconds
[2025-04-08T00:55:50.483+0000] {processor.py:186} INFO - Started process (PID=7348) to work on /home/airflow/.local/lib/python3.12/site-packages/airflow/example_dags/example_python_operator.py
[2025-04-08T00:55:50.485+0000] {processor.py:914} INFO - Processing file /home/airflow/.local/lib/python3.12/site-packages/airflow/example_dags/example_python_operator.py for tasks to queue
[2025-04-08T00:55:50.489+0000] {logging_mixin.py:190} INFO - [2025-04-08T00:55:50.488+0000] {dagbag.py:588} INFO - Filling up the DagBag from /home/airflow/.local/lib/python3.12/site-packages/airflow/example_dags/example_python_operator.py
[2025-04-08T00:55:50.510+0000] {processor.py:925} INFO - DAG(s) 'example_python_operator' retrieved from /home/airflow/.local/lib/python3.12/site-packages/airflow/example_dags/example_python_operator.py
[2025-04-08T00:55:50.566+0000] {logging_mixin.py:190} INFO - [2025-04-08T00:55:50.565+0000] {dag.py:3239} INFO - Sync 1 DAGs
[2025-04-08T00:55:50.595+0000] {logging_mixin.py:190} INFO - [2025-04-08T00:55:50.595+0000] {dag.py:4180} INFO - Setting next_dagrun for example_python_operator to None, run_after=None
[2025-04-08T00:55:50.647+0000] {processor.py:208} INFO - Processing /home/airflow/.local/lib/python3.12/site-packages/airflow/example_dags/example_python_operator.py took 0.173 seconds
[2025-04-08T00:56:20.863+0000] {processor.py:186} INFO - Started process (PID=7409) to work on /home/airflow/.local/lib/python3.12/site-packages/airflow/example_dags/example_python_operator.py
[2025-04-08T00:56:20.867+0000] {processor.py:914} INFO - Processing file /home/airflow/.local/lib/python3.12/site-packages/airflow/example_dags/example_python_operator.py for tasks to queue
[2025-04-08T00:56:20.873+0000] {logging_mixin.py:190} INFO - [2025-04-08T00:56:20.871+0000] {dagbag.py:588} INFO - Filling up the DagBag from /home/airflow/.local/lib/python3.12/site-packages/airflow/example_dags/example_python_operator.py
[2025-04-08T00:56:20.908+0000] {processor.py:925} INFO - DAG(s) 'example_python_operator' retrieved from /home/airflow/.local/lib/python3.12/site-packages/airflow/example_dags/example_python_operator.py
[2025-04-08T00:56:20.969+0000] {logging_mixin.py:190} INFO - [2025-04-08T00:56:20.969+0000] {dag.py:3239} INFO - Sync 1 DAGs
[2025-04-08T00:56:21.002+0000] {logging_mixin.py:190} INFO - [2025-04-08T00:56:21.001+0000] {dag.py:4180} INFO - Setting next_dagrun for example_python_operator to None, run_after=None
[2025-04-08T00:56:21.053+0000] {processor.py:208} INFO - Processing /home/airflow/.local/lib/python3.12/site-packages/airflow/example_dags/example_python_operator.py took 0.200 seconds
[2025-04-08T00:56:51.813+0000] {processor.py:186} INFO - Started process (PID=7472) to work on /home/airflow/.local/lib/python3.12/site-packages/airflow/example_dags/example_python_operator.py
[2025-04-08T00:56:51.816+0000] {processor.py:914} INFO - Processing file /home/airflow/.local/lib/python3.12/site-packages/airflow/example_dags/example_python_operator.py for tasks to queue
[2025-04-08T00:56:51.821+0000] {logging_mixin.py:190} INFO - [2025-04-08T00:56:51.820+0000] {dagbag.py:588} INFO - Filling up the DagBag from /home/airflow/.local/lib/python3.12/site-packages/airflow/example_dags/example_python_operator.py
[2025-04-08T00:56:51.845+0000] {processor.py:925} INFO - DAG(s) 'example_python_operator' retrieved from /home/airflow/.local/lib/python3.12/site-packages/airflow/example_dags/example_python_operator.py
[2025-04-08T00:56:51.882+0000] {logging_mixin.py:190} INFO - [2025-04-08T00:56:51.882+0000] {dag.py:3239} INFO - Sync 1 DAGs
[2025-04-08T00:56:51.903+0000] {logging_mixin.py:190} INFO - [2025-04-08T00:56:51.903+0000] {dag.py:4180} INFO - Setting next_dagrun for example_python_operator to None, run_after=None
[2025-04-08T00:56:51.937+0000] {processor.py:208} INFO - Processing /home/airflow/.local/lib/python3.12/site-packages/airflow/example_dags/example_python_operator.py took 0.144 seconds
[2025-04-08T00:57:22.249+0000] {processor.py:186} INFO - Started process (PID=7535) to work on /home/airflow/.local/lib/python3.12/site-packages/airflow/example_dags/example_python_operator.py
[2025-04-08T00:57:22.250+0000] {processor.py:914} INFO - Processing file /home/airflow/.local/lib/python3.12/site-packages/airflow/example_dags/example_python_operator.py for tasks to queue
[2025-04-08T00:57:22.252+0000] {logging_mixin.py:190} INFO - [2025-04-08T00:57:22.252+0000] {dagbag.py:588} INFO - Filling up the DagBag from /home/airflow/.local/lib/python3.12/site-packages/airflow/example_dags/example_python_operator.py
[2025-04-08T00:57:22.263+0000] {processor.py:925} INFO - DAG(s) 'example_python_operator' retrieved from /home/airflow/.local/lib/python3.12/site-packages/airflow/example_dags/example_python_operator.py
[2025-04-08T00:57:22.290+0000] {logging_mixin.py:190} INFO - [2025-04-08T00:57:22.289+0000] {dag.py:3239} INFO - Sync 1 DAGs
[2025-04-08T00:57:22.307+0000] {logging_mixin.py:190} INFO - [2025-04-08T00:57:22.306+0000] {dag.py:4180} INFO - Setting next_dagrun for example_python_operator to None, run_after=None
[2025-04-08T00:57:22.335+0000] {processor.py:208} INFO - Processing /home/airflow/.local/lib/python3.12/site-packages/airflow/example_dags/example_python_operator.py took 0.091 seconds
[2025-04-08T00:57:56.679+0000] {processor.py:186} INFO - Started process (PID=7601) to work on /home/airflow/.local/lib/python3.12/site-packages/airflow/example_dags/example_python_operator.py
[2025-04-08T00:57:56.682+0000] {processor.py:914} INFO - Processing file /home/airflow/.local/lib/python3.12/site-packages/airflow/example_dags/example_python_operator.py for tasks to queue
[2025-04-08T00:57:56.689+0000] {logging_mixin.py:190} INFO - [2025-04-08T00:57:56.688+0000] {dagbag.py:588} INFO - Filling up the DagBag from /home/airflow/.local/lib/python3.12/site-packages/airflow/example_dags/example_python_operator.py
[2025-04-08T00:57:56.737+0000] {processor.py:925} INFO - DAG(s) 'example_python_operator' retrieved from /home/airflow/.local/lib/python3.12/site-packages/airflow/example_dags/example_python_operator.py
[2025-04-08T00:57:56.810+0000] {logging_mixin.py:190} INFO - [2025-04-08T00:57:56.810+0000] {dag.py:3239} INFO - Sync 1 DAGs
[2025-04-08T00:57:56.847+0000] {logging_mixin.py:190} INFO - [2025-04-08T00:57:56.846+0000] {dag.py:4180} INFO - Setting next_dagrun for example_python_operator to None, run_after=None
[2025-04-08T00:57:56.921+0000] {processor.py:208} INFO - Processing /home/airflow/.local/lib/python3.12/site-packages/airflow/example_dags/example_python_operator.py took 0.256 seconds
[2025-04-08T01:24:05.473+0000] {processor.py:186} INFO - Started process (PID=7709) to work on /home/airflow/.local/lib/python3.12/site-packages/airflow/example_dags/example_python_operator.py
[2025-04-08T01:24:05.476+0000] {processor.py:914} INFO - Processing file /home/airflow/.local/lib/python3.12/site-packages/airflow/example_dags/example_python_operator.py for tasks to queue
[2025-04-08T01:24:05.481+0000] {logging_mixin.py:190} INFO - [2025-04-08T01:24:05.479+0000] {dagbag.py:588} INFO - Filling up the DagBag from /home/airflow/.local/lib/python3.12/site-packages/airflow/example_dags/example_python_operator.py
[2025-04-08T01:24:05.504+0000] {processor.py:925} INFO - DAG(s) 'example_python_operator' retrieved from /home/airflow/.local/lib/python3.12/site-packages/airflow/example_dags/example_python_operator.py
[2025-04-08T01:24:05.556+0000] {logging_mixin.py:190} INFO - [2025-04-08T01:24:05.556+0000] {dag.py:3239} INFO - Sync 1 DAGs
[2025-04-08T01:24:05.584+0000] {logging_mixin.py:190} INFO - [2025-04-08T01:24:05.583+0000] {dag.py:4180} INFO - Setting next_dagrun for example_python_operator to None, run_after=None
[2025-04-08T01:24:05.654+0000] {processor.py:208} INFO - Processing /home/airflow/.local/lib/python3.12/site-packages/airflow/example_dags/example_python_operator.py took 0.201 seconds
[2025-04-08T01:24:36.262+0000] {processor.py:186} INFO - Started process (PID=7778) to work on /home/airflow/.local/lib/python3.12/site-packages/airflow/example_dags/example_python_operator.py
[2025-04-08T01:24:36.265+0000] {processor.py:914} INFO - Processing file /home/airflow/.local/lib/python3.12/site-packages/airflow/example_dags/example_python_operator.py for tasks to queue
[2025-04-08T01:24:36.270+0000] {logging_mixin.py:190} INFO - [2025-04-08T01:24:36.269+0000] {dagbag.py:588} INFO - Filling up the DagBag from /home/airflow/.local/lib/python3.12/site-packages/airflow/example_dags/example_python_operator.py
[2025-04-08T01:24:36.308+0000] {processor.py:925} INFO - DAG(s) 'example_python_operator' retrieved from /home/airflow/.local/lib/python3.12/site-packages/airflow/example_dags/example_python_operator.py
[2025-04-08T01:24:36.378+0000] {logging_mixin.py:190} INFO - [2025-04-08T01:24:36.377+0000] {dag.py:3239} INFO - Sync 1 DAGs
[2025-04-08T01:24:36.413+0000] {logging_mixin.py:190} INFO - [2025-04-08T01:24:36.412+0000] {dag.py:4180} INFO - Setting next_dagrun for example_python_operator to None, run_after=None
[2025-04-08T01:24:36.476+0000] {processor.py:208} INFO - Processing /home/airflow/.local/lib/python3.12/site-packages/airflow/example_dags/example_python_operator.py took 0.229 seconds
[2025-04-08T01:25:06.605+0000] {processor.py:186} INFO - Started process (PID=7840) to work on /home/airflow/.local/lib/python3.12/site-packages/airflow/example_dags/example_python_operator.py
[2025-04-08T01:25:06.607+0000] {processor.py:914} INFO - Processing file /home/airflow/.local/lib/python3.12/site-packages/airflow/example_dags/example_python_operator.py for tasks to queue
[2025-04-08T01:25:06.612+0000] {logging_mixin.py:190} INFO - [2025-04-08T01:25:06.611+0000] {dagbag.py:588} INFO - Filling up the DagBag from /home/airflow/.local/lib/python3.12/site-packages/airflow/example_dags/example_python_operator.py
[2025-04-08T01:25:06.637+0000] {processor.py:925} INFO - DAG(s) 'example_python_operator' retrieved from /home/airflow/.local/lib/python3.12/site-packages/airflow/example_dags/example_python_operator.py
[2025-04-08T01:25:06.699+0000] {logging_mixin.py:190} INFO - [2025-04-08T01:25:06.698+0000] {dag.py:3239} INFO - Sync 1 DAGs
[2025-04-08T01:25:06.736+0000] {logging_mixin.py:190} INFO - [2025-04-08T01:25:06.736+0000] {dag.py:4180} INFO - Setting next_dagrun for example_python_operator to None, run_after=None
[2025-04-08T01:25:06.800+0000] {processor.py:208} INFO - Processing /home/airflow/.local/lib/python3.12/site-packages/airflow/example_dags/example_python_operator.py took 0.208 seconds
[2025-04-08T01:25:37.725+0000] {processor.py:186} INFO - Started process (PID=7903) to work on /home/airflow/.local/lib/python3.12/site-packages/airflow/example_dags/example_python_operator.py
[2025-04-08T01:25:37.727+0000] {processor.py:914} INFO - Processing file /home/airflow/.local/lib/python3.12/site-packages/airflow/example_dags/example_python_operator.py for tasks to queue
[2025-04-08T01:25:37.731+0000] {logging_mixin.py:190} INFO - [2025-04-08T01:25:37.730+0000] {dagbag.py:588} INFO - Filling up the DagBag from /home/airflow/.local/lib/python3.12/site-packages/airflow/example_dags/example_python_operator.py
[2025-04-08T01:25:37.751+0000] {processor.py:925} INFO - DAG(s) 'example_python_operator' retrieved from /home/airflow/.local/lib/python3.12/site-packages/airflow/example_dags/example_python_operator.py
[2025-04-08T01:25:37.798+0000] {logging_mixin.py:190} INFO - [2025-04-08T01:25:37.798+0000] {dag.py:3239} INFO - Sync 1 DAGs
[2025-04-08T01:25:37.828+0000] {logging_mixin.py:190} INFO - [2025-04-08T01:25:37.828+0000] {dag.py:4180} INFO - Setting next_dagrun for example_python_operator to None, run_after=None
[2025-04-08T01:25:37.871+0000] {processor.py:208} INFO - Processing /home/airflow/.local/lib/python3.12/site-packages/airflow/example_dags/example_python_operator.py took 0.155 seconds
[2025-04-08T01:26:08.317+0000] {processor.py:186} INFO - Started process (PID=7966) to work on /home/airflow/.local/lib/python3.12/site-packages/airflow/example_dags/example_python_operator.py
[2025-04-08T01:26:08.320+0000] {processor.py:914} INFO - Processing file /home/airflow/.local/lib/python3.12/site-packages/airflow/example_dags/example_python_operator.py for tasks to queue
[2025-04-08T01:26:08.323+0000] {logging_mixin.py:190} INFO - [2025-04-08T01:26:08.322+0000] {dagbag.py:588} INFO - Filling up the DagBag from /home/airflow/.local/lib/python3.12/site-packages/airflow/example_dags/example_python_operator.py
[2025-04-08T01:26:08.342+0000] {processor.py:925} INFO - DAG(s) 'example_python_operator' retrieved from /home/airflow/.local/lib/python3.12/site-packages/airflow/example_dags/example_python_operator.py
[2025-04-08T01:26:08.380+0000] {logging_mixin.py:190} INFO - [2025-04-08T01:26:08.380+0000] {dag.py:3239} INFO - Sync 1 DAGs
[2025-04-08T01:26:08.402+0000] {logging_mixin.py:190} INFO - [2025-04-08T01:26:08.401+0000] {dag.py:4180} INFO - Setting next_dagrun for example_python_operator to None, run_after=None
[2025-04-08T01:26:08.444+0000] {processor.py:208} INFO - Processing /home/airflow/.local/lib/python3.12/site-packages/airflow/example_dags/example_python_operator.py took 0.135 seconds
[2025-04-08T01:26:38.812+0000] {processor.py:186} INFO - Started process (PID=8029) to work on /home/airflow/.local/lib/python3.12/site-packages/airflow/example_dags/example_python_operator.py
[2025-04-08T01:26:38.814+0000] {processor.py:914} INFO - Processing file /home/airflow/.local/lib/python3.12/site-packages/airflow/example_dags/example_python_operator.py for tasks to queue
[2025-04-08T01:26:38.816+0000] {logging_mixin.py:190} INFO - [2025-04-08T01:26:38.816+0000] {dagbag.py:588} INFO - Filling up the DagBag from /home/airflow/.local/lib/python3.12/site-packages/airflow/example_dags/example_python_operator.py
[2025-04-08T01:26:38.832+0000] {processor.py:925} INFO - DAG(s) 'example_python_operator' retrieved from /home/airflow/.local/lib/python3.12/site-packages/airflow/example_dags/example_python_operator.py
[2025-04-08T01:26:38.869+0000] {logging_mixin.py:190} INFO - [2025-04-08T01:26:38.869+0000] {dag.py:3239} INFO - Sync 1 DAGs
[2025-04-08T01:26:38.893+0000] {logging_mixin.py:190} INFO - [2025-04-08T01:26:38.892+0000] {dag.py:4180} INFO - Setting next_dagrun for example_python_operator to None, run_after=None
[2025-04-08T01:26:38.928+0000] {processor.py:208} INFO - Processing /home/airflow/.local/lib/python3.12/site-packages/airflow/example_dags/example_python_operator.py took 0.125 seconds
[2025-04-08T01:27:09.157+0000] {processor.py:186} INFO - Started process (PID=8092) to work on /home/airflow/.local/lib/python3.12/site-packages/airflow/example_dags/example_python_operator.py
[2025-04-08T01:27:09.158+0000] {processor.py:914} INFO - Processing file /home/airflow/.local/lib/python3.12/site-packages/airflow/example_dags/example_python_operator.py for tasks to queue
[2025-04-08T01:27:09.160+0000] {logging_mixin.py:190} INFO - [2025-04-08T01:27:09.159+0000] {dagbag.py:588} INFO - Filling up the DagBag from /home/airflow/.local/lib/python3.12/site-packages/airflow/example_dags/example_python_operator.py
[2025-04-08T01:27:09.176+0000] {processor.py:925} INFO - DAG(s) 'example_python_operator' retrieved from /home/airflow/.local/lib/python3.12/site-packages/airflow/example_dags/example_python_operator.py
[2025-04-08T01:27:09.216+0000] {logging_mixin.py:190} INFO - [2025-04-08T01:27:09.215+0000] {dag.py:3239} INFO - Sync 1 DAGs
[2025-04-08T01:27:09.232+0000] {logging_mixin.py:190} INFO - [2025-04-08T01:27:09.231+0000] {dag.py:4180} INFO - Setting next_dagrun for example_python_operator to None, run_after=None
[2025-04-08T01:27:09.258+0000] {processor.py:208} INFO - Processing /home/airflow/.local/lib/python3.12/site-packages/airflow/example_dags/example_python_operator.py took 0.108 seconds
[2025-04-08T01:27:40.865+0000] {processor.py:186} INFO - Started process (PID=8155) to work on /home/airflow/.local/lib/python3.12/site-packages/airflow/example_dags/example_python_operator.py
[2025-04-08T01:27:40.878+0000] {processor.py:914} INFO - Processing file /home/airflow/.local/lib/python3.12/site-packages/airflow/example_dags/example_python_operator.py for tasks to queue
[2025-04-08T01:27:40.881+0000] {logging_mixin.py:190} INFO - [2025-04-08T01:27:40.880+0000] {dagbag.py:588} INFO - Filling up the DagBag from /home/airflow/.local/lib/python3.12/site-packages/airflow/example_dags/example_python_operator.py
[2025-04-08T01:27:40.900+0000] {processor.py:925} INFO - DAG(s) 'example_python_operator' retrieved from /home/airflow/.local/lib/python3.12/site-packages/airflow/example_dags/example_python_operator.py
[2025-04-08T01:27:40.938+0000] {logging_mixin.py:190} INFO - [2025-04-08T01:27:40.937+0000] {dag.py:3239} INFO - Sync 1 DAGs
[2025-04-08T01:27:40.962+0000] {logging_mixin.py:190} INFO - [2025-04-08T01:27:40.962+0000] {dag.py:4180} INFO - Setting next_dagrun for example_python_operator to None, run_after=None
[2025-04-08T01:27:41.013+0000] {processor.py:208} INFO - Processing /home/airflow/.local/lib/python3.12/site-packages/airflow/example_dags/example_python_operator.py took 0.160 seconds
[2025-04-08T01:28:12.374+0000] {processor.py:186} INFO - Started process (PID=8218) to work on /home/airflow/.local/lib/python3.12/site-packages/airflow/example_dags/example_python_operator.py
[2025-04-08T01:28:12.376+0000] {processor.py:914} INFO - Processing file /home/airflow/.local/lib/python3.12/site-packages/airflow/example_dags/example_python_operator.py for tasks to queue
[2025-04-08T01:28:12.380+0000] {logging_mixin.py:190} INFO - [2025-04-08T01:28:12.379+0000] {dagbag.py:588} INFO - Filling up the DagBag from /home/airflow/.local/lib/python3.12/site-packages/airflow/example_dags/example_python_operator.py
[2025-04-08T01:28:12.397+0000] {processor.py:925} INFO - DAG(s) 'example_python_operator' retrieved from /home/airflow/.local/lib/python3.12/site-packages/airflow/example_dags/example_python_operator.py
[2025-04-08T01:28:12.435+0000] {logging_mixin.py:190} INFO - [2025-04-08T01:28:12.435+0000] {dag.py:3239} INFO - Sync 1 DAGs
[2025-04-08T01:28:12.466+0000] {logging_mixin.py:190} INFO - [2025-04-08T01:28:12.465+0000] {dag.py:4180} INFO - Setting next_dagrun for example_python_operator to None, run_after=None
[2025-04-08T01:28:12.522+0000] {processor.py:208} INFO - Processing /home/airflow/.local/lib/python3.12/site-packages/airflow/example_dags/example_python_operator.py took 0.157 seconds
[2025-04-08T01:28:42.892+0000] {processor.py:186} INFO - Started process (PID=8281) to work on /home/airflow/.local/lib/python3.12/site-packages/airflow/example_dags/example_python_operator.py
[2025-04-08T01:28:42.894+0000] {processor.py:914} INFO - Processing file /home/airflow/.local/lib/python3.12/site-packages/airflow/example_dags/example_python_operator.py for tasks to queue
[2025-04-08T01:28:42.897+0000] {logging_mixin.py:190} INFO - [2025-04-08T01:28:42.897+0000] {dagbag.py:588} INFO - Filling up the DagBag from /home/airflow/.local/lib/python3.12/site-packages/airflow/example_dags/example_python_operator.py
[2025-04-08T01:28:42.924+0000] {processor.py:925} INFO - DAG(s) 'example_python_operator' retrieved from /home/airflow/.local/lib/python3.12/site-packages/airflow/example_dags/example_python_operator.py
[2025-04-08T01:28:42.964+0000] {logging_mixin.py:190} INFO - [2025-04-08T01:28:42.964+0000] {dag.py:3239} INFO - Sync 1 DAGs
[2025-04-08T01:28:42.994+0000] {logging_mixin.py:190} INFO - [2025-04-08T01:28:42.994+0000] {dag.py:4180} INFO - Setting next_dagrun for example_python_operator to None, run_after=None
[2025-04-08T01:28:43.033+0000] {processor.py:208} INFO - Processing /home/airflow/.local/lib/python3.12/site-packages/airflow/example_dags/example_python_operator.py took 0.148 seconds
[2025-04-08T01:29:13.241+0000] {processor.py:186} INFO - Started process (PID=8342) to work on /home/airflow/.local/lib/python3.12/site-packages/airflow/example_dags/example_python_operator.py
[2025-04-08T01:29:13.243+0000] {processor.py:914} INFO - Processing file /home/airflow/.local/lib/python3.12/site-packages/airflow/example_dags/example_python_operator.py for tasks to queue
[2025-04-08T01:29:13.246+0000] {logging_mixin.py:190} INFO - [2025-04-08T01:29:13.245+0000] {dagbag.py:588} INFO - Filling up the DagBag from /home/airflow/.local/lib/python3.12/site-packages/airflow/example_dags/example_python_operator.py
[2025-04-08T01:29:13.266+0000] {processor.py:925} INFO - DAG(s) 'example_python_operator' retrieved from /home/airflow/.local/lib/python3.12/site-packages/airflow/example_dags/example_python_operator.py
[2025-04-08T01:29:13.305+0000] {logging_mixin.py:190} INFO - [2025-04-08T01:29:13.305+0000] {dag.py:3239} INFO - Sync 1 DAGs
[2025-04-08T01:29:13.325+0000] {logging_mixin.py:190} INFO - [2025-04-08T01:29:13.324+0000] {dag.py:4180} INFO - Setting next_dagrun for example_python_operator to None, run_after=None
[2025-04-08T01:29:13.358+0000] {processor.py:208} INFO - Processing /home/airflow/.local/lib/python3.12/site-packages/airflow/example_dags/example_python_operator.py took 0.122 seconds
[2025-04-08T01:29:43.870+0000] {processor.py:186} INFO - Started process (PID=8405) to work on /home/airflow/.local/lib/python3.12/site-packages/airflow/example_dags/example_python_operator.py
[2025-04-08T01:29:43.871+0000] {processor.py:914} INFO - Processing file /home/airflow/.local/lib/python3.12/site-packages/airflow/example_dags/example_python_operator.py for tasks to queue
[2025-04-08T01:29:43.874+0000] {logging_mixin.py:190} INFO - [2025-04-08T01:29:43.874+0000] {dagbag.py:588} INFO - Filling up the DagBag from /home/airflow/.local/lib/python3.12/site-packages/airflow/example_dags/example_python_operator.py
[2025-04-08T01:29:43.890+0000] {processor.py:925} INFO - DAG(s) 'example_python_operator' retrieved from /home/airflow/.local/lib/python3.12/site-packages/airflow/example_dags/example_python_operator.py
[2025-04-08T01:29:43.925+0000] {logging_mixin.py:190} INFO - [2025-04-08T01:29:43.924+0000] {dag.py:3239} INFO - Sync 1 DAGs
[2025-04-08T01:29:43.945+0000] {logging_mixin.py:190} INFO - [2025-04-08T01:29:43.945+0000] {dag.py:4180} INFO - Setting next_dagrun for example_python_operator to None, run_after=None
[2025-04-08T01:29:43.977+0000] {processor.py:208} INFO - Processing /home/airflow/.local/lib/python3.12/site-packages/airflow/example_dags/example_python_operator.py took 0.115 seconds
[2025-04-08T01:30:14.323+0000] {processor.py:186} INFO - Started process (PID=8468) to work on /home/airflow/.local/lib/python3.12/site-packages/airflow/example_dags/example_python_operator.py
[2025-04-08T01:30:14.325+0000] {processor.py:914} INFO - Processing file /home/airflow/.local/lib/python3.12/site-packages/airflow/example_dags/example_python_operator.py for tasks to queue
[2025-04-08T01:30:14.327+0000] {logging_mixin.py:190} INFO - [2025-04-08T01:30:14.326+0000] {dagbag.py:588} INFO - Filling up the DagBag from /home/airflow/.local/lib/python3.12/site-packages/airflow/example_dags/example_python_operator.py
[2025-04-08T01:30:14.344+0000] {processor.py:925} INFO - DAG(s) 'example_python_operator' retrieved from /home/airflow/.local/lib/python3.12/site-packages/airflow/example_dags/example_python_operator.py
[2025-04-08T01:30:14.382+0000] {logging_mixin.py:190} INFO - [2025-04-08T01:30:14.382+0000] {dag.py:3239} INFO - Sync 1 DAGs
[2025-04-08T01:30:14.403+0000] {logging_mixin.py:190} INFO - [2025-04-08T01:30:14.402+0000] {dag.py:4180} INFO - Setting next_dagrun for example_python_operator to None, run_after=None
[2025-04-08T01:30:14.436+0000] {processor.py:208} INFO - Processing /home/airflow/.local/lib/python3.12/site-packages/airflow/example_dags/example_python_operator.py took 0.120 seconds
[2025-04-08T01:30:44.630+0000] {processor.py:186} INFO - Started process (PID=8531) to work on /home/airflow/.local/lib/python3.12/site-packages/airflow/example_dags/example_python_operator.py
[2025-04-08T01:30:44.632+0000] {processor.py:914} INFO - Processing file /home/airflow/.local/lib/python3.12/site-packages/airflow/example_dags/example_python_operator.py for tasks to queue
[2025-04-08T01:30:44.635+0000] {logging_mixin.py:190} INFO - [2025-04-08T01:30:44.634+0000] {dagbag.py:588} INFO - Filling up the DagBag from /home/airflow/.local/lib/python3.12/site-packages/airflow/example_dags/example_python_operator.py
[2025-04-08T01:30:44.652+0000] {processor.py:925} INFO - DAG(s) 'example_python_operator' retrieved from /home/airflow/.local/lib/python3.12/site-packages/airflow/example_dags/example_python_operator.py
[2025-04-08T01:30:44.699+0000] {logging_mixin.py:190} INFO - [2025-04-08T01:30:44.698+0000] {dag.py:3239} INFO - Sync 1 DAGs
[2025-04-08T01:30:44.722+0000] {logging_mixin.py:190} INFO - [2025-04-08T01:30:44.722+0000] {dag.py:4180} INFO - Setting next_dagrun for example_python_operator to None, run_after=None
[2025-04-08T01:30:44.760+0000] {processor.py:208} INFO - Processing /home/airflow/.local/lib/python3.12/site-packages/airflow/example_dags/example_python_operator.py took 0.139 seconds
[2025-04-08T01:31:15.516+0000] {processor.py:186} INFO - Started process (PID=8596) to work on /home/airflow/.local/lib/python3.12/site-packages/airflow/example_dags/example_python_operator.py
[2025-04-08T01:31:15.517+0000] {processor.py:914} INFO - Processing file /home/airflow/.local/lib/python3.12/site-packages/airflow/example_dags/example_python_operator.py for tasks to queue
[2025-04-08T01:31:15.520+0000] {logging_mixin.py:190} INFO - [2025-04-08T01:31:15.520+0000] {dagbag.py:588} INFO - Filling up the DagBag from /home/airflow/.local/lib/python3.12/site-packages/airflow/example_dags/example_python_operator.py
[2025-04-08T01:31:15.536+0000] {processor.py:925} INFO - DAG(s) 'example_python_operator' retrieved from /home/airflow/.local/lib/python3.12/site-packages/airflow/example_dags/example_python_operator.py
[2025-04-08T01:31:15.566+0000] {logging_mixin.py:190} INFO - [2025-04-08T01:31:15.566+0000] {dag.py:3239} INFO - Sync 1 DAGs
[2025-04-08T01:31:15.587+0000] {logging_mixin.py:190} INFO - [2025-04-08T01:31:15.586+0000] {dag.py:4180} INFO - Setting next_dagrun for example_python_operator to None, run_after=None
[2025-04-08T01:31:15.616+0000] {processor.py:208} INFO - Processing /home/airflow/.local/lib/python3.12/site-packages/airflow/example_dags/example_python_operator.py took 0.107 seconds
[2025-04-08T01:31:45.759+0000] {processor.py:186} INFO - Started process (PID=8659) to work on /home/airflow/.local/lib/python3.12/site-packages/airflow/example_dags/example_python_operator.py
[2025-04-08T01:31:45.761+0000] {processor.py:914} INFO - Processing file /home/airflow/.local/lib/python3.12/site-packages/airflow/example_dags/example_python_operator.py for tasks to queue
[2025-04-08T01:31:45.764+0000] {logging_mixin.py:190} INFO - [2025-04-08T01:31:45.763+0000] {dagbag.py:588} INFO - Filling up the DagBag from /home/airflow/.local/lib/python3.12/site-packages/airflow/example_dags/example_python_operator.py
[2025-04-08T01:31:45.780+0000] {processor.py:925} INFO - DAG(s) 'example_python_operator' retrieved from /home/airflow/.local/lib/python3.12/site-packages/airflow/example_dags/example_python_operator.py
[2025-04-08T01:31:45.811+0000] {logging_mixin.py:190} INFO - [2025-04-08T01:31:45.811+0000] {dag.py:3239} INFO - Sync 1 DAGs
[2025-04-08T01:31:45.832+0000] {logging_mixin.py:190} INFO - [2025-04-08T01:31:45.832+0000] {dag.py:4180} INFO - Setting next_dagrun for example_python_operator to None, run_after=None
[2025-04-08T01:31:45.870+0000] {processor.py:208} INFO - Processing /home/airflow/.local/lib/python3.12/site-packages/airflow/example_dags/example_python_operator.py took 0.118 seconds
[2025-04-08T01:32:16.703+0000] {processor.py:186} INFO - Started process (PID=8722) to work on /home/airflow/.local/lib/python3.12/site-packages/airflow/example_dags/example_python_operator.py
[2025-04-08T01:32:16.705+0000] {processor.py:914} INFO - Processing file /home/airflow/.local/lib/python3.12/site-packages/airflow/example_dags/example_python_operator.py for tasks to queue
[2025-04-08T01:32:16.709+0000] {logging_mixin.py:190} INFO - [2025-04-08T01:32:16.708+0000] {dagbag.py:588} INFO - Filling up the DagBag from /home/airflow/.local/lib/python3.12/site-packages/airflow/example_dags/example_python_operator.py
[2025-04-08T01:32:16.729+0000] {processor.py:925} INFO - DAG(s) 'example_python_operator' retrieved from /home/airflow/.local/lib/python3.12/site-packages/airflow/example_dags/example_python_operator.py
[2025-04-08T01:32:16.772+0000] {logging_mixin.py:190} INFO - [2025-04-08T01:32:16.772+0000] {dag.py:3239} INFO - Sync 1 DAGs
[2025-04-08T01:32:16.793+0000] {logging_mixin.py:190} INFO - [2025-04-08T01:32:16.793+0000] {dag.py:4180} INFO - Setting next_dagrun for example_python_operator to None, run_after=None
[2025-04-08T01:32:16.833+0000] {processor.py:208} INFO - Processing /home/airflow/.local/lib/python3.12/site-packages/airflow/example_dags/example_python_operator.py took 0.138 seconds
[2025-04-08T01:32:47.419+0000] {processor.py:186} INFO - Started process (PID=8785) to work on /home/airflow/.local/lib/python3.12/site-packages/airflow/example_dags/example_python_operator.py
[2025-04-08T01:32:47.422+0000] {processor.py:914} INFO - Processing file /home/airflow/.local/lib/python3.12/site-packages/airflow/example_dags/example_python_operator.py for tasks to queue
[2025-04-08T01:32:47.426+0000] {logging_mixin.py:190} INFO - [2025-04-08T01:32:47.425+0000] {dagbag.py:588} INFO - Filling up the DagBag from /home/airflow/.local/lib/python3.12/site-packages/airflow/example_dags/example_python_operator.py
[2025-04-08T01:32:47.453+0000] {processor.py:925} INFO - DAG(s) 'example_python_operator' retrieved from /home/airflow/.local/lib/python3.12/site-packages/airflow/example_dags/example_python_operator.py
[2025-04-08T01:32:47.487+0000] {logging_mixin.py:190} INFO - [2025-04-08T01:32:47.486+0000] {dag.py:3239} INFO - Sync 1 DAGs
[2025-04-08T01:32:47.503+0000] {logging_mixin.py:190} INFO - [2025-04-08T01:32:47.503+0000] {dag.py:4180} INFO - Setting next_dagrun for example_python_operator to None, run_after=None
[2025-04-08T01:32:47.533+0000] {processor.py:208} INFO - Processing /home/airflow/.local/lib/python3.12/site-packages/airflow/example_dags/example_python_operator.py took 0.127 seconds
[2025-04-08T01:33:18.507+0000] {processor.py:186} INFO - Started process (PID=8848) to work on /home/airflow/.local/lib/python3.12/site-packages/airflow/example_dags/example_python_operator.py
[2025-04-08T01:33:18.509+0000] {processor.py:914} INFO - Processing file /home/airflow/.local/lib/python3.12/site-packages/airflow/example_dags/example_python_operator.py for tasks to queue
[2025-04-08T01:33:18.513+0000] {logging_mixin.py:190} INFO - [2025-04-08T01:33:18.512+0000] {dagbag.py:588} INFO - Filling up the DagBag from /home/airflow/.local/lib/python3.12/site-packages/airflow/example_dags/example_python_operator.py
[2025-04-08T01:33:18.533+0000] {processor.py:925} INFO - DAG(s) 'example_python_operator' retrieved from /home/airflow/.local/lib/python3.12/site-packages/airflow/example_dags/example_python_operator.py
[2025-04-08T01:33:18.577+0000] {logging_mixin.py:190} INFO - [2025-04-08T01:33:18.576+0000] {dag.py:3239} INFO - Sync 1 DAGs
[2025-04-08T01:33:18.597+0000] {logging_mixin.py:190} INFO - [2025-04-08T01:33:18.597+0000] {dag.py:4180} INFO - Setting next_dagrun for example_python_operator to None, run_after=None
[2025-04-08T01:33:18.647+0000] {processor.py:208} INFO - Processing /home/airflow/.local/lib/python3.12/site-packages/airflow/example_dags/example_python_operator.py took 0.153 seconds
[2025-04-08T01:33:49.221+0000] {processor.py:186} INFO - Started process (PID=8911) to work on /home/airflow/.local/lib/python3.12/site-packages/airflow/example_dags/example_python_operator.py
[2025-04-08T01:33:49.224+0000] {processor.py:914} INFO - Processing file /home/airflow/.local/lib/python3.12/site-packages/airflow/example_dags/example_python_operator.py for tasks to queue
[2025-04-08T01:33:49.229+0000] {logging_mixin.py:190} INFO - [2025-04-08T01:33:49.228+0000] {dagbag.py:588} INFO - Filling up the DagBag from /home/airflow/.local/lib/python3.12/site-packages/airflow/example_dags/example_python_operator.py
[2025-04-08T01:33:49.250+0000] {processor.py:925} INFO - DAG(s) 'example_python_operator' retrieved from /home/airflow/.local/lib/python3.12/site-packages/airflow/example_dags/example_python_operator.py
[2025-04-08T01:33:49.305+0000] {logging_mixin.py:190} INFO - [2025-04-08T01:33:49.305+0000] {dag.py:3239} INFO - Sync 1 DAGs
[2025-04-08T01:33:49.334+0000] {logging_mixin.py:190} INFO - [2025-04-08T01:33:49.334+0000] {dag.py:4180} INFO - Setting next_dagrun for example_python_operator to None, run_after=None
[2025-04-08T01:33:49.387+0000] {processor.py:208} INFO - Processing /home/airflow/.local/lib/python3.12/site-packages/airflow/example_dags/example_python_operator.py took 0.176 seconds
[2025-04-08T01:34:20.123+0000] {processor.py:186} INFO - Started process (PID=8975) to work on /home/airflow/.local/lib/python3.12/site-packages/airflow/example_dags/example_python_operator.py
[2025-04-08T01:34:20.126+0000] {processor.py:914} INFO - Processing file /home/airflow/.local/lib/python3.12/site-packages/airflow/example_dags/example_python_operator.py for tasks to queue
[2025-04-08T01:34:20.128+0000] {logging_mixin.py:190} INFO - [2025-04-08T01:34:20.128+0000] {dagbag.py:588} INFO - Filling up the DagBag from /home/airflow/.local/lib/python3.12/site-packages/airflow/example_dags/example_python_operator.py
[2025-04-08T01:34:20.146+0000] {processor.py:925} INFO - DAG(s) 'example_python_operator' retrieved from /home/airflow/.local/lib/python3.12/site-packages/airflow/example_dags/example_python_operator.py
[2025-04-08T01:34:20.186+0000] {logging_mixin.py:190} INFO - [2025-04-08T01:34:20.185+0000] {dag.py:3239} INFO - Sync 1 DAGs
[2025-04-08T01:34:20.211+0000] {logging_mixin.py:190} INFO - [2025-04-08T01:34:20.211+0000] {dag.py:4180} INFO - Setting next_dagrun for example_python_operator to None, run_after=None
[2025-04-08T01:34:20.262+0000] {processor.py:208} INFO - Processing /home/airflow/.local/lib/python3.12/site-packages/airflow/example_dags/example_python_operator.py took 0.147 seconds
[2025-04-08T01:35:01.658+0000] {processor.py:186} INFO - Started process (PID=9040) to work on /home/airflow/.local/lib/python3.12/site-packages/airflow/example_dags/example_python_operator.py
[2025-04-08T01:35:01.665+0000] {processor.py:914} INFO - Processing file /home/airflow/.local/lib/python3.12/site-packages/airflow/example_dags/example_python_operator.py for tasks to queue
[2025-04-08T01:35:01.678+0000] {logging_mixin.py:190} INFO - [2025-04-08T01:35:01.673+0000] {dagbag.py:588} INFO - Filling up the DagBag from /home/airflow/.local/lib/python3.12/site-packages/airflow/example_dags/example_python_operator.py
[2025-04-08T01:35:01.738+0000] {processor.py:925} INFO - DAG(s) 'example_python_operator' retrieved from /home/airflow/.local/lib/python3.12/site-packages/airflow/example_dags/example_python_operator.py
[2025-04-08T01:35:02.002+0000] {logging_mixin.py:190} INFO - [2025-04-08T01:35:02.000+0000] {dag.py:3239} INFO - Sync 1 DAGs
[2025-04-08T01:35:02.149+0000] {logging_mixin.py:190} INFO - [2025-04-08T01:35:02.148+0000] {dag.py:4180} INFO - Setting next_dagrun for example_python_operator to None, run_after=None
[2025-04-08T01:35:02.253+0000] {processor.py:208} INFO - Processing /home/airflow/.local/lib/python3.12/site-packages/airflow/example_dags/example_python_operator.py took 0.688 seconds
[2025-04-08T01:35:33.005+0000] {processor.py:186} INFO - Started process (PID=9104) to work on /home/airflow/.local/lib/python3.12/site-packages/airflow/example_dags/example_python_operator.py
[2025-04-08T01:35:33.010+0000] {processor.py:914} INFO - Processing file /home/airflow/.local/lib/python3.12/site-packages/airflow/example_dags/example_python_operator.py for tasks to queue
[2025-04-08T01:35:33.020+0000] {logging_mixin.py:190} INFO - [2025-04-08T01:35:33.018+0000] {dagbag.py:588} INFO - Filling up the DagBag from /home/airflow/.local/lib/python3.12/site-packages/airflow/example_dags/example_python_operator.py
[2025-04-08T01:35:33.090+0000] {processor.py:925} INFO - DAG(s) 'example_python_operator' retrieved from /home/airflow/.local/lib/python3.12/site-packages/airflow/example_dags/example_python_operator.py
[2025-04-08T01:35:33.215+0000] {logging_mixin.py:190} INFO - [2025-04-08T01:35:33.214+0000] {dag.py:3239} INFO - Sync 1 DAGs
[2025-04-08T01:35:33.295+0000] {logging_mixin.py:190} INFO - [2025-04-08T01:35:33.295+0000] {dag.py:4180} INFO - Setting next_dagrun for example_python_operator to None, run_after=None
[2025-04-08T01:35:33.392+0000] {processor.py:208} INFO - Processing /home/airflow/.local/lib/python3.12/site-packages/airflow/example_dags/example_python_operator.py took 0.419 seconds
[2025-04-08T01:36:06.217+0000] {processor.py:186} INFO - Started process (PID=9170) to work on /home/airflow/.local/lib/python3.12/site-packages/airflow/example_dags/example_python_operator.py
[2025-04-08T01:36:06.220+0000] {processor.py:914} INFO - Processing file /home/airflow/.local/lib/python3.12/site-packages/airflow/example_dags/example_python_operator.py for tasks to queue
[2025-04-08T01:36:06.225+0000] {logging_mixin.py:190} INFO - [2025-04-08T01:36:06.224+0000] {dagbag.py:588} INFO - Filling up the DagBag from /home/airflow/.local/lib/python3.12/site-packages/airflow/example_dags/example_python_operator.py
[2025-04-08T01:36:06.258+0000] {processor.py:925} INFO - DAG(s) 'example_python_operator' retrieved from /home/airflow/.local/lib/python3.12/site-packages/airflow/example_dags/example_python_operator.py
[2025-04-08T01:36:06.311+0000] {logging_mixin.py:190} INFO - [2025-04-08T01:36:06.311+0000] {dag.py:3239} INFO - Sync 1 DAGs
[2025-04-08T01:36:06.344+0000] {logging_mixin.py:190} INFO - [2025-04-08T01:36:06.344+0000] {dag.py:4180} INFO - Setting next_dagrun for example_python_operator to None, run_after=None
[2025-04-08T01:36:06.384+0000] {processor.py:208} INFO - Processing /home/airflow/.local/lib/python3.12/site-packages/airflow/example_dags/example_python_operator.py took 0.186 seconds
[2025-04-08T01:36:42.325+0000] {processor.py:186} INFO - Started process (PID=9240) to work on /home/airflow/.local/lib/python3.12/site-packages/airflow/example_dags/example_python_operator.py
[2025-04-08T01:36:42.353+0000] {processor.py:914} INFO - Processing file /home/airflow/.local/lib/python3.12/site-packages/airflow/example_dags/example_python_operator.py for tasks to queue
[2025-04-08T01:36:42.385+0000] {logging_mixin.py:190} INFO - [2025-04-08T01:36:42.373+0000] {dagbag.py:588} INFO - Filling up the DagBag from /home/airflow/.local/lib/python3.12/site-packages/airflow/example_dags/example_python_operator.py
[2025-04-08T01:36:42.550+0000] {processor.py:925} INFO - DAG(s) 'example_python_operator' retrieved from /home/airflow/.local/lib/python3.12/site-packages/airflow/example_dags/example_python_operator.py
[2025-04-08T01:36:42.939+0000] {logging_mixin.py:190} INFO - [2025-04-08T01:36:42.937+0000] {dag.py:3239} INFO - Sync 1 DAGs
[2025-04-08T01:36:43.125+0000] {logging_mixin.py:190} INFO - [2025-04-08T01:36:43.124+0000] {dag.py:4180} INFO - Setting next_dagrun for example_python_operator to None, run_after=None
[2025-04-08T01:36:43.399+0000] {processor.py:208} INFO - Processing /home/airflow/.local/lib/python3.12/site-packages/airflow/example_dags/example_python_operator.py took 1.159 seconds
[2025-04-08T01:37:41.943+0000] {processor.py:186} INFO - Started process (PID=9314) to work on /home/airflow/.local/lib/python3.12/site-packages/airflow/example_dags/example_python_operator.py
[2025-04-08T01:37:41.952+0000] {processor.py:914} INFO - Processing file /home/airflow/.local/lib/python3.12/site-packages/airflow/example_dags/example_python_operator.py for tasks to queue
[2025-04-08T01:37:41.987+0000] {logging_mixin.py:190} INFO - [2025-04-08T01:37:41.971+0000] {dagbag.py:588} INFO - Filling up the DagBag from /home/airflow/.local/lib/python3.12/site-packages/airflow/example_dags/example_python_operator.py
[2025-04-08T01:37:42.131+0000] {processor.py:925} INFO - DAG(s) 'example_python_operator' retrieved from /home/airflow/.local/lib/python3.12/site-packages/airflow/example_dags/example_python_operator.py
[2025-04-08T01:37:42.334+0000] {logging_mixin.py:190} INFO - [2025-04-08T01:37:42.333+0000] {dag.py:3239} INFO - Sync 1 DAGs
[2025-04-08T01:37:42.529+0000] {logging_mixin.py:190} INFO - [2025-04-08T01:37:42.529+0000] {dag.py:4180} INFO - Setting next_dagrun for example_python_operator to None, run_after=None
[2025-04-08T01:37:42.800+0000] {processor.py:208} INFO - Processing /home/airflow/.local/lib/python3.12/site-packages/airflow/example_dags/example_python_operator.py took 0.953 seconds
[2025-04-08T01:38:17.064+0000] {processor.py:186} INFO - Started process (PID=9377) to work on /home/airflow/.local/lib/python3.12/site-packages/airflow/example_dags/example_python_operator.py
[2025-04-08T01:38:17.069+0000] {processor.py:914} INFO - Processing file /home/airflow/.local/lib/python3.12/site-packages/airflow/example_dags/example_python_operator.py for tasks to queue
[2025-04-08T01:38:17.079+0000] {logging_mixin.py:190} INFO - [2025-04-08T01:38:17.076+0000] {dagbag.py:588} INFO - Filling up the DagBag from /home/airflow/.local/lib/python3.12/site-packages/airflow/example_dags/example_python_operator.py
[2025-04-08T01:38:17.157+0000] {processor.py:925} INFO - DAG(s) 'example_python_operator' retrieved from /home/airflow/.local/lib/python3.12/site-packages/airflow/example_dags/example_python_operator.py
[2025-04-08T01:38:17.280+0000] {logging_mixin.py:190} INFO - [2025-04-08T01:38:17.279+0000] {dag.py:3239} INFO - Sync 1 DAGs
[2025-04-08T01:38:17.355+0000] {logging_mixin.py:190} INFO - [2025-04-08T01:38:17.354+0000] {dag.py:4180} INFO - Setting next_dagrun for example_python_operator to None, run_after=None
[2025-04-08T01:38:17.515+0000] {processor.py:208} INFO - Processing /home/airflow/.local/lib/python3.12/site-packages/airflow/example_dags/example_python_operator.py took 0.477 seconds
[2025-04-08T01:38:48.899+0000] {processor.py:186} INFO - Started process (PID=9440) to work on /home/airflow/.local/lib/python3.12/site-packages/airflow/example_dags/example_python_operator.py
[2025-04-08T01:38:48.904+0000] {processor.py:914} INFO - Processing file /home/airflow/.local/lib/python3.12/site-packages/airflow/example_dags/example_python_operator.py for tasks to queue
[2025-04-08T01:38:48.913+0000] {logging_mixin.py:190} INFO - [2025-04-08T01:38:48.912+0000] {dagbag.py:588} INFO - Filling up the DagBag from /home/airflow/.local/lib/python3.12/site-packages/airflow/example_dags/example_python_operator.py
[2025-04-08T01:38:48.963+0000] {processor.py:925} INFO - DAG(s) 'example_python_operator' retrieved from /home/airflow/.local/lib/python3.12/site-packages/airflow/example_dags/example_python_operator.py
[2025-04-08T01:38:49.057+0000] {logging_mixin.py:190} INFO - [2025-04-08T01:38:49.056+0000] {dag.py:3239} INFO - Sync 1 DAGs
[2025-04-08T01:38:49.116+0000] {logging_mixin.py:190} INFO - [2025-04-08T01:38:49.115+0000] {dag.py:4180} INFO - Setting next_dagrun for example_python_operator to None, run_after=None
[2025-04-08T01:38:49.203+0000] {processor.py:208} INFO - Processing /home/airflow/.local/lib/python3.12/site-packages/airflow/example_dags/example_python_operator.py took 0.329 seconds
[2025-04-08T01:39:25.357+0000] {processor.py:186} INFO - Started process (PID=9503) to work on /home/airflow/.local/lib/python3.12/site-packages/airflow/example_dags/example_python_operator.py
[2025-04-08T01:39:25.361+0000] {processor.py:914} INFO - Processing file /home/airflow/.local/lib/python3.12/site-packages/airflow/example_dags/example_python_operator.py for tasks to queue
[2025-04-08T01:39:25.370+0000] {logging_mixin.py:190} INFO - [2025-04-08T01:39:25.368+0000] {dagbag.py:588} INFO - Filling up the DagBag from /home/airflow/.local/lib/python3.12/site-packages/airflow/example_dags/example_python_operator.py
[2025-04-08T01:39:25.422+0000] {processor.py:925} INFO - DAG(s) 'example_python_operator' retrieved from /home/airflow/.local/lib/python3.12/site-packages/airflow/example_dags/example_python_operator.py
[2025-04-08T01:39:25.527+0000] {logging_mixin.py:190} INFO - [2025-04-08T01:39:25.526+0000] {dag.py:3239} INFO - Sync 1 DAGs
[2025-04-08T01:39:25.595+0000] {logging_mixin.py:190} INFO - [2025-04-08T01:39:25.595+0000] {dag.py:4180} INFO - Setting next_dagrun for example_python_operator to None, run_after=None
[2025-04-08T01:39:25.703+0000] {processor.py:208} INFO - Processing /home/airflow/.local/lib/python3.12/site-packages/airflow/example_dags/example_python_operator.py took 0.370 seconds
