[2025-04-08T00:26:33.975+0000] {processor.py:186} INFO - Started process (PID=5838) to work on /home/airflow/.local/lib/python3.12/site-packages/airflow/example_dags/example_xcomargs.py
[2025-04-08T00:26:33.981+0000] {processor.py:914} INFO - Processing file /home/airflow/.local/lib/python3.12/site-packages/airflow/example_dags/example_xcomargs.py for tasks to queue
[2025-04-08T00:26:33.987+0000] {logging_mixin.py:190} INFO - [2025-04-08T00:26:33.986+0000] {dagbag.py:588} INFO - Filling up the DagBag from /home/airflow/.local/lib/python3.12/site-packages/airflow/example_dags/example_xcomargs.py
[2025-04-08T00:26:34.025+0000] {processor.py:925} INFO - DAG(s) 'example_xcom_args', 'example_xcom_args_with_operators' retrieved from /home/airflow/.local/lib/python3.12/site-packages/airflow/example_dags/example_xcomargs.py
[2025-04-08T00:26:34.102+0000] {logging_mixin.py:190} INFO - [2025-04-08T00:26:34.101+0000] {dag.py:3239} INFO - Sync 2 DAGs
[2025-04-08T00:26:34.143+0000] {logging_mixin.py:190} INFO - [2025-04-08T00:26:34.143+0000] {dag.py:4180} INFO - Setting next_dagrun for example_xcom_args to None, run_after=None
[2025-04-08T00:26:34.150+0000] {logging_mixin.py:190} INFO - [2025-04-08T00:26:34.150+0000] {dag.py:4180} INFO - Setting next_dagrun for example_xcom_args_with_operators to None, run_after=None
[2025-04-08T00:26:34.185+0000] {processor.py:208} INFO - Processing /home/airflow/.local/lib/python3.12/site-packages/airflow/example_dags/example_xcomargs.py took 0.227 seconds
[2025-04-08T00:43:42.035+0000] {processor.py:186} INFO - Started process (PID=5863) to work on /home/airflow/.local/lib/python3.12/site-packages/airflow/example_dags/example_xcomargs.py
[2025-04-08T00:43:42.039+0000] {processor.py:914} INFO - Processing file /home/airflow/.local/lib/python3.12/site-packages/airflow/example_dags/example_xcomargs.py for tasks to queue
[2025-04-08T00:43:42.042+0000] {logging_mixin.py:190} INFO - [2025-04-08T00:43:42.042+0000] {dagbag.py:588} INFO - Filling up the DagBag from /home/airflow/.local/lib/python3.12/site-packages/airflow/example_dags/example_xcomargs.py
[2025-04-08T00:43:42.065+0000] {processor.py:925} INFO - DAG(s) 'example_xcom_args', 'example_xcom_args_with_operators' retrieved from /home/airflow/.local/lib/python3.12/site-packages/airflow/example_dags/example_xcomargs.py
[2025-04-08T00:43:42.132+0000] {logging_mixin.py:190} INFO - [2025-04-08T00:43:42.132+0000] {dag.py:3239} INFO - Sync 2 DAGs
[2025-04-08T00:43:42.165+0000] {logging_mixin.py:190} INFO - [2025-04-08T00:43:42.165+0000] {dag.py:4180} INFO - Setting next_dagrun for example_xcom_args to None, run_after=None
[2025-04-08T00:43:42.177+0000] {logging_mixin.py:190} INFO - [2025-04-08T00:43:42.176+0000] {dag.py:4180} INFO - Setting next_dagrun for example_xcom_args_with_operators to None, run_after=None
[2025-04-08T00:43:42.233+0000] {processor.py:208} INFO - Processing /home/airflow/.local/lib/python3.12/site-packages/airflow/example_dags/example_xcomargs.py took 0.208 seconds
[2025-04-08T00:44:15.630+0000] {processor.py:186} INFO - Started process (PID=5926) to work on /home/airflow/.local/lib/python3.12/site-packages/airflow/example_dags/example_xcomargs.py
[2025-04-08T00:44:15.635+0000] {processor.py:914} INFO - Processing file /home/airflow/.local/lib/python3.12/site-packages/airflow/example_dags/example_xcomargs.py for tasks to queue
[2025-04-08T00:44:15.640+0000] {logging_mixin.py:190} INFO - [2025-04-08T00:44:15.639+0000] {dagbag.py:588} INFO - Filling up the DagBag from /home/airflow/.local/lib/python3.12/site-packages/airflow/example_dags/example_xcomargs.py
[2025-04-08T00:44:15.674+0000] {processor.py:925} INFO - DAG(s) 'example_xcom_args', 'example_xcom_args_with_operators' retrieved from /home/airflow/.local/lib/python3.12/site-packages/airflow/example_dags/example_xcomargs.py
[2025-04-08T00:44:15.783+0000] {logging_mixin.py:190} INFO - [2025-04-08T00:44:15.783+0000] {dag.py:3239} INFO - Sync 2 DAGs
[2025-04-08T00:44:15.867+0000] {logging_mixin.py:190} INFO - [2025-04-08T00:44:15.866+0000] {dag.py:4180} INFO - Setting next_dagrun for example_xcom_args to None, run_after=None
[2025-04-08T00:44:15.885+0000] {logging_mixin.py:190} INFO - [2025-04-08T00:44:15.884+0000] {dag.py:4180} INFO - Setting next_dagrun for example_xcom_args_with_operators to None, run_after=None
[2025-04-08T00:44:15.940+0000] {processor.py:208} INFO - Processing /home/airflow/.local/lib/python3.12/site-packages/airflow/example_dags/example_xcomargs.py took 0.331 seconds
[2025-04-08T00:44:46.624+0000] {processor.py:186} INFO - Started process (PID=5989) to work on /home/airflow/.local/lib/python3.12/site-packages/airflow/example_dags/example_xcomargs.py
[2025-04-08T00:44:46.625+0000] {processor.py:914} INFO - Processing file /home/airflow/.local/lib/python3.12/site-packages/airflow/example_dags/example_xcomargs.py for tasks to queue
[2025-04-08T00:44:46.627+0000] {logging_mixin.py:190} INFO - [2025-04-08T00:44:46.627+0000] {dagbag.py:588} INFO - Filling up the DagBag from /home/airflow/.local/lib/python3.12/site-packages/airflow/example_dags/example_xcomargs.py
[2025-04-08T00:44:46.638+0000] {processor.py:925} INFO - DAG(s) 'example_xcom_args', 'example_xcom_args_with_operators' retrieved from /home/airflow/.local/lib/python3.12/site-packages/airflow/example_dags/example_xcomargs.py
[2025-04-08T00:44:46.669+0000] {logging_mixin.py:190} INFO - [2025-04-08T00:44:46.669+0000] {dag.py:3239} INFO - Sync 2 DAGs
[2025-04-08T00:44:46.684+0000] {logging_mixin.py:190} INFO - [2025-04-08T00:44:46.684+0000] {dag.py:4180} INFO - Setting next_dagrun for example_xcom_args to None, run_after=None
[2025-04-08T00:44:46.688+0000] {logging_mixin.py:190} INFO - [2025-04-08T00:44:46.688+0000] {dag.py:4180} INFO - Setting next_dagrun for example_xcom_args_with_operators to None, run_after=None
[2025-04-08T00:44:46.719+0000] {processor.py:208} INFO - Processing /home/airflow/.local/lib/python3.12/site-packages/airflow/example_dags/example_xcomargs.py took 0.102 seconds
[2025-04-08T00:45:16.986+0000] {processor.py:186} INFO - Started process (PID=6052) to work on /home/airflow/.local/lib/python3.12/site-packages/airflow/example_dags/example_xcomargs.py
[2025-04-08T00:45:16.987+0000] {processor.py:914} INFO - Processing file /home/airflow/.local/lib/python3.12/site-packages/airflow/example_dags/example_xcomargs.py for tasks to queue
[2025-04-08T00:45:16.989+0000] {logging_mixin.py:190} INFO - [2025-04-08T00:45:16.989+0000] {dagbag.py:588} INFO - Filling up the DagBag from /home/airflow/.local/lib/python3.12/site-packages/airflow/example_dags/example_xcomargs.py
[2025-04-08T00:45:17.001+0000] {processor.py:925} INFO - DAG(s) 'example_xcom_args_with_operators', 'example_xcom_args' retrieved from /home/airflow/.local/lib/python3.12/site-packages/airflow/example_dags/example_xcomargs.py
[2025-04-08T00:45:17.037+0000] {logging_mixin.py:190} INFO - [2025-04-08T00:45:17.037+0000] {dag.py:3239} INFO - Sync 2 DAGs
[2025-04-08T00:45:17.057+0000] {logging_mixin.py:190} INFO - [2025-04-08T00:45:17.057+0000] {dag.py:4180} INFO - Setting next_dagrun for example_xcom_args to None, run_after=None
[2025-04-08T00:45:17.064+0000] {logging_mixin.py:190} INFO - [2025-04-08T00:45:17.063+0000] {dag.py:4180} INFO - Setting next_dagrun for example_xcom_args_with_operators to None, run_after=None
[2025-04-08T00:45:17.085+0000] {processor.py:208} INFO - Processing /home/airflow/.local/lib/python3.12/site-packages/airflow/example_dags/example_xcomargs.py took 0.104 seconds
[2025-04-08T00:45:47.607+0000] {processor.py:186} INFO - Started process (PID=6115) to work on /home/airflow/.local/lib/python3.12/site-packages/airflow/example_dags/example_xcomargs.py
[2025-04-08T00:45:47.609+0000] {processor.py:914} INFO - Processing file /home/airflow/.local/lib/python3.12/site-packages/airflow/example_dags/example_xcomargs.py for tasks to queue
[2025-04-08T00:45:47.612+0000] {logging_mixin.py:190} INFO - [2025-04-08T00:45:47.611+0000] {dagbag.py:588} INFO - Filling up the DagBag from /home/airflow/.local/lib/python3.12/site-packages/airflow/example_dags/example_xcomargs.py
[2025-04-08T00:45:47.629+0000] {processor.py:925} INFO - DAG(s) 'example_xcom_args_with_operators', 'example_xcom_args' retrieved from /home/airflow/.local/lib/python3.12/site-packages/airflow/example_dags/example_xcomargs.py
[2025-04-08T00:45:47.685+0000] {logging_mixin.py:190} INFO - [2025-04-08T00:45:47.685+0000] {dag.py:3239} INFO - Sync 2 DAGs
[2025-04-08T00:45:47.710+0000] {logging_mixin.py:190} INFO - [2025-04-08T00:45:47.709+0000] {dag.py:4180} INFO - Setting next_dagrun for example_xcom_args to None, run_after=None
[2025-04-08T00:45:47.716+0000] {logging_mixin.py:190} INFO - [2025-04-08T00:45:47.716+0000] {dag.py:4180} INFO - Setting next_dagrun for example_xcom_args_with_operators to None, run_after=None
[2025-04-08T00:45:47.741+0000] {processor.py:208} INFO - Processing /home/airflow/.local/lib/python3.12/site-packages/airflow/example_dags/example_xcomargs.py took 0.143 seconds
[2025-04-08T00:46:17.815+0000] {processor.py:186} INFO - Started process (PID=6177) to work on /home/airflow/.local/lib/python3.12/site-packages/airflow/example_dags/example_xcomargs.py
[2025-04-08T00:46:17.816+0000] {processor.py:914} INFO - Processing file /home/airflow/.local/lib/python3.12/site-packages/airflow/example_dags/example_xcomargs.py for tasks to queue
[2025-04-08T00:46:17.817+0000] {logging_mixin.py:190} INFO - [2025-04-08T00:46:17.817+0000] {dagbag.py:588} INFO - Filling up the DagBag from /home/airflow/.local/lib/python3.12/site-packages/airflow/example_dags/example_xcomargs.py
[2025-04-08T00:46:17.828+0000] {processor.py:925} INFO - DAG(s) 'example_xcom_args_with_operators', 'example_xcom_args' retrieved from /home/airflow/.local/lib/python3.12/site-packages/airflow/example_dags/example_xcomargs.py
[2025-04-08T00:46:17.853+0000] {logging_mixin.py:190} INFO - [2025-04-08T00:46:17.853+0000] {dag.py:3239} INFO - Sync 2 DAGs
[2025-04-08T00:46:17.868+0000] {logging_mixin.py:190} INFO - [2025-04-08T00:46:17.868+0000] {dag.py:4180} INFO - Setting next_dagrun for example_xcom_args to None, run_after=None
[2025-04-08T00:46:17.872+0000] {logging_mixin.py:190} INFO - [2025-04-08T00:46:17.872+0000] {dag.py:4180} INFO - Setting next_dagrun for example_xcom_args_with_operators to None, run_after=None
[2025-04-08T00:46:17.898+0000] {processor.py:208} INFO - Processing /home/airflow/.local/lib/python3.12/site-packages/airflow/example_dags/example_xcomargs.py took 0.089 seconds
[2025-04-08T00:46:48.415+0000] {processor.py:186} INFO - Started process (PID=6240) to work on /home/airflow/.local/lib/python3.12/site-packages/airflow/example_dags/example_xcomargs.py
[2025-04-08T00:46:48.417+0000] {processor.py:914} INFO - Processing file /home/airflow/.local/lib/python3.12/site-packages/airflow/example_dags/example_xcomargs.py for tasks to queue
[2025-04-08T00:46:48.419+0000] {logging_mixin.py:190} INFO - [2025-04-08T00:46:48.419+0000] {dagbag.py:588} INFO - Filling up the DagBag from /home/airflow/.local/lib/python3.12/site-packages/airflow/example_dags/example_xcomargs.py
[2025-04-08T00:46:48.433+0000] {processor.py:925} INFO - DAG(s) 'example_xcom_args', 'example_xcom_args_with_operators' retrieved from /home/airflow/.local/lib/python3.12/site-packages/airflow/example_dags/example_xcomargs.py
[2025-04-08T00:46:48.465+0000] {logging_mixin.py:190} INFO - [2025-04-08T00:46:48.464+0000] {dag.py:3239} INFO - Sync 2 DAGs
[2025-04-08T00:46:48.485+0000] {logging_mixin.py:190} INFO - [2025-04-08T00:46:48.485+0000] {dag.py:4180} INFO - Setting next_dagrun for example_xcom_args to None, run_after=None
[2025-04-08T00:46:48.490+0000] {logging_mixin.py:190} INFO - [2025-04-08T00:46:48.490+0000] {dag.py:4180} INFO - Setting next_dagrun for example_xcom_args_with_operators to None, run_after=None
[2025-04-08T00:46:48.515+0000] {processor.py:208} INFO - Processing /home/airflow/.local/lib/python3.12/site-packages/airflow/example_dags/example_xcomargs.py took 0.105 seconds
[2025-04-08T00:47:19.016+0000] {processor.py:186} INFO - Started process (PID=6303) to work on /home/airflow/.local/lib/python3.12/site-packages/airflow/example_dags/example_xcomargs.py
[2025-04-08T00:47:19.017+0000] {processor.py:914} INFO - Processing file /home/airflow/.local/lib/python3.12/site-packages/airflow/example_dags/example_xcomargs.py for tasks to queue
[2025-04-08T00:47:19.019+0000] {logging_mixin.py:190} INFO - [2025-04-08T00:47:19.019+0000] {dagbag.py:588} INFO - Filling up the DagBag from /home/airflow/.local/lib/python3.12/site-packages/airflow/example_dags/example_xcomargs.py
[2025-04-08T00:47:19.028+0000] {processor.py:925} INFO - DAG(s) 'example_xcom_args', 'example_xcom_args_with_operators' retrieved from /home/airflow/.local/lib/python3.12/site-packages/airflow/example_dags/example_xcomargs.py
[2025-04-08T00:47:19.051+0000] {logging_mixin.py:190} INFO - [2025-04-08T00:47:19.051+0000] {dag.py:3239} INFO - Sync 2 DAGs
[2025-04-08T00:47:19.065+0000] {logging_mixin.py:190} INFO - [2025-04-08T00:47:19.065+0000] {dag.py:4180} INFO - Setting next_dagrun for example_xcom_args to None, run_after=None
[2025-04-08T00:47:19.070+0000] {logging_mixin.py:190} INFO - [2025-04-08T00:47:19.070+0000] {dag.py:4180} INFO - Setting next_dagrun for example_xcom_args_with_operators to None, run_after=None
[2025-04-08T00:47:19.087+0000] {processor.py:208} INFO - Processing /home/airflow/.local/lib/python3.12/site-packages/airflow/example_dags/example_xcomargs.py took 0.076 seconds
[2025-04-08T00:47:49.826+0000] {processor.py:186} INFO - Started process (PID=6364) to work on /home/airflow/.local/lib/python3.12/site-packages/airflow/example_dags/example_xcomargs.py
[2025-04-08T00:47:49.827+0000] {processor.py:914} INFO - Processing file /home/airflow/.local/lib/python3.12/site-packages/airflow/example_dags/example_xcomargs.py for tasks to queue
[2025-04-08T00:47:49.829+0000] {logging_mixin.py:190} INFO - [2025-04-08T00:47:49.829+0000] {dagbag.py:588} INFO - Filling up the DagBag from /home/airflow/.local/lib/python3.12/site-packages/airflow/example_dags/example_xcomargs.py
[2025-04-08T00:47:49.841+0000] {processor.py:925} INFO - DAG(s) 'example_xcom_args_with_operators', 'example_xcom_args' retrieved from /home/airflow/.local/lib/python3.12/site-packages/airflow/example_dags/example_xcomargs.py
[2025-04-08T00:47:49.870+0000] {logging_mixin.py:190} INFO - [2025-04-08T00:47:49.870+0000] {dag.py:3239} INFO - Sync 2 DAGs
[2025-04-08T00:47:49.886+0000] {logging_mixin.py:190} INFO - [2025-04-08T00:47:49.886+0000] {dag.py:4180} INFO - Setting next_dagrun for example_xcom_args to None, run_after=None
[2025-04-08T00:47:49.890+0000] {logging_mixin.py:190} INFO - [2025-04-08T00:47:49.890+0000] {dag.py:4180} INFO - Setting next_dagrun for example_xcom_args_with_operators to None, run_after=None
[2025-04-08T00:47:49.910+0000] {processor.py:208} INFO - Processing /home/airflow/.local/lib/python3.12/site-packages/airflow/example_dags/example_xcomargs.py took 0.091 seconds
[2025-04-08T00:48:20.362+0000] {processor.py:186} INFO - Started process (PID=6426) to work on /home/airflow/.local/lib/python3.12/site-packages/airflow/example_dags/example_xcomargs.py
[2025-04-08T00:48:20.363+0000] {processor.py:914} INFO - Processing file /home/airflow/.local/lib/python3.12/site-packages/airflow/example_dags/example_xcomargs.py for tasks to queue
[2025-04-08T00:48:20.365+0000] {logging_mixin.py:190} INFO - [2025-04-08T00:48:20.365+0000] {dagbag.py:588} INFO - Filling up the DagBag from /home/airflow/.local/lib/python3.12/site-packages/airflow/example_dags/example_xcomargs.py
[2025-04-08T00:48:20.380+0000] {processor.py:925} INFO - DAG(s) 'example_xcom_args_with_operators', 'example_xcom_args' retrieved from /home/airflow/.local/lib/python3.12/site-packages/airflow/example_dags/example_xcomargs.py
[2025-04-08T00:48:20.410+0000] {logging_mixin.py:190} INFO - [2025-04-08T00:48:20.410+0000] {dag.py:3239} INFO - Sync 2 DAGs
[2025-04-08T00:48:20.428+0000] {logging_mixin.py:190} INFO - [2025-04-08T00:48:20.427+0000] {dag.py:4180} INFO - Setting next_dagrun for example_xcom_args to None, run_after=None
[2025-04-08T00:48:20.433+0000] {logging_mixin.py:190} INFO - [2025-04-08T00:48:20.433+0000] {dag.py:4180} INFO - Setting next_dagrun for example_xcom_args_with_operators to None, run_after=None
[2025-04-08T00:48:20.458+0000] {processor.py:208} INFO - Processing /home/airflow/.local/lib/python3.12/site-packages/airflow/example_dags/example_xcomargs.py took 0.103 seconds
[2025-04-08T00:48:51.518+0000] {processor.py:186} INFO - Started process (PID=6488) to work on /home/airflow/.local/lib/python3.12/site-packages/airflow/example_dags/example_xcomargs.py
[2025-04-08T00:48:51.520+0000] {processor.py:914} INFO - Processing file /home/airflow/.local/lib/python3.12/site-packages/airflow/example_dags/example_xcomargs.py for tasks to queue
[2025-04-08T00:48:51.523+0000] {logging_mixin.py:190} INFO - [2025-04-08T00:48:51.522+0000] {dagbag.py:588} INFO - Filling up the DagBag from /home/airflow/.local/lib/python3.12/site-packages/airflow/example_dags/example_xcomargs.py
[2025-04-08T00:48:51.540+0000] {processor.py:925} INFO - DAG(s) 'example_xcom_args', 'example_xcom_args_with_operators' retrieved from /home/airflow/.local/lib/python3.12/site-packages/airflow/example_dags/example_xcomargs.py
[2025-04-08T00:48:51.573+0000] {logging_mixin.py:190} INFO - [2025-04-08T00:48:51.573+0000] {dag.py:3239} INFO - Sync 2 DAGs
[2025-04-08T00:48:51.594+0000] {logging_mixin.py:190} INFO - [2025-04-08T00:48:51.594+0000] {dag.py:4180} INFO - Setting next_dagrun for example_xcom_args to None, run_after=None
[2025-04-08T00:48:51.601+0000] {logging_mixin.py:190} INFO - [2025-04-08T00:48:51.600+0000] {dag.py:4180} INFO - Setting next_dagrun for example_xcom_args_with_operators to None, run_after=None
[2025-04-08T00:48:51.627+0000] {processor.py:208} INFO - Processing /home/airflow/.local/lib/python3.12/site-packages/airflow/example_dags/example_xcomargs.py took 0.117 seconds
[2025-04-08T00:49:22.013+0000] {processor.py:186} INFO - Started process (PID=6552) to work on /home/airflow/.local/lib/python3.12/site-packages/airflow/example_dags/example_xcomargs.py
[2025-04-08T00:49:22.014+0000] {processor.py:914} INFO - Processing file /home/airflow/.local/lib/python3.12/site-packages/airflow/example_dags/example_xcomargs.py for tasks to queue
[2025-04-08T00:49:22.016+0000] {logging_mixin.py:190} INFO - [2025-04-08T00:49:22.016+0000] {dagbag.py:588} INFO - Filling up the DagBag from /home/airflow/.local/lib/python3.12/site-packages/airflow/example_dags/example_xcomargs.py
[2025-04-08T00:49:22.030+0000] {processor.py:925} INFO - DAG(s) 'example_xcom_args_with_operators', 'example_xcom_args' retrieved from /home/airflow/.local/lib/python3.12/site-packages/airflow/example_dags/example_xcomargs.py
[2025-04-08T00:49:22.057+0000] {logging_mixin.py:190} INFO - [2025-04-08T00:49:22.056+0000] {dag.py:3239} INFO - Sync 2 DAGs
[2025-04-08T00:49:22.070+0000] {logging_mixin.py:190} INFO - [2025-04-08T00:49:22.070+0000] {dag.py:4180} INFO - Setting next_dagrun for example_xcom_args to None, run_after=None
[2025-04-08T00:49:22.075+0000] {logging_mixin.py:190} INFO - [2025-04-08T00:49:22.075+0000] {dag.py:4180} INFO - Setting next_dagrun for example_xcom_args_with_operators to None, run_after=None
[2025-04-08T00:49:22.094+0000] {processor.py:208} INFO - Processing /home/airflow/.local/lib/python3.12/site-packages/airflow/example_dags/example_xcomargs.py took 0.087 seconds
[2025-04-08T00:49:52.857+0000] {processor.py:186} INFO - Started process (PID=6613) to work on /home/airflow/.local/lib/python3.12/site-packages/airflow/example_dags/example_xcomargs.py
[2025-04-08T00:49:52.858+0000] {processor.py:914} INFO - Processing file /home/airflow/.local/lib/python3.12/site-packages/airflow/example_dags/example_xcomargs.py for tasks to queue
[2025-04-08T00:49:52.860+0000] {logging_mixin.py:190} INFO - [2025-04-08T00:49:52.860+0000] {dagbag.py:588} INFO - Filling up the DagBag from /home/airflow/.local/lib/python3.12/site-packages/airflow/example_dags/example_xcomargs.py
[2025-04-08T00:49:52.871+0000] {processor.py:925} INFO - DAG(s) 'example_xcom_args', 'example_xcom_args_with_operators' retrieved from /home/airflow/.local/lib/python3.12/site-packages/airflow/example_dags/example_xcomargs.py
[2025-04-08T00:49:52.899+0000] {logging_mixin.py:190} INFO - [2025-04-08T00:49:52.899+0000] {dag.py:3239} INFO - Sync 2 DAGs
[2025-04-08T00:49:52.916+0000] {logging_mixin.py:190} INFO - [2025-04-08T00:49:52.915+0000] {dag.py:4180} INFO - Setting next_dagrun for example_xcom_args to None, run_after=None
[2025-04-08T00:49:52.920+0000] {logging_mixin.py:190} INFO - [2025-04-08T00:49:52.920+0000] {dag.py:4180} INFO - Setting next_dagrun for example_xcom_args_with_operators to None, run_after=None
[2025-04-08T00:49:52.941+0000] {processor.py:208} INFO - Processing /home/airflow/.local/lib/python3.12/site-packages/airflow/example_dags/example_xcomargs.py took 0.089 seconds
[2025-04-08T00:50:23.349+0000] {processor.py:186} INFO - Started process (PID=6676) to work on /home/airflow/.local/lib/python3.12/site-packages/airflow/example_dags/example_xcomargs.py
[2025-04-08T00:50:23.352+0000] {processor.py:914} INFO - Processing file /home/airflow/.local/lib/python3.12/site-packages/airflow/example_dags/example_xcomargs.py for tasks to queue
[2025-04-08T00:50:23.354+0000] {logging_mixin.py:190} INFO - [2025-04-08T00:50:23.353+0000] {dagbag.py:588} INFO - Filling up the DagBag from /home/airflow/.local/lib/python3.12/site-packages/airflow/example_dags/example_xcomargs.py
[2025-04-08T00:50:23.367+0000] {processor.py:925} INFO - DAG(s) 'example_xcom_args', 'example_xcom_args_with_operators' retrieved from /home/airflow/.local/lib/python3.12/site-packages/airflow/example_dags/example_xcomargs.py
[2025-04-08T00:50:23.404+0000] {logging_mixin.py:190} INFO - [2025-04-08T00:50:23.404+0000] {dag.py:3239} INFO - Sync 2 DAGs
[2025-04-08T00:50:23.434+0000] {logging_mixin.py:190} INFO - [2025-04-08T00:50:23.432+0000] {dag.py:4180} INFO - Setting next_dagrun for example_xcom_args to None, run_after=None
[2025-04-08T00:50:23.439+0000] {logging_mixin.py:190} INFO - [2025-04-08T00:50:23.439+0000] {dag.py:4180} INFO - Setting next_dagrun for example_xcom_args_with_operators to None, run_after=None
[2025-04-08T00:50:23.471+0000] {processor.py:208} INFO - Processing /home/airflow/.local/lib/python3.12/site-packages/airflow/example_dags/example_xcomargs.py took 0.134 seconds
[2025-04-08T00:50:54.373+0000] {processor.py:186} INFO - Started process (PID=6739) to work on /home/airflow/.local/lib/python3.12/site-packages/airflow/example_dags/example_xcomargs.py
[2025-04-08T00:50:54.375+0000] {processor.py:914} INFO - Processing file /home/airflow/.local/lib/python3.12/site-packages/airflow/example_dags/example_xcomargs.py for tasks to queue
[2025-04-08T00:50:54.378+0000] {logging_mixin.py:190} INFO - [2025-04-08T00:50:54.378+0000] {dagbag.py:588} INFO - Filling up the DagBag from /home/airflow/.local/lib/python3.12/site-packages/airflow/example_dags/example_xcomargs.py
[2025-04-08T00:50:54.400+0000] {processor.py:925} INFO - DAG(s) 'example_xcom_args_with_operators', 'example_xcom_args' retrieved from /home/airflow/.local/lib/python3.12/site-packages/airflow/example_dags/example_xcomargs.py
[2025-04-08T00:50:54.466+0000] {logging_mixin.py:190} INFO - [2025-04-08T00:50:54.465+0000] {dag.py:3239} INFO - Sync 2 DAGs
[2025-04-08T00:50:54.500+0000] {logging_mixin.py:190} INFO - [2025-04-08T00:50:54.499+0000] {dag.py:4180} INFO - Setting next_dagrun for example_xcom_args to None, run_after=None
[2025-04-08T00:50:54.508+0000] {logging_mixin.py:190} INFO - [2025-04-08T00:50:54.507+0000] {dag.py:4180} INFO - Setting next_dagrun for example_xcom_args_with_operators to None, run_after=None
[2025-04-08T00:50:54.547+0000] {processor.py:208} INFO - Processing /home/airflow/.local/lib/python3.12/site-packages/airflow/example_dags/example_xcomargs.py took 0.182 seconds
[2025-04-08T00:51:24.662+0000] {processor.py:186} INFO - Started process (PID=6802) to work on /home/airflow/.local/lib/python3.12/site-packages/airflow/example_dags/example_xcomargs.py
[2025-04-08T00:51:24.665+0000] {processor.py:914} INFO - Processing file /home/airflow/.local/lib/python3.12/site-packages/airflow/example_dags/example_xcomargs.py for tasks to queue
[2025-04-08T00:51:24.668+0000] {logging_mixin.py:190} INFO - [2025-04-08T00:51:24.667+0000] {dagbag.py:588} INFO - Filling up the DagBag from /home/airflow/.local/lib/python3.12/site-packages/airflow/example_dags/example_xcomargs.py
[2025-04-08T00:51:24.684+0000] {processor.py:925} INFO - DAG(s) 'example_xcom_args', 'example_xcom_args_with_operators' retrieved from /home/airflow/.local/lib/python3.12/site-packages/airflow/example_dags/example_xcomargs.py
[2025-04-08T00:51:24.712+0000] {logging_mixin.py:190} INFO - [2025-04-08T00:51:24.712+0000] {dag.py:3239} INFO - Sync 2 DAGs
[2025-04-08T00:51:24.727+0000] {logging_mixin.py:190} INFO - [2025-04-08T00:51:24.727+0000] {dag.py:4180} INFO - Setting next_dagrun for example_xcom_args to None, run_after=None
[2025-04-08T00:51:24.732+0000] {logging_mixin.py:190} INFO - [2025-04-08T00:51:24.732+0000] {dag.py:4180} INFO - Setting next_dagrun for example_xcom_args_with_operators to None, run_after=None
[2025-04-08T00:51:24.751+0000] {processor.py:208} INFO - Processing /home/airflow/.local/lib/python3.12/site-packages/airflow/example_dags/example_xcomargs.py took 0.097 seconds
[2025-04-08T00:51:54.924+0000] {processor.py:186} INFO - Started process (PID=6865) to work on /home/airflow/.local/lib/python3.12/site-packages/airflow/example_dags/example_xcomargs.py
[2025-04-08T00:51:54.926+0000] {processor.py:914} INFO - Processing file /home/airflow/.local/lib/python3.12/site-packages/airflow/example_dags/example_xcomargs.py for tasks to queue
[2025-04-08T00:51:54.930+0000] {logging_mixin.py:190} INFO - [2025-04-08T00:51:54.929+0000] {dagbag.py:588} INFO - Filling up the DagBag from /home/airflow/.local/lib/python3.12/site-packages/airflow/example_dags/example_xcomargs.py
[2025-04-08T00:51:54.949+0000] {processor.py:925} INFO - DAG(s) 'example_xcom_args', 'example_xcom_args_with_operators' retrieved from /home/airflow/.local/lib/python3.12/site-packages/airflow/example_dags/example_xcomargs.py
[2025-04-08T00:51:54.991+0000] {logging_mixin.py:190} INFO - [2025-04-08T00:51:54.990+0000] {dag.py:3239} INFO - Sync 2 DAGs
[2025-04-08T00:51:55.016+0000] {logging_mixin.py:190} INFO - [2025-04-08T00:51:55.015+0000] {dag.py:4180} INFO - Setting next_dagrun for example_xcom_args to None, run_after=None
[2025-04-08T00:51:55.024+0000] {logging_mixin.py:190} INFO - [2025-04-08T00:51:55.023+0000] {dag.py:4180} INFO - Setting next_dagrun for example_xcom_args_with_operators to None, run_after=None
[2025-04-08T00:51:55.050+0000] {processor.py:208} INFO - Processing /home/airflow/.local/lib/python3.12/site-packages/airflow/example_dags/example_xcomargs.py took 0.133 seconds
[2025-04-08T00:52:25.499+0000] {processor.py:186} INFO - Started process (PID=6927) to work on /home/airflow/.local/lib/python3.12/site-packages/airflow/example_dags/example_xcomargs.py
[2025-04-08T00:52:25.501+0000] {processor.py:914} INFO - Processing file /home/airflow/.local/lib/python3.12/site-packages/airflow/example_dags/example_xcomargs.py for tasks to queue
[2025-04-08T00:52:25.502+0000] {logging_mixin.py:190} INFO - [2025-04-08T00:52:25.502+0000] {dagbag.py:588} INFO - Filling up the DagBag from /home/airflow/.local/lib/python3.12/site-packages/airflow/example_dags/example_xcomargs.py
[2025-04-08T00:52:25.513+0000] {processor.py:925} INFO - DAG(s) 'example_xcom_args', 'example_xcom_args_with_operators' retrieved from /home/airflow/.local/lib/python3.12/site-packages/airflow/example_dags/example_xcomargs.py
[2025-04-08T00:52:25.536+0000] {logging_mixin.py:190} INFO - [2025-04-08T00:52:25.536+0000] {dag.py:3239} INFO - Sync 2 DAGs
[2025-04-08T00:52:25.551+0000] {logging_mixin.py:190} INFO - [2025-04-08T00:52:25.551+0000] {dag.py:4180} INFO - Setting next_dagrun for example_xcom_args to None, run_after=None
[2025-04-08T00:52:25.555+0000] {logging_mixin.py:190} INFO - [2025-04-08T00:52:25.555+0000] {dag.py:4180} INFO - Setting next_dagrun for example_xcom_args_with_operators to None, run_after=None
[2025-04-08T00:52:25.579+0000] {processor.py:208} INFO - Processing /home/airflow/.local/lib/python3.12/site-packages/airflow/example_dags/example_xcomargs.py took 0.085 seconds
[2025-04-08T00:52:55.772+0000] {processor.py:186} INFO - Started process (PID=6990) to work on /home/airflow/.local/lib/python3.12/site-packages/airflow/example_dags/example_xcomargs.py
[2025-04-08T00:52:55.774+0000] {processor.py:914} INFO - Processing file /home/airflow/.local/lib/python3.12/site-packages/airflow/example_dags/example_xcomargs.py for tasks to queue
[2025-04-08T00:52:55.777+0000] {logging_mixin.py:190} INFO - [2025-04-08T00:52:55.776+0000] {dagbag.py:588} INFO - Filling up the DagBag from /home/airflow/.local/lib/python3.12/site-packages/airflow/example_dags/example_xcomargs.py
[2025-04-08T00:52:55.793+0000] {processor.py:925} INFO - DAG(s) 'example_xcom_args_with_operators', 'example_xcom_args' retrieved from /home/airflow/.local/lib/python3.12/site-packages/airflow/example_dags/example_xcomargs.py
[2025-04-08T00:52:55.835+0000] {logging_mixin.py:190} INFO - [2025-04-08T00:52:55.835+0000] {dag.py:3239} INFO - Sync 2 DAGs
[2025-04-08T00:52:55.862+0000] {logging_mixin.py:190} INFO - [2025-04-08T00:52:55.862+0000] {dag.py:4180} INFO - Setting next_dagrun for example_xcom_args to None, run_after=None
[2025-04-08T00:52:55.867+0000] {logging_mixin.py:190} INFO - [2025-04-08T00:52:55.867+0000] {dag.py:4180} INFO - Setting next_dagrun for example_xcom_args_with_operators to None, run_after=None
[2025-04-08T00:52:55.911+0000] {processor.py:208} INFO - Processing /home/airflow/.local/lib/python3.12/site-packages/airflow/example_dags/example_xcomargs.py took 0.146 seconds
[2025-04-08T00:53:26.074+0000] {processor.py:186} INFO - Started process (PID=7053) to work on /home/airflow/.local/lib/python3.12/site-packages/airflow/example_dags/example_xcomargs.py
[2025-04-08T00:53:26.075+0000] {processor.py:914} INFO - Processing file /home/airflow/.local/lib/python3.12/site-packages/airflow/example_dags/example_xcomargs.py for tasks to queue
[2025-04-08T00:53:26.077+0000] {logging_mixin.py:190} INFO - [2025-04-08T00:53:26.077+0000] {dagbag.py:588} INFO - Filling up the DagBag from /home/airflow/.local/lib/python3.12/site-packages/airflow/example_dags/example_xcomargs.py
[2025-04-08T00:53:26.087+0000] {processor.py:925} INFO - DAG(s) 'example_xcom_args_with_operators', 'example_xcom_args' retrieved from /home/airflow/.local/lib/python3.12/site-packages/airflow/example_dags/example_xcomargs.py
[2025-04-08T00:53:26.115+0000] {logging_mixin.py:190} INFO - [2025-04-08T00:53:26.114+0000] {dag.py:3239} INFO - Sync 2 DAGs
[2025-04-08T00:53:26.131+0000] {logging_mixin.py:190} INFO - [2025-04-08T00:53:26.130+0000] {dag.py:4180} INFO - Setting next_dagrun for example_xcom_args to None, run_after=None
[2025-04-08T00:53:26.136+0000] {logging_mixin.py:190} INFO - [2025-04-08T00:53:26.135+0000] {dag.py:4180} INFO - Setting next_dagrun for example_xcom_args_with_operators to None, run_after=None
[2025-04-08T00:53:26.155+0000] {processor.py:208} INFO - Processing /home/airflow/.local/lib/python3.12/site-packages/airflow/example_dags/example_xcomargs.py took 0.086 seconds
[2025-04-08T00:53:56.601+0000] {processor.py:186} INFO - Started process (PID=7116) to work on /home/airflow/.local/lib/python3.12/site-packages/airflow/example_dags/example_xcomargs.py
[2025-04-08T00:53:56.603+0000] {processor.py:914} INFO - Processing file /home/airflow/.local/lib/python3.12/site-packages/airflow/example_dags/example_xcomargs.py for tasks to queue
[2025-04-08T00:53:56.605+0000] {logging_mixin.py:190} INFO - [2025-04-08T00:53:56.605+0000] {dagbag.py:588} INFO - Filling up the DagBag from /home/airflow/.local/lib/python3.12/site-packages/airflow/example_dags/example_xcomargs.py
[2025-04-08T00:53:56.637+0000] {processor.py:925} INFO - DAG(s) 'example_xcom_args_with_operators', 'example_xcom_args' retrieved from /home/airflow/.local/lib/python3.12/site-packages/airflow/example_dags/example_xcomargs.py
[2025-04-08T00:53:56.696+0000] {logging_mixin.py:190} INFO - [2025-04-08T00:53:56.696+0000] {dag.py:3239} INFO - Sync 2 DAGs
[2025-04-08T00:53:56.727+0000] {logging_mixin.py:190} INFO - [2025-04-08T00:53:56.727+0000] {dag.py:4180} INFO - Setting next_dagrun for example_xcom_args to None, run_after=None
[2025-04-08T00:53:56.736+0000] {logging_mixin.py:190} INFO - [2025-04-08T00:53:56.736+0000] {dag.py:4180} INFO - Setting next_dagrun for example_xcom_args_with_operators to None, run_after=None
[2025-04-08T00:53:56.784+0000] {processor.py:208} INFO - Processing /home/airflow/.local/lib/python3.12/site-packages/airflow/example_dags/example_xcomargs.py took 0.198 seconds
[2025-04-08T00:54:27.118+0000] {processor.py:186} INFO - Started process (PID=7179) to work on /home/airflow/.local/lib/python3.12/site-packages/airflow/example_dags/example_xcomargs.py
[2025-04-08T00:54:27.121+0000] {processor.py:914} INFO - Processing file /home/airflow/.local/lib/python3.12/site-packages/airflow/example_dags/example_xcomargs.py for tasks to queue
[2025-04-08T00:54:27.123+0000] {logging_mixin.py:190} INFO - [2025-04-08T00:54:27.123+0000] {dagbag.py:588} INFO - Filling up the DagBag from /home/airflow/.local/lib/python3.12/site-packages/airflow/example_dags/example_xcomargs.py
[2025-04-08T00:54:27.149+0000] {processor.py:925} INFO - DAG(s) 'example_xcom_args', 'example_xcom_args_with_operators' retrieved from /home/airflow/.local/lib/python3.12/site-packages/airflow/example_dags/example_xcomargs.py
[2025-04-08T00:54:27.208+0000] {logging_mixin.py:190} INFO - [2025-04-08T00:54:27.208+0000] {dag.py:3239} INFO - Sync 2 DAGs
[2025-04-08T00:54:27.254+0000] {logging_mixin.py:190} INFO - [2025-04-08T00:54:27.254+0000] {dag.py:4180} INFO - Setting next_dagrun for example_xcom_args to None, run_after=None
[2025-04-08T00:54:27.267+0000] {logging_mixin.py:190} INFO - [2025-04-08T00:54:27.266+0000] {dag.py:4180} INFO - Setting next_dagrun for example_xcom_args_with_operators to None, run_after=None
[2025-04-08T00:54:27.316+0000] {processor.py:208} INFO - Processing /home/airflow/.local/lib/python3.12/site-packages/airflow/example_dags/example_xcomargs.py took 0.218 seconds
[2025-04-08T00:54:57.533+0000] {processor.py:186} INFO - Started process (PID=7242) to work on /home/airflow/.local/lib/python3.12/site-packages/airflow/example_dags/example_xcomargs.py
[2025-04-08T00:54:57.535+0000] {processor.py:914} INFO - Processing file /home/airflow/.local/lib/python3.12/site-packages/airflow/example_dags/example_xcomargs.py for tasks to queue
[2025-04-08T00:54:57.536+0000] {logging_mixin.py:190} INFO - [2025-04-08T00:54:57.536+0000] {dagbag.py:588} INFO - Filling up the DagBag from /home/airflow/.local/lib/python3.12/site-packages/airflow/example_dags/example_xcomargs.py
[2025-04-08T00:54:57.549+0000] {processor.py:925} INFO - DAG(s) 'example_xcom_args', 'example_xcom_args_with_operators' retrieved from /home/airflow/.local/lib/python3.12/site-packages/airflow/example_dags/example_xcomargs.py
[2025-04-08T00:54:57.585+0000] {logging_mixin.py:190} INFO - [2025-04-08T00:54:57.585+0000] {dag.py:3239} INFO - Sync 2 DAGs
[2025-04-08T00:54:57.607+0000] {logging_mixin.py:190} INFO - [2025-04-08T00:54:57.606+0000] {dag.py:4180} INFO - Setting next_dagrun for example_xcom_args to None, run_after=None
[2025-04-08T00:54:57.612+0000] {logging_mixin.py:190} INFO - [2025-04-08T00:54:57.612+0000] {dag.py:4180} INFO - Setting next_dagrun for example_xcom_args_with_operators to None, run_after=None
[2025-04-08T00:54:57.637+0000] {processor.py:208} INFO - Processing /home/airflow/.local/lib/python3.12/site-packages/airflow/example_dags/example_xcomargs.py took 0.111 seconds
[2025-04-08T00:55:28.330+0000] {processor.py:186} INFO - Started process (PID=7305) to work on /home/airflow/.local/lib/python3.12/site-packages/airflow/example_dags/example_xcomargs.py
[2025-04-08T00:55:28.334+0000] {processor.py:914} INFO - Processing file /home/airflow/.local/lib/python3.12/site-packages/airflow/example_dags/example_xcomargs.py for tasks to queue
[2025-04-08T00:55:28.339+0000] {logging_mixin.py:190} INFO - [2025-04-08T00:55:28.338+0000] {dagbag.py:588} INFO - Filling up the DagBag from /home/airflow/.local/lib/python3.12/site-packages/airflow/example_dags/example_xcomargs.py
[2025-04-08T00:55:28.366+0000] {processor.py:925} INFO - DAG(s) 'example_xcom_args', 'example_xcom_args_with_operators' retrieved from /home/airflow/.local/lib/python3.12/site-packages/airflow/example_dags/example_xcomargs.py
[2025-04-08T00:55:28.424+0000] {logging_mixin.py:190} INFO - [2025-04-08T00:55:28.423+0000] {dag.py:3239} INFO - Sync 2 DAGs
[2025-04-08T00:55:28.470+0000] {logging_mixin.py:190} INFO - [2025-04-08T00:55:28.469+0000] {dag.py:4180} INFO - Setting next_dagrun for example_xcom_args to None, run_after=None
[2025-04-08T00:55:28.488+0000] {logging_mixin.py:190} INFO - [2025-04-08T00:55:28.487+0000] {dag.py:4180} INFO - Setting next_dagrun for example_xcom_args_with_operators to None, run_after=None
[2025-04-08T00:55:28.567+0000] {processor.py:208} INFO - Processing /home/airflow/.local/lib/python3.12/site-packages/airflow/example_dags/example_xcomargs.py took 0.252 seconds
[2025-04-08T00:55:59.345+0000] {processor.py:186} INFO - Started process (PID=7368) to work on /home/airflow/.local/lib/python3.12/site-packages/airflow/example_dags/example_xcomargs.py
[2025-04-08T00:55:59.348+0000] {processor.py:914} INFO - Processing file /home/airflow/.local/lib/python3.12/site-packages/airflow/example_dags/example_xcomargs.py for tasks to queue
[2025-04-08T00:55:59.352+0000] {logging_mixin.py:190} INFO - [2025-04-08T00:55:59.351+0000] {dagbag.py:588} INFO - Filling up the DagBag from /home/airflow/.local/lib/python3.12/site-packages/airflow/example_dags/example_xcomargs.py
[2025-04-08T00:55:59.392+0000] {processor.py:925} INFO - DAG(s) 'example_xcom_args_with_operators', 'example_xcom_args' retrieved from /home/airflow/.local/lib/python3.12/site-packages/airflow/example_dags/example_xcomargs.py
[2025-04-08T00:55:59.461+0000] {logging_mixin.py:190} INFO - [2025-04-08T00:55:59.460+0000] {dag.py:3239} INFO - Sync 2 DAGs
[2025-04-08T00:55:59.494+0000] {logging_mixin.py:190} INFO - [2025-04-08T00:55:59.494+0000] {dag.py:4180} INFO - Setting next_dagrun for example_xcom_args to None, run_after=None
[2025-04-08T00:55:59.503+0000] {logging_mixin.py:190} INFO - [2025-04-08T00:55:59.502+0000] {dag.py:4180} INFO - Setting next_dagrun for example_xcom_args_with_operators to None, run_after=None
[2025-04-08T00:55:59.546+0000] {processor.py:208} INFO - Processing /home/airflow/.local/lib/python3.12/site-packages/airflow/example_dags/example_xcomargs.py took 0.224 seconds
[2025-04-08T00:56:29.949+0000] {processor.py:186} INFO - Started process (PID=7431) to work on /home/airflow/.local/lib/python3.12/site-packages/airflow/example_dags/example_xcomargs.py
[2025-04-08T00:56:29.952+0000] {processor.py:914} INFO - Processing file /home/airflow/.local/lib/python3.12/site-packages/airflow/example_dags/example_xcomargs.py for tasks to queue
[2025-04-08T00:56:29.958+0000] {logging_mixin.py:190} INFO - [2025-04-08T00:56:29.957+0000] {dagbag.py:588} INFO - Filling up the DagBag from /home/airflow/.local/lib/python3.12/site-packages/airflow/example_dags/example_xcomargs.py
[2025-04-08T00:56:29.989+0000] {processor.py:925} INFO - DAG(s) 'example_xcom_args_with_operators', 'example_xcom_args' retrieved from /home/airflow/.local/lib/python3.12/site-packages/airflow/example_dags/example_xcomargs.py
[2025-04-08T00:56:30.036+0000] {logging_mixin.py:190} INFO - [2025-04-08T00:56:30.035+0000] {dag.py:3239} INFO - Sync 2 DAGs
[2025-04-08T00:56:30.079+0000] {logging_mixin.py:190} INFO - [2025-04-08T00:56:30.079+0000] {dag.py:4180} INFO - Setting next_dagrun for example_xcom_args to None, run_after=None
[2025-04-08T00:56:30.090+0000] {logging_mixin.py:190} INFO - [2025-04-08T00:56:30.090+0000] {dag.py:4180} INFO - Setting next_dagrun for example_xcom_args_with_operators to None, run_after=None
[2025-04-08T00:56:30.144+0000] {processor.py:208} INFO - Processing /home/airflow/.local/lib/python3.12/site-packages/airflow/example_dags/example_xcomargs.py took 0.211 seconds
[2025-04-08T00:57:00.956+0000] {processor.py:186} INFO - Started process (PID=7494) to work on /home/airflow/.local/lib/python3.12/site-packages/airflow/example_dags/example_xcomargs.py
[2025-04-08T00:57:00.959+0000] {processor.py:914} INFO - Processing file /home/airflow/.local/lib/python3.12/site-packages/airflow/example_dags/example_xcomargs.py for tasks to queue
[2025-04-08T00:57:00.963+0000] {logging_mixin.py:190} INFO - [2025-04-08T00:57:00.962+0000] {dagbag.py:588} INFO - Filling up the DagBag from /home/airflow/.local/lib/python3.12/site-packages/airflow/example_dags/example_xcomargs.py
[2025-04-08T00:57:00.995+0000] {processor.py:925} INFO - DAG(s) 'example_xcom_args', 'example_xcom_args_with_operators' retrieved from /home/airflow/.local/lib/python3.12/site-packages/airflow/example_dags/example_xcomargs.py
[2025-04-08T00:57:01.058+0000] {logging_mixin.py:190} INFO - [2025-04-08T00:57:01.057+0000] {dag.py:3239} INFO - Sync 2 DAGs
[2025-04-08T00:57:01.093+0000] {logging_mixin.py:190} INFO - [2025-04-08T00:57:01.092+0000] {dag.py:4180} INFO - Setting next_dagrun for example_xcom_args to None, run_after=None
[2025-04-08T00:57:01.107+0000] {logging_mixin.py:190} INFO - [2025-04-08T00:57:01.107+0000] {dag.py:4180} INFO - Setting next_dagrun for example_xcom_args_with_operators to None, run_after=None
[2025-04-08T00:57:01.149+0000] {processor.py:208} INFO - Processing /home/airflow/.local/lib/python3.12/site-packages/airflow/example_dags/example_xcomargs.py took 0.210 seconds
[2025-04-08T00:57:31.295+0000] {processor.py:186} INFO - Started process (PID=7556) to work on /home/airflow/.local/lib/python3.12/site-packages/airflow/example_dags/example_xcomargs.py
[2025-04-08T00:57:31.299+0000] {processor.py:914} INFO - Processing file /home/airflow/.local/lib/python3.12/site-packages/airflow/example_dags/example_xcomargs.py for tasks to queue
[2025-04-08T00:57:31.302+0000] {logging_mixin.py:190} INFO - [2025-04-08T00:57:31.301+0000] {dagbag.py:588} INFO - Filling up the DagBag from /home/airflow/.local/lib/python3.12/site-packages/airflow/example_dags/example_xcomargs.py
[2025-04-08T00:57:31.330+0000] {processor.py:925} INFO - DAG(s) 'example_xcom_args_with_operators', 'example_xcom_args' retrieved from /home/airflow/.local/lib/python3.12/site-packages/airflow/example_dags/example_xcomargs.py
[2025-04-08T00:57:31.384+0000] {logging_mixin.py:190} INFO - [2025-04-08T00:57:31.383+0000] {dag.py:3239} INFO - Sync 2 DAGs
[2025-04-08T00:57:31.427+0000] {logging_mixin.py:190} INFO - [2025-04-08T00:57:31.426+0000] {dag.py:4180} INFO - Setting next_dagrun for example_xcom_args to None, run_after=None
[2025-04-08T00:57:31.436+0000] {logging_mixin.py:190} INFO - [2025-04-08T00:57:31.436+0000] {dag.py:4180} INFO - Setting next_dagrun for example_xcom_args_with_operators to None, run_after=None
[2025-04-08T00:57:31.479+0000] {processor.py:208} INFO - Processing /home/airflow/.local/lib/python3.12/site-packages/airflow/example_dags/example_xcomargs.py took 0.198 seconds
[2025-04-08T00:58:05.103+0000] {processor.py:186} INFO - Started process (PID=7620) to work on /home/airflow/.local/lib/python3.12/site-packages/airflow/example_dags/example_xcomargs.py
[2025-04-08T00:58:05.119+0000] {processor.py:914} INFO - Processing file /home/airflow/.local/lib/python3.12/site-packages/airflow/example_dags/example_xcomargs.py for tasks to queue
[2025-04-08T00:58:05.152+0000] {logging_mixin.py:190} INFO - [2025-04-08T00:58:05.150+0000] {dagbag.py:588} INFO - Filling up the DagBag from /home/airflow/.local/lib/python3.12/site-packages/airflow/example_dags/example_xcomargs.py
[2025-04-08T00:58:05.399+0000] {processor.py:925} INFO - DAG(s) 'example_xcom_args', 'example_xcom_args_with_operators' retrieved from /home/airflow/.local/lib/python3.12/site-packages/airflow/example_dags/example_xcomargs.py
[2025-04-08T00:58:05.720+0000] {logging_mixin.py:190} INFO - [2025-04-08T00:58:05.718+0000] {dag.py:3239} INFO - Sync 2 DAGs
[2025-04-08T00:58:05.820+0000] {logging_mixin.py:190} INFO - [2025-04-08T00:58:05.819+0000] {dag.py:4180} INFO - Setting next_dagrun for example_xcom_args to None, run_after=None
[2025-04-08T00:58:05.886+0000] {logging_mixin.py:190} INFO - [2025-04-08T00:58:05.884+0000] {dag.py:4180} INFO - Setting next_dagrun for example_xcom_args_with_operators to None, run_after=None
[2025-04-08T00:58:06.141+0000] {processor.py:208} INFO - Processing /home/airflow/.local/lib/python3.12/site-packages/airflow/example_dags/example_xcomargs.py took 1.082 seconds
[2025-04-08T01:23:57.492+0000] {processor.py:186} INFO - Started process (PID=7682) to work on /home/airflow/.local/lib/python3.12/site-packages/airflow/example_dags/example_xcomargs.py
[2025-04-08T01:23:57.498+0000] {processor.py:914} INFO - Processing file /home/airflow/.local/lib/python3.12/site-packages/airflow/example_dags/example_xcomargs.py for tasks to queue
[2025-04-08T01:23:57.505+0000] {logging_mixin.py:190} INFO - [2025-04-08T01:23:57.503+0000] {dagbag.py:588} INFO - Filling up the DagBag from /home/airflow/.local/lib/python3.12/site-packages/airflow/example_dags/example_xcomargs.py
[2025-04-08T01:23:57.566+0000] {processor.py:925} INFO - DAG(s) 'example_xcom_args_with_operators', 'example_xcom_args' retrieved from /home/airflow/.local/lib/python3.12/site-packages/airflow/example_dags/example_xcomargs.py
[2025-04-08T01:23:57.667+0000] {logging_mixin.py:190} INFO - [2025-04-08T01:23:57.666+0000] {dag.py:3239} INFO - Sync 2 DAGs
[2025-04-08T01:23:57.700+0000] {logging_mixin.py:190} INFO - [2025-04-08T01:23:57.700+0000] {dag.py:4180} INFO - Setting next_dagrun for example_xcom_args to None, run_after=None
[2025-04-08T01:23:57.712+0000] {logging_mixin.py:190} INFO - [2025-04-08T01:23:57.712+0000] {dag.py:4180} INFO - Setting next_dagrun for example_xcom_args_with_operators to None, run_after=None
[2025-04-08T01:23:58.804+0000] {processor.py:208} INFO - Processing /home/airflow/.local/lib/python3.12/site-packages/airflow/example_dags/example_xcomargs.py took 1.346 seconds
[2025-04-08T01:24:29.021+0000] {processor.py:186} INFO - Started process (PID=7745) to work on /home/airflow/.local/lib/python3.12/site-packages/airflow/example_dags/example_xcomargs.py
[2025-04-08T01:24:29.022+0000] {processor.py:914} INFO - Processing file /home/airflow/.local/lib/python3.12/site-packages/airflow/example_dags/example_xcomargs.py for tasks to queue
[2025-04-08T01:24:29.025+0000] {logging_mixin.py:190} INFO - [2025-04-08T01:24:29.024+0000] {dagbag.py:588} INFO - Filling up the DagBag from /home/airflow/.local/lib/python3.12/site-packages/airflow/example_dags/example_xcomargs.py
[2025-04-08T01:24:29.039+0000] {processor.py:925} INFO - DAG(s) 'example_xcom_args_with_operators', 'example_xcom_args' retrieved from /home/airflow/.local/lib/python3.12/site-packages/airflow/example_dags/example_xcomargs.py
[2025-04-08T01:24:29.084+0000] {logging_mixin.py:190} INFO - [2025-04-08T01:24:29.084+0000] {dag.py:3239} INFO - Sync 2 DAGs
[2025-04-08T01:24:29.110+0000] {logging_mixin.py:190} INFO - [2025-04-08T01:24:29.109+0000] {dag.py:4180} INFO - Setting next_dagrun for example_xcom_args to None, run_after=None
[2025-04-08T01:24:29.117+0000] {logging_mixin.py:190} INFO - [2025-04-08T01:24:29.116+0000] {dag.py:4180} INFO - Setting next_dagrun for example_xcom_args_with_operators to None, run_after=None
[2025-04-08T01:24:29.155+0000] {processor.py:208} INFO - Processing /home/airflow/.local/lib/python3.12/site-packages/airflow/example_dags/example_xcomargs.py took 0.144 seconds
[2025-04-08T01:24:59.468+0000] {processor.py:186} INFO - Started process (PID=7808) to work on /home/airflow/.local/lib/python3.12/site-packages/airflow/example_dags/example_xcomargs.py
[2025-04-08T01:24:59.470+0000] {processor.py:914} INFO - Processing file /home/airflow/.local/lib/python3.12/site-packages/airflow/example_dags/example_xcomargs.py for tasks to queue
[2025-04-08T01:24:59.473+0000] {logging_mixin.py:190} INFO - [2025-04-08T01:24:59.473+0000] {dagbag.py:588} INFO - Filling up the DagBag from /home/airflow/.local/lib/python3.12/site-packages/airflow/example_dags/example_xcomargs.py
[2025-04-08T01:24:59.496+0000] {processor.py:925} INFO - DAG(s) 'example_xcom_args_with_operators', 'example_xcom_args' retrieved from /home/airflow/.local/lib/python3.12/site-packages/airflow/example_dags/example_xcomargs.py
[2025-04-08T01:24:59.553+0000] {logging_mixin.py:190} INFO - [2025-04-08T01:24:59.553+0000] {dag.py:3239} INFO - Sync 2 DAGs
[2025-04-08T01:24:59.577+0000] {logging_mixin.py:190} INFO - [2025-04-08T01:24:59.576+0000] {dag.py:4180} INFO - Setting next_dagrun for example_xcom_args to None, run_after=None
[2025-04-08T01:24:59.583+0000] {logging_mixin.py:190} INFO - [2025-04-08T01:24:59.582+0000] {dag.py:4180} INFO - Setting next_dagrun for example_xcom_args_with_operators to None, run_after=None
[2025-04-08T01:24:59.617+0000] {processor.py:208} INFO - Processing /home/airflow/.local/lib/python3.12/site-packages/airflow/example_dags/example_xcomargs.py took 0.165 seconds
[2025-04-08T01:25:30.062+0000] {processor.py:186} INFO - Started process (PID=7871) to work on /home/airflow/.local/lib/python3.12/site-packages/airflow/example_dags/example_xcomargs.py
[2025-04-08T01:25:30.064+0000] {processor.py:914} INFO - Processing file /home/airflow/.local/lib/python3.12/site-packages/airflow/example_dags/example_xcomargs.py for tasks to queue
[2025-04-08T01:25:30.068+0000] {logging_mixin.py:190} INFO - [2025-04-08T01:25:30.068+0000] {dagbag.py:588} INFO - Filling up the DagBag from /home/airflow/.local/lib/python3.12/site-packages/airflow/example_dags/example_xcomargs.py
[2025-04-08T01:25:30.093+0000] {processor.py:925} INFO - DAG(s) 'example_xcom_args_with_operators', 'example_xcom_args' retrieved from /home/airflow/.local/lib/python3.12/site-packages/airflow/example_dags/example_xcomargs.py
[2025-04-08T01:25:30.165+0000] {logging_mixin.py:190} INFO - [2025-04-08T01:25:30.164+0000] {dag.py:3239} INFO - Sync 2 DAGs
[2025-04-08T01:25:30.199+0000] {logging_mixin.py:190} INFO - [2025-04-08T01:25:30.199+0000] {dag.py:4180} INFO - Setting next_dagrun for example_xcom_args to None, run_after=None
[2025-04-08T01:25:30.207+0000] {logging_mixin.py:190} INFO - [2025-04-08T01:25:30.207+0000] {dag.py:4180} INFO - Setting next_dagrun for example_xcom_args_with_operators to None, run_after=None
[2025-04-08T01:25:30.241+0000] {processor.py:208} INFO - Processing /home/airflow/.local/lib/python3.12/site-packages/airflow/example_dags/example_xcomargs.py took 0.188 seconds
[2025-04-08T01:26:00.893+0000] {processor.py:186} INFO - Started process (PID=7934) to work on /home/airflow/.local/lib/python3.12/site-packages/airflow/example_dags/example_xcomargs.py
[2025-04-08T01:26:00.895+0000] {processor.py:914} INFO - Processing file /home/airflow/.local/lib/python3.12/site-packages/airflow/example_dags/example_xcomargs.py for tasks to queue
[2025-04-08T01:26:00.899+0000] {logging_mixin.py:190} INFO - [2025-04-08T01:26:00.898+0000] {dagbag.py:588} INFO - Filling up the DagBag from /home/airflow/.local/lib/python3.12/site-packages/airflow/example_dags/example_xcomargs.py
[2025-04-08T01:26:00.919+0000] {processor.py:925} INFO - DAG(s) 'example_xcom_args_with_operators', 'example_xcom_args' retrieved from /home/airflow/.local/lib/python3.12/site-packages/airflow/example_dags/example_xcomargs.py
[2025-04-08T01:26:00.968+0000] {logging_mixin.py:190} INFO - [2025-04-08T01:26:00.967+0000] {dag.py:3239} INFO - Sync 2 DAGs
[2025-04-08T01:26:00.992+0000] {logging_mixin.py:190} INFO - [2025-04-08T01:26:00.992+0000] {dag.py:4180} INFO - Setting next_dagrun for example_xcom_args to None, run_after=None
[2025-04-08T01:26:00.998+0000] {logging_mixin.py:190} INFO - [2025-04-08T01:26:00.998+0000] {dag.py:4180} INFO - Setting next_dagrun for example_xcom_args_with_operators to None, run_after=None
[2025-04-08T01:26:01.035+0000] {processor.py:208} INFO - Processing /home/airflow/.local/lib/python3.12/site-packages/airflow/example_dags/example_xcomargs.py took 0.155 seconds
[2025-04-08T01:26:31.268+0000] {processor.py:186} INFO - Started process (PID=7998) to work on /home/airflow/.local/lib/python3.12/site-packages/airflow/example_dags/example_xcomargs.py
[2025-04-08T01:26:31.270+0000] {processor.py:914} INFO - Processing file /home/airflow/.local/lib/python3.12/site-packages/airflow/example_dags/example_xcomargs.py for tasks to queue
[2025-04-08T01:26:31.272+0000] {logging_mixin.py:190} INFO - [2025-04-08T01:26:31.272+0000] {dagbag.py:588} INFO - Filling up the DagBag from /home/airflow/.local/lib/python3.12/site-packages/airflow/example_dags/example_xcomargs.py
[2025-04-08T01:26:31.284+0000] {processor.py:925} INFO - DAG(s) 'example_xcom_args', 'example_xcom_args_with_operators' retrieved from /home/airflow/.local/lib/python3.12/site-packages/airflow/example_dags/example_xcomargs.py
[2025-04-08T01:26:31.312+0000] {logging_mixin.py:190} INFO - [2025-04-08T01:26:31.312+0000] {dag.py:3239} INFO - Sync 2 DAGs
[2025-04-08T01:26:31.327+0000] {logging_mixin.py:190} INFO - [2025-04-08T01:26:31.327+0000] {dag.py:4180} INFO - Setting next_dagrun for example_xcom_args to None, run_after=None
[2025-04-08T01:26:31.332+0000] {logging_mixin.py:190} INFO - [2025-04-08T01:26:31.332+0000] {dag.py:4180} INFO - Setting next_dagrun for example_xcom_args_with_operators to None, run_after=None
[2025-04-08T01:26:31.354+0000] {processor.py:208} INFO - Processing /home/airflow/.local/lib/python3.12/site-packages/airflow/example_dags/example_xcomargs.py took 0.092 seconds
[2025-04-08T01:27:01.897+0000] {processor.py:186} INFO - Started process (PID=8060) to work on /home/airflow/.local/lib/python3.12/site-packages/airflow/example_dags/example_xcomargs.py
[2025-04-08T01:27:01.899+0000] {processor.py:914} INFO - Processing file /home/airflow/.local/lib/python3.12/site-packages/airflow/example_dags/example_xcomargs.py for tasks to queue
[2025-04-08T01:27:01.903+0000] {logging_mixin.py:190} INFO - [2025-04-08T01:27:01.902+0000] {dagbag.py:588} INFO - Filling up the DagBag from /home/airflow/.local/lib/python3.12/site-packages/airflow/example_dags/example_xcomargs.py
[2025-04-08T01:27:01.927+0000] {processor.py:925} INFO - DAG(s) 'example_xcom_args_with_operators', 'example_xcom_args' retrieved from /home/airflow/.local/lib/python3.12/site-packages/airflow/example_dags/example_xcomargs.py
[2025-04-08T01:27:01.996+0000] {logging_mixin.py:190} INFO - [2025-04-08T01:27:01.996+0000] {dag.py:3239} INFO - Sync 2 DAGs
[2025-04-08T01:27:02.028+0000] {logging_mixin.py:190} INFO - [2025-04-08T01:27:02.027+0000] {dag.py:4180} INFO - Setting next_dagrun for example_xcom_args to None, run_after=None
[2025-04-08T01:27:02.037+0000] {logging_mixin.py:190} INFO - [2025-04-08T01:27:02.036+0000] {dag.py:4180} INFO - Setting next_dagrun for example_xcom_args_with_operators to None, run_after=None
[2025-04-08T01:27:02.075+0000] {processor.py:208} INFO - Processing /home/airflow/.local/lib/python3.12/site-packages/airflow/example_dags/example_xcomargs.py took 0.192 seconds
[2025-04-08T01:27:32.255+0000] {processor.py:186} INFO - Started process (PID=8123) to work on /home/airflow/.local/lib/python3.12/site-packages/airflow/example_dags/example_xcomargs.py
[2025-04-08T01:27:32.257+0000] {processor.py:914} INFO - Processing file /home/airflow/.local/lib/python3.12/site-packages/airflow/example_dags/example_xcomargs.py for tasks to queue
[2025-04-08T01:27:32.261+0000] {logging_mixin.py:190} INFO - [2025-04-08T01:27:32.260+0000] {dagbag.py:588} INFO - Filling up the DagBag from /home/airflow/.local/lib/python3.12/site-packages/airflow/example_dags/example_xcomargs.py
[2025-04-08T01:27:32.284+0000] {processor.py:925} INFO - DAG(s) 'example_xcom_args_with_operators', 'example_xcom_args' retrieved from /home/airflow/.local/lib/python3.12/site-packages/airflow/example_dags/example_xcomargs.py
[2025-04-08T01:27:32.323+0000] {logging_mixin.py:190} INFO - [2025-04-08T01:27:32.323+0000] {dag.py:3239} INFO - Sync 2 DAGs
[2025-04-08T01:27:32.345+0000] {logging_mixin.py:190} INFO - [2025-04-08T01:27:32.344+0000] {dag.py:4180} INFO - Setting next_dagrun for example_xcom_args to None, run_after=None
[2025-04-08T01:27:32.352+0000] {logging_mixin.py:190} INFO - [2025-04-08T01:27:32.351+0000] {dag.py:4180} INFO - Setting next_dagrun for example_xcom_args_with_operators to None, run_after=None
[2025-04-08T01:27:32.383+0000] {processor.py:208} INFO - Processing /home/airflow/.local/lib/python3.12/site-packages/airflow/example_dags/example_xcomargs.py took 0.137 seconds
[2025-04-08T01:28:02.587+0000] {processor.py:186} INFO - Started process (PID=8186) to work on /home/airflow/.local/lib/python3.12/site-packages/airflow/example_dags/example_xcomargs.py
[2025-04-08T01:28:02.589+0000] {processor.py:914} INFO - Processing file /home/airflow/.local/lib/python3.12/site-packages/airflow/example_dags/example_xcomargs.py for tasks to queue
[2025-04-08T01:28:02.592+0000] {logging_mixin.py:190} INFO - [2025-04-08T01:28:02.592+0000] {dagbag.py:588} INFO - Filling up the DagBag from /home/airflow/.local/lib/python3.12/site-packages/airflow/example_dags/example_xcomargs.py
[2025-04-08T01:28:02.607+0000] {processor.py:925} INFO - DAG(s) 'example_xcom_args_with_operators', 'example_xcom_args' retrieved from /home/airflow/.local/lib/python3.12/site-packages/airflow/example_dags/example_xcomargs.py
[2025-04-08T01:28:02.641+0000] {logging_mixin.py:190} INFO - [2025-04-08T01:28:02.640+0000] {dag.py:3239} INFO - Sync 2 DAGs
[2025-04-08T01:28:02.662+0000] {logging_mixin.py:190} INFO - [2025-04-08T01:28:02.662+0000] {dag.py:4180} INFO - Setting next_dagrun for example_xcom_args to None, run_after=None
[2025-04-08T01:28:02.669+0000] {logging_mixin.py:190} INFO - [2025-04-08T01:28:02.668+0000] {dag.py:4180} INFO - Setting next_dagrun for example_xcom_args_with_operators to None, run_after=None
[2025-04-08T01:28:02.693+0000] {processor.py:208} INFO - Processing /home/airflow/.local/lib/python3.12/site-packages/airflow/example_dags/example_xcomargs.py took 0.112 seconds
[2025-04-08T01:28:33.048+0000] {processor.py:186} INFO - Started process (PID=8249) to work on /home/airflow/.local/lib/python3.12/site-packages/airflow/example_dags/example_xcomargs.py
[2025-04-08T01:28:33.049+0000] {processor.py:914} INFO - Processing file /home/airflow/.local/lib/python3.12/site-packages/airflow/example_dags/example_xcomargs.py for tasks to queue
[2025-04-08T01:28:33.051+0000] {logging_mixin.py:190} INFO - [2025-04-08T01:28:33.051+0000] {dagbag.py:588} INFO - Filling up the DagBag from /home/airflow/.local/lib/python3.12/site-packages/airflow/example_dags/example_xcomargs.py
[2025-04-08T01:28:33.068+0000] {processor.py:925} INFO - DAG(s) 'example_xcom_args_with_operators', 'example_xcom_args' retrieved from /home/airflow/.local/lib/python3.12/site-packages/airflow/example_dags/example_xcomargs.py
[2025-04-08T01:28:33.123+0000] {logging_mixin.py:190} INFO - [2025-04-08T01:28:33.122+0000] {dag.py:3239} INFO - Sync 2 DAGs
[2025-04-08T01:28:33.169+0000] {logging_mixin.py:190} INFO - [2025-04-08T01:28:33.168+0000] {dag.py:4180} INFO - Setting next_dagrun for example_xcom_args to None, run_after=None
[2025-04-08T01:28:33.179+0000] {logging_mixin.py:190} INFO - [2025-04-08T01:28:33.179+0000] {dag.py:4180} INFO - Setting next_dagrun for example_xcom_args_with_operators to None, run_after=None
[2025-04-08T01:28:33.213+0000] {processor.py:208} INFO - Processing /home/airflow/.local/lib/python3.12/site-packages/airflow/example_dags/example_xcomargs.py took 0.183 seconds
[2025-04-08T01:29:03.876+0000] {processor.py:186} INFO - Started process (PID=8311) to work on /home/airflow/.local/lib/python3.12/site-packages/airflow/example_dags/example_xcomargs.py
[2025-04-08T01:29:03.877+0000] {processor.py:914} INFO - Processing file /home/airflow/.local/lib/python3.12/site-packages/airflow/example_dags/example_xcomargs.py for tasks to queue
[2025-04-08T01:29:03.880+0000] {logging_mixin.py:190} INFO - [2025-04-08T01:29:03.879+0000] {dagbag.py:588} INFO - Filling up the DagBag from /home/airflow/.local/lib/python3.12/site-packages/airflow/example_dags/example_xcomargs.py
[2025-04-08T01:29:03.894+0000] {processor.py:925} INFO - DAG(s) 'example_xcom_args_with_operators', 'example_xcom_args' retrieved from /home/airflow/.local/lib/python3.12/site-packages/airflow/example_dags/example_xcomargs.py
[2025-04-08T01:29:03.932+0000] {logging_mixin.py:190} INFO - [2025-04-08T01:29:03.931+0000] {dag.py:3239} INFO - Sync 2 DAGs
[2025-04-08T01:29:03.951+0000] {logging_mixin.py:190} INFO - [2025-04-08T01:29:03.951+0000] {dag.py:4180} INFO - Setting next_dagrun for example_xcom_args to None, run_after=None
[2025-04-08T01:29:03.958+0000] {logging_mixin.py:190} INFO - [2025-04-08T01:29:03.957+0000] {dag.py:4180} INFO - Setting next_dagrun for example_xcom_args_with_operators to None, run_after=None
[2025-04-08T01:29:03.991+0000] {processor.py:208} INFO - Processing /home/airflow/.local/lib/python3.12/site-packages/airflow/example_dags/example_xcomargs.py took 0.123 seconds
[2025-04-08T01:29:34.563+0000] {processor.py:186} INFO - Started process (PID=8374) to work on /home/airflow/.local/lib/python3.12/site-packages/airflow/example_dags/example_xcomargs.py
[2025-04-08T01:29:34.564+0000] {processor.py:914} INFO - Processing file /home/airflow/.local/lib/python3.12/site-packages/airflow/example_dags/example_xcomargs.py for tasks to queue
[2025-04-08T01:29:34.567+0000] {logging_mixin.py:190} INFO - [2025-04-08T01:29:34.567+0000] {dagbag.py:588} INFO - Filling up the DagBag from /home/airflow/.local/lib/python3.12/site-packages/airflow/example_dags/example_xcomargs.py
[2025-04-08T01:29:34.579+0000] {processor.py:925} INFO - DAG(s) 'example_xcom_args_with_operators', 'example_xcom_args' retrieved from /home/airflow/.local/lib/python3.12/site-packages/airflow/example_dags/example_xcomargs.py
[2025-04-08T01:29:34.611+0000] {logging_mixin.py:190} INFO - [2025-04-08T01:29:34.611+0000] {dag.py:3239} INFO - Sync 2 DAGs
[2025-04-08T01:29:34.628+0000] {logging_mixin.py:190} INFO - [2025-04-08T01:29:34.628+0000] {dag.py:4180} INFO - Setting next_dagrun for example_xcom_args to None, run_after=None
[2025-04-08T01:29:34.634+0000] {logging_mixin.py:190} INFO - [2025-04-08T01:29:34.634+0000] {dag.py:4180} INFO - Setting next_dagrun for example_xcom_args_with_operators to None, run_after=None
[2025-04-08T01:29:34.657+0000] {processor.py:208} INFO - Processing /home/airflow/.local/lib/python3.12/site-packages/airflow/example_dags/example_xcomargs.py took 0.103 seconds
[2025-04-08T01:30:05.172+0000] {processor.py:186} INFO - Started process (PID=8437) to work on /home/airflow/.local/lib/python3.12/site-packages/airflow/example_dags/example_xcomargs.py
[2025-04-08T01:30:05.174+0000] {processor.py:914} INFO - Processing file /home/airflow/.local/lib/python3.12/site-packages/airflow/example_dags/example_xcomargs.py for tasks to queue
[2025-04-08T01:30:05.176+0000] {logging_mixin.py:190} INFO - [2025-04-08T01:30:05.175+0000] {dagbag.py:588} INFO - Filling up the DagBag from /home/airflow/.local/lib/python3.12/site-packages/airflow/example_dags/example_xcomargs.py
[2025-04-08T01:30:05.186+0000] {processor.py:925} INFO - DAG(s) 'example_xcom_args_with_operators', 'example_xcom_args' retrieved from /home/airflow/.local/lib/python3.12/site-packages/airflow/example_dags/example_xcomargs.py
[2025-04-08T01:30:05.216+0000] {logging_mixin.py:190} INFO - [2025-04-08T01:30:05.216+0000] {dag.py:3239} INFO - Sync 2 DAGs
[2025-04-08T01:30:05.233+0000] {logging_mixin.py:190} INFO - [2025-04-08T01:30:05.233+0000] {dag.py:4180} INFO - Setting next_dagrun for example_xcom_args to None, run_after=None
[2025-04-08T01:30:05.238+0000] {logging_mixin.py:190} INFO - [2025-04-08T01:30:05.237+0000] {dag.py:4180} INFO - Setting next_dagrun for example_xcom_args_with_operators to None, run_after=None
[2025-04-08T01:30:05.264+0000] {processor.py:208} INFO - Processing /home/airflow/.local/lib/python3.12/site-packages/airflow/example_dags/example_xcomargs.py took 0.098 seconds
[2025-04-08T01:30:35.466+0000] {processor.py:186} INFO - Started process (PID=8500) to work on /home/airflow/.local/lib/python3.12/site-packages/airflow/example_dags/example_xcomargs.py
[2025-04-08T01:30:35.468+0000] {processor.py:914} INFO - Processing file /home/airflow/.local/lib/python3.12/site-packages/airflow/example_dags/example_xcomargs.py for tasks to queue
[2025-04-08T01:30:35.470+0000] {logging_mixin.py:190} INFO - [2025-04-08T01:30:35.470+0000] {dagbag.py:588} INFO - Filling up the DagBag from /home/airflow/.local/lib/python3.12/site-packages/airflow/example_dags/example_xcomargs.py
[2025-04-08T01:30:35.483+0000] {processor.py:925} INFO - DAG(s) 'example_xcom_args_with_operators', 'example_xcom_args' retrieved from /home/airflow/.local/lib/python3.12/site-packages/airflow/example_dags/example_xcomargs.py
[2025-04-08T01:30:35.519+0000] {logging_mixin.py:190} INFO - [2025-04-08T01:30:35.519+0000] {dag.py:3239} INFO - Sync 2 DAGs
[2025-04-08T01:30:35.547+0000] {logging_mixin.py:190} INFO - [2025-04-08T01:30:35.546+0000] {dag.py:4180} INFO - Setting next_dagrun for example_xcom_args to None, run_after=None
[2025-04-08T01:30:35.552+0000] {logging_mixin.py:190} INFO - [2025-04-08T01:30:35.552+0000] {dag.py:4180} INFO - Setting next_dagrun for example_xcom_args_with_operators to None, run_after=None
[2025-04-08T01:30:35.578+0000] {processor.py:208} INFO - Processing /home/airflow/.local/lib/python3.12/site-packages/airflow/example_dags/example_xcomargs.py took 0.120 seconds
[2025-04-08T01:31:06.412+0000] {processor.py:186} INFO - Started process (PID=8562) to work on /home/airflow/.local/lib/python3.12/site-packages/airflow/example_dags/example_xcomargs.py
[2025-04-08T01:31:06.415+0000] {processor.py:914} INFO - Processing file /home/airflow/.local/lib/python3.12/site-packages/airflow/example_dags/example_xcomargs.py for tasks to queue
[2025-04-08T01:31:06.420+0000] {logging_mixin.py:190} INFO - [2025-04-08T01:31:06.419+0000] {dagbag.py:588} INFO - Filling up the DagBag from /home/airflow/.local/lib/python3.12/site-packages/airflow/example_dags/example_xcomargs.py
[2025-04-08T01:31:06.443+0000] {processor.py:925} INFO - DAG(s) 'example_xcom_args_with_operators', 'example_xcom_args' retrieved from /home/airflow/.local/lib/python3.12/site-packages/airflow/example_dags/example_xcomargs.py
[2025-04-08T01:31:06.490+0000] {logging_mixin.py:190} INFO - [2025-04-08T01:31:06.490+0000] {dag.py:3239} INFO - Sync 2 DAGs
[2025-04-08T01:31:06.510+0000] {logging_mixin.py:190} INFO - [2025-04-08T01:31:06.509+0000] {dag.py:4180} INFO - Setting next_dagrun for example_xcom_args to None, run_after=None
[2025-04-08T01:31:06.516+0000] {logging_mixin.py:190} INFO - [2025-04-08T01:31:06.516+0000] {dag.py:4180} INFO - Setting next_dagrun for example_xcom_args_with_operators to None, run_after=None
[2025-04-08T01:31:06.546+0000] {processor.py:208} INFO - Processing /home/airflow/.local/lib/python3.12/site-packages/airflow/example_dags/example_xcomargs.py took 0.152 seconds
[2025-04-08T01:31:36.721+0000] {processor.py:186} INFO - Started process (PID=8625) to work on /home/airflow/.local/lib/python3.12/site-packages/airflow/example_dags/example_xcomargs.py
[2025-04-08T01:31:36.723+0000] {processor.py:914} INFO - Processing file /home/airflow/.local/lib/python3.12/site-packages/airflow/example_dags/example_xcomargs.py for tasks to queue
[2025-04-08T01:31:36.726+0000] {logging_mixin.py:190} INFO - [2025-04-08T01:31:36.725+0000] {dagbag.py:588} INFO - Filling up the DagBag from /home/airflow/.local/lib/python3.12/site-packages/airflow/example_dags/example_xcomargs.py
[2025-04-08T01:31:36.743+0000] {processor.py:925} INFO - DAG(s) 'example_xcom_args_with_operators', 'example_xcom_args' retrieved from /home/airflow/.local/lib/python3.12/site-packages/airflow/example_dags/example_xcomargs.py
[2025-04-08T01:31:36.788+0000] {logging_mixin.py:190} INFO - [2025-04-08T01:31:36.788+0000] {dag.py:3239} INFO - Sync 2 DAGs
[2025-04-08T01:31:36.806+0000] {logging_mixin.py:190} INFO - [2025-04-08T01:31:36.806+0000] {dag.py:4180} INFO - Setting next_dagrun for example_xcom_args to None, run_after=None
[2025-04-08T01:31:36.812+0000] {logging_mixin.py:190} INFO - [2025-04-08T01:31:36.811+0000] {dag.py:4180} INFO - Setting next_dagrun for example_xcom_args_with_operators to None, run_after=None
[2025-04-08T01:31:36.842+0000] {processor.py:208} INFO - Processing /home/airflow/.local/lib/python3.12/site-packages/airflow/example_dags/example_xcomargs.py took 0.131 seconds
[2025-04-08T01:32:06.993+0000] {processor.py:186} INFO - Started process (PID=8688) to work on /home/airflow/.local/lib/python3.12/site-packages/airflow/example_dags/example_xcomargs.py
[2025-04-08T01:32:06.995+0000] {processor.py:914} INFO - Processing file /home/airflow/.local/lib/python3.12/site-packages/airflow/example_dags/example_xcomargs.py for tasks to queue
[2025-04-08T01:32:06.997+0000] {logging_mixin.py:190} INFO - [2025-04-08T01:32:06.996+0000] {dagbag.py:588} INFO - Filling up the DagBag from /home/airflow/.local/lib/python3.12/site-packages/airflow/example_dags/example_xcomargs.py
[2025-04-08T01:32:07.012+0000] {processor.py:925} INFO - DAG(s) 'example_xcom_args', 'example_xcom_args_with_operators' retrieved from /home/airflow/.local/lib/python3.12/site-packages/airflow/example_dags/example_xcomargs.py
[2025-04-08T01:32:07.048+0000] {logging_mixin.py:190} INFO - [2025-04-08T01:32:07.048+0000] {dag.py:3239} INFO - Sync 2 DAGs
[2025-04-08T01:32:07.068+0000] {logging_mixin.py:190} INFO - [2025-04-08T01:32:07.067+0000] {dag.py:4180} INFO - Setting next_dagrun for example_xcom_args to None, run_after=None
[2025-04-08T01:32:07.076+0000] {logging_mixin.py:190} INFO - [2025-04-08T01:32:07.075+0000] {dag.py:4180} INFO - Setting next_dagrun for example_xcom_args_with_operators to None, run_after=None
[2025-04-08T01:32:07.109+0000] {processor.py:208} INFO - Processing /home/airflow/.local/lib/python3.12/site-packages/airflow/example_dags/example_xcomargs.py took 0.126 seconds
[2025-04-08T01:32:37.413+0000] {processor.py:186} INFO - Started process (PID=8757) to work on /home/airflow/.local/lib/python3.12/site-packages/airflow/example_dags/example_xcomargs.py
[2025-04-08T01:32:37.416+0000] {processor.py:914} INFO - Processing file /home/airflow/.local/lib/python3.12/site-packages/airflow/example_dags/example_xcomargs.py for tasks to queue
[2025-04-08T01:32:37.419+0000] {logging_mixin.py:190} INFO - [2025-04-08T01:32:37.418+0000] {dagbag.py:588} INFO - Filling up the DagBag from /home/airflow/.local/lib/python3.12/site-packages/airflow/example_dags/example_xcomargs.py
[2025-04-08T01:32:37.432+0000] {processor.py:925} INFO - DAG(s) 'example_xcom_args', 'example_xcom_args_with_operators' retrieved from /home/airflow/.local/lib/python3.12/site-packages/airflow/example_dags/example_xcomargs.py
[2025-04-08T01:32:37.465+0000] {logging_mixin.py:190} INFO - [2025-04-08T01:32:37.465+0000] {dag.py:3239} INFO - Sync 2 DAGs
[2025-04-08T01:32:37.481+0000] {logging_mixin.py:190} INFO - [2025-04-08T01:32:37.480+0000] {dag.py:4180} INFO - Setting next_dagrun for example_xcom_args to None, run_after=None
[2025-04-08T01:32:37.486+0000] {logging_mixin.py:190} INFO - [2025-04-08T01:32:37.485+0000] {dag.py:4180} INFO - Setting next_dagrun for example_xcom_args_with_operators to None, run_after=None
[2025-04-08T01:32:37.514+0000] {processor.py:208} INFO - Processing /home/airflow/.local/lib/python3.12/site-packages/airflow/example_dags/example_xcomargs.py took 0.115 seconds
[2025-04-08T01:33:08.673+0000] {processor.py:186} INFO - Started process (PID=8820) to work on /home/airflow/.local/lib/python3.12/site-packages/airflow/example_dags/example_xcomargs.py
[2025-04-08T01:33:08.675+0000] {processor.py:914} INFO - Processing file /home/airflow/.local/lib/python3.12/site-packages/airflow/example_dags/example_xcomargs.py for tasks to queue
[2025-04-08T01:33:08.679+0000] {logging_mixin.py:190} INFO - [2025-04-08T01:33:08.677+0000] {dagbag.py:588} INFO - Filling up the DagBag from /home/airflow/.local/lib/python3.12/site-packages/airflow/example_dags/example_xcomargs.py
[2025-04-08T01:33:08.704+0000] {processor.py:925} INFO - DAG(s) 'example_xcom_args', 'example_xcom_args_with_operators' retrieved from /home/airflow/.local/lib/python3.12/site-packages/airflow/example_dags/example_xcomargs.py
[2025-04-08T01:33:08.753+0000] {logging_mixin.py:190} INFO - [2025-04-08T01:33:08.753+0000] {dag.py:3239} INFO - Sync 2 DAGs
[2025-04-08T01:33:08.780+0000] {logging_mixin.py:190} INFO - [2025-04-08T01:33:08.779+0000] {dag.py:4180} INFO - Setting next_dagrun for example_xcom_args to None, run_after=None
[2025-04-08T01:33:08.786+0000] {logging_mixin.py:190} INFO - [2025-04-08T01:33:08.786+0000] {dag.py:4180} INFO - Setting next_dagrun for example_xcom_args_with_operators to None, run_after=None
[2025-04-08T01:33:08.819+0000] {processor.py:208} INFO - Processing /home/airflow/.local/lib/python3.12/site-packages/airflow/example_dags/example_xcomargs.py took 0.155 seconds
[2025-04-08T01:33:40.103+0000] {processor.py:186} INFO - Started process (PID=8883) to work on /home/airflow/.local/lib/python3.12/site-packages/airflow/example_dags/example_xcomargs.py
[2025-04-08T01:33:40.107+0000] {processor.py:914} INFO - Processing file /home/airflow/.local/lib/python3.12/site-packages/airflow/example_dags/example_xcomargs.py for tasks to queue
[2025-04-08T01:33:40.110+0000] {logging_mixin.py:190} INFO - [2025-04-08T01:33:40.109+0000] {dagbag.py:588} INFO - Filling up the DagBag from /home/airflow/.local/lib/python3.12/site-packages/airflow/example_dags/example_xcomargs.py
[2025-04-08T01:33:40.137+0000] {processor.py:925} INFO - DAG(s) 'example_xcom_args', 'example_xcom_args_with_operators' retrieved from /home/airflow/.local/lib/python3.12/site-packages/airflow/example_dags/example_xcomargs.py
[2025-04-08T01:33:40.193+0000] {logging_mixin.py:190} INFO - [2025-04-08T01:33:40.193+0000] {dag.py:3239} INFO - Sync 2 DAGs
[2025-04-08T01:33:40.242+0000] {logging_mixin.py:190} INFO - [2025-04-08T01:33:40.242+0000] {dag.py:4180} INFO - Setting next_dagrun for example_xcom_args to None, run_after=None
[2025-04-08T01:33:40.262+0000] {logging_mixin.py:190} INFO - [2025-04-08T01:33:40.261+0000] {dag.py:4180} INFO - Setting next_dagrun for example_xcom_args_with_operators to None, run_after=None
[2025-04-08T01:33:40.304+0000] {processor.py:208} INFO - Processing /home/airflow/.local/lib/python3.12/site-packages/airflow/example_dags/example_xcomargs.py took 0.213 seconds
[2025-04-08T01:34:10.740+0000] {processor.py:186} INFO - Started process (PID=8945) to work on /home/airflow/.local/lib/python3.12/site-packages/airflow/example_dags/example_xcomargs.py
[2025-04-08T01:34:10.742+0000] {processor.py:914} INFO - Processing file /home/airflow/.local/lib/python3.12/site-packages/airflow/example_dags/example_xcomargs.py for tasks to queue
[2025-04-08T01:34:10.745+0000] {logging_mixin.py:190} INFO - [2025-04-08T01:34:10.744+0000] {dagbag.py:588} INFO - Filling up the DagBag from /home/airflow/.local/lib/python3.12/site-packages/airflow/example_dags/example_xcomargs.py
[2025-04-08T01:34:10.757+0000] {processor.py:925} INFO - DAG(s) 'example_xcom_args_with_operators', 'example_xcom_args' retrieved from /home/airflow/.local/lib/python3.12/site-packages/airflow/example_dags/example_xcomargs.py
[2025-04-08T01:34:10.789+0000] {logging_mixin.py:190} INFO - [2025-04-08T01:34:10.789+0000] {dag.py:3239} INFO - Sync 2 DAGs
[2025-04-08T01:34:10.806+0000] {logging_mixin.py:190} INFO - [2025-04-08T01:34:10.805+0000] {dag.py:4180} INFO - Setting next_dagrun for example_xcom_args to None, run_after=None
[2025-04-08T01:34:10.811+0000] {logging_mixin.py:190} INFO - [2025-04-08T01:34:10.811+0000] {dag.py:4180} INFO - Setting next_dagrun for example_xcom_args_with_operators to None, run_after=None
[2025-04-08T01:34:10.842+0000] {processor.py:208} INFO - Processing /home/airflow/.local/lib/python3.12/site-packages/airflow/example_dags/example_xcomargs.py took 0.111 seconds
[2025-04-08T01:34:41.176+0000] {processor.py:186} INFO - Started process (PID=9008) to work on /home/airflow/.local/lib/python3.12/site-packages/airflow/example_dags/example_xcomargs.py
[2025-04-08T01:34:41.180+0000] {processor.py:914} INFO - Processing file /home/airflow/.local/lib/python3.12/site-packages/airflow/example_dags/example_xcomargs.py for tasks to queue
[2025-04-08T01:34:41.187+0000] {logging_mixin.py:190} INFO - [2025-04-08T01:34:41.185+0000] {dagbag.py:588} INFO - Filling up the DagBag from /home/airflow/.local/lib/python3.12/site-packages/airflow/example_dags/example_xcomargs.py
[2025-04-08T01:34:41.223+0000] {processor.py:925} INFO - DAG(s) 'example_xcom_args_with_operators', 'example_xcom_args' retrieved from /home/airflow/.local/lib/python3.12/site-packages/airflow/example_dags/example_xcomargs.py
[2025-04-08T01:34:41.314+0000] {logging_mixin.py:190} INFO - [2025-04-08T01:34:41.312+0000] {dag.py:3239} INFO - Sync 2 DAGs
[2025-04-08T01:34:41.392+0000] {logging_mixin.py:190} INFO - [2025-04-08T01:34:41.391+0000] {dag.py:4180} INFO - Setting next_dagrun for example_xcom_args to None, run_after=None
[2025-04-08T01:34:41.410+0000] {logging_mixin.py:190} INFO - [2025-04-08T01:34:41.409+0000] {dag.py:4180} INFO - Setting next_dagrun for example_xcom_args_with_operators to None, run_after=None
[2025-04-08T01:34:41.491+0000] {processor.py:208} INFO - Processing /home/airflow/.local/lib/python3.12/site-packages/airflow/example_dags/example_xcomargs.py took 0.338 seconds
[2025-04-08T01:35:12.587+0000] {processor.py:186} INFO - Started process (PID=9071) to work on /home/airflow/.local/lib/python3.12/site-packages/airflow/example_dags/example_xcomargs.py
[2025-04-08T01:35:12.601+0000] {processor.py:914} INFO - Processing file /home/airflow/.local/lib/python3.12/site-packages/airflow/example_dags/example_xcomargs.py for tasks to queue
[2025-04-08T01:35:12.619+0000] {logging_mixin.py:190} INFO - [2025-04-08T01:35:12.617+0000] {dagbag.py:588} INFO - Filling up the DagBag from /home/airflow/.local/lib/python3.12/site-packages/airflow/example_dags/example_xcomargs.py
[2025-04-08T01:35:12.735+0000] {processor.py:925} INFO - DAG(s) 'example_xcom_args_with_operators', 'example_xcom_args' retrieved from /home/airflow/.local/lib/python3.12/site-packages/airflow/example_dags/example_xcomargs.py
[2025-04-08T01:35:12.897+0000] {logging_mixin.py:190} INFO - [2025-04-08T01:35:12.895+0000] {dag.py:3239} INFO - Sync 2 DAGs
[2025-04-08T01:35:12.996+0000] {logging_mixin.py:190} INFO - [2025-04-08T01:35:12.995+0000] {dag.py:4180} INFO - Setting next_dagrun for example_xcom_args to None, run_after=None
[2025-04-08T01:35:13.031+0000] {logging_mixin.py:190} INFO - [2025-04-08T01:35:13.029+0000] {dag.py:4180} INFO - Setting next_dagrun for example_xcom_args_with_operators to None, run_after=None
[2025-04-08T01:35:13.158+0000] {processor.py:208} INFO - Processing /home/airflow/.local/lib/python3.12/site-packages/airflow/example_dags/example_xcomargs.py took 0.614 seconds
[2025-04-08T01:35:44.553+0000] {processor.py:186} INFO - Started process (PID=9135) to work on /home/airflow/.local/lib/python3.12/site-packages/airflow/example_dags/example_xcomargs.py
[2025-04-08T01:35:44.558+0000] {processor.py:914} INFO - Processing file /home/airflow/.local/lib/python3.12/site-packages/airflow/example_dags/example_xcomargs.py for tasks to queue
[2025-04-08T01:35:44.565+0000] {logging_mixin.py:190} INFO - [2025-04-08T01:35:44.563+0000] {dagbag.py:588} INFO - Filling up the DagBag from /home/airflow/.local/lib/python3.12/site-packages/airflow/example_dags/example_xcomargs.py
[2025-04-08T01:35:44.603+0000] {processor.py:925} INFO - DAG(s) 'example_xcom_args_with_operators', 'example_xcom_args' retrieved from /home/airflow/.local/lib/python3.12/site-packages/airflow/example_dags/example_xcomargs.py
[2025-04-08T01:35:44.688+0000] {logging_mixin.py:190} INFO - [2025-04-08T01:35:44.687+0000] {dag.py:3239} INFO - Sync 2 DAGs
[2025-04-08T01:35:44.751+0000] {logging_mixin.py:190} INFO - [2025-04-08T01:35:44.751+0000] {dag.py:4180} INFO - Setting next_dagrun for example_xcom_args to None, run_after=None
[2025-04-08T01:35:44.767+0000] {logging_mixin.py:190} INFO - [2025-04-08T01:35:44.766+0000] {dag.py:4180} INFO - Setting next_dagrun for example_xcom_args_with_operators to None, run_after=None
[2025-04-08T01:35:44.841+0000] {processor.py:208} INFO - Processing /home/airflow/.local/lib/python3.12/site-packages/airflow/example_dags/example_xcomargs.py took 0.304 seconds
[2025-04-08T01:36:15.602+0000] {processor.py:186} INFO - Started process (PID=9198) to work on /home/airflow/.local/lib/python3.12/site-packages/airflow/example_dags/example_xcomargs.py
[2025-04-08T01:36:15.607+0000] {processor.py:914} INFO - Processing file /home/airflow/.local/lib/python3.12/site-packages/airflow/example_dags/example_xcomargs.py for tasks to queue
[2025-04-08T01:36:15.614+0000] {logging_mixin.py:190} INFO - [2025-04-08T01:36:15.612+0000] {dagbag.py:588} INFO - Filling up the DagBag from /home/airflow/.local/lib/python3.12/site-packages/airflow/example_dags/example_xcomargs.py
[2025-04-08T01:36:15.665+0000] {processor.py:925} INFO - DAG(s) 'example_xcom_args', 'example_xcom_args_with_operators' retrieved from /home/airflow/.local/lib/python3.12/site-packages/airflow/example_dags/example_xcomargs.py
[2025-04-08T01:36:15.771+0000] {logging_mixin.py:190} INFO - [2025-04-08T01:36:15.769+0000] {dag.py:3239} INFO - Sync 2 DAGs
[2025-04-08T01:36:15.842+0000] {logging_mixin.py:190} INFO - [2025-04-08T01:36:15.840+0000] {dag.py:4180} INFO - Setting next_dagrun for example_xcom_args to None, run_after=None
[2025-04-08T01:36:15.859+0000] {logging_mixin.py:190} INFO - [2025-04-08T01:36:15.858+0000] {dag.py:4180} INFO - Setting next_dagrun for example_xcom_args_with_operators to None, run_after=None
[2025-04-08T01:36:15.928+0000] {processor.py:208} INFO - Processing /home/airflow/.local/lib/python3.12/site-packages/airflow/example_dags/example_xcomargs.py took 0.362 seconds
[2025-04-08T01:36:56.011+0000] {processor.py:186} INFO - Started process (PID=9256) to work on /home/airflow/.local/lib/python3.12/site-packages/airflow/example_dags/example_xcomargs.py
[2025-04-08T01:36:56.048+0000] {processor.py:914} INFO - Processing file /home/airflow/.local/lib/python3.12/site-packages/airflow/example_dags/example_xcomargs.py for tasks to queue
[2025-04-08T01:36:56.066+0000] {logging_mixin.py:190} INFO - [2025-04-08T01:36:56.064+0000] {dagbag.py:588} INFO - Filling up the DagBag from /home/airflow/.local/lib/python3.12/site-packages/airflow/example_dags/example_xcomargs.py
[2025-04-08T01:36:56.162+0000] {processor.py:925} INFO - DAG(s) 'example_xcom_args', 'example_xcom_args_with_operators' retrieved from /home/airflow/.local/lib/python3.12/site-packages/airflow/example_dags/example_xcomargs.py
[2025-04-08T01:36:56.441+0000] {logging_mixin.py:190} INFO - [2025-04-08T01:36:56.440+0000] {dag.py:3239} INFO - Sync 2 DAGs
[2025-04-08T01:36:56.736+0000] {logging_mixin.py:190} INFO - [2025-04-08T01:36:56.735+0000] {dag.py:4180} INFO - Setting next_dagrun for example_xcom_args to None, run_after=None
[2025-04-08T01:36:56.812+0000] {logging_mixin.py:190} INFO - [2025-04-08T01:36:56.810+0000] {dag.py:4180} INFO - Setting next_dagrun for example_xcom_args_with_operators to None, run_after=None
[2025-04-08T01:36:57.101+0000] {processor.py:208} INFO - Processing /home/airflow/.local/lib/python3.12/site-packages/airflow/example_dags/example_xcomargs.py took 1.123 seconds
[2025-04-08T01:37:52.832+0000] {processor.py:186} INFO - Started process (PID=9325) to work on /home/airflow/.local/lib/python3.12/site-packages/airflow/example_dags/example_xcomargs.py
[2025-04-08T01:37:52.837+0000] {processor.py:914} INFO - Processing file /home/airflow/.local/lib/python3.12/site-packages/airflow/example_dags/example_xcomargs.py for tasks to queue
[2025-04-08T01:37:52.852+0000] {logging_mixin.py:190} INFO - [2025-04-08T01:37:52.844+0000] {dagbag.py:588} INFO - Filling up the DagBag from /home/airflow/.local/lib/python3.12/site-packages/airflow/example_dags/example_xcomargs.py
[2025-04-08T01:37:52.896+0000] {processor.py:925} INFO - DAG(s) 'example_xcom_args_with_operators', 'example_xcom_args' retrieved from /home/airflow/.local/lib/python3.12/site-packages/airflow/example_dags/example_xcomargs.py
[2025-04-08T01:37:53.116+0000] {logging_mixin.py:190} INFO - [2025-04-08T01:37:53.115+0000] {dag.py:3239} INFO - Sync 2 DAGs
[2025-04-08T01:37:53.210+0000] {logging_mixin.py:190} INFO - [2025-04-08T01:37:53.209+0000] {dag.py:4180} INFO - Setting next_dagrun for example_xcom_args to None, run_after=None
[2025-04-08T01:37:53.266+0000] {logging_mixin.py:190} INFO - [2025-04-08T01:37:53.265+0000] {dag.py:4180} INFO - Setting next_dagrun for example_xcom_args_with_operators to None, run_after=None
[2025-04-08T01:37:53.536+0000] {processor.py:208} INFO - Processing /home/airflow/.local/lib/python3.12/site-packages/airflow/example_dags/example_xcomargs.py took 0.745 seconds
[2025-04-08T01:38:25.665+0000] {processor.py:186} INFO - Started process (PID=9389) to work on /home/airflow/.local/lib/python3.12/site-packages/airflow/example_dags/example_xcomargs.py
[2025-04-08T01:38:25.668+0000] {processor.py:914} INFO - Processing file /home/airflow/.local/lib/python3.12/site-packages/airflow/example_dags/example_xcomargs.py for tasks to queue
[2025-04-08T01:38:25.674+0000] {logging_mixin.py:190} INFO - [2025-04-08T01:38:25.673+0000] {dagbag.py:588} INFO - Filling up the DagBag from /home/airflow/.local/lib/python3.12/site-packages/airflow/example_dags/example_xcomargs.py
[2025-04-08T01:38:25.723+0000] {processor.py:925} INFO - DAG(s) 'example_xcom_args', 'example_xcom_args_with_operators' retrieved from /home/airflow/.local/lib/python3.12/site-packages/airflow/example_dags/example_xcomargs.py
[2025-04-08T01:38:25.834+0000] {logging_mixin.py:190} INFO - [2025-04-08T01:38:25.833+0000] {dag.py:3239} INFO - Sync 2 DAGs
[2025-04-08T01:38:25.903+0000] {logging_mixin.py:190} INFO - [2025-04-08T01:38:25.902+0000] {dag.py:4180} INFO - Setting next_dagrun for example_xcom_args to None, run_after=None
[2025-04-08T01:38:25.925+0000] {logging_mixin.py:190} INFO - [2025-04-08T01:38:25.925+0000] {dag.py:4180} INFO - Setting next_dagrun for example_xcom_args_with_operators to None, run_after=None
[2025-04-08T01:38:26.003+0000] {processor.py:208} INFO - Processing /home/airflow/.local/lib/python3.12/site-packages/airflow/example_dags/example_xcomargs.py took 0.355 seconds
[2025-04-08T01:38:56.380+0000] {processor.py:186} INFO - Started process (PID=9452) to work on /home/airflow/.local/lib/python3.12/site-packages/airflow/example_dags/example_xcomargs.py
[2025-04-08T01:38:56.387+0000] {processor.py:914} INFO - Processing file /home/airflow/.local/lib/python3.12/site-packages/airflow/example_dags/example_xcomargs.py for tasks to queue
[2025-04-08T01:38:56.392+0000] {logging_mixin.py:190} INFO - [2025-04-08T01:38:56.391+0000] {dagbag.py:588} INFO - Filling up the DagBag from /home/airflow/.local/lib/python3.12/site-packages/airflow/example_dags/example_xcomargs.py
[2025-04-08T01:38:56.445+0000] {processor.py:925} INFO - DAG(s) 'example_xcom_args', 'example_xcom_args_with_operators' retrieved from /home/airflow/.local/lib/python3.12/site-packages/airflow/example_dags/example_xcomargs.py
[2025-04-08T01:38:56.570+0000] {logging_mixin.py:190} INFO - [2025-04-08T01:38:56.569+0000] {dag.py:3239} INFO - Sync 2 DAGs
[2025-04-08T01:38:56.677+0000] {logging_mixin.py:190} INFO - [2025-04-08T01:38:56.676+0000] {dag.py:4180} INFO - Setting next_dagrun for example_xcom_args to None, run_after=None
[2025-04-08T01:38:56.702+0000] {logging_mixin.py:190} INFO - [2025-04-08T01:38:56.700+0000] {dag.py:4180} INFO - Setting next_dagrun for example_xcom_args_with_operators to None, run_after=None
[2025-04-08T01:38:56.815+0000] {processor.py:208} INFO - Processing /home/airflow/.local/lib/python3.12/site-packages/airflow/example_dags/example_xcomargs.py took 0.467 seconds
[2025-04-08T01:39:28.629+0000] {processor.py:186} INFO - Started process (PID=9514) to work on /home/airflow/.local/lib/python3.12/site-packages/airflow/example_dags/example_xcomargs.py
[2025-04-08T01:39:28.637+0000] {processor.py:914} INFO - Processing file /home/airflow/.local/lib/python3.12/site-packages/airflow/example_dags/example_xcomargs.py for tasks to queue
[2025-04-08T01:39:28.655+0000] {logging_mixin.py:190} INFO - [2025-04-08T01:39:28.651+0000] {dagbag.py:588} INFO - Filling up the DagBag from /home/airflow/.local/lib/python3.12/site-packages/airflow/example_dags/example_xcomargs.py
[2025-04-08T01:39:28.766+0000] {processor.py:925} INFO - DAG(s) 'example_xcom_args_with_operators', 'example_xcom_args' retrieved from /home/airflow/.local/lib/python3.12/site-packages/airflow/example_dags/example_xcomargs.py
[2025-04-08T01:39:29.103+0000] {logging_mixin.py:190} INFO - [2025-04-08T01:39:29.102+0000] {dag.py:3239} INFO - Sync 2 DAGs
[2025-04-08T01:39:29.400+0000] {logging_mixin.py:190} INFO - [2025-04-08T01:39:29.387+0000] {dag.py:4180} INFO - Setting next_dagrun for example_xcom_args to None, run_after=None
[2025-04-08T01:39:29.469+0000] {logging_mixin.py:190} INFO - [2025-04-08T01:39:29.468+0000] {dag.py:4180} INFO - Setting next_dagrun for example_xcom_args_with_operators to None, run_after=None
[2025-04-08T01:39:29.615+0000] {processor.py:208} INFO - Processing /home/airflow/.local/lib/python3.12/site-packages/airflow/example_dags/example_xcomargs.py took 1.018 seconds
