[2025-04-08T00:26:27.615+0000] {processor.py:186} INFO - Started process (PID=5810) to work on /home/airflow/.local/lib/python3.12/site-packages/airflow/example_dags/example_dag_decorator.py
[2025-04-08T00:26:27.617+0000] {processor.py:914} INFO - Processing file /home/airflow/.local/lib/python3.12/site-packages/airflow/example_dags/example_dag_decorator.py for tasks to queue
[2025-04-08T00:26:27.629+0000] {logging_mixin.py:190} INFO - [2025-04-08T00:26:27.629+0000] {dagbag.py:588} INFO - Filling up the DagBag from /home/airflow/.local/lib/python3.12/site-packages/airflow/example_dags/example_dag_decorator.py
[2025-04-08T00:26:28.041+0000] {processor.py:925} INFO - DAG(s) 'example_dag_decorator' retrieved from /home/airflow/.local/lib/python3.12/site-packages/airflow/example_dags/example_dag_decorator.py
[2025-04-08T00:26:28.282+0000] {logging_mixin.py:190} INFO - [2025-04-08T00:26:28.282+0000] {dag.py:3239} INFO - Sync 1 DAGs
[2025-04-08T00:26:28.309+0000] {logging_mixin.py:190} INFO - [2025-04-08T00:26:28.309+0000] {dag.py:4180} INFO - Setting next_dagrun for example_dag_decorator to None, run_after=None
[2025-04-08T00:26:28.359+0000] {processor.py:208} INFO - Processing /home/airflow/.local/lib/python3.12/site-packages/airflow/example_dags/example_dag_decorator.py took 0.754 seconds
[2025-04-08T00:44:03.891+0000] {processor.py:186} INFO - Started process (PID=5894) to work on /home/airflow/.local/lib/python3.12/site-packages/airflow/example_dags/example_dag_decorator.py
[2025-04-08T00:44:03.894+0000] {processor.py:914} INFO - Processing file /home/airflow/.local/lib/python3.12/site-packages/airflow/example_dags/example_dag_decorator.py for tasks to queue
[2025-04-08T00:44:03.905+0000] {logging_mixin.py:190} INFO - [2025-04-08T00:44:03.897+0000] {dagbag.py:588} INFO - Filling up the DagBag from /home/airflow/.local/lib/python3.12/site-packages/airflow/example_dags/example_dag_decorator.py
[2025-04-08T00:44:04.266+0000] {processor.py:925} INFO - DAG(s) 'example_dag_decorator' retrieved from /home/airflow/.local/lib/python3.12/site-packages/airflow/example_dags/example_dag_decorator.py
[2025-04-08T00:44:04.649+0000] {logging_mixin.py:190} INFO - [2025-04-08T00:44:04.649+0000] {dag.py:3239} INFO - Sync 1 DAGs
[2025-04-08T00:44:04.666+0000] {logging_mixin.py:190} INFO - [2025-04-08T00:44:04.666+0000] {dag.py:4180} INFO - Setting next_dagrun for example_dag_decorator to None, run_after=None
[2025-04-08T00:44:04.778+0000] {processor.py:208} INFO - Processing /home/airflow/.local/lib/python3.12/site-packages/airflow/example_dags/example_dag_decorator.py took 0.893 seconds
[2025-04-08T00:44:34.970+0000] {processor.py:186} INFO - Started process (PID=5956) to work on /home/airflow/.local/lib/python3.12/site-packages/airflow/example_dags/example_dag_decorator.py
[2025-04-08T00:44:34.972+0000] {processor.py:914} INFO - Processing file /home/airflow/.local/lib/python3.12/site-packages/airflow/example_dags/example_dag_decorator.py for tasks to queue
[2025-04-08T00:44:34.974+0000] {logging_mixin.py:190} INFO - [2025-04-08T00:44:34.973+0000] {dagbag.py:588} INFO - Filling up the DagBag from /home/airflow/.local/lib/python3.12/site-packages/airflow/example_dags/example_dag_decorator.py
[2025-04-08T00:44:35.099+0000] {processor.py:925} INFO - DAG(s) 'example_dag_decorator' retrieved from /home/airflow/.local/lib/python3.12/site-packages/airflow/example_dags/example_dag_decorator.py
[2025-04-08T00:44:35.231+0000] {logging_mixin.py:190} INFO - [2025-04-08T00:44:35.231+0000] {dag.py:3239} INFO - Sync 1 DAGs
[2025-04-08T00:44:35.241+0000] {logging_mixin.py:190} INFO - [2025-04-08T00:44:35.241+0000] {dag.py:4180} INFO - Setting next_dagrun for example_dag_decorator to None, run_after=None
[2025-04-08T00:44:35.263+0000] {processor.py:208} INFO - Processing /home/airflow/.local/lib/python3.12/site-packages/airflow/example_dags/example_dag_decorator.py took 0.302 seconds
[2025-04-08T00:45:05.369+0000] {processor.py:186} INFO - Started process (PID=6019) to work on /home/airflow/.local/lib/python3.12/site-packages/airflow/example_dags/example_dag_decorator.py
[2025-04-08T00:45:05.370+0000] {processor.py:914} INFO - Processing file /home/airflow/.local/lib/python3.12/site-packages/airflow/example_dags/example_dag_decorator.py for tasks to queue
[2025-04-08T00:45:05.372+0000] {logging_mixin.py:190} INFO - [2025-04-08T00:45:05.372+0000] {dagbag.py:588} INFO - Filling up the DagBag from /home/airflow/.local/lib/python3.12/site-packages/airflow/example_dags/example_dag_decorator.py
[2025-04-08T00:45:05.498+0000] {processor.py:925} INFO - DAG(s) 'example_dag_decorator' retrieved from /home/airflow/.local/lib/python3.12/site-packages/airflow/example_dags/example_dag_decorator.py
[2025-04-08T00:45:05.638+0000] {logging_mixin.py:190} INFO - [2025-04-08T00:45:05.638+0000] {dag.py:3239} INFO - Sync 1 DAGs
[2025-04-08T00:45:05.657+0000] {logging_mixin.py:190} INFO - [2025-04-08T00:45:05.657+0000] {dag.py:4180} INFO - Setting next_dagrun for example_dag_decorator to None, run_after=None
[2025-04-08T00:45:05.693+0000] {processor.py:208} INFO - Processing /home/airflow/.local/lib/python3.12/site-packages/airflow/example_dags/example_dag_decorator.py took 0.332 seconds
[2025-04-08T00:45:36.453+0000] {processor.py:186} INFO - Started process (PID=6082) to work on /home/airflow/.local/lib/python3.12/site-packages/airflow/example_dags/example_dag_decorator.py
[2025-04-08T00:45:36.455+0000] {processor.py:914} INFO - Processing file /home/airflow/.local/lib/python3.12/site-packages/airflow/example_dags/example_dag_decorator.py for tasks to queue
[2025-04-08T00:45:36.459+0000] {logging_mixin.py:190} INFO - [2025-04-08T00:45:36.458+0000] {dagbag.py:588} INFO - Filling up the DagBag from /home/airflow/.local/lib/python3.12/site-packages/airflow/example_dags/example_dag_decorator.py
[2025-04-08T00:45:36.596+0000] {processor.py:925} INFO - DAG(s) 'example_dag_decorator' retrieved from /home/airflow/.local/lib/python3.12/site-packages/airflow/example_dags/example_dag_decorator.py
[2025-04-08T00:45:36.782+0000] {logging_mixin.py:190} INFO - [2025-04-08T00:45:36.781+0000] {dag.py:3239} INFO - Sync 1 DAGs
[2025-04-08T00:45:36.803+0000] {logging_mixin.py:190} INFO - [2025-04-08T00:45:36.802+0000] {dag.py:4180} INFO - Setting next_dagrun for example_dag_decorator to None, run_after=None
[2025-04-08T00:45:36.831+0000] {processor.py:208} INFO - Processing /home/airflow/.local/lib/python3.12/site-packages/airflow/example_dags/example_dag_decorator.py took 0.386 seconds
[2025-04-08T00:46:06.973+0000] {processor.py:186} INFO - Started process (PID=6145) to work on /home/airflow/.local/lib/python3.12/site-packages/airflow/example_dags/example_dag_decorator.py
[2025-04-08T00:46:06.975+0000] {processor.py:914} INFO - Processing file /home/airflow/.local/lib/python3.12/site-packages/airflow/example_dags/example_dag_decorator.py for tasks to queue
[2025-04-08T00:46:06.980+0000] {logging_mixin.py:190} INFO - [2025-04-08T00:46:06.978+0000] {dagbag.py:588} INFO - Filling up the DagBag from /home/airflow/.local/lib/python3.12/site-packages/airflow/example_dags/example_dag_decorator.py
[2025-04-08T00:46:07.175+0000] {processor.py:925} INFO - DAG(s) 'example_dag_decorator' retrieved from /home/airflow/.local/lib/python3.12/site-packages/airflow/example_dags/example_dag_decorator.py
[2025-04-08T00:46:07.421+0000] {logging_mixin.py:190} INFO - [2025-04-08T00:46:07.421+0000] {dag.py:3239} INFO - Sync 1 DAGs
[2025-04-08T00:46:07.455+0000] {logging_mixin.py:190} INFO - [2025-04-08T00:46:07.455+0000] {dag.py:4180} INFO - Setting next_dagrun for example_dag_decorator to None, run_after=None
[2025-04-08T00:46:07.496+0000] {processor.py:208} INFO - Processing /home/airflow/.local/lib/python3.12/site-packages/airflow/example_dags/example_dag_decorator.py took 0.538 seconds
[2025-04-08T00:46:38.099+0000] {processor.py:186} INFO - Started process (PID=6208) to work on /home/airflow/.local/lib/python3.12/site-packages/airflow/example_dags/example_dag_decorator.py
[2025-04-08T00:46:38.100+0000] {processor.py:914} INFO - Processing file /home/airflow/.local/lib/python3.12/site-packages/airflow/example_dags/example_dag_decorator.py for tasks to queue
[2025-04-08T00:46:38.102+0000] {logging_mixin.py:190} INFO - [2025-04-08T00:46:38.101+0000] {dagbag.py:588} INFO - Filling up the DagBag from /home/airflow/.local/lib/python3.12/site-packages/airflow/example_dags/example_dag_decorator.py
[2025-04-08T00:46:38.206+0000] {processor.py:925} INFO - DAG(s) 'example_dag_decorator' retrieved from /home/airflow/.local/lib/python3.12/site-packages/airflow/example_dags/example_dag_decorator.py
[2025-04-08T00:46:38.344+0000] {logging_mixin.py:190} INFO - [2025-04-08T00:46:38.343+0000] {dag.py:3239} INFO - Sync 1 DAGs
[2025-04-08T00:46:38.369+0000] {logging_mixin.py:190} INFO - [2025-04-08T00:46:38.368+0000] {dag.py:4180} INFO - Setting next_dagrun for example_dag_decorator to None, run_after=None
[2025-04-08T00:46:38.434+0000] {processor.py:208} INFO - Processing /home/airflow/.local/lib/python3.12/site-packages/airflow/example_dags/example_dag_decorator.py took 0.340 seconds
[2025-04-08T00:47:09.219+0000] {processor.py:186} INFO - Started process (PID=6271) to work on /home/airflow/.local/lib/python3.12/site-packages/airflow/example_dags/example_dag_decorator.py
[2025-04-08T00:47:09.221+0000] {processor.py:914} INFO - Processing file /home/airflow/.local/lib/python3.12/site-packages/airflow/example_dags/example_dag_decorator.py for tasks to queue
[2025-04-08T00:47:09.223+0000] {logging_mixin.py:190} INFO - [2025-04-08T00:47:09.222+0000] {dagbag.py:588} INFO - Filling up the DagBag from /home/airflow/.local/lib/python3.12/site-packages/airflow/example_dags/example_dag_decorator.py
[2025-04-08T00:47:09.327+0000] {processor.py:925} INFO - DAG(s) 'example_dag_decorator' retrieved from /home/airflow/.local/lib/python3.12/site-packages/airflow/example_dags/example_dag_decorator.py
[2025-04-08T00:47:09.432+0000] {logging_mixin.py:190} INFO - [2025-04-08T00:47:09.432+0000] {dag.py:3239} INFO - Sync 1 DAGs
[2025-04-08T00:47:09.447+0000] {logging_mixin.py:190} INFO - [2025-04-08T00:47:09.447+0000] {dag.py:4180} INFO - Setting next_dagrun for example_dag_decorator to None, run_after=None
[2025-04-08T00:47:09.473+0000] {processor.py:208} INFO - Processing /home/airflow/.local/lib/python3.12/site-packages/airflow/example_dags/example_dag_decorator.py took 0.260 seconds
[2025-04-08T00:47:39.678+0000] {processor.py:186} INFO - Started process (PID=6333) to work on /home/airflow/.local/lib/python3.12/site-packages/airflow/example_dags/example_dag_decorator.py
[2025-04-08T00:47:39.679+0000] {processor.py:914} INFO - Processing file /home/airflow/.local/lib/python3.12/site-packages/airflow/example_dags/example_dag_decorator.py for tasks to queue
[2025-04-08T00:47:39.680+0000] {logging_mixin.py:190} INFO - [2025-04-08T00:47:39.680+0000] {dagbag.py:588} INFO - Filling up the DagBag from /home/airflow/.local/lib/python3.12/site-packages/airflow/example_dags/example_dag_decorator.py
[2025-04-08T00:47:39.759+0000] {processor.py:925} INFO - DAG(s) 'example_dag_decorator' retrieved from /home/airflow/.local/lib/python3.12/site-packages/airflow/example_dags/example_dag_decorator.py
[2025-04-08T00:47:39.850+0000] {logging_mixin.py:190} INFO - [2025-04-08T00:47:39.849+0000] {dag.py:3239} INFO - Sync 1 DAGs
[2025-04-08T00:47:39.859+0000] {logging_mixin.py:190} INFO - [2025-04-08T00:47:39.859+0000] {dag.py:4180} INFO - Setting next_dagrun for example_dag_decorator to None, run_after=None
[2025-04-08T00:47:39.891+0000] {processor.py:208} INFO - Processing /home/airflow/.local/lib/python3.12/site-packages/airflow/example_dags/example_dag_decorator.py took 0.217 seconds
[2025-04-08T00:48:10.473+0000] {processor.py:186} INFO - Started process (PID=6396) to work on /home/airflow/.local/lib/python3.12/site-packages/airflow/example_dags/example_dag_decorator.py
[2025-04-08T00:48:10.474+0000] {processor.py:914} INFO - Processing file /home/airflow/.local/lib/python3.12/site-packages/airflow/example_dags/example_dag_decorator.py for tasks to queue
[2025-04-08T00:48:10.476+0000] {logging_mixin.py:190} INFO - [2025-04-08T00:48:10.475+0000] {dagbag.py:588} INFO - Filling up the DagBag from /home/airflow/.local/lib/python3.12/site-packages/airflow/example_dags/example_dag_decorator.py
[2025-04-08T00:48:10.581+0000] {processor.py:925} INFO - DAG(s) 'example_dag_decorator' retrieved from /home/airflow/.local/lib/python3.12/site-packages/airflow/example_dags/example_dag_decorator.py
[2025-04-08T00:48:10.721+0000] {logging_mixin.py:190} INFO - [2025-04-08T00:48:10.720+0000] {dag.py:3239} INFO - Sync 1 DAGs
[2025-04-08T00:48:10.735+0000] {logging_mixin.py:190} INFO - [2025-04-08T00:48:10.735+0000] {dag.py:4180} INFO - Setting next_dagrun for example_dag_decorator to None, run_after=None
[2025-04-08T00:48:10.767+0000] {processor.py:208} INFO - Processing /home/airflow/.local/lib/python3.12/site-packages/airflow/example_dags/example_dag_decorator.py took 0.300 seconds
[2025-04-08T00:48:40.836+0000] {processor.py:186} INFO - Started process (PID=6460) to work on /home/airflow/.local/lib/python3.12/site-packages/airflow/example_dags/example_dag_decorator.py
[2025-04-08T00:48:40.838+0000] {processor.py:914} INFO - Processing file /home/airflow/.local/lib/python3.12/site-packages/airflow/example_dags/example_dag_decorator.py for tasks to queue
[2025-04-08T00:48:40.841+0000] {logging_mixin.py:190} INFO - [2025-04-08T00:48:40.840+0000] {dagbag.py:588} INFO - Filling up the DagBag from /home/airflow/.local/lib/python3.12/site-packages/airflow/example_dags/example_dag_decorator.py
[2025-04-08T00:48:41.133+0000] {processor.py:925} INFO - DAG(s) 'example_dag_decorator' retrieved from /home/airflow/.local/lib/python3.12/site-packages/airflow/example_dags/example_dag_decorator.py
[2025-04-08T00:48:41.402+0000] {logging_mixin.py:190} INFO - [2025-04-08T00:48:41.402+0000] {dag.py:3239} INFO - Sync 1 DAGs
[2025-04-08T00:48:41.437+0000] {logging_mixin.py:190} INFO - [2025-04-08T00:48:41.437+0000] {dag.py:4180} INFO - Setting next_dagrun for example_dag_decorator to None, run_after=None
[2025-04-08T00:48:41.492+0000] {processor.py:208} INFO - Processing /home/airflow/.local/lib/python3.12/site-packages/airflow/example_dags/example_dag_decorator.py took 0.668 seconds
[2025-04-08T00:49:11.545+0000] {processor.py:186} INFO - Started process (PID=6524) to work on /home/airflow/.local/lib/python3.12/site-packages/airflow/example_dags/example_dag_decorator.py
[2025-04-08T00:49:11.546+0000] {processor.py:914} INFO - Processing file /home/airflow/.local/lib/python3.12/site-packages/airflow/example_dags/example_dag_decorator.py for tasks to queue
[2025-04-08T00:49:11.547+0000] {logging_mixin.py:190} INFO - [2025-04-08T00:49:11.547+0000] {dagbag.py:588} INFO - Filling up the DagBag from /home/airflow/.local/lib/python3.12/site-packages/airflow/example_dags/example_dag_decorator.py
[2025-04-08T00:49:11.623+0000] {processor.py:925} INFO - DAG(s) 'example_dag_decorator' retrieved from /home/airflow/.local/lib/python3.12/site-packages/airflow/example_dags/example_dag_decorator.py
[2025-04-08T00:49:11.723+0000] {logging_mixin.py:190} INFO - [2025-04-08T00:49:11.723+0000] {dag.py:3239} INFO - Sync 1 DAGs
[2025-04-08T00:49:11.737+0000] {logging_mixin.py:190} INFO - [2025-04-08T00:49:11.737+0000] {dag.py:4180} INFO - Setting next_dagrun for example_dag_decorator to None, run_after=None
[2025-04-08T00:49:11.790+0000] {processor.py:208} INFO - Processing /home/airflow/.local/lib/python3.12/site-packages/airflow/example_dags/example_dag_decorator.py took 0.249 seconds
[2025-04-08T00:49:41.876+0000] {processor.py:186} INFO - Started process (PID=6587) to work on /home/airflow/.local/lib/python3.12/site-packages/airflow/example_dags/example_dag_decorator.py
[2025-04-08T00:49:41.877+0000] {processor.py:914} INFO - Processing file /home/airflow/.local/lib/python3.12/site-packages/airflow/example_dags/example_dag_decorator.py for tasks to queue
[2025-04-08T00:49:41.879+0000] {logging_mixin.py:190} INFO - [2025-04-08T00:49:41.878+0000] {dagbag.py:588} INFO - Filling up the DagBag from /home/airflow/.local/lib/python3.12/site-packages/airflow/example_dags/example_dag_decorator.py
[2025-04-08T00:49:41.977+0000] {processor.py:925} INFO - DAG(s) 'example_dag_decorator' retrieved from /home/airflow/.local/lib/python3.12/site-packages/airflow/example_dags/example_dag_decorator.py
[2025-04-08T00:49:42.084+0000] {logging_mixin.py:190} INFO - [2025-04-08T00:49:42.083+0000] {dag.py:3239} INFO - Sync 1 DAGs
[2025-04-08T00:49:42.097+0000] {logging_mixin.py:190} INFO - [2025-04-08T00:49:42.097+0000] {dag.py:4180} INFO - Setting next_dagrun for example_dag_decorator to None, run_after=None
[2025-04-08T00:49:42.121+0000] {processor.py:208} INFO - Processing /home/airflow/.local/lib/python3.12/site-packages/airflow/example_dags/example_dag_decorator.py took 0.251 seconds
[2025-04-08T00:50:12.511+0000] {processor.py:186} INFO - Started process (PID=6648) to work on /home/airflow/.local/lib/python3.12/site-packages/airflow/example_dags/example_dag_decorator.py
[2025-04-08T00:50:12.512+0000] {processor.py:914} INFO - Processing file /home/airflow/.local/lib/python3.12/site-packages/airflow/example_dags/example_dag_decorator.py for tasks to queue
[2025-04-08T00:50:12.514+0000] {logging_mixin.py:190} INFO - [2025-04-08T00:50:12.514+0000] {dagbag.py:588} INFO - Filling up the DagBag from /home/airflow/.local/lib/python3.12/site-packages/airflow/example_dags/example_dag_decorator.py
[2025-04-08T00:50:12.620+0000] {processor.py:925} INFO - DAG(s) 'example_dag_decorator' retrieved from /home/airflow/.local/lib/python3.12/site-packages/airflow/example_dags/example_dag_decorator.py
[2025-04-08T00:50:12.736+0000] {logging_mixin.py:190} INFO - [2025-04-08T00:50:12.736+0000] {dag.py:3239} INFO - Sync 1 DAGs
[2025-04-08T00:50:12.748+0000] {logging_mixin.py:190} INFO - [2025-04-08T00:50:12.748+0000] {dag.py:4180} INFO - Setting next_dagrun for example_dag_decorator to None, run_after=None
[2025-04-08T00:50:12.774+0000] {processor.py:208} INFO - Processing /home/airflow/.local/lib/python3.12/site-packages/airflow/example_dags/example_dag_decorator.py took 0.268 seconds
[2025-04-08T00:50:42.912+0000] {processor.py:186} INFO - Started process (PID=6711) to work on /home/airflow/.local/lib/python3.12/site-packages/airflow/example_dags/example_dag_decorator.py
[2025-04-08T00:50:42.914+0000] {processor.py:914} INFO - Processing file /home/airflow/.local/lib/python3.12/site-packages/airflow/example_dags/example_dag_decorator.py for tasks to queue
[2025-04-08T00:50:42.916+0000] {logging_mixin.py:190} INFO - [2025-04-08T00:50:42.915+0000] {dagbag.py:588} INFO - Filling up the DagBag from /home/airflow/.local/lib/python3.12/site-packages/airflow/example_dags/example_dag_decorator.py
[2025-04-08T00:50:43.002+0000] {processor.py:925} INFO - DAG(s) 'example_dag_decorator' retrieved from /home/airflow/.local/lib/python3.12/site-packages/airflow/example_dags/example_dag_decorator.py
[2025-04-08T00:50:43.097+0000] {logging_mixin.py:190} INFO - [2025-04-08T00:50:43.097+0000] {dag.py:3239} INFO - Sync 1 DAGs
[2025-04-08T00:50:43.107+0000] {logging_mixin.py:190} INFO - [2025-04-08T00:50:43.107+0000] {dag.py:4180} INFO - Setting next_dagrun for example_dag_decorator to None, run_after=None
[2025-04-08T00:50:43.128+0000] {processor.py:208} INFO - Processing /home/airflow/.local/lib/python3.12/site-packages/airflow/example_dags/example_dag_decorator.py took 0.223 seconds
[2025-04-08T00:51:13.279+0000] {processor.py:186} INFO - Started process (PID=6776) to work on /home/airflow/.local/lib/python3.12/site-packages/airflow/example_dags/example_dag_decorator.py
[2025-04-08T00:51:13.280+0000] {processor.py:914} INFO - Processing file /home/airflow/.local/lib/python3.12/site-packages/airflow/example_dags/example_dag_decorator.py for tasks to queue
[2025-04-08T00:51:13.282+0000] {logging_mixin.py:190} INFO - [2025-04-08T00:51:13.281+0000] {dagbag.py:588} INFO - Filling up the DagBag from /home/airflow/.local/lib/python3.12/site-packages/airflow/example_dags/example_dag_decorator.py
[2025-04-08T00:51:13.374+0000] {processor.py:925} INFO - DAG(s) 'example_dag_decorator' retrieved from /home/airflow/.local/lib/python3.12/site-packages/airflow/example_dags/example_dag_decorator.py
[2025-04-08T00:51:13.468+0000] {logging_mixin.py:190} INFO - [2025-04-08T00:51:13.467+0000] {dag.py:3239} INFO - Sync 1 DAGs
[2025-04-08T00:51:13.478+0000] {logging_mixin.py:190} INFO - [2025-04-08T00:51:13.478+0000] {dag.py:4180} INFO - Setting next_dagrun for example_dag_decorator to None, run_after=None
[2025-04-08T00:51:13.496+0000] {processor.py:208} INFO - Processing /home/airflow/.local/lib/python3.12/site-packages/airflow/example_dags/example_dag_decorator.py took 0.222 seconds
[2025-04-08T00:51:43.545+0000] {processor.py:186} INFO - Started process (PID=6837) to work on /home/airflow/.local/lib/python3.12/site-packages/airflow/example_dags/example_dag_decorator.py
[2025-04-08T00:51:43.546+0000] {processor.py:914} INFO - Processing file /home/airflow/.local/lib/python3.12/site-packages/airflow/example_dags/example_dag_decorator.py for tasks to queue
[2025-04-08T00:51:43.547+0000] {logging_mixin.py:190} INFO - [2025-04-08T00:51:43.547+0000] {dagbag.py:588} INFO - Filling up the DagBag from /home/airflow/.local/lib/python3.12/site-packages/airflow/example_dags/example_dag_decorator.py
[2025-04-08T00:51:43.634+0000] {processor.py:925} INFO - DAG(s) 'example_dag_decorator' retrieved from /home/airflow/.local/lib/python3.12/site-packages/airflow/example_dags/example_dag_decorator.py
[2025-04-08T00:51:43.732+0000] {logging_mixin.py:190} INFO - [2025-04-08T00:51:43.731+0000] {dag.py:3239} INFO - Sync 1 DAGs
[2025-04-08T00:51:43.743+0000] {logging_mixin.py:190} INFO - [2025-04-08T00:51:43.742+0000] {dag.py:4180} INFO - Setting next_dagrun for example_dag_decorator to None, run_after=None
[2025-04-08T00:51:43.765+0000] {processor.py:208} INFO - Processing /home/airflow/.local/lib/python3.12/site-packages/airflow/example_dags/example_dag_decorator.py took 0.224 seconds
[2025-04-08T00:52:14.354+0000] {processor.py:186} INFO - Started process (PID=6900) to work on /home/airflow/.local/lib/python3.12/site-packages/airflow/example_dags/example_dag_decorator.py
[2025-04-08T00:52:14.356+0000] {processor.py:914} INFO - Processing file /home/airflow/.local/lib/python3.12/site-packages/airflow/example_dags/example_dag_decorator.py for tasks to queue
[2025-04-08T00:52:14.359+0000] {logging_mixin.py:190} INFO - [2025-04-08T00:52:14.358+0000] {dagbag.py:588} INFO - Filling up the DagBag from /home/airflow/.local/lib/python3.12/site-packages/airflow/example_dags/example_dag_decorator.py
[2025-04-08T00:52:14.529+0000] {processor.py:925} INFO - DAG(s) 'example_dag_decorator' retrieved from /home/airflow/.local/lib/python3.12/site-packages/airflow/example_dags/example_dag_decorator.py
[2025-04-08T00:52:14.704+0000] {logging_mixin.py:190} INFO - [2025-04-08T00:52:14.704+0000] {dag.py:3239} INFO - Sync 1 DAGs
[2025-04-08T00:52:14.725+0000] {logging_mixin.py:190} INFO - [2025-04-08T00:52:14.724+0000] {dag.py:4180} INFO - Setting next_dagrun for example_dag_decorator to None, run_after=None
[2025-04-08T00:52:14.757+0000] {processor.py:208} INFO - Processing /home/airflow/.local/lib/python3.12/site-packages/airflow/example_dags/example_dag_decorator.py took 0.412 seconds
[2025-04-08T00:52:44.895+0000] {processor.py:186} INFO - Started process (PID=6962) to work on /home/airflow/.local/lib/python3.12/site-packages/airflow/example_dags/example_dag_decorator.py
[2025-04-08T00:52:44.898+0000] {processor.py:914} INFO - Processing file /home/airflow/.local/lib/python3.12/site-packages/airflow/example_dags/example_dag_decorator.py for tasks to queue
[2025-04-08T00:52:44.900+0000] {logging_mixin.py:190} INFO - [2025-04-08T00:52:44.900+0000] {dagbag.py:588} INFO - Filling up the DagBag from /home/airflow/.local/lib/python3.12/site-packages/airflow/example_dags/example_dag_decorator.py
[2025-04-08T00:52:44.993+0000] {processor.py:925} INFO - DAG(s) 'example_dag_decorator' retrieved from /home/airflow/.local/lib/python3.12/site-packages/airflow/example_dags/example_dag_decorator.py
[2025-04-08T00:52:45.020+0000] {logging_mixin.py:190} INFO - [2025-04-08T00:52:45.020+0000] {dag.py:3239} INFO - Sync 1 DAGs
[2025-04-08T00:52:45.037+0000] {logging_mixin.py:190} INFO - [2025-04-08T00:52:45.037+0000] {dag.py:4180} INFO - Setting next_dagrun for example_dag_decorator to None, run_after=None
[2025-04-08T00:52:45.064+0000] {processor.py:208} INFO - Processing /home/airflow/.local/lib/python3.12/site-packages/airflow/example_dags/example_dag_decorator.py took 0.174 seconds
[2025-04-08T00:53:15.241+0000] {processor.py:186} INFO - Started process (PID=7025) to work on /home/airflow/.local/lib/python3.12/site-packages/airflow/example_dags/example_dag_decorator.py
[2025-04-08T00:53:15.242+0000] {processor.py:914} INFO - Processing file /home/airflow/.local/lib/python3.12/site-packages/airflow/example_dags/example_dag_decorator.py for tasks to queue
[2025-04-08T00:53:15.244+0000] {logging_mixin.py:190} INFO - [2025-04-08T00:53:15.243+0000] {dagbag.py:588} INFO - Filling up the DagBag from /home/airflow/.local/lib/python3.12/site-packages/airflow/example_dags/example_dag_decorator.py
[2025-04-08T00:53:15.352+0000] {processor.py:925} INFO - DAG(s) 'example_dag_decorator' retrieved from /home/airflow/.local/lib/python3.12/site-packages/airflow/example_dags/example_dag_decorator.py
[2025-04-08T00:53:15.520+0000] {logging_mixin.py:190} INFO - [2025-04-08T00:53:15.520+0000] {dag.py:3239} INFO - Sync 1 DAGs
[2025-04-08T00:53:15.537+0000] {logging_mixin.py:190} INFO - [2025-04-08T00:53:15.536+0000] {dag.py:4180} INFO - Setting next_dagrun for example_dag_decorator to None, run_after=None
[2025-04-08T00:53:15.560+0000] {processor.py:208} INFO - Processing /home/airflow/.local/lib/python3.12/site-packages/airflow/example_dags/example_dag_decorator.py took 0.323 seconds
[2025-04-08T00:53:45.668+0000] {processor.py:186} INFO - Started process (PID=7088) to work on /home/airflow/.local/lib/python3.12/site-packages/airflow/example_dags/example_dag_decorator.py
[2025-04-08T00:53:45.669+0000] {processor.py:914} INFO - Processing file /home/airflow/.local/lib/python3.12/site-packages/airflow/example_dags/example_dag_decorator.py for tasks to queue
[2025-04-08T00:53:45.670+0000] {logging_mixin.py:190} INFO - [2025-04-08T00:53:45.670+0000] {dagbag.py:588} INFO - Filling up the DagBag from /home/airflow/.local/lib/python3.12/site-packages/airflow/example_dags/example_dag_decorator.py
[2025-04-08T00:53:45.759+0000] {processor.py:925} INFO - DAG(s) 'example_dag_decorator' retrieved from /home/airflow/.local/lib/python3.12/site-packages/airflow/example_dags/example_dag_decorator.py
[2025-04-08T00:53:45.855+0000] {logging_mixin.py:190} INFO - [2025-04-08T00:53:45.855+0000] {dag.py:3239} INFO - Sync 1 DAGs
[2025-04-08T00:53:45.866+0000] {logging_mixin.py:190} INFO - [2025-04-08T00:53:45.866+0000] {dag.py:4180} INFO - Setting next_dagrun for example_dag_decorator to None, run_after=None
[2025-04-08T00:53:45.884+0000] {processor.py:208} INFO - Processing /home/airflow/.local/lib/python3.12/site-packages/airflow/example_dags/example_dag_decorator.py took 0.222 seconds
[2025-04-08T00:54:16.215+0000] {processor.py:186} INFO - Started process (PID=7151) to work on /home/airflow/.local/lib/python3.12/site-packages/airflow/example_dags/example_dag_decorator.py
[2025-04-08T00:54:16.217+0000] {processor.py:914} INFO - Processing file /home/airflow/.local/lib/python3.12/site-packages/airflow/example_dags/example_dag_decorator.py for tasks to queue
[2025-04-08T00:54:16.219+0000] {logging_mixin.py:190} INFO - [2025-04-08T00:54:16.219+0000] {dagbag.py:588} INFO - Filling up the DagBag from /home/airflow/.local/lib/python3.12/site-packages/airflow/example_dags/example_dag_decorator.py
[2025-04-08T00:54:16.364+0000] {processor.py:925} INFO - DAG(s) 'example_dag_decorator' retrieved from /home/airflow/.local/lib/python3.12/site-packages/airflow/example_dags/example_dag_decorator.py
[2025-04-08T00:54:16.428+0000] {logging_mixin.py:190} INFO - [2025-04-08T00:54:16.428+0000] {dag.py:3239} INFO - Sync 1 DAGs
[2025-04-08T00:54:16.463+0000] {logging_mixin.py:190} INFO - [2025-04-08T00:54:16.463+0000] {dag.py:4180} INFO - Setting next_dagrun for example_dag_decorator to None, run_after=None
[2025-04-08T00:54:16.506+0000] {processor.py:208} INFO - Processing /home/airflow/.local/lib/python3.12/site-packages/airflow/example_dags/example_dag_decorator.py took 0.298 seconds
[2025-04-08T00:54:46.787+0000] {processor.py:186} INFO - Started process (PID=7214) to work on /home/airflow/.local/lib/python3.12/site-packages/airflow/example_dags/example_dag_decorator.py
[2025-04-08T00:54:46.789+0000] {processor.py:914} INFO - Processing file /home/airflow/.local/lib/python3.12/site-packages/airflow/example_dags/example_dag_decorator.py for tasks to queue
[2025-04-08T00:54:46.791+0000] {logging_mixin.py:190} INFO - [2025-04-08T00:54:46.790+0000] {dagbag.py:588} INFO - Filling up the DagBag from /home/airflow/.local/lib/python3.12/site-packages/airflow/example_dags/example_dag_decorator.py
[2025-04-08T00:54:46.943+0000] {processor.py:925} INFO - DAG(s) 'example_dag_decorator' retrieved from /home/airflow/.local/lib/python3.12/site-packages/airflow/example_dags/example_dag_decorator.py
[2025-04-08T00:54:47.096+0000] {logging_mixin.py:190} INFO - [2025-04-08T00:54:47.095+0000] {dag.py:3239} INFO - Sync 1 DAGs
[2025-04-08T00:54:47.117+0000] {logging_mixin.py:190} INFO - [2025-04-08T00:54:47.116+0000] {dag.py:4180} INFO - Setting next_dagrun for example_dag_decorator to None, run_after=None
[2025-04-08T00:54:47.149+0000] {processor.py:208} INFO - Processing /home/airflow/.local/lib/python3.12/site-packages/airflow/example_dags/example_dag_decorator.py took 0.375 seconds
[2025-04-08T00:55:17.723+0000] {processor.py:186} INFO - Started process (PID=7277) to work on /home/airflow/.local/lib/python3.12/site-packages/airflow/example_dags/example_dag_decorator.py
[2025-04-08T00:55:17.725+0000] {processor.py:914} INFO - Processing file /home/airflow/.local/lib/python3.12/site-packages/airflow/example_dags/example_dag_decorator.py for tasks to queue
[2025-04-08T00:55:17.727+0000] {logging_mixin.py:190} INFO - [2025-04-08T00:55:17.726+0000] {dagbag.py:588} INFO - Filling up the DagBag from /home/airflow/.local/lib/python3.12/site-packages/airflow/example_dags/example_dag_decorator.py
[2025-04-08T00:55:17.873+0000] {processor.py:925} INFO - DAG(s) 'example_dag_decorator' retrieved from /home/airflow/.local/lib/python3.12/site-packages/airflow/example_dags/example_dag_decorator.py
[2025-04-08T00:55:18.039+0000] {logging_mixin.py:190} INFO - [2025-04-08T00:55:18.038+0000] {dag.py:3239} INFO - Sync 1 DAGs
[2025-04-08T00:55:18.058+0000] {logging_mixin.py:190} INFO - [2025-04-08T00:55:18.057+0000] {dag.py:4180} INFO - Setting next_dagrun for example_dag_decorator to None, run_after=None
[2025-04-08T00:55:18.105+0000] {processor.py:208} INFO - Processing /home/airflow/.local/lib/python3.12/site-packages/airflow/example_dags/example_dag_decorator.py took 0.390 seconds
[2025-04-08T00:55:48.311+0000] {processor.py:186} INFO - Started process (PID=7340) to work on /home/airflow/.local/lib/python3.12/site-packages/airflow/example_dags/example_dag_decorator.py
[2025-04-08T00:55:48.313+0000] {processor.py:914} INFO - Processing file /home/airflow/.local/lib/python3.12/site-packages/airflow/example_dags/example_dag_decorator.py for tasks to queue
[2025-04-08T00:55:48.316+0000] {logging_mixin.py:190} INFO - [2025-04-08T00:55:48.315+0000] {dagbag.py:588} INFO - Filling up the DagBag from /home/airflow/.local/lib/python3.12/site-packages/airflow/example_dags/example_dag_decorator.py
[2025-04-08T00:55:48.486+0000] {processor.py:925} INFO - DAG(s) 'example_dag_decorator' retrieved from /home/airflow/.local/lib/python3.12/site-packages/airflow/example_dags/example_dag_decorator.py
[2025-04-08T00:55:48.682+0000] {logging_mixin.py:190} INFO - [2025-04-08T00:55:48.681+0000] {dag.py:3239} INFO - Sync 1 DAGs
[2025-04-08T00:55:48.706+0000] {logging_mixin.py:190} INFO - [2025-04-08T00:55:48.706+0000] {dag.py:4180} INFO - Setting next_dagrun for example_dag_decorator to None, run_after=None
[2025-04-08T00:55:48.753+0000] {processor.py:208} INFO - Processing /home/airflow/.local/lib/python3.12/site-packages/airflow/example_dags/example_dag_decorator.py took 0.452 seconds
[2025-04-08T00:56:19.280+0000] {processor.py:186} INFO - Started process (PID=7403) to work on /home/airflow/.local/lib/python3.12/site-packages/airflow/example_dags/example_dag_decorator.py
[2025-04-08T00:56:19.282+0000] {processor.py:914} INFO - Processing file /home/airflow/.local/lib/python3.12/site-packages/airflow/example_dags/example_dag_decorator.py for tasks to queue
[2025-04-08T00:56:19.285+0000] {logging_mixin.py:190} INFO - [2025-04-08T00:56:19.284+0000] {dagbag.py:588} INFO - Filling up the DagBag from /home/airflow/.local/lib/python3.12/site-packages/airflow/example_dags/example_dag_decorator.py
[2025-04-08T00:56:19.404+0000] {processor.py:925} INFO - DAG(s) 'example_dag_decorator' retrieved from /home/airflow/.local/lib/python3.12/site-packages/airflow/example_dags/example_dag_decorator.py
[2025-04-08T00:56:19.569+0000] {logging_mixin.py:190} INFO - [2025-04-08T00:56:19.568+0000] {dag.py:3239} INFO - Sync 1 DAGs
[2025-04-08T00:56:19.593+0000] {logging_mixin.py:190} INFO - [2025-04-08T00:56:19.593+0000] {dag.py:4180} INFO - Setting next_dagrun for example_dag_decorator to None, run_after=None
[2025-04-08T00:56:19.625+0000] {processor.py:208} INFO - Processing /home/airflow/.local/lib/python3.12/site-packages/airflow/example_dags/example_dag_decorator.py took 0.352 seconds
[2025-04-08T00:56:50.157+0000] {processor.py:186} INFO - Started process (PID=7466) to work on /home/airflow/.local/lib/python3.12/site-packages/airflow/example_dags/example_dag_decorator.py
[2025-04-08T00:56:50.159+0000] {processor.py:914} INFO - Processing file /home/airflow/.local/lib/python3.12/site-packages/airflow/example_dags/example_dag_decorator.py for tasks to queue
[2025-04-08T00:56:50.162+0000] {logging_mixin.py:190} INFO - [2025-04-08T00:56:50.161+0000] {dagbag.py:588} INFO - Filling up the DagBag from /home/airflow/.local/lib/python3.12/site-packages/airflow/example_dags/example_dag_decorator.py
[2025-04-08T00:56:50.283+0000] {processor.py:925} INFO - DAG(s) 'example_dag_decorator' retrieved from /home/airflow/.local/lib/python3.12/site-packages/airflow/example_dags/example_dag_decorator.py
[2025-04-08T00:56:50.422+0000] {logging_mixin.py:190} INFO - [2025-04-08T00:56:50.422+0000] {dag.py:3239} INFO - Sync 1 DAGs
[2025-04-08T00:56:50.437+0000] {logging_mixin.py:190} INFO - [2025-04-08T00:56:50.437+0000] {dag.py:4180} INFO - Setting next_dagrun for example_dag_decorator to None, run_after=None
[2025-04-08T00:56:50.480+0000] {processor.py:208} INFO - Processing /home/airflow/.local/lib/python3.12/site-packages/airflow/example_dags/example_dag_decorator.py took 0.331 seconds
[2025-04-08T00:57:20.602+0000] {processor.py:186} INFO - Started process (PID=7529) to work on /home/airflow/.local/lib/python3.12/site-packages/airflow/example_dags/example_dag_decorator.py
[2025-04-08T00:57:20.604+0000] {processor.py:914} INFO - Processing file /home/airflow/.local/lib/python3.12/site-packages/airflow/example_dags/example_dag_decorator.py for tasks to queue
[2025-04-08T00:57:20.606+0000] {logging_mixin.py:190} INFO - [2025-04-08T00:57:20.606+0000] {dagbag.py:588} INFO - Filling up the DagBag from /home/airflow/.local/lib/python3.12/site-packages/airflow/example_dags/example_dag_decorator.py
[2025-04-08T00:57:20.748+0000] {processor.py:925} INFO - DAG(s) 'example_dag_decorator' retrieved from /home/airflow/.local/lib/python3.12/site-packages/airflow/example_dags/example_dag_decorator.py
[2025-04-08T00:57:20.921+0000] {logging_mixin.py:190} INFO - [2025-04-08T00:57:20.920+0000] {dag.py:3239} INFO - Sync 1 DAGs
[2025-04-08T00:57:20.968+0000] {logging_mixin.py:190} INFO - [2025-04-08T00:57:20.967+0000] {dag.py:4180} INFO - Setting next_dagrun for example_dag_decorator to None, run_after=None
[2025-04-08T00:57:21.028+0000] {processor.py:208} INFO - Processing /home/airflow/.local/lib/python3.12/site-packages/airflow/example_dags/example_dag_decorator.py took 0.435 seconds
[2025-04-08T00:57:52.825+0000] {processor.py:186} INFO - Started process (PID=7592) to work on /home/airflow/.local/lib/python3.12/site-packages/airflow/example_dags/example_dag_decorator.py
[2025-04-08T00:57:52.829+0000] {processor.py:914} INFO - Processing file /home/airflow/.local/lib/python3.12/site-packages/airflow/example_dags/example_dag_decorator.py for tasks to queue
[2025-04-08T00:57:52.838+0000] {logging_mixin.py:190} INFO - [2025-04-08T00:57:52.836+0000] {dagbag.py:588} INFO - Filling up the DagBag from /home/airflow/.local/lib/python3.12/site-packages/airflow/example_dags/example_dag_decorator.py
[2025-04-08T00:57:53.251+0000] {processor.py:925} INFO - DAG(s) 'example_dag_decorator' retrieved from /home/airflow/.local/lib/python3.12/site-packages/airflow/example_dags/example_dag_decorator.py
[2025-04-08T00:57:53.863+0000] {logging_mixin.py:190} INFO - [2025-04-08T00:57:53.861+0000] {dag.py:3239} INFO - Sync 1 DAGs
[2025-04-08T00:57:53.953+0000] {logging_mixin.py:190} INFO - [2025-04-08T00:57:53.950+0000] {dag.py:4180} INFO - Setting next_dagrun for example_dag_decorator to None, run_after=None
[2025-04-08T00:57:54.072+0000] {processor.py:208} INFO - Processing /home/airflow/.local/lib/python3.12/site-packages/airflow/example_dags/example_dag_decorator.py took 1.272 seconds
[2025-04-08T01:23:31.968+0000] {processor.py:186} INFO - Started process (PID=7655) to work on /home/airflow/.local/lib/python3.12/site-packages/airflow/example_dags/example_dag_decorator.py
[2025-04-08T01:23:31.979+0000] {processor.py:914} INFO - Processing file /home/airflow/.local/lib/python3.12/site-packages/airflow/example_dags/example_dag_decorator.py for tasks to queue
[2025-04-08T01:23:31.983+0000] {logging_mixin.py:190} INFO - [2025-04-08T01:23:31.982+0000] {dagbag.py:588} INFO - Filling up the DagBag from /home/airflow/.local/lib/python3.12/site-packages/airflow/example_dags/example_dag_decorator.py
[2025-04-08T01:23:32.581+0000] {processor.py:925} INFO - DAG(s) 'example_dag_decorator' retrieved from /home/airflow/.local/lib/python3.12/site-packages/airflow/example_dags/example_dag_decorator.py
[2025-04-08T01:23:33.232+0000] {logging_mixin.py:190} INFO - [2025-04-08T01:23:33.231+0000] {dag.py:3239} INFO - Sync 1 DAGs
[2025-04-08T01:23:33.334+0000] {logging_mixin.py:190} INFO - [2025-04-08T01:23:33.333+0000] {dag.py:4180} INFO - Setting next_dagrun for example_dag_decorator to None, run_after=None
[2025-04-08T01:23:36.007+0000] {processor.py:208} INFO - Processing /home/airflow/.local/lib/python3.12/site-packages/airflow/example_dags/example_dag_decorator.py took 4.061 seconds
[2025-04-08T01:24:07.082+0000] {processor.py:186} INFO - Started process (PID=7724) to work on /home/airflow/.local/lib/python3.12/site-packages/airflow/example_dags/example_dag_decorator.py
[2025-04-08T01:24:07.084+0000] {processor.py:914} INFO - Processing file /home/airflow/.local/lib/python3.12/site-packages/airflow/example_dags/example_dag_decorator.py for tasks to queue
[2025-04-08T01:24:07.086+0000] {logging_mixin.py:190} INFO - [2025-04-08T01:24:07.086+0000] {dagbag.py:588} INFO - Filling up the DagBag from /home/airflow/.local/lib/python3.12/site-packages/airflow/example_dags/example_dag_decorator.py
[2025-04-08T01:24:07.182+0000] {processor.py:925} INFO - DAG(s) 'example_dag_decorator' retrieved from /home/airflow/.local/lib/python3.12/site-packages/airflow/example_dags/example_dag_decorator.py
[2025-04-08T01:24:07.286+0000] {logging_mixin.py:190} INFO - [2025-04-08T01:24:07.286+0000] {dag.py:3239} INFO - Sync 1 DAGs
[2025-04-08T01:24:07.298+0000] {logging_mixin.py:190} INFO - [2025-04-08T01:24:07.298+0000] {dag.py:4180} INFO - Setting next_dagrun for example_dag_decorator to None, run_after=None
[2025-04-08T01:24:07.348+0000] {processor.py:208} INFO - Processing /home/airflow/.local/lib/python3.12/site-packages/airflow/example_dags/example_dag_decorator.py took 0.271 seconds
[2025-04-08T01:24:37.998+0000] {processor.py:186} INFO - Started process (PID=7787) to work on /home/airflow/.local/lib/python3.12/site-packages/airflow/example_dags/example_dag_decorator.py
[2025-04-08T01:24:38.000+0000] {processor.py:914} INFO - Processing file /home/airflow/.local/lib/python3.12/site-packages/airflow/example_dags/example_dag_decorator.py for tasks to queue
[2025-04-08T01:24:38.003+0000] {logging_mixin.py:190} INFO - [2025-04-08T01:24:38.002+0000] {dagbag.py:588} INFO - Filling up the DagBag from /home/airflow/.local/lib/python3.12/site-packages/airflow/example_dags/example_dag_decorator.py
[2025-04-08T01:24:38.165+0000] {processor.py:925} INFO - DAG(s) 'example_dag_decorator' retrieved from /home/airflow/.local/lib/python3.12/site-packages/airflow/example_dags/example_dag_decorator.py
[2025-04-08T01:24:38.337+0000] {logging_mixin.py:190} INFO - [2025-04-08T01:24:38.337+0000] {dag.py:3239} INFO - Sync 1 DAGs
[2025-04-08T01:24:38.360+0000] {logging_mixin.py:190} INFO - [2025-04-08T01:24:38.360+0000] {dag.py:4180} INFO - Setting next_dagrun for example_dag_decorator to None, run_after=None
[2025-04-08T01:24:38.392+0000] {processor.py:208} INFO - Processing /home/airflow/.local/lib/python3.12/site-packages/airflow/example_dags/example_dag_decorator.py took 0.404 seconds
[2025-04-08T01:25:08.530+0000] {processor.py:186} INFO - Started process (PID=7849) to work on /home/airflow/.local/lib/python3.12/site-packages/airflow/example_dags/example_dag_decorator.py
[2025-04-08T01:25:08.533+0000] {processor.py:914} INFO - Processing file /home/airflow/.local/lib/python3.12/site-packages/airflow/example_dags/example_dag_decorator.py for tasks to queue
[2025-04-08T01:25:08.538+0000] {logging_mixin.py:190} INFO - [2025-04-08T01:25:08.537+0000] {dagbag.py:588} INFO - Filling up the DagBag from /home/airflow/.local/lib/python3.12/site-packages/airflow/example_dags/example_dag_decorator.py
[2025-04-08T01:25:08.709+0000] {processor.py:925} INFO - DAG(s) 'example_dag_decorator' retrieved from /home/airflow/.local/lib/python3.12/site-packages/airflow/example_dags/example_dag_decorator.py
[2025-04-08T01:25:08.888+0000] {logging_mixin.py:190} INFO - [2025-04-08T01:25:08.887+0000] {dag.py:3239} INFO - Sync 1 DAGs
[2025-04-08T01:25:08.912+0000] {logging_mixin.py:190} INFO - [2025-04-08T01:25:08.911+0000] {dag.py:4180} INFO - Setting next_dagrun for example_dag_decorator to None, run_after=None
[2025-04-08T01:25:08.962+0000] {processor.py:208} INFO - Processing /home/airflow/.local/lib/python3.12/site-packages/airflow/example_dags/example_dag_decorator.py took 0.441 seconds
[2025-04-08T01:25:39.577+0000] {processor.py:186} INFO - Started process (PID=7912) to work on /home/airflow/.local/lib/python3.12/site-packages/airflow/example_dags/example_dag_decorator.py
[2025-04-08T01:25:39.579+0000] {processor.py:914} INFO - Processing file /home/airflow/.local/lib/python3.12/site-packages/airflow/example_dags/example_dag_decorator.py for tasks to queue
[2025-04-08T01:25:39.582+0000] {logging_mixin.py:190} INFO - [2025-04-08T01:25:39.581+0000] {dagbag.py:588} INFO - Filling up the DagBag from /home/airflow/.local/lib/python3.12/site-packages/airflow/example_dags/example_dag_decorator.py
[2025-04-08T01:25:39.705+0000] {processor.py:925} INFO - DAG(s) 'example_dag_decorator' retrieved from /home/airflow/.local/lib/python3.12/site-packages/airflow/example_dags/example_dag_decorator.py
[2025-04-08T01:25:39.828+0000] {logging_mixin.py:190} INFO - [2025-04-08T01:25:39.827+0000] {dag.py:3239} INFO - Sync 1 DAGs
[2025-04-08T01:25:39.840+0000] {logging_mixin.py:190} INFO - [2025-04-08T01:25:39.840+0000] {dag.py:4180} INFO - Setting next_dagrun for example_dag_decorator to None, run_after=None
[2025-04-08T01:25:39.866+0000] {processor.py:208} INFO - Processing /home/airflow/.local/lib/python3.12/site-packages/airflow/example_dags/example_dag_decorator.py took 0.299 seconds
[2025-04-08T01:26:10.957+0000] {processor.py:186} INFO - Started process (PID=7975) to work on /home/airflow/.local/lib/python3.12/site-packages/airflow/example_dags/example_dag_decorator.py
[2025-04-08T01:26:10.958+0000] {processor.py:914} INFO - Processing file /home/airflow/.local/lib/python3.12/site-packages/airflow/example_dags/example_dag_decorator.py for tasks to queue
[2025-04-08T01:26:10.962+0000] {logging_mixin.py:190} INFO - [2025-04-08T01:26:10.961+0000] {dagbag.py:588} INFO - Filling up the DagBag from /home/airflow/.local/lib/python3.12/site-packages/airflow/example_dags/example_dag_decorator.py
[2025-04-08T01:26:11.096+0000] {processor.py:925} INFO - DAG(s) 'example_dag_decorator' retrieved from /home/airflow/.local/lib/python3.12/site-packages/airflow/example_dags/example_dag_decorator.py
[2025-04-08T01:26:11.284+0000] {logging_mixin.py:190} INFO - [2025-04-08T01:26:11.284+0000] {dag.py:3239} INFO - Sync 1 DAGs
[2025-04-08T01:26:11.311+0000] {logging_mixin.py:190} INFO - [2025-04-08T01:26:11.310+0000] {dag.py:4180} INFO - Setting next_dagrun for example_dag_decorator to None, run_after=None
[2025-04-08T01:26:11.352+0000] {processor.py:208} INFO - Processing /home/airflow/.local/lib/python3.12/site-packages/airflow/example_dags/example_dag_decorator.py took 0.403 seconds
[2025-04-08T01:26:42.456+0000] {processor.py:186} INFO - Started process (PID=8038) to work on /home/airflow/.local/lib/python3.12/site-packages/airflow/example_dags/example_dag_decorator.py
[2025-04-08T01:26:42.459+0000] {processor.py:914} INFO - Processing file /home/airflow/.local/lib/python3.12/site-packages/airflow/example_dags/example_dag_decorator.py for tasks to queue
[2025-04-08T01:26:42.464+0000] {logging_mixin.py:190} INFO - [2025-04-08T01:26:42.462+0000] {dagbag.py:588} INFO - Filling up the DagBag from /home/airflow/.local/lib/python3.12/site-packages/airflow/example_dags/example_dag_decorator.py
[2025-04-08T01:26:42.702+0000] {processor.py:925} INFO - DAG(s) 'example_dag_decorator' retrieved from /home/airflow/.local/lib/python3.12/site-packages/airflow/example_dags/example_dag_decorator.py
[2025-04-08T01:26:42.879+0000] {logging_mixin.py:190} INFO - [2025-04-08T01:26:42.879+0000] {dag.py:3239} INFO - Sync 1 DAGs
[2025-04-08T01:26:42.898+0000] {logging_mixin.py:190} INFO - [2025-04-08T01:26:42.898+0000] {dag.py:4180} INFO - Setting next_dagrun for example_dag_decorator to None, run_after=None
[2025-04-08T01:26:42.939+0000] {processor.py:208} INFO - Processing /home/airflow/.local/lib/python3.12/site-packages/airflow/example_dags/example_dag_decorator.py took 0.509 seconds
[2025-04-08T01:27:14.120+0000] {processor.py:186} INFO - Started process (PID=8103) to work on /home/airflow/.local/lib/python3.12/site-packages/airflow/example_dags/example_dag_decorator.py
[2025-04-08T01:27:14.122+0000] {processor.py:914} INFO - Processing file /home/airflow/.local/lib/python3.12/site-packages/airflow/example_dags/example_dag_decorator.py for tasks to queue
[2025-04-08T01:27:14.124+0000] {logging_mixin.py:190} INFO - [2025-04-08T01:27:14.123+0000] {dagbag.py:588} INFO - Filling up the DagBag from /home/airflow/.local/lib/python3.12/site-packages/airflow/example_dags/example_dag_decorator.py
[2025-04-08T01:27:14.232+0000] {processor.py:925} INFO - DAG(s) 'example_dag_decorator' retrieved from /home/airflow/.local/lib/python3.12/site-packages/airflow/example_dags/example_dag_decorator.py
[2025-04-08T01:27:14.365+0000] {logging_mixin.py:190} INFO - [2025-04-08T01:27:14.365+0000] {dag.py:3239} INFO - Sync 1 DAGs
[2025-04-08T01:27:14.381+0000] {logging_mixin.py:190} INFO - [2025-04-08T01:27:14.381+0000] {dag.py:4180} INFO - Setting next_dagrun for example_dag_decorator to None, run_after=None
[2025-04-08T01:27:15.343+0000] {processor.py:208} INFO - Processing /home/airflow/.local/lib/python3.12/site-packages/airflow/example_dags/example_dag_decorator.py took 1.237 seconds
[2025-04-08T01:27:45.950+0000] {processor.py:186} INFO - Started process (PID=8166) to work on /home/airflow/.local/lib/python3.12/site-packages/airflow/example_dags/example_dag_decorator.py
[2025-04-08T01:27:45.952+0000] {processor.py:914} INFO - Processing file /home/airflow/.local/lib/python3.12/site-packages/airflow/example_dags/example_dag_decorator.py for tasks to queue
[2025-04-08T01:27:45.957+0000] {logging_mixin.py:190} INFO - [2025-04-08T01:27:45.956+0000] {dagbag.py:588} INFO - Filling up the DagBag from /home/airflow/.local/lib/python3.12/site-packages/airflow/example_dags/example_dag_decorator.py
[2025-04-08T01:27:46.185+0000] {processor.py:925} INFO - DAG(s) 'example_dag_decorator' retrieved from /home/airflow/.local/lib/python3.12/site-packages/airflow/example_dags/example_dag_decorator.py
[2025-04-08T01:27:46.453+0000] {logging_mixin.py:190} INFO - [2025-04-08T01:27:46.453+0000] {dag.py:3239} INFO - Sync 1 DAGs
[2025-04-08T01:27:46.477+0000] {logging_mixin.py:190} INFO - [2025-04-08T01:27:46.477+0000] {dag.py:4180} INFO - Setting next_dagrun for example_dag_decorator to None, run_after=None
[2025-04-08T01:27:46.513+0000] {processor.py:208} INFO - Processing /home/airflow/.local/lib/python3.12/site-packages/airflow/example_dags/example_dag_decorator.py took 0.582 seconds
[2025-04-08T01:28:17.235+0000] {processor.py:186} INFO - Started process (PID=8228) to work on /home/airflow/.local/lib/python3.12/site-packages/airflow/example_dags/example_dag_decorator.py
[2025-04-08T01:28:17.238+0000] {processor.py:914} INFO - Processing file /home/airflow/.local/lib/python3.12/site-packages/airflow/example_dags/example_dag_decorator.py for tasks to queue
[2025-04-08T01:28:17.242+0000] {logging_mixin.py:190} INFO - [2025-04-08T01:28:17.241+0000] {dagbag.py:588} INFO - Filling up the DagBag from /home/airflow/.local/lib/python3.12/site-packages/airflow/example_dags/example_dag_decorator.py
[2025-04-08T01:28:17.503+0000] {processor.py:925} INFO - DAG(s) 'example_dag_decorator' retrieved from /home/airflow/.local/lib/python3.12/site-packages/airflow/example_dags/example_dag_decorator.py
[2025-04-08T01:28:17.666+0000] {logging_mixin.py:190} INFO - [2025-04-08T01:28:17.665+0000] {dag.py:3239} INFO - Sync 1 DAGs
[2025-04-08T01:28:17.686+0000] {logging_mixin.py:190} INFO - [2025-04-08T01:28:17.686+0000] {dag.py:4180} INFO - Setting next_dagrun for example_dag_decorator to None, run_after=None
[2025-04-08T01:28:17.721+0000] {processor.py:208} INFO - Processing /home/airflow/.local/lib/python3.12/site-packages/airflow/example_dags/example_dag_decorator.py took 0.504 seconds
[2025-04-08T01:28:48.005+0000] {processor.py:186} INFO - Started process (PID=8290) to work on /home/airflow/.local/lib/python3.12/site-packages/airflow/example_dags/example_dag_decorator.py
[2025-04-08T01:28:48.009+0000] {processor.py:914} INFO - Processing file /home/airflow/.local/lib/python3.12/site-packages/airflow/example_dags/example_dag_decorator.py for tasks to queue
[2025-04-08T01:28:48.015+0000] {logging_mixin.py:190} INFO - [2025-04-08T01:28:48.014+0000] {dagbag.py:588} INFO - Filling up the DagBag from /home/airflow/.local/lib/python3.12/site-packages/airflow/example_dags/example_dag_decorator.py
[2025-04-08T01:28:48.218+0000] {processor.py:925} INFO - DAG(s) 'example_dag_decorator' retrieved from /home/airflow/.local/lib/python3.12/site-packages/airflow/example_dags/example_dag_decorator.py
[2025-04-08T01:28:48.462+0000] {logging_mixin.py:190} INFO - [2025-04-08T01:28:48.461+0000] {dag.py:3239} INFO - Sync 1 DAGs
[2025-04-08T01:28:48.488+0000] {logging_mixin.py:190} INFO - [2025-04-08T01:28:48.488+0000] {dag.py:4180} INFO - Setting next_dagrun for example_dag_decorator to None, run_after=None
[2025-04-08T01:28:48.544+0000] {processor.py:208} INFO - Processing /home/airflow/.local/lib/python3.12/site-packages/airflow/example_dags/example_dag_decorator.py took 0.564 seconds
[2025-04-08T01:29:18.847+0000] {processor.py:186} INFO - Started process (PID=8354) to work on /home/airflow/.local/lib/python3.12/site-packages/airflow/example_dags/example_dag_decorator.py
[2025-04-08T01:29:18.850+0000] {processor.py:914} INFO - Processing file /home/airflow/.local/lib/python3.12/site-packages/airflow/example_dags/example_dag_decorator.py for tasks to queue
[2025-04-08T01:29:18.853+0000] {logging_mixin.py:190} INFO - [2025-04-08T01:29:18.852+0000] {dagbag.py:588} INFO - Filling up the DagBag from /home/airflow/.local/lib/python3.12/site-packages/airflow/example_dags/example_dag_decorator.py
[2025-04-08T01:29:19.047+0000] {processor.py:925} INFO - DAG(s) 'example_dag_decorator' retrieved from /home/airflow/.local/lib/python3.12/site-packages/airflow/example_dags/example_dag_decorator.py
[2025-04-08T01:29:19.180+0000] {logging_mixin.py:190} INFO - [2025-04-08T01:29:19.180+0000] {dag.py:3239} INFO - Sync 1 DAGs
[2025-04-08T01:29:19.196+0000] {logging_mixin.py:190} INFO - [2025-04-08T01:29:19.195+0000] {dag.py:4180} INFO - Setting next_dagrun for example_dag_decorator to None, run_after=None
[2025-04-08T01:29:19.223+0000] {processor.py:208} INFO - Processing /home/airflow/.local/lib/python3.12/site-packages/airflow/example_dags/example_dag_decorator.py took 0.390 seconds
[2025-04-08T01:29:49.332+0000] {processor.py:186} INFO - Started process (PID=8417) to work on /home/airflow/.local/lib/python3.12/site-packages/airflow/example_dags/example_dag_decorator.py
[2025-04-08T01:29:49.334+0000] {processor.py:914} INFO - Processing file /home/airflow/.local/lib/python3.12/site-packages/airflow/example_dags/example_dag_decorator.py for tasks to queue
[2025-04-08T01:29:49.337+0000] {logging_mixin.py:190} INFO - [2025-04-08T01:29:49.336+0000] {dagbag.py:588} INFO - Filling up the DagBag from /home/airflow/.local/lib/python3.12/site-packages/airflow/example_dags/example_dag_decorator.py
[2025-04-08T01:29:49.503+0000] {processor.py:925} INFO - DAG(s) 'example_dag_decorator' retrieved from /home/airflow/.local/lib/python3.12/site-packages/airflow/example_dags/example_dag_decorator.py
[2025-04-08T01:29:49.693+0000] {logging_mixin.py:190} INFO - [2025-04-08T01:29:49.692+0000] {dag.py:3239} INFO - Sync 1 DAGs
[2025-04-08T01:29:49.717+0000] {logging_mixin.py:190} INFO - [2025-04-08T01:29:49.717+0000] {dag.py:4180} INFO - Setting next_dagrun for example_dag_decorator to None, run_after=None
[2025-04-08T01:29:49.761+0000] {processor.py:208} INFO - Processing /home/airflow/.local/lib/python3.12/site-packages/airflow/example_dags/example_dag_decorator.py took 0.439 seconds
[2025-04-08T01:30:20.527+0000] {processor.py:186} INFO - Started process (PID=8480) to work on /home/airflow/.local/lib/python3.12/site-packages/airflow/example_dags/example_dag_decorator.py
[2025-04-08T01:30:20.531+0000] {processor.py:914} INFO - Processing file /home/airflow/.local/lib/python3.12/site-packages/airflow/example_dags/example_dag_decorator.py for tasks to queue
[2025-04-08T01:30:20.534+0000] {logging_mixin.py:190} INFO - [2025-04-08T01:30:20.533+0000] {dagbag.py:588} INFO - Filling up the DagBag from /home/airflow/.local/lib/python3.12/site-packages/airflow/example_dags/example_dag_decorator.py
[2025-04-08T01:30:20.763+0000] {processor.py:925} INFO - DAG(s) 'example_dag_decorator' retrieved from /home/airflow/.local/lib/python3.12/site-packages/airflow/example_dags/example_dag_decorator.py
[2025-04-08T01:30:20.987+0000] {logging_mixin.py:190} INFO - [2025-04-08T01:30:20.987+0000] {dag.py:3239} INFO - Sync 1 DAGs
[2025-04-08T01:30:21.005+0000] {logging_mixin.py:190} INFO - [2025-04-08T01:30:21.004+0000] {dag.py:4180} INFO - Setting next_dagrun for example_dag_decorator to None, run_after=None
[2025-04-08T01:30:21.061+0000] {processor.py:208} INFO - Processing /home/airflow/.local/lib/python3.12/site-packages/airflow/example_dags/example_dag_decorator.py took 0.545 seconds
[2025-04-08T01:30:51.790+0000] {processor.py:186} INFO - Started process (PID=8544) to work on /home/airflow/.local/lib/python3.12/site-packages/airflow/example_dags/example_dag_decorator.py
[2025-04-08T01:30:51.791+0000] {processor.py:914} INFO - Processing file /home/airflow/.local/lib/python3.12/site-packages/airflow/example_dags/example_dag_decorator.py for tasks to queue
[2025-04-08T01:30:51.793+0000] {logging_mixin.py:190} INFO - [2025-04-08T01:30:51.793+0000] {dagbag.py:588} INFO - Filling up the DagBag from /home/airflow/.local/lib/python3.12/site-packages/airflow/example_dags/example_dag_decorator.py
[2025-04-08T01:30:51.892+0000] {processor.py:925} INFO - DAG(s) 'example_dag_decorator' retrieved from /home/airflow/.local/lib/python3.12/site-packages/airflow/example_dags/example_dag_decorator.py
[2025-04-08T01:30:52.007+0000] {logging_mixin.py:190} INFO - [2025-04-08T01:30:52.006+0000] {dag.py:3239} INFO - Sync 1 DAGs
[2025-04-08T01:30:52.019+0000] {logging_mixin.py:190} INFO - [2025-04-08T01:30:52.019+0000] {dag.py:4180} INFO - Setting next_dagrun for example_dag_decorator to None, run_after=None
[2025-04-08T01:30:52.046+0000] {processor.py:208} INFO - Processing /home/airflow/.local/lib/python3.12/site-packages/airflow/example_dags/example_dag_decorator.py took 0.262 seconds
[2025-04-08T01:31:22.263+0000] {processor.py:186} INFO - Started process (PID=8607) to work on /home/airflow/.local/lib/python3.12/site-packages/airflow/example_dags/example_dag_decorator.py
[2025-04-08T01:31:22.265+0000] {processor.py:914} INFO - Processing file /home/airflow/.local/lib/python3.12/site-packages/airflow/example_dags/example_dag_decorator.py for tasks to queue
[2025-04-08T01:31:22.267+0000] {logging_mixin.py:190} INFO - [2025-04-08T01:31:22.266+0000] {dagbag.py:588} INFO - Filling up the DagBag from /home/airflow/.local/lib/python3.12/site-packages/airflow/example_dags/example_dag_decorator.py
[2025-04-08T01:31:22.373+0000] {processor.py:925} INFO - DAG(s) 'example_dag_decorator' retrieved from /home/airflow/.local/lib/python3.12/site-packages/airflow/example_dags/example_dag_decorator.py
[2025-04-08T01:31:22.485+0000] {logging_mixin.py:190} INFO - [2025-04-08T01:31:22.485+0000] {dag.py:3239} INFO - Sync 1 DAGs
[2025-04-08T01:31:22.499+0000] {logging_mixin.py:190} INFO - [2025-04-08T01:31:22.498+0000] {dag.py:4180} INFO - Setting next_dagrun for example_dag_decorator to None, run_after=None
[2025-04-08T01:31:22.528+0000] {processor.py:208} INFO - Processing /home/airflow/.local/lib/python3.12/site-packages/airflow/example_dags/example_dag_decorator.py took 0.271 seconds
[2025-04-08T01:31:52.761+0000] {processor.py:186} INFO - Started process (PID=8671) to work on /home/airflow/.local/lib/python3.12/site-packages/airflow/example_dags/example_dag_decorator.py
[2025-04-08T01:31:52.763+0000] {processor.py:914} INFO - Processing file /home/airflow/.local/lib/python3.12/site-packages/airflow/example_dags/example_dag_decorator.py for tasks to queue
[2025-04-08T01:31:52.764+0000] {logging_mixin.py:190} INFO - [2025-04-08T01:31:52.764+0000] {dagbag.py:588} INFO - Filling up the DagBag from /home/airflow/.local/lib/python3.12/site-packages/airflow/example_dags/example_dag_decorator.py
[2025-04-08T01:31:52.871+0000] {processor.py:925} INFO - DAG(s) 'example_dag_decorator' retrieved from /home/airflow/.local/lib/python3.12/site-packages/airflow/example_dags/example_dag_decorator.py
[2025-04-08T01:31:52.991+0000] {logging_mixin.py:190} INFO - [2025-04-08T01:31:52.990+0000] {dag.py:3239} INFO - Sync 1 DAGs
[2025-04-08T01:31:53.005+0000] {logging_mixin.py:190} INFO - [2025-04-08T01:31:53.005+0000] {dag.py:4180} INFO - Setting next_dagrun for example_dag_decorator to None, run_after=None
[2025-04-08T01:31:53.047+0000] {processor.py:208} INFO - Processing /home/airflow/.local/lib/python3.12/site-packages/airflow/example_dags/example_dag_decorator.py took 0.293 seconds
[2025-04-08T01:32:23.374+0000] {processor.py:186} INFO - Started process (PID=8734) to work on /home/airflow/.local/lib/python3.12/site-packages/airflow/example_dags/example_dag_decorator.py
[2025-04-08T01:32:23.379+0000] {processor.py:914} INFO - Processing file /home/airflow/.local/lib/python3.12/site-packages/airflow/example_dags/example_dag_decorator.py for tasks to queue
[2025-04-08T01:32:23.385+0000] {logging_mixin.py:190} INFO - [2025-04-08T01:32:23.384+0000] {dagbag.py:588} INFO - Filling up the DagBag from /home/airflow/.local/lib/python3.12/site-packages/airflow/example_dags/example_dag_decorator.py
[2025-04-08T01:32:23.571+0000] {processor.py:925} INFO - DAG(s) 'example_dag_decorator' retrieved from /home/airflow/.local/lib/python3.12/site-packages/airflow/example_dags/example_dag_decorator.py
[2025-04-08T01:32:23.771+0000] {logging_mixin.py:190} INFO - [2025-04-08T01:32:23.770+0000] {dag.py:3239} INFO - Sync 1 DAGs
[2025-04-08T01:32:23.797+0000] {logging_mixin.py:190} INFO - [2025-04-08T01:32:23.796+0000] {dag.py:4180} INFO - Setting next_dagrun for example_dag_decorator to None, run_after=None
[2025-04-08T01:32:23.830+0000] {processor.py:208} INFO - Processing /home/airflow/.local/lib/python3.12/site-packages/airflow/example_dags/example_dag_decorator.py took 0.464 seconds
[2025-04-08T01:32:53.900+0000] {processor.py:186} INFO - Started process (PID=8797) to work on /home/airflow/.local/lib/python3.12/site-packages/airflow/example_dags/example_dag_decorator.py
[2025-04-08T01:32:53.902+0000] {processor.py:914} INFO - Processing file /home/airflow/.local/lib/python3.12/site-packages/airflow/example_dags/example_dag_decorator.py for tasks to queue
[2025-04-08T01:32:53.905+0000] {logging_mixin.py:190} INFO - [2025-04-08T01:32:53.904+0000] {dagbag.py:588} INFO - Filling up the DagBag from /home/airflow/.local/lib/python3.12/site-packages/airflow/example_dags/example_dag_decorator.py
[2025-04-08T01:32:54.068+0000] {processor.py:925} INFO - DAG(s) 'example_dag_decorator' retrieved from /home/airflow/.local/lib/python3.12/site-packages/airflow/example_dags/example_dag_decorator.py
[2025-04-08T01:32:54.266+0000] {logging_mixin.py:190} INFO - [2025-04-08T01:32:54.265+0000] {dag.py:3239} INFO - Sync 1 DAGs
[2025-04-08T01:32:54.285+0000] {logging_mixin.py:190} INFO - [2025-04-08T01:32:54.284+0000] {dag.py:4180} INFO - Setting next_dagrun for example_dag_decorator to None, run_after=None
[2025-04-08T01:32:54.326+0000] {processor.py:208} INFO - Processing /home/airflow/.local/lib/python3.12/site-packages/airflow/example_dags/example_dag_decorator.py took 0.440 seconds
[2025-04-08T01:33:24.670+0000] {processor.py:186} INFO - Started process (PID=8859) to work on /home/airflow/.local/lib/python3.12/site-packages/airflow/example_dags/example_dag_decorator.py
[2025-04-08T01:33:24.674+0000] {processor.py:914} INFO - Processing file /home/airflow/.local/lib/python3.12/site-packages/airflow/example_dags/example_dag_decorator.py for tasks to queue
[2025-04-08T01:33:24.679+0000] {logging_mixin.py:190} INFO - [2025-04-08T01:33:24.677+0000] {dagbag.py:588} INFO - Filling up the DagBag from /home/airflow/.local/lib/python3.12/site-packages/airflow/example_dags/example_dag_decorator.py
[2025-04-08T01:33:24.825+0000] {processor.py:925} INFO - DAG(s) 'example_dag_decorator' retrieved from /home/airflow/.local/lib/python3.12/site-packages/airflow/example_dags/example_dag_decorator.py
[2025-04-08T01:33:24.951+0000] {logging_mixin.py:190} INFO - [2025-04-08T01:33:24.951+0000] {dag.py:3239} INFO - Sync 1 DAGs
[2025-04-08T01:33:24.967+0000] {logging_mixin.py:190} INFO - [2025-04-08T01:33:24.966+0000] {dag.py:4180} INFO - Setting next_dagrun for example_dag_decorator to None, run_after=None
[2025-04-08T01:33:24.999+0000] {processor.py:208} INFO - Processing /home/airflow/.local/lib/python3.12/site-packages/airflow/example_dags/example_dag_decorator.py took 0.350 seconds
[2025-04-08T01:33:55.434+0000] {processor.py:186} INFO - Started process (PID=8921) to work on /home/airflow/.local/lib/python3.12/site-packages/airflow/example_dags/example_dag_decorator.py
[2025-04-08T01:33:55.437+0000] {processor.py:914} INFO - Processing file /home/airflow/.local/lib/python3.12/site-packages/airflow/example_dags/example_dag_decorator.py for tasks to queue
[2025-04-08T01:33:55.442+0000] {logging_mixin.py:190} INFO - [2025-04-08T01:33:55.441+0000] {dagbag.py:588} INFO - Filling up the DagBag from /home/airflow/.local/lib/python3.12/site-packages/airflow/example_dags/example_dag_decorator.py
[2025-04-08T01:33:55.558+0000] {processor.py:925} INFO - DAG(s) 'example_dag_decorator' retrieved from /home/airflow/.local/lib/python3.12/site-packages/airflow/example_dags/example_dag_decorator.py
[2025-04-08T01:33:55.754+0000] {logging_mixin.py:190} INFO - [2025-04-08T01:33:55.753+0000] {dag.py:3239} INFO - Sync 1 DAGs
[2025-04-08T01:33:55.789+0000] {logging_mixin.py:190} INFO - [2025-04-08T01:33:55.789+0000] {dag.py:4180} INFO - Setting next_dagrun for example_dag_decorator to None, run_after=None
[2025-04-08T01:33:55.835+0000] {processor.py:208} INFO - Processing /home/airflow/.local/lib/python3.12/site-packages/airflow/example_dags/example_dag_decorator.py took 0.418 seconds
[2025-04-08T01:34:26.379+0000] {processor.py:186} INFO - Started process (PID=8986) to work on /home/airflow/.local/lib/python3.12/site-packages/airflow/example_dags/example_dag_decorator.py
[2025-04-08T01:34:26.381+0000] {processor.py:914} INFO - Processing file /home/airflow/.local/lib/python3.12/site-packages/airflow/example_dags/example_dag_decorator.py for tasks to queue
[2025-04-08T01:34:26.384+0000] {logging_mixin.py:190} INFO - [2025-04-08T01:34:26.383+0000] {dagbag.py:588} INFO - Filling up the DagBag from /home/airflow/.local/lib/python3.12/site-packages/airflow/example_dags/example_dag_decorator.py
[2025-04-08T01:34:26.541+0000] {processor.py:925} INFO - DAG(s) 'example_dag_decorator' retrieved from /home/airflow/.local/lib/python3.12/site-packages/airflow/example_dags/example_dag_decorator.py
[2025-04-08T01:34:26.794+0000] {logging_mixin.py:190} INFO - [2025-04-08T01:34:26.793+0000] {dag.py:3239} INFO - Sync 1 DAGs
[2025-04-08T01:34:26.822+0000] {logging_mixin.py:190} INFO - [2025-04-08T01:34:26.822+0000] {dag.py:4180} INFO - Setting next_dagrun for example_dag_decorator to None, run_after=None
[2025-04-08T01:34:26.865+0000] {processor.py:208} INFO - Processing /home/airflow/.local/lib/python3.12/site-packages/airflow/example_dags/example_dag_decorator.py took 0.492 seconds
[2025-04-08T01:35:05.707+0000] {processor.py:186} INFO - Started process (PID=9051) to work on /home/airflow/.local/lib/python3.12/site-packages/airflow/example_dags/example_dag_decorator.py
[2025-04-08T01:35:05.712+0000] {processor.py:914} INFO - Processing file /home/airflow/.local/lib/python3.12/site-packages/airflow/example_dags/example_dag_decorator.py for tasks to queue
[2025-04-08T01:35:05.721+0000] {logging_mixin.py:190} INFO - [2025-04-08T01:35:05.719+0000] {dagbag.py:588} INFO - Filling up the DagBag from /home/airflow/.local/lib/python3.12/site-packages/airflow/example_dags/example_dag_decorator.py
[2025-04-08T01:35:06.345+0000] {processor.py:925} INFO - DAG(s) 'example_dag_decorator' retrieved from /home/airflow/.local/lib/python3.12/site-packages/airflow/example_dags/example_dag_decorator.py
[2025-04-08T01:35:07.153+0000] {logging_mixin.py:190} INFO - [2025-04-08T01:35:07.151+0000] {dag.py:3239} INFO - Sync 1 DAGs
[2025-04-08T01:35:07.277+0000] {logging_mixin.py:190} INFO - [2025-04-08T01:35:07.276+0000] {dag.py:4180} INFO - Setting next_dagrun for example_dag_decorator to None, run_after=None
[2025-04-08T01:35:07.524+0000] {processor.py:208} INFO - Processing /home/airflow/.local/lib/python3.12/site-packages/airflow/example_dags/example_dag_decorator.py took 1.850 seconds
[2025-04-08T01:35:37.872+0000] {processor.py:186} INFO - Started process (PID=9114) to work on /home/airflow/.local/lib/python3.12/site-packages/airflow/example_dags/example_dag_decorator.py
[2025-04-08T01:35:37.883+0000] {processor.py:914} INFO - Processing file /home/airflow/.local/lib/python3.12/site-packages/airflow/example_dags/example_dag_decorator.py for tasks to queue
[2025-04-08T01:35:37.893+0000] {logging_mixin.py:190} INFO - [2025-04-08T01:35:37.890+0000] {dagbag.py:588} INFO - Filling up the DagBag from /home/airflow/.local/lib/python3.12/site-packages/airflow/example_dags/example_dag_decorator.py
[2025-04-08T01:35:38.612+0000] {processor.py:925} INFO - DAG(s) 'example_dag_decorator' retrieved from /home/airflow/.local/lib/python3.12/site-packages/airflow/example_dags/example_dag_decorator.py
[2025-04-08T01:35:39.648+0000] {logging_mixin.py:190} INFO - [2025-04-08T01:35:39.647+0000] {dag.py:3239} INFO - Sync 1 DAGs
[2025-04-08T01:35:39.702+0000] {logging_mixin.py:190} INFO - [2025-04-08T01:35:39.700+0000] {dag.py:4180} INFO - Setting next_dagrun for example_dag_decorator to None, run_after=None
[2025-04-08T01:35:39.813+0000] {processor.py:208} INFO - Processing /home/airflow/.local/lib/python3.12/site-packages/airflow/example_dags/example_dag_decorator.py took 1.991 seconds
[2025-04-08T01:36:09.981+0000] {processor.py:186} INFO - Started process (PID=9184) to work on /home/airflow/.local/lib/python3.12/site-packages/airflow/example_dags/example_dag_decorator.py
[2025-04-08T01:36:09.983+0000] {processor.py:914} INFO - Processing file /home/airflow/.local/lib/python3.12/site-packages/airflow/example_dags/example_dag_decorator.py for tasks to queue
[2025-04-08T01:36:09.986+0000] {logging_mixin.py:190} INFO - [2025-04-08T01:36:09.986+0000] {dagbag.py:588} INFO - Filling up the DagBag from /home/airflow/.local/lib/python3.12/site-packages/airflow/example_dags/example_dag_decorator.py
[2025-04-08T01:36:10.151+0000] {processor.py:925} INFO - DAG(s) 'example_dag_decorator' retrieved from /home/airflow/.local/lib/python3.12/site-packages/airflow/example_dags/example_dag_decorator.py
[2025-04-08T01:36:10.366+0000] {logging_mixin.py:190} INFO - [2025-04-08T01:36:10.365+0000] {dag.py:3239} INFO - Sync 1 DAGs
[2025-04-08T01:36:10.387+0000] {logging_mixin.py:190} INFO - [2025-04-08T01:36:10.386+0000] {dag.py:4180} INFO - Setting next_dagrun for example_dag_decorator to None, run_after=None
[2025-04-08T01:36:10.431+0000] {processor.py:208} INFO - Processing /home/airflow/.local/lib/python3.12/site-packages/airflow/example_dags/example_dag_decorator.py took 0.457 seconds
[2025-04-08T01:37:00.351+0000] {processor.py:186} INFO - Started process (PID=9261) to work on /home/airflow/.local/lib/python3.12/site-packages/airflow/example_dags/example_dag_decorator.py
[2025-04-08T01:37:00.372+0000] {processor.py:914} INFO - Processing file /home/airflow/.local/lib/python3.12/site-packages/airflow/example_dags/example_dag_decorator.py for tasks to queue
[2025-04-08T01:37:00.398+0000] {logging_mixin.py:190} INFO - [2025-04-08T01:37:00.395+0000] {dagbag.py:588} INFO - Filling up the DagBag from /home/airflow/.local/lib/python3.12/site-packages/airflow/example_dags/example_dag_decorator.py
[2025-04-08T01:37:01.792+0000] {processor.py:925} INFO - DAG(s) 'example_dag_decorator' retrieved from /home/airflow/.local/lib/python3.12/site-packages/airflow/example_dags/example_dag_decorator.py
[2025-04-08T01:37:03.090+0000] {logging_mixin.py:190} INFO - [2025-04-08T01:37:03.088+0000] {dag.py:3239} INFO - Sync 1 DAGs
[2025-04-08T01:37:03.219+0000] {logging_mixin.py:190} INFO - [2025-04-08T01:37:03.216+0000] {dag.py:4180} INFO - Setting next_dagrun for example_dag_decorator to None, run_after=None
[2025-04-08T01:37:03.446+0000] {processor.py:208} INFO - Processing /home/airflow/.local/lib/python3.12/site-packages/airflow/example_dags/example_dag_decorator.py took 3.276 seconds
[2025-04-08T01:38:03.024+0000] {processor.py:186} INFO - Started process (PID=9342) to work on /home/airflow/.local/lib/python3.12/site-packages/airflow/example_dags/example_dag_decorator.py
[2025-04-08T01:38:03.030+0000] {processor.py:914} INFO - Processing file /home/airflow/.local/lib/python3.12/site-packages/airflow/example_dags/example_dag_decorator.py for tasks to queue
[2025-04-08T01:38:03.039+0000] {logging_mixin.py:190} INFO - [2025-04-08T01:38:03.037+0000] {dagbag.py:588} INFO - Filling up the DagBag from /home/airflow/.local/lib/python3.12/site-packages/airflow/example_dags/example_dag_decorator.py
[2025-04-08T01:38:03.652+0000] {processor.py:925} INFO - DAG(s) 'example_dag_decorator' retrieved from /home/airflow/.local/lib/python3.12/site-packages/airflow/example_dags/example_dag_decorator.py
[2025-04-08T01:38:04.311+0000] {logging_mixin.py:190} INFO - [2025-04-08T01:38:04.309+0000] {dag.py:3239} INFO - Sync 1 DAGs
[2025-04-08T01:38:04.375+0000] {logging_mixin.py:190} INFO - [2025-04-08T01:38:04.374+0000] {dag.py:4180} INFO - Setting next_dagrun for example_dag_decorator to None, run_after=None
[2025-04-08T01:38:04.477+0000] {processor.py:208} INFO - Processing /home/airflow/.local/lib/python3.12/site-packages/airflow/example_dags/example_dag_decorator.py took 1.472 seconds
[2025-04-08T01:38:34.841+0000] {processor.py:186} INFO - Started process (PID=9406) to work on /home/airflow/.local/lib/python3.12/site-packages/airflow/example_dags/example_dag_decorator.py
[2025-04-08T01:38:34.846+0000] {processor.py:914} INFO - Processing file /home/airflow/.local/lib/python3.12/site-packages/airflow/example_dags/example_dag_decorator.py for tasks to queue
[2025-04-08T01:38:34.854+0000] {logging_mixin.py:190} INFO - [2025-04-08T01:38:34.853+0000] {dagbag.py:588} INFO - Filling up the DagBag from /home/airflow/.local/lib/python3.12/site-packages/airflow/example_dags/example_dag_decorator.py
[2025-04-08T01:38:35.811+0000] {processor.py:925} INFO - DAG(s) 'example_dag_decorator' retrieved from /home/airflow/.local/lib/python3.12/site-packages/airflow/example_dags/example_dag_decorator.py
[2025-04-08T01:38:36.548+0000] {logging_mixin.py:190} INFO - [2025-04-08T01:38:36.548+0000] {dag.py:3239} INFO - Sync 1 DAGs
[2025-04-08T01:38:36.618+0000] {logging_mixin.py:190} INFO - [2025-04-08T01:38:36.617+0000] {dag.py:4180} INFO - Setting next_dagrun for example_dag_decorator to None, run_after=None
[2025-04-08T01:38:36.718+0000] {processor.py:208} INFO - Processing /home/airflow/.local/lib/python3.12/site-packages/airflow/example_dags/example_dag_decorator.py took 1.900 seconds
[2025-04-08T01:39:07.518+0000] {processor.py:186} INFO - Started process (PID=9472) to work on /home/airflow/.local/lib/python3.12/site-packages/airflow/example_dags/example_dag_decorator.py
[2025-04-08T01:39:07.520+0000] {processor.py:914} INFO - Processing file /home/airflow/.local/lib/python3.12/site-packages/airflow/example_dags/example_dag_decorator.py for tasks to queue
[2025-04-08T01:39:07.522+0000] {logging_mixin.py:190} INFO - [2025-04-08T01:39:07.521+0000] {dagbag.py:588} INFO - Filling up the DagBag from /home/airflow/.local/lib/python3.12/site-packages/airflow/example_dags/example_dag_decorator.py
[2025-04-08T01:39:07.676+0000] {processor.py:925} INFO - DAG(s) 'example_dag_decorator' retrieved from /home/airflow/.local/lib/python3.12/site-packages/airflow/example_dags/example_dag_decorator.py
[2025-04-08T01:39:07.867+0000] {logging_mixin.py:190} INFO - [2025-04-08T01:39:07.866+0000] {dag.py:3239} INFO - Sync 1 DAGs
[2025-04-08T01:39:07.910+0000] {logging_mixin.py:190} INFO - [2025-04-08T01:39:07.909+0000] {dag.py:4180} INFO - Setting next_dagrun for example_dag_decorator to None, run_after=None
[2025-04-08T01:39:07.987+0000] {processor.py:208} INFO - Processing /home/airflow/.local/lib/python3.12/site-packages/airflow/example_dags/example_dag_decorator.py took 0.477 seconds
[2025-04-08T01:39:50.146+0000] {processor.py:186} INFO - Started process (PID=9551) to work on /home/airflow/.local/lib/python3.12/site-packages/airflow/example_dags/example_dag_decorator.py
[2025-04-08T01:39:50.152+0000] {processor.py:914} INFO - Processing file /home/airflow/.local/lib/python3.12/site-packages/airflow/example_dags/example_dag_decorator.py for tasks to queue
[2025-04-08T01:39:50.158+0000] {logging_mixin.py:190} INFO - [2025-04-08T01:39:50.157+0000] {dagbag.py:588} INFO - Filling up the DagBag from /home/airflow/.local/lib/python3.12/site-packages/airflow/example_dags/example_dag_decorator.py
[2025-04-08T01:39:50.680+0000] {processor.py:925} INFO - DAG(s) 'example_dag_decorator' retrieved from /home/airflow/.local/lib/python3.12/site-packages/airflow/example_dags/example_dag_decorator.py
[2025-04-08T01:39:51.884+0000] {logging_mixin.py:190} INFO - [2025-04-08T01:39:51.881+0000] {dag.py:3239} INFO - Sync 1 DAGs
[2025-04-08T01:39:51.954+0000] {logging_mixin.py:190} INFO - [2025-04-08T01:39:51.952+0000] {dag.py:4180} INFO - Setting next_dagrun for example_dag_decorator to None, run_after=None
[2025-04-08T01:39:52.054+0000] {processor.py:208} INFO - Processing /home/airflow/.local/lib/python3.12/site-packages/airflow/example_dags/example_dag_decorator.py took 1.941 seconds
[2025-04-08T01:40:24.403+0000] {processor.py:186} INFO - Started process (PID=9616) to work on /home/airflow/.local/lib/python3.12/site-packages/airflow/example_dags/example_dag_decorator.py
[2025-04-08T01:40:24.409+0000] {processor.py:914} INFO - Processing file /home/airflow/.local/lib/python3.12/site-packages/airflow/example_dags/example_dag_decorator.py for tasks to queue
[2025-04-08T01:40:24.423+0000] {logging_mixin.py:190} INFO - [2025-04-08T01:40:24.421+0000] {dagbag.py:588} INFO - Filling up the DagBag from /home/airflow/.local/lib/python3.12/site-packages/airflow/example_dags/example_dag_decorator.py
[2025-04-08T01:40:26.078+0000] {processor.py:925} INFO - DAG(s) 'example_dag_decorator' retrieved from /home/airflow/.local/lib/python3.12/site-packages/airflow/example_dags/example_dag_decorator.py
[2025-04-08T01:40:27.336+0000] {logging_mixin.py:190} INFO - [2025-04-08T01:40:27.334+0000] {dag.py:3239} INFO - Sync 1 DAGs
[2025-04-08T01:40:29.163+0000] {logging_mixin.py:190} INFO - [2025-04-08T01:40:29.161+0000] {dag.py:4180} INFO - Setting next_dagrun for example_dag_decorator to None, run_after=None
[2025-04-08T01:40:29.379+0000] {processor.py:208} INFO - Processing /home/airflow/.local/lib/python3.12/site-packages/airflow/example_dags/example_dag_decorator.py took 5.070 seconds
[2025-04-08T01:40:59.814+0000] {processor.py:186} INFO - Started process (PID=9680) to work on /home/airflow/.local/lib/python3.12/site-packages/airflow/example_dags/example_dag_decorator.py
[2025-04-08T01:40:59.817+0000] {processor.py:914} INFO - Processing file /home/airflow/.local/lib/python3.12/site-packages/airflow/example_dags/example_dag_decorator.py for tasks to queue
[2025-04-08T01:40:59.821+0000] {logging_mixin.py:190} INFO - [2025-04-08T01:40:59.820+0000] {dagbag.py:588} INFO - Filling up the DagBag from /home/airflow/.local/lib/python3.12/site-packages/airflow/example_dags/example_dag_decorator.py
[2025-04-08T01:41:00.122+0000] {processor.py:925} INFO - DAG(s) 'example_dag_decorator' retrieved from /home/airflow/.local/lib/python3.12/site-packages/airflow/example_dags/example_dag_decorator.py
[2025-04-08T01:41:00.488+0000] {logging_mixin.py:190} INFO - [2025-04-08T01:41:00.487+0000] {dag.py:3239} INFO - Sync 1 DAGs
[2025-04-08T01:41:00.523+0000] {logging_mixin.py:190} INFO - [2025-04-08T01:41:00.523+0000] {dag.py:4180} INFO - Setting next_dagrun for example_dag_decorator to None, run_after=None
[2025-04-08T01:41:00.598+0000] {processor.py:208} INFO - Processing /home/airflow/.local/lib/python3.12/site-packages/airflow/example_dags/example_dag_decorator.py took 0.801 seconds
[2025-04-08T01:41:30.889+0000] {processor.py:186} INFO - Started process (PID=9743) to work on /home/airflow/.local/lib/python3.12/site-packages/airflow/example_dags/example_dag_decorator.py
[2025-04-08T01:41:30.892+0000] {processor.py:914} INFO - Processing file /home/airflow/.local/lib/python3.12/site-packages/airflow/example_dags/example_dag_decorator.py for tasks to queue
[2025-04-08T01:41:30.897+0000] {logging_mixin.py:190} INFO - [2025-04-08T01:41:30.896+0000] {dagbag.py:588} INFO - Filling up the DagBag from /home/airflow/.local/lib/python3.12/site-packages/airflow/example_dags/example_dag_decorator.py
[2025-04-08T01:41:31.162+0000] {processor.py:925} INFO - DAG(s) 'example_dag_decorator' retrieved from /home/airflow/.local/lib/python3.12/site-packages/airflow/example_dags/example_dag_decorator.py
[2025-04-08T01:41:31.830+0000] {logging_mixin.py:190} INFO - [2025-04-08T01:41:31.829+0000] {dag.py:3239} INFO - Sync 1 DAGs
[2025-04-08T01:41:31.868+0000] {logging_mixin.py:190} INFO - [2025-04-08T01:41:31.868+0000] {dag.py:4180} INFO - Setting next_dagrun for example_dag_decorator to None, run_after=None
[2025-04-08T01:41:31.937+0000] {processor.py:208} INFO - Processing /home/airflow/.local/lib/python3.12/site-packages/airflow/example_dags/example_dag_decorator.py took 1.065 seconds
[2025-04-08T01:42:02.645+0000] {processor.py:186} INFO - Started process (PID=9806) to work on /home/airflow/.local/lib/python3.12/site-packages/airflow/example_dags/example_dag_decorator.py
[2025-04-08T01:42:02.649+0000] {processor.py:914} INFO - Processing file /home/airflow/.local/lib/python3.12/site-packages/airflow/example_dags/example_dag_decorator.py for tasks to queue
[2025-04-08T01:42:02.656+0000] {logging_mixin.py:190} INFO - [2025-04-08T01:42:02.654+0000] {dagbag.py:588} INFO - Filling up the DagBag from /home/airflow/.local/lib/python3.12/site-packages/airflow/example_dags/example_dag_decorator.py
[2025-04-08T01:42:02.932+0000] {processor.py:925} INFO - DAG(s) 'example_dag_decorator' retrieved from /home/airflow/.local/lib/python3.12/site-packages/airflow/example_dags/example_dag_decorator.py
[2025-04-08T01:42:02.999+0000] {logging_mixin.py:190} INFO - [2025-04-08T01:42:02.998+0000] {dag.py:3239} INFO - Sync 1 DAGs
[2025-04-08T01:42:03.042+0000] {logging_mixin.py:190} INFO - [2025-04-08T01:42:03.041+0000] {dag.py:4180} INFO - Setting next_dagrun for example_dag_decorator to None, run_after=None
[2025-04-08T01:42:03.114+0000] {processor.py:208} INFO - Processing /home/airflow/.local/lib/python3.12/site-packages/airflow/example_dags/example_dag_decorator.py took 0.500 seconds
