[2025-04-08T00:26:32.094+0000] {processor.py:186} INFO - Started process (PID=5829) to work on /home/airflow/.local/lib/python3.12/site-packages/airflow/example_dags/example_nested_branch_dag.py
[2025-04-08T00:26:32.096+0000] {processor.py:914} INFO - Processing file /home/airflow/.local/lib/python3.12/site-packages/airflow/example_dags/example_nested_branch_dag.py for tasks to queue
[2025-04-08T00:26:32.101+0000] {logging_mixin.py:190} INFO - [2025-04-08T00:26:32.100+0000] {dagbag.py:588} INFO - Filling up the DagBag from /home/airflow/.local/lib/python3.12/site-packages/airflow/example_dags/example_nested_branch_dag.py
[2025-04-08T00:26:32.134+0000] {processor.py:925} INFO - DAG(s) 'example_nested_branch_dag' retrieved from /home/airflow/.local/lib/python3.12/site-packages/airflow/example_dags/example_nested_branch_dag.py
[2025-04-08T00:26:32.209+0000] {logging_mixin.py:190} INFO - [2025-04-08T00:26:32.209+0000] {dag.py:3239} INFO - Sync 1 DAGs
[2025-04-08T00:26:32.277+0000] {logging_mixin.py:190} INFO - [2025-04-08T00:26:32.277+0000] {dag.py:4180} INFO - Setting next_dagrun for example_nested_branch_dag to 2025-04-07 00:00:00+00:00, run_after=2025-04-08 00:00:00+00:00
[2025-04-08T00:26:32.329+0000] {processor.py:208} INFO - Processing /home/airflow/.local/lib/python3.12/site-packages/airflow/example_dags/example_nested_branch_dag.py took 0.247 seconds
[2025-04-08T00:43:39.872+0000] {processor.py:186} INFO - Started process (PID=5854) to work on /home/airflow/.local/lib/python3.12/site-packages/airflow/example_dags/example_nested_branch_dag.py
[2025-04-08T00:43:39.883+0000] {processor.py:914} INFO - Processing file /home/airflow/.local/lib/python3.12/site-packages/airflow/example_dags/example_nested_branch_dag.py for tasks to queue
[2025-04-08T00:43:39.890+0000] {logging_mixin.py:190} INFO - [2025-04-08T00:43:39.889+0000] {dagbag.py:588} INFO - Filling up the DagBag from /home/airflow/.local/lib/python3.12/site-packages/airflow/example_dags/example_nested_branch_dag.py
[2025-04-08T00:43:39.924+0000] {processor.py:925} INFO - DAG(s) 'example_nested_branch_dag' retrieved from /home/airflow/.local/lib/python3.12/site-packages/airflow/example_dags/example_nested_branch_dag.py
[2025-04-08T00:43:40.004+0000] {logging_mixin.py:190} INFO - [2025-04-08T00:43:40.003+0000] {dag.py:3239} INFO - Sync 1 DAGs
[2025-04-08T00:43:40.123+0000] {logging_mixin.py:190} INFO - [2025-04-08T00:43:40.122+0000] {dag.py:4180} INFO - Setting next_dagrun for example_nested_branch_dag to 2025-04-07 00:00:00+00:00, run_after=2025-04-08 00:00:00+00:00
[2025-04-08T00:43:40.240+0000] {processor.py:208} INFO - Processing /home/airflow/.local/lib/python3.12/site-packages/airflow/example_dags/example_nested_branch_dag.py took 0.392 seconds
[2025-04-08T00:44:12.973+0000] {processor.py:186} INFO - Started process (PID=5917) to work on /home/airflow/.local/lib/python3.12/site-packages/airflow/example_dags/example_nested_branch_dag.py
[2025-04-08T00:44:12.982+0000] {processor.py:914} INFO - Processing file /home/airflow/.local/lib/python3.12/site-packages/airflow/example_dags/example_nested_branch_dag.py for tasks to queue
[2025-04-08T00:44:12.996+0000] {logging_mixin.py:190} INFO - [2025-04-08T00:44:12.995+0000] {dagbag.py:588} INFO - Filling up the DagBag from /home/airflow/.local/lib/python3.12/site-packages/airflow/example_dags/example_nested_branch_dag.py
[2025-04-08T00:44:13.091+0000] {processor.py:925} INFO - DAG(s) 'example_nested_branch_dag' retrieved from /home/airflow/.local/lib/python3.12/site-packages/airflow/example_dags/example_nested_branch_dag.py
[2025-04-08T00:44:13.327+0000] {logging_mixin.py:190} INFO - [2025-04-08T00:44:13.325+0000] {dag.py:3239} INFO - Sync 1 DAGs
[2025-04-08T00:44:13.432+0000] {logging_mixin.py:190} INFO - [2025-04-08T00:44:13.432+0000] {dag.py:4180} INFO - Setting next_dagrun for example_nested_branch_dag to 2025-04-07 00:00:00+00:00, run_after=2025-04-08 00:00:00+00:00
[2025-04-08T00:44:13.548+0000] {processor.py:208} INFO - Processing /home/airflow/.local/lib/python3.12/site-packages/airflow/example_dags/example_nested_branch_dag.py took 0.609 seconds
[2025-04-08T00:44:43.776+0000] {processor.py:186} INFO - Started process (PID=5980) to work on /home/airflow/.local/lib/python3.12/site-packages/airflow/example_dags/example_nested_branch_dag.py
[2025-04-08T00:44:43.778+0000] {processor.py:914} INFO - Processing file /home/airflow/.local/lib/python3.12/site-packages/airflow/example_dags/example_nested_branch_dag.py for tasks to queue
[2025-04-08T00:44:43.779+0000] {logging_mixin.py:190} INFO - [2025-04-08T00:44:43.779+0000] {dagbag.py:588} INFO - Filling up the DagBag from /home/airflow/.local/lib/python3.12/site-packages/airflow/example_dags/example_nested_branch_dag.py
[2025-04-08T00:44:43.792+0000] {processor.py:925} INFO - DAG(s) 'example_nested_branch_dag' retrieved from /home/airflow/.local/lib/python3.12/site-packages/airflow/example_dags/example_nested_branch_dag.py
[2025-04-08T00:44:43.818+0000] {logging_mixin.py:190} INFO - [2025-04-08T00:44:43.818+0000] {dag.py:3239} INFO - Sync 1 DAGs
[2025-04-08T00:44:43.846+0000] {logging_mixin.py:190} INFO - [2025-04-08T00:44:43.846+0000] {dag.py:4180} INFO - Setting next_dagrun for example_nested_branch_dag to 2025-04-07 00:00:00+00:00, run_after=2025-04-08 00:00:00+00:00
[2025-04-08T00:44:43.888+0000] {processor.py:208} INFO - Processing /home/airflow/.local/lib/python3.12/site-packages/airflow/example_dags/example_nested_branch_dag.py took 0.118 seconds
[2025-04-08T00:45:14.123+0000] {processor.py:186} INFO - Started process (PID=6043) to work on /home/airflow/.local/lib/python3.12/site-packages/airflow/example_dags/example_nested_branch_dag.py
[2025-04-08T00:45:14.126+0000] {processor.py:914} INFO - Processing file /home/airflow/.local/lib/python3.12/site-packages/airflow/example_dags/example_nested_branch_dag.py for tasks to queue
[2025-04-08T00:45:14.129+0000] {logging_mixin.py:190} INFO - [2025-04-08T00:45:14.128+0000] {dagbag.py:588} INFO - Filling up the DagBag from /home/airflow/.local/lib/python3.12/site-packages/airflow/example_dags/example_nested_branch_dag.py
[2025-04-08T00:45:14.150+0000] {processor.py:925} INFO - DAG(s) 'example_nested_branch_dag' retrieved from /home/airflow/.local/lib/python3.12/site-packages/airflow/example_dags/example_nested_branch_dag.py
[2025-04-08T00:45:14.186+0000] {logging_mixin.py:190} INFO - [2025-04-08T00:45:14.186+0000] {dag.py:3239} INFO - Sync 1 DAGs
[2025-04-08T00:45:14.245+0000] {logging_mixin.py:190} INFO - [2025-04-08T00:45:14.244+0000] {dag.py:4180} INFO - Setting next_dagrun for example_nested_branch_dag to 2025-04-07 00:00:00+00:00, run_after=2025-04-08 00:00:00+00:00
[2025-04-08T00:45:14.288+0000] {processor.py:208} INFO - Processing /home/airflow/.local/lib/python3.12/site-packages/airflow/example_dags/example_nested_branch_dag.py took 0.174 seconds
[2025-04-08T00:45:44.802+0000] {processor.py:186} INFO - Started process (PID=6106) to work on /home/airflow/.local/lib/python3.12/site-packages/airflow/example_dags/example_nested_branch_dag.py
[2025-04-08T00:45:44.803+0000] {processor.py:914} INFO - Processing file /home/airflow/.local/lib/python3.12/site-packages/airflow/example_dags/example_nested_branch_dag.py for tasks to queue
[2025-04-08T00:45:44.805+0000] {logging_mixin.py:190} INFO - [2025-04-08T00:45:44.805+0000] {dagbag.py:588} INFO - Filling up the DagBag from /home/airflow/.local/lib/python3.12/site-packages/airflow/example_dags/example_nested_branch_dag.py
[2025-04-08T00:45:44.817+0000] {processor.py:925} INFO - DAG(s) 'example_nested_branch_dag' retrieved from /home/airflow/.local/lib/python3.12/site-packages/airflow/example_dags/example_nested_branch_dag.py
[2025-04-08T00:45:44.838+0000] {logging_mixin.py:190} INFO - [2025-04-08T00:45:44.838+0000] {dag.py:3239} INFO - Sync 1 DAGs
[2025-04-08T00:45:44.868+0000] {logging_mixin.py:190} INFO - [2025-04-08T00:45:44.867+0000] {dag.py:4180} INFO - Setting next_dagrun for example_nested_branch_dag to 2025-04-07 00:00:00+00:00, run_after=2025-04-08 00:00:00+00:00
[2025-04-08T00:45:44.893+0000] {processor.py:208} INFO - Processing /home/airflow/.local/lib/python3.12/site-packages/airflow/example_dags/example_nested_branch_dag.py took 0.099 seconds
[2025-04-08T00:46:15.829+0000] {processor.py:186} INFO - Started process (PID=6167) to work on /home/airflow/.local/lib/python3.12/site-packages/airflow/example_dags/example_nested_branch_dag.py
[2025-04-08T00:46:15.831+0000] {processor.py:914} INFO - Processing file /home/airflow/.local/lib/python3.12/site-packages/airflow/example_dags/example_nested_branch_dag.py for tasks to queue
[2025-04-08T00:46:15.836+0000] {logging_mixin.py:190} INFO - [2025-04-08T00:46:15.834+0000] {dagbag.py:588} INFO - Filling up the DagBag from /home/airflow/.local/lib/python3.12/site-packages/airflow/example_dags/example_nested_branch_dag.py
[2025-04-08T00:46:15.865+0000] {processor.py:925} INFO - DAG(s) 'example_nested_branch_dag' retrieved from /home/airflow/.local/lib/python3.12/site-packages/airflow/example_dags/example_nested_branch_dag.py
[2025-04-08T00:46:15.917+0000] {logging_mixin.py:190} INFO - [2025-04-08T00:46:15.916+0000] {dag.py:3239} INFO - Sync 1 DAGs
[2025-04-08T00:46:15.969+0000] {logging_mixin.py:190} INFO - [2025-04-08T00:46:15.968+0000] {dag.py:4180} INFO - Setting next_dagrun for example_nested_branch_dag to 2025-04-07 00:00:00+00:00, run_after=2025-04-08 00:00:00+00:00
[2025-04-08T00:46:16.013+0000] {processor.py:208} INFO - Processing /home/airflow/.local/lib/python3.12/site-packages/airflow/example_dags/example_nested_branch_dag.py took 0.195 seconds
[2025-04-08T00:46:46.625+0000] {processor.py:186} INFO - Started process (PID=6229) to work on /home/airflow/.local/lib/python3.12/site-packages/airflow/example_dags/example_nested_branch_dag.py
[2025-04-08T00:46:46.627+0000] {processor.py:914} INFO - Processing file /home/airflow/.local/lib/python3.12/site-packages/airflow/example_dags/example_nested_branch_dag.py for tasks to queue
[2025-04-08T00:46:46.630+0000] {logging_mixin.py:190} INFO - [2025-04-08T00:46:46.629+0000] {dagbag.py:588} INFO - Filling up the DagBag from /home/airflow/.local/lib/python3.12/site-packages/airflow/example_dags/example_nested_branch_dag.py
[2025-04-08T00:46:46.646+0000] {processor.py:925} INFO - DAG(s) 'example_nested_branch_dag' retrieved from /home/airflow/.local/lib/python3.12/site-packages/airflow/example_dags/example_nested_branch_dag.py
[2025-04-08T00:46:46.683+0000] {logging_mixin.py:190} INFO - [2025-04-08T00:46:46.683+0000] {dag.py:3239} INFO - Sync 1 DAGs
[2025-04-08T00:46:46.726+0000] {logging_mixin.py:190} INFO - [2025-04-08T00:46:46.725+0000] {dag.py:4180} INFO - Setting next_dagrun for example_nested_branch_dag to 2025-04-07 00:00:00+00:00, run_after=2025-04-08 00:00:00+00:00
[2025-04-08T00:46:46.762+0000] {processor.py:208} INFO - Processing /home/airflow/.local/lib/python3.12/site-packages/airflow/example_dags/example_nested_branch_dag.py took 0.146 seconds
[2025-04-08T00:47:17.740+0000] {processor.py:186} INFO - Started process (PID=6292) to work on /home/airflow/.local/lib/python3.12/site-packages/airflow/example_dags/example_nested_branch_dag.py
[2025-04-08T00:47:17.742+0000] {processor.py:914} INFO - Processing file /home/airflow/.local/lib/python3.12/site-packages/airflow/example_dags/example_nested_branch_dag.py for tasks to queue
[2025-04-08T00:47:17.744+0000] {logging_mixin.py:190} INFO - [2025-04-08T00:47:17.743+0000] {dagbag.py:588} INFO - Filling up the DagBag from /home/airflow/.local/lib/python3.12/site-packages/airflow/example_dags/example_nested_branch_dag.py
[2025-04-08T00:47:17.773+0000] {processor.py:925} INFO - DAG(s) 'example_nested_branch_dag' retrieved from /home/airflow/.local/lib/python3.12/site-packages/airflow/example_dags/example_nested_branch_dag.py
[2025-04-08T00:47:17.849+0000] {logging_mixin.py:190} INFO - [2025-04-08T00:47:17.849+0000] {dag.py:3239} INFO - Sync 1 DAGs
[2025-04-08T00:47:17.888+0000] {logging_mixin.py:190} INFO - [2025-04-08T00:47:17.887+0000] {dag.py:4180} INFO - Setting next_dagrun for example_nested_branch_dag to 2025-04-07 00:00:00+00:00, run_after=2025-04-08 00:00:00+00:00
[2025-04-08T00:47:17.919+0000] {processor.py:208} INFO - Processing /home/airflow/.local/lib/python3.12/site-packages/airflow/example_dags/example_nested_branch_dag.py took 0.190 seconds
[2025-04-08T00:47:48.193+0000] {processor.py:186} INFO - Started process (PID=6353) to work on /home/airflow/.local/lib/python3.12/site-packages/airflow/example_dags/example_nested_branch_dag.py
[2025-04-08T00:47:48.194+0000] {processor.py:914} INFO - Processing file /home/airflow/.local/lib/python3.12/site-packages/airflow/example_dags/example_nested_branch_dag.py for tasks to queue
[2025-04-08T00:47:48.196+0000] {logging_mixin.py:190} INFO - [2025-04-08T00:47:48.196+0000] {dagbag.py:588} INFO - Filling up the DagBag from /home/airflow/.local/lib/python3.12/site-packages/airflow/example_dags/example_nested_branch_dag.py
[2025-04-08T00:47:48.212+0000] {processor.py:925} INFO - DAG(s) 'example_nested_branch_dag' retrieved from /home/airflow/.local/lib/python3.12/site-packages/airflow/example_dags/example_nested_branch_dag.py
[2025-04-08T00:47:48.244+0000] {logging_mixin.py:190} INFO - [2025-04-08T00:47:48.244+0000] {dag.py:3239} INFO - Sync 1 DAGs
[2025-04-08T00:47:48.281+0000] {logging_mixin.py:190} INFO - [2025-04-08T00:47:48.281+0000] {dag.py:4180} INFO - Setting next_dagrun for example_nested_branch_dag to 2025-04-07 00:00:00+00:00, run_after=2025-04-08 00:00:00+00:00
[2025-04-08T00:47:48.310+0000] {processor.py:208} INFO - Processing /home/airflow/.local/lib/python3.12/site-packages/airflow/example_dags/example_nested_branch_dag.py took 0.123 seconds
[2025-04-08T00:48:18.565+0000] {processor.py:186} INFO - Started process (PID=6415) to work on /home/airflow/.local/lib/python3.12/site-packages/airflow/example_dags/example_nested_branch_dag.py
[2025-04-08T00:48:18.567+0000] {processor.py:914} INFO - Processing file /home/airflow/.local/lib/python3.12/site-packages/airflow/example_dags/example_nested_branch_dag.py for tasks to queue
[2025-04-08T00:48:18.569+0000] {logging_mixin.py:190} INFO - [2025-04-08T00:48:18.568+0000] {dagbag.py:588} INFO - Filling up the DagBag from /home/airflow/.local/lib/python3.12/site-packages/airflow/example_dags/example_nested_branch_dag.py
[2025-04-08T00:48:18.580+0000] {processor.py:925} INFO - DAG(s) 'example_nested_branch_dag' retrieved from /home/airflow/.local/lib/python3.12/site-packages/airflow/example_dags/example_nested_branch_dag.py
[2025-04-08T00:48:18.603+0000] {logging_mixin.py:190} INFO - [2025-04-08T00:48:18.603+0000] {dag.py:3239} INFO - Sync 1 DAGs
[2025-04-08T00:48:18.631+0000] {logging_mixin.py:190} INFO - [2025-04-08T00:48:18.631+0000] {dag.py:4180} INFO - Setting next_dagrun for example_nested_branch_dag to 2025-04-07 00:00:00+00:00, run_after=2025-04-08 00:00:00+00:00
[2025-04-08T00:48:18.652+0000] {processor.py:208} INFO - Processing /home/airflow/.local/lib/python3.12/site-packages/airflow/example_dags/example_nested_branch_dag.py took 0.092 seconds
[2025-04-08T00:48:48.744+0000] {processor.py:186} INFO - Started process (PID=6478) to work on /home/airflow/.local/lib/python3.12/site-packages/airflow/example_dags/example_nested_branch_dag.py
[2025-04-08T00:48:48.748+0000] {processor.py:914} INFO - Processing file /home/airflow/.local/lib/python3.12/site-packages/airflow/example_dags/example_nested_branch_dag.py for tasks to queue
[2025-04-08T00:48:48.753+0000] {logging_mixin.py:190} INFO - [2025-04-08T00:48:48.752+0000] {dagbag.py:588} INFO - Filling up the DagBag from /home/airflow/.local/lib/python3.12/site-packages/airflow/example_dags/example_nested_branch_dag.py
[2025-04-08T00:48:48.776+0000] {processor.py:925} INFO - DAG(s) 'example_nested_branch_dag' retrieved from /home/airflow/.local/lib/python3.12/site-packages/airflow/example_dags/example_nested_branch_dag.py
[2025-04-08T00:48:48.813+0000] {logging_mixin.py:190} INFO - [2025-04-08T00:48:48.813+0000] {dag.py:3239} INFO - Sync 1 DAGs
[2025-04-08T00:48:48.856+0000] {logging_mixin.py:190} INFO - [2025-04-08T00:48:48.856+0000] {dag.py:4180} INFO - Setting next_dagrun for example_nested_branch_dag to 2025-04-07 00:00:00+00:00, run_after=2025-04-08 00:00:00+00:00
[2025-04-08T00:48:48.892+0000] {processor.py:208} INFO - Processing /home/airflow/.local/lib/python3.12/site-packages/airflow/example_dags/example_nested_branch_dag.py took 0.157 seconds
[2025-04-08T00:49:19.028+0000] {processor.py:186} INFO - Started process (PID=6541) to work on /home/airflow/.local/lib/python3.12/site-packages/airflow/example_dags/example_nested_branch_dag.py
[2025-04-08T00:49:19.029+0000] {processor.py:914} INFO - Processing file /home/airflow/.local/lib/python3.12/site-packages/airflow/example_dags/example_nested_branch_dag.py for tasks to queue
[2025-04-08T00:49:19.030+0000] {logging_mixin.py:190} INFO - [2025-04-08T00:49:19.030+0000] {dagbag.py:588} INFO - Filling up the DagBag from /home/airflow/.local/lib/python3.12/site-packages/airflow/example_dags/example_nested_branch_dag.py
[2025-04-08T00:49:19.039+0000] {processor.py:925} INFO - DAG(s) 'example_nested_branch_dag' retrieved from /home/airflow/.local/lib/python3.12/site-packages/airflow/example_dags/example_nested_branch_dag.py
[2025-04-08T00:49:19.059+0000] {logging_mixin.py:190} INFO - [2025-04-08T00:49:19.059+0000] {dag.py:3239} INFO - Sync 1 DAGs
[2025-04-08T00:49:19.080+0000] {logging_mixin.py:190} INFO - [2025-04-08T00:49:19.080+0000] {dag.py:4180} INFO - Setting next_dagrun for example_nested_branch_dag to 2025-04-07 00:00:00+00:00, run_after=2025-04-08 00:00:00+00:00
[2025-04-08T00:49:19.098+0000] {processor.py:208} INFO - Processing /home/airflow/.local/lib/python3.12/site-packages/airflow/example_dags/example_nested_branch_dag.py took 0.075 seconds
[2025-04-08T00:49:49.164+0000] {processor.py:186} INFO - Started process (PID=6604) to work on /home/airflow/.local/lib/python3.12/site-packages/airflow/example_dags/example_nested_branch_dag.py
[2025-04-08T00:49:49.165+0000] {processor.py:914} INFO - Processing file /home/airflow/.local/lib/python3.12/site-packages/airflow/example_dags/example_nested_branch_dag.py for tasks to queue
[2025-04-08T00:49:49.168+0000] {logging_mixin.py:190} INFO - [2025-04-08T00:49:49.167+0000] {dagbag.py:588} INFO - Filling up the DagBag from /home/airflow/.local/lib/python3.12/site-packages/airflow/example_dags/example_nested_branch_dag.py
[2025-04-08T00:49:49.185+0000] {processor.py:925} INFO - DAG(s) 'example_nested_branch_dag' retrieved from /home/airflow/.local/lib/python3.12/site-packages/airflow/example_dags/example_nested_branch_dag.py
[2025-04-08T00:49:49.245+0000] {logging_mixin.py:190} INFO - [2025-04-08T00:49:49.244+0000] {dag.py:3239} INFO - Sync 1 DAGs
[2025-04-08T00:49:49.295+0000] {logging_mixin.py:190} INFO - [2025-04-08T00:49:49.294+0000] {dag.py:4180} INFO - Setting next_dagrun for example_nested_branch_dag to 2025-04-07 00:00:00+00:00, run_after=2025-04-08 00:00:00+00:00
[2025-04-08T00:49:49.332+0000] {processor.py:208} INFO - Processing /home/airflow/.local/lib/python3.12/site-packages/airflow/example_dags/example_nested_branch_dag.py took 0.176 seconds
[2025-04-08T00:50:19.653+0000] {processor.py:186} INFO - Started process (PID=6666) to work on /home/airflow/.local/lib/python3.12/site-packages/airflow/example_dags/example_nested_branch_dag.py
[2025-04-08T00:50:19.657+0000] {processor.py:914} INFO - Processing file /home/airflow/.local/lib/python3.12/site-packages/airflow/example_dags/example_nested_branch_dag.py for tasks to queue
[2025-04-08T00:50:19.662+0000] {logging_mixin.py:190} INFO - [2025-04-08T00:50:19.660+0000] {dagbag.py:588} INFO - Filling up the DagBag from /home/airflow/.local/lib/python3.12/site-packages/airflow/example_dags/example_nested_branch_dag.py
[2025-04-08T00:50:19.690+0000] {processor.py:925} INFO - DAG(s) 'example_nested_branch_dag' retrieved from /home/airflow/.local/lib/python3.12/site-packages/airflow/example_dags/example_nested_branch_dag.py
[2025-04-08T00:50:19.740+0000] {logging_mixin.py:190} INFO - [2025-04-08T00:50:19.738+0000] {dag.py:3239} INFO - Sync 1 DAGs
[2025-04-08T00:50:19.790+0000] {logging_mixin.py:190} INFO - [2025-04-08T00:50:19.790+0000] {dag.py:4180} INFO - Setting next_dagrun for example_nested_branch_dag to 2025-04-07 00:00:00+00:00, run_after=2025-04-08 00:00:00+00:00
[2025-04-08T00:50:19.825+0000] {processor.py:208} INFO - Processing /home/airflow/.local/lib/python3.12/site-packages/airflow/example_dags/example_nested_branch_dag.py took 0.184 seconds
[2025-04-08T00:50:49.997+0000] {processor.py:186} INFO - Started process (PID=6729) to work on /home/airflow/.local/lib/python3.12/site-packages/airflow/example_dags/example_nested_branch_dag.py
[2025-04-08T00:50:50.001+0000] {processor.py:914} INFO - Processing file /home/airflow/.local/lib/python3.12/site-packages/airflow/example_dags/example_nested_branch_dag.py for tasks to queue
[2025-04-08T00:50:50.004+0000] {logging_mixin.py:190} INFO - [2025-04-08T00:50:50.003+0000] {dagbag.py:588} INFO - Filling up the DagBag from /home/airflow/.local/lib/python3.12/site-packages/airflow/example_dags/example_nested_branch_dag.py
[2025-04-08T00:50:50.033+0000] {processor.py:925} INFO - DAG(s) 'example_nested_branch_dag' retrieved from /home/airflow/.local/lib/python3.12/site-packages/airflow/example_dags/example_nested_branch_dag.py
[2025-04-08T00:50:50.077+0000] {logging_mixin.py:190} INFO - [2025-04-08T00:50:50.076+0000] {dag.py:3239} INFO - Sync 1 DAGs
[2025-04-08T00:50:50.120+0000] {logging_mixin.py:190} INFO - [2025-04-08T00:50:50.119+0000] {dag.py:4180} INFO - Setting next_dagrun for example_nested_branch_dag to 2025-04-07 00:00:00+00:00, run_after=2025-04-08 00:00:00+00:00
[2025-04-08T00:50:50.159+0000] {processor.py:208} INFO - Processing /home/airflow/.local/lib/python3.12/site-packages/airflow/example_dags/example_nested_branch_dag.py took 0.174 seconds
[2025-04-08T00:51:20.275+0000] {processor.py:186} INFO - Started process (PID=6792) to work on /home/airflow/.local/lib/python3.12/site-packages/airflow/example_dags/example_nested_branch_dag.py
[2025-04-08T00:51:20.276+0000] {processor.py:914} INFO - Processing file /home/airflow/.local/lib/python3.12/site-packages/airflow/example_dags/example_nested_branch_dag.py for tasks to queue
[2025-04-08T00:51:20.279+0000] {logging_mixin.py:190} INFO - [2025-04-08T00:51:20.278+0000] {dagbag.py:588} INFO - Filling up the DagBag from /home/airflow/.local/lib/python3.12/site-packages/airflow/example_dags/example_nested_branch_dag.py
[2025-04-08T00:51:20.293+0000] {processor.py:925} INFO - DAG(s) 'example_nested_branch_dag' retrieved from /home/airflow/.local/lib/python3.12/site-packages/airflow/example_dags/example_nested_branch_dag.py
[2025-04-08T00:51:20.319+0000] {logging_mixin.py:190} INFO - [2025-04-08T00:51:20.318+0000] {dag.py:3239} INFO - Sync 1 DAGs
[2025-04-08T00:51:20.350+0000] {logging_mixin.py:190} INFO - [2025-04-08T00:51:20.350+0000] {dag.py:4180} INFO - Setting next_dagrun for example_nested_branch_dag to 2025-04-07 00:00:00+00:00, run_after=2025-04-08 00:00:00+00:00
[2025-04-08T00:51:20.385+0000] {processor.py:208} INFO - Processing /home/airflow/.local/lib/python3.12/site-packages/airflow/example_dags/example_nested_branch_dag.py took 0.117 seconds
[2025-04-08T00:51:50.559+0000] {processor.py:186} INFO - Started process (PID=6855) to work on /home/airflow/.local/lib/python3.12/site-packages/airflow/example_dags/example_nested_branch_dag.py
[2025-04-08T00:51:50.560+0000] {processor.py:914} INFO - Processing file /home/airflow/.local/lib/python3.12/site-packages/airflow/example_dags/example_nested_branch_dag.py for tasks to queue
[2025-04-08T00:51:50.563+0000] {logging_mixin.py:190} INFO - [2025-04-08T00:51:50.563+0000] {dagbag.py:588} INFO - Filling up the DagBag from /home/airflow/.local/lib/python3.12/site-packages/airflow/example_dags/example_nested_branch_dag.py
[2025-04-08T00:51:50.576+0000] {processor.py:925} INFO - DAG(s) 'example_nested_branch_dag' retrieved from /home/airflow/.local/lib/python3.12/site-packages/airflow/example_dags/example_nested_branch_dag.py
[2025-04-08T00:51:50.606+0000] {logging_mixin.py:190} INFO - [2025-04-08T00:51:50.605+0000] {dag.py:3239} INFO - Sync 1 DAGs
[2025-04-08T00:51:50.637+0000] {logging_mixin.py:190} INFO - [2025-04-08T00:51:50.637+0000] {dag.py:4180} INFO - Setting next_dagrun for example_nested_branch_dag to 2025-04-07 00:00:00+00:00, run_after=2025-04-08 00:00:00+00:00
[2025-04-08T00:51:50.670+0000] {processor.py:208} INFO - Processing /home/airflow/.local/lib/python3.12/site-packages/airflow/example_dags/example_nested_branch_dag.py took 0.120 seconds
[2025-04-08T00:52:20.899+0000] {processor.py:186} INFO - Started process (PID=6918) to work on /home/airflow/.local/lib/python3.12/site-packages/airflow/example_dags/example_nested_branch_dag.py
[2025-04-08T00:52:20.900+0000] {processor.py:914} INFO - Processing file /home/airflow/.local/lib/python3.12/site-packages/airflow/example_dags/example_nested_branch_dag.py for tasks to queue
[2025-04-08T00:52:20.902+0000] {logging_mixin.py:190} INFO - [2025-04-08T00:52:20.901+0000] {dagbag.py:588} INFO - Filling up the DagBag from /home/airflow/.local/lib/python3.12/site-packages/airflow/example_dags/example_nested_branch_dag.py
[2025-04-08T00:52:20.914+0000] {processor.py:925} INFO - DAG(s) 'example_nested_branch_dag' retrieved from /home/airflow/.local/lib/python3.12/site-packages/airflow/example_dags/example_nested_branch_dag.py
[2025-04-08T00:52:20.937+0000] {logging_mixin.py:190} INFO - [2025-04-08T00:52:20.937+0000] {dag.py:3239} INFO - Sync 1 DAGs
[2025-04-08T00:52:20.966+0000] {logging_mixin.py:190} INFO - [2025-04-08T00:52:20.965+0000] {dag.py:4180} INFO - Setting next_dagrun for example_nested_branch_dag to 2025-04-07 00:00:00+00:00, run_after=2025-04-08 00:00:00+00:00
[2025-04-08T00:52:20.989+0000] {processor.py:208} INFO - Processing /home/airflow/.local/lib/python3.12/site-packages/airflow/example_dags/example_nested_branch_dag.py took 0.097 seconds
[2025-04-08T00:52:51.063+0000] {processor.py:186} INFO - Started process (PID=6981) to work on /home/airflow/.local/lib/python3.12/site-packages/airflow/example_dags/example_nested_branch_dag.py
[2025-04-08T00:52:51.065+0000] {processor.py:914} INFO - Processing file /home/airflow/.local/lib/python3.12/site-packages/airflow/example_dags/example_nested_branch_dag.py for tasks to queue
[2025-04-08T00:52:51.067+0000] {logging_mixin.py:190} INFO - [2025-04-08T00:52:51.067+0000] {dagbag.py:588} INFO - Filling up the DagBag from /home/airflow/.local/lib/python3.12/site-packages/airflow/example_dags/example_nested_branch_dag.py
[2025-04-08T00:52:51.086+0000] {processor.py:925} INFO - DAG(s) 'example_nested_branch_dag' retrieved from /home/airflow/.local/lib/python3.12/site-packages/airflow/example_dags/example_nested_branch_dag.py
[2025-04-08T00:52:51.120+0000] {logging_mixin.py:190} INFO - [2025-04-08T00:52:51.119+0000] {dag.py:3239} INFO - Sync 1 DAGs
[2025-04-08T00:52:51.159+0000] {logging_mixin.py:190} INFO - [2025-04-08T00:52:51.159+0000] {dag.py:4180} INFO - Setting next_dagrun for example_nested_branch_dag to 2025-04-07 00:00:00+00:00, run_after=2025-04-08 00:00:00+00:00
[2025-04-08T00:52:51.200+0000] {processor.py:208} INFO - Processing /home/airflow/.local/lib/python3.12/site-packages/airflow/example_dags/example_nested_branch_dag.py took 0.148 seconds
[2025-04-08T00:53:21.607+0000] {processor.py:186} INFO - Started process (PID=7044) to work on /home/airflow/.local/lib/python3.12/site-packages/airflow/example_dags/example_nested_branch_dag.py
[2025-04-08T00:53:21.609+0000] {processor.py:914} INFO - Processing file /home/airflow/.local/lib/python3.12/site-packages/airflow/example_dags/example_nested_branch_dag.py for tasks to queue
[2025-04-08T00:53:21.611+0000] {logging_mixin.py:190} INFO - [2025-04-08T00:53:21.611+0000] {dagbag.py:588} INFO - Filling up the DagBag from /home/airflow/.local/lib/python3.12/site-packages/airflow/example_dags/example_nested_branch_dag.py
[2025-04-08T00:53:21.628+0000] {processor.py:925} INFO - DAG(s) 'example_nested_branch_dag' retrieved from /home/airflow/.local/lib/python3.12/site-packages/airflow/example_dags/example_nested_branch_dag.py
[2025-04-08T00:53:21.660+0000] {logging_mixin.py:190} INFO - [2025-04-08T00:53:21.660+0000] {dag.py:3239} INFO - Sync 1 DAGs
[2025-04-08T00:53:21.695+0000] {logging_mixin.py:190} INFO - [2025-04-08T00:53:21.695+0000] {dag.py:4180} INFO - Setting next_dagrun for example_nested_branch_dag to 2025-04-07 00:00:00+00:00, run_after=2025-04-08 00:00:00+00:00
[2025-04-08T00:53:21.726+0000] {processor.py:208} INFO - Processing /home/airflow/.local/lib/python3.12/site-packages/airflow/example_dags/example_nested_branch_dag.py took 0.125 seconds
[2025-04-08T00:53:52.199+0000] {processor.py:186} INFO - Started process (PID=7107) to work on /home/airflow/.local/lib/python3.12/site-packages/airflow/example_dags/example_nested_branch_dag.py
[2025-04-08T00:53:52.200+0000] {processor.py:914} INFO - Processing file /home/airflow/.local/lib/python3.12/site-packages/airflow/example_dags/example_nested_branch_dag.py for tasks to queue
[2025-04-08T00:53:52.202+0000] {logging_mixin.py:190} INFO - [2025-04-08T00:53:52.201+0000] {dagbag.py:588} INFO - Filling up the DagBag from /home/airflow/.local/lib/python3.12/site-packages/airflow/example_dags/example_nested_branch_dag.py
[2025-04-08T00:53:52.220+0000] {processor.py:925} INFO - DAG(s) 'example_nested_branch_dag' retrieved from /home/airflow/.local/lib/python3.12/site-packages/airflow/example_dags/example_nested_branch_dag.py
[2025-04-08T00:53:52.246+0000] {logging_mixin.py:190} INFO - [2025-04-08T00:53:52.246+0000] {dag.py:3239} INFO - Sync 1 DAGs
[2025-04-08T00:53:52.280+0000] {logging_mixin.py:190} INFO - [2025-04-08T00:53:52.280+0000] {dag.py:4180} INFO - Setting next_dagrun for example_nested_branch_dag to 2025-04-07 00:00:00+00:00, run_after=2025-04-08 00:00:00+00:00
[2025-04-08T00:53:52.315+0000] {processor.py:208} INFO - Processing /home/airflow/.local/lib/python3.12/site-packages/airflow/example_dags/example_nested_branch_dag.py took 0.125 seconds
[2025-04-08T00:54:22.867+0000] {processor.py:186} INFO - Started process (PID=7170) to work on /home/airflow/.local/lib/python3.12/site-packages/airflow/example_dags/example_nested_branch_dag.py
[2025-04-08T00:54:22.869+0000] {processor.py:914} INFO - Processing file /home/airflow/.local/lib/python3.12/site-packages/airflow/example_dags/example_nested_branch_dag.py for tasks to queue
[2025-04-08T00:54:22.872+0000] {logging_mixin.py:190} INFO - [2025-04-08T00:54:22.871+0000] {dagbag.py:588} INFO - Filling up the DagBag from /home/airflow/.local/lib/python3.12/site-packages/airflow/example_dags/example_nested_branch_dag.py
[2025-04-08T00:54:22.896+0000] {processor.py:925} INFO - DAG(s) 'example_nested_branch_dag' retrieved from /home/airflow/.local/lib/python3.12/site-packages/airflow/example_dags/example_nested_branch_dag.py
[2025-04-08T00:54:22.941+0000] {logging_mixin.py:190} INFO - [2025-04-08T00:54:22.941+0000] {dag.py:3239} INFO - Sync 1 DAGs
[2025-04-08T00:54:22.983+0000] {logging_mixin.py:190} INFO - [2025-04-08T00:54:22.982+0000] {dag.py:4180} INFO - Setting next_dagrun for example_nested_branch_dag to 2025-04-07 00:00:00+00:00, run_after=2025-04-08 00:00:00+00:00
[2025-04-08T00:54:23.022+0000] {processor.py:208} INFO - Processing /home/airflow/.local/lib/python3.12/site-packages/airflow/example_dags/example_nested_branch_dag.py took 0.163 seconds
[2025-04-08T00:54:53.342+0000] {processor.py:186} INFO - Started process (PID=7233) to work on /home/airflow/.local/lib/python3.12/site-packages/airflow/example_dags/example_nested_branch_dag.py
[2025-04-08T00:54:53.343+0000] {processor.py:914} INFO - Processing file /home/airflow/.local/lib/python3.12/site-packages/airflow/example_dags/example_nested_branch_dag.py for tasks to queue
[2025-04-08T00:54:53.345+0000] {logging_mixin.py:190} INFO - [2025-04-08T00:54:53.345+0000] {dagbag.py:588} INFO - Filling up the DagBag from /home/airflow/.local/lib/python3.12/site-packages/airflow/example_dags/example_nested_branch_dag.py
[2025-04-08T00:54:53.358+0000] {processor.py:925} INFO - DAG(s) 'example_nested_branch_dag' retrieved from /home/airflow/.local/lib/python3.12/site-packages/airflow/example_dags/example_nested_branch_dag.py
[2025-04-08T00:54:53.386+0000] {logging_mixin.py:190} INFO - [2025-04-08T00:54:53.386+0000] {dag.py:3239} INFO - Sync 1 DAGs
[2025-04-08T00:54:53.416+0000] {logging_mixin.py:190} INFO - [2025-04-08T00:54:53.416+0000] {dag.py:4180} INFO - Setting next_dagrun for example_nested_branch_dag to 2025-04-07 00:00:00+00:00, run_after=2025-04-08 00:00:00+00:00
[2025-04-08T00:54:53.448+0000] {processor.py:208} INFO - Processing /home/airflow/.local/lib/python3.12/site-packages/airflow/example_dags/example_nested_branch_dag.py took 0.112 seconds
[2025-04-08T00:55:24.300+0000] {processor.py:186} INFO - Started process (PID=7295) to work on /home/airflow/.local/lib/python3.12/site-packages/airflow/example_dags/example_nested_branch_dag.py
[2025-04-08T00:55:24.304+0000] {processor.py:914} INFO - Processing file /home/airflow/.local/lib/python3.12/site-packages/airflow/example_dags/example_nested_branch_dag.py for tasks to queue
[2025-04-08T00:55:24.310+0000] {logging_mixin.py:190} INFO - [2025-04-08T00:55:24.309+0000] {dagbag.py:588} INFO - Filling up the DagBag from /home/airflow/.local/lib/python3.12/site-packages/airflow/example_dags/example_nested_branch_dag.py
[2025-04-08T00:55:24.331+0000] {processor.py:925} INFO - DAG(s) 'example_nested_branch_dag' retrieved from /home/airflow/.local/lib/python3.12/site-packages/airflow/example_dags/example_nested_branch_dag.py
[2025-04-08T00:55:24.368+0000] {logging_mixin.py:190} INFO - [2025-04-08T00:55:24.367+0000] {dag.py:3239} INFO - Sync 1 DAGs
[2025-04-08T00:55:24.404+0000] {logging_mixin.py:190} INFO - [2025-04-08T00:55:24.403+0000] {dag.py:4180} INFO - Setting next_dagrun for example_nested_branch_dag to 2025-04-07 00:00:00+00:00, run_after=2025-04-08 00:00:00+00:00
[2025-04-08T00:55:24.454+0000] {processor.py:208} INFO - Processing /home/airflow/.local/lib/python3.12/site-packages/airflow/example_dags/example_nested_branch_dag.py took 0.179 seconds
[2025-04-08T00:55:54.791+0000] {processor.py:186} INFO - Started process (PID=7359) to work on /home/airflow/.local/lib/python3.12/site-packages/airflow/example_dags/example_nested_branch_dag.py
[2025-04-08T00:55:54.793+0000] {processor.py:914} INFO - Processing file /home/airflow/.local/lib/python3.12/site-packages/airflow/example_dags/example_nested_branch_dag.py for tasks to queue
[2025-04-08T00:55:54.797+0000] {logging_mixin.py:190} INFO - [2025-04-08T00:55:54.796+0000] {dagbag.py:588} INFO - Filling up the DagBag from /home/airflow/.local/lib/python3.12/site-packages/airflow/example_dags/example_nested_branch_dag.py
[2025-04-08T00:55:54.816+0000] {processor.py:925} INFO - DAG(s) 'example_nested_branch_dag' retrieved from /home/airflow/.local/lib/python3.12/site-packages/airflow/example_dags/example_nested_branch_dag.py
[2025-04-08T00:55:54.865+0000] {logging_mixin.py:190} INFO - [2025-04-08T00:55:54.865+0000] {dag.py:3239} INFO - Sync 1 DAGs
[2025-04-08T00:55:54.913+0000] {logging_mixin.py:190} INFO - [2025-04-08T00:55:54.912+0000] {dag.py:4180} INFO - Setting next_dagrun for example_nested_branch_dag to 2025-04-07 00:00:00+00:00, run_after=2025-04-08 00:00:00+00:00
[2025-04-08T00:55:54.954+0000] {processor.py:208} INFO - Processing /home/airflow/.local/lib/python3.12/site-packages/airflow/example_dags/example_nested_branch_dag.py took 0.171 seconds
[2025-04-08T00:56:25.431+0000] {processor.py:186} INFO - Started process (PID=7421) to work on /home/airflow/.local/lib/python3.12/site-packages/airflow/example_dags/example_nested_branch_dag.py
[2025-04-08T00:56:25.433+0000] {processor.py:914} INFO - Processing file /home/airflow/.local/lib/python3.12/site-packages/airflow/example_dags/example_nested_branch_dag.py for tasks to queue
[2025-04-08T00:56:25.436+0000] {logging_mixin.py:190} INFO - [2025-04-08T00:56:25.436+0000] {dagbag.py:588} INFO - Filling up the DagBag from /home/airflow/.local/lib/python3.12/site-packages/airflow/example_dags/example_nested_branch_dag.py
[2025-04-08T00:56:25.460+0000] {processor.py:925} INFO - DAG(s) 'example_nested_branch_dag' retrieved from /home/airflow/.local/lib/python3.12/site-packages/airflow/example_dags/example_nested_branch_dag.py
[2025-04-08T00:56:25.504+0000] {logging_mixin.py:190} INFO - [2025-04-08T00:56:25.503+0000] {dag.py:3239} INFO - Sync 1 DAGs
[2025-04-08T00:56:25.548+0000] {logging_mixin.py:190} INFO - [2025-04-08T00:56:25.547+0000] {dag.py:4180} INFO - Setting next_dagrun for example_nested_branch_dag to 2025-04-07 00:00:00+00:00, run_after=2025-04-08 00:00:00+00:00
[2025-04-08T00:56:25.575+0000] {processor.py:208} INFO - Processing /home/airflow/.local/lib/python3.12/site-packages/airflow/example_dags/example_nested_branch_dag.py took 0.155 seconds
[2025-04-08T00:56:56.376+0000] {processor.py:186} INFO - Started process (PID=7484) to work on /home/airflow/.local/lib/python3.12/site-packages/airflow/example_dags/example_nested_branch_dag.py
[2025-04-08T00:56:56.379+0000] {processor.py:914} INFO - Processing file /home/airflow/.local/lib/python3.12/site-packages/airflow/example_dags/example_nested_branch_dag.py for tasks to queue
[2025-04-08T00:56:56.384+0000] {logging_mixin.py:190} INFO - [2025-04-08T00:56:56.383+0000] {dagbag.py:588} INFO - Filling up the DagBag from /home/airflow/.local/lib/python3.12/site-packages/airflow/example_dags/example_nested_branch_dag.py
[2025-04-08T00:56:56.415+0000] {processor.py:925} INFO - DAG(s) 'example_nested_branch_dag' retrieved from /home/airflow/.local/lib/python3.12/site-packages/airflow/example_dags/example_nested_branch_dag.py
[2025-04-08T00:56:56.476+0000] {logging_mixin.py:190} INFO - [2025-04-08T00:56:56.475+0000] {dag.py:3239} INFO - Sync 1 DAGs
[2025-04-08T00:56:56.547+0000] {logging_mixin.py:190} INFO - [2025-04-08T00:56:56.547+0000] {dag.py:4180} INFO - Setting next_dagrun for example_nested_branch_dag to 2025-04-07 00:00:00+00:00, run_after=2025-04-08 00:00:00+00:00
[2025-04-08T00:56:56.599+0000] {processor.py:208} INFO - Processing /home/airflow/.local/lib/python3.12/site-packages/airflow/example_dags/example_nested_branch_dag.py took 0.232 seconds
[2025-04-08T00:57:27.272+0000] {processor.py:186} INFO - Started process (PID=7547) to work on /home/airflow/.local/lib/python3.12/site-packages/airflow/example_dags/example_nested_branch_dag.py
[2025-04-08T00:57:27.273+0000] {processor.py:914} INFO - Processing file /home/airflow/.local/lib/python3.12/site-packages/airflow/example_dags/example_nested_branch_dag.py for tasks to queue
[2025-04-08T00:57:27.277+0000] {logging_mixin.py:190} INFO - [2025-04-08T00:57:27.276+0000] {dagbag.py:588} INFO - Filling up the DagBag from /home/airflow/.local/lib/python3.12/site-packages/airflow/example_dags/example_nested_branch_dag.py
[2025-04-08T00:57:27.293+0000] {processor.py:925} INFO - DAG(s) 'example_nested_branch_dag' retrieved from /home/airflow/.local/lib/python3.12/site-packages/airflow/example_dags/example_nested_branch_dag.py
[2025-04-08T00:57:27.326+0000] {logging_mixin.py:190} INFO - [2025-04-08T00:57:27.326+0000] {dag.py:3239} INFO - Sync 1 DAGs
[2025-04-08T00:57:27.373+0000] {logging_mixin.py:190} INFO - [2025-04-08T00:57:27.373+0000] {dag.py:4180} INFO - Setting next_dagrun for example_nested_branch_dag to 2025-04-07 00:00:00+00:00, run_after=2025-04-08 00:00:00+00:00
[2025-04-08T00:57:27.411+0000] {processor.py:208} INFO - Processing /home/airflow/.local/lib/python3.12/site-packages/airflow/example_dags/example_nested_branch_dag.py took 0.145 seconds
[2025-04-08T00:57:58.223+0000] {processor.py:186} INFO - Started process (PID=7611) to work on /home/airflow/.local/lib/python3.12/site-packages/airflow/example_dags/example_nested_branch_dag.py
[2025-04-08T00:57:58.230+0000] {processor.py:914} INFO - Processing file /home/airflow/.local/lib/python3.12/site-packages/airflow/example_dags/example_nested_branch_dag.py for tasks to queue
[2025-04-08T00:57:58.237+0000] {logging_mixin.py:190} INFO - [2025-04-08T00:57:58.236+0000] {dagbag.py:588} INFO - Filling up the DagBag from /home/airflow/.local/lib/python3.12/site-packages/airflow/example_dags/example_nested_branch_dag.py
[2025-04-08T00:57:58.288+0000] {processor.py:925} INFO - DAG(s) 'example_nested_branch_dag' retrieved from /home/airflow/.local/lib/python3.12/site-packages/airflow/example_dags/example_nested_branch_dag.py
[2025-04-08T00:57:58.411+0000] {logging_mixin.py:190} INFO - [2025-04-08T00:57:58.409+0000] {dag.py:3239} INFO - Sync 1 DAGs
[2025-04-08T00:57:58.514+0000] {logging_mixin.py:190} INFO - [2025-04-08T00:57:58.513+0000] {dag.py:4180} INFO - Setting next_dagrun for example_nested_branch_dag to 2025-04-07 00:00:00+00:00, run_after=2025-04-08 00:00:00+00:00
[2025-04-08T00:57:58.613+0000] {processor.py:208} INFO - Processing /home/airflow/.local/lib/python3.12/site-packages/airflow/example_dags/example_nested_branch_dag.py took 0.424 seconds
[2025-04-08T01:23:45.079+0000] {processor.py:186} INFO - Started process (PID=7673) to work on /home/airflow/.local/lib/python3.12/site-packages/airflow/example_dags/example_nested_branch_dag.py
[2025-04-08T01:23:45.086+0000] {processor.py:914} INFO - Processing file /home/airflow/.local/lib/python3.12/site-packages/airflow/example_dags/example_nested_branch_dag.py for tasks to queue
[2025-04-08T01:23:45.092+0000] {logging_mixin.py:190} INFO - [2025-04-08T01:23:45.091+0000] {dagbag.py:588} INFO - Filling up the DagBag from /home/airflow/.local/lib/python3.12/site-packages/airflow/example_dags/example_nested_branch_dag.py
[2025-04-08T01:23:45.143+0000] {processor.py:925} INFO - DAG(s) 'example_nested_branch_dag' retrieved from /home/airflow/.local/lib/python3.12/site-packages/airflow/example_dags/example_nested_branch_dag.py
[2025-04-08T01:23:45.219+0000] {logging_mixin.py:190} INFO - [2025-04-08T01:23:45.218+0000] {dag.py:3239} INFO - Sync 1 DAGs
[2025-04-08T01:23:45.327+0000] {logging_mixin.py:190} INFO - [2025-04-08T01:23:45.325+0000] {dag.py:4180} INFO - Setting next_dagrun for example_nested_branch_dag to 2025-04-07 00:00:00+00:00, run_after=2025-04-08 00:00:00+00:00
[2025-04-08T01:23:47.353+0000] {processor.py:208} INFO - Processing /home/airflow/.local/lib/python3.12/site-packages/airflow/example_dags/example_nested_branch_dag.py took 2.297 seconds
[2025-04-08T01:24:17.537+0000] {processor.py:186} INFO - Started process (PID=7736) to work on /home/airflow/.local/lib/python3.12/site-packages/airflow/example_dags/example_nested_branch_dag.py
[2025-04-08T01:24:17.538+0000] {processor.py:914} INFO - Processing file /home/airflow/.local/lib/python3.12/site-packages/airflow/example_dags/example_nested_branch_dag.py for tasks to queue
[2025-04-08T01:24:17.542+0000] {logging_mixin.py:190} INFO - [2025-04-08T01:24:17.541+0000] {dagbag.py:588} INFO - Filling up the DagBag from /home/airflow/.local/lib/python3.12/site-packages/airflow/example_dags/example_nested_branch_dag.py
[2025-04-08T01:24:17.573+0000] {processor.py:925} INFO - DAG(s) 'example_nested_branch_dag' retrieved from /home/airflow/.local/lib/python3.12/site-packages/airflow/example_dags/example_nested_branch_dag.py
[2025-04-08T01:24:17.628+0000] {logging_mixin.py:190} INFO - [2025-04-08T01:24:17.627+0000] {dag.py:3239} INFO - Sync 1 DAGs
[2025-04-08T01:24:17.678+0000] {logging_mixin.py:190} INFO - [2025-04-08T01:24:17.677+0000] {dag.py:4180} INFO - Setting next_dagrun for example_nested_branch_dag to 2025-04-07 00:00:00+00:00, run_after=2025-04-08 00:00:00+00:00
[2025-04-08T01:24:17.727+0000] {processor.py:208} INFO - Processing /home/airflow/.local/lib/python3.12/site-packages/airflow/example_dags/example_nested_branch_dag.py took 0.204 seconds
[2025-04-08T01:24:48.691+0000] {processor.py:186} INFO - Started process (PID=7799) to work on /home/airflow/.local/lib/python3.12/site-packages/airflow/example_dags/example_nested_branch_dag.py
[2025-04-08T01:24:48.693+0000] {processor.py:914} INFO - Processing file /home/airflow/.local/lib/python3.12/site-packages/airflow/example_dags/example_nested_branch_dag.py for tasks to queue
[2025-04-08T01:24:48.696+0000] {logging_mixin.py:190} INFO - [2025-04-08T01:24:48.696+0000] {dagbag.py:588} INFO - Filling up the DagBag from /home/airflow/.local/lib/python3.12/site-packages/airflow/example_dags/example_nested_branch_dag.py
[2025-04-08T01:24:48.714+0000] {processor.py:925} INFO - DAG(s) 'example_nested_branch_dag' retrieved from /home/airflow/.local/lib/python3.12/site-packages/airflow/example_dags/example_nested_branch_dag.py
[2025-04-08T01:24:48.760+0000] {logging_mixin.py:190} INFO - [2025-04-08T01:24:48.759+0000] {dag.py:3239} INFO - Sync 1 DAGs
[2025-04-08T01:24:48.804+0000] {logging_mixin.py:190} INFO - [2025-04-08T01:24:48.803+0000] {dag.py:4180} INFO - Setting next_dagrun for example_nested_branch_dag to 2025-04-07 00:00:00+00:00, run_after=2025-04-08 00:00:00+00:00
[2025-04-08T01:24:48.847+0000] {processor.py:208} INFO - Processing /home/airflow/.local/lib/python3.12/site-packages/airflow/example_dags/example_nested_branch_dag.py took 0.168 seconds
[2025-04-08T01:25:19.165+0000] {processor.py:186} INFO - Started process (PID=7862) to work on /home/airflow/.local/lib/python3.12/site-packages/airflow/example_dags/example_nested_branch_dag.py
[2025-04-08T01:25:19.166+0000] {processor.py:914} INFO - Processing file /home/airflow/.local/lib/python3.12/site-packages/airflow/example_dags/example_nested_branch_dag.py for tasks to queue
[2025-04-08T01:25:19.170+0000] {logging_mixin.py:190} INFO - [2025-04-08T01:25:19.169+0000] {dagbag.py:588} INFO - Filling up the DagBag from /home/airflow/.local/lib/python3.12/site-packages/airflow/example_dags/example_nested_branch_dag.py
[2025-04-08T01:25:19.191+0000] {processor.py:925} INFO - DAG(s) 'example_nested_branch_dag' retrieved from /home/airflow/.local/lib/python3.12/site-packages/airflow/example_dags/example_nested_branch_dag.py
[2025-04-08T01:25:19.228+0000] {logging_mixin.py:190} INFO - [2025-04-08T01:25:19.228+0000] {dag.py:3239} INFO - Sync 1 DAGs
[2025-04-08T01:25:19.273+0000] {logging_mixin.py:190} INFO - [2025-04-08T01:25:19.272+0000] {dag.py:4180} INFO - Setting next_dagrun for example_nested_branch_dag to 2025-04-07 00:00:00+00:00, run_after=2025-04-08 00:00:00+00:00
[2025-04-08T01:25:19.340+0000] {processor.py:208} INFO - Processing /home/airflow/.local/lib/python3.12/site-packages/airflow/example_dags/example_nested_branch_dag.py took 0.184 seconds
[2025-04-08T01:25:49.659+0000] {processor.py:186} INFO - Started process (PID=7924) to work on /home/airflow/.local/lib/python3.12/site-packages/airflow/example_dags/example_nested_branch_dag.py
[2025-04-08T01:25:49.661+0000] {processor.py:914} INFO - Processing file /home/airflow/.local/lib/python3.12/site-packages/airflow/example_dags/example_nested_branch_dag.py for tasks to queue
[2025-04-08T01:25:49.666+0000] {logging_mixin.py:190} INFO - [2025-04-08T01:25:49.665+0000] {dagbag.py:588} INFO - Filling up the DagBag from /home/airflow/.local/lib/python3.12/site-packages/airflow/example_dags/example_nested_branch_dag.py
[2025-04-08T01:25:49.699+0000] {processor.py:925} INFO - DAG(s) 'example_nested_branch_dag' retrieved from /home/airflow/.local/lib/python3.12/site-packages/airflow/example_dags/example_nested_branch_dag.py
[2025-04-08T01:25:49.757+0000] {logging_mixin.py:190} INFO - [2025-04-08T01:25:49.757+0000] {dag.py:3239} INFO - Sync 1 DAGs
[2025-04-08T01:25:49.795+0000] {logging_mixin.py:190} INFO - [2025-04-08T01:25:49.794+0000] {dag.py:4180} INFO - Setting next_dagrun for example_nested_branch_dag to 2025-04-07 00:00:00+00:00, run_after=2025-04-08 00:00:00+00:00
[2025-04-08T01:25:49.838+0000] {processor.py:208} INFO - Processing /home/airflow/.local/lib/python3.12/site-packages/airflow/example_dags/example_nested_branch_dag.py took 0.190 seconds
[2025-04-08T01:26:20.319+0000] {processor.py:186} INFO - Started process (PID=7987) to work on /home/airflow/.local/lib/python3.12/site-packages/airflow/example_dags/example_nested_branch_dag.py
[2025-04-08T01:26:20.322+0000] {processor.py:914} INFO - Processing file /home/airflow/.local/lib/python3.12/site-packages/airflow/example_dags/example_nested_branch_dag.py for tasks to queue
[2025-04-08T01:26:20.326+0000] {logging_mixin.py:190} INFO - [2025-04-08T01:26:20.326+0000] {dagbag.py:588} INFO - Filling up the DagBag from /home/airflow/.local/lib/python3.12/site-packages/airflow/example_dags/example_nested_branch_dag.py
[2025-04-08T01:26:20.354+0000] {processor.py:925} INFO - DAG(s) 'example_nested_branch_dag' retrieved from /home/airflow/.local/lib/python3.12/site-packages/airflow/example_dags/example_nested_branch_dag.py
[2025-04-08T01:26:20.413+0000] {logging_mixin.py:190} INFO - [2025-04-08T01:26:20.412+0000] {dag.py:3239} INFO - Sync 1 DAGs
[2025-04-08T01:26:20.455+0000] {logging_mixin.py:190} INFO - [2025-04-08T01:26:20.454+0000] {dag.py:4180} INFO - Setting next_dagrun for example_nested_branch_dag to 2025-04-07 00:00:00+00:00, run_after=2025-04-08 00:00:00+00:00
[2025-04-08T01:26:20.496+0000] {processor.py:208} INFO - Processing /home/airflow/.local/lib/python3.12/site-packages/airflow/example_dags/example_nested_branch_dag.py took 0.193 seconds
[2025-04-08T01:26:51.104+0000] {processor.py:186} INFO - Started process (PID=8050) to work on /home/airflow/.local/lib/python3.12/site-packages/airflow/example_dags/example_nested_branch_dag.py
[2025-04-08T01:26:51.108+0000] {processor.py:914} INFO - Processing file /home/airflow/.local/lib/python3.12/site-packages/airflow/example_dags/example_nested_branch_dag.py for tasks to queue
[2025-04-08T01:26:51.113+0000] {logging_mixin.py:190} INFO - [2025-04-08T01:26:51.112+0000] {dagbag.py:588} INFO - Filling up the DagBag from /home/airflow/.local/lib/python3.12/site-packages/airflow/example_dags/example_nested_branch_dag.py
[2025-04-08T01:26:51.148+0000] {processor.py:925} INFO - DAG(s) 'example_nested_branch_dag' retrieved from /home/airflow/.local/lib/python3.12/site-packages/airflow/example_dags/example_nested_branch_dag.py
[2025-04-08T01:26:51.228+0000] {logging_mixin.py:190} INFO - [2025-04-08T01:26:51.228+0000] {dag.py:3239} INFO - Sync 1 DAGs
[2025-04-08T01:26:51.267+0000] {logging_mixin.py:190} INFO - [2025-04-08T01:26:51.266+0000] {dag.py:4180} INFO - Setting next_dagrun for example_nested_branch_dag to 2025-04-07 00:00:00+00:00, run_after=2025-04-08 00:00:00+00:00
[2025-04-08T01:26:51.297+0000] {processor.py:208} INFO - Processing /home/airflow/.local/lib/python3.12/site-packages/airflow/example_dags/example_nested_branch_dag.py took 0.213 seconds
[2025-04-08T01:27:21.910+0000] {processor.py:186} INFO - Started process (PID=8113) to work on /home/airflow/.local/lib/python3.12/site-packages/airflow/example_dags/example_nested_branch_dag.py
[2025-04-08T01:27:21.912+0000] {processor.py:914} INFO - Processing file /home/airflow/.local/lib/python3.12/site-packages/airflow/example_dags/example_nested_branch_dag.py for tasks to queue
[2025-04-08T01:27:21.914+0000] {logging_mixin.py:190} INFO - [2025-04-08T01:27:21.914+0000] {dagbag.py:588} INFO - Filling up the DagBag from /home/airflow/.local/lib/python3.12/site-packages/airflow/example_dags/example_nested_branch_dag.py
[2025-04-08T01:27:21.930+0000] {processor.py:925} INFO - DAG(s) 'example_nested_branch_dag' retrieved from /home/airflow/.local/lib/python3.12/site-packages/airflow/example_dags/example_nested_branch_dag.py
[2025-04-08T01:27:21.986+0000] {logging_mixin.py:190} INFO - [2025-04-08T01:27:21.985+0000] {dag.py:3239} INFO - Sync 1 DAGs
[2025-04-08T01:27:22.034+0000] {logging_mixin.py:190} INFO - [2025-04-08T01:27:22.033+0000] {dag.py:4180} INFO - Setting next_dagrun for example_nested_branch_dag to 2025-04-07 00:00:00+00:00, run_after=2025-04-08 00:00:00+00:00
[2025-04-08T01:27:22.099+0000] {processor.py:208} INFO - Processing /home/airflow/.local/lib/python3.12/site-packages/airflow/example_dags/example_nested_branch_dag.py took 0.198 seconds
[2025-04-08T01:27:52.449+0000] {processor.py:186} INFO - Started process (PID=8176) to work on /home/airflow/.local/lib/python3.12/site-packages/airflow/example_dags/example_nested_branch_dag.py
[2025-04-08T01:27:52.452+0000] {processor.py:914} INFO - Processing file /home/airflow/.local/lib/python3.12/site-packages/airflow/example_dags/example_nested_branch_dag.py for tasks to queue
[2025-04-08T01:27:52.456+0000] {logging_mixin.py:190} INFO - [2025-04-08T01:27:52.455+0000] {dagbag.py:588} INFO - Filling up the DagBag from /home/airflow/.local/lib/python3.12/site-packages/airflow/example_dags/example_nested_branch_dag.py
[2025-04-08T01:27:52.481+0000] {processor.py:925} INFO - DAG(s) 'example_nested_branch_dag' retrieved from /home/airflow/.local/lib/python3.12/site-packages/airflow/example_dags/example_nested_branch_dag.py
[2025-04-08T01:27:52.536+0000] {logging_mixin.py:190} INFO - [2025-04-08T01:27:52.535+0000] {dag.py:3239} INFO - Sync 1 DAGs
[2025-04-08T01:27:52.577+0000] {logging_mixin.py:190} INFO - [2025-04-08T01:27:52.576+0000] {dag.py:4180} INFO - Setting next_dagrun for example_nested_branch_dag to 2025-04-07 00:00:00+00:00, run_after=2025-04-08 00:00:00+00:00
[2025-04-08T01:27:52.621+0000] {processor.py:208} INFO - Processing /home/airflow/.local/lib/python3.12/site-packages/airflow/example_dags/example_nested_branch_dag.py took 0.188 seconds
[2025-04-08T01:28:23.050+0000] {processor.py:186} INFO - Started process (PID=8239) to work on /home/airflow/.local/lib/python3.12/site-packages/airflow/example_dags/example_nested_branch_dag.py
[2025-04-08T01:28:23.058+0000] {processor.py:914} INFO - Processing file /home/airflow/.local/lib/python3.12/site-packages/airflow/example_dags/example_nested_branch_dag.py for tasks to queue
[2025-04-08T01:28:23.062+0000] {logging_mixin.py:190} INFO - [2025-04-08T01:28:23.061+0000] {dagbag.py:588} INFO - Filling up the DagBag from /home/airflow/.local/lib/python3.12/site-packages/airflow/example_dags/example_nested_branch_dag.py
[2025-04-08T01:28:23.096+0000] {processor.py:925} INFO - DAG(s) 'example_nested_branch_dag' retrieved from /home/airflow/.local/lib/python3.12/site-packages/airflow/example_dags/example_nested_branch_dag.py
[2025-04-08T01:28:23.135+0000] {logging_mixin.py:190} INFO - [2025-04-08T01:28:23.134+0000] {dag.py:3239} INFO - Sync 1 DAGs
[2025-04-08T01:28:23.162+0000] {logging_mixin.py:190} INFO - [2025-04-08T01:28:23.161+0000] {dag.py:4180} INFO - Setting next_dagrun for example_nested_branch_dag to 2025-04-07 00:00:00+00:00, run_after=2025-04-08 00:00:00+00:00
[2025-04-08T01:28:23.195+0000] {processor.py:208} INFO - Processing /home/airflow/.local/lib/python3.12/site-packages/airflow/example_dags/example_nested_branch_dag.py took 0.165 seconds
[2025-04-08T01:28:53.830+0000] {processor.py:186} INFO - Started process (PID=8301) to work on /home/airflow/.local/lib/python3.12/site-packages/airflow/example_dags/example_nested_branch_dag.py
[2025-04-08T01:28:53.832+0000] {processor.py:914} INFO - Processing file /home/airflow/.local/lib/python3.12/site-packages/airflow/example_dags/example_nested_branch_dag.py for tasks to queue
[2025-04-08T01:28:53.835+0000] {logging_mixin.py:190} INFO - [2025-04-08T01:28:53.834+0000] {dagbag.py:588} INFO - Filling up the DagBag from /home/airflow/.local/lib/python3.12/site-packages/airflow/example_dags/example_nested_branch_dag.py
[2025-04-08T01:28:53.864+0000] {processor.py:925} INFO - DAG(s) 'example_nested_branch_dag' retrieved from /home/airflow/.local/lib/python3.12/site-packages/airflow/example_dags/example_nested_branch_dag.py
[2025-04-08T01:28:53.896+0000] {logging_mixin.py:190} INFO - [2025-04-08T01:28:53.895+0000] {dag.py:3239} INFO - Sync 1 DAGs
[2025-04-08T01:28:53.928+0000] {logging_mixin.py:190} INFO - [2025-04-08T01:28:53.928+0000] {dag.py:4180} INFO - Setting next_dagrun for example_nested_branch_dag to 2025-04-07 00:00:00+00:00, run_after=2025-04-08 00:00:00+00:00
[2025-04-08T01:28:53.954+0000] {processor.py:208} INFO - Processing /home/airflow/.local/lib/python3.12/site-packages/airflow/example_dags/example_nested_branch_dag.py took 0.134 seconds
[2025-04-08T01:29:24.577+0000] {processor.py:186} INFO - Started process (PID=8364) to work on /home/airflow/.local/lib/python3.12/site-packages/airflow/example_dags/example_nested_branch_dag.py
[2025-04-08T01:29:24.579+0000] {processor.py:914} INFO - Processing file /home/airflow/.local/lib/python3.12/site-packages/airflow/example_dags/example_nested_branch_dag.py for tasks to queue
[2025-04-08T01:29:24.581+0000] {logging_mixin.py:190} INFO - [2025-04-08T01:29:24.581+0000] {dagbag.py:588} INFO - Filling up the DagBag from /home/airflow/.local/lib/python3.12/site-packages/airflow/example_dags/example_nested_branch_dag.py
[2025-04-08T01:29:24.597+0000] {processor.py:925} INFO - DAG(s) 'example_nested_branch_dag' retrieved from /home/airflow/.local/lib/python3.12/site-packages/airflow/example_dags/example_nested_branch_dag.py
[2025-04-08T01:29:24.623+0000] {logging_mixin.py:190} INFO - [2025-04-08T01:29:24.623+0000] {dag.py:3239} INFO - Sync 1 DAGs
[2025-04-08T01:29:24.673+0000] {logging_mixin.py:190} INFO - [2025-04-08T01:29:24.673+0000] {dag.py:4180} INFO - Setting next_dagrun for example_nested_branch_dag to 2025-04-07 00:00:00+00:00, run_after=2025-04-08 00:00:00+00:00
[2025-04-08T01:29:24.764+0000] {processor.py:208} INFO - Processing /home/airflow/.local/lib/python3.12/site-packages/airflow/example_dags/example_nested_branch_dag.py took 0.198 seconds
[2025-04-08T01:29:55.272+0000] {processor.py:186} INFO - Started process (PID=8426) to work on /home/airflow/.local/lib/python3.12/site-packages/airflow/example_dags/example_nested_branch_dag.py
[2025-04-08T01:29:55.275+0000] {processor.py:914} INFO - Processing file /home/airflow/.local/lib/python3.12/site-packages/airflow/example_dags/example_nested_branch_dag.py for tasks to queue
[2025-04-08T01:29:55.279+0000] {logging_mixin.py:190} INFO - [2025-04-08T01:29:55.278+0000] {dagbag.py:588} INFO - Filling up the DagBag from /home/airflow/.local/lib/python3.12/site-packages/airflow/example_dags/example_nested_branch_dag.py
[2025-04-08T01:29:55.313+0000] {processor.py:925} INFO - DAG(s) 'example_nested_branch_dag' retrieved from /home/airflow/.local/lib/python3.12/site-packages/airflow/example_dags/example_nested_branch_dag.py
[2025-04-08T01:29:55.399+0000] {logging_mixin.py:190} INFO - [2025-04-08T01:29:55.398+0000] {dag.py:3239} INFO - Sync 1 DAGs
[2025-04-08T01:29:55.447+0000] {logging_mixin.py:190} INFO - [2025-04-08T01:29:55.447+0000] {dag.py:4180} INFO - Setting next_dagrun for example_nested_branch_dag to 2025-04-07 00:00:00+00:00, run_after=2025-04-08 00:00:00+00:00
[2025-04-08T01:29:55.520+0000] {processor.py:208} INFO - Processing /home/airflow/.local/lib/python3.12/site-packages/airflow/example_dags/example_nested_branch_dag.py took 0.268 seconds
[2025-04-08T01:30:29.120+0000] {processor.py:186} INFO - Started process (PID=8489) to work on /home/airflow/.local/lib/python3.12/site-packages/airflow/example_dags/example_nested_branch_dag.py
[2025-04-08T01:30:29.122+0000] {processor.py:914} INFO - Processing file /home/airflow/.local/lib/python3.12/site-packages/airflow/example_dags/example_nested_branch_dag.py for tasks to queue
[2025-04-08T01:30:29.125+0000] {logging_mixin.py:190} INFO - [2025-04-08T01:30:29.124+0000] {dagbag.py:588} INFO - Filling up the DagBag from /home/airflow/.local/lib/python3.12/site-packages/airflow/example_dags/example_nested_branch_dag.py
[2025-04-08T01:30:29.139+0000] {processor.py:925} INFO - DAG(s) 'example_nested_branch_dag' retrieved from /home/airflow/.local/lib/python3.12/site-packages/airflow/example_dags/example_nested_branch_dag.py
[2025-04-08T01:30:29.170+0000] {logging_mixin.py:190} INFO - [2025-04-08T01:30:29.169+0000] {dag.py:3239} INFO - Sync 1 DAGs
[2025-04-08T01:30:29.216+0000] {logging_mixin.py:190} INFO - [2025-04-08T01:30:29.216+0000] {dag.py:4180} INFO - Setting next_dagrun for example_nested_branch_dag to 2025-04-07 00:00:00+00:00, run_after=2025-04-08 00:00:00+00:00
[2025-04-08T01:30:29.943+0000] {processor.py:208} INFO - Processing /home/airflow/.local/lib/python3.12/site-packages/airflow/example_dags/example_nested_branch_dag.py took 0.832 seconds
[2025-04-08T01:31:00.216+0000] {processor.py:186} INFO - Started process (PID=8551) to work on /home/airflow/.local/lib/python3.12/site-packages/airflow/example_dags/example_nested_branch_dag.py
[2025-04-08T01:31:00.217+0000] {processor.py:914} INFO - Processing file /home/airflow/.local/lib/python3.12/site-packages/airflow/example_dags/example_nested_branch_dag.py for tasks to queue
[2025-04-08T01:31:00.219+0000] {logging_mixin.py:190} INFO - [2025-04-08T01:31:00.219+0000] {dagbag.py:588} INFO - Filling up the DagBag from /home/airflow/.local/lib/python3.12/site-packages/airflow/example_dags/example_nested_branch_dag.py
[2025-04-08T01:31:00.235+0000] {processor.py:925} INFO - DAG(s) 'example_nested_branch_dag' retrieved from /home/airflow/.local/lib/python3.12/site-packages/airflow/example_dags/example_nested_branch_dag.py
[2025-04-08T01:31:00.267+0000] {logging_mixin.py:190} INFO - [2025-04-08T01:31:00.266+0000] {dag.py:3239} INFO - Sync 1 DAGs
[2025-04-08T01:31:00.299+0000] {logging_mixin.py:190} INFO - [2025-04-08T01:31:00.298+0000] {dag.py:4180} INFO - Setting next_dagrun for example_nested_branch_dag to 2025-04-07 00:00:00+00:00, run_after=2025-04-08 00:00:00+00:00
[2025-04-08T01:31:00.337+0000] {processor.py:208} INFO - Processing /home/airflow/.local/lib/python3.12/site-packages/airflow/example_dags/example_nested_branch_dag.py took 0.129 seconds
[2025-04-08T01:31:30.778+0000] {processor.py:186} INFO - Started process (PID=8614) to work on /home/airflow/.local/lib/python3.12/site-packages/airflow/example_dags/example_nested_branch_dag.py
[2025-04-08T01:31:30.780+0000] {processor.py:914} INFO - Processing file /home/airflow/.local/lib/python3.12/site-packages/airflow/example_dags/example_nested_branch_dag.py for tasks to queue
[2025-04-08T01:31:30.782+0000] {logging_mixin.py:190} INFO - [2025-04-08T01:31:30.782+0000] {dagbag.py:588} INFO - Filling up the DagBag from /home/airflow/.local/lib/python3.12/site-packages/airflow/example_dags/example_nested_branch_dag.py
[2025-04-08T01:31:30.797+0000] {processor.py:925} INFO - DAG(s) 'example_nested_branch_dag' retrieved from /home/airflow/.local/lib/python3.12/site-packages/airflow/example_dags/example_nested_branch_dag.py
[2025-04-08T01:31:30.834+0000] {logging_mixin.py:190} INFO - [2025-04-08T01:31:30.834+0000] {dag.py:3239} INFO - Sync 1 DAGs
[2025-04-08T01:31:30.867+0000] {logging_mixin.py:190} INFO - [2025-04-08T01:31:30.866+0000] {dag.py:4180} INFO - Setting next_dagrun for example_nested_branch_dag to 2025-04-07 00:00:00+00:00, run_after=2025-04-08 00:00:00+00:00
[2025-04-08T01:31:30.900+0000] {processor.py:208} INFO - Processing /home/airflow/.local/lib/python3.12/site-packages/airflow/example_dags/example_nested_branch_dag.py took 0.132 seconds
[2025-04-08T01:32:01.297+0000] {processor.py:186} INFO - Started process (PID=8676) to work on /home/airflow/.local/lib/python3.12/site-packages/airflow/example_dags/example_nested_branch_dag.py
[2025-04-08T01:32:01.298+0000] {processor.py:914} INFO - Processing file /home/airflow/.local/lib/python3.12/site-packages/airflow/example_dags/example_nested_branch_dag.py for tasks to queue
[2025-04-08T01:32:01.300+0000] {logging_mixin.py:190} INFO - [2025-04-08T01:32:01.300+0000] {dagbag.py:588} INFO - Filling up the DagBag from /home/airflow/.local/lib/python3.12/site-packages/airflow/example_dags/example_nested_branch_dag.py
[2025-04-08T01:32:01.320+0000] {processor.py:925} INFO - DAG(s) 'example_nested_branch_dag' retrieved from /home/airflow/.local/lib/python3.12/site-packages/airflow/example_dags/example_nested_branch_dag.py
[2025-04-08T01:32:01.361+0000] {logging_mixin.py:190} INFO - [2025-04-08T01:32:01.360+0000] {dag.py:3239} INFO - Sync 1 DAGs
[2025-04-08T01:32:01.399+0000] {logging_mixin.py:190} INFO - [2025-04-08T01:32:01.398+0000] {dag.py:4180} INFO - Setting next_dagrun for example_nested_branch_dag to 2025-04-07 00:00:00+00:00, run_after=2025-04-08 00:00:00+00:00
[2025-04-08T01:32:01.431+0000] {processor.py:208} INFO - Processing /home/airflow/.local/lib/python3.12/site-packages/airflow/example_dags/example_nested_branch_dag.py took 0.140 seconds
[2025-04-08T01:32:31.962+0000] {processor.py:186} INFO - Started process (PID=8739) to work on /home/airflow/.local/lib/python3.12/site-packages/airflow/example_dags/example_nested_branch_dag.py
[2025-04-08T01:32:31.963+0000] {processor.py:914} INFO - Processing file /home/airflow/.local/lib/python3.12/site-packages/airflow/example_dags/example_nested_branch_dag.py for tasks to queue
[2025-04-08T01:32:31.966+0000] {logging_mixin.py:190} INFO - [2025-04-08T01:32:31.966+0000] {dagbag.py:588} INFO - Filling up the DagBag from /home/airflow/.local/lib/python3.12/site-packages/airflow/example_dags/example_nested_branch_dag.py
[2025-04-08T01:32:31.987+0000] {processor.py:925} INFO - DAG(s) 'example_nested_branch_dag' retrieved from /home/airflow/.local/lib/python3.12/site-packages/airflow/example_dags/example_nested_branch_dag.py
[2025-04-08T01:32:32.018+0000] {logging_mixin.py:190} INFO - [2025-04-08T01:32:32.017+0000] {dag.py:3239} INFO - Sync 1 DAGs
[2025-04-08T01:32:32.049+0000] {logging_mixin.py:190} INFO - [2025-04-08T01:32:32.049+0000] {dag.py:4180} INFO - Setting next_dagrun for example_nested_branch_dag to 2025-04-07 00:00:00+00:00, run_after=2025-04-08 00:00:00+00:00
[2025-04-08T01:32:32.073+0000] {processor.py:208} INFO - Processing /home/airflow/.local/lib/python3.12/site-packages/airflow/example_dags/example_nested_branch_dag.py took 0.118 seconds
[2025-04-08T01:33:02.308+0000] {processor.py:186} INFO - Started process (PID=8802) to work on /home/airflow/.local/lib/python3.12/site-packages/airflow/example_dags/example_nested_branch_dag.py
[2025-04-08T01:33:02.310+0000] {processor.py:914} INFO - Processing file /home/airflow/.local/lib/python3.12/site-packages/airflow/example_dags/example_nested_branch_dag.py for tasks to queue
[2025-04-08T01:33:02.312+0000] {logging_mixin.py:190} INFO - [2025-04-08T01:33:02.311+0000] {dagbag.py:588} INFO - Filling up the DagBag from /home/airflow/.local/lib/python3.12/site-packages/airflow/example_dags/example_nested_branch_dag.py
[2025-04-08T01:33:02.329+0000] {processor.py:925} INFO - DAG(s) 'example_nested_branch_dag' retrieved from /home/airflow/.local/lib/python3.12/site-packages/airflow/example_dags/example_nested_branch_dag.py
[2025-04-08T01:33:02.363+0000] {logging_mixin.py:190} INFO - [2025-04-08T01:33:02.363+0000] {dag.py:3239} INFO - Sync 1 DAGs
[2025-04-08T01:33:02.400+0000] {logging_mixin.py:190} INFO - [2025-04-08T01:33:02.399+0000] {dag.py:4180} INFO - Setting next_dagrun for example_nested_branch_dag to 2025-04-07 00:00:00+00:00, run_after=2025-04-08 00:00:00+00:00
[2025-04-08T01:33:02.425+0000] {processor.py:208} INFO - Processing /home/airflow/.local/lib/python3.12/site-packages/airflow/example_dags/example_nested_branch_dag.py took 0.127 seconds
[2025-04-08T01:33:32.849+0000] {processor.py:186} INFO - Started process (PID=8865) to work on /home/airflow/.local/lib/python3.12/site-packages/airflow/example_dags/example_nested_branch_dag.py
[2025-04-08T01:33:32.852+0000] {processor.py:914} INFO - Processing file /home/airflow/.local/lib/python3.12/site-packages/airflow/example_dags/example_nested_branch_dag.py for tasks to queue
[2025-04-08T01:33:32.855+0000] {logging_mixin.py:190} INFO - [2025-04-08T01:33:32.855+0000] {dagbag.py:588} INFO - Filling up the DagBag from /home/airflow/.local/lib/python3.12/site-packages/airflow/example_dags/example_nested_branch_dag.py
[2025-04-08T01:33:32.882+0000] {processor.py:925} INFO - DAG(s) 'example_nested_branch_dag' retrieved from /home/airflow/.local/lib/python3.12/site-packages/airflow/example_dags/example_nested_branch_dag.py
[2025-04-08T01:33:32.938+0000] {logging_mixin.py:190} INFO - [2025-04-08T01:33:32.938+0000] {dag.py:3239} INFO - Sync 1 DAGs
[2025-04-08T01:33:32.980+0000] {logging_mixin.py:190} INFO - [2025-04-08T01:33:32.979+0000] {dag.py:4180} INFO - Setting next_dagrun for example_nested_branch_dag to 2025-04-07 00:00:00+00:00, run_after=2025-04-08 00:00:00+00:00
[2025-04-08T01:33:33.018+0000] {processor.py:208} INFO - Processing /home/airflow/.local/lib/python3.12/site-packages/airflow/example_dags/example_nested_branch_dag.py took 0.188 seconds
[2025-04-08T01:34:03.154+0000] {processor.py:186} INFO - Started process (PID=8928) to work on /home/airflow/.local/lib/python3.12/site-packages/airflow/example_dags/example_nested_branch_dag.py
[2025-04-08T01:34:03.157+0000] {processor.py:914} INFO - Processing file /home/airflow/.local/lib/python3.12/site-packages/airflow/example_dags/example_nested_branch_dag.py for tasks to queue
[2025-04-08T01:34:03.160+0000] {logging_mixin.py:190} INFO - [2025-04-08T01:34:03.160+0000] {dagbag.py:588} INFO - Filling up the DagBag from /home/airflow/.local/lib/python3.12/site-packages/airflow/example_dags/example_nested_branch_dag.py
[2025-04-08T01:34:03.187+0000] {processor.py:925} INFO - DAG(s) 'example_nested_branch_dag' retrieved from /home/airflow/.local/lib/python3.12/site-packages/airflow/example_dags/example_nested_branch_dag.py
[2025-04-08T01:34:03.243+0000] {logging_mixin.py:190} INFO - [2025-04-08T01:34:03.242+0000] {dag.py:3239} INFO - Sync 1 DAGs
[2025-04-08T01:34:03.299+0000] {logging_mixin.py:190} INFO - [2025-04-08T01:34:03.298+0000] {dag.py:4180} INFO - Setting next_dagrun for example_nested_branch_dag to 2025-04-07 00:00:00+00:00, run_after=2025-04-08 00:00:00+00:00
[2025-04-08T01:34:03.350+0000] {processor.py:208} INFO - Processing /home/airflow/.local/lib/python3.12/site-packages/airflow/example_dags/example_nested_branch_dag.py took 0.210 seconds
[2025-04-08T01:34:33.832+0000] {processor.py:186} INFO - Started process (PID=8992) to work on /home/airflow/.local/lib/python3.12/site-packages/airflow/example_dags/example_nested_branch_dag.py
[2025-04-08T01:34:33.835+0000] {processor.py:914} INFO - Processing file /home/airflow/.local/lib/python3.12/site-packages/airflow/example_dags/example_nested_branch_dag.py for tasks to queue
[2025-04-08T01:34:33.839+0000] {logging_mixin.py:190} INFO - [2025-04-08T01:34:33.838+0000] {dagbag.py:588} INFO - Filling up the DagBag from /home/airflow/.local/lib/python3.12/site-packages/airflow/example_dags/example_nested_branch_dag.py
[2025-04-08T01:34:33.871+0000] {processor.py:925} INFO - DAG(s) 'example_nested_branch_dag' retrieved from /home/airflow/.local/lib/python3.12/site-packages/airflow/example_dags/example_nested_branch_dag.py
[2025-04-08T01:34:33.935+0000] {logging_mixin.py:190} INFO - [2025-04-08T01:34:33.934+0000] {dag.py:3239} INFO - Sync 1 DAGs
[2025-04-08T01:34:33.981+0000] {logging_mixin.py:190} INFO - [2025-04-08T01:34:33.981+0000] {dag.py:4180} INFO - Setting next_dagrun for example_nested_branch_dag to 2025-04-07 00:00:00+00:00, run_after=2025-04-08 00:00:00+00:00
[2025-04-08T01:34:34.011+0000] {processor.py:208} INFO - Processing /home/airflow/.local/lib/python3.12/site-packages/airflow/example_dags/example_nested_branch_dag.py took 0.196 seconds
[2025-04-08T01:35:08.908+0000] {processor.py:186} INFO - Started process (PID=9062) to work on /home/airflow/.local/lib/python3.12/site-packages/airflow/example_dags/example_nested_branch_dag.py
[2025-04-08T01:35:08.912+0000] {processor.py:914} INFO - Processing file /home/airflow/.local/lib/python3.12/site-packages/airflow/example_dags/example_nested_branch_dag.py for tasks to queue
[2025-04-08T01:35:08.918+0000] {logging_mixin.py:190} INFO - [2025-04-08T01:35:08.916+0000] {dagbag.py:588} INFO - Filling up the DagBag from /home/airflow/.local/lib/python3.12/site-packages/airflow/example_dags/example_nested_branch_dag.py
[2025-04-08T01:35:08.960+0000] {processor.py:925} INFO - DAG(s) 'example_nested_branch_dag' retrieved from /home/airflow/.local/lib/python3.12/site-packages/airflow/example_dags/example_nested_branch_dag.py
[2025-04-08T01:35:09.076+0000] {logging_mixin.py:190} INFO - [2025-04-08T01:35:09.075+0000] {dag.py:3239} INFO - Sync 1 DAGs
[2025-04-08T01:35:09.208+0000] {logging_mixin.py:190} INFO - [2025-04-08T01:35:09.207+0000] {dag.py:4180} INFO - Setting next_dagrun for example_nested_branch_dag to 2025-04-07 00:00:00+00:00, run_after=2025-04-08 00:00:00+00:00
[2025-04-08T01:35:09.325+0000] {processor.py:208} INFO - Processing /home/airflow/.local/lib/python3.12/site-packages/airflow/example_dags/example_nested_branch_dag.py took 0.446 seconds
[2025-04-08T01:35:40.473+0000] {processor.py:186} INFO - Started process (PID=9124) to work on /home/airflow/.local/lib/python3.12/site-packages/airflow/example_dags/example_nested_branch_dag.py
[2025-04-08T01:35:40.488+0000] {processor.py:914} INFO - Processing file /home/airflow/.local/lib/python3.12/site-packages/airflow/example_dags/example_nested_branch_dag.py for tasks to queue
[2025-04-08T01:35:40.553+0000] {logging_mixin.py:190} INFO - [2025-04-08T01:35:40.551+0000] {dagbag.py:588} INFO - Filling up the DagBag from /home/airflow/.local/lib/python3.12/site-packages/airflow/example_dags/example_nested_branch_dag.py
[2025-04-08T01:35:40.708+0000] {processor.py:925} INFO - DAG(s) 'example_nested_branch_dag' retrieved from /home/airflow/.local/lib/python3.12/site-packages/airflow/example_dags/example_nested_branch_dag.py
[2025-04-08T01:35:40.844+0000] {logging_mixin.py:190} INFO - [2025-04-08T01:35:40.843+0000] {dag.py:3239} INFO - Sync 1 DAGs
[2025-04-08T01:35:40.949+0000] {logging_mixin.py:190} INFO - [2025-04-08T01:35:40.948+0000] {dag.py:4180} INFO - Setting next_dagrun for example_nested_branch_dag to 2025-04-07 00:00:00+00:00, run_after=2025-04-08 00:00:00+00:00
[2025-04-08T01:35:41.047+0000] {processor.py:208} INFO - Processing /home/airflow/.local/lib/python3.12/site-packages/airflow/example_dags/example_nested_branch_dag.py took 0.630 seconds
[2025-04-08T01:36:11.556+0000] {processor.py:186} INFO - Started process (PID=9187) to work on /home/airflow/.local/lib/python3.12/site-packages/airflow/example_dags/example_nested_branch_dag.py
[2025-04-08T01:36:11.558+0000] {processor.py:914} INFO - Processing file /home/airflow/.local/lib/python3.12/site-packages/airflow/example_dags/example_nested_branch_dag.py for tasks to queue
[2025-04-08T01:36:11.559+0000] {logging_mixin.py:190} INFO - [2025-04-08T01:36:11.559+0000] {dagbag.py:588} INFO - Filling up the DagBag from /home/airflow/.local/lib/python3.12/site-packages/airflow/example_dags/example_nested_branch_dag.py
[2025-04-08T01:36:11.570+0000] {processor.py:925} INFO - DAG(s) 'example_nested_branch_dag' retrieved from /home/airflow/.local/lib/python3.12/site-packages/airflow/example_dags/example_nested_branch_dag.py
[2025-04-08T01:36:11.596+0000] {logging_mixin.py:190} INFO - [2025-04-08T01:36:11.595+0000] {dag.py:3239} INFO - Sync 1 DAGs
[2025-04-08T01:36:11.627+0000] {logging_mixin.py:190} INFO - [2025-04-08T01:36:11.626+0000] {dag.py:4180} INFO - Setting next_dagrun for example_nested_branch_dag to 2025-04-07 00:00:00+00:00, run_after=2025-04-08 00:00:00+00:00
[2025-04-08T01:36:11.656+0000] {processor.py:208} INFO - Processing /home/airflow/.local/lib/python3.12/site-packages/airflow/example_dags/example_nested_branch_dag.py took 0.110 seconds
[2025-04-08T01:36:48.035+0000] {processor.py:186} INFO - Started process (PID=9247) to work on /home/airflow/.local/lib/python3.12/site-packages/airflow/example_dags/example_nested_branch_dag.py
[2025-04-08T01:36:48.040+0000] {processor.py:914} INFO - Processing file /home/airflow/.local/lib/python3.12/site-packages/airflow/example_dags/example_nested_branch_dag.py for tasks to queue
[2025-04-08T01:36:48.054+0000] {logging_mixin.py:190} INFO - [2025-04-08T01:36:48.052+0000] {dagbag.py:588} INFO - Filling up the DagBag from /home/airflow/.local/lib/python3.12/site-packages/airflow/example_dags/example_nested_branch_dag.py
[2025-04-08T01:36:48.130+0000] {processor.py:925} INFO - DAG(s) 'example_nested_branch_dag' retrieved from /home/airflow/.local/lib/python3.12/site-packages/airflow/example_dags/example_nested_branch_dag.py
[2025-04-08T01:36:48.427+0000] {logging_mixin.py:190} INFO - [2025-04-08T01:36:48.425+0000] {dag.py:3239} INFO - Sync 1 DAGs
[2025-04-08T01:36:48.721+0000] {logging_mixin.py:190} INFO - [2025-04-08T01:36:48.719+0000] {dag.py:4180} INFO - Setting next_dagrun for example_nested_branch_dag to 2025-04-07 00:00:00+00:00, run_after=2025-04-08 00:00:00+00:00
[2025-04-08T01:36:49.202+0000] {processor.py:208} INFO - Processing /home/airflow/.local/lib/python3.12/site-packages/airflow/example_dags/example_nested_branch_dag.py took 1.222 seconds
[2025-04-08T01:37:32.681+0000] {processor.py:186} INFO - Started process (PID=9297) to work on /home/airflow/.local/lib/python3.12/site-packages/airflow/example_dags/example_nested_branch_dag.py
[2025-04-08T01:37:32.692+0000] {processor.py:914} INFO - Processing file /home/airflow/.local/lib/python3.12/site-packages/airflow/example_dags/example_nested_branch_dag.py for tasks to queue
[2025-04-08T01:37:32.726+0000] {logging_mixin.py:190} INFO - [2025-04-08T01:37:32.723+0000] {dagbag.py:588} INFO - Filling up the DagBag from /home/airflow/.local/lib/python3.12/site-packages/airflow/example_dags/example_nested_branch_dag.py
[2025-04-08T01:37:33.018+0000] {processor.py:925} INFO - DAG(s) 'example_nested_branch_dag' retrieved from /home/airflow/.local/lib/python3.12/site-packages/airflow/example_dags/example_nested_branch_dag.py
[2025-04-08T01:37:33.447+0000] {logging_mixin.py:190} INFO - [2025-04-08T01:37:33.445+0000] {dag.py:3239} INFO - Sync 1 DAGs
[2025-04-08T01:37:33.902+0000] {logging_mixin.py:190} INFO - [2025-04-08T01:37:33.890+0000] {dag.py:4180} INFO - Setting next_dagrun for example_nested_branch_dag to 2025-04-07 00:00:00+00:00, run_after=2025-04-08 00:00:00+00:00
[2025-04-08T01:37:34.234+0000] {processor.py:208} INFO - Processing /home/airflow/.local/lib/python3.12/site-packages/airflow/example_dags/example_nested_branch_dag.py took 1.607 seconds
[2025-04-08T01:38:05.794+0000] {processor.py:186} INFO - Started process (PID=9350) to work on /home/airflow/.local/lib/python3.12/site-packages/airflow/example_dags/example_nested_branch_dag.py
[2025-04-08T01:38:05.798+0000] {processor.py:914} INFO - Processing file /home/airflow/.local/lib/python3.12/site-packages/airflow/example_dags/example_nested_branch_dag.py for tasks to queue
[2025-04-08T01:38:05.803+0000] {logging_mixin.py:190} INFO - [2025-04-08T01:38:05.802+0000] {dagbag.py:588} INFO - Filling up the DagBag from /home/airflow/.local/lib/python3.12/site-packages/airflow/example_dags/example_nested_branch_dag.py
[2025-04-08T01:38:05.861+0000] {processor.py:925} INFO - DAG(s) 'example_nested_branch_dag' retrieved from /home/airflow/.local/lib/python3.12/site-packages/airflow/example_dags/example_nested_branch_dag.py
[2025-04-08T01:38:05.961+0000] {logging_mixin.py:190} INFO - [2025-04-08T01:38:05.960+0000] {dag.py:3239} INFO - Sync 1 DAGs
[2025-04-08T01:38:06.086+0000] {logging_mixin.py:190} INFO - [2025-04-08T01:38:06.085+0000] {dag.py:4180} INFO - Setting next_dagrun for example_nested_branch_dag to 2025-04-07 00:00:00+00:00, run_after=2025-04-08 00:00:00+00:00
[2025-04-08T01:38:06.193+0000] {processor.py:208} INFO - Processing /home/airflow/.local/lib/python3.12/site-packages/airflow/example_dags/example_nested_branch_dag.py took 0.427 seconds
[2025-04-08T01:38:37.546+0000] {processor.py:186} INFO - Started process (PID=9413) to work on /home/airflow/.local/lib/python3.12/site-packages/airflow/example_dags/example_nested_branch_dag.py
[2025-04-08T01:38:37.550+0000] {processor.py:914} INFO - Processing file /home/airflow/.local/lib/python3.12/site-packages/airflow/example_dags/example_nested_branch_dag.py for tasks to queue
[2025-04-08T01:38:37.559+0000] {logging_mixin.py:190} INFO - [2025-04-08T01:38:37.557+0000] {dagbag.py:588} INFO - Filling up the DagBag from /home/airflow/.local/lib/python3.12/site-packages/airflow/example_dags/example_nested_branch_dag.py
[2025-04-08T01:38:37.597+0000] {processor.py:925} INFO - DAG(s) 'example_nested_branch_dag' retrieved from /home/airflow/.local/lib/python3.12/site-packages/airflow/example_dags/example_nested_branch_dag.py
[2025-04-08T01:38:37.687+0000] {logging_mixin.py:190} INFO - [2025-04-08T01:38:37.687+0000] {dag.py:3239} INFO - Sync 1 DAGs
[2025-04-08T01:38:37.769+0000] {logging_mixin.py:190} INFO - [2025-04-08T01:38:37.768+0000] {dag.py:4180} INFO - Setting next_dagrun for example_nested_branch_dag to 2025-04-07 00:00:00+00:00, run_after=2025-04-08 00:00:00+00:00
[2025-04-08T01:38:37.858+0000] {processor.py:208} INFO - Processing /home/airflow/.local/lib/python3.12/site-packages/airflow/example_dags/example_nested_branch_dag.py took 0.329 seconds
[2025-04-08T01:39:08.090+0000] {processor.py:186} INFO - Started process (PID=9476) to work on /home/airflow/.local/lib/python3.12/site-packages/airflow/example_dags/example_nested_branch_dag.py
[2025-04-08T01:39:08.092+0000] {processor.py:914} INFO - Processing file /home/airflow/.local/lib/python3.12/site-packages/airflow/example_dags/example_nested_branch_dag.py for tasks to queue
[2025-04-08T01:39:08.096+0000] {logging_mixin.py:190} INFO - [2025-04-08T01:39:08.095+0000] {dagbag.py:588} INFO - Filling up the DagBag from /home/airflow/.local/lib/python3.12/site-packages/airflow/example_dags/example_nested_branch_dag.py
[2025-04-08T01:39:08.117+0000] {processor.py:925} INFO - DAG(s) 'example_nested_branch_dag' retrieved from /home/airflow/.local/lib/python3.12/site-packages/airflow/example_dags/example_nested_branch_dag.py
[2025-04-08T01:39:08.166+0000] {logging_mixin.py:190} INFO - [2025-04-08T01:39:08.165+0000] {dag.py:3239} INFO - Sync 1 DAGs
[2025-04-08T01:39:08.238+0000] {logging_mixin.py:190} INFO - [2025-04-08T01:39:08.238+0000] {dag.py:4180} INFO - Setting next_dagrun for example_nested_branch_dag to 2025-04-07 00:00:00+00:00, run_after=2025-04-08 00:00:00+00:00
[2025-04-08T01:39:08.284+0000] {processor.py:208} INFO - Processing /home/airflow/.local/lib/python3.12/site-packages/airflow/example_dags/example_nested_branch_dag.py took 0.207 seconds
[2025-04-08T01:39:47.727+0000] {processor.py:186} INFO - Started process (PID=9543) to work on /home/airflow/.local/lib/python3.12/site-packages/airflow/example_dags/example_nested_branch_dag.py
[2025-04-08T01:39:47.731+0000] {processor.py:914} INFO - Processing file /home/airflow/.local/lib/python3.12/site-packages/airflow/example_dags/example_nested_branch_dag.py for tasks to queue
[2025-04-08T01:39:47.737+0000] {logging_mixin.py:190} INFO - [2025-04-08T01:39:47.736+0000] {dagbag.py:588} INFO - Filling up the DagBag from /home/airflow/.local/lib/python3.12/site-packages/airflow/example_dags/example_nested_branch_dag.py
[2025-04-08T01:39:47.787+0000] {processor.py:925} INFO - DAG(s) 'example_nested_branch_dag' retrieved from /home/airflow/.local/lib/python3.12/site-packages/airflow/example_dags/example_nested_branch_dag.py
[2025-04-08T01:39:47.884+0000] {logging_mixin.py:190} INFO - [2025-04-08T01:39:47.882+0000] {dag.py:3239} INFO - Sync 1 DAGs
[2025-04-08T01:39:47.993+0000] {logging_mixin.py:190} INFO - [2025-04-08T01:39:47.992+0000] {dag.py:4180} INFO - Setting next_dagrun for example_nested_branch_dag to 2025-04-07 00:00:00+00:00, run_after=2025-04-08 00:00:00+00:00
[2025-04-08T01:39:48.128+0000] {processor.py:208} INFO - Processing /home/airflow/.local/lib/python3.12/site-packages/airflow/example_dags/example_nested_branch_dag.py took 0.423 seconds
[2025-04-08T01:40:19.029+0000] {processor.py:186} INFO - Started process (PID=9606) to work on /home/airflow/.local/lib/python3.12/site-packages/airflow/example_dags/example_nested_branch_dag.py
[2025-04-08T01:40:19.037+0000] {processor.py:914} INFO - Processing file /home/airflow/.local/lib/python3.12/site-packages/airflow/example_dags/example_nested_branch_dag.py for tasks to queue
[2025-04-08T01:40:19.052+0000] {logging_mixin.py:190} INFO - [2025-04-08T01:40:19.049+0000] {dagbag.py:588} INFO - Filling up the DagBag from /home/airflow/.local/lib/python3.12/site-packages/airflow/example_dags/example_nested_branch_dag.py
[2025-04-08T01:40:19.118+0000] {processor.py:925} INFO - DAG(s) 'example_nested_branch_dag' retrieved from /home/airflow/.local/lib/python3.12/site-packages/airflow/example_dags/example_nested_branch_dag.py
[2025-04-08T01:40:19.244+0000] {logging_mixin.py:190} INFO - [2025-04-08T01:40:19.242+0000] {dag.py:3239} INFO - Sync 1 DAGs
[2025-04-08T01:40:19.415+0000] {logging_mixin.py:190} INFO - [2025-04-08T01:40:19.413+0000] {dag.py:4180} INFO - Setting next_dagrun for example_nested_branch_dag to 2025-04-07 00:00:00+00:00, run_after=2025-04-08 00:00:00+00:00
[2025-04-08T01:40:19.690+0000] {processor.py:208} INFO - Processing /home/airflow/.local/lib/python3.12/site-packages/airflow/example_dags/example_nested_branch_dag.py took 0.692 seconds
[2025-04-08T01:40:51.511+0000] {processor.py:186} INFO - Started process (PID=9670) to work on /home/airflow/.local/lib/python3.12/site-packages/airflow/example_dags/example_nested_branch_dag.py
[2025-04-08T01:40:51.515+0000] {processor.py:914} INFO - Processing file /home/airflow/.local/lib/python3.12/site-packages/airflow/example_dags/example_nested_branch_dag.py for tasks to queue
[2025-04-08T01:40:51.522+0000] {logging_mixin.py:190} INFO - [2025-04-08T01:40:51.521+0000] {dagbag.py:588} INFO - Filling up the DagBag from /home/airflow/.local/lib/python3.12/site-packages/airflow/example_dags/example_nested_branch_dag.py
[2025-04-08T01:40:51.560+0000] {processor.py:925} INFO - DAG(s) 'example_nested_branch_dag' retrieved from /home/airflow/.local/lib/python3.12/site-packages/airflow/example_dags/example_nested_branch_dag.py
[2025-04-08T01:40:51.639+0000] {logging_mixin.py:190} INFO - [2025-04-08T01:40:51.638+0000] {dag.py:3239} INFO - Sync 1 DAGs
[2025-04-08T01:40:51.746+0000] {logging_mixin.py:190} INFO - [2025-04-08T01:40:51.746+0000] {dag.py:4180} INFO - Setting next_dagrun for example_nested_branch_dag to 2025-04-07 00:00:00+00:00, run_after=2025-04-08 00:00:00+00:00
[2025-04-08T01:40:51.832+0000] {processor.py:208} INFO - Processing /home/airflow/.local/lib/python3.12/site-packages/airflow/example_dags/example_nested_branch_dag.py took 0.342 seconds
[2025-04-08T01:41:22.845+0000] {processor.py:186} INFO - Started process (PID=9733) to work on /home/airflow/.local/lib/python3.12/site-packages/airflow/example_dags/example_nested_branch_dag.py
[2025-04-08T01:41:22.848+0000] {processor.py:914} INFO - Processing file /home/airflow/.local/lib/python3.12/site-packages/airflow/example_dags/example_nested_branch_dag.py for tasks to queue
[2025-04-08T01:41:22.860+0000] {logging_mixin.py:190} INFO - [2025-04-08T01:41:22.856+0000] {dagbag.py:588} INFO - Filling up the DagBag from /home/airflow/.local/lib/python3.12/site-packages/airflow/example_dags/example_nested_branch_dag.py
[2025-04-08T01:41:22.896+0000] {processor.py:925} INFO - DAG(s) 'example_nested_branch_dag' retrieved from /home/airflow/.local/lib/python3.12/site-packages/airflow/example_dags/example_nested_branch_dag.py
[2025-04-08T01:41:23.003+0000] {logging_mixin.py:190} INFO - [2025-04-08T01:41:23.001+0000] {dag.py:3239} INFO - Sync 1 DAGs
[2025-04-08T01:41:23.111+0000] {logging_mixin.py:190} INFO - [2025-04-08T01:41:23.111+0000] {dag.py:4180} INFO - Setting next_dagrun for example_nested_branch_dag to 2025-04-07 00:00:00+00:00, run_after=2025-04-08 00:00:00+00:00
[2025-04-08T01:41:23.206+0000] {processor.py:208} INFO - Processing /home/airflow/.local/lib/python3.12/site-packages/airflow/example_dags/example_nested_branch_dag.py took 0.390 seconds
[2025-04-08T01:41:53.442+0000] {processor.py:186} INFO - Started process (PID=9796) to work on /home/airflow/.local/lib/python3.12/site-packages/airflow/example_dags/example_nested_branch_dag.py
[2025-04-08T01:41:53.444+0000] {processor.py:914} INFO - Processing file /home/airflow/.local/lib/python3.12/site-packages/airflow/example_dags/example_nested_branch_dag.py for tasks to queue
[2025-04-08T01:41:53.447+0000] {logging_mixin.py:190} INFO - [2025-04-08T01:41:53.446+0000] {dagbag.py:588} INFO - Filling up the DagBag from /home/airflow/.local/lib/python3.12/site-packages/airflow/example_dags/example_nested_branch_dag.py
[2025-04-08T01:41:53.461+0000] {processor.py:925} INFO - DAG(s) 'example_nested_branch_dag' retrieved from /home/airflow/.local/lib/python3.12/site-packages/airflow/example_dags/example_nested_branch_dag.py
[2025-04-08T01:41:53.494+0000] {logging_mixin.py:190} INFO - [2025-04-08T01:41:53.493+0000] {dag.py:3239} INFO - Sync 1 DAGs
[2025-04-08T01:41:53.527+0000] {logging_mixin.py:190} INFO - [2025-04-08T01:41:53.527+0000] {dag.py:4180} INFO - Setting next_dagrun for example_nested_branch_dag to 2025-04-07 00:00:00+00:00, run_after=2025-04-08 00:00:00+00:00
[2025-04-08T01:41:53.556+0000] {processor.py:208} INFO - Processing /home/airflow/.local/lib/python3.12/site-packages/airflow/example_dags/example_nested_branch_dag.py took 0.122 seconds
[2025-04-08T01:42:32.752+0000] {processor.py:186} INFO - Started process (PID=9853) to work on /home/airflow/.local/lib/python3.12/site-packages/airflow/example_dags/example_nested_branch_dag.py
[2025-04-08T01:42:32.803+0000] {processor.py:914} INFO - Processing file /home/airflow/.local/lib/python3.12/site-packages/airflow/example_dags/example_nested_branch_dag.py for tasks to queue
[2025-04-08T01:42:32.836+0000] {logging_mixin.py:190} INFO - [2025-04-08T01:42:32.834+0000] {dagbag.py:588} INFO - Filling up the DagBag from /home/airflow/.local/lib/python3.12/site-packages/airflow/example_dags/example_nested_branch_dag.py
[2025-04-08T01:42:33.017+0000] {processor.py:925} INFO - DAG(s) 'example_nested_branch_dag' retrieved from /home/airflow/.local/lib/python3.12/site-packages/airflow/example_dags/example_nested_branch_dag.py
[2025-04-08T01:42:33.324+0000] {logging_mixin.py:190} INFO - [2025-04-08T01:42:33.322+0000] {dag.py:3239} INFO - Sync 1 DAGs
[2025-04-08T01:42:33.619+0000] {logging_mixin.py:190} INFO - [2025-04-08T01:42:33.618+0000] {dag.py:4180} INFO - Setting next_dagrun for example_nested_branch_dag to 2025-04-07 00:00:00+00:00, run_after=2025-04-08 00:00:00+00:00
[2025-04-08T01:42:33.799+0000] {processor.py:208} INFO - Processing /home/airflow/.local/lib/python3.12/site-packages/airflow/example_dags/example_nested_branch_dag.py took 1.131 seconds
