[2025-04-08T00:43:36.150+0000] {processor.py:186} INFO - Started process (PID=5846) to work on /home/airflow/.local/lib/python3.12/site-packages/airflow/example_dags/example_inlet_event_extra.py
[2025-04-08T00:43:36.177+0000] {processor.py:914} INFO - Processing file /home/airflow/.local/lib/python3.12/site-packages/airflow/example_dags/example_inlet_event_extra.py for tasks to queue
[2025-04-08T00:43:36.228+0000] {logging_mixin.py:190} INFO - [2025-04-08T00:43:36.224+0000] {dagbag.py:588} INFO - Filling up the DagBag from /home/airflow/.local/lib/python3.12/site-packages/airflow/example_dags/example_inlet_event_extra.py
[2025-04-08T00:44:08.444+0000] {processor.py:186} INFO - Started process (PID=5909) to work on /home/airflow/.local/lib/python3.12/site-packages/airflow/example_dags/example_inlet_event_extra.py
[2025-04-08T00:44:08.447+0000] {processor.py:914} INFO - Processing file /home/airflow/.local/lib/python3.12/site-packages/airflow/example_dags/example_inlet_event_extra.py for tasks to queue
[2025-04-08T00:44:08.449+0000] {logging_mixin.py:190} INFO - [2025-04-08T00:44:08.448+0000] {dagbag.py:588} INFO - Filling up the DagBag from /home/airflow/.local/lib/python3.12/site-packages/airflow/example_dags/example_inlet_event_extra.py
[2025-04-08T00:44:08.901+0000] {processor.py:925} INFO - DAG(s) 'read_dataset_event', 'read_dataset_event_from_classic' retrieved from /home/airflow/.local/lib/python3.12/site-packages/airflow/example_dags/example_inlet_event_extra.py
[2025-04-08T00:44:09.674+0000] {logging_mixin.py:190} INFO - [2025-04-08T00:44:09.673+0000] {dag.py:3239} INFO - Sync 2 DAGs
[2025-04-08T00:44:09.728+0000] {logging_mixin.py:190} INFO - [2025-04-08T00:44:09.727+0000] {dag.py:4180} INFO - Setting next_dagrun for read_dataset_event to 2025-04-07 00:00:00+00:00, run_after=2025-04-08 00:00:00+00:00
[2025-04-08T00:44:09.739+0000] {logging_mixin.py:190} INFO - [2025-04-08T00:44:09.739+0000] {dag.py:4180} INFO - Setting next_dagrun for read_dataset_event_from_classic to 2025-04-07 00:00:00+00:00, run_after=2025-04-08 00:00:00+00:00
[2025-04-08T00:44:09.817+0000] {processor.py:208} INFO - Processing /home/airflow/.local/lib/python3.12/site-packages/airflow/example_dags/example_inlet_event_extra.py took 1.382 seconds
[2025-04-08T00:44:40.068+0000] {processor.py:186} INFO - Started process (PID=5971) to work on /home/airflow/.local/lib/python3.12/site-packages/airflow/example_dags/example_inlet_event_extra.py
[2025-04-08T00:44:40.070+0000] {processor.py:914} INFO - Processing file /home/airflow/.local/lib/python3.12/site-packages/airflow/example_dags/example_inlet_event_extra.py for tasks to queue
[2025-04-08T00:44:40.073+0000] {logging_mixin.py:190} INFO - [2025-04-08T00:44:40.072+0000] {dagbag.py:588} INFO - Filling up the DagBag from /home/airflow/.local/lib/python3.12/site-packages/airflow/example_dags/example_inlet_event_extra.py
[2025-04-08T00:44:40.622+0000] {processor.py:925} INFO - DAG(s) 'read_dataset_event', 'read_dataset_event_from_classic' retrieved from /home/airflow/.local/lib/python3.12/site-packages/airflow/example_dags/example_inlet_event_extra.py
[2025-04-08T00:44:40.657+0000] {logging_mixin.py:190} INFO - [2025-04-08T00:44:40.657+0000] {dag.py:3239} INFO - Sync 2 DAGs
[2025-04-08T00:44:41.091+0000] {logging_mixin.py:190} INFO - [2025-04-08T00:44:41.090+0000] {dag.py:4180} INFO - Setting next_dagrun for read_dataset_event to 2025-04-07 00:00:00+00:00, run_after=2025-04-08 00:00:00+00:00
[2025-04-08T00:44:41.102+0000] {logging_mixin.py:190} INFO - [2025-04-08T00:44:41.101+0000] {dag.py:4180} INFO - Setting next_dagrun for read_dataset_event_from_classic to 2025-04-07 00:00:00+00:00, run_after=2025-04-08 00:00:00+00:00
[2025-04-08T00:44:41.138+0000] {processor.py:208} INFO - Processing /home/airflow/.local/lib/python3.12/site-packages/airflow/example_dags/example_inlet_event_extra.py took 1.079 seconds
[2025-04-08T00:45:11.243+0000] {processor.py:186} INFO - Started process (PID=6035) to work on /home/airflow/.local/lib/python3.12/site-packages/airflow/example_dags/example_inlet_event_extra.py
[2025-04-08T00:45:11.245+0000] {processor.py:914} INFO - Processing file /home/airflow/.local/lib/python3.12/site-packages/airflow/example_dags/example_inlet_event_extra.py for tasks to queue
[2025-04-08T00:45:11.248+0000] {logging_mixin.py:190} INFO - [2025-04-08T00:45:11.247+0000] {dagbag.py:588} INFO - Filling up the DagBag from /home/airflow/.local/lib/python3.12/site-packages/airflow/example_dags/example_inlet_event_extra.py
[2025-04-08T00:45:11.682+0000] {processor.py:925} INFO - DAG(s) 'read_dataset_event_from_classic', 'read_dataset_event' retrieved from /home/airflow/.local/lib/python3.12/site-packages/airflow/example_dags/example_inlet_event_extra.py
[2025-04-08T00:45:11.712+0000] {logging_mixin.py:190} INFO - [2025-04-08T00:45:11.712+0000] {dag.py:3239} INFO - Sync 2 DAGs
[2025-04-08T00:45:11.751+0000] {logging_mixin.py:190} INFO - [2025-04-08T00:45:11.751+0000] {dag.py:4180} INFO - Setting next_dagrun for read_dataset_event to 2025-04-07 00:00:00+00:00, run_after=2025-04-08 00:00:00+00:00
[2025-04-08T00:45:11.974+0000] {logging_mixin.py:190} INFO - [2025-04-08T00:45:11.973+0000] {dag.py:4180} INFO - Setting next_dagrun for read_dataset_event_from_classic to 2025-04-07 00:00:00+00:00, run_after=2025-04-08 00:00:00+00:00
[2025-04-08T00:45:12.006+0000] {processor.py:208} INFO - Processing /home/airflow/.local/lib/python3.12/site-packages/airflow/example_dags/example_inlet_event_extra.py took 0.769 seconds
[2025-04-08T00:45:42.547+0000] {processor.py:186} INFO - Started process (PID=6098) to work on /home/airflow/.local/lib/python3.12/site-packages/airflow/example_dags/example_inlet_event_extra.py
[2025-04-08T00:45:42.548+0000] {processor.py:914} INFO - Processing file /home/airflow/.local/lib/python3.12/site-packages/airflow/example_dags/example_inlet_event_extra.py for tasks to queue
[2025-04-08T00:45:42.551+0000] {logging_mixin.py:190} INFO - [2025-04-08T00:45:42.550+0000] {dagbag.py:588} INFO - Filling up the DagBag from /home/airflow/.local/lib/python3.12/site-packages/airflow/example_dags/example_inlet_event_extra.py
[2025-04-08T00:45:42.917+0000] {processor.py:925} INFO - DAG(s) 'read_dataset_event_from_classic', 'read_dataset_event' retrieved from /home/airflow/.local/lib/python3.12/site-packages/airflow/example_dags/example_inlet_event_extra.py
[2025-04-08T00:45:42.941+0000] {logging_mixin.py:190} INFO - [2025-04-08T00:45:42.941+0000] {dag.py:3239} INFO - Sync 2 DAGs
[2025-04-08T00:45:42.967+0000] {logging_mixin.py:190} INFO - [2025-04-08T00:45:42.967+0000] {dag.py:4180} INFO - Setting next_dagrun for read_dataset_event to 2025-04-07 00:00:00+00:00, run_after=2025-04-08 00:00:00+00:00
[2025-04-08T00:45:42.972+0000] {logging_mixin.py:190} INFO - [2025-04-08T00:45:42.971+0000] {dag.py:4180} INFO - Setting next_dagrun for read_dataset_event_from_classic to 2025-04-07 00:00:00+00:00, run_after=2025-04-08 00:00:00+00:00
[2025-04-08T00:45:42.988+0000] {processor.py:208} INFO - Processing /home/airflow/.local/lib/python3.12/site-packages/airflow/example_dags/example_inlet_event_extra.py took 0.449 seconds
[2025-04-08T00:46:14.143+0000] {processor.py:186} INFO - Started process (PID=6163) to work on /home/airflow/.local/lib/python3.12/site-packages/airflow/example_dags/example_inlet_event_extra.py
[2025-04-08T00:46:14.145+0000] {processor.py:914} INFO - Processing file /home/airflow/.local/lib/python3.12/site-packages/airflow/example_dags/example_inlet_event_extra.py for tasks to queue
[2025-04-08T00:46:14.148+0000] {logging_mixin.py:190} INFO - [2025-04-08T00:46:14.147+0000] {dagbag.py:588} INFO - Filling up the DagBag from /home/airflow/.local/lib/python3.12/site-packages/airflow/example_dags/example_inlet_event_extra.py
[2025-04-08T00:46:14.931+0000] {processor.py:925} INFO - DAG(s) 'read_dataset_event', 'read_dataset_event_from_classic' retrieved from /home/airflow/.local/lib/python3.12/site-packages/airflow/example_dags/example_inlet_event_extra.py
[2025-04-08T00:46:15.436+0000] {logging_mixin.py:190} INFO - [2025-04-08T00:46:15.436+0000] {dag.py:3239} INFO - Sync 2 DAGs
[2025-04-08T00:46:15.506+0000] {logging_mixin.py:190} INFO - [2025-04-08T00:46:15.505+0000] {dag.py:4180} INFO - Setting next_dagrun for read_dataset_event to 2025-04-07 00:00:00+00:00, run_after=2025-04-08 00:00:00+00:00
[2025-04-08T00:46:15.519+0000] {logging_mixin.py:190} INFO - [2025-04-08T00:46:15.518+0000] {dag.py:4180} INFO - Setting next_dagrun for read_dataset_event_from_classic to 2025-04-07 00:00:00+00:00, run_after=2025-04-08 00:00:00+00:00
[2025-04-08T00:46:15.560+0000] {processor.py:208} INFO - Processing /home/airflow/.local/lib/python3.12/site-packages/airflow/example_dags/example_inlet_event_extra.py took 1.428 seconds
[2025-04-08T00:46:45.700+0000] {processor.py:186} INFO - Started process (PID=6226) to work on /home/airflow/.local/lib/python3.12/site-packages/airflow/example_dags/example_inlet_event_extra.py
[2025-04-08T00:46:45.702+0000] {processor.py:914} INFO - Processing file /home/airflow/.local/lib/python3.12/site-packages/airflow/example_dags/example_inlet_event_extra.py for tasks to queue
[2025-04-08T00:46:45.705+0000] {logging_mixin.py:190} INFO - [2025-04-08T00:46:45.704+0000] {dagbag.py:588} INFO - Filling up the DagBag from /home/airflow/.local/lib/python3.12/site-packages/airflow/example_dags/example_inlet_event_extra.py
[2025-04-08T00:46:46.194+0000] {processor.py:925} INFO - DAG(s) 'read_dataset_event_from_classic', 'read_dataset_event' retrieved from /home/airflow/.local/lib/python3.12/site-packages/airflow/example_dags/example_inlet_event_extra.py
[2025-04-08T00:46:46.221+0000] {logging_mixin.py:190} INFO - [2025-04-08T00:46:46.221+0000] {dag.py:3239} INFO - Sync 2 DAGs
[2025-04-08T00:46:46.425+0000] {logging_mixin.py:190} INFO - [2025-04-08T00:46:46.425+0000] {dag.py:4180} INFO - Setting next_dagrun for read_dataset_event to 2025-04-07 00:00:00+00:00, run_after=2025-04-08 00:00:00+00:00
[2025-04-08T00:46:46.431+0000] {logging_mixin.py:190} INFO - [2025-04-08T00:46:46.431+0000] {dag.py:4180} INFO - Setting next_dagrun for read_dataset_event_from_classic to 2025-04-07 00:00:00+00:00, run_after=2025-04-08 00:00:00+00:00
[2025-04-08T00:46:46.454+0000] {processor.py:208} INFO - Processing /home/airflow/.local/lib/python3.12/site-packages/airflow/example_dags/example_inlet_event_extra.py took 0.766 seconds
[2025-04-08T00:47:16.870+0000] {processor.py:186} INFO - Started process (PID=6291) to work on /home/airflow/.local/lib/python3.12/site-packages/airflow/example_dags/example_inlet_event_extra.py
[2025-04-08T00:47:16.871+0000] {processor.py:914} INFO - Processing file /home/airflow/.local/lib/python3.12/site-packages/airflow/example_dags/example_inlet_event_extra.py for tasks to queue
[2025-04-08T00:47:16.874+0000] {logging_mixin.py:190} INFO - [2025-04-08T00:47:16.873+0000] {dagbag.py:588} INFO - Filling up the DagBag from /home/airflow/.local/lib/python3.12/site-packages/airflow/example_dags/example_inlet_event_extra.py
[2025-04-08T00:47:17.483+0000] {processor.py:925} INFO - DAG(s) 'read_dataset_event_from_classic', 'read_dataset_event' retrieved from /home/airflow/.local/lib/python3.12/site-packages/airflow/example_dags/example_inlet_event_extra.py
[2025-04-08T00:47:17.685+0000] {logging_mixin.py:190} INFO - [2025-04-08T00:47:17.684+0000] {dag.py:3239} INFO - Sync 2 DAGs
[2025-04-08T00:47:17.735+0000] {logging_mixin.py:190} INFO - [2025-04-08T00:47:17.735+0000] {dag.py:4180} INFO - Setting next_dagrun for read_dataset_event to 2025-04-07 00:00:00+00:00, run_after=2025-04-08 00:00:00+00:00
[2025-04-08T00:47:18.011+0000] {logging_mixin.py:190} INFO - [2025-04-08T00:47:18.010+0000] {dag.py:4180} INFO - Setting next_dagrun for read_dataset_event_from_classic to 2025-04-07 00:00:00+00:00, run_after=2025-04-08 00:00:00+00:00
[2025-04-08T00:47:18.042+0000] {processor.py:208} INFO - Processing /home/airflow/.local/lib/python3.12/site-packages/airflow/example_dags/example_inlet_event_extra.py took 1.181 seconds
[2025-04-08T00:47:48.354+0000] {processor.py:186} INFO - Started process (PID=6355) to work on /home/airflow/.local/lib/python3.12/site-packages/airflow/example_dags/example_inlet_event_extra.py
[2025-04-08T00:47:48.356+0000] {processor.py:914} INFO - Processing file /home/airflow/.local/lib/python3.12/site-packages/airflow/example_dags/example_inlet_event_extra.py for tasks to queue
[2025-04-08T00:47:48.358+0000] {logging_mixin.py:190} INFO - [2025-04-08T00:47:48.357+0000] {dagbag.py:588} INFO - Filling up the DagBag from /home/airflow/.local/lib/python3.12/site-packages/airflow/example_dags/example_inlet_event_extra.py
[2025-04-08T00:47:48.928+0000] {processor.py:925} INFO - DAG(s) 'read_dataset_event', 'read_dataset_event_from_classic' retrieved from /home/airflow/.local/lib/python3.12/site-packages/airflow/example_dags/example_inlet_event_extra.py
[2025-04-08T00:47:48.953+0000] {logging_mixin.py:190} INFO - [2025-04-08T00:47:48.952+0000] {dag.py:3239} INFO - Sync 2 DAGs
[2025-04-08T00:47:48.977+0000] {logging_mixin.py:190} INFO - [2025-04-08T00:47:48.977+0000] {dag.py:4180} INFO - Setting next_dagrun for read_dataset_event to 2025-04-07 00:00:00+00:00, run_after=2025-04-08 00:00:00+00:00
[2025-04-08T00:47:48.984+0000] {logging_mixin.py:190} INFO - [2025-04-08T00:47:48.984+0000] {dag.py:4180} INFO - Setting next_dagrun for read_dataset_event_from_classic to 2025-04-07 00:00:00+00:00, run_after=2025-04-08 00:00:00+00:00
[2025-04-08T00:47:49.005+0000] {processor.py:208} INFO - Processing /home/airflow/.local/lib/python3.12/site-packages/airflow/example_dags/example_inlet_event_extra.py took 0.660 seconds
[2025-04-08T00:48:19.563+0000] {processor.py:186} INFO - Started process (PID=6420) to work on /home/airflow/.local/lib/python3.12/site-packages/airflow/example_dags/example_inlet_event_extra.py
[2025-04-08T00:48:19.564+0000] {processor.py:914} INFO - Processing file /home/airflow/.local/lib/python3.12/site-packages/airflow/example_dags/example_inlet_event_extra.py for tasks to queue
[2025-04-08T00:48:19.566+0000] {logging_mixin.py:190} INFO - [2025-04-08T00:48:19.566+0000] {dagbag.py:588} INFO - Filling up the DagBag from /home/airflow/.local/lib/python3.12/site-packages/airflow/example_dags/example_inlet_event_extra.py
[2025-04-08T00:48:20.031+0000] {processor.py:925} INFO - DAG(s) 'read_dataset_event_from_classic', 'read_dataset_event' retrieved from /home/airflow/.local/lib/python3.12/site-packages/airflow/example_dags/example_inlet_event_extra.py
[2025-04-08T00:48:20.271+0000] {logging_mixin.py:190} INFO - [2025-04-08T00:48:20.270+0000] {dag.py:3239} INFO - Sync 2 DAGs
[2025-04-08T00:48:20.301+0000] {logging_mixin.py:190} INFO - [2025-04-08T00:48:20.301+0000] {dag.py:4180} INFO - Setting next_dagrun for read_dataset_event to 2025-04-07 00:00:00+00:00, run_after=2025-04-08 00:00:00+00:00
[2025-04-08T00:48:20.310+0000] {logging_mixin.py:190} INFO - [2025-04-08T00:48:20.310+0000] {dag.py:4180} INFO - Setting next_dagrun for read_dataset_event_from_classic to 2025-04-07 00:00:00+00:00, run_after=2025-04-08 00:00:00+00:00
[2025-04-08T00:48:20.334+0000] {processor.py:208} INFO - Processing /home/airflow/.local/lib/python3.12/site-packages/airflow/example_dags/example_inlet_event_extra.py took 0.778 seconds
[2025-04-08T00:48:51.690+0000] {processor.py:186} INFO - Started process (PID=6490) to work on /home/airflow/.local/lib/python3.12/site-packages/airflow/example_dags/example_inlet_event_extra.py
[2025-04-08T00:48:51.692+0000] {processor.py:914} INFO - Processing file /home/airflow/.local/lib/python3.12/site-packages/airflow/example_dags/example_inlet_event_extra.py for tasks to queue
[2025-04-08T00:48:51.694+0000] {logging_mixin.py:190} INFO - [2025-04-08T00:48:51.693+0000] {dagbag.py:588} INFO - Filling up the DagBag from /home/airflow/.local/lib/python3.12/site-packages/airflow/example_dags/example_inlet_event_extra.py
[2025-04-08T00:48:52.128+0000] {processor.py:925} INFO - DAG(s) 'read_dataset_event', 'read_dataset_event_from_classic' retrieved from /home/airflow/.local/lib/python3.12/site-packages/airflow/example_dags/example_inlet_event_extra.py
[2025-04-08T00:48:52.160+0000] {logging_mixin.py:190} INFO - [2025-04-08T00:48:52.159+0000] {dag.py:3239} INFO - Sync 2 DAGs
[2025-04-08T00:48:52.432+0000] {logging_mixin.py:190} INFO - [2025-04-08T00:48:52.432+0000] {dag.py:4180} INFO - Setting next_dagrun for read_dataset_event to 2025-04-07 00:00:00+00:00, run_after=2025-04-08 00:00:00+00:00
[2025-04-08T00:48:52.442+0000] {logging_mixin.py:190} INFO - [2025-04-08T00:48:52.441+0000] {dag.py:4180} INFO - Setting next_dagrun for read_dataset_event_from_classic to 2025-04-07 00:00:00+00:00, run_after=2025-04-08 00:00:00+00:00
[2025-04-08T00:48:52.476+0000] {processor.py:208} INFO - Processing /home/airflow/.local/lib/python3.12/site-packages/airflow/example_dags/example_inlet_event_extra.py took 0.797 seconds
[2025-04-08T00:49:22.552+0000] {processor.py:186} INFO - Started process (PID=6553) to work on /home/airflow/.local/lib/python3.12/site-packages/airflow/example_dags/example_inlet_event_extra.py
[2025-04-08T00:49:22.553+0000] {processor.py:914} INFO - Processing file /home/airflow/.local/lib/python3.12/site-packages/airflow/example_dags/example_inlet_event_extra.py for tasks to queue
[2025-04-08T00:49:22.555+0000] {logging_mixin.py:190} INFO - [2025-04-08T00:49:22.554+0000] {dagbag.py:588} INFO - Filling up the DagBag from /home/airflow/.local/lib/python3.12/site-packages/airflow/example_dags/example_inlet_event_extra.py
[2025-04-08T00:49:23.370+0000] {processor.py:925} INFO - DAG(s) 'read_dataset_event', 'read_dataset_event_from_classic' retrieved from /home/airflow/.local/lib/python3.12/site-packages/airflow/example_dags/example_inlet_event_extra.py
[2025-04-08T00:49:23.398+0000] {logging_mixin.py:190} INFO - [2025-04-08T00:49:23.398+0000] {dag.py:3239} INFO - Sync 2 DAGs
[2025-04-08T00:49:23.427+0000] {logging_mixin.py:190} INFO - [2025-04-08T00:49:23.427+0000] {dag.py:4180} INFO - Setting next_dagrun for read_dataset_event to 2025-04-07 00:00:00+00:00, run_after=2025-04-08 00:00:00+00:00
[2025-04-08T00:49:23.435+0000] {logging_mixin.py:190} INFO - [2025-04-08T00:49:23.435+0000] {dag.py:4180} INFO - Setting next_dagrun for read_dataset_event_from_classic to 2025-04-07 00:00:00+00:00, run_after=2025-04-08 00:00:00+00:00
[2025-04-08T00:49:23.456+0000] {processor.py:208} INFO - Processing /home/airflow/.local/lib/python3.12/site-packages/airflow/example_dags/example_inlet_event_extra.py took 0.910 seconds
[2025-04-08T00:49:53.611+0000] {processor.py:186} INFO - Started process (PID=6616) to work on /home/airflow/.local/lib/python3.12/site-packages/airflow/example_dags/example_inlet_event_extra.py
[2025-04-08T00:49:53.613+0000] {processor.py:914} INFO - Processing file /home/airflow/.local/lib/python3.12/site-packages/airflow/example_dags/example_inlet_event_extra.py for tasks to queue
[2025-04-08T00:49:53.614+0000] {logging_mixin.py:190} INFO - [2025-04-08T00:49:53.614+0000] {dagbag.py:588} INFO - Filling up the DagBag from /home/airflow/.local/lib/python3.12/site-packages/airflow/example_dags/example_inlet_event_extra.py
[2025-04-08T00:49:54.166+0000] {processor.py:925} INFO - DAG(s) 'read_dataset_event', 'read_dataset_event_from_classic' retrieved from /home/airflow/.local/lib/python3.12/site-packages/airflow/example_dags/example_inlet_event_extra.py
[2025-04-08T00:49:54.190+0000] {logging_mixin.py:190} INFO - [2025-04-08T00:49:54.190+0000] {dag.py:3239} INFO - Sync 2 DAGs
[2025-04-08T00:49:54.218+0000] {logging_mixin.py:190} INFO - [2025-04-08T00:49:54.218+0000] {dag.py:4180} INFO - Setting next_dagrun for read_dataset_event to 2025-04-07 00:00:00+00:00, run_after=2025-04-08 00:00:00+00:00
[2025-04-08T00:49:54.226+0000] {logging_mixin.py:190} INFO - [2025-04-08T00:49:54.225+0000] {dag.py:4180} INFO - Setting next_dagrun for read_dataset_event_from_classic to 2025-04-07 00:00:00+00:00, run_after=2025-04-08 00:00:00+00:00
[2025-04-08T00:49:54.248+0000] {processor.py:208} INFO - Processing /home/airflow/.local/lib/python3.12/site-packages/airflow/example_dags/example_inlet_event_extra.py took 0.642 seconds
[2025-04-08T00:50:24.363+0000] {processor.py:186} INFO - Started process (PID=6678) to work on /home/airflow/.local/lib/python3.12/site-packages/airflow/example_dags/example_inlet_event_extra.py
[2025-04-08T00:50:24.364+0000] {processor.py:914} INFO - Processing file /home/airflow/.local/lib/python3.12/site-packages/airflow/example_dags/example_inlet_event_extra.py for tasks to queue
[2025-04-08T00:50:24.366+0000] {logging_mixin.py:190} INFO - [2025-04-08T00:50:24.365+0000] {dagbag.py:588} INFO - Filling up the DagBag from /home/airflow/.local/lib/python3.12/site-packages/airflow/example_dags/example_inlet_event_extra.py
[2025-04-08T00:50:24.957+0000] {processor.py:925} INFO - DAG(s) 'read_dataset_event_from_classic', 'read_dataset_event' retrieved from /home/airflow/.local/lib/python3.12/site-packages/airflow/example_dags/example_inlet_event_extra.py
[2025-04-08T00:50:24.982+0000] {logging_mixin.py:190} INFO - [2025-04-08T00:50:24.982+0000] {dag.py:3239} INFO - Sync 2 DAGs
[2025-04-08T00:50:25.006+0000] {logging_mixin.py:190} INFO - [2025-04-08T00:50:25.005+0000] {dag.py:4180} INFO - Setting next_dagrun for read_dataset_event to 2025-04-07 00:00:00+00:00, run_after=2025-04-08 00:00:00+00:00
[2025-04-08T00:50:25.011+0000] {logging_mixin.py:190} INFO - [2025-04-08T00:50:25.011+0000] {dag.py:4180} INFO - Setting next_dagrun for read_dataset_event_from_classic to 2025-04-07 00:00:00+00:00, run_after=2025-04-08 00:00:00+00:00
[2025-04-08T00:50:25.029+0000] {processor.py:208} INFO - Processing /home/airflow/.local/lib/python3.12/site-packages/airflow/example_dags/example_inlet_event_extra.py took 0.672 seconds
[2025-04-08T00:50:55.289+0000] {processor.py:186} INFO - Started process (PID=6745) to work on /home/airflow/.local/lib/python3.12/site-packages/airflow/example_dags/example_inlet_event_extra.py
[2025-04-08T00:50:55.291+0000] {processor.py:914} INFO - Processing file /home/airflow/.local/lib/python3.12/site-packages/airflow/example_dags/example_inlet_event_extra.py for tasks to queue
[2025-04-08T00:50:55.295+0000] {logging_mixin.py:190} INFO - [2025-04-08T00:50:55.294+0000] {dagbag.py:588} INFO - Filling up the DagBag from /home/airflow/.local/lib/python3.12/site-packages/airflow/example_dags/example_inlet_event_extra.py
[2025-04-08T00:50:56.004+0000] {processor.py:925} INFO - DAG(s) 'read_dataset_event_from_classic', 'read_dataset_event' retrieved from /home/airflow/.local/lib/python3.12/site-packages/airflow/example_dags/example_inlet_event_extra.py
[2025-04-08T00:50:56.028+0000] {logging_mixin.py:190} INFO - [2025-04-08T00:50:56.028+0000] {dag.py:3239} INFO - Sync 2 DAGs
[2025-04-08T00:50:56.050+0000] {logging_mixin.py:190} INFO - [2025-04-08T00:50:56.050+0000] {dag.py:4180} INFO - Setting next_dagrun for read_dataset_event to 2025-04-07 00:00:00+00:00, run_after=2025-04-08 00:00:00+00:00
[2025-04-08T00:50:56.056+0000] {logging_mixin.py:190} INFO - [2025-04-08T00:50:56.056+0000] {dag.py:4180} INFO - Setting next_dagrun for read_dataset_event_from_classic to 2025-04-07 00:00:00+00:00, run_after=2025-04-08 00:00:00+00:00
[2025-04-08T00:50:56.075+0000] {processor.py:208} INFO - Processing /home/airflow/.local/lib/python3.12/site-packages/airflow/example_dags/example_inlet_event_extra.py took 0.796 seconds
[2025-04-08T00:51:26.190+0000] {processor.py:186} INFO - Started process (PID=6807) to work on /home/airflow/.local/lib/python3.12/site-packages/airflow/example_dags/example_inlet_event_extra.py
[2025-04-08T00:51:26.191+0000] {processor.py:914} INFO - Processing file /home/airflow/.local/lib/python3.12/site-packages/airflow/example_dags/example_inlet_event_extra.py for tasks to queue
[2025-04-08T00:51:26.194+0000] {logging_mixin.py:190} INFO - [2025-04-08T00:51:26.193+0000] {dagbag.py:588} INFO - Filling up the DagBag from /home/airflow/.local/lib/python3.12/site-packages/airflow/example_dags/example_inlet_event_extra.py
[2025-04-08T00:51:26.770+0000] {processor.py:925} INFO - DAG(s) 'read_dataset_event', 'read_dataset_event_from_classic' retrieved from /home/airflow/.local/lib/python3.12/site-packages/airflow/example_dags/example_inlet_event_extra.py
[2025-04-08T00:51:26.790+0000] {logging_mixin.py:190} INFO - [2025-04-08T00:51:26.790+0000] {dag.py:3239} INFO - Sync 2 DAGs
[2025-04-08T00:51:26.814+0000] {logging_mixin.py:190} INFO - [2025-04-08T00:51:26.814+0000] {dag.py:4180} INFO - Setting next_dagrun for read_dataset_event to 2025-04-07 00:00:00+00:00, run_after=2025-04-08 00:00:00+00:00
[2025-04-08T00:51:26.819+0000] {logging_mixin.py:190} INFO - [2025-04-08T00:51:26.818+0000] {dag.py:4180} INFO - Setting next_dagrun for read_dataset_event_from_classic to 2025-04-07 00:00:00+00:00, run_after=2025-04-08 00:00:00+00:00
[2025-04-08T00:51:26.833+0000] {processor.py:208} INFO - Processing /home/airflow/.local/lib/python3.12/site-packages/airflow/example_dags/example_inlet_event_extra.py took 0.649 seconds
[2025-04-08T00:51:56.885+0000] {processor.py:186} INFO - Started process (PID=6873) to work on /home/airflow/.local/lib/python3.12/site-packages/airflow/example_dags/example_inlet_event_extra.py
[2025-04-08T00:51:56.886+0000] {processor.py:914} INFO - Processing file /home/airflow/.local/lib/python3.12/site-packages/airflow/example_dags/example_inlet_event_extra.py for tasks to queue
[2025-04-08T00:51:56.888+0000] {logging_mixin.py:190} INFO - [2025-04-08T00:51:56.888+0000] {dagbag.py:588} INFO - Filling up the DagBag from /home/airflow/.local/lib/python3.12/site-packages/airflow/example_dags/example_inlet_event_extra.py
[2025-04-08T00:51:57.459+0000] {processor.py:925} INFO - DAG(s) 'read_dataset_event_from_classic', 'read_dataset_event' retrieved from /home/airflow/.local/lib/python3.12/site-packages/airflow/example_dags/example_inlet_event_extra.py
[2025-04-08T00:51:57.479+0000] {logging_mixin.py:190} INFO - [2025-04-08T00:51:57.478+0000] {dag.py:3239} INFO - Sync 2 DAGs
[2025-04-08T00:51:57.505+0000] {logging_mixin.py:190} INFO - [2025-04-08T00:51:57.505+0000] {dag.py:4180} INFO - Setting next_dagrun for read_dataset_event to 2025-04-07 00:00:00+00:00, run_after=2025-04-08 00:00:00+00:00
[2025-04-08T00:51:57.511+0000] {logging_mixin.py:190} INFO - [2025-04-08T00:51:57.511+0000] {dag.py:4180} INFO - Setting next_dagrun for read_dataset_event_from_classic to 2025-04-07 00:00:00+00:00, run_after=2025-04-08 00:00:00+00:00
[2025-04-08T00:51:57.530+0000] {processor.py:208} INFO - Processing /home/airflow/.local/lib/python3.12/site-packages/airflow/example_dags/example_inlet_event_extra.py took 0.651 seconds
[2025-04-08T00:52:28.042+0000] {processor.py:186} INFO - Started process (PID=6937) to work on /home/airflow/.local/lib/python3.12/site-packages/airflow/example_dags/example_inlet_event_extra.py
[2025-04-08T00:52:28.043+0000] {processor.py:914} INFO - Processing file /home/airflow/.local/lib/python3.12/site-packages/airflow/example_dags/example_inlet_event_extra.py for tasks to queue
[2025-04-08T00:52:28.045+0000] {logging_mixin.py:190} INFO - [2025-04-08T00:52:28.045+0000] {dagbag.py:588} INFO - Filling up the DagBag from /home/airflow/.local/lib/python3.12/site-packages/airflow/example_dags/example_inlet_event_extra.py
[2025-04-08T00:52:28.569+0000] {processor.py:925} INFO - DAG(s) 'read_dataset_event_from_classic', 'read_dataset_event' retrieved from /home/airflow/.local/lib/python3.12/site-packages/airflow/example_dags/example_inlet_event_extra.py
[2025-04-08T00:52:28.598+0000] {logging_mixin.py:190} INFO - [2025-04-08T00:52:28.597+0000] {dag.py:3239} INFO - Sync 2 DAGs
[2025-04-08T00:52:28.630+0000] {logging_mixin.py:190} INFO - [2025-04-08T00:52:28.630+0000] {dag.py:4180} INFO - Setting next_dagrun for read_dataset_event to 2025-04-07 00:00:00+00:00, run_after=2025-04-08 00:00:00+00:00
[2025-04-08T00:52:28.636+0000] {logging_mixin.py:190} INFO - [2025-04-08T00:52:28.636+0000] {dag.py:4180} INFO - Setting next_dagrun for read_dataset_event_from_classic to 2025-04-07 00:00:00+00:00, run_after=2025-04-08 00:00:00+00:00
[2025-04-08T00:52:28.662+0000] {processor.py:208} INFO - Processing /home/airflow/.local/lib/python3.12/site-packages/airflow/example_dags/example_inlet_event_extra.py took 0.626 seconds
[2025-04-08T00:52:59.511+0000] {processor.py:186} INFO - Started process (PID=7000) to work on /home/airflow/.local/lib/python3.12/site-packages/airflow/example_dags/example_inlet_event_extra.py
[2025-04-08T00:52:59.513+0000] {processor.py:914} INFO - Processing file /home/airflow/.local/lib/python3.12/site-packages/airflow/example_dags/example_inlet_event_extra.py for tasks to queue
[2025-04-08T00:52:59.515+0000] {logging_mixin.py:190} INFO - [2025-04-08T00:52:59.515+0000] {dagbag.py:588} INFO - Filling up the DagBag from /home/airflow/.local/lib/python3.12/site-packages/airflow/example_dags/example_inlet_event_extra.py
[2025-04-08T00:53:00.260+0000] {processor.py:925} INFO - DAG(s) 'read_dataset_event', 'read_dataset_event_from_classic' retrieved from /home/airflow/.local/lib/python3.12/site-packages/airflow/example_dags/example_inlet_event_extra.py
[2025-04-08T00:53:00.287+0000] {logging_mixin.py:190} INFO - [2025-04-08T00:53:00.286+0000] {dag.py:3239} INFO - Sync 2 DAGs
[2025-04-08T00:53:00.313+0000] {logging_mixin.py:190} INFO - [2025-04-08T00:53:00.313+0000] {dag.py:4180} INFO - Setting next_dagrun for read_dataset_event to 2025-04-07 00:00:00+00:00, run_after=2025-04-08 00:00:00+00:00
[2025-04-08T00:53:00.319+0000] {logging_mixin.py:190} INFO - [2025-04-08T00:53:00.318+0000] {dag.py:4180} INFO - Setting next_dagrun for read_dataset_event_from_classic to 2025-04-07 00:00:00+00:00, run_after=2025-04-08 00:00:00+00:00
[2025-04-08T00:53:00.339+0000] {processor.py:208} INFO - Processing /home/airflow/.local/lib/python3.12/site-packages/airflow/example_dags/example_inlet_event_extra.py took 0.833 seconds
[2025-04-08T00:53:30.531+0000] {processor.py:186} INFO - Started process (PID=7063) to work on /home/airflow/.local/lib/python3.12/site-packages/airflow/example_dags/example_inlet_event_extra.py
[2025-04-08T00:53:30.533+0000] {processor.py:914} INFO - Processing file /home/airflow/.local/lib/python3.12/site-packages/airflow/example_dags/example_inlet_event_extra.py for tasks to queue
[2025-04-08T00:53:30.535+0000] {logging_mixin.py:190} INFO - [2025-04-08T00:53:30.535+0000] {dagbag.py:588} INFO - Filling up the DagBag from /home/airflow/.local/lib/python3.12/site-packages/airflow/example_dags/example_inlet_event_extra.py
[2025-04-08T00:53:31.259+0000] {processor.py:925} INFO - DAG(s) 'read_dataset_event_from_classic', 'read_dataset_event' retrieved from /home/airflow/.local/lib/python3.12/site-packages/airflow/example_dags/example_inlet_event_extra.py
[2025-04-08T00:53:31.292+0000] {logging_mixin.py:190} INFO - [2025-04-08T00:53:31.291+0000] {dag.py:3239} INFO - Sync 2 DAGs
[2025-04-08T00:53:31.326+0000] {logging_mixin.py:190} INFO - [2025-04-08T00:53:31.326+0000] {dag.py:4180} INFO - Setting next_dagrun for read_dataset_event to 2025-04-07 00:00:00+00:00, run_after=2025-04-08 00:00:00+00:00
[2025-04-08T00:53:31.333+0000] {logging_mixin.py:190} INFO - [2025-04-08T00:53:31.332+0000] {dag.py:4180} INFO - Setting next_dagrun for read_dataset_event_from_classic to 2025-04-07 00:00:00+00:00, run_after=2025-04-08 00:00:00+00:00
[2025-04-08T00:53:31.356+0000] {processor.py:208} INFO - Processing /home/airflow/.local/lib/python3.12/site-packages/airflow/example_dags/example_inlet_event_extra.py took 0.832 seconds
[2025-04-08T00:54:01.443+0000] {processor.py:186} INFO - Started process (PID=7126) to work on /home/airflow/.local/lib/python3.12/site-packages/airflow/example_dags/example_inlet_event_extra.py
[2025-04-08T00:54:01.445+0000] {processor.py:914} INFO - Processing file /home/airflow/.local/lib/python3.12/site-packages/airflow/example_dags/example_inlet_event_extra.py for tasks to queue
[2025-04-08T00:54:01.447+0000] {logging_mixin.py:190} INFO - [2025-04-08T00:54:01.447+0000] {dagbag.py:588} INFO - Filling up the DagBag from /home/airflow/.local/lib/python3.12/site-packages/airflow/example_dags/example_inlet_event_extra.py
[2025-04-08T00:54:02.166+0000] {processor.py:925} INFO - DAG(s) 'read_dataset_event', 'read_dataset_event_from_classic' retrieved from /home/airflow/.local/lib/python3.12/site-packages/airflow/example_dags/example_inlet_event_extra.py
[2025-04-08T00:54:02.204+0000] {logging_mixin.py:190} INFO - [2025-04-08T00:54:02.204+0000] {dag.py:3239} INFO - Sync 2 DAGs
[2025-04-08T00:54:02.236+0000] {logging_mixin.py:190} INFO - [2025-04-08T00:54:02.235+0000] {dag.py:4180} INFO - Setting next_dagrun for read_dataset_event to 2025-04-07 00:00:00+00:00, run_after=2025-04-08 00:00:00+00:00
[2025-04-08T00:54:02.245+0000] {logging_mixin.py:190} INFO - [2025-04-08T00:54:02.245+0000] {dag.py:4180} INFO - Setting next_dagrun for read_dataset_event_from_classic to 2025-04-07 00:00:00+00:00, run_after=2025-04-08 00:00:00+00:00
[2025-04-08T00:54:02.280+0000] {processor.py:208} INFO - Processing /home/airflow/.local/lib/python3.12/site-packages/airflow/example_dags/example_inlet_event_extra.py took 0.844 seconds
[2025-04-08T00:54:33.020+0000] {processor.py:186} INFO - Started process (PID=7191) to work on /home/airflow/.local/lib/python3.12/site-packages/airflow/example_dags/example_inlet_event_extra.py
[2025-04-08T00:54:33.024+0000] {processor.py:914} INFO - Processing file /home/airflow/.local/lib/python3.12/site-packages/airflow/example_dags/example_inlet_event_extra.py for tasks to queue
[2025-04-08T00:54:33.029+0000] {logging_mixin.py:190} INFO - [2025-04-08T00:54:33.028+0000] {dagbag.py:588} INFO - Filling up the DagBag from /home/airflow/.local/lib/python3.12/site-packages/airflow/example_dags/example_inlet_event_extra.py
[2025-04-08T00:54:36.076+0000] {processor.py:925} INFO - DAG(s) 'read_dataset_event', 'read_dataset_event_from_classic' retrieved from /home/airflow/.local/lib/python3.12/site-packages/airflow/example_dags/example_inlet_event_extra.py
[2025-04-08T00:54:36.155+0000] {logging_mixin.py:190} INFO - [2025-04-08T00:54:36.155+0000] {dag.py:3239} INFO - Sync 2 DAGs
[2025-04-08T00:54:36.312+0000] {logging_mixin.py:190} INFO - [2025-04-08T00:54:36.304+0000] {dag.py:4180} INFO - Setting next_dagrun for read_dataset_event to 2025-04-07 00:00:00+00:00, run_after=2025-04-08 00:00:00+00:00
[2025-04-08T00:54:36.335+0000] {logging_mixin.py:190} INFO - [2025-04-08T00:54:36.334+0000] {dag.py:4180} INFO - Setting next_dagrun for read_dataset_event_from_classic to 2025-04-07 00:00:00+00:00, run_after=2025-04-08 00:00:00+00:00
[2025-04-08T00:54:36.389+0000] {processor.py:208} INFO - Processing /home/airflow/.local/lib/python3.12/site-packages/airflow/example_dags/example_inlet_event_extra.py took 3.405 seconds
[2025-04-08T00:55:07.154+0000] {processor.py:186} INFO - Started process (PID=7263) to work on /home/airflow/.local/lib/python3.12/site-packages/airflow/example_dags/example_inlet_event_extra.py
[2025-04-08T00:55:07.156+0000] {processor.py:914} INFO - Processing file /home/airflow/.local/lib/python3.12/site-packages/airflow/example_dags/example_inlet_event_extra.py for tasks to queue
[2025-04-08T00:55:07.159+0000] {logging_mixin.py:190} INFO - [2025-04-08T00:55:07.158+0000] {dagbag.py:588} INFO - Filling up the DagBag from /home/airflow/.local/lib/python3.12/site-packages/airflow/example_dags/example_inlet_event_extra.py
[2025-04-08T00:55:08.224+0000] {processor.py:925} INFO - DAG(s) 'read_dataset_event_from_classic', 'read_dataset_event' retrieved from /home/airflow/.local/lib/python3.12/site-packages/airflow/example_dags/example_inlet_event_extra.py
[2025-04-08T00:55:08.281+0000] {logging_mixin.py:190} INFO - [2025-04-08T00:55:08.281+0000] {dag.py:3239} INFO - Sync 2 DAGs
[2025-04-08T00:55:08.360+0000] {logging_mixin.py:190} INFO - [2025-04-08T00:55:08.359+0000] {dag.py:4180} INFO - Setting next_dagrun for read_dataset_event to 2025-04-07 00:00:00+00:00, run_after=2025-04-08 00:00:00+00:00
[2025-04-08T00:55:08.376+0000] {logging_mixin.py:190} INFO - [2025-04-08T00:55:08.376+0000] {dag.py:4180} INFO - Setting next_dagrun for read_dataset_event_from_classic to 2025-04-07 00:00:00+00:00, run_after=2025-04-08 00:00:00+00:00
[2025-04-08T00:55:08.425+0000] {processor.py:208} INFO - Processing /home/airflow/.local/lib/python3.12/site-packages/airflow/example_dags/example_inlet_event_extra.py took 1.280 seconds
[2025-04-08T00:55:38.761+0000] {processor.py:186} INFO - Started process (PID=7330) to work on /home/airflow/.local/lib/python3.12/site-packages/airflow/example_dags/example_inlet_event_extra.py
[2025-04-08T00:55:38.766+0000] {processor.py:914} INFO - Processing file /home/airflow/.local/lib/python3.12/site-packages/airflow/example_dags/example_inlet_event_extra.py for tasks to queue
[2025-04-08T00:55:38.773+0000] {logging_mixin.py:190} INFO - [2025-04-08T00:55:38.772+0000] {dagbag.py:588} INFO - Filling up the DagBag from /home/airflow/.local/lib/python3.12/site-packages/airflow/example_dags/example_inlet_event_extra.py
[2025-04-08T00:55:39.659+0000] {processor.py:925} INFO - DAG(s) 'read_dataset_event', 'read_dataset_event_from_classic' retrieved from /home/airflow/.local/lib/python3.12/site-packages/airflow/example_dags/example_inlet_event_extra.py
[2025-04-08T00:55:39.693+0000] {logging_mixin.py:190} INFO - [2025-04-08T00:55:39.693+0000] {dag.py:3239} INFO - Sync 2 DAGs
[2025-04-08T00:55:39.726+0000] {logging_mixin.py:190} INFO - [2025-04-08T00:55:39.726+0000] {dag.py:4180} INFO - Setting next_dagrun for read_dataset_event to 2025-04-07 00:00:00+00:00, run_after=2025-04-08 00:00:00+00:00
[2025-04-08T00:55:39.735+0000] {logging_mixin.py:190} INFO - [2025-04-08T00:55:39.735+0000] {dag.py:4180} INFO - Setting next_dagrun for read_dataset_event_from_classic to 2025-04-07 00:00:00+00:00, run_after=2025-04-08 00:00:00+00:00
[2025-04-08T00:55:39.787+0000] {processor.py:208} INFO - Processing /home/airflow/.local/lib/python3.12/site-packages/airflow/example_dags/example_inlet_event_extra.py took 1.051 seconds
[2025-04-08T00:56:09.865+0000] {processor.py:186} INFO - Started process (PID=7396) to work on /home/airflow/.local/lib/python3.12/site-packages/airflow/example_dags/example_inlet_event_extra.py
[2025-04-08T00:56:09.867+0000] {processor.py:914} INFO - Processing file /home/airflow/.local/lib/python3.12/site-packages/airflow/example_dags/example_inlet_event_extra.py for tasks to queue
[2025-04-08T00:56:09.870+0000] {logging_mixin.py:190} INFO - [2025-04-08T00:56:09.869+0000] {dagbag.py:588} INFO - Filling up the DagBag from /home/airflow/.local/lib/python3.12/site-packages/airflow/example_dags/example_inlet_event_extra.py
[2025-04-08T00:56:10.585+0000] {processor.py:925} INFO - DAG(s) 'read_dataset_event_from_classic', 'read_dataset_event' retrieved from /home/airflow/.local/lib/python3.12/site-packages/airflow/example_dags/example_inlet_event_extra.py
[2025-04-08T00:56:10.616+0000] {logging_mixin.py:190} INFO - [2025-04-08T00:56:10.616+0000] {dag.py:3239} INFO - Sync 2 DAGs
[2025-04-08T00:56:10.646+0000] {logging_mixin.py:190} INFO - [2025-04-08T00:56:10.646+0000] {dag.py:4180} INFO - Setting next_dagrun for read_dataset_event to 2025-04-07 00:00:00+00:00, run_after=2025-04-08 00:00:00+00:00
[2025-04-08T00:56:10.653+0000] {logging_mixin.py:190} INFO - [2025-04-08T00:56:10.652+0000] {dag.py:4180} INFO - Setting next_dagrun for read_dataset_event_from_classic to 2025-04-07 00:00:00+00:00, run_after=2025-04-08 00:00:00+00:00
[2025-04-08T00:56:10.674+0000] {processor.py:208} INFO - Processing /home/airflow/.local/lib/python3.12/site-packages/airflow/example_dags/example_inlet_event_extra.py took 0.820 seconds
[2025-04-08T00:56:40.923+0000] {processor.py:186} INFO - Started process (PID=7459) to work on /home/airflow/.local/lib/python3.12/site-packages/airflow/example_dags/example_inlet_event_extra.py
[2025-04-08T00:56:40.925+0000] {processor.py:914} INFO - Processing file /home/airflow/.local/lib/python3.12/site-packages/airflow/example_dags/example_inlet_event_extra.py for tasks to queue
[2025-04-08T00:56:40.928+0000] {logging_mixin.py:190} INFO - [2025-04-08T00:56:40.927+0000] {dagbag.py:588} INFO - Filling up the DagBag from /home/airflow/.local/lib/python3.12/site-packages/airflow/example_dags/example_inlet_event_extra.py
[2025-04-08T00:56:41.665+0000] {processor.py:925} INFO - DAG(s) 'read_dataset_event', 'read_dataset_event_from_classic' retrieved from /home/airflow/.local/lib/python3.12/site-packages/airflow/example_dags/example_inlet_event_extra.py
[2025-04-08T00:56:41.707+0000] {logging_mixin.py:190} INFO - [2025-04-08T00:56:41.706+0000] {dag.py:3239} INFO - Sync 2 DAGs
[2025-04-08T00:56:41.765+0000] {logging_mixin.py:190} INFO - [2025-04-08T00:56:41.765+0000] {dag.py:4180} INFO - Setting next_dagrun for read_dataset_event to 2025-04-07 00:00:00+00:00, run_after=2025-04-08 00:00:00+00:00
[2025-04-08T00:56:41.779+0000] {logging_mixin.py:190} INFO - [2025-04-08T00:56:41.779+0000] {dag.py:4180} INFO - Setting next_dagrun for read_dataset_event_from_classic to 2025-04-07 00:00:00+00:00, run_after=2025-04-08 00:00:00+00:00
[2025-04-08T00:56:41.810+0000] {processor.py:208} INFO - Processing /home/airflow/.local/lib/python3.12/site-packages/airflow/example_dags/example_inlet_event_extra.py took 0.898 seconds
[2025-04-08T00:57:12.665+0000] {processor.py:186} INFO - Started process (PID=7522) to work on /home/airflow/.local/lib/python3.12/site-packages/airflow/example_dags/example_inlet_event_extra.py
[2025-04-08T00:57:12.668+0000] {processor.py:914} INFO - Processing file /home/airflow/.local/lib/python3.12/site-packages/airflow/example_dags/example_inlet_event_extra.py for tasks to queue
[2025-04-08T00:57:12.671+0000] {logging_mixin.py:190} INFO - [2025-04-08T00:57:12.671+0000] {dagbag.py:588} INFO - Filling up the DagBag from /home/airflow/.local/lib/python3.12/site-packages/airflow/example_dags/example_inlet_event_extra.py
[2025-04-08T00:57:13.657+0000] {processor.py:925} INFO - DAG(s) 'read_dataset_event', 'read_dataset_event_from_classic' retrieved from /home/airflow/.local/lib/python3.12/site-packages/airflow/example_dags/example_inlet_event_extra.py
[2025-04-08T00:57:13.702+0000] {logging_mixin.py:190} INFO - [2025-04-08T00:57:13.702+0000] {dag.py:3239} INFO - Sync 2 DAGs
[2025-04-08T00:57:13.746+0000] {logging_mixin.py:190} INFO - [2025-04-08T00:57:13.746+0000] {dag.py:4180} INFO - Setting next_dagrun for read_dataset_event to 2025-04-07 00:00:00+00:00, run_after=2025-04-08 00:00:00+00:00
[2025-04-08T00:57:13.758+0000] {logging_mixin.py:190} INFO - [2025-04-08T00:57:13.757+0000] {dag.py:4180} INFO - Setting next_dagrun for read_dataset_event_from_classic to 2025-04-07 00:00:00+00:00, run_after=2025-04-08 00:00:00+00:00
[2025-04-08T00:57:13.792+0000] {processor.py:208} INFO - Processing /home/airflow/.local/lib/python3.12/site-packages/airflow/example_dags/example_inlet_event_extra.py took 1.142 seconds
[2025-04-08T00:57:44.164+0000] {processor.py:186} INFO - Started process (PID=7587) to work on /home/airflow/.local/lib/python3.12/site-packages/airflow/example_dags/example_inlet_event_extra.py
[2025-04-08T00:57:44.172+0000] {processor.py:914} INFO - Processing file /home/airflow/.local/lib/python3.12/site-packages/airflow/example_dags/example_inlet_event_extra.py for tasks to queue
[2025-04-08T00:57:44.180+0000] {logging_mixin.py:190} INFO - [2025-04-08T00:57:44.178+0000] {dagbag.py:588} INFO - Filling up the DagBag from /home/airflow/.local/lib/python3.12/site-packages/airflow/example_dags/example_inlet_event_extra.py
[2025-04-08T00:57:49.603+0000] {processor.py:925} INFO - DAG(s) 'read_dataset_event', 'read_dataset_event_from_classic' retrieved from /home/airflow/.local/lib/python3.12/site-packages/airflow/example_dags/example_inlet_event_extra.py
[2025-04-08T00:57:49.758+0000] {logging_mixin.py:190} INFO - [2025-04-08T00:57:49.756+0000] {dag.py:3239} INFO - Sync 2 DAGs
[2025-04-08T00:57:49.948+0000] {logging_mixin.py:190} INFO - [2025-04-08T00:57:49.946+0000] {dag.py:4180} INFO - Setting next_dagrun for read_dataset_event to 2025-04-07 00:00:00+00:00, run_after=2025-04-08 00:00:00+00:00
[2025-04-08T00:57:49.992+0000] {logging_mixin.py:190} INFO - [2025-04-08T00:57:49.991+0000] {dag.py:4180} INFO - Setting next_dagrun for read_dataset_event_from_classic to 2025-04-07 00:00:00+00:00, run_after=2025-04-08 00:00:00+00:00
[2025-04-08T00:57:50.102+0000] {processor.py:208} INFO - Processing /home/airflow/.local/lib/python3.12/site-packages/airflow/example_dags/example_inlet_event_extra.py took 5.973 seconds
[2025-04-08T00:58:29.345+0000] {processor.py:186} INFO - Started process (PID=7650) to work on /home/airflow/.local/lib/python3.12/site-packages/airflow/example_dags/example_inlet_event_extra.py
[2025-04-08T00:58:29.350+0000] {processor.py:914} INFO - Processing file /home/airflow/.local/lib/python3.12/site-packages/airflow/example_dags/example_inlet_event_extra.py for tasks to queue
[2025-04-08T00:58:29.364+0000] {logging_mixin.py:190} INFO - [2025-04-08T00:58:29.364+0000] {dagbag.py:588} INFO - Filling up the DagBag from /home/airflow/.local/lib/python3.12/site-packages/airflow/example_dags/example_inlet_event_extra.py
[2025-04-08T00:58:32.651+0000] {processor.py:925} INFO - DAG(s) 'read_dataset_event_from_classic', 'read_dataset_event' retrieved from /home/airflow/.local/lib/python3.12/site-packages/airflow/example_dags/example_inlet_event_extra.py
[2025-04-08T00:58:32.773+0000] {logging_mixin.py:190} INFO - [2025-04-08T00:58:32.773+0000] {dag.py:3239} INFO - Sync 2 DAGs
[2025-04-08T00:58:32.851+0000] {logging_mixin.py:190} INFO - [2025-04-08T00:58:32.851+0000] {dag.py:4180} INFO - Setting next_dagrun for read_dataset_event to 2025-04-07 00:00:00+00:00, run_after=2025-04-08 00:00:00+00:00
[2025-04-08T00:58:32.874+0000] {logging_mixin.py:190} INFO - [2025-04-08T00:58:32.873+0000] {dag.py:4180} INFO - Setting next_dagrun for read_dataset_event_from_classic to 2025-04-07 00:00:00+00:00, run_after=2025-04-08 00:00:00+00:00
[2025-04-08T00:58:32.971+0000] {processor.py:208} INFO - Processing /home/airflow/.local/lib/python3.12/site-packages/airflow/example_dags/example_inlet_event_extra.py took 3.646 seconds
[2025-04-08T01:23:58.896+0000] {processor.py:186} INFO - Started process (PID=7684) to work on /home/airflow/.local/lib/python3.12/site-packages/airflow/example_dags/example_inlet_event_extra.py
[2025-04-08T01:23:58.905+0000] {processor.py:914} INFO - Processing file /home/airflow/.local/lib/python3.12/site-packages/airflow/example_dags/example_inlet_event_extra.py for tasks to queue
[2025-04-08T01:23:58.908+0000] {logging_mixin.py:190} INFO - [2025-04-08T01:23:58.907+0000] {dagbag.py:588} INFO - Filling up the DagBag from /home/airflow/.local/lib/python3.12/site-packages/airflow/example_dags/example_inlet_event_extra.py
[2025-04-08T01:24:00.103+0000] {processor.py:925} INFO - DAG(s) 'read_dataset_event_from_classic', 'read_dataset_event' retrieved from /home/airflow/.local/lib/python3.12/site-packages/airflow/example_dags/example_inlet_event_extra.py
[2025-04-08T01:24:00.169+0000] {logging_mixin.py:190} INFO - [2025-04-08T01:24:00.168+0000] {dag.py:3239} INFO - Sync 2 DAGs
[2025-04-08T01:24:00.237+0000] {logging_mixin.py:190} INFO - [2025-04-08T01:24:00.237+0000] {dag.py:4180} INFO - Setting next_dagrun for read_dataset_event to 2025-04-07 00:00:00+00:00, run_after=2025-04-08 00:00:00+00:00
[2025-04-08T01:24:00.254+0000] {logging_mixin.py:190} INFO - [2025-04-08T01:24:00.254+0000] {dag.py:4180} INFO - Setting next_dagrun for read_dataset_event_from_classic to 2025-04-07 00:00:00+00:00, run_after=2025-04-08 00:00:00+00:00
[2025-04-08T01:24:00.315+0000] {processor.py:208} INFO - Processing /home/airflow/.local/lib/python3.12/site-packages/airflow/example_dags/example_inlet_event_extra.py took 1.428 seconds
[2025-04-08T01:24:30.561+0000] {processor.py:186} INFO - Started process (PID=7748) to work on /home/airflow/.local/lib/python3.12/site-packages/airflow/example_dags/example_inlet_event_extra.py
[2025-04-08T01:24:30.564+0000] {processor.py:914} INFO - Processing file /home/airflow/.local/lib/python3.12/site-packages/airflow/example_dags/example_inlet_event_extra.py for tasks to queue
[2025-04-08T01:24:30.567+0000] {logging_mixin.py:190} INFO - [2025-04-08T01:24:30.566+0000] {dagbag.py:588} INFO - Filling up the DagBag from /home/airflow/.local/lib/python3.12/site-packages/airflow/example_dags/example_inlet_event_extra.py
[2025-04-08T01:24:31.967+0000] {processor.py:925} INFO - DAG(s) 'read_dataset_event_from_classic', 'read_dataset_event' retrieved from /home/airflow/.local/lib/python3.12/site-packages/airflow/example_dags/example_inlet_event_extra.py
[2025-04-08T01:24:32.029+0000] {logging_mixin.py:190} INFO - [2025-04-08T01:24:32.028+0000] {dag.py:3239} INFO - Sync 2 DAGs
[2025-04-08T01:24:32.099+0000] {logging_mixin.py:190} INFO - [2025-04-08T01:24:32.098+0000] {dag.py:4180} INFO - Setting next_dagrun for read_dataset_event to 2025-04-07 00:00:00+00:00, run_after=2025-04-08 00:00:00+00:00
[2025-04-08T01:24:32.121+0000] {logging_mixin.py:190} INFO - [2025-04-08T01:24:32.120+0000] {dag.py:4180} INFO - Setting next_dagrun for read_dataset_event_from_classic to 2025-04-07 00:00:00+00:00, run_after=2025-04-08 00:00:00+00:00
[2025-04-08T01:24:32.178+0000] {processor.py:208} INFO - Processing /home/airflow/.local/lib/python3.12/site-packages/airflow/example_dags/example_inlet_event_extra.py took 1.629 seconds
[2025-04-08T01:25:02.469+0000] {processor.py:186} INFO - Started process (PID=7814) to work on /home/airflow/.local/lib/python3.12/site-packages/airflow/example_dags/example_inlet_event_extra.py
[2025-04-08T01:25:02.472+0000] {processor.py:914} INFO - Processing file /home/airflow/.local/lib/python3.12/site-packages/airflow/example_dags/example_inlet_event_extra.py for tasks to queue
[2025-04-08T01:25:02.477+0000] {logging_mixin.py:190} INFO - [2025-04-08T01:25:02.474+0000] {dagbag.py:588} INFO - Filling up the DagBag from /home/airflow/.local/lib/python3.12/site-packages/airflow/example_dags/example_inlet_event_extra.py
[2025-04-08T01:25:03.135+0000] {processor.py:925} INFO - DAG(s) 'read_dataset_event_from_classic', 'read_dataset_event' retrieved from /home/airflow/.local/lib/python3.12/site-packages/airflow/example_dags/example_inlet_event_extra.py
[2025-04-08T01:25:03.165+0000] {logging_mixin.py:190} INFO - [2025-04-08T01:25:03.165+0000] {dag.py:3239} INFO - Sync 2 DAGs
[2025-04-08T01:25:03.199+0000] {logging_mixin.py:190} INFO - [2025-04-08T01:25:03.199+0000] {dag.py:4180} INFO - Setting next_dagrun for read_dataset_event to 2025-04-07 00:00:00+00:00, run_after=2025-04-08 00:00:00+00:00
[2025-04-08T01:25:03.205+0000] {logging_mixin.py:190} INFO - [2025-04-08T01:25:03.205+0000] {dag.py:4180} INFO - Setting next_dagrun for read_dataset_event_from_classic to 2025-04-07 00:00:00+00:00, run_after=2025-04-08 00:00:00+00:00
[2025-04-08T01:25:03.233+0000] {processor.py:208} INFO - Processing /home/airflow/.local/lib/python3.12/site-packages/airflow/example_dags/example_inlet_event_extra.py took 0.787 seconds
[2025-04-08T01:25:33.445+0000] {processor.py:186} INFO - Started process (PID=7881) to work on /home/airflow/.local/lib/python3.12/site-packages/airflow/example_dags/example_inlet_event_extra.py
[2025-04-08T01:25:33.451+0000] {processor.py:914} INFO - Processing file /home/airflow/.local/lib/python3.12/site-packages/airflow/example_dags/example_inlet_event_extra.py for tasks to queue
[2025-04-08T01:25:33.456+0000] {logging_mixin.py:190} INFO - [2025-04-08T01:25:33.455+0000] {dagbag.py:588} INFO - Filling up the DagBag from /home/airflow/.local/lib/python3.12/site-packages/airflow/example_dags/example_inlet_event_extra.py
[2025-04-08T01:25:34.223+0000] {processor.py:925} INFO - DAG(s) 'read_dataset_event_from_classic', 'read_dataset_event' retrieved from /home/airflow/.local/lib/python3.12/site-packages/airflow/example_dags/example_inlet_event_extra.py
[2025-04-08T01:25:34.243+0000] {logging_mixin.py:190} INFO - [2025-04-08T01:25:34.243+0000] {dag.py:3239} INFO - Sync 2 DAGs
[2025-04-08T01:25:34.269+0000] {logging_mixin.py:190} INFO - [2025-04-08T01:25:34.269+0000] {dag.py:4180} INFO - Setting next_dagrun for read_dataset_event to 2025-04-07 00:00:00+00:00, run_after=2025-04-08 00:00:00+00:00
[2025-04-08T01:25:34.277+0000] {logging_mixin.py:190} INFO - [2025-04-08T01:25:34.277+0000] {dag.py:4180} INFO - Setting next_dagrun for read_dataset_event_from_classic to 2025-04-07 00:00:00+00:00, run_after=2025-04-08 00:00:00+00:00
[2025-04-08T01:25:34.307+0000] {processor.py:208} INFO - Processing /home/airflow/.local/lib/python3.12/site-packages/airflow/example_dags/example_inlet_event_extra.py took 0.883 seconds
[2025-04-08T01:26:04.626+0000] {processor.py:186} INFO - Started process (PID=7947) to work on /home/airflow/.local/lib/python3.12/site-packages/airflow/example_dags/example_inlet_event_extra.py
[2025-04-08T01:26:04.628+0000] {processor.py:914} INFO - Processing file /home/airflow/.local/lib/python3.12/site-packages/airflow/example_dags/example_inlet_event_extra.py for tasks to queue
[2025-04-08T01:26:04.631+0000] {logging_mixin.py:190} INFO - [2025-04-08T01:26:04.631+0000] {dagbag.py:588} INFO - Filling up the DagBag from /home/airflow/.local/lib/python3.12/site-packages/airflow/example_dags/example_inlet_event_extra.py
[2025-04-08T01:26:05.357+0000] {processor.py:925} INFO - DAG(s) 'read_dataset_event', 'read_dataset_event_from_classic' retrieved from /home/airflow/.local/lib/python3.12/site-packages/airflow/example_dags/example_inlet_event_extra.py
[2025-04-08T01:26:05.386+0000] {logging_mixin.py:190} INFO - [2025-04-08T01:26:05.386+0000] {dag.py:3239} INFO - Sync 2 DAGs
[2025-04-08T01:26:05.416+0000] {logging_mixin.py:190} INFO - [2025-04-08T01:26:05.416+0000] {dag.py:4180} INFO - Setting next_dagrun for read_dataset_event to 2025-04-07 00:00:00+00:00, run_after=2025-04-08 00:00:00+00:00
[2025-04-08T01:26:05.424+0000] {logging_mixin.py:190} INFO - [2025-04-08T01:26:05.424+0000] {dag.py:4180} INFO - Setting next_dagrun for read_dataset_event_from_classic to 2025-04-07 00:00:00+00:00, run_after=2025-04-08 00:00:00+00:00
[2025-04-08T01:26:05.454+0000] {processor.py:208} INFO - Processing /home/airflow/.local/lib/python3.12/site-packages/airflow/example_dags/example_inlet_event_extra.py took 0.838 seconds
[2025-04-08T01:26:36.440+0000] {processor.py:186} INFO - Started process (PID=8016) to work on /home/airflow/.local/lib/python3.12/site-packages/airflow/example_dags/example_inlet_event_extra.py
[2025-04-08T01:26:36.441+0000] {processor.py:914} INFO - Processing file /home/airflow/.local/lib/python3.12/site-packages/airflow/example_dags/example_inlet_event_extra.py for tasks to queue
[2025-04-08T01:26:36.443+0000] {logging_mixin.py:190} INFO - [2025-04-08T01:26:36.442+0000] {dagbag.py:588} INFO - Filling up the DagBag from /home/airflow/.local/lib/python3.12/site-packages/airflow/example_dags/example_inlet_event_extra.py
[2025-04-08T01:26:37.022+0000] {processor.py:925} INFO - DAG(s) 'read_dataset_event', 'read_dataset_event_from_classic' retrieved from /home/airflow/.local/lib/python3.12/site-packages/airflow/example_dags/example_inlet_event_extra.py
[2025-04-08T01:26:37.051+0000] {logging_mixin.py:190} INFO - [2025-04-08T01:26:37.051+0000] {dag.py:3239} INFO - Sync 2 DAGs
[2025-04-08T01:26:37.076+0000] {logging_mixin.py:190} INFO - [2025-04-08T01:26:37.076+0000] {dag.py:4180} INFO - Setting next_dagrun for read_dataset_event to 2025-04-07 00:00:00+00:00, run_after=2025-04-08 00:00:00+00:00
[2025-04-08T01:26:37.081+0000] {logging_mixin.py:190} INFO - [2025-04-08T01:26:37.081+0000] {dag.py:4180} INFO - Setting next_dagrun for read_dataset_event_from_classic to 2025-04-07 00:00:00+00:00, run_after=2025-04-08 00:00:00+00:00
[2025-04-08T01:26:37.104+0000] {processor.py:208} INFO - Processing /home/airflow/.local/lib/python3.12/site-packages/airflow/example_dags/example_inlet_event_extra.py took 0.671 seconds
[2025-04-08T01:27:07.281+0000] {processor.py:186} INFO - Started process (PID=8079) to work on /home/airflow/.local/lib/python3.12/site-packages/airflow/example_dags/example_inlet_event_extra.py
[2025-04-08T01:27:07.284+0000] {processor.py:914} INFO - Processing file /home/airflow/.local/lib/python3.12/site-packages/airflow/example_dags/example_inlet_event_extra.py for tasks to queue
[2025-04-08T01:27:07.288+0000] {logging_mixin.py:190} INFO - [2025-04-08T01:27:07.287+0000] {dagbag.py:588} INFO - Filling up the DagBag from /home/airflow/.local/lib/python3.12/site-packages/airflow/example_dags/example_inlet_event_extra.py
[2025-04-08T01:27:08.139+0000] {processor.py:925} INFO - DAG(s) 'read_dataset_event_from_classic', 'read_dataset_event' retrieved from /home/airflow/.local/lib/python3.12/site-packages/airflow/example_dags/example_inlet_event_extra.py
[2025-04-08T01:27:08.171+0000] {logging_mixin.py:190} INFO - [2025-04-08T01:27:08.171+0000] {dag.py:3239} INFO - Sync 2 DAGs
[2025-04-08T01:27:08.199+0000] {logging_mixin.py:190} INFO - [2025-04-08T01:27:08.199+0000] {dag.py:4180} INFO - Setting next_dagrun for read_dataset_event to 2025-04-07 00:00:00+00:00, run_after=2025-04-08 00:00:00+00:00
[2025-04-08T01:27:08.207+0000] {logging_mixin.py:190} INFO - [2025-04-08T01:27:08.207+0000] {dag.py:4180} INFO - Setting next_dagrun for read_dataset_event_from_classic to 2025-04-07 00:00:00+00:00, run_after=2025-04-08 00:00:00+00:00
[2025-04-08T01:27:08.237+0000] {processor.py:208} INFO - Processing /home/airflow/.local/lib/python3.12/site-packages/airflow/example_dags/example_inlet_event_extra.py took 0.968 seconds
[2025-04-08T01:27:38.839+0000] {processor.py:186} INFO - Started process (PID=8145) to work on /home/airflow/.local/lib/python3.12/site-packages/airflow/example_dags/example_inlet_event_extra.py
[2025-04-08T01:27:38.844+0000] {processor.py:914} INFO - Processing file /home/airflow/.local/lib/python3.12/site-packages/airflow/example_dags/example_inlet_event_extra.py for tasks to queue
[2025-04-08T01:27:38.850+0000] {logging_mixin.py:190} INFO - [2025-04-08T01:27:38.848+0000] {dagbag.py:588} INFO - Filling up the DagBag from /home/airflow/.local/lib/python3.12/site-packages/airflow/example_dags/example_inlet_event_extra.py
[2025-04-08T01:27:40.114+0000] {processor.py:925} INFO - DAG(s) 'read_dataset_event', 'read_dataset_event_from_classic' retrieved from /home/airflow/.local/lib/python3.12/site-packages/airflow/example_dags/example_inlet_event_extra.py
[2025-04-08T01:27:40.155+0000] {logging_mixin.py:190} INFO - [2025-04-08T01:27:40.154+0000] {dag.py:3239} INFO - Sync 2 DAGs
[2025-04-08T01:27:40.208+0000] {logging_mixin.py:190} INFO - [2025-04-08T01:27:40.207+0000] {dag.py:4180} INFO - Setting next_dagrun for read_dataset_event to 2025-04-07 00:00:00+00:00, run_after=2025-04-08 00:00:00+00:00
[2025-04-08T01:27:40.221+0000] {logging_mixin.py:190} INFO - [2025-04-08T01:27:40.221+0000] {dag.py:4180} INFO - Setting next_dagrun for read_dataset_event_from_classic to 2025-04-07 00:00:00+00:00, run_after=2025-04-08 00:00:00+00:00
[2025-04-08T01:27:40.302+0000] {processor.py:208} INFO - Processing /home/airflow/.local/lib/python3.12/site-packages/airflow/example_dags/example_inlet_event_extra.py took 1.481 seconds
[2025-04-08T01:28:11.231+0000] {processor.py:186} INFO - Started process (PID=8212) to work on /home/airflow/.local/lib/python3.12/site-packages/airflow/example_dags/example_inlet_event_extra.py
[2025-04-08T01:28:11.233+0000] {processor.py:914} INFO - Processing file /home/airflow/.local/lib/python3.12/site-packages/airflow/example_dags/example_inlet_event_extra.py for tasks to queue
[2025-04-08T01:28:11.237+0000] {logging_mixin.py:190} INFO - [2025-04-08T01:28:11.236+0000] {dagbag.py:588} INFO - Filling up the DagBag from /home/airflow/.local/lib/python3.12/site-packages/airflow/example_dags/example_inlet_event_extra.py
[2025-04-08T01:28:12.120+0000] {processor.py:925} INFO - DAG(s) 'read_dataset_event_from_classic', 'read_dataset_event' retrieved from /home/airflow/.local/lib/python3.12/site-packages/airflow/example_dags/example_inlet_event_extra.py
[2025-04-08T01:28:12.155+0000] {logging_mixin.py:190} INFO - [2025-04-08T01:28:12.154+0000] {dag.py:3239} INFO - Sync 2 DAGs
[2025-04-08T01:28:12.189+0000] {logging_mixin.py:190} INFO - [2025-04-08T01:28:12.188+0000] {dag.py:4180} INFO - Setting next_dagrun for read_dataset_event to 2025-04-07 00:00:00+00:00, run_after=2025-04-08 00:00:00+00:00
[2025-04-08T01:28:12.204+0000] {logging_mixin.py:190} INFO - [2025-04-08T01:28:12.203+0000] {dag.py:4180} INFO - Setting next_dagrun for read_dataset_event_from_classic to 2025-04-07 00:00:00+00:00, run_after=2025-04-08 00:00:00+00:00
[2025-04-08T01:28:12.256+0000] {processor.py:208} INFO - Processing /home/airflow/.local/lib/python3.12/site-packages/airflow/example_dags/example_inlet_event_extra.py took 1.042 seconds
[2025-04-08T01:28:42.398+0000] {processor.py:186} INFO - Started process (PID=8277) to work on /home/airflow/.local/lib/python3.12/site-packages/airflow/example_dags/example_inlet_event_extra.py
[2025-04-08T01:28:42.400+0000] {processor.py:914} INFO - Processing file /home/airflow/.local/lib/python3.12/site-packages/airflow/example_dags/example_inlet_event_extra.py for tasks to queue
[2025-04-08T01:28:42.402+0000] {logging_mixin.py:190} INFO - [2025-04-08T01:28:42.402+0000] {dagbag.py:588} INFO - Filling up the DagBag from /home/airflow/.local/lib/python3.12/site-packages/airflow/example_dags/example_inlet_event_extra.py
[2025-04-08T01:28:43.122+0000] {processor.py:925} INFO - DAG(s) 'read_dataset_event_from_classic', 'read_dataset_event' retrieved from /home/airflow/.local/lib/python3.12/site-packages/airflow/example_dags/example_inlet_event_extra.py
[2025-04-08T01:28:43.155+0000] {logging_mixin.py:190} INFO - [2025-04-08T01:28:43.155+0000] {dag.py:3239} INFO - Sync 2 DAGs
[2025-04-08T01:28:43.184+0000] {logging_mixin.py:190} INFO - [2025-04-08T01:28:43.184+0000] {dag.py:4180} INFO - Setting next_dagrun for read_dataset_event to 2025-04-07 00:00:00+00:00, run_after=2025-04-08 00:00:00+00:00
[2025-04-08T01:28:43.193+0000] {logging_mixin.py:190} INFO - [2025-04-08T01:28:43.193+0000] {dag.py:4180} INFO - Setting next_dagrun for read_dataset_event_from_classic to 2025-04-07 00:00:00+00:00, run_after=2025-04-08 00:00:00+00:00
[2025-04-08T01:28:43.241+0000] {processor.py:208} INFO - Processing /home/airflow/.local/lib/python3.12/site-packages/airflow/example_dags/example_inlet_event_extra.py took 0.854 seconds
[2025-04-08T01:29:13.688+0000] {processor.py:186} INFO - Started process (PID=8345) to work on /home/airflow/.local/lib/python3.12/site-packages/airflow/example_dags/example_inlet_event_extra.py
[2025-04-08T01:29:13.692+0000] {processor.py:914} INFO - Processing file /home/airflow/.local/lib/python3.12/site-packages/airflow/example_dags/example_inlet_event_extra.py for tasks to queue
[2025-04-08T01:29:13.696+0000] {logging_mixin.py:190} INFO - [2025-04-08T01:29:13.695+0000] {dagbag.py:588} INFO - Filling up the DagBag from /home/airflow/.local/lib/python3.12/site-packages/airflow/example_dags/example_inlet_event_extra.py
[2025-04-08T01:29:14.309+0000] {processor.py:925} INFO - DAG(s) 'read_dataset_event', 'read_dataset_event_from_classic' retrieved from /home/airflow/.local/lib/python3.12/site-packages/airflow/example_dags/example_inlet_event_extra.py
[2025-04-08T01:29:14.339+0000] {logging_mixin.py:190} INFO - [2025-04-08T01:29:14.338+0000] {dag.py:3239} INFO - Sync 2 DAGs
[2025-04-08T01:29:14.372+0000] {logging_mixin.py:190} INFO - [2025-04-08T01:29:14.372+0000] {dag.py:4180} INFO - Setting next_dagrun for read_dataset_event to 2025-04-07 00:00:00+00:00, run_after=2025-04-08 00:00:00+00:00
[2025-04-08T01:29:14.378+0000] {logging_mixin.py:190} INFO - [2025-04-08T01:29:14.378+0000] {dag.py:4180} INFO - Setting next_dagrun for read_dataset_event_from_classic to 2025-04-07 00:00:00+00:00, run_after=2025-04-08 00:00:00+00:00
[2025-04-08T01:29:14.404+0000] {processor.py:208} INFO - Processing /home/airflow/.local/lib/python3.12/site-packages/airflow/example_dags/example_inlet_event_extra.py took 0.732 seconds
[2025-04-08T01:29:44.771+0000] {processor.py:186} INFO - Started process (PID=8412) to work on /home/airflow/.local/lib/python3.12/site-packages/airflow/example_dags/example_inlet_event_extra.py
[2025-04-08T01:29:44.773+0000] {processor.py:914} INFO - Processing file /home/airflow/.local/lib/python3.12/site-packages/airflow/example_dags/example_inlet_event_extra.py for tasks to queue
[2025-04-08T01:29:44.777+0000] {logging_mixin.py:190} INFO - [2025-04-08T01:29:44.776+0000] {dagbag.py:588} INFO - Filling up the DagBag from /home/airflow/.local/lib/python3.12/site-packages/airflow/example_dags/example_inlet_event_extra.py
[2025-04-08T01:29:45.419+0000] {processor.py:925} INFO - DAG(s) 'read_dataset_event', 'read_dataset_event_from_classic' retrieved from /home/airflow/.local/lib/python3.12/site-packages/airflow/example_dags/example_inlet_event_extra.py
[2025-04-08T01:29:45.450+0000] {logging_mixin.py:190} INFO - [2025-04-08T01:29:45.449+0000] {dag.py:3239} INFO - Sync 2 DAGs
[2025-04-08T01:29:45.485+0000] {logging_mixin.py:190} INFO - [2025-04-08T01:29:45.485+0000] {dag.py:4180} INFO - Setting next_dagrun for read_dataset_event to 2025-04-07 00:00:00+00:00, run_after=2025-04-08 00:00:00+00:00
[2025-04-08T01:29:45.497+0000] {logging_mixin.py:190} INFO - [2025-04-08T01:29:45.497+0000] {dag.py:4180} INFO - Setting next_dagrun for read_dataset_event_from_classic to 2025-04-07 00:00:00+00:00, run_after=2025-04-08 00:00:00+00:00
[2025-04-08T01:29:45.549+0000] {processor.py:208} INFO - Processing /home/airflow/.local/lib/python3.12/site-packages/airflow/example_dags/example_inlet_event_extra.py took 0.784 seconds
[2025-04-08T01:30:16.034+0000] {processor.py:186} INFO - Started process (PID=8476) to work on /home/airflow/.local/lib/python3.12/site-packages/airflow/example_dags/example_inlet_event_extra.py
[2025-04-08T01:30:16.036+0000] {processor.py:914} INFO - Processing file /home/airflow/.local/lib/python3.12/site-packages/airflow/example_dags/example_inlet_event_extra.py for tasks to queue
[2025-04-08T01:30:16.038+0000] {logging_mixin.py:190} INFO - [2025-04-08T01:30:16.038+0000] {dagbag.py:588} INFO - Filling up the DagBag from /home/airflow/.local/lib/python3.12/site-packages/airflow/example_dags/example_inlet_event_extra.py
[2025-04-08T01:30:16.854+0000] {processor.py:925} INFO - DAG(s) 'read_dataset_event', 'read_dataset_event_from_classic' retrieved from /home/airflow/.local/lib/python3.12/site-packages/airflow/example_dags/example_inlet_event_extra.py
[2025-04-08T01:30:16.885+0000] {logging_mixin.py:190} INFO - [2025-04-08T01:30:16.885+0000] {dag.py:3239} INFO - Sync 2 DAGs
[2025-04-08T01:30:16.920+0000] {logging_mixin.py:190} INFO - [2025-04-08T01:30:16.919+0000] {dag.py:4180} INFO - Setting next_dagrun for read_dataset_event to 2025-04-07 00:00:00+00:00, run_after=2025-04-08 00:00:00+00:00
[2025-04-08T01:30:16.929+0000] {logging_mixin.py:190} INFO - [2025-04-08T01:30:16.928+0000] {dag.py:4180} INFO - Setting next_dagrun for read_dataset_event_from_classic to 2025-04-07 00:00:00+00:00, run_after=2025-04-08 00:00:00+00:00
[2025-04-08T01:30:16.960+0000] {processor.py:208} INFO - Processing /home/airflow/.local/lib/python3.12/site-packages/airflow/example_dags/example_inlet_event_extra.py took 0.935 seconds
[2025-04-08T01:30:47.411+0000] {processor.py:186} INFO - Started process (PID=8540) to work on /home/airflow/.local/lib/python3.12/site-packages/airflow/example_dags/example_inlet_event_extra.py
[2025-04-08T01:30:47.413+0000] {processor.py:914} INFO - Processing file /home/airflow/.local/lib/python3.12/site-packages/airflow/example_dags/example_inlet_event_extra.py for tasks to queue
[2025-04-08T01:30:47.415+0000] {logging_mixin.py:190} INFO - [2025-04-08T01:30:47.415+0000] {dagbag.py:588} INFO - Filling up the DagBag from /home/airflow/.local/lib/python3.12/site-packages/airflow/example_dags/example_inlet_event_extra.py
[2025-04-08T01:30:48.053+0000] {processor.py:925} INFO - DAG(s) 'read_dataset_event', 'read_dataset_event_from_classic' retrieved from /home/airflow/.local/lib/python3.12/site-packages/airflow/example_dags/example_inlet_event_extra.py
[2025-04-08T01:30:48.078+0000] {logging_mixin.py:190} INFO - [2025-04-08T01:30:48.078+0000] {dag.py:3239} INFO - Sync 2 DAGs
[2025-04-08T01:30:48.102+0000] {logging_mixin.py:190} INFO - [2025-04-08T01:30:48.101+0000] {dag.py:4180} INFO - Setting next_dagrun for read_dataset_event to 2025-04-07 00:00:00+00:00, run_after=2025-04-08 00:00:00+00:00
[2025-04-08T01:30:48.109+0000] {logging_mixin.py:190} INFO - [2025-04-08T01:30:48.108+0000] {dag.py:4180} INFO - Setting next_dagrun for read_dataset_event_from_classic to 2025-04-07 00:00:00+00:00, run_after=2025-04-08 00:00:00+00:00
[2025-04-08T01:30:48.130+0000] {processor.py:208} INFO - Processing /home/airflow/.local/lib/python3.12/site-packages/airflow/example_dags/example_inlet_event_extra.py took 0.725 seconds
[2025-04-08T01:31:19.079+0000] {processor.py:186} INFO - Started process (PID=8604) to work on /home/airflow/.local/lib/python3.12/site-packages/airflow/example_dags/example_inlet_event_extra.py
[2025-04-08T01:31:19.080+0000] {processor.py:914} INFO - Processing file /home/airflow/.local/lib/python3.12/site-packages/airflow/example_dags/example_inlet_event_extra.py for tasks to queue
[2025-04-08T01:31:19.083+0000] {logging_mixin.py:190} INFO - [2025-04-08T01:31:19.082+0000] {dagbag.py:588} INFO - Filling up the DagBag from /home/airflow/.local/lib/python3.12/site-packages/airflow/example_dags/example_inlet_event_extra.py
[2025-04-08T01:31:19.617+0000] {processor.py:925} INFO - DAG(s) 'read_dataset_event_from_classic', 'read_dataset_event' retrieved from /home/airflow/.local/lib/python3.12/site-packages/airflow/example_dags/example_inlet_event_extra.py
[2025-04-08T01:31:19.639+0000] {logging_mixin.py:190} INFO - [2025-04-08T01:31:19.638+0000] {dag.py:3239} INFO - Sync 2 DAGs
[2025-04-08T01:31:19.662+0000] {logging_mixin.py:190} INFO - [2025-04-08T01:31:19.662+0000] {dag.py:4180} INFO - Setting next_dagrun for read_dataset_event to 2025-04-07 00:00:00+00:00, run_after=2025-04-08 00:00:00+00:00
[2025-04-08T01:31:19.668+0000] {logging_mixin.py:190} INFO - [2025-04-08T01:31:19.668+0000] {dag.py:4180} INFO - Setting next_dagrun for read_dataset_event_from_classic to 2025-04-07 00:00:00+00:00, run_after=2025-04-08 00:00:00+00:00
[2025-04-08T01:31:19.689+0000] {processor.py:208} INFO - Processing /home/airflow/.local/lib/python3.12/site-packages/airflow/example_dags/example_inlet_event_extra.py took 0.617 seconds
[2025-04-08T01:31:50.298+0000] {processor.py:186} INFO - Started process (PID=8668) to work on /home/airflow/.local/lib/python3.12/site-packages/airflow/example_dags/example_inlet_event_extra.py
[2025-04-08T01:31:50.299+0000] {processor.py:914} INFO - Processing file /home/airflow/.local/lib/python3.12/site-packages/airflow/example_dags/example_inlet_event_extra.py for tasks to queue
[2025-04-08T01:31:50.301+0000] {logging_mixin.py:190} INFO - [2025-04-08T01:31:50.301+0000] {dagbag.py:588} INFO - Filling up the DagBag from /home/airflow/.local/lib/python3.12/site-packages/airflow/example_dags/example_inlet_event_extra.py
[2025-04-08T01:31:50.909+0000] {processor.py:925} INFO - DAG(s) 'read_dataset_event_from_classic', 'read_dataset_event' retrieved from /home/airflow/.local/lib/python3.12/site-packages/airflow/example_dags/example_inlet_event_extra.py
[2025-04-08T01:31:50.948+0000] {logging_mixin.py:190} INFO - [2025-04-08T01:31:50.948+0000] {dag.py:3239} INFO - Sync 2 DAGs
[2025-04-08T01:31:50.989+0000] {logging_mixin.py:190} INFO - [2025-04-08T01:31:50.989+0000] {dag.py:4180} INFO - Setting next_dagrun for read_dataset_event to 2025-04-07 00:00:00+00:00, run_after=2025-04-08 00:00:00+00:00
[2025-04-08T01:31:50.998+0000] {logging_mixin.py:190} INFO - [2025-04-08T01:31:50.998+0000] {dag.py:4180} INFO - Setting next_dagrun for read_dataset_event_from_classic to 2025-04-07 00:00:00+00:00, run_after=2025-04-08 00:00:00+00:00
[2025-04-08T01:31:51.054+0000] {processor.py:208} INFO - Processing /home/airflow/.local/lib/python3.12/site-packages/airflow/example_dags/example_inlet_event_extra.py took 0.761 seconds
[2025-04-08T01:32:21.785+0000] {processor.py:186} INFO - Started process (PID=8731) to work on /home/airflow/.local/lib/python3.12/site-packages/airflow/example_dags/example_inlet_event_extra.py
[2025-04-08T01:32:21.788+0000] {processor.py:914} INFO - Processing file /home/airflow/.local/lib/python3.12/site-packages/airflow/example_dags/example_inlet_event_extra.py for tasks to queue
[2025-04-08T01:32:21.792+0000] {logging_mixin.py:190} INFO - [2025-04-08T01:32:21.791+0000] {dagbag.py:588} INFO - Filling up the DagBag from /home/airflow/.local/lib/python3.12/site-packages/airflow/example_dags/example_inlet_event_extra.py
[2025-04-08T01:32:22.437+0000] {processor.py:925} INFO - DAG(s) 'read_dataset_event', 'read_dataset_event_from_classic' retrieved from /home/airflow/.local/lib/python3.12/site-packages/airflow/example_dags/example_inlet_event_extra.py
[2025-04-08T01:32:22.463+0000] {logging_mixin.py:190} INFO - [2025-04-08T01:32:22.463+0000] {dag.py:3239} INFO - Sync 2 DAGs
[2025-04-08T01:32:22.491+0000] {logging_mixin.py:190} INFO - [2025-04-08T01:32:22.491+0000] {dag.py:4180} INFO - Setting next_dagrun for read_dataset_event to 2025-04-07 00:00:00+00:00, run_after=2025-04-08 00:00:00+00:00
[2025-04-08T01:32:22.497+0000] {logging_mixin.py:190} INFO - [2025-04-08T01:32:22.497+0000] {dag.py:4180} INFO - Setting next_dagrun for read_dataset_event_from_classic to 2025-04-07 00:00:00+00:00, run_after=2025-04-08 00:00:00+00:00
[2025-04-08T01:32:22.524+0000] {processor.py:208} INFO - Processing /home/airflow/.local/lib/python3.12/site-packages/airflow/example_dags/example_inlet_event_extra.py took 0.757 seconds
[2025-04-08T01:32:52.865+0000] {processor.py:186} INFO - Started process (PID=8795) to work on /home/airflow/.local/lib/python3.12/site-packages/airflow/example_dags/example_inlet_event_extra.py
[2025-04-08T01:32:52.867+0000] {processor.py:914} INFO - Processing file /home/airflow/.local/lib/python3.12/site-packages/airflow/example_dags/example_inlet_event_extra.py for tasks to queue
[2025-04-08T01:32:52.870+0000] {logging_mixin.py:190} INFO - [2025-04-08T01:32:52.869+0000] {dagbag.py:588} INFO - Filling up the DagBag from /home/airflow/.local/lib/python3.12/site-packages/airflow/example_dags/example_inlet_event_extra.py
[2025-04-08T01:32:53.704+0000] {processor.py:925} INFO - DAG(s) 'read_dataset_event_from_classic', 'read_dataset_event' retrieved from /home/airflow/.local/lib/python3.12/site-packages/airflow/example_dags/example_inlet_event_extra.py
[2025-04-08T01:32:53.773+0000] {logging_mixin.py:190} INFO - [2025-04-08T01:32:53.772+0000] {dag.py:3239} INFO - Sync 2 DAGs
[2025-04-08T01:32:53.820+0000] {logging_mixin.py:190} INFO - [2025-04-08T01:32:53.819+0000] {dag.py:4180} INFO - Setting next_dagrun for read_dataset_event to 2025-04-07 00:00:00+00:00, run_after=2025-04-08 00:00:00+00:00
[2025-04-08T01:32:53.833+0000] {logging_mixin.py:190} INFO - [2025-04-08T01:32:53.833+0000] {dag.py:4180} INFO - Setting next_dagrun for read_dataset_event_from_classic to 2025-04-07 00:00:00+00:00, run_after=2025-04-08 00:00:00+00:00
[2025-04-08T01:32:53.872+0000] {processor.py:208} INFO - Processing /home/airflow/.local/lib/python3.12/site-packages/airflow/example_dags/example_inlet_event_extra.py took 1.016 seconds
[2025-04-08T01:33:24.664+0000] {processor.py:186} INFO - Started process (PID=8858) to work on /home/airflow/.local/lib/python3.12/site-packages/airflow/example_dags/example_inlet_event_extra.py
[2025-04-08T01:33:24.668+0000] {processor.py:914} INFO - Processing file /home/airflow/.local/lib/python3.12/site-packages/airflow/example_dags/example_inlet_event_extra.py for tasks to queue
[2025-04-08T01:33:24.673+0000] {logging_mixin.py:190} INFO - [2025-04-08T01:33:24.672+0000] {dagbag.py:588} INFO - Filling up the DagBag from /home/airflow/.local/lib/python3.12/site-packages/airflow/example_dags/example_inlet_event_extra.py
[2025-04-08T01:33:25.372+0000] {processor.py:925} INFO - DAG(s) 'read_dataset_event', 'read_dataset_event_from_classic' retrieved from /home/airflow/.local/lib/python3.12/site-packages/airflow/example_dags/example_inlet_event_extra.py
[2025-04-08T01:33:25.402+0000] {logging_mixin.py:190} INFO - [2025-04-08T01:33:25.402+0000] {dag.py:3239} INFO - Sync 2 DAGs
[2025-04-08T01:33:25.428+0000] {logging_mixin.py:190} INFO - [2025-04-08T01:33:25.428+0000] {dag.py:4180} INFO - Setting next_dagrun for read_dataset_event to 2025-04-07 00:00:00+00:00, run_after=2025-04-08 00:00:00+00:00
[2025-04-08T01:33:25.433+0000] {logging_mixin.py:190} INFO - [2025-04-08T01:33:25.433+0000] {dag.py:4180} INFO - Setting next_dagrun for read_dataset_event_from_classic to 2025-04-07 00:00:00+00:00, run_after=2025-04-08 00:00:00+00:00
[2025-04-08T01:33:25.456+0000] {processor.py:208} INFO - Processing /home/airflow/.local/lib/python3.12/site-packages/airflow/example_dags/example_inlet_event_extra.py took 0.814 seconds
[2025-04-08T01:33:55.812+0000] {processor.py:186} INFO - Started process (PID=8924) to work on /home/airflow/.local/lib/python3.12/site-packages/airflow/example_dags/example_inlet_event_extra.py
[2025-04-08T01:33:55.814+0000] {processor.py:914} INFO - Processing file /home/airflow/.local/lib/python3.12/site-packages/airflow/example_dags/example_inlet_event_extra.py for tasks to queue
[2025-04-08T01:33:55.817+0000] {logging_mixin.py:190} INFO - [2025-04-08T01:33:55.816+0000] {dagbag.py:588} INFO - Filling up the DagBag from /home/airflow/.local/lib/python3.12/site-packages/airflow/example_dags/example_inlet_event_extra.py
[2025-04-08T01:33:56.516+0000] {processor.py:925} INFO - DAG(s) 'read_dataset_event_from_classic', 'read_dataset_event' retrieved from /home/airflow/.local/lib/python3.12/site-packages/airflow/example_dags/example_inlet_event_extra.py
[2025-04-08T01:33:56.564+0000] {logging_mixin.py:190} INFO - [2025-04-08T01:33:56.563+0000] {dag.py:3239} INFO - Sync 2 DAGs
[2025-04-08T01:33:56.607+0000] {logging_mixin.py:190} INFO - [2025-04-08T01:33:56.606+0000] {dag.py:4180} INFO - Setting next_dagrun for read_dataset_event to 2025-04-07 00:00:00+00:00, run_after=2025-04-08 00:00:00+00:00
[2025-04-08T01:33:56.614+0000] {logging_mixin.py:190} INFO - [2025-04-08T01:33:56.614+0000] {dag.py:4180} INFO - Setting next_dagrun for read_dataset_event_from_classic to 2025-04-07 00:00:00+00:00, run_after=2025-04-08 00:00:00+00:00
[2025-04-08T01:33:56.638+0000] {processor.py:208} INFO - Processing /home/airflow/.local/lib/python3.12/site-packages/airflow/example_dags/example_inlet_event_extra.py took 0.840 seconds
[2025-04-08T01:34:26.835+0000] {processor.py:186} INFO - Started process (PID=8988) to work on /home/airflow/.local/lib/python3.12/site-packages/airflow/example_dags/example_inlet_event_extra.py
[2025-04-08T01:34:26.837+0000] {processor.py:914} INFO - Processing file /home/airflow/.local/lib/python3.12/site-packages/airflow/example_dags/example_inlet_event_extra.py for tasks to queue
[2025-04-08T01:34:26.839+0000] {logging_mixin.py:190} INFO - [2025-04-08T01:34:26.839+0000] {dagbag.py:588} INFO - Filling up the DagBag from /home/airflow/.local/lib/python3.12/site-packages/airflow/example_dags/example_inlet_event_extra.py
[2025-04-08T01:34:28.258+0000] {processor.py:925} INFO - DAG(s) 'read_dataset_event', 'read_dataset_event_from_classic' retrieved from /home/airflow/.local/lib/python3.12/site-packages/airflow/example_dags/example_inlet_event_extra.py
[2025-04-08T01:34:28.350+0000] {logging_mixin.py:190} INFO - [2025-04-08T01:34:28.350+0000] {dag.py:3239} INFO - Sync 2 DAGs
[2025-04-08T01:34:28.450+0000] {logging_mixin.py:190} INFO - [2025-04-08T01:34:28.448+0000] {dag.py:4180} INFO - Setting next_dagrun for read_dataset_event to 2025-04-07 00:00:00+00:00, run_after=2025-04-08 00:00:00+00:00
[2025-04-08T01:34:28.474+0000] {logging_mixin.py:190} INFO - [2025-04-08T01:34:28.473+0000] {dag.py:4180} INFO - Setting next_dagrun for read_dataset_event_from_classic to 2025-04-07 00:00:00+00:00, run_after=2025-04-08 00:00:00+00:00
[2025-04-08T01:34:28.537+0000] {processor.py:208} INFO - Processing /home/airflow/.local/lib/python3.12/site-packages/airflow/example_dags/example_inlet_event_extra.py took 1.711 seconds
[2025-04-08T01:35:05.512+0000] {processor.py:186} INFO - Started process (PID=9050) to work on /home/airflow/.local/lib/python3.12/site-packages/airflow/example_dags/example_inlet_event_extra.py
[2025-04-08T01:35:05.517+0000] {processor.py:914} INFO - Processing file /home/airflow/.local/lib/python3.12/site-packages/airflow/example_dags/example_inlet_event_extra.py for tasks to queue
[2025-04-08T01:35:05.525+0000] {logging_mixin.py:190} INFO - [2025-04-08T01:35:05.524+0000] {dagbag.py:588} INFO - Filling up the DagBag from /home/airflow/.local/lib/python3.12/site-packages/airflow/example_dags/example_inlet_event_extra.py
[2025-04-08T01:35:08.475+0000] {processor.py:925} INFO - DAG(s) 'read_dataset_event_from_classic', 'read_dataset_event' retrieved from /home/airflow/.local/lib/python3.12/site-packages/airflow/example_dags/example_inlet_event_extra.py
[2025-04-08T01:35:08.562+0000] {logging_mixin.py:190} INFO - [2025-04-08T01:35:08.561+0000] {dag.py:3239} INFO - Sync 2 DAGs
[2025-04-08T01:35:08.670+0000] {logging_mixin.py:190} INFO - [2025-04-08T01:35:08.669+0000] {dag.py:4180} INFO - Setting next_dagrun for read_dataset_event to 2025-04-07 00:00:00+00:00, run_after=2025-04-08 00:00:00+00:00
[2025-04-08T01:35:08.687+0000] {logging_mixin.py:190} INFO - [2025-04-08T01:35:08.686+0000] {dag.py:4180} INFO - Setting next_dagrun for read_dataset_event_from_classic to 2025-04-07 00:00:00+00:00, run_after=2025-04-08 00:00:00+00:00
[2025-04-08T01:35:08.763+0000] {processor.py:208} INFO - Processing /home/airflow/.local/lib/python3.12/site-packages/airflow/example_dags/example_inlet_event_extra.py took 3.277 seconds
[2025-04-08T01:35:40.503+0000] {processor.py:186} INFO - Started process (PID=9125) to work on /home/airflow/.local/lib/python3.12/site-packages/airflow/example_dags/example_inlet_event_extra.py
[2025-04-08T01:35:40.541+0000] {processor.py:914} INFO - Processing file /home/airflow/.local/lib/python3.12/site-packages/airflow/example_dags/example_inlet_event_extra.py for tasks to queue
[2025-04-08T01:35:40.594+0000] {logging_mixin.py:190} INFO - [2025-04-08T01:35:40.592+0000] {dagbag.py:588} INFO - Filling up the DagBag from /home/airflow/.local/lib/python3.12/site-packages/airflow/example_dags/example_inlet_event_extra.py
[2025-04-08T01:35:42.797+0000] {processor.py:925} INFO - DAG(s) 'read_dataset_event_from_classic', 'read_dataset_event' retrieved from /home/airflow/.local/lib/python3.12/site-packages/airflow/example_dags/example_inlet_event_extra.py
[2025-04-08T01:35:42.932+0000] {logging_mixin.py:190} INFO - [2025-04-08T01:35:42.931+0000] {dag.py:3239} INFO - Sync 2 DAGs
[2025-04-08T01:35:43.103+0000] {logging_mixin.py:190} INFO - [2025-04-08T01:35:43.101+0000] {dag.py:4180} INFO - Setting next_dagrun for read_dataset_event to 2025-04-07 00:00:00+00:00, run_after=2025-04-08 00:00:00+00:00
[2025-04-08T01:35:43.138+0000] {logging_mixin.py:190} INFO - [2025-04-08T01:35:43.137+0000] {dag.py:4180} INFO - Setting next_dagrun for read_dataset_event_from_classic to 2025-04-07 00:00:00+00:00, run_after=2025-04-08 00:00:00+00:00
[2025-04-08T01:35:43.235+0000] {processor.py:208} INFO - Processing /home/airflow/.local/lib/python3.12/site-packages/airflow/example_dags/example_inlet_event_extra.py took 2.808 seconds
[2025-04-08T01:36:14.229+0000] {processor.py:186} INFO - Started process (PID=9193) to work on /home/airflow/.local/lib/python3.12/site-packages/airflow/example_dags/example_inlet_event_extra.py
[2025-04-08T01:36:14.231+0000] {processor.py:914} INFO - Processing file /home/airflow/.local/lib/python3.12/site-packages/airflow/example_dags/example_inlet_event_extra.py for tasks to queue
[2025-04-08T01:36:14.235+0000] {logging_mixin.py:190} INFO - [2025-04-08T01:36:14.235+0000] {dagbag.py:588} INFO - Filling up the DagBag from /home/airflow/.local/lib/python3.12/site-packages/airflow/example_dags/example_inlet_event_extra.py
[2025-04-08T01:36:15.429+0000] {processor.py:925} INFO - DAG(s) 'read_dataset_event', 'read_dataset_event_from_classic' retrieved from /home/airflow/.local/lib/python3.12/site-packages/airflow/example_dags/example_inlet_event_extra.py
[2025-04-08T01:36:15.530+0000] {logging_mixin.py:190} INFO - [2025-04-08T01:36:15.529+0000] {dag.py:3239} INFO - Sync 2 DAGs
[2025-04-08T01:36:15.626+0000] {logging_mixin.py:190} INFO - [2025-04-08T01:36:15.625+0000] {dag.py:4180} INFO - Setting next_dagrun for read_dataset_event to 2025-04-07 00:00:00+00:00, run_after=2025-04-08 00:00:00+00:00
[2025-04-08T01:36:15.646+0000] {logging_mixin.py:190} INFO - [2025-04-08T01:36:15.645+0000] {dag.py:4180} INFO - Setting next_dagrun for read_dataset_event_from_classic to 2025-04-07 00:00:00+00:00, run_after=2025-04-08 00:00:00+00:00
[2025-04-08T01:36:15.729+0000] {processor.py:208} INFO - Processing /home/airflow/.local/lib/python3.12/site-packages/airflow/example_dags/example_inlet_event_extra.py took 1.517 seconds
[2025-04-08T01:36:57.512+0000] {processor.py:186} INFO - Started process (PID=9258) to work on /home/airflow/.local/lib/python3.12/site-packages/airflow/example_dags/example_inlet_event_extra.py
[2025-04-08T01:36:57.530+0000] {processor.py:914} INFO - Processing file /home/airflow/.local/lib/python3.12/site-packages/airflow/example_dags/example_inlet_event_extra.py for tasks to queue
[2025-04-08T01:36:57.552+0000] {logging_mixin.py:190} INFO - [2025-04-08T01:36:57.549+0000] {dagbag.py:588} INFO - Filling up the DagBag from /home/airflow/.local/lib/python3.12/site-packages/airflow/example_dags/example_inlet_event_extra.py
[2025-04-08T01:37:02.386+0000] {processor.py:925} INFO - DAG(s) 'read_dataset_event', 'read_dataset_event_from_classic' retrieved from /home/airflow/.local/lib/python3.12/site-packages/airflow/example_dags/example_inlet_event_extra.py
[2025-04-08T01:37:02.593+0000] {logging_mixin.py:190} INFO - [2025-04-08T01:37:02.592+0000] {dag.py:3239} INFO - Sync 2 DAGs
[2025-04-08T01:37:02.871+0000] {logging_mixin.py:190} INFO - [2025-04-08T01:37:02.869+0000] {dag.py:4180} INFO - Setting next_dagrun for read_dataset_event to 2025-04-07 00:00:00+00:00, run_after=2025-04-08 00:00:00+00:00
[2025-04-08T01:37:02.908+0000] {logging_mixin.py:190} INFO - [2025-04-08T01:37:02.907+0000] {dag.py:4180} INFO - Setting next_dagrun for read_dataset_event_from_classic to 2025-04-07 00:00:00+00:00, run_after=2025-04-08 00:00:00+00:00
[2025-04-08T01:37:03.062+0000] {processor.py:208} INFO - Processing /home/airflow/.local/lib/python3.12/site-packages/airflow/example_dags/example_inlet_event_extra.py took 5.643 seconds
[2025-04-08T01:37:53.427+0000] {processor.py:186} INFO - Started process (PID=9327) to work on /home/airflow/.local/lib/python3.12/site-packages/airflow/example_dags/example_inlet_event_extra.py
[2025-04-08T01:37:53.432+0000] {processor.py:914} INFO - Processing file /home/airflow/.local/lib/python3.12/site-packages/airflow/example_dags/example_inlet_event_extra.py for tasks to queue
[2025-04-08T01:37:53.451+0000] {logging_mixin.py:190} INFO - [2025-04-08T01:37:53.448+0000] {dagbag.py:588} INFO - Filling up the DagBag from /home/airflow/.local/lib/python3.12/site-packages/airflow/example_dags/example_inlet_event_extra.py
[2025-04-08T01:37:57.245+0000] {processor.py:925} INFO - DAG(s) 'read_dataset_event', 'read_dataset_event_from_classic' retrieved from /home/airflow/.local/lib/python3.12/site-packages/airflow/example_dags/example_inlet_event_extra.py
[2025-04-08T01:37:57.520+0000] {logging_mixin.py:190} INFO - [2025-04-08T01:37:57.519+0000] {dag.py:3239} INFO - Sync 2 DAGs
[2025-04-08T01:37:57.666+0000] {logging_mixin.py:190} INFO - [2025-04-08T01:37:57.665+0000] {dag.py:4180} INFO - Setting next_dagrun for read_dataset_event to 2025-04-07 00:00:00+00:00, run_after=2025-04-08 00:00:00+00:00
[2025-04-08T01:37:57.705+0000] {logging_mixin.py:190} INFO - [2025-04-08T01:37:57.704+0000] {dag.py:4180} INFO - Setting next_dagrun for read_dataset_event_from_classic to 2025-04-07 00:00:00+00:00, run_after=2025-04-08 00:00:00+00:00
[2025-04-08T01:37:57.836+0000] {processor.py:208} INFO - Processing /home/airflow/.local/lib/python3.12/site-packages/airflow/example_dags/example_inlet_event_extra.py took 4.444 seconds
[2025-04-08T01:38:28.207+0000] {processor.py:186} INFO - Started process (PID=9393) to work on /home/airflow/.local/lib/python3.12/site-packages/airflow/example_dags/example_inlet_event_extra.py
[2025-04-08T01:38:28.213+0000] {processor.py:914} INFO - Processing file /home/airflow/.local/lib/python3.12/site-packages/airflow/example_dags/example_inlet_event_extra.py for tasks to queue
[2025-04-08T01:38:28.260+0000] {logging_mixin.py:190} INFO - [2025-04-08T01:38:28.257+0000] {dagbag.py:588} INFO - Filling up the DagBag from /home/airflow/.local/lib/python3.12/site-packages/airflow/example_dags/example_inlet_event_extra.py
[2025-04-08T01:38:31.388+0000] {processor.py:925} INFO - DAG(s) 'read_dataset_event', 'read_dataset_event_from_classic' retrieved from /home/airflow/.local/lib/python3.12/site-packages/airflow/example_dags/example_inlet_event_extra.py
[2025-04-08T01:38:31.508+0000] {logging_mixin.py:190} INFO - [2025-04-08T01:38:31.506+0000] {dag.py:3239} INFO - Sync 2 DAGs
[2025-04-08T01:38:31.645+0000] {logging_mixin.py:190} INFO - [2025-04-08T01:38:31.644+0000] {dag.py:4180} INFO - Setting next_dagrun for read_dataset_event to 2025-04-07 00:00:00+00:00, run_after=2025-04-08 00:00:00+00:00
[2025-04-08T01:38:31.687+0000] {logging_mixin.py:190} INFO - [2025-04-08T01:38:31.685+0000] {dag.py:4180} INFO - Setting next_dagrun for read_dataset_event_from_classic to 2025-04-07 00:00:00+00:00, run_after=2025-04-08 00:00:00+00:00
[2025-04-08T01:38:31.796+0000] {processor.py:208} INFO - Processing /home/airflow/.local/lib/python3.12/site-packages/airflow/example_dags/example_inlet_event_extra.py took 3.672 seconds
[2025-04-08T01:39:02.248+0000] {processor.py:186} INFO - Started process (PID=9459) to work on /home/airflow/.local/lib/python3.12/site-packages/airflow/example_dags/example_inlet_event_extra.py
[2025-04-08T01:39:02.251+0000] {processor.py:914} INFO - Processing file /home/airflow/.local/lib/python3.12/site-packages/airflow/example_dags/example_inlet_event_extra.py for tasks to queue
[2025-04-08T01:39:02.261+0000] {logging_mixin.py:190} INFO - [2025-04-08T01:39:02.257+0000] {dagbag.py:588} INFO - Filling up the DagBag from /home/airflow/.local/lib/python3.12/site-packages/airflow/example_dags/example_inlet_event_extra.py
[2025-04-08T01:39:04.292+0000] {processor.py:925} INFO - DAG(s) 'read_dataset_event', 'read_dataset_event_from_classic' retrieved from /home/airflow/.local/lib/python3.12/site-packages/airflow/example_dags/example_inlet_event_extra.py
[2025-04-08T01:39:04.361+0000] {logging_mixin.py:190} INFO - [2025-04-08T01:39:04.361+0000] {dag.py:3239} INFO - Sync 2 DAGs
[2025-04-08T01:39:04.428+0000] {logging_mixin.py:190} INFO - [2025-04-08T01:39:04.427+0000] {dag.py:4180} INFO - Setting next_dagrun for read_dataset_event to 2025-04-07 00:00:00+00:00, run_after=2025-04-08 00:00:00+00:00
[2025-04-08T01:39:04.442+0000] {logging_mixin.py:190} INFO - [2025-04-08T01:39:04.441+0000] {dag.py:4180} INFO - Setting next_dagrun for read_dataset_event_from_classic to 2025-04-07 00:00:00+00:00, run_after=2025-04-08 00:00:00+00:00
[2025-04-08T01:39:04.499+0000] {processor.py:208} INFO - Processing /home/airflow/.local/lib/python3.12/site-packages/airflow/example_dags/example_inlet_event_extra.py took 2.267 seconds
