[2025-04-08T00:26:23.181+0000] {processor.py:186} INFO - Started process (PID=5793) to work on /home/airflow/.local/lib/python3.12/site-packages/airflow/example_dags/example_python_decorator.py
[2025-04-08T00:26:23.183+0000] {processor.py:914} INFO - Processing file /home/airflow/.local/lib/python3.12/site-packages/airflow/example_dags/example_python_decorator.py for tasks to queue
[2025-04-08T00:26:23.189+0000] {logging_mixin.py:190} INFO - [2025-04-08T00:26:23.188+0000] {dagbag.py:588} INFO - Filling up the DagBag from /home/airflow/.local/lib/python3.12/site-packages/airflow/example_dags/example_python_decorator.py
[2025-04-08T00:26:23.226+0000] {processor.py:925} INFO - DAG(s) 'example_python_decorator' retrieved from /home/airflow/.local/lib/python3.12/site-packages/airflow/example_dags/example_python_decorator.py
[2025-04-08T00:26:23.288+0000] {logging_mixin.py:190} INFO - [2025-04-08T00:26:23.287+0000] {dag.py:3239} INFO - Sync 1 DAGs
[2025-04-08T00:26:23.329+0000] {logging_mixin.py:190} INFO - [2025-04-08T00:26:23.328+0000] {dag.py:4180} INFO - Setting next_dagrun for example_python_decorator to None, run_after=None
[2025-04-08T00:26:23.390+0000] {processor.py:208} INFO - Processing /home/airflow/.local/lib/python3.12/site-packages/airflow/example_dags/example_python_decorator.py took 0.225 seconds
[2025-04-08T00:43:46.848+0000] {processor.py:186} INFO - Started process (PID=5871) to work on /home/airflow/.local/lib/python3.12/site-packages/airflow/example_dags/example_python_decorator.py
[2025-04-08T00:43:46.862+0000] {processor.py:914} INFO - Processing file /home/airflow/.local/lib/python3.12/site-packages/airflow/example_dags/example_python_decorator.py for tasks to queue
[2025-04-08T00:43:46.866+0000] {logging_mixin.py:190} INFO - [2025-04-08T00:43:46.865+0000] {dagbag.py:588} INFO - Filling up the DagBag from /home/airflow/.local/lib/python3.12/site-packages/airflow/example_dags/example_python_decorator.py
[2025-04-08T00:43:46.908+0000] {processor.py:925} INFO - DAG(s) 'example_python_decorator' retrieved from /home/airflow/.local/lib/python3.12/site-packages/airflow/example_dags/example_python_decorator.py
[2025-04-08T00:43:46.952+0000] {logging_mixin.py:190} INFO - [2025-04-08T00:43:46.952+0000] {dag.py:3239} INFO - Sync 1 DAGs
[2025-04-08T00:43:46.984+0000] {logging_mixin.py:190} INFO - [2025-04-08T00:43:46.984+0000] {dag.py:4180} INFO - Setting next_dagrun for example_python_decorator to None, run_after=None
[2025-04-08T00:43:47.439+0000] {processor.py:208} INFO - Processing /home/airflow/.local/lib/python3.12/site-packages/airflow/example_dags/example_python_decorator.py took 0.606 seconds
[2025-04-08T00:44:18.303+0000] {processor.py:186} INFO - Started process (PID=5934) to work on /home/airflow/.local/lib/python3.12/site-packages/airflow/example_dags/example_python_decorator.py
[2025-04-08T00:44:18.306+0000] {processor.py:914} INFO - Processing file /home/airflow/.local/lib/python3.12/site-packages/airflow/example_dags/example_python_decorator.py for tasks to queue
[2025-04-08T00:44:18.308+0000] {logging_mixin.py:190} INFO - [2025-04-08T00:44:18.307+0000] {dagbag.py:588} INFO - Filling up the DagBag from /home/airflow/.local/lib/python3.12/site-packages/airflow/example_dags/example_python_decorator.py
[2025-04-08T00:44:18.337+0000] {processor.py:925} INFO - DAG(s) 'example_python_decorator' retrieved from /home/airflow/.local/lib/python3.12/site-packages/airflow/example_dags/example_python_decorator.py
[2025-04-08T00:44:18.383+0000] {logging_mixin.py:190} INFO - [2025-04-08T00:44:18.382+0000] {dag.py:3239} INFO - Sync 1 DAGs
[2025-04-08T00:44:18.410+0000] {logging_mixin.py:190} INFO - [2025-04-08T00:44:18.410+0000] {dag.py:4180} INFO - Setting next_dagrun for example_python_decorator to None, run_after=None
[2025-04-08T00:44:18.454+0000] {processor.py:208} INFO - Processing /home/airflow/.local/lib/python3.12/site-packages/airflow/example_dags/example_python_decorator.py took 0.161 seconds
[2025-04-08T00:44:49.396+0000] {processor.py:186} INFO - Started process (PID=5997) to work on /home/airflow/.local/lib/python3.12/site-packages/airflow/example_dags/example_python_decorator.py
[2025-04-08T00:44:49.397+0000] {processor.py:914} INFO - Processing file /home/airflow/.local/lib/python3.12/site-packages/airflow/example_dags/example_python_decorator.py for tasks to queue
[2025-04-08T00:44:49.399+0000] {logging_mixin.py:190} INFO - [2025-04-08T00:44:49.399+0000] {dagbag.py:588} INFO - Filling up the DagBag from /home/airflow/.local/lib/python3.12/site-packages/airflow/example_dags/example_python_decorator.py
[2025-04-08T00:44:49.419+0000] {processor.py:925} INFO - DAG(s) 'example_python_decorator' retrieved from /home/airflow/.local/lib/python3.12/site-packages/airflow/example_dags/example_python_decorator.py
[2025-04-08T00:44:49.461+0000] {logging_mixin.py:190} INFO - [2025-04-08T00:44:49.461+0000] {dag.py:3239} INFO - Sync 1 DAGs
[2025-04-08T00:44:49.483+0000] {logging_mixin.py:190} INFO - [2025-04-08T00:44:49.483+0000] {dag.py:4180} INFO - Setting next_dagrun for example_python_decorator to None, run_after=None
[2025-04-08T00:44:50.010+0000] {processor.py:208} INFO - Processing /home/airflow/.local/lib/python3.12/site-packages/airflow/example_dags/example_python_decorator.py took 0.621 seconds
[2025-04-08T00:45:20.715+0000] {processor.py:186} INFO - Started process (PID=6060) to work on /home/airflow/.local/lib/python3.12/site-packages/airflow/example_dags/example_python_decorator.py
[2025-04-08T00:45:20.716+0000] {processor.py:914} INFO - Processing file /home/airflow/.local/lib/python3.12/site-packages/airflow/example_dags/example_python_decorator.py for tasks to queue
[2025-04-08T00:45:20.718+0000] {logging_mixin.py:190} INFO - [2025-04-08T00:45:20.718+0000] {dagbag.py:588} INFO - Filling up the DagBag from /home/airflow/.local/lib/python3.12/site-packages/airflow/example_dags/example_python_decorator.py
[2025-04-08T00:45:20.735+0000] {processor.py:925} INFO - DAG(s) 'example_python_decorator' retrieved from /home/airflow/.local/lib/python3.12/site-packages/airflow/example_dags/example_python_decorator.py
[2025-04-08T00:45:20.763+0000] {logging_mixin.py:190} INFO - [2025-04-08T00:45:20.763+0000] {dag.py:3239} INFO - Sync 1 DAGs
[2025-04-08T00:45:20.782+0000] {logging_mixin.py:190} INFO - [2025-04-08T00:45:20.782+0000] {dag.py:4180} INFO - Setting next_dagrun for example_python_decorator to None, run_after=None
[2025-04-08T00:45:20.812+0000] {processor.py:208} INFO - Processing /home/airflow/.local/lib/python3.12/site-packages/airflow/example_dags/example_python_decorator.py took 0.105 seconds
[2025-04-08T00:45:51.237+0000] {processor.py:186} INFO - Started process (PID=6123) to work on /home/airflow/.local/lib/python3.12/site-packages/airflow/example_dags/example_python_decorator.py
[2025-04-08T00:45:51.238+0000] {processor.py:914} INFO - Processing file /home/airflow/.local/lib/python3.12/site-packages/airflow/example_dags/example_python_decorator.py for tasks to queue
[2025-04-08T00:45:51.242+0000] {logging_mixin.py:190} INFO - [2025-04-08T00:45:51.241+0000] {dagbag.py:588} INFO - Filling up the DagBag from /home/airflow/.local/lib/python3.12/site-packages/airflow/example_dags/example_python_decorator.py
[2025-04-08T00:45:51.269+0000] {processor.py:925} INFO - DAG(s) 'example_python_decorator' retrieved from /home/airflow/.local/lib/python3.12/site-packages/airflow/example_dags/example_python_decorator.py
[2025-04-08T00:45:51.304+0000] {logging_mixin.py:190} INFO - [2025-04-08T00:45:51.303+0000] {dag.py:3239} INFO - Sync 1 DAGs
[2025-04-08T00:45:51.326+0000] {logging_mixin.py:190} INFO - [2025-04-08T00:45:51.326+0000] {dag.py:4180} INFO - Setting next_dagrun for example_python_decorator to None, run_after=None
[2025-04-08T00:45:51.367+0000] {processor.py:208} INFO - Processing /home/airflow/.local/lib/python3.12/site-packages/airflow/example_dags/example_python_decorator.py took 0.136 seconds
[2025-04-08T00:46:21.501+0000] {processor.py:186} INFO - Started process (PID=6185) to work on /home/airflow/.local/lib/python3.12/site-packages/airflow/example_dags/example_python_decorator.py
[2025-04-08T00:46:21.503+0000] {processor.py:914} INFO - Processing file /home/airflow/.local/lib/python3.12/site-packages/airflow/example_dags/example_python_decorator.py for tasks to queue
[2025-04-08T00:46:21.506+0000] {logging_mixin.py:190} INFO - [2025-04-08T00:46:21.505+0000] {dagbag.py:588} INFO - Filling up the DagBag from /home/airflow/.local/lib/python3.12/site-packages/airflow/example_dags/example_python_decorator.py
[2025-04-08T00:46:21.545+0000] {processor.py:925} INFO - DAG(s) 'example_python_decorator' retrieved from /home/airflow/.local/lib/python3.12/site-packages/airflow/example_dags/example_python_decorator.py
[2025-04-08T00:46:21.593+0000] {logging_mixin.py:190} INFO - [2025-04-08T00:46:21.592+0000] {dag.py:3239} INFO - Sync 1 DAGs
[2025-04-08T00:46:21.625+0000] {logging_mixin.py:190} INFO - [2025-04-08T00:46:21.624+0000] {dag.py:4180} INFO - Setting next_dagrun for example_python_decorator to None, run_after=None
[2025-04-08T00:46:21.684+0000] {processor.py:208} INFO - Processing /home/airflow/.local/lib/python3.12/site-packages/airflow/example_dags/example_python_decorator.py took 0.198 seconds
[2025-04-08T00:46:51.856+0000] {processor.py:186} INFO - Started process (PID=6248) to work on /home/airflow/.local/lib/python3.12/site-packages/airflow/example_dags/example_python_decorator.py
[2025-04-08T00:46:51.858+0000] {processor.py:914} INFO - Processing file /home/airflow/.local/lib/python3.12/site-packages/airflow/example_dags/example_python_decorator.py for tasks to queue
[2025-04-08T00:46:51.860+0000] {logging_mixin.py:190} INFO - [2025-04-08T00:46:51.860+0000] {dagbag.py:588} INFO - Filling up the DagBag from /home/airflow/.local/lib/python3.12/site-packages/airflow/example_dags/example_python_decorator.py
[2025-04-08T00:46:51.872+0000] {processor.py:925} INFO - DAG(s) 'example_python_decorator' retrieved from /home/airflow/.local/lib/python3.12/site-packages/airflow/example_dags/example_python_decorator.py
[2025-04-08T00:46:51.895+0000] {logging_mixin.py:190} INFO - [2025-04-08T00:46:51.895+0000] {dag.py:3239} INFO - Sync 1 DAGs
[2025-04-08T00:46:51.907+0000] {logging_mixin.py:190} INFO - [2025-04-08T00:46:51.907+0000] {dag.py:4180} INFO - Setting next_dagrun for example_python_decorator to None, run_after=None
[2025-04-08T00:46:51.929+0000] {processor.py:208} INFO - Processing /home/airflow/.local/lib/python3.12/site-packages/airflow/example_dags/example_python_decorator.py took 0.078 seconds
[2025-04-08T00:47:22.499+0000] {processor.py:186} INFO - Started process (PID=6311) to work on /home/airflow/.local/lib/python3.12/site-packages/airflow/example_dags/example_python_decorator.py
[2025-04-08T00:47:22.500+0000] {processor.py:914} INFO - Processing file /home/airflow/.local/lib/python3.12/site-packages/airflow/example_dags/example_python_decorator.py for tasks to queue
[2025-04-08T00:47:22.502+0000] {logging_mixin.py:190} INFO - [2025-04-08T00:47:22.502+0000] {dagbag.py:588} INFO - Filling up the DagBag from /home/airflow/.local/lib/python3.12/site-packages/airflow/example_dags/example_python_decorator.py
[2025-04-08T00:47:22.517+0000] {processor.py:925} INFO - DAG(s) 'example_python_decorator' retrieved from /home/airflow/.local/lib/python3.12/site-packages/airflow/example_dags/example_python_decorator.py
[2025-04-08T00:47:22.542+0000] {logging_mixin.py:190} INFO - [2025-04-08T00:47:22.541+0000] {dag.py:3239} INFO - Sync 1 DAGs
[2025-04-08T00:47:22.557+0000] {logging_mixin.py:190} INFO - [2025-04-08T00:47:22.557+0000] {dag.py:4180} INFO - Setting next_dagrun for example_python_decorator to None, run_after=None
[2025-04-08T00:47:22.584+0000] {processor.py:208} INFO - Processing /home/airflow/.local/lib/python3.12/site-packages/airflow/example_dags/example_python_decorator.py took 0.090 seconds
[2025-04-08T00:47:52.949+0000] {processor.py:186} INFO - Started process (PID=6373) to work on /home/airflow/.local/lib/python3.12/site-packages/airflow/example_dags/example_python_decorator.py
[2025-04-08T00:47:52.950+0000] {processor.py:914} INFO - Processing file /home/airflow/.local/lib/python3.12/site-packages/airflow/example_dags/example_python_decorator.py for tasks to queue
[2025-04-08T00:47:52.953+0000] {logging_mixin.py:190} INFO - [2025-04-08T00:47:52.952+0000] {dagbag.py:588} INFO - Filling up the DagBag from /home/airflow/.local/lib/python3.12/site-packages/airflow/example_dags/example_python_decorator.py
[2025-04-08T00:47:52.966+0000] {processor.py:925} INFO - DAG(s) 'example_python_decorator' retrieved from /home/airflow/.local/lib/python3.12/site-packages/airflow/example_dags/example_python_decorator.py
[2025-04-08T00:47:52.988+0000] {logging_mixin.py:190} INFO - [2025-04-08T00:47:52.987+0000] {dag.py:3239} INFO - Sync 1 DAGs
[2025-04-08T00:47:53.002+0000] {logging_mixin.py:190} INFO - [2025-04-08T00:47:53.002+0000] {dag.py:4180} INFO - Setting next_dagrun for example_python_decorator to None, run_after=None
[2025-04-08T00:47:53.024+0000] {processor.py:208} INFO - Processing /home/airflow/.local/lib/python3.12/site-packages/airflow/example_dags/example_python_decorator.py took 0.080 seconds
[2025-04-08T00:48:23.283+0000] {processor.py:186} INFO - Started process (PID=6436) to work on /home/airflow/.local/lib/python3.12/site-packages/airflow/example_dags/example_python_decorator.py
[2025-04-08T00:48:23.284+0000] {processor.py:914} INFO - Processing file /home/airflow/.local/lib/python3.12/site-packages/airflow/example_dags/example_python_decorator.py for tasks to queue
[2025-04-08T00:48:23.286+0000] {logging_mixin.py:190} INFO - [2025-04-08T00:48:23.286+0000] {dagbag.py:588} INFO - Filling up the DagBag from /home/airflow/.local/lib/python3.12/site-packages/airflow/example_dags/example_python_decorator.py
[2025-04-08T00:48:23.299+0000] {processor.py:925} INFO - DAG(s) 'example_python_decorator' retrieved from /home/airflow/.local/lib/python3.12/site-packages/airflow/example_dags/example_python_decorator.py
[2025-04-08T00:48:23.320+0000] {logging_mixin.py:190} INFO - [2025-04-08T00:48:23.320+0000] {dag.py:3239} INFO - Sync 1 DAGs
[2025-04-08T00:48:23.333+0000] {logging_mixin.py:190} INFO - [2025-04-08T00:48:23.333+0000] {dag.py:4180} INFO - Setting next_dagrun for example_python_decorator to None, run_after=None
[2025-04-08T00:48:23.354+0000] {processor.py:208} INFO - Processing /home/airflow/.local/lib/python3.12/site-packages/airflow/example_dags/example_python_decorator.py took 0.076 seconds
[2025-04-08T00:48:54.154+0000] {processor.py:186} INFO - Started process (PID=6499) to work on /home/airflow/.local/lib/python3.12/site-packages/airflow/example_dags/example_python_decorator.py
[2025-04-08T00:48:54.156+0000] {processor.py:914} INFO - Processing file /home/airflow/.local/lib/python3.12/site-packages/airflow/example_dags/example_python_decorator.py for tasks to queue
[2025-04-08T00:48:54.160+0000] {logging_mixin.py:190} INFO - [2025-04-08T00:48:54.159+0000] {dagbag.py:588} INFO - Filling up the DagBag from /home/airflow/.local/lib/python3.12/site-packages/airflow/example_dags/example_python_decorator.py
[2025-04-08T00:48:54.228+0000] {processor.py:925} INFO - DAG(s) 'example_python_decorator' retrieved from /home/airflow/.local/lib/python3.12/site-packages/airflow/example_dags/example_python_decorator.py
[2025-04-08T00:48:54.282+0000] {logging_mixin.py:190} INFO - [2025-04-08T00:48:54.282+0000] {dag.py:3239} INFO - Sync 1 DAGs
[2025-04-08T00:48:54.307+0000] {logging_mixin.py:190} INFO - [2025-04-08T00:48:54.307+0000] {dag.py:4180} INFO - Setting next_dagrun for example_python_decorator to None, run_after=None
[2025-04-08T00:48:54.345+0000] {processor.py:208} INFO - Processing /home/airflow/.local/lib/python3.12/site-packages/airflow/example_dags/example_python_decorator.py took 0.202 seconds
[2025-04-08T00:49:24.727+0000] {processor.py:186} INFO - Started process (PID=6561) to work on /home/airflow/.local/lib/python3.12/site-packages/airflow/example_dags/example_python_decorator.py
[2025-04-08T00:49:24.738+0000] {processor.py:914} INFO - Processing file /home/airflow/.local/lib/python3.12/site-packages/airflow/example_dags/example_python_decorator.py for tasks to queue
[2025-04-08T00:49:24.742+0000] {logging_mixin.py:190} INFO - [2025-04-08T00:49:24.742+0000] {dagbag.py:588} INFO - Filling up the DagBag from /home/airflow/.local/lib/python3.12/site-packages/airflow/example_dags/example_python_decorator.py
[2025-04-08T00:49:24.762+0000] {processor.py:925} INFO - DAG(s) 'example_python_decorator' retrieved from /home/airflow/.local/lib/python3.12/site-packages/airflow/example_dags/example_python_decorator.py
[2025-04-08T00:49:24.784+0000] {logging_mixin.py:190} INFO - [2025-04-08T00:49:24.784+0000] {dag.py:3239} INFO - Sync 1 DAGs
[2025-04-08T00:49:24.800+0000] {logging_mixin.py:190} INFO - [2025-04-08T00:49:24.800+0000] {dag.py:4180} INFO - Setting next_dagrun for example_python_decorator to None, run_after=None
[2025-04-08T00:49:24.821+0000] {processor.py:208} INFO - Processing /home/airflow/.local/lib/python3.12/site-packages/airflow/example_dags/example_python_decorator.py took 0.099 seconds
[2025-04-08T00:49:55.308+0000] {processor.py:186} INFO - Started process (PID=6624) to work on /home/airflow/.local/lib/python3.12/site-packages/airflow/example_dags/example_python_decorator.py
[2025-04-08T00:49:55.310+0000] {processor.py:914} INFO - Processing file /home/airflow/.local/lib/python3.12/site-packages/airflow/example_dags/example_python_decorator.py for tasks to queue
[2025-04-08T00:49:55.311+0000] {logging_mixin.py:190} INFO - [2025-04-08T00:49:55.311+0000] {dagbag.py:588} INFO - Filling up the DagBag from /home/airflow/.local/lib/python3.12/site-packages/airflow/example_dags/example_python_decorator.py
[2025-04-08T00:49:55.327+0000] {processor.py:925} INFO - DAG(s) 'example_python_decorator' retrieved from /home/airflow/.local/lib/python3.12/site-packages/airflow/example_dags/example_python_decorator.py
[2025-04-08T00:49:55.348+0000] {logging_mixin.py:190} INFO - [2025-04-08T00:49:55.348+0000] {dag.py:3239} INFO - Sync 1 DAGs
[2025-04-08T00:49:55.363+0000] {logging_mixin.py:190} INFO - [2025-04-08T00:49:55.363+0000] {dag.py:4180} INFO - Setting next_dagrun for example_python_decorator to None, run_after=None
[2025-04-08T00:49:55.388+0000] {processor.py:208} INFO - Processing /home/airflow/.local/lib/python3.12/site-packages/airflow/example_dags/example_python_decorator.py took 0.085 seconds
[2025-04-08T00:50:26.025+0000] {processor.py:186} INFO - Started process (PID=6687) to work on /home/airflow/.local/lib/python3.12/site-packages/airflow/example_dags/example_python_decorator.py
[2025-04-08T00:50:26.027+0000] {processor.py:914} INFO - Processing file /home/airflow/.local/lib/python3.12/site-packages/airflow/example_dags/example_python_decorator.py for tasks to queue
[2025-04-08T00:50:26.030+0000] {logging_mixin.py:190} INFO - [2025-04-08T00:50:26.029+0000] {dagbag.py:588} INFO - Filling up the DagBag from /home/airflow/.local/lib/python3.12/site-packages/airflow/example_dags/example_python_decorator.py
[2025-04-08T00:50:26.045+0000] {processor.py:925} INFO - DAG(s) 'example_python_decorator' retrieved from /home/airflow/.local/lib/python3.12/site-packages/airflow/example_dags/example_python_decorator.py
[2025-04-08T00:50:26.076+0000] {logging_mixin.py:190} INFO - [2025-04-08T00:50:26.076+0000] {dag.py:3239} INFO - Sync 1 DAGs
[2025-04-08T00:50:26.095+0000] {logging_mixin.py:190} INFO - [2025-04-08T00:50:26.094+0000] {dag.py:4180} INFO - Setting next_dagrun for example_python_decorator to None, run_after=None
[2025-04-08T00:50:26.127+0000] {processor.py:208} INFO - Processing /home/airflow/.local/lib/python3.12/site-packages/airflow/example_dags/example_python_decorator.py took 0.110 seconds
[2025-04-08T00:50:57.166+0000] {processor.py:186} INFO - Started process (PID=6750) to work on /home/airflow/.local/lib/python3.12/site-packages/airflow/example_dags/example_python_decorator.py
[2025-04-08T00:50:57.167+0000] {processor.py:914} INFO - Processing file /home/airflow/.local/lib/python3.12/site-packages/airflow/example_dags/example_python_decorator.py for tasks to queue
[2025-04-08T00:50:57.170+0000] {logging_mixin.py:190} INFO - [2025-04-08T00:50:57.169+0000] {dagbag.py:588} INFO - Filling up the DagBag from /home/airflow/.local/lib/python3.12/site-packages/airflow/example_dags/example_python_decorator.py
[2025-04-08T00:50:57.197+0000] {processor.py:925} INFO - DAG(s) 'example_python_decorator' retrieved from /home/airflow/.local/lib/python3.12/site-packages/airflow/example_dags/example_python_decorator.py
[2025-04-08T00:50:57.228+0000] {logging_mixin.py:190} INFO - [2025-04-08T00:50:57.228+0000] {dag.py:3239} INFO - Sync 1 DAGs
[2025-04-08T00:50:57.251+0000] {logging_mixin.py:190} INFO - [2025-04-08T00:50:57.250+0000] {dag.py:4180} INFO - Setting next_dagrun for example_python_decorator to None, run_after=None
[2025-04-08T00:50:57.289+0000] {processor.py:208} INFO - Processing /home/airflow/.local/lib/python3.12/site-packages/airflow/example_dags/example_python_decorator.py took 0.131 seconds
[2025-04-08T00:51:27.799+0000] {processor.py:186} INFO - Started process (PID=6812) to work on /home/airflow/.local/lib/python3.12/site-packages/airflow/example_dags/example_python_decorator.py
[2025-04-08T00:51:27.801+0000] {processor.py:914} INFO - Processing file /home/airflow/.local/lib/python3.12/site-packages/airflow/example_dags/example_python_decorator.py for tasks to queue
[2025-04-08T00:51:27.804+0000] {logging_mixin.py:190} INFO - [2025-04-08T00:51:27.803+0000] {dagbag.py:588} INFO - Filling up the DagBag from /home/airflow/.local/lib/python3.12/site-packages/airflow/example_dags/example_python_decorator.py
[2025-04-08T00:51:27.819+0000] {processor.py:925} INFO - DAG(s) 'example_python_decorator' retrieved from /home/airflow/.local/lib/python3.12/site-packages/airflow/example_dags/example_python_decorator.py
[2025-04-08T00:51:27.852+0000] {logging_mixin.py:190} INFO - [2025-04-08T00:51:27.851+0000] {dag.py:3239} INFO - Sync 1 DAGs
[2025-04-08T00:51:27.872+0000] {logging_mixin.py:190} INFO - [2025-04-08T00:51:27.872+0000] {dag.py:4180} INFO - Setting next_dagrun for example_python_decorator to None, run_after=None
[2025-04-08T00:51:27.913+0000] {processor.py:208} INFO - Processing /home/airflow/.local/lib/python3.12/site-packages/airflow/example_dags/example_python_decorator.py took 0.124 seconds
[2025-04-08T00:51:58.089+0000] {processor.py:186} INFO - Started process (PID=6875) to work on /home/airflow/.local/lib/python3.12/site-packages/airflow/example_dags/example_python_decorator.py
[2025-04-08T00:51:58.090+0000] {processor.py:914} INFO - Processing file /home/airflow/.local/lib/python3.12/site-packages/airflow/example_dags/example_python_decorator.py for tasks to queue
[2025-04-08T00:51:58.091+0000] {logging_mixin.py:190} INFO - [2025-04-08T00:51:58.090+0000] {dagbag.py:588} INFO - Filling up the DagBag from /home/airflow/.local/lib/python3.12/site-packages/airflow/example_dags/example_python_decorator.py
[2025-04-08T00:51:58.103+0000] {processor.py:925} INFO - DAG(s) 'example_python_decorator' retrieved from /home/airflow/.local/lib/python3.12/site-packages/airflow/example_dags/example_python_decorator.py
[2025-04-08T00:51:58.123+0000] {logging_mixin.py:190} INFO - [2025-04-08T00:51:58.123+0000] {dag.py:3239} INFO - Sync 1 DAGs
[2025-04-08T00:51:58.137+0000] {logging_mixin.py:190} INFO - [2025-04-08T00:51:58.136+0000] {dag.py:4180} INFO - Setting next_dagrun for example_python_decorator to None, run_after=None
[2025-04-08T00:51:58.159+0000] {processor.py:208} INFO - Processing /home/airflow/.local/lib/python3.12/site-packages/airflow/example_dags/example_python_decorator.py took 0.075 seconds
[2025-04-08T00:52:28.726+0000] {processor.py:186} INFO - Started process (PID=6938) to work on /home/airflow/.local/lib/python3.12/site-packages/airflow/example_dags/example_python_decorator.py
[2025-04-08T00:52:28.728+0000] {processor.py:914} INFO - Processing file /home/airflow/.local/lib/python3.12/site-packages/airflow/example_dags/example_python_decorator.py for tasks to queue
[2025-04-08T00:52:28.731+0000] {logging_mixin.py:190} INFO - [2025-04-08T00:52:28.730+0000] {dagbag.py:588} INFO - Filling up the DagBag from /home/airflow/.local/lib/python3.12/site-packages/airflow/example_dags/example_python_decorator.py
[2025-04-08T00:52:28.751+0000] {processor.py:925} INFO - DAG(s) 'example_python_decorator' retrieved from /home/airflow/.local/lib/python3.12/site-packages/airflow/example_dags/example_python_decorator.py
[2025-04-08T00:52:28.785+0000] {logging_mixin.py:190} INFO - [2025-04-08T00:52:28.784+0000] {dag.py:3239} INFO - Sync 1 DAGs
[2025-04-08T00:52:28.805+0000] {logging_mixin.py:190} INFO - [2025-04-08T00:52:28.805+0000] {dag.py:4180} INFO - Setting next_dagrun for example_python_decorator to None, run_after=None
[2025-04-08T00:52:28.834+0000] {processor.py:208} INFO - Processing /home/airflow/.local/lib/python3.12/site-packages/airflow/example_dags/example_python_decorator.py took 0.117 seconds
[2025-04-08T00:52:59.514+0000] {processor.py:186} INFO - Started process (PID=7001) to work on /home/airflow/.local/lib/python3.12/site-packages/airflow/example_dags/example_python_decorator.py
[2025-04-08T00:52:59.515+0000] {processor.py:914} INFO - Processing file /home/airflow/.local/lib/python3.12/site-packages/airflow/example_dags/example_python_decorator.py for tasks to queue
[2025-04-08T00:52:59.517+0000] {logging_mixin.py:190} INFO - [2025-04-08T00:52:59.517+0000] {dagbag.py:588} INFO - Filling up the DagBag from /home/airflow/.local/lib/python3.12/site-packages/airflow/example_dags/example_python_decorator.py
[2025-04-08T00:52:59.539+0000] {processor.py:925} INFO - DAG(s) 'example_python_decorator' retrieved from /home/airflow/.local/lib/python3.12/site-packages/airflow/example_dags/example_python_decorator.py
[2025-04-08T00:52:59.569+0000] {logging_mixin.py:190} INFO - [2025-04-08T00:52:59.569+0000] {dag.py:3239} INFO - Sync 1 DAGs
[2025-04-08T00:52:59.590+0000] {logging_mixin.py:190} INFO - [2025-04-08T00:52:59.590+0000] {dag.py:4180} INFO - Setting next_dagrun for example_python_decorator to None, run_after=None
[2025-04-08T00:52:59.623+0000] {processor.py:208} INFO - Processing /home/airflow/.local/lib/python3.12/site-packages/airflow/example_dags/example_python_decorator.py took 0.116 seconds
[2025-04-08T00:53:30.533+0000] {processor.py:186} INFO - Started process (PID=7064) to work on /home/airflow/.local/lib/python3.12/site-packages/airflow/example_dags/example_python_decorator.py
[2025-04-08T00:53:30.534+0000] {processor.py:914} INFO - Processing file /home/airflow/.local/lib/python3.12/site-packages/airflow/example_dags/example_python_decorator.py for tasks to queue
[2025-04-08T00:53:30.537+0000] {logging_mixin.py:190} INFO - [2025-04-08T00:53:30.536+0000] {dagbag.py:588} INFO - Filling up the DagBag from /home/airflow/.local/lib/python3.12/site-packages/airflow/example_dags/example_python_decorator.py
[2025-04-08T00:53:30.560+0000] {processor.py:925} INFO - DAG(s) 'example_python_decorator' retrieved from /home/airflow/.local/lib/python3.12/site-packages/airflow/example_dags/example_python_decorator.py
[2025-04-08T00:53:30.596+0000] {logging_mixin.py:190} INFO - [2025-04-08T00:53:30.595+0000] {dag.py:3239} INFO - Sync 1 DAGs
[2025-04-08T00:53:30.613+0000] {logging_mixin.py:190} INFO - [2025-04-08T00:53:30.613+0000] {dag.py:4180} INFO - Setting next_dagrun for example_python_decorator to None, run_after=None
[2025-04-08T00:53:30.648+0000] {processor.py:208} INFO - Processing /home/airflow/.local/lib/python3.12/site-packages/airflow/example_dags/example_python_decorator.py took 0.123 seconds
[2025-04-08T00:54:01.446+0000] {processor.py:186} INFO - Started process (PID=7127) to work on /home/airflow/.local/lib/python3.12/site-packages/airflow/example_dags/example_python_decorator.py
[2025-04-08T00:54:01.447+0000] {processor.py:914} INFO - Processing file /home/airflow/.local/lib/python3.12/site-packages/airflow/example_dags/example_python_decorator.py for tasks to queue
[2025-04-08T00:54:01.449+0000] {logging_mixin.py:190} INFO - [2025-04-08T00:54:01.449+0000] {dagbag.py:588} INFO - Filling up the DagBag from /home/airflow/.local/lib/python3.12/site-packages/airflow/example_dags/example_python_decorator.py
[2025-04-08T00:54:01.470+0000] {processor.py:925} INFO - DAG(s) 'example_python_decorator' retrieved from /home/airflow/.local/lib/python3.12/site-packages/airflow/example_dags/example_python_decorator.py
[2025-04-08T00:54:01.504+0000] {logging_mixin.py:190} INFO - [2025-04-08T00:54:01.504+0000] {dag.py:3239} INFO - Sync 1 DAGs
[2025-04-08T00:54:01.529+0000] {logging_mixin.py:190} INFO - [2025-04-08T00:54:01.529+0000] {dag.py:4180} INFO - Setting next_dagrun for example_python_decorator to None, run_after=None
[2025-04-08T00:54:01.574+0000] {processor.py:208} INFO - Processing /home/airflow/.local/lib/python3.12/site-packages/airflow/example_dags/example_python_decorator.py took 0.136 seconds
[2025-04-08T00:54:31.993+0000] {processor.py:186} INFO - Started process (PID=7189) to work on /home/airflow/.local/lib/python3.12/site-packages/airflow/example_dags/example_python_decorator.py
[2025-04-08T00:54:32.000+0000] {processor.py:914} INFO - Processing file /home/airflow/.local/lib/python3.12/site-packages/airflow/example_dags/example_python_decorator.py for tasks to queue
[2025-04-08T00:54:32.008+0000] {logging_mixin.py:190} INFO - [2025-04-08T00:54:32.007+0000] {dagbag.py:588} INFO - Filling up the DagBag from /home/airflow/.local/lib/python3.12/site-packages/airflow/example_dags/example_python_decorator.py
[2025-04-08T00:54:32.074+0000] {processor.py:925} INFO - DAG(s) 'example_python_decorator' retrieved from /home/airflow/.local/lib/python3.12/site-packages/airflow/example_dags/example_python_decorator.py
[2025-04-08T00:54:32.146+0000] {logging_mixin.py:190} INFO - [2025-04-08T00:54:32.146+0000] {dag.py:3239} INFO - Sync 1 DAGs
[2025-04-08T00:54:32.221+0000] {logging_mixin.py:190} INFO - [2025-04-08T00:54:32.221+0000] {dag.py:4180} INFO - Setting next_dagrun for example_python_decorator to None, run_after=None
[2025-04-08T00:54:32.308+0000] {processor.py:208} INFO - Processing /home/airflow/.local/lib/python3.12/site-packages/airflow/example_dags/example_python_decorator.py took 0.335 seconds
[2025-04-08T00:55:02.545+0000] {processor.py:186} INFO - Started process (PID=7251) to work on /home/airflow/.local/lib/python3.12/site-packages/airflow/example_dags/example_python_decorator.py
[2025-04-08T00:55:02.548+0000] {processor.py:914} INFO - Processing file /home/airflow/.local/lib/python3.12/site-packages/airflow/example_dags/example_python_decorator.py for tasks to queue
[2025-04-08T00:55:02.554+0000] {logging_mixin.py:190} INFO - [2025-04-08T00:55:02.552+0000] {dagbag.py:588} INFO - Filling up the DagBag from /home/airflow/.local/lib/python3.12/site-packages/airflow/example_dags/example_python_decorator.py
[2025-04-08T00:55:02.602+0000] {processor.py:925} INFO - DAG(s) 'example_python_decorator' retrieved from /home/airflow/.local/lib/python3.12/site-packages/airflow/example_dags/example_python_decorator.py
[2025-04-08T00:55:02.666+0000] {logging_mixin.py:190} INFO - [2025-04-08T00:55:02.666+0000] {dag.py:3239} INFO - Sync 1 DAGs
[2025-04-08T00:55:02.697+0000] {logging_mixin.py:190} INFO - [2025-04-08T00:55:02.697+0000] {dag.py:4180} INFO - Setting next_dagrun for example_python_decorator to None, run_after=None
[2025-04-08T00:55:02.749+0000] {processor.py:208} INFO - Processing /home/airflow/.local/lib/python3.12/site-packages/airflow/example_dags/example_python_decorator.py took 0.229 seconds
[2025-04-08T00:55:33.749+0000] {processor.py:186} INFO - Started process (PID=7314) to work on /home/airflow/.local/lib/python3.12/site-packages/airflow/example_dags/example_python_decorator.py
[2025-04-08T00:55:33.752+0000] {processor.py:914} INFO - Processing file /home/airflow/.local/lib/python3.12/site-packages/airflow/example_dags/example_python_decorator.py for tasks to queue
[2025-04-08T00:55:33.755+0000] {logging_mixin.py:190} INFO - [2025-04-08T00:55:33.754+0000] {dagbag.py:588} INFO - Filling up the DagBag from /home/airflow/.local/lib/python3.12/site-packages/airflow/example_dags/example_python_decorator.py
[2025-04-08T00:55:33.781+0000] {processor.py:925} INFO - DAG(s) 'example_python_decorator' retrieved from /home/airflow/.local/lib/python3.12/site-packages/airflow/example_dags/example_python_decorator.py
[2025-04-08T00:55:33.827+0000] {logging_mixin.py:190} INFO - [2025-04-08T00:55:33.826+0000] {dag.py:3239} INFO - Sync 1 DAGs
[2025-04-08T00:55:33.858+0000] {logging_mixin.py:190} INFO - [2025-04-08T00:55:33.857+0000] {dag.py:4180} INFO - Setting next_dagrun for example_python_decorator to None, run_after=None
[2025-04-08T00:55:33.930+0000] {processor.py:208} INFO - Processing /home/airflow/.local/lib/python3.12/site-packages/airflow/example_dags/example_python_decorator.py took 0.192 seconds
[2025-04-08T00:56:04.046+0000] {processor.py:186} INFO - Started process (PID=7377) to work on /home/airflow/.local/lib/python3.12/site-packages/airflow/example_dags/example_python_decorator.py
[2025-04-08T00:56:04.048+0000] {processor.py:914} INFO - Processing file /home/airflow/.local/lib/python3.12/site-packages/airflow/example_dags/example_python_decorator.py for tasks to queue
[2025-04-08T00:56:04.050+0000] {logging_mixin.py:190} INFO - [2025-04-08T00:56:04.050+0000] {dagbag.py:588} INFO - Filling up the DagBag from /home/airflow/.local/lib/python3.12/site-packages/airflow/example_dags/example_python_decorator.py
[2025-04-08T00:56:04.068+0000] {processor.py:925} INFO - DAG(s) 'example_python_decorator' retrieved from /home/airflow/.local/lib/python3.12/site-packages/airflow/example_dags/example_python_decorator.py
[2025-04-08T00:56:04.102+0000] {logging_mixin.py:190} INFO - [2025-04-08T00:56:04.101+0000] {dag.py:3239} INFO - Sync 1 DAGs
[2025-04-08T00:56:04.119+0000] {logging_mixin.py:190} INFO - [2025-04-08T00:56:04.119+0000] {dag.py:4180} INFO - Setting next_dagrun for example_python_decorator to None, run_after=None
[2025-04-08T00:56:04.145+0000] {processor.py:208} INFO - Processing /home/airflow/.local/lib/python3.12/site-packages/airflow/example_dags/example_python_decorator.py took 0.109 seconds
[2025-04-08T00:56:34.501+0000] {processor.py:186} INFO - Started process (PID=7440) to work on /home/airflow/.local/lib/python3.12/site-packages/airflow/example_dags/example_python_decorator.py
[2025-04-08T00:56:34.505+0000] {processor.py:914} INFO - Processing file /home/airflow/.local/lib/python3.12/site-packages/airflow/example_dags/example_python_decorator.py for tasks to queue
[2025-04-08T00:56:34.509+0000] {logging_mixin.py:190} INFO - [2025-04-08T00:56:34.508+0000] {dagbag.py:588} INFO - Filling up the DagBag from /home/airflow/.local/lib/python3.12/site-packages/airflow/example_dags/example_python_decorator.py
[2025-04-08T00:56:34.548+0000] {processor.py:925} INFO - DAG(s) 'example_python_decorator' retrieved from /home/airflow/.local/lib/python3.12/site-packages/airflow/example_dags/example_python_decorator.py
[2025-04-08T00:56:34.599+0000] {logging_mixin.py:190} INFO - [2025-04-08T00:56:34.599+0000] {dag.py:3239} INFO - Sync 1 DAGs
[2025-04-08T00:56:34.626+0000] {logging_mixin.py:190} INFO - [2025-04-08T00:56:34.626+0000] {dag.py:4180} INFO - Setting next_dagrun for example_python_decorator to None, run_after=None
[2025-04-08T00:56:34.667+0000] {processor.py:208} INFO - Processing /home/airflow/.local/lib/python3.12/site-packages/airflow/example_dags/example_python_decorator.py took 0.184 seconds
[2025-04-08T00:57:04.929+0000] {processor.py:186} INFO - Started process (PID=7503) to work on /home/airflow/.local/lib/python3.12/site-packages/airflow/example_dags/example_python_decorator.py
[2025-04-08T00:57:04.932+0000] {processor.py:914} INFO - Processing file /home/airflow/.local/lib/python3.12/site-packages/airflow/example_dags/example_python_decorator.py for tasks to queue
[2025-04-08T00:57:04.937+0000] {logging_mixin.py:190} INFO - [2025-04-08T00:57:04.936+0000] {dagbag.py:588} INFO - Filling up the DagBag from /home/airflow/.local/lib/python3.12/site-packages/airflow/example_dags/example_python_decorator.py
[2025-04-08T00:57:04.977+0000] {processor.py:925} INFO - DAG(s) 'example_python_decorator' retrieved from /home/airflow/.local/lib/python3.12/site-packages/airflow/example_dags/example_python_decorator.py
[2025-04-08T00:57:05.023+0000] {logging_mixin.py:190} INFO - [2025-04-08T00:57:05.023+0000] {dag.py:3239} INFO - Sync 1 DAGs
[2025-04-08T00:57:05.050+0000] {logging_mixin.py:190} INFO - [2025-04-08T00:57:05.050+0000] {dag.py:4180} INFO - Setting next_dagrun for example_python_decorator to None, run_after=None
[2025-04-08T00:57:05.096+0000] {processor.py:208} INFO - Processing /home/airflow/.local/lib/python3.12/site-packages/airflow/example_dags/example_python_decorator.py took 0.183 seconds
[2025-04-08T00:57:37.632+0000] {processor.py:186} INFO - Started process (PID=7573) to work on /home/airflow/.local/lib/python3.12/site-packages/airflow/example_dags/example_python_decorator.py
[2025-04-08T00:57:37.640+0000] {processor.py:914} INFO - Processing file /home/airflow/.local/lib/python3.12/site-packages/airflow/example_dags/example_python_decorator.py for tasks to queue
[2025-04-08T00:57:37.649+0000] {logging_mixin.py:190} INFO - [2025-04-08T00:57:37.647+0000] {dagbag.py:588} INFO - Filling up the DagBag from /home/airflow/.local/lib/python3.12/site-packages/airflow/example_dags/example_python_decorator.py
[2025-04-08T00:57:37.779+0000] {processor.py:925} INFO - DAG(s) 'example_python_decorator' retrieved from /home/airflow/.local/lib/python3.12/site-packages/airflow/example_dags/example_python_decorator.py
[2025-04-08T00:57:37.993+0000] {logging_mixin.py:190} INFO - [2025-04-08T00:57:37.991+0000] {dag.py:3239} INFO - Sync 1 DAGs
[2025-04-08T00:57:38.098+0000] {logging_mixin.py:190} INFO - [2025-04-08T00:57:38.097+0000] {dag.py:4180} INFO - Setting next_dagrun for example_python_decorator to None, run_after=None
[2025-04-08T00:57:38.275+0000] {processor.py:208} INFO - Processing /home/airflow/.local/lib/python3.12/site-packages/airflow/example_dags/example_python_decorator.py took 0.700 seconds
[2025-04-08T00:58:14.467+0000] {processor.py:186} INFO - Started process (PID=7636) to work on /home/airflow/.local/lib/python3.12/site-packages/airflow/example_dags/example_python_decorator.py
[2025-04-08T00:58:14.480+0000] {processor.py:914} INFO - Processing file /home/airflow/.local/lib/python3.12/site-packages/airflow/example_dags/example_python_decorator.py for tasks to queue
[2025-04-08T00:58:14.508+0000] {logging_mixin.py:190} INFO - [2025-04-08T00:58:14.496+0000] {dagbag.py:588} INFO - Filling up the DagBag from /home/airflow/.local/lib/python3.12/site-packages/airflow/example_dags/example_python_decorator.py
[2025-04-08T00:58:14.915+0000] {processor.py:925} INFO - DAG(s) 'example_python_decorator' retrieved from /home/airflow/.local/lib/python3.12/site-packages/airflow/example_dags/example_python_decorator.py
[2025-04-08T00:58:15.336+0000] {logging_mixin.py:190} INFO - [2025-04-08T00:58:15.334+0000] {dag.py:3239} INFO - Sync 1 DAGs
[2025-04-08T00:58:15.569+0000] {logging_mixin.py:190} INFO - [2025-04-08T00:58:15.568+0000] {dag.py:4180} INFO - Setting next_dagrun for example_python_decorator to None, run_after=None
[2025-04-08T00:58:15.801+0000] {processor.py:208} INFO - Processing /home/airflow/.local/lib/python3.12/site-packages/airflow/example_dags/example_python_decorator.py took 1.372 seconds
[2025-04-08T01:24:01.701+0000] {processor.py:186} INFO - Started process (PID=7694) to work on /home/airflow/.local/lib/python3.12/site-packages/airflow/example_dags/example_python_decorator.py
[2025-04-08T01:24:01.703+0000] {processor.py:914} INFO - Processing file /home/airflow/.local/lib/python3.12/site-packages/airflow/example_dags/example_python_decorator.py for tasks to queue
[2025-04-08T01:24:01.707+0000] {logging_mixin.py:190} INFO - [2025-04-08T01:24:01.706+0000] {dagbag.py:588} INFO - Filling up the DagBag from /home/airflow/.local/lib/python3.12/site-packages/airflow/example_dags/example_python_decorator.py
[2025-04-08T01:24:01.743+0000] {processor.py:925} INFO - DAG(s) 'example_python_decorator' retrieved from /home/airflow/.local/lib/python3.12/site-packages/airflow/example_dags/example_python_decorator.py
[2025-04-08T01:24:01.796+0000] {logging_mixin.py:190} INFO - [2025-04-08T01:24:01.795+0000] {dag.py:3239} INFO - Sync 1 DAGs
[2025-04-08T01:24:01.829+0000] {logging_mixin.py:190} INFO - [2025-04-08T01:24:01.829+0000] {dag.py:4180} INFO - Setting next_dagrun for example_python_decorator to None, run_after=None
[2025-04-08T01:24:01.871+0000] {processor.py:208} INFO - Processing /home/airflow/.local/lib/python3.12/site-packages/airflow/example_dags/example_python_decorator.py took 0.185 seconds
[2025-04-08T01:24:32.728+0000] {processor.py:186} INFO - Started process (PID=7757) to work on /home/airflow/.local/lib/python3.12/site-packages/airflow/example_dags/example_python_decorator.py
[2025-04-08T01:24:32.732+0000] {processor.py:914} INFO - Processing file /home/airflow/.local/lib/python3.12/site-packages/airflow/example_dags/example_python_decorator.py for tasks to queue
[2025-04-08T01:24:32.738+0000] {logging_mixin.py:190} INFO - [2025-04-08T01:24:32.737+0000] {dagbag.py:588} INFO - Filling up the DagBag from /home/airflow/.local/lib/python3.12/site-packages/airflow/example_dags/example_python_decorator.py
[2025-04-08T01:24:32.793+0000] {processor.py:925} INFO - DAG(s) 'example_python_decorator' retrieved from /home/airflow/.local/lib/python3.12/site-packages/airflow/example_dags/example_python_decorator.py
[2025-04-08T01:24:32.945+0000] {logging_mixin.py:190} INFO - [2025-04-08T01:24:32.944+0000] {dag.py:3239} INFO - Sync 1 DAGs
[2025-04-08T01:24:33.066+0000] {logging_mixin.py:190} INFO - [2025-04-08T01:24:33.065+0000] {dag.py:4180} INFO - Setting next_dagrun for example_python_decorator to None, run_after=None
[2025-04-08T01:24:33.263+0000] {processor.py:208} INFO - Processing /home/airflow/.local/lib/python3.12/site-packages/airflow/example_dags/example_python_decorator.py took 0.555 seconds
[2025-04-08T01:25:03.395+0000] {processor.py:186} INFO - Started process (PID=7820) to work on /home/airflow/.local/lib/python3.12/site-packages/airflow/example_dags/example_python_decorator.py
[2025-04-08T01:25:03.396+0000] {processor.py:914} INFO - Processing file /home/airflow/.local/lib/python3.12/site-packages/airflow/example_dags/example_python_decorator.py for tasks to queue
[2025-04-08T01:25:03.398+0000] {logging_mixin.py:190} INFO - [2025-04-08T01:25:03.398+0000] {dagbag.py:588} INFO - Filling up the DagBag from /home/airflow/.local/lib/python3.12/site-packages/airflow/example_dags/example_python_decorator.py
[2025-04-08T01:25:03.416+0000] {processor.py:925} INFO - DAG(s) 'example_python_decorator' retrieved from /home/airflow/.local/lib/python3.12/site-packages/airflow/example_dags/example_python_decorator.py
[2025-04-08T01:25:03.447+0000] {logging_mixin.py:190} INFO - [2025-04-08T01:25:03.447+0000] {dag.py:3239} INFO - Sync 1 DAGs
[2025-04-08T01:25:03.468+0000] {logging_mixin.py:190} INFO - [2025-04-08T01:25:03.468+0000] {dag.py:4180} INFO - Setting next_dagrun for example_python_decorator to None, run_after=None
[2025-04-08T01:25:03.501+0000] {processor.py:208} INFO - Processing /home/airflow/.local/lib/python3.12/site-packages/airflow/example_dags/example_python_decorator.py took 0.114 seconds
[2025-04-08T01:25:33.724+0000] {processor.py:186} INFO - Started process (PID=7883) to work on /home/airflow/.local/lib/python3.12/site-packages/airflow/example_dags/example_python_decorator.py
[2025-04-08T01:25:33.726+0000] {processor.py:914} INFO - Processing file /home/airflow/.local/lib/python3.12/site-packages/airflow/example_dags/example_python_decorator.py for tasks to queue
[2025-04-08T01:25:33.729+0000] {logging_mixin.py:190} INFO - [2025-04-08T01:25:33.728+0000] {dagbag.py:588} INFO - Filling up the DagBag from /home/airflow/.local/lib/python3.12/site-packages/airflow/example_dags/example_python_decorator.py
[2025-04-08T01:25:33.752+0000] {processor.py:925} INFO - DAG(s) 'example_python_decorator' retrieved from /home/airflow/.local/lib/python3.12/site-packages/airflow/example_dags/example_python_decorator.py
[2025-04-08T01:25:33.792+0000] {logging_mixin.py:190} INFO - [2025-04-08T01:25:33.792+0000] {dag.py:3239} INFO - Sync 1 DAGs
[2025-04-08T01:25:33.812+0000] {logging_mixin.py:190} INFO - [2025-04-08T01:25:33.812+0000] {dag.py:4180} INFO - Setting next_dagrun for example_python_decorator to None, run_after=None
[2025-04-08T01:25:33.844+0000] {processor.py:208} INFO - Processing /home/airflow/.local/lib/python3.12/site-packages/airflow/example_dags/example_python_decorator.py took 0.130 seconds
[2025-04-08T01:26:04.306+0000] {processor.py:186} INFO - Started process (PID=7945) to work on /home/airflow/.local/lib/python3.12/site-packages/airflow/example_dags/example_python_decorator.py
[2025-04-08T01:26:04.313+0000] {processor.py:914} INFO - Processing file /home/airflow/.local/lib/python3.12/site-packages/airflow/example_dags/example_python_decorator.py for tasks to queue
[2025-04-08T01:26:04.321+0000] {logging_mixin.py:190} INFO - [2025-04-08T01:26:04.319+0000] {dagbag.py:588} INFO - Filling up the DagBag from /home/airflow/.local/lib/python3.12/site-packages/airflow/example_dags/example_python_decorator.py
[2025-04-08T01:26:04.384+0000] {processor.py:925} INFO - DAG(s) 'example_python_decorator' retrieved from /home/airflow/.local/lib/python3.12/site-packages/airflow/example_dags/example_python_decorator.py
[2025-04-08T01:26:04.428+0000] {logging_mixin.py:190} INFO - [2025-04-08T01:26:04.428+0000] {dag.py:3239} INFO - Sync 1 DAGs
[2025-04-08T01:26:04.468+0000] {logging_mixin.py:190} INFO - [2025-04-08T01:26:04.467+0000] {dag.py:4180} INFO - Setting next_dagrun for example_python_decorator to None, run_after=None
[2025-04-08T01:26:04.502+0000] {processor.py:208} INFO - Processing /home/airflow/.local/lib/python3.12/site-packages/airflow/example_dags/example_python_decorator.py took 0.222 seconds
[2025-04-08T01:26:35.283+0000] {processor.py:186} INFO - Started process (PID=8008) to work on /home/airflow/.local/lib/python3.12/site-packages/airflow/example_dags/example_python_decorator.py
[2025-04-08T01:26:35.285+0000] {processor.py:914} INFO - Processing file /home/airflow/.local/lib/python3.12/site-packages/airflow/example_dags/example_python_decorator.py for tasks to queue
[2025-04-08T01:26:35.288+0000] {logging_mixin.py:190} INFO - [2025-04-08T01:26:35.287+0000] {dagbag.py:588} INFO - Filling up the DagBag from /home/airflow/.local/lib/python3.12/site-packages/airflow/example_dags/example_python_decorator.py
[2025-04-08T01:26:35.304+0000] {processor.py:925} INFO - DAG(s) 'example_python_decorator' retrieved from /home/airflow/.local/lib/python3.12/site-packages/airflow/example_dags/example_python_decorator.py
[2025-04-08T01:26:35.329+0000] {logging_mixin.py:190} INFO - [2025-04-08T01:26:35.329+0000] {dag.py:3239} INFO - Sync 1 DAGs
[2025-04-08T01:26:35.343+0000] {logging_mixin.py:190} INFO - [2025-04-08T01:26:35.343+0000] {dag.py:4180} INFO - Setting next_dagrun for example_python_decorator to None, run_after=None
[2025-04-08T01:26:35.370+0000] {processor.py:208} INFO - Processing /home/airflow/.local/lib/python3.12/site-packages/airflow/example_dags/example_python_decorator.py took 0.094 seconds
[2025-04-08T01:27:06.037+0000] {processor.py:186} INFO - Started process (PID=8071) to work on /home/airflow/.local/lib/python3.12/site-packages/airflow/example_dags/example_python_decorator.py
[2025-04-08T01:27:06.040+0000] {processor.py:914} INFO - Processing file /home/airflow/.local/lib/python3.12/site-packages/airflow/example_dags/example_python_decorator.py for tasks to queue
[2025-04-08T01:27:06.043+0000] {logging_mixin.py:190} INFO - [2025-04-08T01:27:06.043+0000] {dagbag.py:588} INFO - Filling up the DagBag from /home/airflow/.local/lib/python3.12/site-packages/airflow/example_dags/example_python_decorator.py
[2025-04-08T01:27:06.069+0000] {processor.py:925} INFO - DAG(s) 'example_python_decorator' retrieved from /home/airflow/.local/lib/python3.12/site-packages/airflow/example_dags/example_python_decorator.py
[2025-04-08T01:27:06.108+0000] {logging_mixin.py:190} INFO - [2025-04-08T01:27:06.108+0000] {dag.py:3239} INFO - Sync 1 DAGs
[2025-04-08T01:27:06.130+0000] {logging_mixin.py:190} INFO - [2025-04-08T01:27:06.129+0000] {dag.py:4180} INFO - Setting next_dagrun for example_python_decorator to None, run_after=None
[2025-04-08T01:27:06.166+0000] {processor.py:208} INFO - Processing /home/airflow/.local/lib/python3.12/site-packages/airflow/example_dags/example_python_decorator.py took 0.138 seconds
[2025-04-08T01:27:36.641+0000] {processor.py:186} INFO - Started process (PID=8140) to work on /home/airflow/.local/lib/python3.12/site-packages/airflow/example_dags/example_python_decorator.py
[2025-04-08T01:27:36.643+0000] {processor.py:914} INFO - Processing file /home/airflow/.local/lib/python3.12/site-packages/airflow/example_dags/example_python_decorator.py for tasks to queue
[2025-04-08T01:27:36.646+0000] {logging_mixin.py:190} INFO - [2025-04-08T01:27:36.645+0000] {dagbag.py:588} INFO - Filling up the DagBag from /home/airflow/.local/lib/python3.12/site-packages/airflow/example_dags/example_python_decorator.py
[2025-04-08T01:27:36.665+0000] {processor.py:925} INFO - DAG(s) 'example_python_decorator' retrieved from /home/airflow/.local/lib/python3.12/site-packages/airflow/example_dags/example_python_decorator.py
[2025-04-08T01:27:36.699+0000] {logging_mixin.py:190} INFO - [2025-04-08T01:27:36.699+0000] {dag.py:3239} INFO - Sync 1 DAGs
[2025-04-08T01:27:36.720+0000] {logging_mixin.py:190} INFO - [2025-04-08T01:27:36.720+0000] {dag.py:4180} INFO - Setting next_dagrun for example_python_decorator to None, run_after=None
[2025-04-08T01:27:36.767+0000] {processor.py:208} INFO - Processing /home/airflow/.local/lib/python3.12/site-packages/airflow/example_dags/example_python_decorator.py took 0.138 seconds
[2025-04-08T01:28:07.316+0000] {processor.py:186} INFO - Started process (PID=8203) to work on /home/airflow/.local/lib/python3.12/site-packages/airflow/example_dags/example_python_decorator.py
[2025-04-08T01:28:07.318+0000] {processor.py:914} INFO - Processing file /home/airflow/.local/lib/python3.12/site-packages/airflow/example_dags/example_python_decorator.py for tasks to queue
[2025-04-08T01:28:07.320+0000] {logging_mixin.py:190} INFO - [2025-04-08T01:28:07.320+0000] {dagbag.py:588} INFO - Filling up the DagBag from /home/airflow/.local/lib/python3.12/site-packages/airflow/example_dags/example_python_decorator.py
[2025-04-08T01:28:07.343+0000] {processor.py:925} INFO - DAG(s) 'example_python_decorator' retrieved from /home/airflow/.local/lib/python3.12/site-packages/airflow/example_dags/example_python_decorator.py
[2025-04-08T01:28:07.380+0000] {logging_mixin.py:190} INFO - [2025-04-08T01:28:07.379+0000] {dag.py:3239} INFO - Sync 1 DAGs
[2025-04-08T01:28:07.405+0000] {logging_mixin.py:190} INFO - [2025-04-08T01:28:07.405+0000] {dag.py:4180} INFO - Setting next_dagrun for example_python_decorator to None, run_after=None
[2025-04-08T01:28:07.437+0000] {processor.py:208} INFO - Processing /home/airflow/.local/lib/python3.12/site-packages/airflow/example_dags/example_python_decorator.py took 0.131 seconds
[2025-04-08T01:28:38.161+0000] {processor.py:186} INFO - Started process (PID=8265) to work on /home/airflow/.local/lib/python3.12/site-packages/airflow/example_dags/example_python_decorator.py
[2025-04-08T01:28:38.163+0000] {processor.py:914} INFO - Processing file /home/airflow/.local/lib/python3.12/site-packages/airflow/example_dags/example_python_decorator.py for tasks to queue
[2025-04-08T01:28:38.165+0000] {logging_mixin.py:190} INFO - [2025-04-08T01:28:38.165+0000] {dagbag.py:588} INFO - Filling up the DagBag from /home/airflow/.local/lib/python3.12/site-packages/airflow/example_dags/example_python_decorator.py
[2025-04-08T01:28:38.183+0000] {processor.py:925} INFO - DAG(s) 'example_python_decorator' retrieved from /home/airflow/.local/lib/python3.12/site-packages/airflow/example_dags/example_python_decorator.py
[2025-04-08T01:28:38.221+0000] {logging_mixin.py:190} INFO - [2025-04-08T01:28:38.220+0000] {dag.py:3239} INFO - Sync 1 DAGs
[2025-04-08T01:28:38.248+0000] {logging_mixin.py:190} INFO - [2025-04-08T01:28:38.247+0000] {dag.py:4180} INFO - Setting next_dagrun for example_python_decorator to None, run_after=None
[2025-04-08T01:28:38.284+0000] {processor.py:208} INFO - Processing /home/airflow/.local/lib/python3.12/site-packages/airflow/example_dags/example_python_decorator.py took 0.134 seconds
[2025-04-08T01:29:08.991+0000] {processor.py:186} INFO - Started process (PID=8328) to work on /home/airflow/.local/lib/python3.12/site-packages/airflow/example_dags/example_python_decorator.py
[2025-04-08T01:29:08.993+0000] {processor.py:914} INFO - Processing file /home/airflow/.local/lib/python3.12/site-packages/airflow/example_dags/example_python_decorator.py for tasks to queue
[2025-04-08T01:29:08.995+0000] {logging_mixin.py:190} INFO - [2025-04-08T01:29:08.995+0000] {dagbag.py:588} INFO - Filling up the DagBag from /home/airflow/.local/lib/python3.12/site-packages/airflow/example_dags/example_python_decorator.py
[2025-04-08T01:29:09.022+0000] {processor.py:925} INFO - DAG(s) 'example_python_decorator' retrieved from /home/airflow/.local/lib/python3.12/site-packages/airflow/example_dags/example_python_decorator.py
[2025-04-08T01:29:09.065+0000] {logging_mixin.py:190} INFO - [2025-04-08T01:29:09.065+0000] {dag.py:3239} INFO - Sync 1 DAGs
[2025-04-08T01:29:09.085+0000] {logging_mixin.py:190} INFO - [2025-04-08T01:29:09.085+0000] {dag.py:4180} INFO - Setting next_dagrun for example_python_decorator to None, run_after=None
[2025-04-08T01:29:09.121+0000] {processor.py:208} INFO - Processing /home/airflow/.local/lib/python3.12/site-packages/airflow/example_dags/example_python_decorator.py took 0.138 seconds
[2025-04-08T01:29:39.460+0000] {processor.py:186} INFO - Started process (PID=8391) to work on /home/airflow/.local/lib/python3.12/site-packages/airflow/example_dags/example_python_decorator.py
[2025-04-08T01:29:39.461+0000] {processor.py:914} INFO - Processing file /home/airflow/.local/lib/python3.12/site-packages/airflow/example_dags/example_python_decorator.py for tasks to queue
[2025-04-08T01:29:39.464+0000] {logging_mixin.py:190} INFO - [2025-04-08T01:29:39.463+0000] {dagbag.py:588} INFO - Filling up the DagBag from /home/airflow/.local/lib/python3.12/site-packages/airflow/example_dags/example_python_decorator.py
[2025-04-08T01:29:39.486+0000] {processor.py:925} INFO - DAG(s) 'example_python_decorator' retrieved from /home/airflow/.local/lib/python3.12/site-packages/airflow/example_dags/example_python_decorator.py
[2025-04-08T01:29:39.521+0000] {logging_mixin.py:190} INFO - [2025-04-08T01:29:39.521+0000] {dag.py:3239} INFO - Sync 1 DAGs
[2025-04-08T01:29:39.538+0000] {logging_mixin.py:190} INFO - [2025-04-08T01:29:39.538+0000] {dag.py:4180} INFO - Setting next_dagrun for example_python_decorator to None, run_after=None
[2025-04-08T01:29:39.562+0000] {processor.py:208} INFO - Processing /home/airflow/.local/lib/python3.12/site-packages/airflow/example_dags/example_python_decorator.py took 0.108 seconds
[2025-04-08T01:30:09.905+0000] {processor.py:186} INFO - Started process (PID=8454) to work on /home/airflow/.local/lib/python3.12/site-packages/airflow/example_dags/example_python_decorator.py
[2025-04-08T01:30:09.907+0000] {processor.py:914} INFO - Processing file /home/airflow/.local/lib/python3.12/site-packages/airflow/example_dags/example_python_decorator.py for tasks to queue
[2025-04-08T01:30:09.909+0000] {logging_mixin.py:190} INFO - [2025-04-08T01:30:09.909+0000] {dagbag.py:588} INFO - Filling up the DagBag from /home/airflow/.local/lib/python3.12/site-packages/airflow/example_dags/example_python_decorator.py
[2025-04-08T01:30:09.928+0000] {processor.py:925} INFO - DAG(s) 'example_python_decorator' retrieved from /home/airflow/.local/lib/python3.12/site-packages/airflow/example_dags/example_python_decorator.py
[2025-04-08T01:30:09.969+0000] {logging_mixin.py:190} INFO - [2025-04-08T01:30:09.968+0000] {dag.py:3239} INFO - Sync 1 DAGs
[2025-04-08T01:30:10.000+0000] {logging_mixin.py:190} INFO - [2025-04-08T01:30:10.000+0000] {dag.py:4180} INFO - Setting next_dagrun for example_python_decorator to None, run_after=None
[2025-04-08T01:30:10.034+0000] {processor.py:208} INFO - Processing /home/airflow/.local/lib/python3.12/site-packages/airflow/example_dags/example_python_decorator.py took 0.137 seconds
[2025-04-08T01:30:40.303+0000] {processor.py:186} INFO - Started process (PID=8517) to work on /home/airflow/.local/lib/python3.12/site-packages/airflow/example_dags/example_python_decorator.py
[2025-04-08T01:30:40.305+0000] {processor.py:914} INFO - Processing file /home/airflow/.local/lib/python3.12/site-packages/airflow/example_dags/example_python_decorator.py for tasks to queue
[2025-04-08T01:30:40.307+0000] {logging_mixin.py:190} INFO - [2025-04-08T01:30:40.306+0000] {dagbag.py:588} INFO - Filling up the DagBag from /home/airflow/.local/lib/python3.12/site-packages/airflow/example_dags/example_python_decorator.py
[2025-04-08T01:30:40.322+0000] {processor.py:925} INFO - DAG(s) 'example_python_decorator' retrieved from /home/airflow/.local/lib/python3.12/site-packages/airflow/example_dags/example_python_decorator.py
[2025-04-08T01:30:40.355+0000] {logging_mixin.py:190} INFO - [2025-04-08T01:30:40.355+0000] {dag.py:3239} INFO - Sync 1 DAGs
[2025-04-08T01:30:40.376+0000] {logging_mixin.py:190} INFO - [2025-04-08T01:30:40.376+0000] {dag.py:4180} INFO - Setting next_dagrun for example_python_decorator to None, run_after=None
[2025-04-08T01:30:40.405+0000] {processor.py:208} INFO - Processing /home/airflow/.local/lib/python3.12/site-packages/airflow/example_dags/example_python_decorator.py took 0.107 seconds
[2025-04-08T01:31:11.628+0000] {processor.py:186} INFO - Started process (PID=8580) to work on /home/airflow/.local/lib/python3.12/site-packages/airflow/example_dags/example_python_decorator.py
[2025-04-08T01:31:11.630+0000] {processor.py:914} INFO - Processing file /home/airflow/.local/lib/python3.12/site-packages/airflow/example_dags/example_python_decorator.py for tasks to queue
[2025-04-08T01:31:11.633+0000] {logging_mixin.py:190} INFO - [2025-04-08T01:31:11.632+0000] {dagbag.py:588} INFO - Filling up the DagBag from /home/airflow/.local/lib/python3.12/site-packages/airflow/example_dags/example_python_decorator.py
[2025-04-08T01:31:11.655+0000] {processor.py:925} INFO - DAG(s) 'example_python_decorator' retrieved from /home/airflow/.local/lib/python3.12/site-packages/airflow/example_dags/example_python_decorator.py
[2025-04-08T01:31:11.687+0000] {logging_mixin.py:190} INFO - [2025-04-08T01:31:11.687+0000] {dag.py:3239} INFO - Sync 1 DAGs
[2025-04-08T01:31:11.706+0000] {logging_mixin.py:190} INFO - [2025-04-08T01:31:11.705+0000] {dag.py:4180} INFO - Setting next_dagrun for example_python_decorator to None, run_after=None
[2025-04-08T01:31:11.740+0000] {processor.py:208} INFO - Processing /home/airflow/.local/lib/python3.12/site-packages/airflow/example_dags/example_python_decorator.py took 0.122 seconds
[2025-04-08T01:31:41.851+0000] {processor.py:186} INFO - Started process (PID=8643) to work on /home/airflow/.local/lib/python3.12/site-packages/airflow/example_dags/example_python_decorator.py
[2025-04-08T01:31:41.852+0000] {processor.py:914} INFO - Processing file /home/airflow/.local/lib/python3.12/site-packages/airflow/example_dags/example_python_decorator.py for tasks to queue
[2025-04-08T01:31:41.854+0000] {logging_mixin.py:190} INFO - [2025-04-08T01:31:41.854+0000] {dagbag.py:588} INFO - Filling up the DagBag from /home/airflow/.local/lib/python3.12/site-packages/airflow/example_dags/example_python_decorator.py
[2025-04-08T01:31:41.873+0000] {processor.py:925} INFO - DAG(s) 'example_python_decorator' retrieved from /home/airflow/.local/lib/python3.12/site-packages/airflow/example_dags/example_python_decorator.py
[2025-04-08T01:31:41.905+0000] {logging_mixin.py:190} INFO - [2025-04-08T01:31:41.904+0000] {dag.py:3239} INFO - Sync 1 DAGs
[2025-04-08T01:31:41.921+0000] {logging_mixin.py:190} INFO - [2025-04-08T01:31:41.921+0000] {dag.py:4180} INFO - Setting next_dagrun for example_python_decorator to None, run_after=None
[2025-04-08T01:31:41.948+0000] {processor.py:208} INFO - Processing /home/airflow/.local/lib/python3.12/site-packages/airflow/example_dags/example_python_decorator.py took 0.105 seconds
[2025-04-08T01:32:12.245+0000] {processor.py:186} INFO - Started process (PID=8706) to work on /home/airflow/.local/lib/python3.12/site-packages/airflow/example_dags/example_python_decorator.py
[2025-04-08T01:32:12.248+0000] {processor.py:914} INFO - Processing file /home/airflow/.local/lib/python3.12/site-packages/airflow/example_dags/example_python_decorator.py for tasks to queue
[2025-04-08T01:32:12.251+0000] {logging_mixin.py:190} INFO - [2025-04-08T01:32:12.250+0000] {dagbag.py:588} INFO - Filling up the DagBag from /home/airflow/.local/lib/python3.12/site-packages/airflow/example_dags/example_python_decorator.py
[2025-04-08T01:32:12.276+0000] {processor.py:925} INFO - DAG(s) 'example_python_decorator' retrieved from /home/airflow/.local/lib/python3.12/site-packages/airflow/example_dags/example_python_decorator.py
[2025-04-08T01:32:12.307+0000] {logging_mixin.py:190} INFO - [2025-04-08T01:32:12.307+0000] {dag.py:3239} INFO - Sync 1 DAGs
[2025-04-08T01:32:12.327+0000] {logging_mixin.py:190} INFO - [2025-04-08T01:32:12.327+0000] {dag.py:4180} INFO - Setting next_dagrun for example_python_decorator to None, run_after=None
[2025-04-08T01:32:12.359+0000] {processor.py:208} INFO - Processing /home/airflow/.local/lib/python3.12/site-packages/airflow/example_dags/example_python_decorator.py took 0.126 seconds
[2025-04-08T01:32:42.495+0000] {processor.py:186} INFO - Started process (PID=8769) to work on /home/airflow/.local/lib/python3.12/site-packages/airflow/example_dags/example_python_decorator.py
[2025-04-08T01:32:42.496+0000] {processor.py:914} INFO - Processing file /home/airflow/.local/lib/python3.12/site-packages/airflow/example_dags/example_python_decorator.py for tasks to queue
[2025-04-08T01:32:42.499+0000] {logging_mixin.py:190} INFO - [2025-04-08T01:32:42.499+0000] {dagbag.py:588} INFO - Filling up the DagBag from /home/airflow/.local/lib/python3.12/site-packages/airflow/example_dags/example_python_decorator.py
[2025-04-08T01:32:42.516+0000] {processor.py:925} INFO - DAG(s) 'example_python_decorator' retrieved from /home/airflow/.local/lib/python3.12/site-packages/airflow/example_dags/example_python_decorator.py
[2025-04-08T01:32:42.552+0000] {logging_mixin.py:190} INFO - [2025-04-08T01:32:42.552+0000] {dag.py:3239} INFO - Sync 1 DAGs
[2025-04-08T01:32:42.579+0000] {logging_mixin.py:190} INFO - [2025-04-08T01:32:42.579+0000] {dag.py:4180} INFO - Setting next_dagrun for example_python_decorator to None, run_after=None
[2025-04-08T01:32:42.607+0000] {processor.py:208} INFO - Processing /home/airflow/.local/lib/python3.12/site-packages/airflow/example_dags/example_python_decorator.py took 0.118 seconds
[2025-04-08T01:33:13.148+0000] {processor.py:186} INFO - Started process (PID=8832) to work on /home/airflow/.local/lib/python3.12/site-packages/airflow/example_dags/example_python_decorator.py
[2025-04-08T01:33:13.151+0000] {processor.py:914} INFO - Processing file /home/airflow/.local/lib/python3.12/site-packages/airflow/example_dags/example_python_decorator.py for tasks to queue
[2025-04-08T01:33:13.154+0000] {logging_mixin.py:190} INFO - [2025-04-08T01:33:13.153+0000] {dagbag.py:588} INFO - Filling up the DagBag from /home/airflow/.local/lib/python3.12/site-packages/airflow/example_dags/example_python_decorator.py
[2025-04-08T01:33:13.172+0000] {processor.py:925} INFO - DAG(s) 'example_python_decorator' retrieved from /home/airflow/.local/lib/python3.12/site-packages/airflow/example_dags/example_python_decorator.py
[2025-04-08T01:33:13.212+0000] {logging_mixin.py:190} INFO - [2025-04-08T01:33:13.211+0000] {dag.py:3239} INFO - Sync 1 DAGs
[2025-04-08T01:33:13.234+0000] {logging_mixin.py:190} INFO - [2025-04-08T01:33:13.234+0000] {dag.py:4180} INFO - Setting next_dagrun for example_python_decorator to None, run_after=None
[2025-04-08T01:33:13.272+0000] {processor.py:208} INFO - Processing /home/airflow/.local/lib/python3.12/site-packages/airflow/example_dags/example_python_decorator.py took 0.133 seconds
[2025-04-08T01:33:44.140+0000] {processor.py:186} INFO - Started process (PID=8894) to work on /home/airflow/.local/lib/python3.12/site-packages/airflow/example_dags/example_python_decorator.py
[2025-04-08T01:33:44.142+0000] {processor.py:914} INFO - Processing file /home/airflow/.local/lib/python3.12/site-packages/airflow/example_dags/example_python_decorator.py for tasks to queue
[2025-04-08T01:33:44.147+0000] {logging_mixin.py:190} INFO - [2025-04-08T01:33:44.146+0000] {dagbag.py:588} INFO - Filling up the DagBag from /home/airflow/.local/lib/python3.12/site-packages/airflow/example_dags/example_python_decorator.py
[2025-04-08T01:33:44.192+0000] {processor.py:925} INFO - DAG(s) 'example_python_decorator' retrieved from /home/airflow/.local/lib/python3.12/site-packages/airflow/example_dags/example_python_decorator.py
[2025-04-08T01:33:44.234+0000] {logging_mixin.py:190} INFO - [2025-04-08T01:33:44.234+0000] {dag.py:3239} INFO - Sync 1 DAGs
[2025-04-08T01:33:44.278+0000] {logging_mixin.py:190} INFO - [2025-04-08T01:33:44.278+0000] {dag.py:4180} INFO - Setting next_dagrun for example_python_decorator to None, run_after=None
[2025-04-08T01:33:44.324+0000] {processor.py:208} INFO - Processing /home/airflow/.local/lib/python3.12/site-packages/airflow/example_dags/example_python_decorator.py took 0.199 seconds
[2025-04-08T01:34:14.631+0000] {processor.py:186} INFO - Started process (PID=8958) to work on /home/airflow/.local/lib/python3.12/site-packages/airflow/example_dags/example_python_decorator.py
[2025-04-08T01:34:14.633+0000] {processor.py:914} INFO - Processing file /home/airflow/.local/lib/python3.12/site-packages/airflow/example_dags/example_python_decorator.py for tasks to queue
[2025-04-08T01:34:14.635+0000] {logging_mixin.py:190} INFO - [2025-04-08T01:34:14.634+0000] {dagbag.py:588} INFO - Filling up the DagBag from /home/airflow/.local/lib/python3.12/site-packages/airflow/example_dags/example_python_decorator.py
[2025-04-08T01:34:14.650+0000] {processor.py:925} INFO - DAG(s) 'example_python_decorator' retrieved from /home/airflow/.local/lib/python3.12/site-packages/airflow/example_dags/example_python_decorator.py
[2025-04-08T01:34:14.677+0000] {logging_mixin.py:190} INFO - [2025-04-08T01:34:14.676+0000] {dag.py:3239} INFO - Sync 1 DAGs
[2025-04-08T01:34:14.695+0000] {logging_mixin.py:190} INFO - [2025-04-08T01:34:14.695+0000] {dag.py:4180} INFO - Setting next_dagrun for example_python_decorator to None, run_after=None
[2025-04-08T01:34:14.720+0000] {processor.py:208} INFO - Processing /home/airflow/.local/lib/python3.12/site-packages/airflow/example_dags/example_python_decorator.py took 0.109 seconds
[2025-04-08T01:34:51.695+0000] {processor.py:186} INFO - Started process (PID=9021) to work on /home/airflow/.local/lib/python3.12/site-packages/airflow/example_dags/example_python_decorator.py
[2025-04-08T01:34:51.705+0000] {processor.py:914} INFO - Processing file /home/airflow/.local/lib/python3.12/site-packages/airflow/example_dags/example_python_decorator.py for tasks to queue
[2025-04-08T01:34:51.716+0000] {logging_mixin.py:190} INFO - [2025-04-08T01:34:51.713+0000] {dagbag.py:588} INFO - Filling up the DagBag from /home/airflow/.local/lib/python3.12/site-packages/airflow/example_dags/example_python_decorator.py
[2025-04-08T01:34:51.796+0000] {processor.py:925} INFO - DAG(s) 'example_python_decorator' retrieved from /home/airflow/.local/lib/python3.12/site-packages/airflow/example_dags/example_python_decorator.py
[2025-04-08T01:34:51.938+0000] {logging_mixin.py:190} INFO - [2025-04-08T01:34:51.937+0000] {dag.py:3239} INFO - Sync 1 DAGs
[2025-04-08T01:34:52.030+0000] {logging_mixin.py:190} INFO - [2025-04-08T01:34:52.029+0000] {dag.py:4180} INFO - Setting next_dagrun for example_python_decorator to None, run_after=None
[2025-04-08T01:34:52.162+0000] {processor.py:208} INFO - Processing /home/airflow/.local/lib/python3.12/site-packages/airflow/example_dags/example_python_decorator.py took 0.514 seconds
[2025-04-08T01:35:23.389+0000] {processor.py:186} INFO - Started process (PID=9085) to work on /home/airflow/.local/lib/python3.12/site-packages/airflow/example_dags/example_python_decorator.py
[2025-04-08T01:35:23.394+0000] {processor.py:914} INFO - Processing file /home/airflow/.local/lib/python3.12/site-packages/airflow/example_dags/example_python_decorator.py for tasks to queue
[2025-04-08T01:35:23.401+0000] {logging_mixin.py:190} INFO - [2025-04-08T01:35:23.399+0000] {dagbag.py:588} INFO - Filling up the DagBag from /home/airflow/.local/lib/python3.12/site-packages/airflow/example_dags/example_python_decorator.py
[2025-04-08T01:35:23.438+0000] {processor.py:925} INFO - DAG(s) 'example_python_decorator' retrieved from /home/airflow/.local/lib/python3.12/site-packages/airflow/example_dags/example_python_decorator.py
[2025-04-08T01:35:23.514+0000] {logging_mixin.py:190} INFO - [2025-04-08T01:35:23.513+0000] {dag.py:3239} INFO - Sync 1 DAGs
[2025-04-08T01:35:23.582+0000] {logging_mixin.py:190} INFO - [2025-04-08T01:35:23.581+0000] {dag.py:4180} INFO - Setting next_dagrun for example_python_decorator to None, run_after=None
[2025-04-08T01:35:23.708+0000] {processor.py:208} INFO - Processing /home/airflow/.local/lib/python3.12/site-packages/airflow/example_dags/example_python_decorator.py took 0.337 seconds
[2025-04-08T01:35:54.510+0000] {processor.py:186} INFO - Started process (PID=9149) to work on /home/airflow/.local/lib/python3.12/site-packages/airflow/example_dags/example_python_decorator.py
[2025-04-08T01:35:54.513+0000] {processor.py:914} INFO - Processing file /home/airflow/.local/lib/python3.12/site-packages/airflow/example_dags/example_python_decorator.py for tasks to queue
[2025-04-08T01:35:54.519+0000] {logging_mixin.py:190} INFO - [2025-04-08T01:35:54.517+0000] {dagbag.py:588} INFO - Filling up the DagBag from /home/airflow/.local/lib/python3.12/site-packages/airflow/example_dags/example_python_decorator.py
[2025-04-08T01:35:54.568+0000] {processor.py:925} INFO - DAG(s) 'example_python_decorator' retrieved from /home/airflow/.local/lib/python3.12/site-packages/airflow/example_dags/example_python_decorator.py
[2025-04-08T01:35:54.632+0000] {logging_mixin.py:190} INFO - [2025-04-08T01:35:54.631+0000] {dag.py:3239} INFO - Sync 1 DAGs
[2025-04-08T01:35:54.669+0000] {logging_mixin.py:190} INFO - [2025-04-08T01:35:54.669+0000] {dag.py:4180} INFO - Setting next_dagrun for example_python_decorator to None, run_after=None
[2025-04-08T01:35:54.722+0000] {processor.py:208} INFO - Processing /home/airflow/.local/lib/python3.12/site-packages/airflow/example_dags/example_python_decorator.py took 0.226 seconds
[2025-04-08T01:36:25.522+0000] {processor.py:186} INFO - Started process (PID=9211) to work on /home/airflow/.local/lib/python3.12/site-packages/airflow/example_dags/example_python_decorator.py
[2025-04-08T01:36:25.526+0000] {processor.py:914} INFO - Processing file /home/airflow/.local/lib/python3.12/site-packages/airflow/example_dags/example_python_decorator.py for tasks to queue
[2025-04-08T01:36:25.530+0000] {logging_mixin.py:190} INFO - [2025-04-08T01:36:25.529+0000] {dagbag.py:588} INFO - Filling up the DagBag from /home/airflow/.local/lib/python3.12/site-packages/airflow/example_dags/example_python_decorator.py
[2025-04-08T01:36:25.566+0000] {processor.py:925} INFO - DAG(s) 'example_python_decorator' retrieved from /home/airflow/.local/lib/python3.12/site-packages/airflow/example_dags/example_python_decorator.py
[2025-04-08T01:36:25.651+0000] {logging_mixin.py:190} INFO - [2025-04-08T01:36:25.650+0000] {dag.py:3239} INFO - Sync 1 DAGs
[2025-04-08T01:36:25.711+0000] {logging_mixin.py:190} INFO - [2025-04-08T01:36:25.710+0000] {dag.py:4180} INFO - Setting next_dagrun for example_python_decorator to None, run_after=None
[2025-04-08T01:36:25.814+0000] {processor.py:208} INFO - Processing /home/airflow/.local/lib/python3.12/site-packages/airflow/example_dags/example_python_decorator.py took 0.315 seconds
[2025-04-08T01:37:09.567+0000] {processor.py:186} INFO - Started process (PID=9278) to work on /home/airflow/.local/lib/python3.12/site-packages/airflow/example_dags/example_python_decorator.py
[2025-04-08T01:37:09.576+0000] {processor.py:914} INFO - Processing file /home/airflow/.local/lib/python3.12/site-packages/airflow/example_dags/example_python_decorator.py for tasks to queue
[2025-04-08T01:37:09.609+0000] {logging_mixin.py:190} INFO - [2025-04-08T01:37:09.599+0000] {dagbag.py:588} INFO - Filling up the DagBag from /home/airflow/.local/lib/python3.12/site-packages/airflow/example_dags/example_python_decorator.py
[2025-04-08T01:37:09.801+0000] {processor.py:925} INFO - DAG(s) 'example_python_decorator' retrieved from /home/airflow/.local/lib/python3.12/site-packages/airflow/example_dags/example_python_decorator.py
[2025-04-08T01:37:10.262+0000] {logging_mixin.py:190} INFO - [2025-04-08T01:37:10.260+0000] {dag.py:3239} INFO - Sync 1 DAGs
[2025-04-08T01:37:10.569+0000] {logging_mixin.py:190} INFO - [2025-04-08T01:37:10.554+0000] {dag.py:4180} INFO - Setting next_dagrun for example_python_decorator to None, run_after=None
[2025-04-08T01:37:10.964+0000] {processor.py:208} INFO - Processing /home/airflow/.local/lib/python3.12/site-packages/airflow/example_dags/example_python_decorator.py took 1.444 seconds
[2025-04-08T01:38:00.262+0000] {processor.py:186} INFO - Started process (PID=9337) to work on /home/airflow/.local/lib/python3.12/site-packages/airflow/example_dags/example_python_decorator.py
[2025-04-08T01:38:00.265+0000] {processor.py:914} INFO - Processing file /home/airflow/.local/lib/python3.12/site-packages/airflow/example_dags/example_python_decorator.py for tasks to queue
[2025-04-08T01:38:00.270+0000] {logging_mixin.py:190} INFO - [2025-04-08T01:38:00.269+0000] {dagbag.py:588} INFO - Filling up the DagBag from /home/airflow/.local/lib/python3.12/site-packages/airflow/example_dags/example_python_decorator.py
[2025-04-08T01:38:00.365+0000] {processor.py:925} INFO - DAG(s) 'example_python_decorator' retrieved from /home/airflow/.local/lib/python3.12/site-packages/airflow/example_dags/example_python_decorator.py
[2025-04-08T01:38:00.510+0000] {logging_mixin.py:190} INFO - [2025-04-08T01:38:00.509+0000] {dag.py:3239} INFO - Sync 1 DAGs
[2025-04-08T01:38:00.611+0000] {logging_mixin.py:190} INFO - [2025-04-08T01:38:00.610+0000] {dag.py:4180} INFO - Setting next_dagrun for example_python_decorator to None, run_after=None
[2025-04-08T01:38:00.754+0000] {processor.py:208} INFO - Processing /home/airflow/.local/lib/python3.12/site-packages/airflow/example_dags/example_python_decorator.py took 0.514 seconds
[2025-04-08T01:38:32.402+0000] {processor.py:186} INFO - Started process (PID=9400) to work on /home/airflow/.local/lib/python3.12/site-packages/airflow/example_dags/example_python_decorator.py
[2025-04-08T01:38:32.407+0000] {processor.py:914} INFO - Processing file /home/airflow/.local/lib/python3.12/site-packages/airflow/example_dags/example_python_decorator.py for tasks to queue
[2025-04-08T01:38:32.418+0000] {logging_mixin.py:190} INFO - [2025-04-08T01:38:32.416+0000] {dagbag.py:588} INFO - Filling up the DagBag from /home/airflow/.local/lib/python3.12/site-packages/airflow/example_dags/example_python_decorator.py
[2025-04-08T01:38:32.508+0000] {processor.py:925} INFO - DAG(s) 'example_python_decorator' retrieved from /home/airflow/.local/lib/python3.12/site-packages/airflow/example_dags/example_python_decorator.py
[2025-04-08T01:38:32.640+0000] {logging_mixin.py:190} INFO - [2025-04-08T01:38:32.639+0000] {dag.py:3239} INFO - Sync 1 DAGs
[2025-04-08T01:38:32.773+0000] {logging_mixin.py:190} INFO - [2025-04-08T01:38:32.772+0000] {dag.py:4180} INFO - Setting next_dagrun for example_python_decorator to None, run_after=None
[2025-04-08T01:38:32.882+0000] {processor.py:208} INFO - Processing /home/airflow/.local/lib/python3.12/site-packages/airflow/example_dags/example_python_decorator.py took 0.521 seconds
[2025-04-08T01:39:03.941+0000] {processor.py:186} INFO - Started process (PID=9463) to work on /home/airflow/.local/lib/python3.12/site-packages/airflow/example_dags/example_python_decorator.py
[2025-04-08T01:39:03.944+0000] {processor.py:914} INFO - Processing file /home/airflow/.local/lib/python3.12/site-packages/airflow/example_dags/example_python_decorator.py for tasks to queue
[2025-04-08T01:39:03.950+0000] {logging_mixin.py:190} INFO - [2025-04-08T01:39:03.950+0000] {dagbag.py:588} INFO - Filling up the DagBag from /home/airflow/.local/lib/python3.12/site-packages/airflow/example_dags/example_python_decorator.py
[2025-04-08T01:39:04.000+0000] {processor.py:925} INFO - DAG(s) 'example_python_decorator' retrieved from /home/airflow/.local/lib/python3.12/site-packages/airflow/example_dags/example_python_decorator.py
[2025-04-08T01:39:04.111+0000] {logging_mixin.py:190} INFO - [2025-04-08T01:39:04.110+0000] {dag.py:3239} INFO - Sync 1 DAGs
[2025-04-08T01:39:04.176+0000] {logging_mixin.py:190} INFO - [2025-04-08T01:39:04.175+0000] {dag.py:4180} INFO - Setting next_dagrun for example_python_decorator to None, run_after=None
[2025-04-08T01:39:04.252+0000] {processor.py:208} INFO - Processing /home/airflow/.local/lib/python3.12/site-packages/airflow/example_dags/example_python_decorator.py took 0.329 seconds
[2025-04-08T01:39:38.240+0000] {processor.py:186} INFO - Started process (PID=9526) to work on /home/airflow/.local/lib/python3.12/site-packages/airflow/example_dags/example_python_decorator.py
[2025-04-08T01:39:38.255+0000] {processor.py:914} INFO - Processing file /home/airflow/.local/lib/python3.12/site-packages/airflow/example_dags/example_python_decorator.py for tasks to queue
[2025-04-08T01:39:38.266+0000] {logging_mixin.py:190} INFO - [2025-04-08T01:39:38.263+0000] {dagbag.py:588} INFO - Filling up the DagBag from /home/airflow/.local/lib/python3.12/site-packages/airflow/example_dags/example_python_decorator.py
[2025-04-08T01:39:38.417+0000] {processor.py:925} INFO - DAG(s) 'example_python_decorator' retrieved from /home/airflow/.local/lib/python3.12/site-packages/airflow/example_dags/example_python_decorator.py
[2025-04-08T01:39:38.633+0000] {logging_mixin.py:190} INFO - [2025-04-08T01:39:38.630+0000] {dag.py:3239} INFO - Sync 1 DAGs
[2025-04-08T01:39:38.812+0000] {logging_mixin.py:190} INFO - [2025-04-08T01:39:38.810+0000] {dag.py:4180} INFO - Setting next_dagrun for example_python_decorator to None, run_after=None
[2025-04-08T01:39:39.097+0000] {processor.py:208} INFO - Processing /home/airflow/.local/lib/python3.12/site-packages/airflow/example_dags/example_python_decorator.py took 0.938 seconds
[2025-04-08T01:40:09.885+0000] {processor.py:186} INFO - Started process (PID=9588) to work on /home/airflow/.local/lib/python3.12/site-packages/airflow/example_dags/example_python_decorator.py
[2025-04-08T01:40:09.888+0000] {processor.py:914} INFO - Processing file /home/airflow/.local/lib/python3.12/site-packages/airflow/example_dags/example_python_decorator.py for tasks to queue
[2025-04-08T01:40:09.892+0000] {logging_mixin.py:190} INFO - [2025-04-08T01:40:09.891+0000] {dagbag.py:588} INFO - Filling up the DagBag from /home/airflow/.local/lib/python3.12/site-packages/airflow/example_dags/example_python_decorator.py
[2025-04-08T01:40:09.916+0000] {processor.py:925} INFO - DAG(s) 'example_python_decorator' retrieved from /home/airflow/.local/lib/python3.12/site-packages/airflow/example_dags/example_python_decorator.py
[2025-04-08T01:40:09.961+0000] {logging_mixin.py:190} INFO - [2025-04-08T01:40:09.960+0000] {dag.py:3239} INFO - Sync 1 DAGs
[2025-04-08T01:40:09.989+0000] {logging_mixin.py:190} INFO - [2025-04-08T01:40:09.989+0000] {dag.py:4180} INFO - Setting next_dagrun for example_python_decorator to None, run_after=None
[2025-04-08T01:40:10.030+0000] {processor.py:208} INFO - Processing /home/airflow/.local/lib/python3.12/site-packages/airflow/example_dags/example_python_decorator.py took 0.154 seconds
[2025-04-08T01:40:43.024+0000] {processor.py:186} INFO - Started process (PID=9658) to work on /home/airflow/.local/lib/python3.12/site-packages/airflow/example_dags/example_python_decorator.py
[2025-04-08T01:40:43.030+0000] {processor.py:914} INFO - Processing file /home/airflow/.local/lib/python3.12/site-packages/airflow/example_dags/example_python_decorator.py for tasks to queue
[2025-04-08T01:40:43.040+0000] {logging_mixin.py:190} INFO - [2025-04-08T01:40:43.037+0000] {dagbag.py:588} INFO - Filling up the DagBag from /home/airflow/.local/lib/python3.12/site-packages/airflow/example_dags/example_python_decorator.py
[2025-04-08T01:40:43.095+0000] {processor.py:925} INFO - DAG(s) 'example_python_decorator' retrieved from /home/airflow/.local/lib/python3.12/site-packages/airflow/example_dags/example_python_decorator.py
[2025-04-08T01:40:43.207+0000] {logging_mixin.py:190} INFO - [2025-04-08T01:40:43.206+0000] {dag.py:3239} INFO - Sync 1 DAGs
[2025-04-08T01:40:43.318+0000] {logging_mixin.py:190} INFO - [2025-04-08T01:40:43.317+0000] {dag.py:4180} INFO - Setting next_dagrun for example_python_decorator to None, run_after=None
[2025-04-08T01:40:43.490+0000] {processor.py:208} INFO - Processing /home/airflow/.local/lib/python3.12/site-packages/airflow/example_dags/example_python_decorator.py took 0.489 seconds
[2025-04-08T01:41:13.730+0000] {processor.py:186} INFO - Started process (PID=9720) to work on /home/airflow/.local/lib/python3.12/site-packages/airflow/example_dags/example_python_decorator.py
[2025-04-08T01:41:13.733+0000] {processor.py:914} INFO - Processing file /home/airflow/.local/lib/python3.12/site-packages/airflow/example_dags/example_python_decorator.py for tasks to queue
[2025-04-08T01:41:13.737+0000] {logging_mixin.py:190} INFO - [2025-04-08T01:41:13.736+0000] {dagbag.py:588} INFO - Filling up the DagBag from /home/airflow/.local/lib/python3.12/site-packages/airflow/example_dags/example_python_decorator.py
[2025-04-08T01:41:13.763+0000] {processor.py:925} INFO - DAG(s) 'example_python_decorator' retrieved from /home/airflow/.local/lib/python3.12/site-packages/airflow/example_dags/example_python_decorator.py
[2025-04-08T01:41:13.812+0000] {logging_mixin.py:190} INFO - [2025-04-08T01:41:13.811+0000] {dag.py:3239} INFO - Sync 1 DAGs
[2025-04-08T01:41:13.844+0000] {logging_mixin.py:190} INFO - [2025-04-08T01:41:13.843+0000] {dag.py:4180} INFO - Setting next_dagrun for example_python_decorator to None, run_after=None
[2025-04-08T01:41:13.907+0000] {processor.py:208} INFO - Processing /home/airflow/.local/lib/python3.12/site-packages/airflow/example_dags/example_python_decorator.py took 0.188 seconds
[2025-04-08T01:41:44.149+0000] {processor.py:186} INFO - Started process (PID=9783) to work on /home/airflow/.local/lib/python3.12/site-packages/airflow/example_dags/example_python_decorator.py
[2025-04-08T01:41:44.152+0000] {processor.py:914} INFO - Processing file /home/airflow/.local/lib/python3.12/site-packages/airflow/example_dags/example_python_decorator.py for tasks to queue
[2025-04-08T01:41:44.156+0000] {logging_mixin.py:190} INFO - [2025-04-08T01:41:44.155+0000] {dagbag.py:588} INFO - Filling up the DagBag from /home/airflow/.local/lib/python3.12/site-packages/airflow/example_dags/example_python_decorator.py
[2025-04-08T01:41:44.180+0000] {processor.py:925} INFO - DAG(s) 'example_python_decorator' retrieved from /home/airflow/.local/lib/python3.12/site-packages/airflow/example_dags/example_python_decorator.py
[2025-04-08T01:41:44.241+0000] {logging_mixin.py:190} INFO - [2025-04-08T01:41:44.240+0000] {dag.py:3239} INFO - Sync 1 DAGs
[2025-04-08T01:41:44.277+0000] {logging_mixin.py:190} INFO - [2025-04-08T01:41:44.276+0000] {dag.py:4180} INFO - Setting next_dagrun for example_python_decorator to None, run_after=None
[2025-04-08T01:41:44.327+0000] {processor.py:208} INFO - Processing /home/airflow/.local/lib/python3.12/site-packages/airflow/example_dags/example_python_decorator.py took 0.190 seconds
[2025-04-08T01:42:24.834+0000] {processor.py:186} INFO - Started process (PID=9844) to work on /home/airflow/.local/lib/python3.12/site-packages/airflow/example_dags/example_python_decorator.py
[2025-04-08T01:42:24.849+0000] {processor.py:914} INFO - Processing file /home/airflow/.local/lib/python3.12/site-packages/airflow/example_dags/example_python_decorator.py for tasks to queue
[2025-04-08T01:42:24.869+0000] {logging_mixin.py:190} INFO - [2025-04-08T01:42:24.867+0000] {dagbag.py:588} INFO - Filling up the DagBag from /home/airflow/.local/lib/python3.12/site-packages/airflow/example_dags/example_python_decorator.py
[2025-04-08T01:42:25.166+0000] {processor.py:925} INFO - DAG(s) 'example_python_decorator' retrieved from /home/airflow/.local/lib/python3.12/site-packages/airflow/example_dags/example_python_decorator.py
[2025-04-08T01:42:25.536+0000] {logging_mixin.py:190} INFO - [2025-04-08T01:42:25.535+0000] {dag.py:3239} INFO - Sync 1 DAGs
[2025-04-08T01:42:25.719+0000] {logging_mixin.py:190} INFO - [2025-04-08T01:42:25.719+0000] {dag.py:4180} INFO - Setting next_dagrun for example_python_decorator to None, run_after=None
[2025-04-08T01:42:25.986+0000] {processor.py:208} INFO - Processing /home/airflow/.local/lib/python3.12/site-packages/airflow/example_dags/example_python_decorator.py took 1.254 seconds
