[2025-04-08T00:26:21.147+0000] {processor.py:186} INFO - Started process (PID=5784) to work on /home/airflow/.local/lib/python3.12/site-packages/airflow/example_dags/example_sla_dag.py
[2025-04-08T00:26:21.154+0000] {processor.py:914} INFO - Processing file /home/airflow/.local/lib/python3.12/site-packages/airflow/example_dags/example_sla_dag.py for tasks to queue
[2025-04-08T00:26:21.164+0000] {logging_mixin.py:190} INFO - [2025-04-08T00:26:21.163+0000] {dagbag.py:588} INFO - Filling up the DagBag from /home/airflow/.local/lib/python3.12/site-packages/airflow/example_dags/example_sla_dag.py
[2025-04-08T00:26:21.226+0000] {processor.py:925} INFO - DAG(s) 'example_sla_dag' retrieved from /home/airflow/.local/lib/python3.12/site-packages/airflow/example_dags/example_sla_dag.py
[2025-04-08T00:26:21.315+0000] {logging_mixin.py:190} INFO - [2025-04-08T00:26:21.315+0000] {dag.py:3239} INFO - Sync 1 DAGs
[2025-04-08T00:26:21.416+0000] {logging_mixin.py:190} INFO - [2025-04-08T00:26:21.410+0000] {dag.py:4180} INFO - Setting next_dagrun for example_sla_dag to 2025-04-08 00:24:00+00:00, run_after=2025-04-08 00:26:00+00:00
[2025-04-08T00:26:21.492+0000] {processor.py:208} INFO - Processing /home/airflow/.local/lib/python3.12/site-packages/airflow/example_dags/example_sla_dag.py took 0.376 seconds
[2025-04-08T00:43:37.977+0000] {processor.py:186} INFO - Started process (PID=5848) to work on /home/airflow/.local/lib/python3.12/site-packages/airflow/example_dags/example_sla_dag.py
[2025-04-08T00:43:37.980+0000] {processor.py:914} INFO - Processing file /home/airflow/.local/lib/python3.12/site-packages/airflow/example_dags/example_sla_dag.py for tasks to queue
[2025-04-08T00:43:37.991+0000] {logging_mixin.py:190} INFO - [2025-04-08T00:43:37.990+0000] {dagbag.py:588} INFO - Filling up the DagBag from /home/airflow/.local/lib/python3.12/site-packages/airflow/example_dags/example_sla_dag.py
[2025-04-08T00:43:38.040+0000] {processor.py:925} INFO - DAG(s) 'example_sla_dag' retrieved from /home/airflow/.local/lib/python3.12/site-packages/airflow/example_dags/example_sla_dag.py
[2025-04-08T00:43:38.097+0000] {logging_mixin.py:190} INFO - [2025-04-08T00:43:38.097+0000] {dag.py:3239} INFO - Sync 1 DAGs
[2025-04-08T00:43:38.180+0000] {logging_mixin.py:190} INFO - [2025-04-08T00:43:38.179+0000] {dag.py:4180} INFO - Setting next_dagrun for example_sla_dag to 2025-04-08 00:40:00+00:00, run_after=2025-04-08 00:42:00+00:00
[2025-04-08T00:43:38.243+0000] {processor.py:208} INFO - Processing /home/airflow/.local/lib/python3.12/site-packages/airflow/example_dags/example_sla_dag.py took 0.274 seconds
[2025-04-08T00:44:09.680+0000] {processor.py:186} INFO - Started process (PID=5910) to work on /home/airflow/.local/lib/python3.12/site-packages/airflow/example_dags/example_sla_dag.py
[2025-04-08T00:44:09.683+0000] {processor.py:914} INFO - Processing file /home/airflow/.local/lib/python3.12/site-packages/airflow/example_dags/example_sla_dag.py for tasks to queue
[2025-04-08T00:44:09.686+0000] {logging_mixin.py:190} INFO - [2025-04-08T00:44:09.685+0000] {dagbag.py:588} INFO - Filling up the DagBag from /home/airflow/.local/lib/python3.12/site-packages/airflow/example_dags/example_sla_dag.py
[2025-04-08T00:44:09.710+0000] {processor.py:925} INFO - DAG(s) 'example_sla_dag' retrieved from /home/airflow/.local/lib/python3.12/site-packages/airflow/example_dags/example_sla_dag.py
[2025-04-08T00:44:09.759+0000] {logging_mixin.py:190} INFO - [2025-04-08T00:44:09.759+0000] {dag.py:3239} INFO - Sync 1 DAGs
[2025-04-08T00:44:09.897+0000] {logging_mixin.py:190} INFO - [2025-04-08T00:44:09.897+0000] {dag.py:4180} INFO - Setting next_dagrun for example_sla_dag to 2025-04-08 00:42:00+00:00, run_after=2025-04-08 00:44:00+00:00
[2025-04-08T00:44:09.967+0000] {processor.py:208} INFO - Processing /home/airflow/.local/lib/python3.12/site-packages/airflow/example_dags/example_sla_dag.py took 0.301 seconds
[2025-04-08T00:44:40.067+0000] {processor.py:186} INFO - Started process (PID=5972) to work on /home/airflow/.local/lib/python3.12/site-packages/airflow/example_dags/example_sla_dag.py
[2025-04-08T00:44:40.069+0000] {processor.py:914} INFO - Processing file /home/airflow/.local/lib/python3.12/site-packages/airflow/example_dags/example_sla_dag.py for tasks to queue
[2025-04-08T00:44:40.071+0000] {logging_mixin.py:190} INFO - [2025-04-08T00:44:40.071+0000] {dagbag.py:588} INFO - Filling up the DagBag from /home/airflow/.local/lib/python3.12/site-packages/airflow/example_dags/example_sla_dag.py
[2025-04-08T00:44:40.088+0000] {processor.py:925} INFO - DAG(s) 'example_sla_dag' retrieved from /home/airflow/.local/lib/python3.12/site-packages/airflow/example_dags/example_sla_dag.py
[2025-04-08T00:44:40.119+0000] {logging_mixin.py:190} INFO - [2025-04-08T00:44:40.118+0000] {dag.py:3239} INFO - Sync 1 DAGs
[2025-04-08T00:44:40.156+0000] {logging_mixin.py:190} INFO - [2025-04-08T00:44:40.156+0000] {dag.py:4180} INFO - Setting next_dagrun for example_sla_dag to 2025-04-08 00:42:00+00:00, run_after=2025-04-08 00:44:00+00:00
[2025-04-08T00:44:40.194+0000] {processor.py:208} INFO - Processing /home/airflow/.local/lib/python3.12/site-packages/airflow/example_dags/example_sla_dag.py took 0.135 seconds
[2025-04-08T00:45:10.323+0000] {processor.py:186} INFO - Started process (PID=6032) to work on /home/airflow/.local/lib/python3.12/site-packages/airflow/example_dags/example_sla_dag.py
[2025-04-08T00:45:10.327+0000] {processor.py:914} INFO - Processing file /home/airflow/.local/lib/python3.12/site-packages/airflow/example_dags/example_sla_dag.py for tasks to queue
[2025-04-08T00:45:10.331+0000] {logging_mixin.py:190} INFO - [2025-04-08T00:45:10.330+0000] {dagbag.py:588} INFO - Filling up the DagBag from /home/airflow/.local/lib/python3.12/site-packages/airflow/example_dags/example_sla_dag.py
[2025-04-08T00:45:10.343+0000] {processor.py:925} INFO - DAG(s) 'example_sla_dag' retrieved from /home/airflow/.local/lib/python3.12/site-packages/airflow/example_dags/example_sla_dag.py
[2025-04-08T00:45:10.369+0000] {logging_mixin.py:190} INFO - [2025-04-08T00:45:10.369+0000] {dag.py:3239} INFO - Sync 1 DAGs
[2025-04-08T00:45:10.409+0000] {logging_mixin.py:190} INFO - [2025-04-08T00:45:10.409+0000] {dag.py:4180} INFO - Setting next_dagrun for example_sla_dag to 2025-04-08 00:42:00+00:00, run_after=2025-04-08 00:44:00+00:00
[2025-04-08T00:45:10.442+0000] {processor.py:208} INFO - Processing /home/airflow/.local/lib/python3.12/site-packages/airflow/example_dags/example_sla_dag.py took 0.125 seconds
[2025-04-08T00:45:40.519+0000] {processor.py:186} INFO - Started process (PID=6095) to work on /home/airflow/.local/lib/python3.12/site-packages/airflow/example_dags/example_sla_dag.py
[2025-04-08T00:45:40.521+0000] {processor.py:914} INFO - Processing file /home/airflow/.local/lib/python3.12/site-packages/airflow/example_dags/example_sla_dag.py for tasks to queue
[2025-04-08T00:45:40.522+0000] {logging_mixin.py:190} INFO - [2025-04-08T00:45:40.522+0000] {dagbag.py:588} INFO - Filling up the DagBag from /home/airflow/.local/lib/python3.12/site-packages/airflow/example_dags/example_sla_dag.py
[2025-04-08T00:45:40.534+0000] {processor.py:925} INFO - DAG(s) 'example_sla_dag' retrieved from /home/airflow/.local/lib/python3.12/site-packages/airflow/example_dags/example_sla_dag.py
[2025-04-08T00:45:40.556+0000] {logging_mixin.py:190} INFO - [2025-04-08T00:45:40.556+0000] {dag.py:3239} INFO - Sync 1 DAGs
[2025-04-08T00:45:40.586+0000] {logging_mixin.py:190} INFO - [2025-04-08T00:45:40.585+0000] {dag.py:4180} INFO - Setting next_dagrun for example_sla_dag to 2025-04-08 00:42:00+00:00, run_after=2025-04-08 00:44:00+00:00
[2025-04-08T00:45:40.603+0000] {processor.py:208} INFO - Processing /home/airflow/.local/lib/python3.12/site-packages/airflow/example_dags/example_sla_dag.py took 0.088 seconds
[2025-04-08T00:46:11.573+0000] {processor.py:186} INFO - Started process (PID=6157) to work on /home/airflow/.local/lib/python3.12/site-packages/airflow/example_dags/example_sla_dag.py
[2025-04-08T00:46:11.574+0000] {processor.py:914} INFO - Processing file /home/airflow/.local/lib/python3.12/site-packages/airflow/example_dags/example_sla_dag.py for tasks to queue
[2025-04-08T00:46:11.577+0000] {logging_mixin.py:190} INFO - [2025-04-08T00:46:11.576+0000] {dagbag.py:588} INFO - Filling up the DagBag from /home/airflow/.local/lib/python3.12/site-packages/airflow/example_dags/example_sla_dag.py
[2025-04-08T00:46:11.591+0000] {processor.py:925} INFO - DAG(s) 'example_sla_dag' retrieved from /home/airflow/.local/lib/python3.12/site-packages/airflow/example_dags/example_sla_dag.py
[2025-04-08T00:46:11.621+0000] {logging_mixin.py:190} INFO - [2025-04-08T00:46:11.619+0000] {dag.py:3239} INFO - Sync 1 DAGs
[2025-04-08T00:46:11.667+0000] {logging_mixin.py:190} INFO - [2025-04-08T00:46:11.667+0000] {dag.py:4180} INFO - Setting next_dagrun for example_sla_dag to 2025-04-08 00:44:00+00:00, run_after=2025-04-08 00:46:00+00:00
[2025-04-08T00:46:11.704+0000] {processor.py:208} INFO - Processing /home/airflow/.local/lib/python3.12/site-packages/airflow/example_dags/example_sla_dag.py took 0.145 seconds
[2025-04-08T00:46:42.082+0000] {processor.py:186} INFO - Started process (PID=6220) to work on /home/airflow/.local/lib/python3.12/site-packages/airflow/example_dags/example_sla_dag.py
[2025-04-08T00:46:42.083+0000] {processor.py:914} INFO - Processing file /home/airflow/.local/lib/python3.12/site-packages/airflow/example_dags/example_sla_dag.py for tasks to queue
[2025-04-08T00:46:42.084+0000] {logging_mixin.py:190} INFO - [2025-04-08T00:46:42.084+0000] {dagbag.py:588} INFO - Filling up the DagBag from /home/airflow/.local/lib/python3.12/site-packages/airflow/example_dags/example_sla_dag.py
[2025-04-08T00:46:42.094+0000] {processor.py:925} INFO - DAG(s) 'example_sla_dag' retrieved from /home/airflow/.local/lib/python3.12/site-packages/airflow/example_dags/example_sla_dag.py
[2025-04-08T00:46:42.110+0000] {logging_mixin.py:190} INFO - [2025-04-08T00:46:42.110+0000] {dag.py:3239} INFO - Sync 1 DAGs
[2025-04-08T00:46:42.132+0000] {logging_mixin.py:190} INFO - [2025-04-08T00:46:42.132+0000] {dag.py:4180} INFO - Setting next_dagrun for example_sla_dag to 2025-04-08 00:44:00+00:00, run_after=2025-04-08 00:46:00+00:00
[2025-04-08T00:46:42.150+0000] {processor.py:208} INFO - Processing /home/airflow/.local/lib/python3.12/site-packages/airflow/example_dags/example_sla_dag.py took 0.072 seconds
[2025-04-08T00:47:12.254+0000] {processor.py:186} INFO - Started process (PID=6284) to work on /home/airflow/.local/lib/python3.12/site-packages/airflow/example_dags/example_sla_dag.py
[2025-04-08T00:47:12.255+0000] {processor.py:914} INFO - Processing file /home/airflow/.local/lib/python3.12/site-packages/airflow/example_dags/example_sla_dag.py for tasks to queue
[2025-04-08T00:47:12.257+0000] {logging_mixin.py:190} INFO - [2025-04-08T00:47:12.257+0000] {dagbag.py:588} INFO - Filling up the DagBag from /home/airflow/.local/lib/python3.12/site-packages/airflow/example_dags/example_sla_dag.py
[2025-04-08T00:47:12.272+0000] {processor.py:925} INFO - DAG(s) 'example_sla_dag' retrieved from /home/airflow/.local/lib/python3.12/site-packages/airflow/example_dags/example_sla_dag.py
[2025-04-08T00:47:12.296+0000] {logging_mixin.py:190} INFO - [2025-04-08T00:47:12.295+0000] {dag.py:3239} INFO - Sync 1 DAGs
[2025-04-08T00:47:12.330+0000] {logging_mixin.py:190} INFO - [2025-04-08T00:47:12.330+0000] {dag.py:4180} INFO - Setting next_dagrun for example_sla_dag to 2025-04-08 00:44:00+00:00, run_after=2025-04-08 00:46:00+00:00
[2025-04-08T00:47:12.354+0000] {processor.py:208} INFO - Processing /home/airflow/.local/lib/python3.12/site-packages/airflow/example_dags/example_sla_dag.py took 0.108 seconds
[2025-04-08T00:47:43.333+0000] {processor.py:186} INFO - Started process (PID=6345) to work on /home/airflow/.local/lib/python3.12/site-packages/airflow/example_dags/example_sla_dag.py
[2025-04-08T00:47:43.334+0000] {processor.py:914} INFO - Processing file /home/airflow/.local/lib/python3.12/site-packages/airflow/example_dags/example_sla_dag.py for tasks to queue
[2025-04-08T00:47:43.336+0000] {logging_mixin.py:190} INFO - [2025-04-08T00:47:43.335+0000] {dagbag.py:588} INFO - Filling up the DagBag from /home/airflow/.local/lib/python3.12/site-packages/airflow/example_dags/example_sla_dag.py
[2025-04-08T00:47:43.345+0000] {processor.py:925} INFO - DAG(s) 'example_sla_dag' retrieved from /home/airflow/.local/lib/python3.12/site-packages/airflow/example_dags/example_sla_dag.py
[2025-04-08T00:47:43.362+0000] {logging_mixin.py:190} INFO - [2025-04-08T00:47:43.362+0000] {dag.py:3239} INFO - Sync 1 DAGs
[2025-04-08T00:47:43.384+0000] {logging_mixin.py:190} INFO - [2025-04-08T00:47:43.384+0000] {dag.py:4180} INFO - Setting next_dagrun for example_sla_dag to 2025-04-08 00:44:00+00:00, run_after=2025-04-08 00:46:00+00:00
[2025-04-08T00:47:43.403+0000] {processor.py:208} INFO - Processing /home/airflow/.local/lib/python3.12/site-packages/airflow/example_dags/example_sla_dag.py took 0.075 seconds
[2025-04-08T00:48:14.245+0000] {processor.py:186} INFO - Started process (PID=6408) to work on /home/airflow/.local/lib/python3.12/site-packages/airflow/example_dags/example_sla_dag.py
[2025-04-08T00:48:14.247+0000] {processor.py:914} INFO - Processing file /home/airflow/.local/lib/python3.12/site-packages/airflow/example_dags/example_sla_dag.py for tasks to queue
[2025-04-08T00:48:14.251+0000] {logging_mixin.py:190} INFO - [2025-04-08T00:48:14.250+0000] {dagbag.py:588} INFO - Filling up the DagBag from /home/airflow/.local/lib/python3.12/site-packages/airflow/example_dags/example_sla_dag.py
[2025-04-08T00:48:14.260+0000] {processor.py:925} INFO - DAG(s) 'example_sla_dag' retrieved from /home/airflow/.local/lib/python3.12/site-packages/airflow/example_dags/example_sla_dag.py
[2025-04-08T00:48:14.277+0000] {logging_mixin.py:190} INFO - [2025-04-08T00:48:14.277+0000] {dag.py:3239} INFO - Sync 1 DAGs
[2025-04-08T00:48:14.299+0000] {logging_mixin.py:190} INFO - [2025-04-08T00:48:14.299+0000] {dag.py:4180} INFO - Setting next_dagrun for example_sla_dag to 2025-04-08 00:46:00+00:00, run_after=2025-04-08 00:48:00+00:00
[2025-04-08T00:48:14.316+0000] {processor.py:208} INFO - Processing /home/airflow/.local/lib/python3.12/site-packages/airflow/example_dags/example_sla_dag.py took 0.076 seconds
[2025-04-08T00:48:45.246+0000] {processor.py:186} INFO - Started process (PID=6471) to work on /home/airflow/.local/lib/python3.12/site-packages/airflow/example_dags/example_sla_dag.py
[2025-04-08T00:48:45.247+0000] {processor.py:914} INFO - Processing file /home/airflow/.local/lib/python3.12/site-packages/airflow/example_dags/example_sla_dag.py for tasks to queue
[2025-04-08T00:48:45.250+0000] {logging_mixin.py:190} INFO - [2025-04-08T00:48:45.250+0000] {dagbag.py:588} INFO - Filling up the DagBag from /home/airflow/.local/lib/python3.12/site-packages/airflow/example_dags/example_sla_dag.py
[2025-04-08T00:48:45.261+0000] {processor.py:925} INFO - DAG(s) 'example_sla_dag' retrieved from /home/airflow/.local/lib/python3.12/site-packages/airflow/example_dags/example_sla_dag.py
[2025-04-08T00:48:45.288+0000] {logging_mixin.py:190} INFO - [2025-04-08T00:48:45.288+0000] {dag.py:3239} INFO - Sync 1 DAGs
[2025-04-08T00:48:45.324+0000] {logging_mixin.py:190} INFO - [2025-04-08T00:48:45.324+0000] {dag.py:4180} INFO - Setting next_dagrun for example_sla_dag to 2025-04-08 00:46:00+00:00, run_after=2025-04-08 00:48:00+00:00
[2025-04-08T00:48:45.356+0000] {processor.py:208} INFO - Processing /home/airflow/.local/lib/python3.12/site-packages/airflow/example_dags/example_sla_dag.py took 0.117 seconds
[2025-04-08T00:49:15.422+0000] {processor.py:186} INFO - Started process (PID=6534) to work on /home/airflow/.local/lib/python3.12/site-packages/airflow/example_dags/example_sla_dag.py
[2025-04-08T00:49:15.423+0000] {processor.py:914} INFO - Processing file /home/airflow/.local/lib/python3.12/site-packages/airflow/example_dags/example_sla_dag.py for tasks to queue
[2025-04-08T00:49:15.424+0000] {logging_mixin.py:190} INFO - [2025-04-08T00:49:15.424+0000] {dagbag.py:588} INFO - Filling up the DagBag from /home/airflow/.local/lib/python3.12/site-packages/airflow/example_dags/example_sla_dag.py
[2025-04-08T00:49:15.435+0000] {processor.py:925} INFO - DAG(s) 'example_sla_dag' retrieved from /home/airflow/.local/lib/python3.12/site-packages/airflow/example_dags/example_sla_dag.py
[2025-04-08T00:49:15.458+0000] {logging_mixin.py:190} INFO - [2025-04-08T00:49:15.457+0000] {dag.py:3239} INFO - Sync 1 DAGs
[2025-04-08T00:49:15.483+0000] {logging_mixin.py:190} INFO - [2025-04-08T00:49:15.482+0000] {dag.py:4180} INFO - Setting next_dagrun for example_sla_dag to 2025-04-08 00:46:00+00:00, run_after=2025-04-08 00:48:00+00:00
[2025-04-08T00:49:15.510+0000] {processor.py:208} INFO - Processing /home/airflow/.local/lib/python3.12/site-packages/airflow/example_dags/example_sla_dag.py took 0.094 seconds
[2025-04-08T00:49:45.749+0000] {processor.py:186} INFO - Started process (PID=6597) to work on /home/airflow/.local/lib/python3.12/site-packages/airflow/example_dags/example_sla_dag.py
[2025-04-08T00:49:45.750+0000] {processor.py:914} INFO - Processing file /home/airflow/.local/lib/python3.12/site-packages/airflow/example_dags/example_sla_dag.py for tasks to queue
[2025-04-08T00:49:45.751+0000] {logging_mixin.py:190} INFO - [2025-04-08T00:49:45.751+0000] {dagbag.py:588} INFO - Filling up the DagBag from /home/airflow/.local/lib/python3.12/site-packages/airflow/example_dags/example_sla_dag.py
[2025-04-08T00:49:45.764+0000] {processor.py:925} INFO - DAG(s) 'example_sla_dag' retrieved from /home/airflow/.local/lib/python3.12/site-packages/airflow/example_dags/example_sla_dag.py
[2025-04-08T00:49:45.786+0000] {logging_mixin.py:190} INFO - [2025-04-08T00:49:45.785+0000] {dag.py:3239} INFO - Sync 1 DAGs
[2025-04-08T00:49:45.815+0000] {logging_mixin.py:190} INFO - [2025-04-08T00:49:45.814+0000] {dag.py:4180} INFO - Setting next_dagrun for example_sla_dag to 2025-04-08 00:46:00+00:00, run_after=2025-04-08 00:48:00+00:00
[2025-04-08T00:49:45.837+0000] {processor.py:208} INFO - Processing /home/airflow/.local/lib/python3.12/site-packages/airflow/example_dags/example_sla_dag.py took 0.095 seconds
[2025-04-08T00:50:16.275+0000] {processor.py:186} INFO - Started process (PID=6660) to work on /home/airflow/.local/lib/python3.12/site-packages/airflow/example_dags/example_sla_dag.py
[2025-04-08T00:50:16.277+0000] {processor.py:914} INFO - Processing file /home/airflow/.local/lib/python3.12/site-packages/airflow/example_dags/example_sla_dag.py for tasks to queue
[2025-04-08T00:50:16.278+0000] {logging_mixin.py:190} INFO - [2025-04-08T00:50:16.278+0000] {dagbag.py:588} INFO - Filling up the DagBag from /home/airflow/.local/lib/python3.12/site-packages/airflow/example_dags/example_sla_dag.py
[2025-04-08T00:50:16.291+0000] {processor.py:925} INFO - DAG(s) 'example_sla_dag' retrieved from /home/airflow/.local/lib/python3.12/site-packages/airflow/example_dags/example_sla_dag.py
[2025-04-08T00:50:16.320+0000] {logging_mixin.py:190} INFO - [2025-04-08T00:50:16.319+0000] {dag.py:3239} INFO - Sync 1 DAGs
[2025-04-08T00:50:16.354+0000] {logging_mixin.py:190} INFO - [2025-04-08T00:50:16.353+0000] {dag.py:4180} INFO - Setting next_dagrun for example_sla_dag to 2025-04-08 00:48:00+00:00, run_after=2025-04-08 00:50:00+00:00
[2025-04-08T00:50:16.384+0000] {processor.py:208} INFO - Processing /home/airflow/.local/lib/python3.12/site-packages/airflow/example_dags/example_sla_dag.py took 0.117 seconds
[2025-04-08T00:50:46.646+0000] {processor.py:186} INFO - Started process (PID=6723) to work on /home/airflow/.local/lib/python3.12/site-packages/airflow/example_dags/example_sla_dag.py
[2025-04-08T00:50:46.647+0000] {processor.py:914} INFO - Processing file /home/airflow/.local/lib/python3.12/site-packages/airflow/example_dags/example_sla_dag.py for tasks to queue
[2025-04-08T00:50:46.649+0000] {logging_mixin.py:190} INFO - [2025-04-08T00:50:46.648+0000] {dagbag.py:588} INFO - Filling up the DagBag from /home/airflow/.local/lib/python3.12/site-packages/airflow/example_dags/example_sla_dag.py
[2025-04-08T00:50:46.659+0000] {processor.py:925} INFO - DAG(s) 'example_sla_dag' retrieved from /home/airflow/.local/lib/python3.12/site-packages/airflow/example_dags/example_sla_dag.py
[2025-04-08T00:50:46.683+0000] {logging_mixin.py:190} INFO - [2025-04-08T00:50:46.683+0000] {dag.py:3239} INFO - Sync 1 DAGs
[2025-04-08T00:50:46.717+0000] {logging_mixin.py:190} INFO - [2025-04-08T00:50:46.717+0000] {dag.py:4180} INFO - Setting next_dagrun for example_sla_dag to 2025-04-08 00:48:00+00:00, run_after=2025-04-08 00:50:00+00:00
[2025-04-08T00:50:46.740+0000] {processor.py:208} INFO - Processing /home/airflow/.local/lib/python3.12/site-packages/airflow/example_dags/example_sla_dag.py took 0.100 seconds
[2025-04-08T00:51:16.864+0000] {processor.py:186} INFO - Started process (PID=6786) to work on /home/airflow/.local/lib/python3.12/site-packages/airflow/example_dags/example_sla_dag.py
[2025-04-08T00:51:16.866+0000] {processor.py:914} INFO - Processing file /home/airflow/.local/lib/python3.12/site-packages/airflow/example_dags/example_sla_dag.py for tasks to queue
[2025-04-08T00:51:16.870+0000] {logging_mixin.py:190} INFO - [2025-04-08T00:51:16.869+0000] {dagbag.py:588} INFO - Filling up the DagBag from /home/airflow/.local/lib/python3.12/site-packages/airflow/example_dags/example_sla_dag.py
[2025-04-08T00:51:16.904+0000] {processor.py:925} INFO - DAG(s) 'example_sla_dag' retrieved from /home/airflow/.local/lib/python3.12/site-packages/airflow/example_dags/example_sla_dag.py
[2025-04-08T00:51:16.950+0000] {logging_mixin.py:190} INFO - [2025-04-08T00:51:16.950+0000] {dag.py:3239} INFO - Sync 1 DAGs
[2025-04-08T00:51:17.014+0000] {logging_mixin.py:190} INFO - [2025-04-08T00:51:17.013+0000] {dag.py:4180} INFO - Setting next_dagrun for example_sla_dag to 2025-04-08 00:48:00+00:00, run_after=2025-04-08 00:50:00+00:00
[2025-04-08T00:51:17.049+0000] {processor.py:208} INFO - Processing /home/airflow/.local/lib/python3.12/site-packages/airflow/example_dags/example_sla_dag.py took 0.199 seconds
[2025-04-08T00:51:47.184+0000] {processor.py:186} INFO - Started process (PID=6849) to work on /home/airflow/.local/lib/python3.12/site-packages/airflow/example_dags/example_sla_dag.py
[2025-04-08T00:51:47.185+0000] {processor.py:914} INFO - Processing file /home/airflow/.local/lib/python3.12/site-packages/airflow/example_dags/example_sla_dag.py for tasks to queue
[2025-04-08T00:51:47.188+0000] {logging_mixin.py:190} INFO - [2025-04-08T00:51:47.187+0000] {dagbag.py:588} INFO - Filling up the DagBag from /home/airflow/.local/lib/python3.12/site-packages/airflow/example_dags/example_sla_dag.py
[2025-04-08T00:51:47.201+0000] {processor.py:925} INFO - DAG(s) 'example_sla_dag' retrieved from /home/airflow/.local/lib/python3.12/site-packages/airflow/example_dags/example_sla_dag.py
[2025-04-08T00:51:47.228+0000] {logging_mixin.py:190} INFO - [2025-04-08T00:51:47.228+0000] {dag.py:3239} INFO - Sync 1 DAGs
[2025-04-08T00:51:47.263+0000] {logging_mixin.py:190} INFO - [2025-04-08T00:51:47.262+0000] {dag.py:4180} INFO - Setting next_dagrun for example_sla_dag to 2025-04-08 00:48:00+00:00, run_after=2025-04-08 00:50:00+00:00
[2025-04-08T00:51:47.286+0000] {processor.py:208} INFO - Processing /home/airflow/.local/lib/python3.12/site-packages/airflow/example_dags/example_sla_dag.py took 0.112 seconds
[2025-04-08T00:52:17.646+0000] {processor.py:186} INFO - Started process (PID=6912) to work on /home/airflow/.local/lib/python3.12/site-packages/airflow/example_dags/example_sla_dag.py
[2025-04-08T00:52:17.647+0000] {processor.py:914} INFO - Processing file /home/airflow/.local/lib/python3.12/site-packages/airflow/example_dags/example_sla_dag.py for tasks to queue
[2025-04-08T00:52:17.648+0000] {logging_mixin.py:190} INFO - [2025-04-08T00:52:17.648+0000] {dagbag.py:588} INFO - Filling up the DagBag from /home/airflow/.local/lib/python3.12/site-packages/airflow/example_dags/example_sla_dag.py
[2025-04-08T00:52:17.658+0000] {processor.py:925} INFO - DAG(s) 'example_sla_dag' retrieved from /home/airflow/.local/lib/python3.12/site-packages/airflow/example_dags/example_sla_dag.py
[2025-04-08T00:52:17.678+0000] {logging_mixin.py:190} INFO - [2025-04-08T00:52:17.678+0000] {dag.py:3239} INFO - Sync 1 DAGs
[2025-04-08T00:52:17.704+0000] {logging_mixin.py:190} INFO - [2025-04-08T00:52:17.704+0000] {dag.py:4180} INFO - Setting next_dagrun for example_sla_dag to 2025-04-08 00:50:00+00:00, run_after=2025-04-08 00:52:00+00:00
[2025-04-08T00:52:17.724+0000] {processor.py:208} INFO - Processing /home/airflow/.local/lib/python3.12/site-packages/airflow/example_dags/example_sla_dag.py took 0.083 seconds
[2025-04-08T00:52:48.698+0000] {processor.py:186} INFO - Started process (PID=6975) to work on /home/airflow/.local/lib/python3.12/site-packages/airflow/example_dags/example_sla_dag.py
[2025-04-08T00:52:48.701+0000] {processor.py:914} INFO - Processing file /home/airflow/.local/lib/python3.12/site-packages/airflow/example_dags/example_sla_dag.py for tasks to queue
[2025-04-08T00:52:48.705+0000] {logging_mixin.py:190} INFO - [2025-04-08T00:52:48.704+0000] {dagbag.py:588} INFO - Filling up the DagBag from /home/airflow/.local/lib/python3.12/site-packages/airflow/example_dags/example_sla_dag.py
[2025-04-08T00:52:48.727+0000] {processor.py:925} INFO - DAG(s) 'example_sla_dag' retrieved from /home/airflow/.local/lib/python3.12/site-packages/airflow/example_dags/example_sla_dag.py
[2025-04-08T00:52:48.759+0000] {logging_mixin.py:190} INFO - [2025-04-08T00:52:48.758+0000] {dag.py:3239} INFO - Sync 1 DAGs
[2025-04-08T00:52:48.809+0000] {logging_mixin.py:190} INFO - [2025-04-08T00:52:48.809+0000] {dag.py:4180} INFO - Setting next_dagrun for example_sla_dag to 2025-04-08 00:50:00+00:00, run_after=2025-04-08 00:52:00+00:00
[2025-04-08T00:52:48.855+0000] {processor.py:208} INFO - Processing /home/airflow/.local/lib/python3.12/site-packages/airflow/example_dags/example_sla_dag.py took 0.165 seconds
[2025-04-08T00:53:19.240+0000] {processor.py:186} INFO - Started process (PID=7039) to work on /home/airflow/.local/lib/python3.12/site-packages/airflow/example_dags/example_sla_dag.py
[2025-04-08T00:53:19.242+0000] {processor.py:914} INFO - Processing file /home/airflow/.local/lib/python3.12/site-packages/airflow/example_dags/example_sla_dag.py for tasks to queue
[2025-04-08T00:53:19.244+0000] {logging_mixin.py:190} INFO - [2025-04-08T00:53:19.243+0000] {dagbag.py:588} INFO - Filling up the DagBag from /home/airflow/.local/lib/python3.12/site-packages/airflow/example_dags/example_sla_dag.py
[2025-04-08T00:53:19.262+0000] {processor.py:925} INFO - DAG(s) 'example_sla_dag' retrieved from /home/airflow/.local/lib/python3.12/site-packages/airflow/example_dags/example_sla_dag.py
[2025-04-08T00:53:19.290+0000] {logging_mixin.py:190} INFO - [2025-04-08T00:53:19.290+0000] {dag.py:3239} INFO - Sync 1 DAGs
[2025-04-08T00:53:19.330+0000] {logging_mixin.py:190} INFO - [2025-04-08T00:53:19.330+0000] {dag.py:4180} INFO - Setting next_dagrun for example_sla_dag to 2025-04-08 00:50:00+00:00, run_after=2025-04-08 00:52:00+00:00
[2025-04-08T00:53:19.362+0000] {processor.py:208} INFO - Processing /home/airflow/.local/lib/python3.12/site-packages/airflow/example_dags/example_sla_dag.py took 0.130 seconds
[2025-04-08T00:53:49.919+0000] {processor.py:186} INFO - Started process (PID=7102) to work on /home/airflow/.local/lib/python3.12/site-packages/airflow/example_dags/example_sla_dag.py
[2025-04-08T00:53:49.920+0000] {processor.py:914} INFO - Processing file /home/airflow/.local/lib/python3.12/site-packages/airflow/example_dags/example_sla_dag.py for tasks to queue
[2025-04-08T00:53:49.922+0000] {logging_mixin.py:190} INFO - [2025-04-08T00:53:49.922+0000] {dagbag.py:588} INFO - Filling up the DagBag from /home/airflow/.local/lib/python3.12/site-packages/airflow/example_dags/example_sla_dag.py
[2025-04-08T00:53:49.935+0000] {processor.py:925} INFO - DAG(s) 'example_sla_dag' retrieved from /home/airflow/.local/lib/python3.12/site-packages/airflow/example_dags/example_sla_dag.py
[2025-04-08T00:53:49.956+0000] {logging_mixin.py:190} INFO - [2025-04-08T00:53:49.956+0000] {dag.py:3239} INFO - Sync 1 DAGs
[2025-04-08T00:53:49.986+0000] {logging_mixin.py:190} INFO - [2025-04-08T00:53:49.986+0000] {dag.py:4180} INFO - Setting next_dagrun for example_sla_dag to 2025-04-08 00:50:00+00:00, run_after=2025-04-08 00:52:00+00:00
[2025-04-08T00:53:50.010+0000] {processor.py:208} INFO - Processing /home/airflow/.local/lib/python3.12/site-packages/airflow/example_dags/example_sla_dag.py took 0.098 seconds
[2025-04-08T00:54:21.222+0000] {processor.py:186} INFO - Started process (PID=7165) to work on /home/airflow/.local/lib/python3.12/site-packages/airflow/example_dags/example_sla_dag.py
[2025-04-08T00:54:21.224+0000] {processor.py:914} INFO - Processing file /home/airflow/.local/lib/python3.12/site-packages/airflow/example_dags/example_sla_dag.py for tasks to queue
[2025-04-08T00:54:21.228+0000] {logging_mixin.py:190} INFO - [2025-04-08T00:54:21.227+0000] {dagbag.py:588} INFO - Filling up the DagBag from /home/airflow/.local/lib/python3.12/site-packages/airflow/example_dags/example_sla_dag.py
[2025-04-08T00:54:21.265+0000] {processor.py:925} INFO - DAG(s) 'example_sla_dag' retrieved from /home/airflow/.local/lib/python3.12/site-packages/airflow/example_dags/example_sla_dag.py
[2025-04-08T00:54:21.321+0000] {logging_mixin.py:190} INFO - [2025-04-08T00:54:21.320+0000] {dag.py:3239} INFO - Sync 1 DAGs
[2025-04-08T00:54:21.407+0000] {logging_mixin.py:190} INFO - [2025-04-08T00:54:21.406+0000] {dag.py:4180} INFO - Setting next_dagrun for example_sla_dag to 2025-04-08 00:52:00+00:00, run_after=2025-04-08 00:54:00+00:00
[2025-04-08T00:54:21.478+0000] {processor.py:208} INFO - Processing /home/airflow/.local/lib/python3.12/site-packages/airflow/example_dags/example_sla_dag.py took 0.287 seconds
[2025-04-08T00:54:51.958+0000] {processor.py:186} INFO - Started process (PID=7227) to work on /home/airflow/.local/lib/python3.12/site-packages/airflow/example_dags/example_sla_dag.py
[2025-04-08T00:54:51.960+0000] {processor.py:914} INFO - Processing file /home/airflow/.local/lib/python3.12/site-packages/airflow/example_dags/example_sla_dag.py for tasks to queue
[2025-04-08T00:54:51.962+0000] {logging_mixin.py:190} INFO - [2025-04-08T00:54:51.962+0000] {dagbag.py:588} INFO - Filling up the DagBag from /home/airflow/.local/lib/python3.12/site-packages/airflow/example_dags/example_sla_dag.py
[2025-04-08T00:54:51.984+0000] {processor.py:925} INFO - DAG(s) 'example_sla_dag' retrieved from /home/airflow/.local/lib/python3.12/site-packages/airflow/example_dags/example_sla_dag.py
[2025-04-08T00:54:52.021+0000] {logging_mixin.py:190} INFO - [2025-04-08T00:54:52.021+0000] {dag.py:3239} INFO - Sync 1 DAGs
[2025-04-08T00:54:52.066+0000] {logging_mixin.py:190} INFO - [2025-04-08T00:54:52.066+0000] {dag.py:4180} INFO - Setting next_dagrun for example_sla_dag to 2025-04-08 00:52:00+00:00, run_after=2025-04-08 00:54:00+00:00
[2025-04-08T00:54:52.096+0000] {processor.py:208} INFO - Processing /home/airflow/.local/lib/python3.12/site-packages/airflow/example_dags/example_sla_dag.py took 0.150 seconds
[2025-04-08T00:55:22.442+0000] {processor.py:186} INFO - Started process (PID=7290) to work on /home/airflow/.local/lib/python3.12/site-packages/airflow/example_dags/example_sla_dag.py
[2025-04-08T00:55:22.446+0000] {processor.py:914} INFO - Processing file /home/airflow/.local/lib/python3.12/site-packages/airflow/example_dags/example_sla_dag.py for tasks to queue
[2025-04-08T00:55:22.453+0000] {logging_mixin.py:190} INFO - [2025-04-08T00:55:22.451+0000] {dagbag.py:588} INFO - Filling up the DagBag from /home/airflow/.local/lib/python3.12/site-packages/airflow/example_dags/example_sla_dag.py
[2025-04-08T00:55:22.484+0000] {processor.py:925} INFO - DAG(s) 'example_sla_dag' retrieved from /home/airflow/.local/lib/python3.12/site-packages/airflow/example_dags/example_sla_dag.py
[2025-04-08T00:55:22.539+0000] {logging_mixin.py:190} INFO - [2025-04-08T00:55:22.538+0000] {dag.py:3239} INFO - Sync 1 DAGs
[2025-04-08T00:55:22.599+0000] {logging_mixin.py:190} INFO - [2025-04-08T00:55:22.599+0000] {dag.py:4180} INFO - Setting next_dagrun for example_sla_dag to 2025-04-08 00:52:00+00:00, run_after=2025-04-08 00:54:00+00:00
[2025-04-08T00:55:22.634+0000] {processor.py:208} INFO - Processing /home/airflow/.local/lib/python3.12/site-packages/airflow/example_dags/example_sla_dag.py took 0.209 seconds
[2025-04-08T00:55:52.959+0000] {processor.py:186} INFO - Started process (PID=7353) to work on /home/airflow/.local/lib/python3.12/site-packages/airflow/example_dags/example_sla_dag.py
[2025-04-08T00:55:52.961+0000] {processor.py:914} INFO - Processing file /home/airflow/.local/lib/python3.12/site-packages/airflow/example_dags/example_sla_dag.py for tasks to queue
[2025-04-08T00:55:52.965+0000] {logging_mixin.py:190} INFO - [2025-04-08T00:55:52.964+0000] {dagbag.py:588} INFO - Filling up the DagBag from /home/airflow/.local/lib/python3.12/site-packages/airflow/example_dags/example_sla_dag.py
[2025-04-08T00:55:52.980+0000] {processor.py:925} INFO - DAG(s) 'example_sla_dag' retrieved from /home/airflow/.local/lib/python3.12/site-packages/airflow/example_dags/example_sla_dag.py
[2025-04-08T00:55:53.019+0000] {logging_mixin.py:190} INFO - [2025-04-08T00:55:53.019+0000] {dag.py:3239} INFO - Sync 1 DAGs
[2025-04-08T00:55:53.066+0000] {logging_mixin.py:190} INFO - [2025-04-08T00:55:53.066+0000] {dag.py:4180} INFO - Setting next_dagrun for example_sla_dag to 2025-04-08 00:52:00+00:00, run_after=2025-04-08 00:54:00+00:00
[2025-04-08T00:55:53.106+0000] {processor.py:208} INFO - Processing /home/airflow/.local/lib/python3.12/site-packages/airflow/example_dags/example_sla_dag.py took 0.155 seconds
[2025-04-08T00:56:23.460+0000] {processor.py:186} INFO - Started process (PID=7416) to work on /home/airflow/.local/lib/python3.12/site-packages/airflow/example_dags/example_sla_dag.py
[2025-04-08T00:56:23.462+0000] {processor.py:914} INFO - Processing file /home/airflow/.local/lib/python3.12/site-packages/airflow/example_dags/example_sla_dag.py for tasks to queue
[2025-04-08T00:56:23.466+0000] {logging_mixin.py:190} INFO - [2025-04-08T00:56:23.465+0000] {dagbag.py:588} INFO - Filling up the DagBag from /home/airflow/.local/lib/python3.12/site-packages/airflow/example_dags/example_sla_dag.py
[2025-04-08T00:56:23.482+0000] {processor.py:925} INFO - DAG(s) 'example_sla_dag' retrieved from /home/airflow/.local/lib/python3.12/site-packages/airflow/example_dags/example_sla_dag.py
[2025-04-08T00:56:23.525+0000] {logging_mixin.py:190} INFO - [2025-04-08T00:56:23.524+0000] {dag.py:3239} INFO - Sync 1 DAGs
[2025-04-08T00:56:23.571+0000] {logging_mixin.py:190} INFO - [2025-04-08T00:56:23.571+0000] {dag.py:4180} INFO - Setting next_dagrun for example_sla_dag to 2025-04-08 00:54:00+00:00, run_after=2025-04-08 00:56:00+00:00
[2025-04-08T00:56:23.612+0000] {processor.py:208} INFO - Processing /home/airflow/.local/lib/python3.12/site-packages/airflow/example_dags/example_sla_dag.py took 0.161 seconds
[2025-04-08T00:56:54.401+0000] {processor.py:186} INFO - Started process (PID=7479) to work on /home/airflow/.local/lib/python3.12/site-packages/airflow/example_dags/example_sla_dag.py
[2025-04-08T00:56:54.405+0000] {processor.py:914} INFO - Processing file /home/airflow/.local/lib/python3.12/site-packages/airflow/example_dags/example_sla_dag.py for tasks to queue
[2025-04-08T00:56:54.409+0000] {logging_mixin.py:190} INFO - [2025-04-08T00:56:54.408+0000] {dagbag.py:588} INFO - Filling up the DagBag from /home/airflow/.local/lib/python3.12/site-packages/airflow/example_dags/example_sla_dag.py
[2025-04-08T00:56:54.431+0000] {processor.py:925} INFO - DAG(s) 'example_sla_dag' retrieved from /home/airflow/.local/lib/python3.12/site-packages/airflow/example_dags/example_sla_dag.py
[2025-04-08T00:56:54.502+0000] {logging_mixin.py:190} INFO - [2025-04-08T00:56:54.500+0000] {dag.py:3239} INFO - Sync 1 DAGs
[2025-04-08T00:56:54.573+0000] {logging_mixin.py:190} INFO - [2025-04-08T00:56:54.573+0000] {dag.py:4180} INFO - Setting next_dagrun for example_sla_dag to 2025-04-08 00:54:00+00:00, run_after=2025-04-08 00:56:00+00:00
[2025-04-08T00:56:54.618+0000] {processor.py:208} INFO - Processing /home/airflow/.local/lib/python3.12/site-packages/airflow/example_dags/example_sla_dag.py took 0.230 seconds
[2025-04-08T00:57:24.744+0000] {processor.py:186} INFO - Started process (PID=7542) to work on /home/airflow/.local/lib/python3.12/site-packages/airflow/example_dags/example_sla_dag.py
[2025-04-08T00:57:24.746+0000] {processor.py:914} INFO - Processing file /home/airflow/.local/lib/python3.12/site-packages/airflow/example_dags/example_sla_dag.py for tasks to queue
[2025-04-08T00:57:24.748+0000] {logging_mixin.py:190} INFO - [2025-04-08T00:57:24.748+0000] {dagbag.py:588} INFO - Filling up the DagBag from /home/airflow/.local/lib/python3.12/site-packages/airflow/example_dags/example_sla_dag.py
[2025-04-08T00:57:24.762+0000] {processor.py:925} INFO - DAG(s) 'example_sla_dag' retrieved from /home/airflow/.local/lib/python3.12/site-packages/airflow/example_dags/example_sla_dag.py
[2025-04-08T00:57:24.787+0000] {logging_mixin.py:190} INFO - [2025-04-08T00:57:24.787+0000] {dag.py:3239} INFO - Sync 1 DAGs
[2025-04-08T00:57:24.817+0000] {logging_mixin.py:190} INFO - [2025-04-08T00:57:24.817+0000] {dag.py:4180} INFO - Setting next_dagrun for example_sla_dag to 2025-04-08 00:54:00+00:00, run_after=2025-04-08 00:56:00+00:00
[2025-04-08T00:57:24.843+0000] {processor.py:208} INFO - Processing /home/airflow/.local/lib/python3.12/site-packages/airflow/example_dags/example_sla_dag.py took 0.107 seconds
[2025-04-08T00:57:56.289+0000] {processor.py:186} INFO - Started process (PID=7599) to work on /home/airflow/.local/lib/python3.12/site-packages/airflow/example_dags/example_sla_dag.py
[2025-04-08T00:57:56.292+0000] {processor.py:914} INFO - Processing file /home/airflow/.local/lib/python3.12/site-packages/airflow/example_dags/example_sla_dag.py for tasks to queue
[2025-04-08T00:57:56.299+0000] {logging_mixin.py:190} INFO - [2025-04-08T00:57:56.298+0000] {dagbag.py:588} INFO - Filling up the DagBag from /home/airflow/.local/lib/python3.12/site-packages/airflow/example_dags/example_sla_dag.py
[2025-04-08T00:57:56.332+0000] {processor.py:925} INFO - DAG(s) 'example_sla_dag' retrieved from /home/airflow/.local/lib/python3.12/site-packages/airflow/example_dags/example_sla_dag.py
[2025-04-08T00:57:56.405+0000] {logging_mixin.py:190} INFO - [2025-04-08T00:57:56.404+0000] {dag.py:3239} INFO - Sync 1 DAGs
[2025-04-08T00:57:56.491+0000] {logging_mixin.py:190} INFO - [2025-04-08T00:57:56.491+0000] {dag.py:4180} INFO - Setting next_dagrun for example_sla_dag to 2025-04-08 00:54:00+00:00, run_after=2025-04-08 00:56:00+00:00
[2025-04-08T00:57:56.561+0000] {processor.py:208} INFO - Processing /home/airflow/.local/lib/python3.12/site-packages/airflow/example_dags/example_sla_dag.py took 0.297 seconds
[2025-04-08T00:58:29.362+0000] {processor.py:186} INFO - Started process (PID=7651) to work on /home/airflow/.local/lib/python3.12/site-packages/airflow/example_dags/example_sla_dag.py
[2025-04-08T00:58:29.383+0000] {processor.py:914} INFO - Processing file /home/airflow/.local/lib/python3.12/site-packages/airflow/example_dags/example_sla_dag.py for tasks to queue
[2025-04-08T00:58:29.402+0000] {logging_mixin.py:190} INFO - [2025-04-08T00:58:29.401+0000] {dagbag.py:588} INFO - Filling up the DagBag from /home/airflow/.local/lib/python3.12/site-packages/airflow/example_dags/example_sla_dag.py
[2025-04-08T00:58:29.448+0000] {processor.py:925} INFO - DAG(s) 'example_sla_dag' retrieved from /home/airflow/.local/lib/python3.12/site-packages/airflow/example_dags/example_sla_dag.py
[2025-04-08T00:58:29.623+0000] {logging_mixin.py:190} INFO - [2025-04-08T00:58:29.622+0000] {dag.py:3239} INFO - Sync 1 DAGs
[2025-04-08T00:58:29.822+0000] {logging_mixin.py:190} INFO - [2025-04-08T00:58:29.822+0000] {dag.py:4180} INFO - Setting next_dagrun for example_sla_dag to 2025-04-08 00:56:00+00:00, run_after=2025-04-08 00:58:00+00:00
[2025-04-08T00:58:29.964+0000] {processor.py:208} INFO - Processing /home/airflow/.local/lib/python3.12/site-packages/airflow/example_dags/example_sla_dag.py took 0.624 seconds
[2025-04-08T01:23:59.811+0000] {processor.py:186} INFO - Started process (PID=7685) to work on /home/airflow/.local/lib/python3.12/site-packages/airflow/example_dags/example_sla_dag.py
[2025-04-08T01:23:59.814+0000] {processor.py:914} INFO - Processing file /home/airflow/.local/lib/python3.12/site-packages/airflow/example_dags/example_sla_dag.py for tasks to queue
[2025-04-08T01:23:59.819+0000] {logging_mixin.py:190} INFO - [2025-04-08T01:23:59.818+0000] {dagbag.py:588} INFO - Filling up the DagBag from /home/airflow/.local/lib/python3.12/site-packages/airflow/example_dags/example_sla_dag.py
[2025-04-08T01:23:59.869+0000] {processor.py:925} INFO - DAG(s) 'example_sla_dag' retrieved from /home/airflow/.local/lib/python3.12/site-packages/airflow/example_dags/example_sla_dag.py
[2025-04-08T01:23:59.921+0000] {logging_mixin.py:190} INFO - [2025-04-08T01:23:59.921+0000] {dag.py:3239} INFO - Sync 1 DAGs
[2025-04-08T01:24:00.011+0000] {logging_mixin.py:190} INFO - [2025-04-08T01:24:00.011+0000] {dag.py:4180} INFO - Setting next_dagrun for example_sla_dag to 2025-04-08 01:22:00+00:00, run_after=2025-04-08 01:24:00+00:00
[2025-04-08T01:24:00.068+0000] {processor.py:208} INFO - Processing /home/airflow/.local/lib/python3.12/site-packages/airflow/example_dags/example_sla_dag.py took 0.274 seconds
[2025-04-08T01:24:30.267+0000] {processor.py:186} INFO - Started process (PID=7747) to work on /home/airflow/.local/lib/python3.12/site-packages/airflow/example_dags/example_sla_dag.py
[2025-04-08T01:24:30.271+0000] {processor.py:914} INFO - Processing file /home/airflow/.local/lib/python3.12/site-packages/airflow/example_dags/example_sla_dag.py for tasks to queue
[2025-04-08T01:24:30.275+0000] {logging_mixin.py:190} INFO - [2025-04-08T01:24:30.274+0000] {dagbag.py:588} INFO - Filling up the DagBag from /home/airflow/.local/lib/python3.12/site-packages/airflow/example_dags/example_sla_dag.py
[2025-04-08T01:24:30.307+0000] {processor.py:925} INFO - DAG(s) 'example_sla_dag' retrieved from /home/airflow/.local/lib/python3.12/site-packages/airflow/example_dags/example_sla_dag.py
[2025-04-08T01:24:30.348+0000] {logging_mixin.py:190} INFO - [2025-04-08T01:24:30.348+0000] {dag.py:3239} INFO - Sync 1 DAGs
[2025-04-08T01:24:30.404+0000] {logging_mixin.py:190} INFO - [2025-04-08T01:24:30.404+0000] {dag.py:4180} INFO - Setting next_dagrun for example_sla_dag to 2025-04-08 01:22:00+00:00, run_after=2025-04-08 01:24:00+00:00
[2025-04-08T01:24:30.445+0000] {processor.py:208} INFO - Processing /home/airflow/.local/lib/python3.12/site-packages/airflow/example_dags/example_sla_dag.py took 0.192 seconds
[2025-04-08T01:25:00.738+0000] {processor.py:186} INFO - Started process (PID=7810) to work on /home/airflow/.local/lib/python3.12/site-packages/airflow/example_dags/example_sla_dag.py
[2025-04-08T01:25:00.742+0000] {processor.py:914} INFO - Processing file /home/airflow/.local/lib/python3.12/site-packages/airflow/example_dags/example_sla_dag.py for tasks to queue
[2025-04-08T01:25:00.745+0000] {logging_mixin.py:190} INFO - [2025-04-08T01:25:00.745+0000] {dagbag.py:588} INFO - Filling up the DagBag from /home/airflow/.local/lib/python3.12/site-packages/airflow/example_dags/example_sla_dag.py
[2025-04-08T01:25:00.769+0000] {processor.py:925} INFO - DAG(s) 'example_sla_dag' retrieved from /home/airflow/.local/lib/python3.12/site-packages/airflow/example_dags/example_sla_dag.py
[2025-04-08T01:25:00.806+0000] {logging_mixin.py:190} INFO - [2025-04-08T01:25:00.805+0000] {dag.py:3239} INFO - Sync 1 DAGs
[2025-04-08T01:25:00.844+0000] {logging_mixin.py:190} INFO - [2025-04-08T01:25:00.844+0000] {dag.py:4180} INFO - Setting next_dagrun for example_sla_dag to 2025-04-08 01:22:00+00:00, run_after=2025-04-08 01:24:00+00:00
[2025-04-08T01:25:00.880+0000] {processor.py:208} INFO - Processing /home/airflow/.local/lib/python3.12/site-packages/airflow/example_dags/example_sla_dag.py took 0.155 seconds
[2025-04-08T01:25:31.321+0000] {processor.py:186} INFO - Started process (PID=7873) to work on /home/airflow/.local/lib/python3.12/site-packages/airflow/example_dags/example_sla_dag.py
[2025-04-08T01:25:31.325+0000] {processor.py:914} INFO - Processing file /home/airflow/.local/lib/python3.12/site-packages/airflow/example_dags/example_sla_dag.py for tasks to queue
[2025-04-08T01:25:31.330+0000] {logging_mixin.py:190} INFO - [2025-04-08T01:25:31.329+0000] {dagbag.py:588} INFO - Filling up the DagBag from /home/airflow/.local/lib/python3.12/site-packages/airflow/example_dags/example_sla_dag.py
[2025-04-08T01:25:31.351+0000] {processor.py:925} INFO - DAG(s) 'example_sla_dag' retrieved from /home/airflow/.local/lib/python3.12/site-packages/airflow/example_dags/example_sla_dag.py
[2025-04-08T01:25:31.386+0000] {logging_mixin.py:190} INFO - [2025-04-08T01:25:31.386+0000] {dag.py:3239} INFO - Sync 1 DAGs
[2025-04-08T01:25:31.423+0000] {logging_mixin.py:190} INFO - [2025-04-08T01:25:31.423+0000] {dag.py:4180} INFO - Setting next_dagrun for example_sla_dag to 2025-04-08 01:22:00+00:00, run_after=2025-04-08 01:24:00+00:00
[2025-04-08T01:25:31.457+0000] {processor.py:208} INFO - Processing /home/airflow/.local/lib/python3.12/site-packages/airflow/example_dags/example_sla_dag.py took 0.166 seconds
[2025-04-08T01:26:02.106+0000] {processor.py:186} INFO - Started process (PID=7936) to work on /home/airflow/.local/lib/python3.12/site-packages/airflow/example_dags/example_sla_dag.py
[2025-04-08T01:26:02.107+0000] {processor.py:914} INFO - Processing file /home/airflow/.local/lib/python3.12/site-packages/airflow/example_dags/example_sla_dag.py for tasks to queue
[2025-04-08T01:26:02.110+0000] {logging_mixin.py:190} INFO - [2025-04-08T01:26:02.110+0000] {dagbag.py:588} INFO - Filling up the DagBag from /home/airflow/.local/lib/python3.12/site-packages/airflow/example_dags/example_sla_dag.py
[2025-04-08T01:26:02.122+0000] {processor.py:925} INFO - DAG(s) 'example_sla_dag' retrieved from /home/airflow/.local/lib/python3.12/site-packages/airflow/example_dags/example_sla_dag.py
[2025-04-08T01:26:02.161+0000] {logging_mixin.py:190} INFO - [2025-04-08T01:26:02.161+0000] {dag.py:3239} INFO - Sync 1 DAGs
[2025-04-08T01:26:02.201+0000] {logging_mixin.py:190} INFO - [2025-04-08T01:26:02.201+0000] {dag.py:4180} INFO - Setting next_dagrun for example_sla_dag to 2025-04-08 01:24:00+00:00, run_after=2025-04-08 01:26:00+00:00
[2025-04-08T01:26:02.237+0000] {processor.py:208} INFO - Processing /home/airflow/.local/lib/python3.12/site-packages/airflow/example_dags/example_sla_dag.py took 0.141 seconds
[2025-04-08T01:26:32.413+0000] {processor.py:186} INFO - Started process (PID=8000) to work on /home/airflow/.local/lib/python3.12/site-packages/airflow/example_dags/example_sla_dag.py
[2025-04-08T01:26:32.415+0000] {processor.py:914} INFO - Processing file /home/airflow/.local/lib/python3.12/site-packages/airflow/example_dags/example_sla_dag.py for tasks to queue
[2025-04-08T01:26:32.417+0000] {logging_mixin.py:190} INFO - [2025-04-08T01:26:32.417+0000] {dagbag.py:588} INFO - Filling up the DagBag from /home/airflow/.local/lib/python3.12/site-packages/airflow/example_dags/example_sla_dag.py
[2025-04-08T01:26:32.430+0000] {processor.py:925} INFO - DAG(s) 'example_sla_dag' retrieved from /home/airflow/.local/lib/python3.12/site-packages/airflow/example_dags/example_sla_dag.py
[2025-04-08T01:26:32.455+0000] {logging_mixin.py:190} INFO - [2025-04-08T01:26:32.455+0000] {dag.py:3239} INFO - Sync 1 DAGs
[2025-04-08T01:26:32.484+0000] {logging_mixin.py:190} INFO - [2025-04-08T01:26:32.484+0000] {dag.py:4180} INFO - Setting next_dagrun for example_sla_dag to 2025-04-08 01:24:00+00:00, run_after=2025-04-08 01:26:00+00:00
[2025-04-08T01:26:32.509+0000] {processor.py:208} INFO - Processing /home/airflow/.local/lib/python3.12/site-packages/airflow/example_dags/example_sla_dag.py took 0.102 seconds
[2025-04-08T01:27:03.135+0000] {processor.py:186} INFO - Started process (PID=8062) to work on /home/airflow/.local/lib/python3.12/site-packages/airflow/example_dags/example_sla_dag.py
[2025-04-08T01:27:03.137+0000] {processor.py:914} INFO - Processing file /home/airflow/.local/lib/python3.12/site-packages/airflow/example_dags/example_sla_dag.py for tasks to queue
[2025-04-08T01:27:03.140+0000] {logging_mixin.py:190} INFO - [2025-04-08T01:27:03.139+0000] {dagbag.py:588} INFO - Filling up the DagBag from /home/airflow/.local/lib/python3.12/site-packages/airflow/example_dags/example_sla_dag.py
[2025-04-08T01:27:03.165+0000] {processor.py:925} INFO - DAG(s) 'example_sla_dag' retrieved from /home/airflow/.local/lib/python3.12/site-packages/airflow/example_dags/example_sla_dag.py
[2025-04-08T01:27:03.210+0000] {logging_mixin.py:190} INFO - [2025-04-08T01:27:03.210+0000] {dag.py:3239} INFO - Sync 1 DAGs
[2025-04-08T01:27:03.272+0000] {logging_mixin.py:190} INFO - [2025-04-08T01:27:03.272+0000] {dag.py:4180} INFO - Setting next_dagrun for example_sla_dag to 2025-04-08 01:24:00+00:00, run_after=2025-04-08 01:26:00+00:00
[2025-04-08T01:27:03.319+0000] {processor.py:208} INFO - Processing /home/airflow/.local/lib/python3.12/site-packages/airflow/example_dags/example_sla_dag.py took 0.193 seconds
[2025-04-08T01:27:33.514+0000] {processor.py:186} INFO - Started process (PID=8125) to work on /home/airflow/.local/lib/python3.12/site-packages/airflow/example_dags/example_sla_dag.py
[2025-04-08T01:27:33.516+0000] {processor.py:914} INFO - Processing file /home/airflow/.local/lib/python3.12/site-packages/airflow/example_dags/example_sla_dag.py for tasks to queue
[2025-04-08T01:27:33.518+0000] {logging_mixin.py:190} INFO - [2025-04-08T01:27:33.518+0000] {dagbag.py:588} INFO - Filling up the DagBag from /home/airflow/.local/lib/python3.12/site-packages/airflow/example_dags/example_sla_dag.py
[2025-04-08T01:27:33.539+0000] {processor.py:925} INFO - DAG(s) 'example_sla_dag' retrieved from /home/airflow/.local/lib/python3.12/site-packages/airflow/example_dags/example_sla_dag.py
[2025-04-08T01:27:33.582+0000] {logging_mixin.py:190} INFO - [2025-04-08T01:27:33.581+0000] {dag.py:3239} INFO - Sync 1 DAGs
[2025-04-08T01:27:33.626+0000] {logging_mixin.py:190} INFO - [2025-04-08T01:27:33.626+0000] {dag.py:4180} INFO - Setting next_dagrun for example_sla_dag to 2025-04-08 01:24:00+00:00, run_after=2025-04-08 01:26:00+00:00
[2025-04-08T01:27:33.656+0000] {processor.py:208} INFO - Processing /home/airflow/.local/lib/python3.12/site-packages/airflow/example_dags/example_sla_dag.py took 0.155 seconds
[2025-04-08T01:28:03.789+0000] {processor.py:186} INFO - Started process (PID=8189) to work on /home/airflow/.local/lib/python3.12/site-packages/airflow/example_dags/example_sla_dag.py
[2025-04-08T01:28:03.792+0000] {processor.py:914} INFO - Processing file /home/airflow/.local/lib/python3.12/site-packages/airflow/example_dags/example_sla_dag.py for tasks to queue
[2025-04-08T01:28:03.799+0000] {logging_mixin.py:190} INFO - [2025-04-08T01:28:03.798+0000] {dagbag.py:588} INFO - Filling up the DagBag from /home/airflow/.local/lib/python3.12/site-packages/airflow/example_dags/example_sla_dag.py
[2025-04-08T01:28:03.828+0000] {processor.py:925} INFO - DAG(s) 'example_sla_dag' retrieved from /home/airflow/.local/lib/python3.12/site-packages/airflow/example_dags/example_sla_dag.py
[2025-04-08T01:28:03.873+0000] {logging_mixin.py:190} INFO - [2025-04-08T01:28:03.873+0000] {dag.py:3239} INFO - Sync 1 DAGs
[2025-04-08T01:28:03.915+0000] {logging_mixin.py:190} INFO - [2025-04-08T01:28:03.915+0000] {dag.py:4180} INFO - Setting next_dagrun for example_sla_dag to 2025-04-08 01:26:00+00:00, run_after=2025-04-08 01:28:00+00:00
[2025-04-08T01:28:03.943+0000] {processor.py:208} INFO - Processing /home/airflow/.local/lib/python3.12/site-packages/airflow/example_dags/example_sla_dag.py took 0.164 seconds
[2025-04-08T01:28:34.285+0000] {processor.py:186} INFO - Started process (PID=8251) to work on /home/airflow/.local/lib/python3.12/site-packages/airflow/example_dags/example_sla_dag.py
[2025-04-08T01:28:34.286+0000] {processor.py:914} INFO - Processing file /home/airflow/.local/lib/python3.12/site-packages/airflow/example_dags/example_sla_dag.py for tasks to queue
[2025-04-08T01:28:34.289+0000] {logging_mixin.py:190} INFO - [2025-04-08T01:28:34.288+0000] {dagbag.py:588} INFO - Filling up the DagBag from /home/airflow/.local/lib/python3.12/site-packages/airflow/example_dags/example_sla_dag.py
[2025-04-08T01:28:34.303+0000] {processor.py:925} INFO - DAG(s) 'example_sla_dag' retrieved from /home/airflow/.local/lib/python3.12/site-packages/airflow/example_dags/example_sla_dag.py
[2025-04-08T01:28:34.357+0000] {logging_mixin.py:190} INFO - [2025-04-08T01:28:34.356+0000] {dag.py:3239} INFO - Sync 1 DAGs
[2025-04-08T01:28:34.433+0000] {logging_mixin.py:190} INFO - [2025-04-08T01:28:34.433+0000] {dag.py:4180} INFO - Setting next_dagrun for example_sla_dag to 2025-04-08 01:26:00+00:00, run_after=2025-04-08 01:28:00+00:00
[2025-04-08T01:28:34.470+0000] {processor.py:208} INFO - Processing /home/airflow/.local/lib/python3.12/site-packages/airflow/example_dags/example_sla_dag.py took 0.191 seconds
[2025-04-08T01:29:05.112+0000] {processor.py:186} INFO - Started process (PID=8313) to work on /home/airflow/.local/lib/python3.12/site-packages/airflow/example_dags/example_sla_dag.py
[2025-04-08T01:29:05.115+0000] {processor.py:914} INFO - Processing file /home/airflow/.local/lib/python3.12/site-packages/airflow/example_dags/example_sla_dag.py for tasks to queue
[2025-04-08T01:29:05.121+0000] {logging_mixin.py:190} INFO - [2025-04-08T01:29:05.120+0000] {dagbag.py:588} INFO - Filling up the DagBag from /home/airflow/.local/lib/python3.12/site-packages/airflow/example_dags/example_sla_dag.py
[2025-04-08T01:29:05.149+0000] {processor.py:925} INFO - DAG(s) 'example_sla_dag' retrieved from /home/airflow/.local/lib/python3.12/site-packages/airflow/example_dags/example_sla_dag.py
[2025-04-08T01:29:05.220+0000] {logging_mixin.py:190} INFO - [2025-04-08T01:29:05.219+0000] {dag.py:3239} INFO - Sync 1 DAGs
[2025-04-08T01:29:05.276+0000] {logging_mixin.py:190} INFO - [2025-04-08T01:29:05.276+0000] {dag.py:4180} INFO - Setting next_dagrun for example_sla_dag to 2025-04-08 01:26:00+00:00, run_after=2025-04-08 01:28:00+00:00
[2025-04-08T01:29:05.319+0000] {processor.py:208} INFO - Processing /home/airflow/.local/lib/python3.12/site-packages/airflow/example_dags/example_sla_dag.py took 0.229 seconds
[2025-04-08T01:29:35.616+0000] {processor.py:186} INFO - Started process (PID=8376) to work on /home/airflow/.local/lib/python3.12/site-packages/airflow/example_dags/example_sla_dag.py
[2025-04-08T01:29:35.619+0000] {processor.py:914} INFO - Processing file /home/airflow/.local/lib/python3.12/site-packages/airflow/example_dags/example_sla_dag.py for tasks to queue
[2025-04-08T01:29:35.622+0000] {logging_mixin.py:190} INFO - [2025-04-08T01:29:35.621+0000] {dagbag.py:588} INFO - Filling up the DagBag from /home/airflow/.local/lib/python3.12/site-packages/airflow/example_dags/example_sla_dag.py
[2025-04-08T01:29:35.638+0000] {processor.py:925} INFO - DAG(s) 'example_sla_dag' retrieved from /home/airflow/.local/lib/python3.12/site-packages/airflow/example_dags/example_sla_dag.py
[2025-04-08T01:29:35.678+0000] {logging_mixin.py:190} INFO - [2025-04-08T01:29:35.678+0000] {dag.py:3239} INFO - Sync 1 DAGs
[2025-04-08T01:29:35.719+0000] {logging_mixin.py:190} INFO - [2025-04-08T01:29:35.719+0000] {dag.py:4180} INFO - Setting next_dagrun for example_sla_dag to 2025-04-08 01:26:00+00:00, run_after=2025-04-08 01:28:00+00:00
[2025-04-08T01:29:35.754+0000] {processor.py:208} INFO - Processing /home/airflow/.local/lib/python3.12/site-packages/airflow/example_dags/example_sla_dag.py took 0.151 seconds
[2025-04-08T01:30:06.330+0000] {processor.py:186} INFO - Started process (PID=8439) to work on /home/airflow/.local/lib/python3.12/site-packages/airflow/example_dags/example_sla_dag.py
[2025-04-08T01:30:06.332+0000] {processor.py:914} INFO - Processing file /home/airflow/.local/lib/python3.12/site-packages/airflow/example_dags/example_sla_dag.py for tasks to queue
[2025-04-08T01:30:06.334+0000] {logging_mixin.py:190} INFO - [2025-04-08T01:30:06.334+0000] {dagbag.py:588} INFO - Filling up the DagBag from /home/airflow/.local/lib/python3.12/site-packages/airflow/example_dags/example_sla_dag.py
[2025-04-08T01:30:06.346+0000] {processor.py:925} INFO - DAG(s) 'example_sla_dag' retrieved from /home/airflow/.local/lib/python3.12/site-packages/airflow/example_dags/example_sla_dag.py
[2025-04-08T01:30:06.368+0000] {logging_mixin.py:190} INFO - [2025-04-08T01:30:06.368+0000] {dag.py:3239} INFO - Sync 1 DAGs
[2025-04-08T01:30:06.396+0000] {logging_mixin.py:190} INFO - [2025-04-08T01:30:06.395+0000] {dag.py:4180} INFO - Setting next_dagrun for example_sla_dag to 2025-04-08 01:28:00+00:00, run_after=2025-04-08 01:30:00+00:00
[2025-04-08T01:30:06.425+0000] {processor.py:208} INFO - Processing /home/airflow/.local/lib/python3.12/site-packages/airflow/example_dags/example_sla_dag.py took 0.104 seconds
[2025-04-08T01:30:36.640+0000] {processor.py:186} INFO - Started process (PID=8502) to work on /home/airflow/.local/lib/python3.12/site-packages/airflow/example_dags/example_sla_dag.py
[2025-04-08T01:30:36.642+0000] {processor.py:914} INFO - Processing file /home/airflow/.local/lib/python3.12/site-packages/airflow/example_dags/example_sla_dag.py for tasks to queue
[2025-04-08T01:30:36.645+0000] {logging_mixin.py:190} INFO - [2025-04-08T01:30:36.644+0000] {dagbag.py:588} INFO - Filling up the DagBag from /home/airflow/.local/lib/python3.12/site-packages/airflow/example_dags/example_sla_dag.py
[2025-04-08T01:30:36.663+0000] {processor.py:925} INFO - DAG(s) 'example_sla_dag' retrieved from /home/airflow/.local/lib/python3.12/site-packages/airflow/example_dags/example_sla_dag.py
[2025-04-08T01:30:36.707+0000] {logging_mixin.py:190} INFO - [2025-04-08T01:30:36.706+0000] {dag.py:3239} INFO - Sync 1 DAGs
[2025-04-08T01:30:36.751+0000] {logging_mixin.py:190} INFO - [2025-04-08T01:30:36.750+0000] {dag.py:4180} INFO - Setting next_dagrun for example_sla_dag to 2025-04-08 01:28:00+00:00, run_after=2025-04-08 01:30:00+00:00
[2025-04-08T01:30:36.787+0000] {processor.py:208} INFO - Processing /home/airflow/.local/lib/python3.12/site-packages/airflow/example_dags/example_sla_dag.py took 0.157 seconds
[2025-04-08T01:31:07.597+0000] {processor.py:186} INFO - Started process (PID=8571) to work on /home/airflow/.local/lib/python3.12/site-packages/airflow/example_dags/example_sla_dag.py
[2025-04-08T01:31:07.598+0000] {processor.py:914} INFO - Processing file /home/airflow/.local/lib/python3.12/site-packages/airflow/example_dags/example_sla_dag.py for tasks to queue
[2025-04-08T01:31:07.601+0000] {logging_mixin.py:190} INFO - [2025-04-08T01:31:07.600+0000] {dagbag.py:588} INFO - Filling up the DagBag from /home/airflow/.local/lib/python3.12/site-packages/airflow/example_dags/example_sla_dag.py
[2025-04-08T01:31:07.613+0000] {processor.py:925} INFO - DAG(s) 'example_sla_dag' retrieved from /home/airflow/.local/lib/python3.12/site-packages/airflow/example_dags/example_sla_dag.py
[2025-04-08T01:31:07.638+0000] {logging_mixin.py:190} INFO - [2025-04-08T01:31:07.637+0000] {dag.py:3239} INFO - Sync 1 DAGs
[2025-04-08T01:31:07.676+0000] {logging_mixin.py:190} INFO - [2025-04-08T01:31:07.676+0000] {dag.py:4180} INFO - Setting next_dagrun for example_sla_dag to 2025-04-08 01:28:00+00:00, run_after=2025-04-08 01:30:00+00:00
[2025-04-08T01:31:07.705+0000] {processor.py:208} INFO - Processing /home/airflow/.local/lib/python3.12/site-packages/airflow/example_dags/example_sla_dag.py took 0.114 seconds
[2025-04-08T01:31:37.898+0000] {processor.py:186} INFO - Started process (PID=8633) to work on /home/airflow/.local/lib/python3.12/site-packages/airflow/example_dags/example_sla_dag.py
[2025-04-08T01:31:37.900+0000] {processor.py:914} INFO - Processing file /home/airflow/.local/lib/python3.12/site-packages/airflow/example_dags/example_sla_dag.py for tasks to queue
[2025-04-08T01:31:37.902+0000] {logging_mixin.py:190} INFO - [2025-04-08T01:31:37.902+0000] {dagbag.py:588} INFO - Filling up the DagBag from /home/airflow/.local/lib/python3.12/site-packages/airflow/example_dags/example_sla_dag.py
[2025-04-08T01:31:37.914+0000] {processor.py:925} INFO - DAG(s) 'example_sla_dag' retrieved from /home/airflow/.local/lib/python3.12/site-packages/airflow/example_dags/example_sla_dag.py
[2025-04-08T01:31:37.938+0000] {logging_mixin.py:190} INFO - [2025-04-08T01:31:37.938+0000] {dag.py:3239} INFO - Sync 1 DAGs
[2025-04-08T01:31:37.970+0000] {logging_mixin.py:190} INFO - [2025-04-08T01:31:37.970+0000] {dag.py:4180} INFO - Setting next_dagrun for example_sla_dag to 2025-04-08 01:28:00+00:00, run_after=2025-04-08 01:30:00+00:00
[2025-04-08T01:31:37.996+0000] {processor.py:208} INFO - Processing /home/airflow/.local/lib/python3.12/site-packages/airflow/example_dags/example_sla_dag.py took 0.103 seconds
[2025-04-08T01:32:08.176+0000] {processor.py:186} INFO - Started process (PID=8696) to work on /home/airflow/.local/lib/python3.12/site-packages/airflow/example_dags/example_sla_dag.py
[2025-04-08T01:32:08.178+0000] {processor.py:914} INFO - Processing file /home/airflow/.local/lib/python3.12/site-packages/airflow/example_dags/example_sla_dag.py for tasks to queue
[2025-04-08T01:32:08.183+0000] {logging_mixin.py:190} INFO - [2025-04-08T01:32:08.182+0000] {dagbag.py:588} INFO - Filling up the DagBag from /home/airflow/.local/lib/python3.12/site-packages/airflow/example_dags/example_sla_dag.py
[2025-04-08T01:32:08.195+0000] {processor.py:925} INFO - DAG(s) 'example_sla_dag' retrieved from /home/airflow/.local/lib/python3.12/site-packages/airflow/example_dags/example_sla_dag.py
[2025-04-08T01:32:08.230+0000] {logging_mixin.py:190} INFO - [2025-04-08T01:32:08.230+0000] {dag.py:3239} INFO - Sync 1 DAGs
[2025-04-08T01:32:08.273+0000] {logging_mixin.py:190} INFO - [2025-04-08T01:32:08.272+0000] {dag.py:4180} INFO - Setting next_dagrun for example_sla_dag to 2025-04-08 01:30:00+00:00, run_after=2025-04-08 01:32:00+00:00
[2025-04-08T01:32:08.301+0000] {processor.py:208} INFO - Processing /home/airflow/.local/lib/python3.12/site-packages/airflow/example_dags/example_sla_dag.py took 0.131 seconds
[2025-04-08T01:32:38.606+0000] {processor.py:186} INFO - Started process (PID=8759) to work on /home/airflow/.local/lib/python3.12/site-packages/airflow/example_dags/example_sla_dag.py
[2025-04-08T01:32:38.610+0000] {processor.py:914} INFO - Processing file /home/airflow/.local/lib/python3.12/site-packages/airflow/example_dags/example_sla_dag.py for tasks to queue
[2025-04-08T01:32:38.616+0000] {logging_mixin.py:190} INFO - [2025-04-08T01:32:38.615+0000] {dagbag.py:588} INFO - Filling up the DagBag from /home/airflow/.local/lib/python3.12/site-packages/airflow/example_dags/example_sla_dag.py
[2025-04-08T01:32:38.632+0000] {processor.py:925} INFO - DAG(s) 'example_sla_dag' retrieved from /home/airflow/.local/lib/python3.12/site-packages/airflow/example_dags/example_sla_dag.py
[2025-04-08T01:32:38.662+0000] {logging_mixin.py:190} INFO - [2025-04-08T01:32:38.661+0000] {dag.py:3239} INFO - Sync 1 DAGs
[2025-04-08T01:32:38.701+0000] {logging_mixin.py:190} INFO - [2025-04-08T01:32:38.701+0000] {dag.py:4180} INFO - Setting next_dagrun for example_sla_dag to 2025-04-08 01:30:00+00:00, run_after=2025-04-08 01:32:00+00:00
[2025-04-08T01:32:38.735+0000] {processor.py:208} INFO - Processing /home/airflow/.local/lib/python3.12/site-packages/airflow/example_dags/example_sla_dag.py took 0.153 seconds
[2025-04-08T01:33:08.889+0000] {processor.py:186} INFO - Started process (PID=8822) to work on /home/airflow/.local/lib/python3.12/site-packages/airflow/example_dags/example_sla_dag.py
[2025-04-08T01:33:08.890+0000] {processor.py:914} INFO - Processing file /home/airflow/.local/lib/python3.12/site-packages/airflow/example_dags/example_sla_dag.py for tasks to queue
[2025-04-08T01:33:08.893+0000] {logging_mixin.py:190} INFO - [2025-04-08T01:33:08.893+0000] {dagbag.py:588} INFO - Filling up the DagBag from /home/airflow/.local/lib/python3.12/site-packages/airflow/example_dags/example_sla_dag.py
[2025-04-08T01:33:08.910+0000] {processor.py:925} INFO - DAG(s) 'example_sla_dag' retrieved from /home/airflow/.local/lib/python3.12/site-packages/airflow/example_dags/example_sla_dag.py
[2025-04-08T01:33:08.942+0000] {logging_mixin.py:190} INFO - [2025-04-08T01:33:08.942+0000] {dag.py:3239} INFO - Sync 1 DAGs
[2025-04-08T01:33:08.977+0000] {logging_mixin.py:190} INFO - [2025-04-08T01:33:08.977+0000] {dag.py:4180} INFO - Setting next_dagrun for example_sla_dag to 2025-04-08 01:30:00+00:00, run_after=2025-04-08 01:32:00+00:00
[2025-04-08T01:33:09.011+0000] {processor.py:208} INFO - Processing /home/airflow/.local/lib/python3.12/site-packages/airflow/example_dags/example_sla_dag.py took 0.131 seconds
[2025-04-08T01:33:40.620+0000] {processor.py:186} INFO - Started process (PID=8885) to work on /home/airflow/.local/lib/python3.12/site-packages/airflow/example_dags/example_sla_dag.py
[2025-04-08T01:33:40.624+0000] {processor.py:914} INFO - Processing file /home/airflow/.local/lib/python3.12/site-packages/airflow/example_dags/example_sla_dag.py for tasks to queue
[2025-04-08T01:33:40.630+0000] {logging_mixin.py:190} INFO - [2025-04-08T01:33:40.628+0000] {dagbag.py:588} INFO - Filling up the DagBag from /home/airflow/.local/lib/python3.12/site-packages/airflow/example_dags/example_sla_dag.py
[2025-04-08T01:33:40.663+0000] {processor.py:925} INFO - DAG(s) 'example_sla_dag' retrieved from /home/airflow/.local/lib/python3.12/site-packages/airflow/example_dags/example_sla_dag.py
[2025-04-08T01:33:40.736+0000] {logging_mixin.py:190} INFO - [2025-04-08T01:33:40.735+0000] {dag.py:3239} INFO - Sync 1 DAGs
[2025-04-08T01:33:40.796+0000] {logging_mixin.py:190} INFO - [2025-04-08T01:33:40.795+0000] {dag.py:4180} INFO - Setting next_dagrun for example_sla_dag to 2025-04-08 01:30:00+00:00, run_after=2025-04-08 01:32:00+00:00
[2025-04-08T01:33:40.841+0000] {processor.py:208} INFO - Processing /home/airflow/.local/lib/python3.12/site-packages/airflow/example_dags/example_sla_dag.py took 0.243 seconds
[2025-04-08T01:34:12.897+0000] {processor.py:186} INFO - Started process (PID=8949) to work on /home/airflow/.local/lib/python3.12/site-packages/airflow/example_dags/example_sla_dag.py
[2025-04-08T01:34:12.899+0000] {processor.py:914} INFO - Processing file /home/airflow/.local/lib/python3.12/site-packages/airflow/example_dags/example_sla_dag.py for tasks to queue
[2025-04-08T01:34:12.903+0000] {logging_mixin.py:190} INFO - [2025-04-08T01:34:12.902+0000] {dagbag.py:588} INFO - Filling up the DagBag from /home/airflow/.local/lib/python3.12/site-packages/airflow/example_dags/example_sla_dag.py
[2025-04-08T01:34:12.920+0000] {processor.py:925} INFO - DAG(s) 'example_sla_dag' retrieved from /home/airflow/.local/lib/python3.12/site-packages/airflow/example_dags/example_sla_dag.py
[2025-04-08T01:34:12.963+0000] {logging_mixin.py:190} INFO - [2025-04-08T01:34:12.963+0000] {dag.py:3239} INFO - Sync 1 DAGs
[2025-04-08T01:34:12.998+0000] {logging_mixin.py:190} INFO - [2025-04-08T01:34:12.998+0000] {dag.py:4180} INFO - Setting next_dagrun for example_sla_dag to 2025-04-08 01:32:00+00:00, run_after=2025-04-08 01:34:00+00:00
[2025-04-08T01:34:13.021+0000] {processor.py:208} INFO - Processing /home/airflow/.local/lib/python3.12/site-packages/airflow/example_dags/example_sla_dag.py took 0.132 seconds
[2025-04-08T01:34:43.331+0000] {processor.py:186} INFO - Started process (PID=9011) to work on /home/airflow/.local/lib/python3.12/site-packages/airflow/example_dags/example_sla_dag.py
[2025-04-08T01:34:43.337+0000] {processor.py:914} INFO - Processing file /home/airflow/.local/lib/python3.12/site-packages/airflow/example_dags/example_sla_dag.py for tasks to queue
[2025-04-08T01:34:43.345+0000] {logging_mixin.py:190} INFO - [2025-04-08T01:34:43.343+0000] {dagbag.py:588} INFO - Filling up the DagBag from /home/airflow/.local/lib/python3.12/site-packages/airflow/example_dags/example_sla_dag.py
[2025-04-08T01:34:43.421+0000] {processor.py:925} INFO - DAG(s) 'example_sla_dag' retrieved from /home/airflow/.local/lib/python3.12/site-packages/airflow/example_dags/example_sla_dag.py
[2025-04-08T01:34:43.539+0000] {logging_mixin.py:190} INFO - [2025-04-08T01:34:43.538+0000] {dag.py:3239} INFO - Sync 1 DAGs
[2025-04-08T01:34:43.704+0000] {logging_mixin.py:190} INFO - [2025-04-08T01:34:43.703+0000] {dag.py:4180} INFO - Setting next_dagrun for example_sla_dag to 2025-04-08 01:32:00+00:00, run_after=2025-04-08 01:34:00+00:00
[2025-04-08T01:34:43.911+0000] {processor.py:208} INFO - Processing /home/airflow/.local/lib/python3.12/site-packages/airflow/example_dags/example_sla_dag.py took 0.618 seconds
[2025-04-08T01:35:14.405+0000] {processor.py:186} INFO - Started process (PID=9074) to work on /home/airflow/.local/lib/python3.12/site-packages/airflow/example_dags/example_sla_dag.py
[2025-04-08T01:35:14.409+0000] {processor.py:914} INFO - Processing file /home/airflow/.local/lib/python3.12/site-packages/airflow/example_dags/example_sla_dag.py for tasks to queue
[2025-04-08T01:35:14.416+0000] {logging_mixin.py:190} INFO - [2025-04-08T01:35:14.414+0000] {dagbag.py:588} INFO - Filling up the DagBag from /home/airflow/.local/lib/python3.12/site-packages/airflow/example_dags/example_sla_dag.py
[2025-04-08T01:35:14.467+0000] {processor.py:925} INFO - DAG(s) 'example_sla_dag' retrieved from /home/airflow/.local/lib/python3.12/site-packages/airflow/example_dags/example_sla_dag.py
[2025-04-08T01:35:14.578+0000] {logging_mixin.py:190} INFO - [2025-04-08T01:35:14.577+0000] {dag.py:3239} INFO - Sync 1 DAGs
[2025-04-08T01:35:14.697+0000] {logging_mixin.py:190} INFO - [2025-04-08T01:35:14.697+0000] {dag.py:4180} INFO - Setting next_dagrun for example_sla_dag to 2025-04-08 01:32:00+00:00, run_after=2025-04-08 01:34:00+00:00
[2025-04-08T01:35:14.776+0000] {processor.py:208} INFO - Processing /home/airflow/.local/lib/python3.12/site-packages/airflow/example_dags/example_sla_dag.py took 0.395 seconds
[2025-04-08T01:35:44.978+0000] {processor.py:186} INFO - Started process (PID=9137) to work on /home/airflow/.local/lib/python3.12/site-packages/airflow/example_dags/example_sla_dag.py
[2025-04-08T01:35:44.982+0000] {processor.py:914} INFO - Processing file /home/airflow/.local/lib/python3.12/site-packages/airflow/example_dags/example_sla_dag.py for tasks to queue
[2025-04-08T01:35:44.990+0000] {logging_mixin.py:190} INFO - [2025-04-08T01:35:44.988+0000] {dagbag.py:588} INFO - Filling up the DagBag from /home/airflow/.local/lib/python3.12/site-packages/airflow/example_dags/example_sla_dag.py
[2025-04-08T01:35:45.023+0000] {processor.py:925} INFO - DAG(s) 'example_sla_dag' retrieved from /home/airflow/.local/lib/python3.12/site-packages/airflow/example_dags/example_sla_dag.py
[2025-04-08T01:35:45.098+0000] {logging_mixin.py:190} INFO - [2025-04-08T01:35:45.097+0000] {dag.py:3239} INFO - Sync 1 DAGs
[2025-04-08T01:35:45.217+0000] {logging_mixin.py:190} INFO - [2025-04-08T01:35:45.216+0000] {dag.py:4180} INFO - Setting next_dagrun for example_sla_dag to 2025-04-08 01:32:00+00:00, run_after=2025-04-08 01:34:00+00:00
[2025-04-08T01:35:45.316+0000] {processor.py:208} INFO - Processing /home/airflow/.local/lib/python3.12/site-packages/airflow/example_dags/example_sla_dag.py took 0.364 seconds
[2025-04-08T01:36:16.045+0000] {processor.py:186} INFO - Started process (PID=9200) to work on /home/airflow/.local/lib/python3.12/site-packages/airflow/example_dags/example_sla_dag.py
[2025-04-08T01:36:16.048+0000] {processor.py:914} INFO - Processing file /home/airflow/.local/lib/python3.12/site-packages/airflow/example_dags/example_sla_dag.py for tasks to queue
[2025-04-08T01:36:16.055+0000] {logging_mixin.py:190} INFO - [2025-04-08T01:36:16.053+0000] {dagbag.py:588} INFO - Filling up the DagBag from /home/airflow/.local/lib/python3.12/site-packages/airflow/example_dags/example_sla_dag.py
[2025-04-08T01:36:16.086+0000] {processor.py:925} INFO - DAG(s) 'example_sla_dag' retrieved from /home/airflow/.local/lib/python3.12/site-packages/airflow/example_dags/example_sla_dag.py
[2025-04-08T01:36:16.157+0000] {logging_mixin.py:190} INFO - [2025-04-08T01:36:16.156+0000] {dag.py:3239} INFO - Sync 1 DAGs
[2025-04-08T01:36:16.233+0000] {logging_mixin.py:190} INFO - [2025-04-08T01:36:16.232+0000] {dag.py:4180} INFO - Setting next_dagrun for example_sla_dag to 2025-04-08 01:34:00+00:00, run_after=2025-04-08 01:36:00+00:00
[2025-04-08T01:36:16.304+0000] {processor.py:208} INFO - Processing /home/airflow/.local/lib/python3.12/site-packages/airflow/example_dags/example_sla_dag.py took 0.273 seconds
[2025-04-08T01:36:57.873+0000] {processor.py:186} INFO - Started process (PID=9259) to work on /home/airflow/.local/lib/python3.12/site-packages/airflow/example_dags/example_sla_dag.py
[2025-04-08T01:36:57.881+0000] {processor.py:914} INFO - Processing file /home/airflow/.local/lib/python3.12/site-packages/airflow/example_dags/example_sla_dag.py for tasks to queue
[2025-04-08T01:36:57.897+0000] {logging_mixin.py:190} INFO - [2025-04-08T01:36:57.895+0000] {dagbag.py:588} INFO - Filling up the DagBag from /home/airflow/.local/lib/python3.12/site-packages/airflow/example_dags/example_sla_dag.py
[2025-04-08T01:36:58.053+0000] {processor.py:925} INFO - DAG(s) 'example_sla_dag' retrieved from /home/airflow/.local/lib/python3.12/site-packages/airflow/example_dags/example_sla_dag.py
[2025-04-08T01:36:58.359+0000] {logging_mixin.py:190} INFO - [2025-04-08T01:36:58.357+0000] {dag.py:3239} INFO - Sync 1 DAGs
[2025-04-08T01:36:58.588+0000] {logging_mixin.py:190} INFO - [2025-04-08T01:36:58.586+0000] {dag.py:4180} INFO - Setting next_dagrun for example_sla_dag to 2025-04-08 01:34:00+00:00, run_after=2025-04-08 01:36:00+00:00
[2025-04-08T01:36:58.884+0000] {processor.py:208} INFO - Processing /home/airflow/.local/lib/python3.12/site-packages/airflow/example_dags/example_sla_dag.py took 1.079 seconds
[2025-04-08T01:37:53.747+0000] {processor.py:186} INFO - Started process (PID=9328) to work on /home/airflow/.local/lib/python3.12/site-packages/airflow/example_dags/example_sla_dag.py
[2025-04-08T01:37:53.753+0000] {processor.py:914} INFO - Processing file /home/airflow/.local/lib/python3.12/site-packages/airflow/example_dags/example_sla_dag.py for tasks to queue
[2025-04-08T01:37:53.762+0000] {logging_mixin.py:190} INFO - [2025-04-08T01:37:53.759+0000] {dagbag.py:588} INFO - Filling up the DagBag from /home/airflow/.local/lib/python3.12/site-packages/airflow/example_dags/example_sla_dag.py
[2025-04-08T01:37:53.841+0000] {processor.py:925} INFO - DAG(s) 'example_sla_dag' retrieved from /home/airflow/.local/lib/python3.12/site-packages/airflow/example_dags/example_sla_dag.py
[2025-04-08T01:37:54.044+0000] {logging_mixin.py:190} INFO - [2025-04-08T01:37:54.043+0000] {dag.py:3239} INFO - Sync 1 DAGs
[2025-04-08T01:37:54.210+0000] {logging_mixin.py:190} INFO - [2025-04-08T01:37:54.209+0000] {dag.py:4180} INFO - Setting next_dagrun for example_sla_dag to 2025-04-08 01:34:00+00:00, run_after=2025-04-08 01:36:00+00:00
[2025-04-08T01:37:54.661+0000] {processor.py:208} INFO - Processing /home/airflow/.local/lib/python3.12/site-packages/airflow/example_dags/example_sla_dag.py took 0.942 seconds
[2025-04-08T01:38:26.204+0000] {processor.py:186} INFO - Started process (PID=9390) to work on /home/airflow/.local/lib/python3.12/site-packages/airflow/example_dags/example_sla_dag.py
[2025-04-08T01:38:26.210+0000] {processor.py:914} INFO - Processing file /home/airflow/.local/lib/python3.12/site-packages/airflow/example_dags/example_sla_dag.py for tasks to queue
[2025-04-08T01:38:26.216+0000] {logging_mixin.py:190} INFO - [2025-04-08T01:38:26.215+0000] {dagbag.py:588} INFO - Filling up the DagBag from /home/airflow/.local/lib/python3.12/site-packages/airflow/example_dags/example_sla_dag.py
[2025-04-08T01:38:26.269+0000] {processor.py:925} INFO - DAG(s) 'example_sla_dag' retrieved from /home/airflow/.local/lib/python3.12/site-packages/airflow/example_dags/example_sla_dag.py
[2025-04-08T01:38:26.382+0000] {logging_mixin.py:190} INFO - [2025-04-08T01:38:26.381+0000] {dag.py:3239} INFO - Sync 1 DAGs
[2025-04-08T01:38:26.550+0000] {logging_mixin.py:190} INFO - [2025-04-08T01:38:26.548+0000] {dag.py:4180} INFO - Setting next_dagrun for example_sla_dag to 2025-04-08 01:36:00+00:00, run_after=2025-04-08 01:38:00+00:00
[2025-04-08T01:38:26.741+0000] {processor.py:208} INFO - Processing /home/airflow/.local/lib/python3.12/site-packages/airflow/example_dags/example_sla_dag.py took 0.565 seconds
[2025-04-08T01:38:57.007+0000] {processor.py:186} INFO - Started process (PID=9453) to work on /home/airflow/.local/lib/python3.12/site-packages/airflow/example_dags/example_sla_dag.py
[2025-04-08T01:38:57.013+0000] {processor.py:914} INFO - Processing file /home/airflow/.local/lib/python3.12/site-packages/airflow/example_dags/example_sla_dag.py for tasks to queue
[2025-04-08T01:38:57.022+0000] {logging_mixin.py:190} INFO - [2025-04-08T01:38:57.021+0000] {dagbag.py:588} INFO - Filling up the DagBag from /home/airflow/.local/lib/python3.12/site-packages/airflow/example_dags/example_sla_dag.py
[2025-04-08T01:38:57.087+0000] {processor.py:925} INFO - DAG(s) 'example_sla_dag' retrieved from /home/airflow/.local/lib/python3.12/site-packages/airflow/example_dags/example_sla_dag.py
[2025-04-08T01:38:57.246+0000] {logging_mixin.py:190} INFO - [2025-04-08T01:38:57.242+0000] {dag.py:3239} INFO - Sync 1 DAGs
[2025-04-08T01:38:57.483+0000] {logging_mixin.py:190} INFO - [2025-04-08T01:38:57.478+0000] {dag.py:4180} INFO - Setting next_dagrun for example_sla_dag to 2025-04-08 01:36:00+00:00, run_after=2025-04-08 01:38:00+00:00
[2025-04-08T01:38:57.631+0000] {processor.py:208} INFO - Processing /home/airflow/.local/lib/python3.12/site-packages/airflow/example_dags/example_sla_dag.py took 0.657 seconds
[2025-04-08T01:39:29.448+0000] {processor.py:186} INFO - Started process (PID=9515) to work on /home/airflow/.local/lib/python3.12/site-packages/airflow/example_dags/example_sla_dag.py
[2025-04-08T01:39:29.456+0000] {processor.py:914} INFO - Processing file /home/airflow/.local/lib/python3.12/site-packages/airflow/example_dags/example_sla_dag.py for tasks to queue
[2025-04-08T01:39:29.489+0000] {logging_mixin.py:190} INFO - [2025-04-08T01:39:29.487+0000] {dagbag.py:588} INFO - Filling up the DagBag from /home/airflow/.local/lib/python3.12/site-packages/airflow/example_dags/example_sla_dag.py
[2025-04-08T01:39:29.544+0000] {processor.py:925} INFO - DAG(s) 'example_sla_dag' retrieved from /home/airflow/.local/lib/python3.12/site-packages/airflow/example_dags/example_sla_dag.py
[2025-04-08T01:39:29.623+0000] {logging_mixin.py:190} INFO - [2025-04-08T01:39:29.622+0000] {dag.py:3239} INFO - Sync 1 DAGs
[2025-04-08T01:39:29.722+0000] {logging_mixin.py:190} INFO - [2025-04-08T01:39:29.721+0000] {dag.py:4180} INFO - Setting next_dagrun for example_sla_dag to 2025-04-08 01:36:00+00:00, run_after=2025-04-08 01:38:00+00:00
[2025-04-08T01:39:29.798+0000] {processor.py:208} INFO - Processing /home/airflow/.local/lib/python3.12/site-packages/airflow/example_dags/example_sla_dag.py took 0.459 seconds
