[2025-04-08T00:26:31.294+0000] {processor.py:186} INFO - Started process (PID=5825) to work on /home/airflow/.local/lib/python3.12/site-packages/airflow/example_dags/example_branch_labels.py
[2025-04-08T00:26:31.296+0000] {processor.py:914} INFO - Processing file /home/airflow/.local/lib/python3.12/site-packages/airflow/example_dags/example_branch_labels.py for tasks to queue
[2025-04-08T00:26:31.302+0000] {logging_mixin.py:190} INFO - [2025-04-08T00:26:31.301+0000] {dagbag.py:588} INFO - Filling up the DagBag from /home/airflow/.local/lib/python3.12/site-packages/airflow/example_dags/example_branch_labels.py
[2025-04-08T00:26:31.332+0000] {processor.py:925} INFO - DAG(s) 'example_branch_labels' retrieved from /home/airflow/.local/lib/python3.12/site-packages/airflow/example_dags/example_branch_labels.py
[2025-04-08T00:26:31.408+0000] {logging_mixin.py:190} INFO - [2025-04-08T00:26:31.408+0000] {dag.py:3239} INFO - Sync 1 DAGs
[2025-04-08T00:26:31.496+0000] {logging_mixin.py:190} INFO - [2025-04-08T00:26:31.494+0000] {dag.py:4180} INFO - Setting next_dagrun for example_branch_labels to 2025-04-07 00:00:00+00:00, run_after=2025-04-08 00:00:00+00:00
[2025-04-08T00:26:31.560+0000] {processor.py:208} INFO - Processing /home/airflow/.local/lib/python3.12/site-packages/airflow/example_dags/example_branch_labels.py took 0.289 seconds
[2025-04-08T00:43:38.321+0000] {processor.py:186} INFO - Started process (PID=5850) to work on /home/airflow/.local/lib/python3.12/site-packages/airflow/example_dags/example_branch_labels.py
[2025-04-08T00:43:38.360+0000] {processor.py:914} INFO - Processing file /home/airflow/.local/lib/python3.12/site-packages/airflow/example_dags/example_branch_labels.py for tasks to queue
[2025-04-08T00:43:38.368+0000] {logging_mixin.py:190} INFO - [2025-04-08T00:43:38.367+0000] {dagbag.py:588} INFO - Filling up the DagBag from /home/airflow/.local/lib/python3.12/site-packages/airflow/example_dags/example_branch_labels.py
[2025-04-08T00:43:38.555+0000] {processor.py:925} INFO - DAG(s) 'example_branch_labels' retrieved from /home/airflow/.local/lib/python3.12/site-packages/airflow/example_dags/example_branch_labels.py
[2025-04-08T00:43:38.781+0000] {logging_mixin.py:190} INFO - [2025-04-08T00:43:38.781+0000] {dag.py:3239} INFO - Sync 1 DAGs
[2025-04-08T00:43:38.909+0000] {logging_mixin.py:190} INFO - [2025-04-08T00:43:38.909+0000] {dag.py:4180} INFO - Setting next_dagrun for example_branch_labels to 2025-04-07 00:00:00+00:00, run_after=2025-04-08 00:00:00+00:00
[2025-04-08T00:43:39.005+0000] {processor.py:208} INFO - Processing /home/airflow/.local/lib/python3.12/site-packages/airflow/example_dags/example_branch_labels.py took 0.726 seconds
[2025-04-08T00:44:11.256+0000] {processor.py:186} INFO - Started process (PID=5913) to work on /home/airflow/.local/lib/python3.12/site-packages/airflow/example_dags/example_branch_labels.py
[2025-04-08T00:44:11.261+0000] {processor.py:914} INFO - Processing file /home/airflow/.local/lib/python3.12/site-packages/airflow/example_dags/example_branch_labels.py for tasks to queue
[2025-04-08T00:44:11.275+0000] {logging_mixin.py:190} INFO - [2025-04-08T00:44:11.272+0000] {dagbag.py:588} INFO - Filling up the DagBag from /home/airflow/.local/lib/python3.12/site-packages/airflow/example_dags/example_branch_labels.py
[2025-04-08T00:44:11.362+0000] {processor.py:925} INFO - DAG(s) 'example_branch_labels' retrieved from /home/airflow/.local/lib/python3.12/site-packages/airflow/example_dags/example_branch_labels.py
[2025-04-08T00:44:11.550+0000] {logging_mixin.py:190} INFO - [2025-04-08T00:44:11.548+0000] {dag.py:3239} INFO - Sync 1 DAGs
[2025-04-08T00:44:11.799+0000] {logging_mixin.py:190} INFO - [2025-04-08T00:44:11.797+0000] {dag.py:4180} INFO - Setting next_dagrun for example_branch_labels to 2025-04-07 00:00:00+00:00, run_after=2025-04-08 00:00:00+00:00
[2025-04-08T00:44:11.946+0000] {processor.py:208} INFO - Processing /home/airflow/.local/lib/python3.12/site-packages/airflow/example_dags/example_branch_labels.py took 0.722 seconds
[2025-04-08T00:44:42.445+0000] {processor.py:186} INFO - Started process (PID=5975) to work on /home/airflow/.local/lib/python3.12/site-packages/airflow/example_dags/example_branch_labels.py
[2025-04-08T00:44:42.446+0000] {processor.py:914} INFO - Processing file /home/airflow/.local/lib/python3.12/site-packages/airflow/example_dags/example_branch_labels.py for tasks to queue
[2025-04-08T00:44:42.449+0000] {logging_mixin.py:190} INFO - [2025-04-08T00:44:42.448+0000] {dagbag.py:588} INFO - Filling up the DagBag from /home/airflow/.local/lib/python3.12/site-packages/airflow/example_dags/example_branch_labels.py
[2025-04-08T00:44:42.463+0000] {processor.py:925} INFO - DAG(s) 'example_branch_labels' retrieved from /home/airflow/.local/lib/python3.12/site-packages/airflow/example_dags/example_branch_labels.py
[2025-04-08T00:44:42.492+0000] {logging_mixin.py:190} INFO - [2025-04-08T00:44:42.491+0000] {dag.py:3239} INFO - Sync 1 DAGs
[2025-04-08T00:44:42.521+0000] {logging_mixin.py:190} INFO - [2025-04-08T00:44:42.521+0000] {dag.py:4180} INFO - Setting next_dagrun for example_branch_labels to 2025-04-07 00:00:00+00:00, run_after=2025-04-08 00:00:00+00:00
[2025-04-08T00:44:42.575+0000] {processor.py:208} INFO - Processing /home/airflow/.local/lib/python3.12/site-packages/airflow/example_dags/example_branch_labels.py took 0.137 seconds
[2025-04-08T00:45:12.740+0000] {processor.py:186} INFO - Started process (PID=6038) to work on /home/airflow/.local/lib/python3.12/site-packages/airflow/example_dags/example_branch_labels.py
[2025-04-08T00:45:12.741+0000] {processor.py:914} INFO - Processing file /home/airflow/.local/lib/python3.12/site-packages/airflow/example_dags/example_branch_labels.py for tasks to queue
[2025-04-08T00:45:12.743+0000] {logging_mixin.py:190} INFO - [2025-04-08T00:45:12.743+0000] {dagbag.py:588} INFO - Filling up the DagBag from /home/airflow/.local/lib/python3.12/site-packages/airflow/example_dags/example_branch_labels.py
[2025-04-08T00:45:12.758+0000] {processor.py:925} INFO - DAG(s) 'example_branch_labels' retrieved from /home/airflow/.local/lib/python3.12/site-packages/airflow/example_dags/example_branch_labels.py
[2025-04-08T00:45:12.789+0000] {logging_mixin.py:190} INFO - [2025-04-08T00:45:12.789+0000] {dag.py:3239} INFO - Sync 1 DAGs
[2025-04-08T00:45:12.827+0000] {logging_mixin.py:190} INFO - [2025-04-08T00:45:12.827+0000] {dag.py:4180} INFO - Setting next_dagrun for example_branch_labels to 2025-04-07 00:00:00+00:00, run_after=2025-04-08 00:00:00+00:00
[2025-04-08T00:45:12.857+0000] {processor.py:208} INFO - Processing /home/airflow/.local/lib/python3.12/site-packages/airflow/example_dags/example_branch_labels.py took 0.124 seconds
[2025-04-08T00:45:43.034+0000] {processor.py:186} INFO - Started process (PID=6100) to work on /home/airflow/.local/lib/python3.12/site-packages/airflow/example_dags/example_branch_labels.py
[2025-04-08T00:45:43.035+0000] {processor.py:914} INFO - Processing file /home/airflow/.local/lib/python3.12/site-packages/airflow/example_dags/example_branch_labels.py for tasks to queue
[2025-04-08T00:45:43.036+0000] {logging_mixin.py:190} INFO - [2025-04-08T00:45:43.036+0000] {dagbag.py:588} INFO - Filling up the DagBag from /home/airflow/.local/lib/python3.12/site-packages/airflow/example_dags/example_branch_labels.py
[2025-04-08T00:45:43.045+0000] {processor.py:925} INFO - DAG(s) 'example_branch_labels' retrieved from /home/airflow/.local/lib/python3.12/site-packages/airflow/example_dags/example_branch_labels.py
[2025-04-08T00:45:43.067+0000] {logging_mixin.py:190} INFO - [2025-04-08T00:45:43.067+0000] {dag.py:3239} INFO - Sync 1 DAGs
[2025-04-08T00:45:43.091+0000] {logging_mixin.py:190} INFO - [2025-04-08T00:45:43.090+0000] {dag.py:4180} INFO - Setting next_dagrun for example_branch_labels to 2025-04-07 00:00:00+00:00, run_after=2025-04-08 00:00:00+00:00
[2025-04-08T00:45:43.110+0000] {processor.py:208} INFO - Processing /home/airflow/.local/lib/python3.12/site-packages/airflow/example_dags/example_branch_labels.py took 0.081 seconds
[2025-04-08T00:46:13.804+0000] {processor.py:186} INFO - Started process (PID=6161) to work on /home/airflow/.local/lib/python3.12/site-packages/airflow/example_dags/example_branch_labels.py
[2025-04-08T00:46:13.806+0000] {processor.py:914} INFO - Processing file /home/airflow/.local/lib/python3.12/site-packages/airflow/example_dags/example_branch_labels.py for tasks to queue
[2025-04-08T00:46:13.810+0000] {logging_mixin.py:190} INFO - [2025-04-08T00:46:13.809+0000] {dagbag.py:588} INFO - Filling up the DagBag from /home/airflow/.local/lib/python3.12/site-packages/airflow/example_dags/example_branch_labels.py
[2025-04-08T00:46:13.840+0000] {processor.py:925} INFO - DAG(s) 'example_branch_labels' retrieved from /home/airflow/.local/lib/python3.12/site-packages/airflow/example_dags/example_branch_labels.py
[2025-04-08T00:46:13.934+0000] {logging_mixin.py:190} INFO - [2025-04-08T00:46:13.933+0000] {dag.py:3239} INFO - Sync 1 DAGs
[2025-04-08T00:46:13.984+0000] {logging_mixin.py:190} INFO - [2025-04-08T00:46:13.984+0000] {dag.py:4180} INFO - Setting next_dagrun for example_branch_labels to 2025-04-07 00:00:00+00:00, run_after=2025-04-08 00:00:00+00:00
[2025-04-08T00:46:14.023+0000] {processor.py:208} INFO - Processing /home/airflow/.local/lib/python3.12/site-packages/airflow/example_dags/example_branch_labels.py took 0.227 seconds
[2025-04-08T00:46:44.228+0000] {processor.py:186} INFO - Started process (PID=6223) to work on /home/airflow/.local/lib/python3.12/site-packages/airflow/example_dags/example_branch_labels.py
[2025-04-08T00:46:44.231+0000] {processor.py:914} INFO - Processing file /home/airflow/.local/lib/python3.12/site-packages/airflow/example_dags/example_branch_labels.py for tasks to queue
[2025-04-08T00:46:44.233+0000] {logging_mixin.py:190} INFO - [2025-04-08T00:46:44.233+0000] {dagbag.py:588} INFO - Filling up the DagBag from /home/airflow/.local/lib/python3.12/site-packages/airflow/example_dags/example_branch_labels.py
[2025-04-08T00:46:44.256+0000] {processor.py:925} INFO - DAG(s) 'example_branch_labels' retrieved from /home/airflow/.local/lib/python3.12/site-packages/airflow/example_dags/example_branch_labels.py
[2025-04-08T00:46:44.299+0000] {logging_mixin.py:190} INFO - [2025-04-08T00:46:44.299+0000] {dag.py:3239} INFO - Sync 1 DAGs
[2025-04-08T00:46:44.343+0000] {logging_mixin.py:190} INFO - [2025-04-08T00:46:44.343+0000] {dag.py:4180} INFO - Setting next_dagrun for example_branch_labels to 2025-04-07 00:00:00+00:00, run_after=2025-04-08 00:00:00+00:00
[2025-04-08T00:46:44.406+0000] {processor.py:208} INFO - Processing /home/airflow/.local/lib/python3.12/site-packages/airflow/example_dags/example_branch_labels.py took 0.189 seconds
[2025-04-08T00:47:14.514+0000] {processor.py:186} INFO - Started process (PID=6286) to work on /home/airflow/.local/lib/python3.12/site-packages/airflow/example_dags/example_branch_labels.py
[2025-04-08T00:47:14.515+0000] {processor.py:914} INFO - Processing file /home/airflow/.local/lib/python3.12/site-packages/airflow/example_dags/example_branch_labels.py for tasks to queue
[2025-04-08T00:47:14.516+0000] {logging_mixin.py:190} INFO - [2025-04-08T00:47:14.516+0000] {dagbag.py:588} INFO - Filling up the DagBag from /home/airflow/.local/lib/python3.12/site-packages/airflow/example_dags/example_branch_labels.py
[2025-04-08T00:47:14.524+0000] {processor.py:925} INFO - DAG(s) 'example_branch_labels' retrieved from /home/airflow/.local/lib/python3.12/site-packages/airflow/example_dags/example_branch_labels.py
[2025-04-08T00:47:14.545+0000] {logging_mixin.py:190} INFO - [2025-04-08T00:47:14.544+0000] {dag.py:3239} INFO - Sync 1 DAGs
[2025-04-08T00:47:14.567+0000] {logging_mixin.py:190} INFO - [2025-04-08T00:47:14.567+0000] {dag.py:4180} INFO - Setting next_dagrun for example_branch_labels to 2025-04-07 00:00:00+00:00, run_after=2025-04-08 00:00:00+00:00
[2025-04-08T00:47:14.585+0000] {processor.py:208} INFO - Processing /home/airflow/.local/lib/python3.12/site-packages/airflow/example_dags/example_branch_labels.py took 0.076 seconds
[2025-04-08T00:47:44.882+0000] {processor.py:186} INFO - Started process (PID=6348) to work on /home/airflow/.local/lib/python3.12/site-packages/airflow/example_dags/example_branch_labels.py
[2025-04-08T00:47:44.883+0000] {processor.py:914} INFO - Processing file /home/airflow/.local/lib/python3.12/site-packages/airflow/example_dags/example_branch_labels.py for tasks to queue
[2025-04-08T00:47:44.885+0000] {logging_mixin.py:190} INFO - [2025-04-08T00:47:44.885+0000] {dagbag.py:588} INFO - Filling up the DagBag from /home/airflow/.local/lib/python3.12/site-packages/airflow/example_dags/example_branch_labels.py
[2025-04-08T00:47:44.894+0000] {processor.py:925} INFO - DAG(s) 'example_branch_labels' retrieved from /home/airflow/.local/lib/python3.12/site-packages/airflow/example_dags/example_branch_labels.py
[2025-04-08T00:47:44.916+0000] {logging_mixin.py:190} INFO - [2025-04-08T00:47:44.915+0000] {dag.py:3239} INFO - Sync 1 DAGs
[2025-04-08T00:47:44.939+0000] {logging_mixin.py:190} INFO - [2025-04-08T00:47:44.939+0000] {dag.py:4180} INFO - Setting next_dagrun for example_branch_labels to 2025-04-07 00:00:00+00:00, run_after=2025-04-08 00:00:00+00:00
[2025-04-08T00:47:44.963+0000] {processor.py:208} INFO - Processing /home/airflow/.local/lib/python3.12/site-packages/airflow/example_dags/example_branch_labels.py took 0.086 seconds
[2025-04-08T00:48:15.388+0000] {processor.py:186} INFO - Started process (PID=6411) to work on /home/airflow/.local/lib/python3.12/site-packages/airflow/example_dags/example_branch_labels.py
[2025-04-08T00:48:15.392+0000] {processor.py:914} INFO - Processing file /home/airflow/.local/lib/python3.12/site-packages/airflow/example_dags/example_branch_labels.py for tasks to queue
[2025-04-08T00:48:15.395+0000] {logging_mixin.py:190} INFO - [2025-04-08T00:48:15.394+0000] {dagbag.py:588} INFO - Filling up the DagBag from /home/airflow/.local/lib/python3.12/site-packages/airflow/example_dags/example_branch_labels.py
[2025-04-08T00:48:15.416+0000] {processor.py:925} INFO - DAG(s) 'example_branch_labels' retrieved from /home/airflow/.local/lib/python3.12/site-packages/airflow/example_dags/example_branch_labels.py
[2025-04-08T00:48:15.460+0000] {logging_mixin.py:190} INFO - [2025-04-08T00:48:15.459+0000] {dag.py:3239} INFO - Sync 1 DAGs
[2025-04-08T00:48:15.499+0000] {logging_mixin.py:190} INFO - [2025-04-08T00:48:15.499+0000] {dag.py:4180} INFO - Setting next_dagrun for example_branch_labels to 2025-04-07 00:00:00+00:00, run_after=2025-04-08 00:00:00+00:00
[2025-04-08T00:48:15.540+0000] {processor.py:208} INFO - Processing /home/airflow/.local/lib/python3.12/site-packages/airflow/example_dags/example_branch_labels.py took 0.163 seconds
[2025-04-08T00:48:46.319+0000] {processor.py:186} INFO - Started process (PID=6474) to work on /home/airflow/.local/lib/python3.12/site-packages/airflow/example_dags/example_branch_labels.py
[2025-04-08T00:48:46.320+0000] {processor.py:914} INFO - Processing file /home/airflow/.local/lib/python3.12/site-packages/airflow/example_dags/example_branch_labels.py for tasks to queue
[2025-04-08T00:48:46.322+0000] {logging_mixin.py:190} INFO - [2025-04-08T00:48:46.321+0000] {dagbag.py:588} INFO - Filling up the DagBag from /home/airflow/.local/lib/python3.12/site-packages/airflow/example_dags/example_branch_labels.py
[2025-04-08T00:48:46.337+0000] {processor.py:925} INFO - DAG(s) 'example_branch_labels' retrieved from /home/airflow/.local/lib/python3.12/site-packages/airflow/example_dags/example_branch_labels.py
[2025-04-08T00:48:46.380+0000] {logging_mixin.py:190} INFO - [2025-04-08T00:48:46.379+0000] {dag.py:3239} INFO - Sync 1 DAGs
[2025-04-08T00:48:46.424+0000] {logging_mixin.py:190} INFO - [2025-04-08T00:48:46.423+0000] {dag.py:4180} INFO - Setting next_dagrun for example_branch_labels to 2025-04-07 00:00:00+00:00, run_after=2025-04-08 00:00:00+00:00
[2025-04-08T00:48:46.460+0000] {processor.py:208} INFO - Processing /home/airflow/.local/lib/python3.12/site-packages/airflow/example_dags/example_branch_labels.py took 0.150 seconds
[2025-04-08T00:49:16.560+0000] {processor.py:186} INFO - Started process (PID=6536) to work on /home/airflow/.local/lib/python3.12/site-packages/airflow/example_dags/example_branch_labels.py
[2025-04-08T00:49:16.562+0000] {processor.py:914} INFO - Processing file /home/airflow/.local/lib/python3.12/site-packages/airflow/example_dags/example_branch_labels.py for tasks to queue
[2025-04-08T00:49:16.564+0000] {logging_mixin.py:190} INFO - [2025-04-08T00:49:16.563+0000] {dagbag.py:588} INFO - Filling up the DagBag from /home/airflow/.local/lib/python3.12/site-packages/airflow/example_dags/example_branch_labels.py
[2025-04-08T00:49:16.575+0000] {processor.py:925} INFO - DAG(s) 'example_branch_labels' retrieved from /home/airflow/.local/lib/python3.12/site-packages/airflow/example_dags/example_branch_labels.py
[2025-04-08T00:49:16.604+0000] {logging_mixin.py:190} INFO - [2025-04-08T00:49:16.603+0000] {dag.py:3239} INFO - Sync 1 DAGs
[2025-04-08T00:49:16.635+0000] {logging_mixin.py:190} INFO - [2025-04-08T00:49:16.635+0000] {dag.py:4180} INFO - Setting next_dagrun for example_branch_labels to 2025-04-07 00:00:00+00:00, run_after=2025-04-08 00:00:00+00:00
[2025-04-08T00:49:16.671+0000] {processor.py:208} INFO - Processing /home/airflow/.local/lib/python3.12/site-packages/airflow/example_dags/example_branch_labels.py took 0.116 seconds
[2025-04-08T00:49:46.874+0000] {processor.py:186} INFO - Started process (PID=6599) to work on /home/airflow/.local/lib/python3.12/site-packages/airflow/example_dags/example_branch_labels.py
[2025-04-08T00:49:46.875+0000] {processor.py:914} INFO - Processing file /home/airflow/.local/lib/python3.12/site-packages/airflow/example_dags/example_branch_labels.py for tasks to queue
[2025-04-08T00:49:46.877+0000] {logging_mixin.py:190} INFO - [2025-04-08T00:49:46.876+0000] {dagbag.py:588} INFO - Filling up the DagBag from /home/airflow/.local/lib/python3.12/site-packages/airflow/example_dags/example_branch_labels.py
[2025-04-08T00:49:46.888+0000] {processor.py:925} INFO - DAG(s) 'example_branch_labels' retrieved from /home/airflow/.local/lib/python3.12/site-packages/airflow/example_dags/example_branch_labels.py
[2025-04-08T00:49:46.908+0000] {logging_mixin.py:190} INFO - [2025-04-08T00:49:46.908+0000] {dag.py:3239} INFO - Sync 1 DAGs
[2025-04-08T00:49:46.933+0000] {logging_mixin.py:190} INFO - [2025-04-08T00:49:46.933+0000] {dag.py:4180} INFO - Setting next_dagrun for example_branch_labels to 2025-04-07 00:00:00+00:00, run_after=2025-04-08 00:00:00+00:00
[2025-04-08T00:49:46.953+0000] {processor.py:208} INFO - Processing /home/airflow/.local/lib/python3.12/site-packages/airflow/example_dags/example_branch_labels.py took 0.084 seconds
[2025-04-08T00:50:17.420+0000] {processor.py:186} INFO - Started process (PID=6662) to work on /home/airflow/.local/lib/python3.12/site-packages/airflow/example_dags/example_branch_labels.py
[2025-04-08T00:50:17.421+0000] {processor.py:914} INFO - Processing file /home/airflow/.local/lib/python3.12/site-packages/airflow/example_dags/example_branch_labels.py for tasks to queue
[2025-04-08T00:50:17.423+0000] {logging_mixin.py:190} INFO - [2025-04-08T00:50:17.423+0000] {dagbag.py:588} INFO - Filling up the DagBag from /home/airflow/.local/lib/python3.12/site-packages/airflow/example_dags/example_branch_labels.py
[2025-04-08T00:50:17.434+0000] {processor.py:925} INFO - DAG(s) 'example_branch_labels' retrieved from /home/airflow/.local/lib/python3.12/site-packages/airflow/example_dags/example_branch_labels.py
[2025-04-08T00:50:17.462+0000] {logging_mixin.py:190} INFO - [2025-04-08T00:50:17.461+0000] {dag.py:3239} INFO - Sync 1 DAGs
[2025-04-08T00:50:17.500+0000] {logging_mixin.py:190} INFO - [2025-04-08T00:50:17.499+0000] {dag.py:4180} INFO - Setting next_dagrun for example_branch_labels to 2025-04-07 00:00:00+00:00, run_after=2025-04-08 00:00:00+00:00
[2025-04-08T00:50:17.525+0000] {processor.py:208} INFO - Processing /home/airflow/.local/lib/python3.12/site-packages/airflow/example_dags/example_branch_labels.py took 0.111 seconds
[2025-04-08T00:50:47.781+0000] {processor.py:186} INFO - Started process (PID=6725) to work on /home/airflow/.local/lib/python3.12/site-packages/airflow/example_dags/example_branch_labels.py
[2025-04-08T00:50:47.783+0000] {processor.py:914} INFO - Processing file /home/airflow/.local/lib/python3.12/site-packages/airflow/example_dags/example_branch_labels.py for tasks to queue
[2025-04-08T00:50:47.784+0000] {logging_mixin.py:190} INFO - [2025-04-08T00:50:47.784+0000] {dagbag.py:588} INFO - Filling up the DagBag from /home/airflow/.local/lib/python3.12/site-packages/airflow/example_dags/example_branch_labels.py
[2025-04-08T00:50:47.794+0000] {processor.py:925} INFO - DAG(s) 'example_branch_labels' retrieved from /home/airflow/.local/lib/python3.12/site-packages/airflow/example_dags/example_branch_labels.py
[2025-04-08T00:50:47.819+0000] {logging_mixin.py:190} INFO - [2025-04-08T00:50:47.819+0000] {dag.py:3239} INFO - Sync 1 DAGs
[2025-04-08T00:50:47.853+0000] {logging_mixin.py:190} INFO - [2025-04-08T00:50:47.853+0000] {dag.py:4180} INFO - Setting next_dagrun for example_branch_labels to 2025-04-07 00:00:00+00:00, run_after=2025-04-08 00:00:00+00:00
[2025-04-08T00:50:47.885+0000] {processor.py:208} INFO - Processing /home/airflow/.local/lib/python3.12/site-packages/airflow/example_dags/example_branch_labels.py took 0.109 seconds
[2025-04-08T00:51:18.114+0000] {processor.py:186} INFO - Started process (PID=6788) to work on /home/airflow/.local/lib/python3.12/site-packages/airflow/example_dags/example_branch_labels.py
[2025-04-08T00:51:18.115+0000] {processor.py:914} INFO - Processing file /home/airflow/.local/lib/python3.12/site-packages/airflow/example_dags/example_branch_labels.py for tasks to queue
[2025-04-08T00:51:18.117+0000] {logging_mixin.py:190} INFO - [2025-04-08T00:51:18.116+0000] {dagbag.py:588} INFO - Filling up the DagBag from /home/airflow/.local/lib/python3.12/site-packages/airflow/example_dags/example_branch_labels.py
[2025-04-08T00:51:18.128+0000] {processor.py:925} INFO - DAG(s) 'example_branch_labels' retrieved from /home/airflow/.local/lib/python3.12/site-packages/airflow/example_dags/example_branch_labels.py
[2025-04-08T00:51:18.151+0000] {logging_mixin.py:190} INFO - [2025-04-08T00:51:18.151+0000] {dag.py:3239} INFO - Sync 1 DAGs
[2025-04-08T00:51:18.177+0000] {logging_mixin.py:190} INFO - [2025-04-08T00:51:18.177+0000] {dag.py:4180} INFO - Setting next_dagrun for example_branch_labels to 2025-04-07 00:00:00+00:00, run_after=2025-04-08 00:00:00+00:00
[2025-04-08T00:51:18.200+0000] {processor.py:208} INFO - Processing /home/airflow/.local/lib/python3.12/site-packages/airflow/example_dags/example_branch_labels.py took 0.094 seconds
[2025-04-08T00:51:48.325+0000] {processor.py:186} INFO - Started process (PID=6851) to work on /home/airflow/.local/lib/python3.12/site-packages/airflow/example_dags/example_branch_labels.py
[2025-04-08T00:51:48.326+0000] {processor.py:914} INFO - Processing file /home/airflow/.local/lib/python3.12/site-packages/airflow/example_dags/example_branch_labels.py for tasks to queue
[2025-04-08T00:51:48.327+0000] {logging_mixin.py:190} INFO - [2025-04-08T00:51:48.327+0000] {dagbag.py:588} INFO - Filling up the DagBag from /home/airflow/.local/lib/python3.12/site-packages/airflow/example_dags/example_branch_labels.py
[2025-04-08T00:51:48.338+0000] {processor.py:925} INFO - DAG(s) 'example_branch_labels' retrieved from /home/airflow/.local/lib/python3.12/site-packages/airflow/example_dags/example_branch_labels.py
[2025-04-08T00:51:48.360+0000] {logging_mixin.py:190} INFO - [2025-04-08T00:51:48.360+0000] {dag.py:3239} INFO - Sync 1 DAGs
[2025-04-08T00:51:48.384+0000] {logging_mixin.py:190} INFO - [2025-04-08T00:51:48.384+0000] {dag.py:4180} INFO - Setting next_dagrun for example_branch_labels to 2025-04-07 00:00:00+00:00, run_after=2025-04-08 00:00:00+00:00
[2025-04-08T00:51:48.404+0000] {processor.py:208} INFO - Processing /home/airflow/.local/lib/python3.12/site-packages/airflow/example_dags/example_branch_labels.py took 0.084 seconds
[2025-04-08T00:52:18.762+0000] {processor.py:186} INFO - Started process (PID=6914) to work on /home/airflow/.local/lib/python3.12/site-packages/airflow/example_dags/example_branch_labels.py
[2025-04-08T00:52:18.763+0000] {processor.py:914} INFO - Processing file /home/airflow/.local/lib/python3.12/site-packages/airflow/example_dags/example_branch_labels.py for tasks to queue
[2025-04-08T00:52:18.764+0000] {logging_mixin.py:190} INFO - [2025-04-08T00:52:18.764+0000] {dagbag.py:588} INFO - Filling up the DagBag from /home/airflow/.local/lib/python3.12/site-packages/airflow/example_dags/example_branch_labels.py
[2025-04-08T00:52:18.771+0000] {processor.py:925} INFO - DAG(s) 'example_branch_labels' retrieved from /home/airflow/.local/lib/python3.12/site-packages/airflow/example_dags/example_branch_labels.py
[2025-04-08T00:52:18.787+0000] {logging_mixin.py:190} INFO - [2025-04-08T00:52:18.787+0000] {dag.py:3239} INFO - Sync 1 DAGs
[2025-04-08T00:52:18.807+0000] {logging_mixin.py:190} INFO - [2025-04-08T00:52:18.807+0000] {dag.py:4180} INFO - Setting next_dagrun for example_branch_labels to 2025-04-07 00:00:00+00:00, run_after=2025-04-08 00:00:00+00:00
[2025-04-08T00:52:18.825+0000] {processor.py:208} INFO - Processing /home/airflow/.local/lib/python3.12/site-packages/airflow/example_dags/example_branch_labels.py took 0.067 seconds
[2025-04-08T00:52:48.893+0000] {processor.py:186} INFO - Started process (PID=6977) to work on /home/airflow/.local/lib/python3.12/site-packages/airflow/example_dags/example_branch_labels.py
[2025-04-08T00:52:48.896+0000] {processor.py:914} INFO - Processing file /home/airflow/.local/lib/python3.12/site-packages/airflow/example_dags/example_branch_labels.py for tasks to queue
[2025-04-08T00:52:48.898+0000] {logging_mixin.py:190} INFO - [2025-04-08T00:52:48.898+0000] {dagbag.py:588} INFO - Filling up the DagBag from /home/airflow/.local/lib/python3.12/site-packages/airflow/example_dags/example_branch_labels.py
[2025-04-08T00:52:48.912+0000] {processor.py:925} INFO - DAG(s) 'example_branch_labels' retrieved from /home/airflow/.local/lib/python3.12/site-packages/airflow/example_dags/example_branch_labels.py
[2025-04-08T00:52:48.939+0000] {logging_mixin.py:190} INFO - [2025-04-08T00:52:48.939+0000] {dag.py:3239} INFO - Sync 1 DAGs
[2025-04-08T00:52:48.976+0000] {logging_mixin.py:190} INFO - [2025-04-08T00:52:48.975+0000] {dag.py:4180} INFO - Setting next_dagrun for example_branch_labels to 2025-04-07 00:00:00+00:00, run_after=2025-04-08 00:00:00+00:00
[2025-04-08T00:52:49.007+0000] {processor.py:208} INFO - Processing /home/airflow/.local/lib/python3.12/site-packages/airflow/example_dags/example_branch_labels.py took 0.123 seconds
[2025-04-08T00:53:19.242+0000] {processor.py:186} INFO - Started process (PID=7038) to work on /home/airflow/.local/lib/python3.12/site-packages/airflow/example_dags/example_branch_labels.py
[2025-04-08T00:53:19.244+0000] {processor.py:914} INFO - Processing file /home/airflow/.local/lib/python3.12/site-packages/airflow/example_dags/example_branch_labels.py for tasks to queue
[2025-04-08T00:53:19.247+0000] {logging_mixin.py:190} INFO - [2025-04-08T00:53:19.246+0000] {dagbag.py:588} INFO - Filling up the DagBag from /home/airflow/.local/lib/python3.12/site-packages/airflow/example_dags/example_branch_labels.py
[2025-04-08T00:53:19.261+0000] {processor.py:925} INFO - DAG(s) 'example_branch_labels' retrieved from /home/airflow/.local/lib/python3.12/site-packages/airflow/example_dags/example_branch_labels.py
[2025-04-08T00:53:19.295+0000] {logging_mixin.py:190} INFO - [2025-04-08T00:53:19.295+0000] {dag.py:3239} INFO - Sync 1 DAGs
[2025-04-08T00:53:19.337+0000] {logging_mixin.py:190} INFO - [2025-04-08T00:53:19.336+0000] {dag.py:4180} INFO - Setting next_dagrun for example_branch_labels to 2025-04-07 00:00:00+00:00, run_after=2025-04-08 00:00:00+00:00
[2025-04-08T00:53:19.367+0000] {processor.py:208} INFO - Processing /home/airflow/.local/lib/python3.12/site-packages/airflow/example_dags/example_branch_labels.py took 0.137 seconds
[2025-04-08T00:53:49.918+0000] {processor.py:186} INFO - Started process (PID=7101) to work on /home/airflow/.local/lib/python3.12/site-packages/airflow/example_dags/example_branch_labels.py
[2025-04-08T00:53:49.920+0000] {processor.py:914} INFO - Processing file /home/airflow/.local/lib/python3.12/site-packages/airflow/example_dags/example_branch_labels.py for tasks to queue
[2025-04-08T00:53:49.922+0000] {logging_mixin.py:190} INFO - [2025-04-08T00:53:49.921+0000] {dagbag.py:588} INFO - Filling up the DagBag from /home/airflow/.local/lib/python3.12/site-packages/airflow/example_dags/example_branch_labels.py
[2025-04-08T00:53:49.934+0000] {processor.py:925} INFO - DAG(s) 'example_branch_labels' retrieved from /home/airflow/.local/lib/python3.12/site-packages/airflow/example_dags/example_branch_labels.py
[2025-04-08T00:53:49.960+0000] {logging_mixin.py:190} INFO - [2025-04-08T00:53:49.959+0000] {dag.py:3239} INFO - Sync 1 DAGs
[2025-04-08T00:53:49.993+0000] {logging_mixin.py:190} INFO - [2025-04-08T00:53:49.993+0000] {dag.py:4180} INFO - Setting next_dagrun for example_branch_labels to 2025-04-07 00:00:00+00:00, run_after=2025-04-08 00:00:00+00:00
[2025-04-08T00:53:50.014+0000] {processor.py:208} INFO - Processing /home/airflow/.local/lib/python3.12/site-packages/airflow/example_dags/example_branch_labels.py took 0.103 seconds
[2025-04-08T00:54:20.784+0000] {processor.py:186} INFO - Started process (PID=7164) to work on /home/airflow/.local/lib/python3.12/site-packages/airflow/example_dags/example_branch_labels.py
[2025-04-08T00:54:20.787+0000] {processor.py:914} INFO - Processing file /home/airflow/.local/lib/python3.12/site-packages/airflow/example_dags/example_branch_labels.py for tasks to queue
[2025-04-08T00:54:20.791+0000] {logging_mixin.py:190} INFO - [2025-04-08T00:54:20.790+0000] {dagbag.py:588} INFO - Filling up the DagBag from /home/airflow/.local/lib/python3.12/site-packages/airflow/example_dags/example_branch_labels.py
[2025-04-08T00:54:20.813+0000] {processor.py:925} INFO - DAG(s) 'example_branch_labels' retrieved from /home/airflow/.local/lib/python3.12/site-packages/airflow/example_dags/example_branch_labels.py
[2025-04-08T00:54:20.893+0000] {logging_mixin.py:190} INFO - [2025-04-08T00:54:20.893+0000] {dag.py:3239} INFO - Sync 1 DAGs
[2025-04-08T00:54:21.019+0000] {logging_mixin.py:190} INFO - [2025-04-08T00:54:21.018+0000] {dag.py:4180} INFO - Setting next_dagrun for example_branch_labels to 2025-04-07 00:00:00+00:00, run_after=2025-04-08 00:00:00+00:00
[2025-04-08T00:54:21.089+0000] {processor.py:208} INFO - Processing /home/airflow/.local/lib/python3.12/site-packages/airflow/example_dags/example_branch_labels.py took 0.322 seconds
[2025-04-08T00:54:51.949+0000] {processor.py:186} INFO - Started process (PID=7226) to work on /home/airflow/.local/lib/python3.12/site-packages/airflow/example_dags/example_branch_labels.py
[2025-04-08T00:54:51.951+0000] {processor.py:914} INFO - Processing file /home/airflow/.local/lib/python3.12/site-packages/airflow/example_dags/example_branch_labels.py for tasks to queue
[2025-04-08T00:54:51.954+0000] {logging_mixin.py:190} INFO - [2025-04-08T00:54:51.953+0000] {dagbag.py:588} INFO - Filling up the DagBag from /home/airflow/.local/lib/python3.12/site-packages/airflow/example_dags/example_branch_labels.py
[2025-04-08T00:54:51.974+0000] {processor.py:925} INFO - DAG(s) 'example_branch_labels' retrieved from /home/airflow/.local/lib/python3.12/site-packages/airflow/example_dags/example_branch_labels.py
[2025-04-08T00:54:52.013+0000] {logging_mixin.py:190} INFO - [2025-04-08T00:54:52.012+0000] {dag.py:3239} INFO - Sync 1 DAGs
[2025-04-08T00:54:52.059+0000] {logging_mixin.py:190} INFO - [2025-04-08T00:54:52.059+0000] {dag.py:4180} INFO - Setting next_dagrun for example_branch_labels to 2025-04-07 00:00:00+00:00, run_after=2025-04-08 00:00:00+00:00
[2025-04-08T00:54:52.098+0000] {processor.py:208} INFO - Processing /home/airflow/.local/lib/python3.12/site-packages/airflow/example_dags/example_branch_labels.py took 0.158 seconds
[2025-04-08T00:55:22.441+0000] {processor.py:186} INFO - Started process (PID=7289) to work on /home/airflow/.local/lib/python3.12/site-packages/airflow/example_dags/example_branch_labels.py
[2025-04-08T00:55:22.446+0000] {processor.py:914} INFO - Processing file /home/airflow/.local/lib/python3.12/site-packages/airflow/example_dags/example_branch_labels.py for tasks to queue
[2025-04-08T00:55:22.454+0000] {logging_mixin.py:190} INFO - [2025-04-08T00:55:22.452+0000] {dagbag.py:588} INFO - Filling up the DagBag from /home/airflow/.local/lib/python3.12/site-packages/airflow/example_dags/example_branch_labels.py
[2025-04-08T00:55:22.483+0000] {processor.py:925} INFO - DAG(s) 'example_branch_labels' retrieved from /home/airflow/.local/lib/python3.12/site-packages/airflow/example_dags/example_branch_labels.py
[2025-04-08T00:55:22.547+0000] {logging_mixin.py:190} INFO - [2025-04-08T00:55:22.546+0000] {dag.py:3239} INFO - Sync 1 DAGs
[2025-04-08T00:55:22.604+0000] {logging_mixin.py:190} INFO - [2025-04-08T00:55:22.604+0000] {dag.py:4180} INFO - Setting next_dagrun for example_branch_labels to 2025-04-07 00:00:00+00:00, run_after=2025-04-08 00:00:00+00:00
[2025-04-08T00:55:22.636+0000] {processor.py:208} INFO - Processing /home/airflow/.local/lib/python3.12/site-packages/airflow/example_dags/example_branch_labels.py took 0.212 seconds
[2025-04-08T00:55:52.964+0000] {processor.py:186} INFO - Started process (PID=7352) to work on /home/airflow/.local/lib/python3.12/site-packages/airflow/example_dags/example_branch_labels.py
[2025-04-08T00:55:52.966+0000] {processor.py:914} INFO - Processing file /home/airflow/.local/lib/python3.12/site-packages/airflow/example_dags/example_branch_labels.py for tasks to queue
[2025-04-08T00:55:52.970+0000] {logging_mixin.py:190} INFO - [2025-04-08T00:55:52.969+0000] {dagbag.py:588} INFO - Filling up the DagBag from /home/airflow/.local/lib/python3.12/site-packages/airflow/example_dags/example_branch_labels.py
[2025-04-08T00:55:52.990+0000] {processor.py:925} INFO - DAG(s) 'example_branch_labels' retrieved from /home/airflow/.local/lib/python3.12/site-packages/airflow/example_dags/example_branch_labels.py
[2025-04-08T00:55:53.038+0000] {logging_mixin.py:190} INFO - [2025-04-08T00:55:53.037+0000] {dag.py:3239} INFO - Sync 1 DAGs
[2025-04-08T00:55:53.084+0000] {logging_mixin.py:190} INFO - [2025-04-08T00:55:53.084+0000] {dag.py:4180} INFO - Setting next_dagrun for example_branch_labels to 2025-04-07 00:00:00+00:00, run_after=2025-04-08 00:00:00+00:00
[2025-04-08T00:55:53.123+0000] {processor.py:208} INFO - Processing /home/airflow/.local/lib/python3.12/site-packages/airflow/example_dags/example_branch_labels.py took 0.171 seconds
[2025-04-08T00:56:23.465+0000] {processor.py:186} INFO - Started process (PID=7415) to work on /home/airflow/.local/lib/python3.12/site-packages/airflow/example_dags/example_branch_labels.py
[2025-04-08T00:56:23.467+0000] {processor.py:914} INFO - Processing file /home/airflow/.local/lib/python3.12/site-packages/airflow/example_dags/example_branch_labels.py for tasks to queue
[2025-04-08T00:56:23.471+0000] {logging_mixin.py:190} INFO - [2025-04-08T00:56:23.470+0000] {dagbag.py:588} INFO - Filling up the DagBag from /home/airflow/.local/lib/python3.12/site-packages/airflow/example_dags/example_branch_labels.py
[2025-04-08T00:56:23.500+0000] {processor.py:925} INFO - DAG(s) 'example_branch_labels' retrieved from /home/airflow/.local/lib/python3.12/site-packages/airflow/example_dags/example_branch_labels.py
[2025-04-08T00:56:23.538+0000] {logging_mixin.py:190} INFO - [2025-04-08T00:56:23.538+0000] {dag.py:3239} INFO - Sync 1 DAGs
[2025-04-08T00:56:23.583+0000] {logging_mixin.py:190} INFO - [2025-04-08T00:56:23.582+0000] {dag.py:4180} INFO - Setting next_dagrun for example_branch_labels to 2025-04-07 00:00:00+00:00, run_after=2025-04-08 00:00:00+00:00
[2025-04-08T00:56:23.622+0000] {processor.py:208} INFO - Processing /home/airflow/.local/lib/python3.12/site-packages/airflow/example_dags/example_branch_labels.py took 0.170 seconds
[2025-04-08T00:56:54.409+0000] {processor.py:186} INFO - Started process (PID=7478) to work on /home/airflow/.local/lib/python3.12/site-packages/airflow/example_dags/example_branch_labels.py
[2025-04-08T00:56:54.411+0000] {processor.py:914} INFO - Processing file /home/airflow/.local/lib/python3.12/site-packages/airflow/example_dags/example_branch_labels.py for tasks to queue
[2025-04-08T00:56:54.415+0000] {logging_mixin.py:190} INFO - [2025-04-08T00:56:54.415+0000] {dagbag.py:588} INFO - Filling up the DagBag from /home/airflow/.local/lib/python3.12/site-packages/airflow/example_dags/example_branch_labels.py
[2025-04-08T00:56:54.451+0000] {processor.py:925} INFO - DAG(s) 'example_branch_labels' retrieved from /home/airflow/.local/lib/python3.12/site-packages/airflow/example_dags/example_branch_labels.py
[2025-04-08T00:56:54.521+0000] {logging_mixin.py:190} INFO - [2025-04-08T00:56:54.520+0000] {dag.py:3239} INFO - Sync 1 DAGs
[2025-04-08T00:56:54.576+0000] {logging_mixin.py:190} INFO - [2025-04-08T00:56:54.576+0000] {dag.py:4180} INFO - Setting next_dagrun for example_branch_labels to 2025-04-07 00:00:00+00:00, run_after=2025-04-08 00:00:00+00:00
[2025-04-08T00:56:54.623+0000] {processor.py:208} INFO - Processing /home/airflow/.local/lib/python3.12/site-packages/airflow/example_dags/example_branch_labels.py took 0.229 seconds
[2025-04-08T00:57:24.741+0000] {processor.py:186} INFO - Started process (PID=7541) to work on /home/airflow/.local/lib/python3.12/site-packages/airflow/example_dags/example_branch_labels.py
[2025-04-08T00:57:24.743+0000] {processor.py:914} INFO - Processing file /home/airflow/.local/lib/python3.12/site-packages/airflow/example_dags/example_branch_labels.py for tasks to queue
[2025-04-08T00:57:24.745+0000] {logging_mixin.py:190} INFO - [2025-04-08T00:57:24.745+0000] {dagbag.py:588} INFO - Filling up the DagBag from /home/airflow/.local/lib/python3.12/site-packages/airflow/example_dags/example_branch_labels.py
[2025-04-08T00:57:24.755+0000] {processor.py:925} INFO - DAG(s) 'example_branch_labels' retrieved from /home/airflow/.local/lib/python3.12/site-packages/airflow/example_dags/example_branch_labels.py
[2025-04-08T00:57:24.784+0000] {logging_mixin.py:190} INFO - [2025-04-08T00:57:24.783+0000] {dag.py:3239} INFO - Sync 1 DAGs
[2025-04-08T00:57:24.814+0000] {logging_mixin.py:190} INFO - [2025-04-08T00:57:24.814+0000] {dag.py:4180} INFO - Setting next_dagrun for example_branch_labels to 2025-04-07 00:00:00+00:00, run_after=2025-04-08 00:00:00+00:00
[2025-04-08T00:57:24.840+0000] {processor.py:208} INFO - Processing /home/airflow/.local/lib/python3.12/site-packages/airflow/example_dags/example_branch_labels.py took 0.105 seconds
[2025-04-08T00:57:55.879+0000] {processor.py:186} INFO - Started process (PID=7598) to work on /home/airflow/.local/lib/python3.12/site-packages/airflow/example_dags/example_branch_labels.py
[2025-04-08T00:57:55.882+0000] {processor.py:914} INFO - Processing file /home/airflow/.local/lib/python3.12/site-packages/airflow/example_dags/example_branch_labels.py for tasks to queue
[2025-04-08T00:57:55.887+0000] {logging_mixin.py:190} INFO - [2025-04-08T00:57:55.886+0000] {dagbag.py:588} INFO - Filling up the DagBag from /home/airflow/.local/lib/python3.12/site-packages/airflow/example_dags/example_branch_labels.py
[2025-04-08T00:57:55.912+0000] {processor.py:925} INFO - DAG(s) 'example_branch_labels' retrieved from /home/airflow/.local/lib/python3.12/site-packages/airflow/example_dags/example_branch_labels.py
[2025-04-08T00:57:55.983+0000] {logging_mixin.py:190} INFO - [2025-04-08T00:57:55.982+0000] {dag.py:3239} INFO - Sync 1 DAGs
[2025-04-08T00:57:56.065+0000] {logging_mixin.py:190} INFO - [2025-04-08T00:57:56.064+0000] {dag.py:4180} INFO - Setting next_dagrun for example_branch_labels to 2025-04-07 00:00:00+00:00, run_after=2025-04-08 00:00:00+00:00
[2025-04-08T00:57:56.143+0000] {processor.py:208} INFO - Processing /home/airflow/.local/lib/python3.12/site-packages/airflow/example_dags/example_branch_labels.py took 0.278 seconds
[2025-04-08T00:58:27.107+0000] {processor.py:186} INFO - Started process (PID=7649) to work on /home/airflow/.local/lib/python3.12/site-packages/airflow/example_dags/example_branch_labels.py
[2025-04-08T00:58:27.394+0000] {processor.py:914} INFO - Processing file /home/airflow/.local/lib/python3.12/site-packages/airflow/example_dags/example_branch_labels.py for tasks to queue
[2025-04-08T00:58:27.425+0000] {logging_mixin.py:190} INFO - [2025-04-08T00:58:27.423+0000] {dagbag.py:588} INFO - Filling up the DagBag from /home/airflow/.local/lib/python3.12/site-packages/airflow/example_dags/example_branch_labels.py
[2025-04-08T00:58:27.569+0000] {processor.py:925} INFO - DAG(s) 'example_branch_labels' retrieved from /home/airflow/.local/lib/python3.12/site-packages/airflow/example_dags/example_branch_labels.py
[2025-04-08T00:58:27.867+0000] {logging_mixin.py:190} INFO - [2025-04-08T00:58:27.866+0000] {dag.py:3239} INFO - Sync 1 DAGs
[2025-04-08T00:58:28.188+0000] {logging_mixin.py:190} INFO - [2025-04-08T00:58:28.177+0000] {dag.py:4180} INFO - Setting next_dagrun for example_branch_labels to 2025-04-07 00:00:00+00:00, run_after=2025-04-08 00:00:00+00:00
[2025-04-08T00:58:28.522+0000] {processor.py:208} INFO - Processing /home/airflow/.local/lib/python3.12/site-packages/airflow/example_dags/example_branch_labels.py took 1.586 seconds
[2025-04-08T01:23:43.297+0000] {processor.py:186} INFO - Started process (PID=7669) to work on /home/airflow/.local/lib/python3.12/site-packages/airflow/example_dags/example_branch_labels.py
[2025-04-08T01:23:43.332+0000] {processor.py:914} INFO - Processing file /home/airflow/.local/lib/python3.12/site-packages/airflow/example_dags/example_branch_labels.py for tasks to queue
[2025-04-08T01:23:43.339+0000] {logging_mixin.py:190} INFO - [2025-04-08T01:23:43.338+0000] {dagbag.py:588} INFO - Filling up the DagBag from /home/airflow/.local/lib/python3.12/site-packages/airflow/example_dags/example_branch_labels.py
[2025-04-08T01:23:43.376+0000] {processor.py:925} INFO - DAG(s) 'example_branch_labels' retrieved from /home/airflow/.local/lib/python3.12/site-packages/airflow/example_dags/example_branch_labels.py
[2025-04-08T01:23:43.438+0000] {logging_mixin.py:190} INFO - [2025-04-08T01:23:43.437+0000] {dag.py:3239} INFO - Sync 1 DAGs
[2025-04-08T01:23:43.489+0000] {logging_mixin.py:190} INFO - [2025-04-08T01:23:43.489+0000] {dag.py:4180} INFO - Setting next_dagrun for example_branch_labels to 2025-04-07 00:00:00+00:00, run_after=2025-04-08 00:00:00+00:00
[2025-04-08T01:23:43.880+0000] {processor.py:208} INFO - Processing /home/airflow/.local/lib/python3.12/site-packages/airflow/example_dags/example_branch_labels.py took 0.603 seconds
[2025-04-08T01:24:14.031+0000] {processor.py:186} INFO - Started process (PID=7731) to work on /home/airflow/.local/lib/python3.12/site-packages/airflow/example_dags/example_branch_labels.py
[2025-04-08T01:24:14.033+0000] {processor.py:914} INFO - Processing file /home/airflow/.local/lib/python3.12/site-packages/airflow/example_dags/example_branch_labels.py for tasks to queue
[2025-04-08T01:24:14.036+0000] {logging_mixin.py:190} INFO - [2025-04-08T01:24:14.035+0000] {dagbag.py:588} INFO - Filling up the DagBag from /home/airflow/.local/lib/python3.12/site-packages/airflow/example_dags/example_branch_labels.py
[2025-04-08T01:24:14.050+0000] {processor.py:925} INFO - DAG(s) 'example_branch_labels' retrieved from /home/airflow/.local/lib/python3.12/site-packages/airflow/example_dags/example_branch_labels.py
[2025-04-08T01:24:14.087+0000] {logging_mixin.py:190} INFO - [2025-04-08T01:24:14.087+0000] {dag.py:3239} INFO - Sync 1 DAGs
[2025-04-08T01:24:14.113+0000] {logging_mixin.py:190} INFO - [2025-04-08T01:24:14.113+0000] {dag.py:4180} INFO - Setting next_dagrun for example_branch_labels to 2025-04-07 00:00:00+00:00, run_after=2025-04-08 00:00:00+00:00
[2025-04-08T01:24:14.150+0000] {processor.py:208} INFO - Processing /home/airflow/.local/lib/python3.12/site-packages/airflow/example_dags/example_branch_labels.py took 0.132 seconds
[2025-04-08T01:24:44.312+0000] {processor.py:186} INFO - Started process (PID=7793) to work on /home/airflow/.local/lib/python3.12/site-packages/airflow/example_dags/example_branch_labels.py
[2025-04-08T01:24:44.316+0000] {processor.py:914} INFO - Processing file /home/airflow/.local/lib/python3.12/site-packages/airflow/example_dags/example_branch_labels.py for tasks to queue
[2025-04-08T01:24:44.321+0000] {logging_mixin.py:190} INFO - [2025-04-08T01:24:44.320+0000] {dagbag.py:588} INFO - Filling up the DagBag from /home/airflow/.local/lib/python3.12/site-packages/airflow/example_dags/example_branch_labels.py
[2025-04-08T01:24:44.359+0000] {processor.py:925} INFO - DAG(s) 'example_branch_labels' retrieved from /home/airflow/.local/lib/python3.12/site-packages/airflow/example_dags/example_branch_labels.py
[2025-04-08T01:24:44.408+0000] {logging_mixin.py:190} INFO - [2025-04-08T01:24:44.407+0000] {dag.py:3239} INFO - Sync 1 DAGs
[2025-04-08T01:24:44.466+0000] {logging_mixin.py:190} INFO - [2025-04-08T01:24:44.465+0000] {dag.py:4180} INFO - Setting next_dagrun for example_branch_labels to 2025-04-07 00:00:00+00:00, run_after=2025-04-08 00:00:00+00:00
[2025-04-08T01:24:44.527+0000] {processor.py:208} INFO - Processing /home/airflow/.local/lib/python3.12/site-packages/airflow/example_dags/example_branch_labels.py took 0.237 seconds
[2025-04-08T01:25:14.775+0000] {processor.py:186} INFO - Started process (PID=7856) to work on /home/airflow/.local/lib/python3.12/site-packages/airflow/example_dags/example_branch_labels.py
[2025-04-08T01:25:14.780+0000] {processor.py:914} INFO - Processing file /home/airflow/.local/lib/python3.12/site-packages/airflow/example_dags/example_branch_labels.py for tasks to queue
[2025-04-08T01:25:14.786+0000] {logging_mixin.py:190} INFO - [2025-04-08T01:25:14.784+0000] {dagbag.py:588} INFO - Filling up the DagBag from /home/airflow/.local/lib/python3.12/site-packages/airflow/example_dags/example_branch_labels.py
[2025-04-08T01:25:14.813+0000] {processor.py:925} INFO - DAG(s) 'example_branch_labels' retrieved from /home/airflow/.local/lib/python3.12/site-packages/airflow/example_dags/example_branch_labels.py
[2025-04-08T01:25:14.867+0000] {logging_mixin.py:190} INFO - [2025-04-08T01:25:14.867+0000] {dag.py:3239} INFO - Sync 1 DAGs
[2025-04-08T01:25:14.919+0000] {logging_mixin.py:190} INFO - [2025-04-08T01:25:14.919+0000] {dag.py:4180} INFO - Setting next_dagrun for example_branch_labels to 2025-04-07 00:00:00+00:00, run_after=2025-04-08 00:00:00+00:00
[2025-04-08T01:25:14.959+0000] {processor.py:208} INFO - Processing /home/airflow/.local/lib/python3.12/site-packages/airflow/example_dags/example_branch_labels.py took 0.205 seconds
[2025-04-08T01:25:45.210+0000] {processor.py:186} INFO - Started process (PID=7918) to work on /home/airflow/.local/lib/python3.12/site-packages/airflow/example_dags/example_branch_labels.py
[2025-04-08T01:25:45.213+0000] {processor.py:914} INFO - Processing file /home/airflow/.local/lib/python3.12/site-packages/airflow/example_dags/example_branch_labels.py for tasks to queue
[2025-04-08T01:25:45.215+0000] {logging_mixin.py:190} INFO - [2025-04-08T01:25:45.215+0000] {dagbag.py:588} INFO - Filling up the DagBag from /home/airflow/.local/lib/python3.12/site-packages/airflow/example_dags/example_branch_labels.py
[2025-04-08T01:25:45.240+0000] {processor.py:925} INFO - DAG(s) 'example_branch_labels' retrieved from /home/airflow/.local/lib/python3.12/site-packages/airflow/example_dags/example_branch_labels.py
[2025-04-08T01:25:45.275+0000] {logging_mixin.py:190} INFO - [2025-04-08T01:25:45.274+0000] {dag.py:3239} INFO - Sync 1 DAGs
[2025-04-08T01:25:45.312+0000] {logging_mixin.py:190} INFO - [2025-04-08T01:25:45.312+0000] {dag.py:4180} INFO - Setting next_dagrun for example_branch_labels to 2025-04-07 00:00:00+00:00, run_after=2025-04-08 00:00:00+00:00
[2025-04-08T01:25:45.340+0000] {processor.py:208} INFO - Processing /home/airflow/.local/lib/python3.12/site-packages/airflow/example_dags/example_branch_labels.py took 0.145 seconds
[2025-04-08T01:26:15.649+0000] {processor.py:186} INFO - Started process (PID=7982) to work on /home/airflow/.local/lib/python3.12/site-packages/airflow/example_dags/example_branch_labels.py
[2025-04-08T01:26:15.652+0000] {processor.py:914} INFO - Processing file /home/airflow/.local/lib/python3.12/site-packages/airflow/example_dags/example_branch_labels.py for tasks to queue
[2025-04-08T01:26:15.656+0000] {logging_mixin.py:190} INFO - [2025-04-08T01:26:15.655+0000] {dagbag.py:588} INFO - Filling up the DagBag from /home/airflow/.local/lib/python3.12/site-packages/airflow/example_dags/example_branch_labels.py
[2025-04-08T01:26:15.678+0000] {processor.py:925} INFO - DAG(s) 'example_branch_labels' retrieved from /home/airflow/.local/lib/python3.12/site-packages/airflow/example_dags/example_branch_labels.py
[2025-04-08T01:26:15.730+0000] {logging_mixin.py:190} INFO - [2025-04-08T01:26:15.729+0000] {dag.py:3239} INFO - Sync 1 DAGs
[2025-04-08T01:26:15.796+0000] {logging_mixin.py:190} INFO - [2025-04-08T01:26:15.796+0000] {dag.py:4180} INFO - Setting next_dagrun for example_branch_labels to 2025-04-07 00:00:00+00:00, run_after=2025-04-08 00:00:00+00:00
[2025-04-08T01:26:15.836+0000] {processor.py:208} INFO - Processing /home/airflow/.local/lib/python3.12/site-packages/airflow/example_dags/example_branch_labels.py took 0.206 seconds
[2025-04-08T01:26:46.074+0000] {processor.py:186} INFO - Started process (PID=8043) to work on /home/airflow/.local/lib/python3.12/site-packages/airflow/example_dags/example_branch_labels.py
[2025-04-08T01:26:46.077+0000] {processor.py:914} INFO - Processing file /home/airflow/.local/lib/python3.12/site-packages/airflow/example_dags/example_branch_labels.py for tasks to queue
[2025-04-08T01:26:46.082+0000] {logging_mixin.py:190} INFO - [2025-04-08T01:26:46.081+0000] {dagbag.py:588} INFO - Filling up the DagBag from /home/airflow/.local/lib/python3.12/site-packages/airflow/example_dags/example_branch_labels.py
[2025-04-08T01:26:46.113+0000] {processor.py:925} INFO - DAG(s) 'example_branch_labels' retrieved from /home/airflow/.local/lib/python3.12/site-packages/airflow/example_dags/example_branch_labels.py
[2025-04-08T01:26:46.158+0000] {logging_mixin.py:190} INFO - [2025-04-08T01:26:46.157+0000] {dag.py:3239} INFO - Sync 1 DAGs
[2025-04-08T01:26:46.216+0000] {logging_mixin.py:190} INFO - [2025-04-08T01:26:46.215+0000] {dag.py:4180} INFO - Setting next_dagrun for example_branch_labels to 2025-04-07 00:00:00+00:00, run_after=2025-04-08 00:00:00+00:00
[2025-04-08T01:26:46.249+0000] {processor.py:208} INFO - Processing /home/airflow/.local/lib/python3.12/site-packages/airflow/example_dags/example_branch_labels.py took 0.185 seconds
[2025-04-08T01:27:16.459+0000] {processor.py:186} INFO - Started process (PID=8106) to work on /home/airflow/.local/lib/python3.12/site-packages/airflow/example_dags/example_branch_labels.py
[2025-04-08T01:27:16.462+0000] {processor.py:914} INFO - Processing file /home/airflow/.local/lib/python3.12/site-packages/airflow/example_dags/example_branch_labels.py for tasks to queue
[2025-04-08T01:27:16.465+0000] {logging_mixin.py:190} INFO - [2025-04-08T01:27:16.464+0000] {dagbag.py:588} INFO - Filling up the DagBag from /home/airflow/.local/lib/python3.12/site-packages/airflow/example_dags/example_branch_labels.py
[2025-04-08T01:27:16.479+0000] {processor.py:925} INFO - DAG(s) 'example_branch_labels' retrieved from /home/airflow/.local/lib/python3.12/site-packages/airflow/example_dags/example_branch_labels.py
[2025-04-08T01:27:16.510+0000] {logging_mixin.py:190} INFO - [2025-04-08T01:27:16.509+0000] {dag.py:3239} INFO - Sync 1 DAGs
[2025-04-08T01:27:16.543+0000] {logging_mixin.py:190} INFO - [2025-04-08T01:27:16.542+0000] {dag.py:4180} INFO - Setting next_dagrun for example_branch_labels to 2025-04-07 00:00:00+00:00, run_after=2025-04-08 00:00:00+00:00
[2025-04-08T01:27:16.579+0000] {processor.py:208} INFO - Processing /home/airflow/.local/lib/python3.12/site-packages/airflow/example_dags/example_branch_labels.py took 0.129 seconds
[2025-04-08T01:27:47.492+0000] {processor.py:186} INFO - Started process (PID=8169) to work on /home/airflow/.local/lib/python3.12/site-packages/airflow/example_dags/example_branch_labels.py
[2025-04-08T01:27:47.494+0000] {processor.py:914} INFO - Processing file /home/airflow/.local/lib/python3.12/site-packages/airflow/example_dags/example_branch_labels.py for tasks to queue
[2025-04-08T01:27:47.497+0000] {logging_mixin.py:190} INFO - [2025-04-08T01:27:47.497+0000] {dagbag.py:588} INFO - Filling up the DagBag from /home/airflow/.local/lib/python3.12/site-packages/airflow/example_dags/example_branch_labels.py
[2025-04-08T01:27:47.516+0000] {processor.py:925} INFO - DAG(s) 'example_branch_labels' retrieved from /home/airflow/.local/lib/python3.12/site-packages/airflow/example_dags/example_branch_labels.py
[2025-04-08T01:27:47.562+0000] {logging_mixin.py:190} INFO - [2025-04-08T01:27:47.562+0000] {dag.py:3239} INFO - Sync 1 DAGs
[2025-04-08T01:27:47.620+0000] {logging_mixin.py:190} INFO - [2025-04-08T01:27:47.620+0000] {dag.py:4180} INFO - Setting next_dagrun for example_branch_labels to 2025-04-07 00:00:00+00:00, run_after=2025-04-08 00:00:00+00:00
[2025-04-08T01:27:47.677+0000] {processor.py:208} INFO - Processing /home/airflow/.local/lib/python3.12/site-packages/airflow/example_dags/example_branch_labels.py took 0.195 seconds
[2025-04-08T01:28:17.784+0000] {processor.py:186} INFO - Started process (PID=8230) to work on /home/airflow/.local/lib/python3.12/site-packages/airflow/example_dags/example_branch_labels.py
[2025-04-08T01:28:17.786+0000] {processor.py:914} INFO - Processing file /home/airflow/.local/lib/python3.12/site-packages/airflow/example_dags/example_branch_labels.py for tasks to queue
[2025-04-08T01:28:17.788+0000] {logging_mixin.py:190} INFO - [2025-04-08T01:28:17.788+0000] {dagbag.py:588} INFO - Filling up the DagBag from /home/airflow/.local/lib/python3.12/site-packages/airflow/example_dags/example_branch_labels.py
[2025-04-08T01:28:17.801+0000] {processor.py:925} INFO - DAG(s) 'example_branch_labels' retrieved from /home/airflow/.local/lib/python3.12/site-packages/airflow/example_dags/example_branch_labels.py
[2025-04-08T01:28:17.832+0000] {logging_mixin.py:190} INFO - [2025-04-08T01:28:17.831+0000] {dag.py:3239} INFO - Sync 1 DAGs
[2025-04-08T01:28:17.863+0000] {logging_mixin.py:190} INFO - [2025-04-08T01:28:17.862+0000] {dag.py:4180} INFO - Setting next_dagrun for example_branch_labels to 2025-04-07 00:00:00+00:00, run_after=2025-04-08 00:00:00+00:00
[2025-04-08T01:28:17.893+0000] {processor.py:208} INFO - Processing /home/airflow/.local/lib/python3.12/site-packages/airflow/example_dags/example_branch_labels.py took 0.115 seconds
[2025-04-08T01:28:48.025+0000] {processor.py:186} INFO - Started process (PID=8291) to work on /home/airflow/.local/lib/python3.12/site-packages/airflow/example_dags/example_branch_labels.py
[2025-04-08T01:28:48.029+0000] {processor.py:914} INFO - Processing file /home/airflow/.local/lib/python3.12/site-packages/airflow/example_dags/example_branch_labels.py for tasks to queue
[2025-04-08T01:28:48.035+0000] {logging_mixin.py:190} INFO - [2025-04-08T01:28:48.034+0000] {dagbag.py:588} INFO - Filling up the DagBag from /home/airflow/.local/lib/python3.12/site-packages/airflow/example_dags/example_branch_labels.py
[2025-04-08T01:28:48.055+0000] {processor.py:925} INFO - DAG(s) 'example_branch_labels' retrieved from /home/airflow/.local/lib/python3.12/site-packages/airflow/example_dags/example_branch_labels.py
[2025-04-08T01:28:48.104+0000] {logging_mixin.py:190} INFO - [2025-04-08T01:28:48.103+0000] {dag.py:3239} INFO - Sync 1 DAGs
[2025-04-08T01:28:48.149+0000] {logging_mixin.py:190} INFO - [2025-04-08T01:28:48.148+0000] {dag.py:4180} INFO - Setting next_dagrun for example_branch_labels to 2025-04-07 00:00:00+00:00, run_after=2025-04-08 00:00:00+00:00
[2025-04-08T01:28:48.196+0000] {processor.py:208} INFO - Processing /home/airflow/.local/lib/python3.12/site-packages/airflow/example_dags/example_branch_labels.py took 0.193 seconds
[2025-04-08T01:29:18.542+0000] {processor.py:186} INFO - Started process (PID=8353) to work on /home/airflow/.local/lib/python3.12/site-packages/airflow/example_dags/example_branch_labels.py
[2025-04-08T01:29:18.545+0000] {processor.py:914} INFO - Processing file /home/airflow/.local/lib/python3.12/site-packages/airflow/example_dags/example_branch_labels.py for tasks to queue
[2025-04-08T01:29:18.548+0000] {logging_mixin.py:190} INFO - [2025-04-08T01:29:18.547+0000] {dagbag.py:588} INFO - Filling up the DagBag from /home/airflow/.local/lib/python3.12/site-packages/airflow/example_dags/example_branch_labels.py
[2025-04-08T01:29:18.570+0000] {processor.py:925} INFO - DAG(s) 'example_branch_labels' retrieved from /home/airflow/.local/lib/python3.12/site-packages/airflow/example_dags/example_branch_labels.py
[2025-04-08T01:29:18.607+0000] {logging_mixin.py:190} INFO - [2025-04-08T01:29:18.607+0000] {dag.py:3239} INFO - Sync 1 DAGs
[2025-04-08T01:29:18.653+0000] {logging_mixin.py:190} INFO - [2025-04-08T01:29:18.652+0000] {dag.py:4180} INFO - Setting next_dagrun for example_branch_labels to 2025-04-07 00:00:00+00:00, run_after=2025-04-08 00:00:00+00:00
[2025-04-08T01:29:18.712+0000] {processor.py:208} INFO - Processing /home/airflow/.local/lib/python3.12/site-packages/airflow/example_dags/example_branch_labels.py took 0.183 seconds
[2025-04-08T01:29:49.025+0000] {processor.py:186} INFO - Started process (PID=8416) to work on /home/airflow/.local/lib/python3.12/site-packages/airflow/example_dags/example_branch_labels.py
[2025-04-08T01:29:49.030+0000] {processor.py:914} INFO - Processing file /home/airflow/.local/lib/python3.12/site-packages/airflow/example_dags/example_branch_labels.py for tasks to queue
[2025-04-08T01:29:49.035+0000] {logging_mixin.py:190} INFO - [2025-04-08T01:29:49.034+0000] {dagbag.py:588} INFO - Filling up the DagBag from /home/airflow/.local/lib/python3.12/site-packages/airflow/example_dags/example_branch_labels.py
[2025-04-08T01:29:49.067+0000] {processor.py:925} INFO - DAG(s) 'example_branch_labels' retrieved from /home/airflow/.local/lib/python3.12/site-packages/airflow/example_dags/example_branch_labels.py
[2025-04-08T01:29:49.144+0000] {logging_mixin.py:190} INFO - [2025-04-08T01:29:49.142+0000] {dag.py:3239} INFO - Sync 1 DAGs
[2025-04-08T01:29:49.209+0000] {logging_mixin.py:190} INFO - [2025-04-08T01:29:49.209+0000] {dag.py:4180} INFO - Setting next_dagrun for example_branch_labels to 2025-04-07 00:00:00+00:00, run_after=2025-04-08 00:00:00+00:00
[2025-04-08T01:29:49.245+0000] {processor.py:208} INFO - Processing /home/airflow/.local/lib/python3.12/site-packages/airflow/example_dags/example_branch_labels.py took 0.235 seconds
[2025-04-08T01:30:19.489+0000] {processor.py:186} INFO - Started process (PID=8479) to work on /home/airflow/.local/lib/python3.12/site-packages/airflow/example_dags/example_branch_labels.py
[2025-04-08T01:30:19.491+0000] {processor.py:914} INFO - Processing file /home/airflow/.local/lib/python3.12/site-packages/airflow/example_dags/example_branch_labels.py for tasks to queue
[2025-04-08T01:30:19.495+0000] {logging_mixin.py:190} INFO - [2025-04-08T01:30:19.494+0000] {dagbag.py:588} INFO - Filling up the DagBag from /home/airflow/.local/lib/python3.12/site-packages/airflow/example_dags/example_branch_labels.py
[2025-04-08T01:30:19.504+0000] {processor.py:925} INFO - DAG(s) 'example_branch_labels' retrieved from /home/airflow/.local/lib/python3.12/site-packages/airflow/example_dags/example_branch_labels.py
[2025-04-08T01:30:19.526+0000] {logging_mixin.py:190} INFO - [2025-04-08T01:30:19.526+0000] {dag.py:3239} INFO - Sync 1 DAGs
[2025-04-08T01:30:19.548+0000] {logging_mixin.py:190} INFO - [2025-04-08T01:30:19.548+0000] {dag.py:4180} INFO - Setting next_dagrun for example_branch_labels to 2025-04-07 00:00:00+00:00, run_after=2025-04-08 00:00:00+00:00
[2025-04-08T01:30:19.647+0000] {processor.py:208} INFO - Processing /home/airflow/.local/lib/python3.12/site-packages/airflow/example_dags/example_branch_labels.py took 0.166 seconds
[2025-04-08T01:30:49.780+0000] {processor.py:186} INFO - Started process (PID=8542) to work on /home/airflow/.local/lib/python3.12/site-packages/airflow/example_dags/example_branch_labels.py
[2025-04-08T01:30:49.782+0000] {processor.py:914} INFO - Processing file /home/airflow/.local/lib/python3.12/site-packages/airflow/example_dags/example_branch_labels.py for tasks to queue
[2025-04-08T01:30:49.785+0000] {logging_mixin.py:190} INFO - [2025-04-08T01:30:49.784+0000] {dagbag.py:588} INFO - Filling up the DagBag from /home/airflow/.local/lib/python3.12/site-packages/airflow/example_dags/example_branch_labels.py
[2025-04-08T01:30:49.802+0000] {processor.py:925} INFO - DAG(s) 'example_branch_labels' retrieved from /home/airflow/.local/lib/python3.12/site-packages/airflow/example_dags/example_branch_labels.py
[2025-04-08T01:30:49.830+0000] {logging_mixin.py:190} INFO - [2025-04-08T01:30:49.830+0000] {dag.py:3239} INFO - Sync 1 DAGs
[2025-04-08T01:30:49.855+0000] {logging_mixin.py:190} INFO - [2025-04-08T01:30:49.855+0000] {dag.py:4180} INFO - Setting next_dagrun for example_branch_labels to 2025-04-07 00:00:00+00:00, run_after=2025-04-08 00:00:00+00:00
[2025-04-08T01:30:49.881+0000] {processor.py:208} INFO - Processing /home/airflow/.local/lib/python3.12/site-packages/airflow/example_dags/example_branch_labels.py took 0.111 seconds
[2025-04-08T01:31:20.089+0000] {processor.py:186} INFO - Started process (PID=8605) to work on /home/airflow/.local/lib/python3.12/site-packages/airflow/example_dags/example_branch_labels.py
[2025-04-08T01:31:20.091+0000] {processor.py:914} INFO - Processing file /home/airflow/.local/lib/python3.12/site-packages/airflow/example_dags/example_branch_labels.py for tasks to queue
[2025-04-08T01:31:20.093+0000] {logging_mixin.py:190} INFO - [2025-04-08T01:31:20.093+0000] {dagbag.py:588} INFO - Filling up the DagBag from /home/airflow/.local/lib/python3.12/site-packages/airflow/example_dags/example_branch_labels.py
[2025-04-08T01:31:20.103+0000] {processor.py:925} INFO - DAG(s) 'example_branch_labels' retrieved from /home/airflow/.local/lib/python3.12/site-packages/airflow/example_dags/example_branch_labels.py
[2025-04-08T01:31:20.127+0000] {logging_mixin.py:190} INFO - [2025-04-08T01:31:20.127+0000] {dag.py:3239} INFO - Sync 1 DAGs
[2025-04-08T01:31:20.151+0000] {logging_mixin.py:190} INFO - [2025-04-08T01:31:20.151+0000] {dag.py:4180} INFO - Setting next_dagrun for example_branch_labels to 2025-04-07 00:00:00+00:00, run_after=2025-04-08 00:00:00+00:00
[2025-04-08T01:31:20.175+0000] {processor.py:208} INFO - Processing /home/airflow/.local/lib/python3.12/site-packages/airflow/example_dags/example_branch_labels.py took 0.091 seconds
[2025-04-08T01:31:50.298+0000] {processor.py:186} INFO - Started process (PID=8667) to work on /home/airflow/.local/lib/python3.12/site-packages/airflow/example_dags/example_branch_labels.py
[2025-04-08T01:31:50.299+0000] {processor.py:914} INFO - Processing file /home/airflow/.local/lib/python3.12/site-packages/airflow/example_dags/example_branch_labels.py for tasks to queue
[2025-04-08T01:31:50.302+0000] {logging_mixin.py:190} INFO - [2025-04-08T01:31:50.301+0000] {dagbag.py:588} INFO - Filling up the DagBag from /home/airflow/.local/lib/python3.12/site-packages/airflow/example_dags/example_branch_labels.py
[2025-04-08T01:31:50.319+0000] {processor.py:925} INFO - DAG(s) 'example_branch_labels' retrieved from /home/airflow/.local/lib/python3.12/site-packages/airflow/example_dags/example_branch_labels.py
[2025-04-08T01:31:50.360+0000] {logging_mixin.py:190} INFO - [2025-04-08T01:31:50.360+0000] {dag.py:3239} INFO - Sync 1 DAGs
[2025-04-08T01:31:50.409+0000] {logging_mixin.py:190} INFO - [2025-04-08T01:31:50.408+0000] {dag.py:4180} INFO - Setting next_dagrun for example_branch_labels to 2025-04-07 00:00:00+00:00, run_after=2025-04-08 00:00:00+00:00
[2025-04-08T01:31:50.450+0000] {processor.py:208} INFO - Processing /home/airflow/.local/lib/python3.12/site-packages/airflow/example_dags/example_branch_labels.py took 0.157 seconds
[2025-04-08T01:32:20.705+0000] {processor.py:186} INFO - Started process (PID=8730) to work on /home/airflow/.local/lib/python3.12/site-packages/airflow/example_dags/example_branch_labels.py
[2025-04-08T01:32:20.707+0000] {processor.py:914} INFO - Processing file /home/airflow/.local/lib/python3.12/site-packages/airflow/example_dags/example_branch_labels.py for tasks to queue
[2025-04-08T01:32:20.709+0000] {logging_mixin.py:190} INFO - [2025-04-08T01:32:20.709+0000] {dagbag.py:588} INFO - Filling up the DagBag from /home/airflow/.local/lib/python3.12/site-packages/airflow/example_dags/example_branch_labels.py
[2025-04-08T01:32:20.723+0000] {processor.py:925} INFO - DAG(s) 'example_branch_labels' retrieved from /home/airflow/.local/lib/python3.12/site-packages/airflow/example_dags/example_branch_labels.py
[2025-04-08T01:32:20.756+0000] {logging_mixin.py:190} INFO - [2025-04-08T01:32:20.755+0000] {dag.py:3239} INFO - Sync 1 DAGs
[2025-04-08T01:32:20.793+0000] {logging_mixin.py:190} INFO - [2025-04-08T01:32:20.792+0000] {dag.py:4180} INFO - Setting next_dagrun for example_branch_labels to 2025-04-07 00:00:00+00:00, run_after=2025-04-08 00:00:00+00:00
[2025-04-08T01:32:20.829+0000] {processor.py:208} INFO - Processing /home/airflow/.local/lib/python3.12/site-packages/airflow/example_dags/example_branch_labels.py took 0.132 seconds
[2025-04-08T01:32:51.333+0000] {processor.py:186} INFO - Started process (PID=8793) to work on /home/airflow/.local/lib/python3.12/site-packages/airflow/example_dags/example_branch_labels.py
[2025-04-08T01:32:51.337+0000] {processor.py:914} INFO - Processing file /home/airflow/.local/lib/python3.12/site-packages/airflow/example_dags/example_branch_labels.py for tasks to queue
[2025-04-08T01:32:51.342+0000] {logging_mixin.py:190} INFO - [2025-04-08T01:32:51.341+0000] {dagbag.py:588} INFO - Filling up the DagBag from /home/airflow/.local/lib/python3.12/site-packages/airflow/example_dags/example_branch_labels.py
[2025-04-08T01:32:51.367+0000] {processor.py:925} INFO - DAG(s) 'example_branch_labels' retrieved from /home/airflow/.local/lib/python3.12/site-packages/airflow/example_dags/example_branch_labels.py
[2025-04-08T01:32:51.405+0000] {logging_mixin.py:190} INFO - [2025-04-08T01:32:51.404+0000] {dag.py:3239} INFO - Sync 1 DAGs
[2025-04-08T01:32:51.440+0000] {logging_mixin.py:190} INFO - [2025-04-08T01:32:51.439+0000] {dag.py:4180} INFO - Setting next_dagrun for example_branch_labels to 2025-04-07 00:00:00+00:00, run_after=2025-04-08 00:00:00+00:00
[2025-04-08T01:32:51.476+0000] {processor.py:208} INFO - Processing /home/airflow/.local/lib/python3.12/site-packages/airflow/example_dags/example_branch_labels.py took 0.168 seconds
[2025-04-08T01:33:22.374+0000] {processor.py:186} INFO - Started process (PID=8856) to work on /home/airflow/.local/lib/python3.12/site-packages/airflow/example_dags/example_branch_labels.py
[2025-04-08T01:33:22.378+0000] {processor.py:914} INFO - Processing file /home/airflow/.local/lib/python3.12/site-packages/airflow/example_dags/example_branch_labels.py for tasks to queue
[2025-04-08T01:33:22.381+0000] {logging_mixin.py:190} INFO - [2025-04-08T01:33:22.380+0000] {dagbag.py:588} INFO - Filling up the DagBag from /home/airflow/.local/lib/python3.12/site-packages/airflow/example_dags/example_branch_labels.py
[2025-04-08T01:33:22.413+0000] {processor.py:925} INFO - DAG(s) 'example_branch_labels' retrieved from /home/airflow/.local/lib/python3.12/site-packages/airflow/example_dags/example_branch_labels.py
[2025-04-08T01:33:22.462+0000] {logging_mixin.py:190} INFO - [2025-04-08T01:33:22.461+0000] {dag.py:3239} INFO - Sync 1 DAGs
[2025-04-08T01:33:22.500+0000] {logging_mixin.py:190} INFO - [2025-04-08T01:33:22.500+0000] {dag.py:4180} INFO - Setting next_dagrun for example_branch_labels to 2025-04-07 00:00:00+00:00, run_after=2025-04-08 00:00:00+00:00
[2025-04-08T01:33:22.540+0000] {processor.py:208} INFO - Processing /home/airflow/.local/lib/python3.12/site-packages/airflow/example_dags/example_branch_labels.py took 0.178 seconds
[2025-04-08T01:33:53.124+0000] {processor.py:186} INFO - Started process (PID=8919) to work on /home/airflow/.local/lib/python3.12/site-packages/airflow/example_dags/example_branch_labels.py
[2025-04-08T01:33:53.128+0000] {processor.py:914} INFO - Processing file /home/airflow/.local/lib/python3.12/site-packages/airflow/example_dags/example_branch_labels.py for tasks to queue
[2025-04-08T01:33:53.132+0000] {logging_mixin.py:190} INFO - [2025-04-08T01:33:53.131+0000] {dagbag.py:588} INFO - Filling up the DagBag from /home/airflow/.local/lib/python3.12/site-packages/airflow/example_dags/example_branch_labels.py
[2025-04-08T01:33:53.146+0000] {processor.py:925} INFO - DAG(s) 'example_branch_labels' retrieved from /home/airflow/.local/lib/python3.12/site-packages/airflow/example_dags/example_branch_labels.py
[2025-04-08T01:33:53.196+0000] {logging_mixin.py:190} INFO - [2025-04-08T01:33:53.196+0000] {dag.py:3239} INFO - Sync 1 DAGs
[2025-04-08T01:33:53.235+0000] {logging_mixin.py:190} INFO - [2025-04-08T01:33:53.235+0000] {dag.py:4180} INFO - Setting next_dagrun for example_branch_labels to 2025-04-07 00:00:00+00:00, run_after=2025-04-08 00:00:00+00:00
[2025-04-08T01:33:53.264+0000] {processor.py:208} INFO - Processing /home/airflow/.local/lib/python3.12/site-packages/airflow/example_dags/example_branch_labels.py took 0.154 seconds
[2025-04-08T01:34:24.125+0000] {processor.py:186} INFO - Started process (PID=8983) to work on /home/airflow/.local/lib/python3.12/site-packages/airflow/example_dags/example_branch_labels.py
[2025-04-08T01:34:24.127+0000] {processor.py:914} INFO - Processing file /home/airflow/.local/lib/python3.12/site-packages/airflow/example_dags/example_branch_labels.py for tasks to queue
[2025-04-08T01:34:24.129+0000] {logging_mixin.py:190} INFO - [2025-04-08T01:34:24.129+0000] {dagbag.py:588} INFO - Filling up the DagBag from /home/airflow/.local/lib/python3.12/site-packages/airflow/example_dags/example_branch_labels.py
[2025-04-08T01:34:24.142+0000] {processor.py:925} INFO - DAG(s) 'example_branch_labels' retrieved from /home/airflow/.local/lib/python3.12/site-packages/airflow/example_dags/example_branch_labels.py
[2025-04-08T01:34:24.175+0000] {logging_mixin.py:190} INFO - [2025-04-08T01:34:24.175+0000] {dag.py:3239} INFO - Sync 1 DAGs
[2025-04-08T01:34:24.214+0000] {logging_mixin.py:190} INFO - [2025-04-08T01:34:24.213+0000] {dag.py:4180} INFO - Setting next_dagrun for example_branch_labels to 2025-04-07 00:00:00+00:00, run_after=2025-04-08 00:00:00+00:00
[2025-04-08T01:34:24.253+0000] {processor.py:208} INFO - Processing /home/airflow/.local/lib/python3.12/site-packages/airflow/example_dags/example_branch_labels.py took 0.137 seconds
[2025-04-08T01:35:04.066+0000] {processor.py:186} INFO - Started process (PID=9046) to work on /home/airflow/.local/lib/python3.12/site-packages/airflow/example_dags/example_branch_labels.py
[2025-04-08T01:35:04.079+0000] {processor.py:914} INFO - Processing file /home/airflow/.local/lib/python3.12/site-packages/airflow/example_dags/example_branch_labels.py for tasks to queue
[2025-04-08T01:35:04.097+0000] {logging_mixin.py:190} INFO - [2025-04-08T01:35:04.095+0000] {dagbag.py:588} INFO - Filling up the DagBag from /home/airflow/.local/lib/python3.12/site-packages/airflow/example_dags/example_branch_labels.py
[2025-04-08T01:35:04.218+0000] {processor.py:925} INFO - DAG(s) 'example_branch_labels' retrieved from /home/airflow/.local/lib/python3.12/site-packages/airflow/example_dags/example_branch_labels.py
[2025-04-08T01:35:04.541+0000] {logging_mixin.py:190} INFO - [2025-04-08T01:35:04.540+0000] {dag.py:3239} INFO - Sync 1 DAGs
[2025-04-08T01:35:04.726+0000] {logging_mixin.py:190} INFO - [2025-04-08T01:35:04.725+0000] {dag.py:4180} INFO - Setting next_dagrun for example_branch_labels to 2025-04-07 00:00:00+00:00, run_after=2025-04-08 00:00:00+00:00
[2025-04-08T01:35:04.858+0000] {processor.py:208} INFO - Processing /home/airflow/.local/lib/python3.12/site-packages/airflow/example_dags/example_branch_labels.py took 0.824 seconds
[2025-04-08T01:35:35.200+0000] {processor.py:186} INFO - Started process (PID=9111) to work on /home/airflow/.local/lib/python3.12/site-packages/airflow/example_dags/example_branch_labels.py
[2025-04-08T01:35:35.204+0000] {processor.py:914} INFO - Processing file /home/airflow/.local/lib/python3.12/site-packages/airflow/example_dags/example_branch_labels.py for tasks to queue
[2025-04-08T01:35:35.212+0000] {logging_mixin.py:190} INFO - [2025-04-08T01:35:35.211+0000] {dagbag.py:588} INFO - Filling up the DagBag from /home/airflow/.local/lib/python3.12/site-packages/airflow/example_dags/example_branch_labels.py
[2025-04-08T01:35:35.288+0000] {processor.py:925} INFO - DAG(s) 'example_branch_labels' retrieved from /home/airflow/.local/lib/python3.12/site-packages/airflow/example_dags/example_branch_labels.py
[2025-04-08T01:35:35.414+0000] {logging_mixin.py:190} INFO - [2025-04-08T01:35:35.412+0000] {dag.py:3239} INFO - Sync 1 DAGs
[2025-04-08T01:35:35.576+0000] {logging_mixin.py:190} INFO - [2025-04-08T01:35:35.576+0000] {dag.py:4180} INFO - Setting next_dagrun for example_branch_labels to 2025-04-07 00:00:00+00:00, run_after=2025-04-08 00:00:00+00:00
[2025-04-08T01:35:35.692+0000] {processor.py:208} INFO - Processing /home/airflow/.local/lib/python3.12/site-packages/airflow/example_dags/example_branch_labels.py took 0.536 seconds
[2025-04-08T01:36:05.900+0000] {processor.py:186} INFO - Started process (PID=9168) to work on /home/airflow/.local/lib/python3.12/site-packages/airflow/example_dags/example_branch_labels.py
[2025-04-08T01:36:05.903+0000] {processor.py:914} INFO - Processing file /home/airflow/.local/lib/python3.12/site-packages/airflow/example_dags/example_branch_labels.py for tasks to queue
[2025-04-08T01:36:05.909+0000] {logging_mixin.py:190} INFO - [2025-04-08T01:36:05.908+0000] {dagbag.py:588} INFO - Filling up the DagBag from /home/airflow/.local/lib/python3.12/site-packages/airflow/example_dags/example_branch_labels.py
[2025-04-08T01:36:05.936+0000] {processor.py:925} INFO - DAG(s) 'example_branch_labels' retrieved from /home/airflow/.local/lib/python3.12/site-packages/airflow/example_dags/example_branch_labels.py
[2025-04-08T01:36:06.006+0000] {logging_mixin.py:190} INFO - [2025-04-08T01:36:06.005+0000] {dag.py:3239} INFO - Sync 1 DAGs
[2025-04-08T01:36:06.059+0000] {logging_mixin.py:190} INFO - [2025-04-08T01:36:06.058+0000] {dag.py:4180} INFO - Setting next_dagrun for example_branch_labels to 2025-04-07 00:00:00+00:00, run_after=2025-04-08 00:00:00+00:00
[2025-04-08T01:36:06.110+0000] {processor.py:208} INFO - Processing /home/airflow/.local/lib/python3.12/site-packages/airflow/example_dags/example_branch_labels.py took 0.229 seconds
[2025-04-08T01:36:37.456+0000] {processor.py:186} INFO - Started process (PID=9228) to work on /home/airflow/.local/lib/python3.12/site-packages/airflow/example_dags/example_branch_labels.py
[2025-04-08T01:36:37.471+0000] {processor.py:914} INFO - Processing file /home/airflow/.local/lib/python3.12/site-packages/airflow/example_dags/example_branch_labels.py for tasks to queue
[2025-04-08T01:36:37.491+0000] {logging_mixin.py:190} INFO - [2025-04-08T01:36:37.489+0000] {dagbag.py:588} INFO - Filling up the DagBag from /home/airflow/.local/lib/python3.12/site-packages/airflow/example_dags/example_branch_labels.py
[2025-04-08T01:36:37.615+0000] {processor.py:925} INFO - DAG(s) 'example_branch_labels' retrieved from /home/airflow/.local/lib/python3.12/site-packages/airflow/example_dags/example_branch_labels.py
[2025-04-08T01:36:37.976+0000] {logging_mixin.py:190} INFO - [2025-04-08T01:36:37.966+0000] {dag.py:3239} INFO - Sync 1 DAGs
[2025-04-08T01:36:38.408+0000] {logging_mixin.py:190} INFO - [2025-04-08T01:36:38.391+0000] {dag.py:4180} INFO - Setting next_dagrun for example_branch_labels to 2025-04-07 00:00:00+00:00, run_after=2025-04-08 00:00:00+00:00
[2025-04-08T01:36:38.670+0000] {processor.py:208} INFO - Processing /home/airflow/.local/lib/python3.12/site-packages/airflow/example_dags/example_branch_labels.py took 1.273 seconds
[2025-04-08T01:37:29.410+0000] {processor.py:186} INFO - Started process (PID=9293) to work on /home/airflow/.local/lib/python3.12/site-packages/airflow/example_dags/example_branch_labels.py
[2025-04-08T01:37:29.417+0000] {processor.py:914} INFO - Processing file /home/airflow/.local/lib/python3.12/site-packages/airflow/example_dags/example_branch_labels.py for tasks to queue
[2025-04-08T01:37:29.428+0000] {logging_mixin.py:190} INFO - [2025-04-08T01:37:29.426+0000] {dagbag.py:588} INFO - Filling up the DagBag from /home/airflow/.local/lib/python3.12/site-packages/airflow/example_dags/example_branch_labels.py
[2025-04-08T01:37:29.558+0000] {processor.py:925} INFO - DAG(s) 'example_branch_labels' retrieved from /home/airflow/.local/lib/python3.12/site-packages/airflow/example_dags/example_branch_labels.py
[2025-04-08T01:37:29.836+0000] {logging_mixin.py:190} INFO - [2025-04-08T01:37:29.833+0000] {dag.py:3239} INFO - Sync 1 DAGs
[2025-04-08T01:37:30.177+0000] {logging_mixin.py:190} INFO - [2025-04-08T01:37:30.165+0000] {dag.py:4180} INFO - Setting next_dagrun for example_branch_labels to 2025-04-07 00:00:00+00:00, run_after=2025-04-08 00:00:00+00:00
[2025-04-08T01:37:30.437+0000] {processor.py:208} INFO - Processing /home/airflow/.local/lib/python3.12/site-packages/airflow/example_dags/example_branch_labels.py took 1.056 seconds
[2025-04-08T01:38:04.683+0000] {processor.py:186} INFO - Started process (PID=9346) to work on /home/airflow/.local/lib/python3.12/site-packages/airflow/example_dags/example_branch_labels.py
[2025-04-08T01:38:04.687+0000] {processor.py:914} INFO - Processing file /home/airflow/.local/lib/python3.12/site-packages/airflow/example_dags/example_branch_labels.py for tasks to queue
[2025-04-08T01:38:04.691+0000] {logging_mixin.py:190} INFO - [2025-04-08T01:38:04.690+0000] {dagbag.py:588} INFO - Filling up the DagBag from /home/airflow/.local/lib/python3.12/site-packages/airflow/example_dags/example_branch_labels.py
[2025-04-08T01:38:04.734+0000] {processor.py:925} INFO - DAG(s) 'example_branch_labels' retrieved from /home/airflow/.local/lib/python3.12/site-packages/airflow/example_dags/example_branch_labels.py
[2025-04-08T01:38:04.864+0000] {logging_mixin.py:190} INFO - [2025-04-08T01:38:04.863+0000] {dag.py:3239} INFO - Sync 1 DAGs
[2025-04-08T01:38:05.010+0000] {logging_mixin.py:190} INFO - [2025-04-08T01:38:05.009+0000] {dag.py:4180} INFO - Setting next_dagrun for example_branch_labels to 2025-04-07 00:00:00+00:00, run_after=2025-04-08 00:00:00+00:00
[2025-04-08T01:38:05.142+0000] {processor.py:208} INFO - Processing /home/airflow/.local/lib/python3.12/site-packages/airflow/example_dags/example_branch_labels.py took 0.480 seconds
[2025-04-08T01:38:36.067+0000] {processor.py:186} INFO - Started process (PID=9408) to work on /home/airflow/.local/lib/python3.12/site-packages/airflow/example_dags/example_branch_labels.py
[2025-04-08T01:38:36.093+0000] {processor.py:914} INFO - Processing file /home/airflow/.local/lib/python3.12/site-packages/airflow/example_dags/example_branch_labels.py for tasks to queue
[2025-04-08T01:38:36.104+0000] {logging_mixin.py:190} INFO - [2025-04-08T01:38:36.101+0000] {dagbag.py:588} INFO - Filling up the DagBag from /home/airflow/.local/lib/python3.12/site-packages/airflow/example_dags/example_branch_labels.py
[2025-04-08T01:38:36.186+0000] {processor.py:925} INFO - DAG(s) 'example_branch_labels' retrieved from /home/airflow/.local/lib/python3.12/site-packages/airflow/example_dags/example_branch_labels.py
[2025-04-08T01:38:36.303+0000] {logging_mixin.py:190} INFO - [2025-04-08T01:38:36.302+0000] {dag.py:3239} INFO - Sync 1 DAGs
[2025-04-08T01:38:36.445+0000] {logging_mixin.py:190} INFO - [2025-04-08T01:38:36.444+0000] {dag.py:4180} INFO - Setting next_dagrun for example_branch_labels to 2025-04-07 00:00:00+00:00, run_after=2025-04-08 00:00:00+00:00
[2025-04-08T01:38:36.529+0000] {processor.py:208} INFO - Processing /home/airflow/.local/lib/python3.12/site-packages/airflow/example_dags/example_branch_labels.py took 0.521 seconds
[2025-04-08T01:39:07.242+0000] {processor.py:186} INFO - Started process (PID=9470) to work on /home/airflow/.local/lib/python3.12/site-packages/airflow/example_dags/example_branch_labels.py
[2025-04-08T01:39:07.243+0000] {processor.py:914} INFO - Processing file /home/airflow/.local/lib/python3.12/site-packages/airflow/example_dags/example_branch_labels.py for tasks to queue
[2025-04-08T01:39:07.246+0000] {logging_mixin.py:190} INFO - [2025-04-08T01:39:07.245+0000] {dagbag.py:588} INFO - Filling up the DagBag from /home/airflow/.local/lib/python3.12/site-packages/airflow/example_dags/example_branch_labels.py
[2025-04-08T01:39:07.263+0000] {processor.py:925} INFO - DAG(s) 'example_branch_labels' retrieved from /home/airflow/.local/lib/python3.12/site-packages/airflow/example_dags/example_branch_labels.py
[2025-04-08T01:39:07.299+0000] {logging_mixin.py:190} INFO - [2025-04-08T01:39:07.298+0000] {dag.py:3239} INFO - Sync 1 DAGs
[2025-04-08T01:39:07.406+0000] {logging_mixin.py:190} INFO - [2025-04-08T01:39:07.405+0000] {dag.py:4180} INFO - Setting next_dagrun for example_branch_labels to 2025-04-07 00:00:00+00:00, run_after=2025-04-08 00:00:00+00:00
[2025-04-08T01:39:07.466+0000] {processor.py:208} INFO - Processing /home/airflow/.local/lib/python3.12/site-packages/airflow/example_dags/example_branch_labels.py took 0.234 seconds
[2025-04-08T01:39:45.456+0000] {processor.py:186} INFO - Started process (PID=9539) to work on /home/airflow/.local/lib/python3.12/site-packages/airflow/example_dags/example_branch_labels.py
[2025-04-08T01:39:45.474+0000] {processor.py:914} INFO - Processing file /home/airflow/.local/lib/python3.12/site-packages/airflow/example_dags/example_branch_labels.py for tasks to queue
[2025-04-08T01:39:45.505+0000] {logging_mixin.py:190} INFO - [2025-04-08T01:39:45.501+0000] {dagbag.py:588} INFO - Filling up the DagBag from /home/airflow/.local/lib/python3.12/site-packages/airflow/example_dags/example_branch_labels.py
[2025-04-08T01:39:45.652+0000] {processor.py:925} INFO - DAG(s) 'example_branch_labels' retrieved from /home/airflow/.local/lib/python3.12/site-packages/airflow/example_dags/example_branch_labels.py
[2025-04-08T01:39:45.874+0000] {logging_mixin.py:190} INFO - [2025-04-08T01:39:45.873+0000] {dag.py:3239} INFO - Sync 1 DAGs
[2025-04-08T01:39:46.128+0000] {logging_mixin.py:190} INFO - [2025-04-08T01:39:46.126+0000] {dag.py:4180} INFO - Setting next_dagrun for example_branch_labels to 2025-04-07 00:00:00+00:00, run_after=2025-04-08 00:00:00+00:00
[2025-04-08T01:39:46.323+0000] {processor.py:208} INFO - Processing /home/airflow/.local/lib/python3.12/site-packages/airflow/example_dags/example_branch_labels.py took 0.973 seconds
[2025-04-08T01:40:17.171+0000] {processor.py:186} INFO - Started process (PID=9602) to work on /home/airflow/.local/lib/python3.12/site-packages/airflow/example_dags/example_branch_labels.py
[2025-04-08T01:40:17.186+0000] {processor.py:914} INFO - Processing file /home/airflow/.local/lib/python3.12/site-packages/airflow/example_dags/example_branch_labels.py for tasks to queue
[2025-04-08T01:40:17.204+0000] {logging_mixin.py:190} INFO - [2025-04-08T01:40:17.199+0000] {dagbag.py:588} INFO - Filling up the DagBag from /home/airflow/.local/lib/python3.12/site-packages/airflow/example_dags/example_branch_labels.py
[2025-04-08T01:40:17.304+0000] {processor.py:925} INFO - DAG(s) 'example_branch_labels' retrieved from /home/airflow/.local/lib/python3.12/site-packages/airflow/example_dags/example_branch_labels.py
[2025-04-08T01:40:17.422+0000] {logging_mixin.py:190} INFO - [2025-04-08T01:40:17.421+0000] {dag.py:3239} INFO - Sync 1 DAGs
[2025-04-08T01:40:17.566+0000] {logging_mixin.py:190} INFO - [2025-04-08T01:40:17.565+0000] {dag.py:4180} INFO - Setting next_dagrun for example_branch_labels to 2025-04-07 00:00:00+00:00, run_after=2025-04-08 00:00:00+00:00
[2025-04-08T01:40:17.700+0000] {processor.py:208} INFO - Processing /home/airflow/.local/lib/python3.12/site-packages/airflow/example_dags/example_branch_labels.py took 0.574 seconds
[2025-04-08T01:40:49.138+0000] {processor.py:186} INFO - Started process (PID=9664) to work on /home/airflow/.local/lib/python3.12/site-packages/airflow/example_dags/example_branch_labels.py
[2025-04-08T01:40:49.142+0000] {processor.py:914} INFO - Processing file /home/airflow/.local/lib/python3.12/site-packages/airflow/example_dags/example_branch_labels.py for tasks to queue
[2025-04-08T01:40:49.154+0000] {logging_mixin.py:190} INFO - [2025-04-08T01:40:49.151+0000] {dagbag.py:588} INFO - Filling up the DagBag from /home/airflow/.local/lib/python3.12/site-packages/airflow/example_dags/example_branch_labels.py
[2025-04-08T01:40:49.238+0000] {processor.py:925} INFO - DAG(s) 'example_branch_labels' retrieved from /home/airflow/.local/lib/python3.12/site-packages/airflow/example_dags/example_branch_labels.py
[2025-04-08T01:40:49.355+0000] {logging_mixin.py:190} INFO - [2025-04-08T01:40:49.354+0000] {dag.py:3239} INFO - Sync 1 DAGs
[2025-04-08T01:40:49.498+0000] {logging_mixin.py:190} INFO - [2025-04-08T01:40:49.497+0000] {dag.py:4180} INFO - Setting next_dagrun for example_branch_labels to 2025-04-07 00:00:00+00:00, run_after=2025-04-08 00:00:00+00:00
[2025-04-08T01:40:49.611+0000] {processor.py:208} INFO - Processing /home/airflow/.local/lib/python3.12/site-packages/airflow/example_dags/example_branch_labels.py took 0.520 seconds
[2025-04-08T01:41:20.678+0000] {processor.py:186} INFO - Started process (PID=9727) to work on /home/airflow/.local/lib/python3.12/site-packages/airflow/example_dags/example_branch_labels.py
[2025-04-08T01:41:20.681+0000] {processor.py:914} INFO - Processing file /home/airflow/.local/lib/python3.12/site-packages/airflow/example_dags/example_branch_labels.py for tasks to queue
[2025-04-08T01:41:20.689+0000] {logging_mixin.py:190} INFO - [2025-04-08T01:41:20.688+0000] {dagbag.py:588} INFO - Filling up the DagBag from /home/airflow/.local/lib/python3.12/site-packages/airflow/example_dags/example_branch_labels.py
[2025-04-08T01:41:20.740+0000] {processor.py:925} INFO - DAG(s) 'example_branch_labels' retrieved from /home/airflow/.local/lib/python3.12/site-packages/airflow/example_dags/example_branch_labels.py
[2025-04-08T01:41:20.820+0000] {logging_mixin.py:190} INFO - [2025-04-08T01:41:20.819+0000] {dag.py:3239} INFO - Sync 1 DAGs
[2025-04-08T01:41:20.927+0000] {logging_mixin.py:190} INFO - [2025-04-08T01:41:20.926+0000] {dag.py:4180} INFO - Setting next_dagrun for example_branch_labels to 2025-04-07 00:00:00+00:00, run_after=2025-04-08 00:00:00+00:00
[2025-04-08T01:41:21.025+0000] {processor.py:208} INFO - Processing /home/airflow/.local/lib/python3.12/site-packages/airflow/example_dags/example_branch_labels.py took 0.368 seconds
[2025-04-08T01:41:51.765+0000] {processor.py:186} INFO - Started process (PID=9789) to work on /home/airflow/.local/lib/python3.12/site-packages/airflow/example_dags/example_branch_labels.py
[2025-04-08T01:41:51.766+0000] {processor.py:914} INFO - Processing file /home/airflow/.local/lib/python3.12/site-packages/airflow/example_dags/example_branch_labels.py for tasks to queue
[2025-04-08T01:41:51.769+0000] {logging_mixin.py:190} INFO - [2025-04-08T01:41:51.768+0000] {dagbag.py:588} INFO - Filling up the DagBag from /home/airflow/.local/lib/python3.12/site-packages/airflow/example_dags/example_branch_labels.py
[2025-04-08T01:41:51.784+0000] {processor.py:925} INFO - DAG(s) 'example_branch_labels' retrieved from /home/airflow/.local/lib/python3.12/site-packages/airflow/example_dags/example_branch_labels.py
[2025-04-08T01:41:51.829+0000] {logging_mixin.py:190} INFO - [2025-04-08T01:41:51.829+0000] {dag.py:3239} INFO - Sync 1 DAGs
[2025-04-08T01:41:51.877+0000] {logging_mixin.py:190} INFO - [2025-04-08T01:41:51.876+0000] {dag.py:4180} INFO - Setting next_dagrun for example_branch_labels to 2025-04-07 00:00:00+00:00, run_after=2025-04-08 00:00:00+00:00
[2025-04-08T01:41:51.916+0000] {processor.py:208} INFO - Processing /home/airflow/.local/lib/python3.12/site-packages/airflow/example_dags/example_branch_labels.py took 0.159 seconds
[2025-04-08T01:42:28.542+0000] {processor.py:186} INFO - Started process (PID=9849) to work on /home/airflow/.local/lib/python3.12/site-packages/airflow/example_dags/example_branch_labels.py
[2025-04-08T01:42:28.553+0000] {processor.py:914} INFO - Processing file /home/airflow/.local/lib/python3.12/site-packages/airflow/example_dags/example_branch_labels.py for tasks to queue
[2025-04-08T01:42:28.587+0000] {logging_mixin.py:190} INFO - [2025-04-08T01:42:28.573+0000] {dagbag.py:588} INFO - Filling up the DagBag from /home/airflow/.local/lib/python3.12/site-packages/airflow/example_dags/example_branch_labels.py
[2025-04-08T01:42:28.641+0000] {processor.py:925} INFO - DAG(s) 'example_branch_labels' retrieved from /home/airflow/.local/lib/python3.12/site-packages/airflow/example_dags/example_branch_labels.py
[2025-04-08T01:42:28.934+0000] {logging_mixin.py:190} INFO - [2025-04-08T01:42:28.932+0000] {dag.py:3239} INFO - Sync 1 DAGs
[2025-04-08T01:42:29.270+0000] {logging_mixin.py:190} INFO - [2025-04-08T01:42:29.268+0000] {dag.py:4180} INFO - Setting next_dagrun for example_branch_labels to 2025-04-07 00:00:00+00:00, run_after=2025-04-08 00:00:00+00:00
[2025-04-08T01:42:29.545+0000] {processor.py:208} INFO - Processing /home/airflow/.local/lib/python3.12/site-packages/airflow/example_dags/example_branch_labels.py took 1.066 seconds
