[2025-04-08T00:26:29.163+0000] {processor.py:186} INFO - Started process (PID=5814) to work on /home/airflow/.local/lib/python3.12/site-packages/airflow/example_dags/example_latest_only.py
[2025-04-08T00:26:29.166+0000] {processor.py:914} INFO - Processing file /home/airflow/.local/lib/python3.12/site-packages/airflow/example_dags/example_latest_only.py for tasks to queue
[2025-04-08T00:26:29.174+0000] {logging_mixin.py:190} INFO - [2025-04-08T00:26:29.174+0000] {dagbag.py:588} INFO - Filling up the DagBag from /home/airflow/.local/lib/python3.12/site-packages/airflow/example_dags/example_latest_only.py
[2025-04-08T00:26:29.192+0000] {processor.py:925} INFO - DAG(s) 'latest_only' retrieved from /home/airflow/.local/lib/python3.12/site-packages/airflow/example_dags/example_latest_only.py
[2025-04-08T00:26:29.258+0000] {logging_mixin.py:190} INFO - [2025-04-08T00:26:29.257+0000] {dag.py:3239} INFO - Sync 1 DAGs
[2025-04-08T00:26:29.367+0000] {logging_mixin.py:190} INFO - [2025-04-08T00:26:29.367+0000] {dag.py:4180} INFO - Setting next_dagrun for latest_only to 2025-04-07 20:00:00+00:00, run_after=2025-04-08 00:00:00+00:00
[2025-04-08T00:26:29.428+0000] {processor.py:208} INFO - Processing /home/airflow/.local/lib/python3.12/site-packages/airflow/example_dags/example_latest_only.py took 0.274 seconds
[2025-04-08T00:44:06.222+0000] {processor.py:186} INFO - Started process (PID=5898) to work on /home/airflow/.local/lib/python3.12/site-packages/airflow/example_dags/example_latest_only.py
[2025-04-08T00:44:06.232+0000] {processor.py:914} INFO - Processing file /home/airflow/.local/lib/python3.12/site-packages/airflow/example_dags/example_latest_only.py for tasks to queue
[2025-04-08T00:44:06.234+0000] {logging_mixin.py:190} INFO - [2025-04-08T00:44:06.234+0000] {dagbag.py:588} INFO - Filling up the DagBag from /home/airflow/.local/lib/python3.12/site-packages/airflow/example_dags/example_latest_only.py
[2025-04-08T00:44:06.246+0000] {processor.py:925} INFO - DAG(s) 'latest_only' retrieved from /home/airflow/.local/lib/python3.12/site-packages/airflow/example_dags/example_latest_only.py
[2025-04-08T00:44:06.282+0000] {logging_mixin.py:190} INFO - [2025-04-08T00:44:06.281+0000] {dag.py:3239} INFO - Sync 1 DAGs
[2025-04-08T00:44:06.319+0000] {logging_mixin.py:190} INFO - [2025-04-08T00:44:06.319+0000] {dag.py:4180} INFO - Setting next_dagrun for latest_only to 2025-04-07 20:00:00+00:00, run_after=2025-04-08 00:00:00+00:00
[2025-04-08T00:44:06.357+0000] {processor.py:208} INFO - Processing /home/airflow/.local/lib/python3.12/site-packages/airflow/example_dags/example_latest_only.py took 0.141 seconds
[2025-04-08T00:44:36.731+0000] {processor.py:186} INFO - Started process (PID=5960) to work on /home/airflow/.local/lib/python3.12/site-packages/airflow/example_dags/example_latest_only.py
[2025-04-08T00:44:36.732+0000] {processor.py:914} INFO - Processing file /home/airflow/.local/lib/python3.12/site-packages/airflow/example_dags/example_latest_only.py for tasks to queue
[2025-04-08T00:44:36.733+0000] {logging_mixin.py:190} INFO - [2025-04-08T00:44:36.733+0000] {dagbag.py:588} INFO - Filling up the DagBag from /home/airflow/.local/lib/python3.12/site-packages/airflow/example_dags/example_latest_only.py
[2025-04-08T00:44:36.740+0000] {processor.py:925} INFO - DAG(s) 'latest_only' retrieved from /home/airflow/.local/lib/python3.12/site-packages/airflow/example_dags/example_latest_only.py
[2025-04-08T00:44:36.760+0000] {logging_mixin.py:190} INFO - [2025-04-08T00:44:36.760+0000] {dag.py:3239} INFO - Sync 1 DAGs
[2025-04-08T00:44:36.782+0000] {logging_mixin.py:190} INFO - [2025-04-08T00:44:36.782+0000] {dag.py:4180} INFO - Setting next_dagrun for latest_only to 2025-04-07 20:00:00+00:00, run_after=2025-04-08 00:00:00+00:00
[2025-04-08T00:44:36.801+0000] {processor.py:208} INFO - Processing /home/airflow/.local/lib/python3.12/site-packages/airflow/example_dags/example_latest_only.py took 0.075 seconds
[2025-04-08T00:45:07.584+0000] {processor.py:186} INFO - Started process (PID=6023) to work on /home/airflow/.local/lib/python3.12/site-packages/airflow/example_dags/example_latest_only.py
[2025-04-08T00:45:07.588+0000] {processor.py:914} INFO - Processing file /home/airflow/.local/lib/python3.12/site-packages/airflow/example_dags/example_latest_only.py for tasks to queue
[2025-04-08T00:45:07.595+0000] {logging_mixin.py:190} INFO - [2025-04-08T00:45:07.593+0000] {dagbag.py:588} INFO - Filling up the DagBag from /home/airflow/.local/lib/python3.12/site-packages/airflow/example_dags/example_latest_only.py
[2025-04-08T00:45:07.612+0000] {processor.py:925} INFO - DAG(s) 'latest_only' retrieved from /home/airflow/.local/lib/python3.12/site-packages/airflow/example_dags/example_latest_only.py
[2025-04-08T00:45:07.641+0000] {logging_mixin.py:190} INFO - [2025-04-08T00:45:07.640+0000] {dag.py:3239} INFO - Sync 1 DAGs
[2025-04-08T00:45:07.681+0000] {logging_mixin.py:190} INFO - [2025-04-08T00:45:07.681+0000] {dag.py:4180} INFO - Setting next_dagrun for latest_only to 2025-04-07 20:00:00+00:00, run_after=2025-04-08 00:00:00+00:00
[2025-04-08T00:45:07.709+0000] {processor.py:208} INFO - Processing /home/airflow/.local/lib/python3.12/site-packages/airflow/example_dags/example_latest_only.py took 0.144 seconds
[2025-04-08T00:45:37.885+0000] {processor.py:186} INFO - Started process (PID=6085) to work on /home/airflow/.local/lib/python3.12/site-packages/airflow/example_dags/example_latest_only.py
[2025-04-08T00:45:37.887+0000] {processor.py:914} INFO - Processing file /home/airflow/.local/lib/python3.12/site-packages/airflow/example_dags/example_latest_only.py for tasks to queue
[2025-04-08T00:45:37.890+0000] {logging_mixin.py:190} INFO - [2025-04-08T00:45:37.889+0000] {dagbag.py:588} INFO - Filling up the DagBag from /home/airflow/.local/lib/python3.12/site-packages/airflow/example_dags/example_latest_only.py
[2025-04-08T00:45:37.901+0000] {processor.py:925} INFO - DAG(s) 'latest_only' retrieved from /home/airflow/.local/lib/python3.12/site-packages/airflow/example_dags/example_latest_only.py
[2025-04-08T00:45:37.928+0000] {logging_mixin.py:190} INFO - [2025-04-08T00:45:37.928+0000] {dag.py:3239} INFO - Sync 1 DAGs
[2025-04-08T00:45:37.951+0000] {logging_mixin.py:190} INFO - [2025-04-08T00:45:37.951+0000] {dag.py:4180} INFO - Setting next_dagrun for latest_only to 2025-04-07 20:00:00+00:00, run_after=2025-04-08 00:00:00+00:00
[2025-04-08T00:45:37.969+0000] {processor.py:208} INFO - Processing /home/airflow/.local/lib/python3.12/site-packages/airflow/example_dags/example_latest_only.py took 0.088 seconds
[2025-04-08T00:46:08.626+0000] {processor.py:186} INFO - Started process (PID=6147) to work on /home/airflow/.local/lib/python3.12/site-packages/airflow/example_dags/example_latest_only.py
[2025-04-08T00:46:08.627+0000] {processor.py:914} INFO - Processing file /home/airflow/.local/lib/python3.12/site-packages/airflow/example_dags/example_latest_only.py for tasks to queue
[2025-04-08T00:46:08.634+0000] {logging_mixin.py:190} INFO - [2025-04-08T00:46:08.630+0000] {dagbag.py:588} INFO - Filling up the DagBag from /home/airflow/.local/lib/python3.12/site-packages/airflow/example_dags/example_latest_only.py
[2025-04-08T00:46:08.648+0000] {processor.py:925} INFO - DAG(s) 'latest_only' retrieved from /home/airflow/.local/lib/python3.12/site-packages/airflow/example_dags/example_latest_only.py
[2025-04-08T00:46:08.743+0000] {logging_mixin.py:190} INFO - [2025-04-08T00:46:08.742+0000] {dag.py:3239} INFO - Sync 1 DAGs
[2025-04-08T00:46:08.840+0000] {logging_mixin.py:190} INFO - [2025-04-08T00:46:08.839+0000] {dag.py:4180} INFO - Setting next_dagrun for latest_only to 2025-04-07 20:00:00+00:00, run_after=2025-04-08 00:00:00+00:00
[2025-04-08T00:46:08.899+0000] {processor.py:208} INFO - Processing /home/airflow/.local/lib/python3.12/site-packages/airflow/example_dags/example_latest_only.py took 0.290 seconds
[2025-04-08T00:46:39.259+0000] {processor.py:186} INFO - Started process (PID=6210) to work on /home/airflow/.local/lib/python3.12/site-packages/airflow/example_dags/example_latest_only.py
[2025-04-08T00:46:39.261+0000] {processor.py:914} INFO - Processing file /home/airflow/.local/lib/python3.12/site-packages/airflow/example_dags/example_latest_only.py for tasks to queue
[2025-04-08T00:46:39.264+0000] {logging_mixin.py:190} INFO - [2025-04-08T00:46:39.263+0000] {dagbag.py:588} INFO - Filling up the DagBag from /home/airflow/.local/lib/python3.12/site-packages/airflow/example_dags/example_latest_only.py
[2025-04-08T00:46:39.275+0000] {processor.py:925} INFO - DAG(s) 'latest_only' retrieved from /home/airflow/.local/lib/python3.12/site-packages/airflow/example_dags/example_latest_only.py
[2025-04-08T00:46:39.312+0000] {logging_mixin.py:190} INFO - [2025-04-08T00:46:39.312+0000] {dag.py:3239} INFO - Sync 1 DAGs
[2025-04-08T00:46:39.345+0000] {logging_mixin.py:190} INFO - [2025-04-08T00:46:39.345+0000] {dag.py:4180} INFO - Setting next_dagrun for latest_only to 2025-04-07 20:00:00+00:00, run_after=2025-04-08 00:00:00+00:00
[2025-04-08T00:46:39.380+0000] {processor.py:208} INFO - Processing /home/airflow/.local/lib/python3.12/site-packages/airflow/example_dags/example_latest_only.py took 0.131 seconds
[2025-04-08T00:47:09.521+0000] {processor.py:186} INFO - Started process (PID=6273) to work on /home/airflow/.local/lib/python3.12/site-packages/airflow/example_dags/example_latest_only.py
[2025-04-08T00:47:09.523+0000] {processor.py:914} INFO - Processing file /home/airflow/.local/lib/python3.12/site-packages/airflow/example_dags/example_latest_only.py for tasks to queue
[2025-04-08T00:47:09.524+0000] {logging_mixin.py:190} INFO - [2025-04-08T00:47:09.524+0000] {dagbag.py:588} INFO - Filling up the DagBag from /home/airflow/.local/lib/python3.12/site-packages/airflow/example_dags/example_latest_only.py
[2025-04-08T00:47:09.532+0000] {processor.py:925} INFO - DAG(s) 'latest_only' retrieved from /home/airflow/.local/lib/python3.12/site-packages/airflow/example_dags/example_latest_only.py
[2025-04-08T00:47:09.553+0000] {logging_mixin.py:190} INFO - [2025-04-08T00:47:09.553+0000] {dag.py:3239} INFO - Sync 1 DAGs
[2025-04-08T00:47:09.578+0000] {logging_mixin.py:190} INFO - [2025-04-08T00:47:09.578+0000] {dag.py:4180} INFO - Setting next_dagrun for latest_only to 2025-04-07 20:00:00+00:00, run_after=2025-04-08 00:00:00+00:00
[2025-04-08T00:47:09.599+0000] {processor.py:208} INFO - Processing /home/airflow/.local/lib/python3.12/site-packages/airflow/example_dags/example_latest_only.py took 0.085 seconds
[2025-04-08T00:47:39.787+0000] {processor.py:186} INFO - Started process (PID=6335) to work on /home/airflow/.local/lib/python3.12/site-packages/airflow/example_dags/example_latest_only.py
[2025-04-08T00:47:39.788+0000] {processor.py:914} INFO - Processing file /home/airflow/.local/lib/python3.12/site-packages/airflow/example_dags/example_latest_only.py for tasks to queue
[2025-04-08T00:47:39.790+0000] {logging_mixin.py:190} INFO - [2025-04-08T00:47:39.789+0000] {dagbag.py:588} INFO - Filling up the DagBag from /home/airflow/.local/lib/python3.12/site-packages/airflow/example_dags/example_latest_only.py
[2025-04-08T00:47:39.797+0000] {processor.py:925} INFO - DAG(s) 'latest_only' retrieved from /home/airflow/.local/lib/python3.12/site-packages/airflow/example_dags/example_latest_only.py
[2025-04-08T00:47:39.817+0000] {logging_mixin.py:190} INFO - [2025-04-08T00:47:39.817+0000] {dag.py:3239} INFO - Sync 1 DAGs
[2025-04-08T00:47:39.838+0000] {logging_mixin.py:190} INFO - [2025-04-08T00:47:39.838+0000] {dag.py:4180} INFO - Setting next_dagrun for latest_only to 2025-04-07 20:00:00+00:00, run_after=2025-04-08 00:00:00+00:00
[2025-04-08T00:47:39.857+0000] {processor.py:208} INFO - Processing /home/airflow/.local/lib/python3.12/site-packages/airflow/example_dags/example_latest_only.py took 0.075 seconds
[2025-04-08T00:48:10.620+0000] {processor.py:186} INFO - Started process (PID=6398) to work on /home/airflow/.local/lib/python3.12/site-packages/airflow/example_dags/example_latest_only.py
[2025-04-08T00:48:10.622+0000] {processor.py:914} INFO - Processing file /home/airflow/.local/lib/python3.12/site-packages/airflow/example_dags/example_latest_only.py for tasks to queue
[2025-04-08T00:48:10.625+0000] {logging_mixin.py:190} INFO - [2025-04-08T00:48:10.624+0000] {dagbag.py:588} INFO - Filling up the DagBag from /home/airflow/.local/lib/python3.12/site-packages/airflow/example_dags/example_latest_only.py
[2025-04-08T00:48:10.639+0000] {processor.py:925} INFO - DAG(s) 'latest_only' retrieved from /home/airflow/.local/lib/python3.12/site-packages/airflow/example_dags/example_latest_only.py
[2025-04-08T00:48:10.670+0000] {logging_mixin.py:190} INFO - [2025-04-08T00:48:10.670+0000] {dag.py:3239} INFO - Sync 1 DAGs
[2025-04-08T00:48:10.704+0000] {logging_mixin.py:190} INFO - [2025-04-08T00:48:10.703+0000] {dag.py:4180} INFO - Setting next_dagrun for latest_only to 2025-04-07 20:00:00+00:00, run_after=2025-04-08 00:00:00+00:00
[2025-04-08T00:48:10.734+0000] {processor.py:208} INFO - Processing /home/airflow/.local/lib/python3.12/site-packages/airflow/example_dags/example_latest_only.py took 0.120 seconds
[2025-04-08T00:48:41.063+0000] {processor.py:186} INFO - Started process (PID=6461) to work on /home/airflow/.local/lib/python3.12/site-packages/airflow/example_dags/example_latest_only.py
[2025-04-08T00:48:41.065+0000] {processor.py:914} INFO - Processing file /home/airflow/.local/lib/python3.12/site-packages/airflow/example_dags/example_latest_only.py for tasks to queue
[2025-04-08T00:48:41.071+0000] {logging_mixin.py:190} INFO - [2025-04-08T00:48:41.068+0000] {dagbag.py:588} INFO - Filling up the DagBag from /home/airflow/.local/lib/python3.12/site-packages/airflow/example_dags/example_latest_only.py
[2025-04-08T00:48:41.093+0000] {processor.py:925} INFO - DAG(s) 'latest_only' retrieved from /home/airflow/.local/lib/python3.12/site-packages/airflow/example_dags/example_latest_only.py
[2025-04-08T00:48:41.146+0000] {logging_mixin.py:190} INFO - [2025-04-08T00:48:41.146+0000] {dag.py:3239} INFO - Sync 1 DAGs
[2025-04-08T00:48:41.203+0000] {logging_mixin.py:190} INFO - [2025-04-08T00:48:41.202+0000] {dag.py:4180} INFO - Setting next_dagrun for latest_only to 2025-04-07 20:00:00+00:00, run_after=2025-04-08 00:00:00+00:00
[2025-04-08T00:48:41.253+0000] {processor.py:208} INFO - Processing /home/airflow/.local/lib/python3.12/site-packages/airflow/example_dags/example_latest_only.py took 0.214 seconds
[2025-04-08T00:49:11.427+0000] {processor.py:186} INFO - Started process (PID=6523) to work on /home/airflow/.local/lib/python3.12/site-packages/airflow/example_dags/example_latest_only.py
[2025-04-08T00:49:11.428+0000] {processor.py:914} INFO - Processing file /home/airflow/.local/lib/python3.12/site-packages/airflow/example_dags/example_latest_only.py for tasks to queue
[2025-04-08T00:49:11.429+0000] {logging_mixin.py:190} INFO - [2025-04-08T00:49:11.429+0000] {dagbag.py:588} INFO - Filling up the DagBag from /home/airflow/.local/lib/python3.12/site-packages/airflow/example_dags/example_latest_only.py
[2025-04-08T00:49:11.437+0000] {processor.py:925} INFO - DAG(s) 'latest_only' retrieved from /home/airflow/.local/lib/python3.12/site-packages/airflow/example_dags/example_latest_only.py
[2025-04-08T00:49:11.458+0000] {logging_mixin.py:190} INFO - [2025-04-08T00:49:11.458+0000] {dag.py:3239} INFO - Sync 1 DAGs
[2025-04-08T00:49:11.480+0000] {logging_mixin.py:190} INFO - [2025-04-08T00:49:11.480+0000] {dag.py:4180} INFO - Setting next_dagrun for latest_only to 2025-04-07 20:00:00+00:00, run_after=2025-04-08 00:00:00+00:00
[2025-04-08T00:49:11.509+0000] {processor.py:208} INFO - Processing /home/airflow/.local/lib/python3.12/site-packages/airflow/example_dags/example_latest_only.py took 0.088 seconds
[2025-04-08T00:49:41.747+0000] {processor.py:186} INFO - Started process (PID=6586) to work on /home/airflow/.local/lib/python3.12/site-packages/airflow/example_dags/example_latest_only.py
[2025-04-08T00:49:41.748+0000] {processor.py:914} INFO - Processing file /home/airflow/.local/lib/python3.12/site-packages/airflow/example_dags/example_latest_only.py for tasks to queue
[2025-04-08T00:49:41.750+0000] {logging_mixin.py:190} INFO - [2025-04-08T00:49:41.750+0000] {dagbag.py:588} INFO - Filling up the DagBag from /home/airflow/.local/lib/python3.12/site-packages/airflow/example_dags/example_latest_only.py
[2025-04-08T00:49:41.764+0000] {processor.py:925} INFO - DAG(s) 'latest_only' retrieved from /home/airflow/.local/lib/python3.12/site-packages/airflow/example_dags/example_latest_only.py
[2025-04-08T00:49:41.789+0000] {logging_mixin.py:190} INFO - [2025-04-08T00:49:41.789+0000] {dag.py:3239} INFO - Sync 1 DAGs
[2025-04-08T00:49:41.822+0000] {logging_mixin.py:190} INFO - [2025-04-08T00:49:41.822+0000] {dag.py:4180} INFO - Setting next_dagrun for latest_only to 2025-04-07 20:00:00+00:00, run_after=2025-04-08 00:00:00+00:00
[2025-04-08T00:49:41.849+0000] {processor.py:208} INFO - Processing /home/airflow/.local/lib/python3.12/site-packages/airflow/example_dags/example_latest_only.py took 0.109 seconds
[2025-04-08T00:50:12.656+0000] {processor.py:186} INFO - Started process (PID=6650) to work on /home/airflow/.local/lib/python3.12/site-packages/airflow/example_dags/example_latest_only.py
[2025-04-08T00:50:12.657+0000] {processor.py:914} INFO - Processing file /home/airflow/.local/lib/python3.12/site-packages/airflow/example_dags/example_latest_only.py for tasks to queue
[2025-04-08T00:50:12.658+0000] {logging_mixin.py:190} INFO - [2025-04-08T00:50:12.658+0000] {dagbag.py:588} INFO - Filling up the DagBag from /home/airflow/.local/lib/python3.12/site-packages/airflow/example_dags/example_latest_only.py
[2025-04-08T00:50:12.667+0000] {processor.py:925} INFO - DAG(s) 'latest_only' retrieved from /home/airflow/.local/lib/python3.12/site-packages/airflow/example_dags/example_latest_only.py
[2025-04-08T00:50:12.697+0000] {logging_mixin.py:190} INFO - [2025-04-08T00:50:12.696+0000] {dag.py:3239} INFO - Sync 1 DAGs
[2025-04-08T00:50:12.723+0000] {logging_mixin.py:190} INFO - [2025-04-08T00:50:12.723+0000] {dag.py:4180} INFO - Setting next_dagrun for latest_only to 2025-04-07 20:00:00+00:00, run_after=2025-04-08 00:00:00+00:00
[2025-04-08T00:50:12.751+0000] {processor.py:208} INFO - Processing /home/airflow/.local/lib/python3.12/site-packages/airflow/example_dags/example_latest_only.py took 0.101 seconds
[2025-04-08T00:50:43.033+0000] {processor.py:186} INFO - Started process (PID=6713) to work on /home/airflow/.local/lib/python3.12/site-packages/airflow/example_dags/example_latest_only.py
[2025-04-08T00:50:43.034+0000] {processor.py:914} INFO - Processing file /home/airflow/.local/lib/python3.12/site-packages/airflow/example_dags/example_latest_only.py for tasks to queue
[2025-04-08T00:50:43.036+0000] {logging_mixin.py:190} INFO - [2025-04-08T00:50:43.035+0000] {dagbag.py:588} INFO - Filling up the DagBag from /home/airflow/.local/lib/python3.12/site-packages/airflow/example_dags/example_latest_only.py
[2025-04-08T00:50:43.046+0000] {processor.py:925} INFO - DAG(s) 'latest_only' retrieved from /home/airflow/.local/lib/python3.12/site-packages/airflow/example_dags/example_latest_only.py
[2025-04-08T00:50:43.067+0000] {logging_mixin.py:190} INFO - [2025-04-08T00:50:43.067+0000] {dag.py:3239} INFO - Sync 1 DAGs
[2025-04-08T00:50:43.088+0000] {logging_mixin.py:190} INFO - [2025-04-08T00:50:43.088+0000] {dag.py:4180} INFO - Setting next_dagrun for latest_only to 2025-04-07 20:00:00+00:00, run_after=2025-04-08 00:00:00+00:00
[2025-04-08T00:50:43.108+0000] {processor.py:208} INFO - Processing /home/airflow/.local/lib/python3.12/site-packages/airflow/example_dags/example_latest_only.py took 0.081 seconds
[2025-04-08T00:51:13.166+0000] {processor.py:186} INFO - Started process (PID=6775) to work on /home/airflow/.local/lib/python3.12/site-packages/airflow/example_dags/example_latest_only.py
[2025-04-08T00:51:13.168+0000] {processor.py:914} INFO - Processing file /home/airflow/.local/lib/python3.12/site-packages/airflow/example_dags/example_latest_only.py for tasks to queue
[2025-04-08T00:51:13.170+0000] {logging_mixin.py:190} INFO - [2025-04-08T00:51:13.169+0000] {dagbag.py:588} INFO - Filling up the DagBag from /home/airflow/.local/lib/python3.12/site-packages/airflow/example_dags/example_latest_only.py
[2025-04-08T00:51:13.176+0000] {processor.py:925} INFO - DAG(s) 'latest_only' retrieved from /home/airflow/.local/lib/python3.12/site-packages/airflow/example_dags/example_latest_only.py
[2025-04-08T00:51:13.196+0000] {logging_mixin.py:190} INFO - [2025-04-08T00:51:13.196+0000] {dag.py:3239} INFO - Sync 1 DAGs
[2025-04-08T00:51:13.221+0000] {logging_mixin.py:190} INFO - [2025-04-08T00:51:13.221+0000] {dag.py:4180} INFO - Setting next_dagrun for latest_only to 2025-04-07 20:00:00+00:00, run_after=2025-04-08 00:00:00+00:00
[2025-04-08T00:51:13.242+0000] {processor.py:208} INFO - Processing /home/airflow/.local/lib/python3.12/site-packages/airflow/example_dags/example_latest_only.py took 0.081 seconds
[2025-04-08T00:51:43.674+0000] {processor.py:186} INFO - Started process (PID=6839) to work on /home/airflow/.local/lib/python3.12/site-packages/airflow/example_dags/example_latest_only.py
[2025-04-08T00:51:43.676+0000] {processor.py:914} INFO - Processing file /home/airflow/.local/lib/python3.12/site-packages/airflow/example_dags/example_latest_only.py for tasks to queue
[2025-04-08T00:51:43.678+0000] {logging_mixin.py:190} INFO - [2025-04-08T00:51:43.678+0000] {dagbag.py:588} INFO - Filling up the DagBag from /home/airflow/.local/lib/python3.12/site-packages/airflow/example_dags/example_latest_only.py
[2025-04-08T00:51:43.686+0000] {processor.py:925} INFO - DAG(s) 'latest_only' retrieved from /home/airflow/.local/lib/python3.12/site-packages/airflow/example_dags/example_latest_only.py
[2025-04-08T00:51:43.708+0000] {logging_mixin.py:190} INFO - [2025-04-08T00:51:43.707+0000] {dag.py:3239} INFO - Sync 1 DAGs
[2025-04-08T00:51:43.729+0000] {logging_mixin.py:190} INFO - [2025-04-08T00:51:43.729+0000] {dag.py:4180} INFO - Setting next_dagrun for latest_only to 2025-04-07 20:00:00+00:00, run_after=2025-04-08 00:00:00+00:00
[2025-04-08T00:51:43.750+0000] {processor.py:208} INFO - Processing /home/airflow/.local/lib/python3.12/site-packages/airflow/example_dags/example_latest_only.py took 0.082 seconds
[2025-04-08T00:52:14.983+0000] {processor.py:186} INFO - Started process (PID=6902) to work on /home/airflow/.local/lib/python3.12/site-packages/airflow/example_dags/example_latest_only.py
[2025-04-08T00:52:14.985+0000] {processor.py:914} INFO - Processing file /home/airflow/.local/lib/python3.12/site-packages/airflow/example_dags/example_latest_only.py for tasks to queue
[2025-04-08T00:52:14.987+0000] {logging_mixin.py:190} INFO - [2025-04-08T00:52:14.986+0000] {dagbag.py:588} INFO - Filling up the DagBag from /home/airflow/.local/lib/python3.12/site-packages/airflow/example_dags/example_latest_only.py
[2025-04-08T00:52:15.000+0000] {processor.py:925} INFO - DAG(s) 'latest_only' retrieved from /home/airflow/.local/lib/python3.12/site-packages/airflow/example_dags/example_latest_only.py
[2025-04-08T00:52:15.031+0000] {logging_mixin.py:190} INFO - [2025-04-08T00:52:15.030+0000] {dag.py:3239} INFO - Sync 1 DAGs
[2025-04-08T00:52:15.067+0000] {logging_mixin.py:190} INFO - [2025-04-08T00:52:15.067+0000] {dag.py:4180} INFO - Setting next_dagrun for latest_only to 2025-04-07 20:00:00+00:00, run_after=2025-04-08 00:00:00+00:00
[2025-04-08T00:52:15.094+0000] {processor.py:208} INFO - Processing /home/airflow/.local/lib/python3.12/site-packages/airflow/example_dags/example_latest_only.py took 0.119 seconds
[2025-04-08T00:52:45.336+0000] {processor.py:186} INFO - Started process (PID=6965) to work on /home/airflow/.local/lib/python3.12/site-packages/airflow/example_dags/example_latest_only.py
[2025-04-08T00:52:45.338+0000] {processor.py:914} INFO - Processing file /home/airflow/.local/lib/python3.12/site-packages/airflow/example_dags/example_latest_only.py for tasks to queue
[2025-04-08T00:52:45.339+0000] {logging_mixin.py:190} INFO - [2025-04-08T00:52:45.339+0000] {dagbag.py:588} INFO - Filling up the DagBag from /home/airflow/.local/lib/python3.12/site-packages/airflow/example_dags/example_latest_only.py
[2025-04-08T00:52:45.358+0000] {processor.py:925} INFO - DAG(s) 'latest_only' retrieved from /home/airflow/.local/lib/python3.12/site-packages/airflow/example_dags/example_latest_only.py
[2025-04-08T00:52:45.391+0000] {logging_mixin.py:190} INFO - [2025-04-08T00:52:45.390+0000] {dag.py:3239} INFO - Sync 1 DAGs
[2025-04-08T00:52:45.435+0000] {logging_mixin.py:190} INFO - [2025-04-08T00:52:45.435+0000] {dag.py:4180} INFO - Setting next_dagrun for latest_only to 2025-04-07 20:00:00+00:00, run_after=2025-04-08 00:00:00+00:00
[2025-04-08T00:52:45.465+0000] {processor.py:208} INFO - Processing /home/airflow/.local/lib/python3.12/site-packages/airflow/example_dags/example_latest_only.py took 0.138 seconds
[2025-04-08T00:53:15.628+0000] {processor.py:186} INFO - Started process (PID=7027) to work on /home/airflow/.local/lib/python3.12/site-packages/airflow/example_dags/example_latest_only.py
[2025-04-08T00:53:15.631+0000] {processor.py:914} INFO - Processing file /home/airflow/.local/lib/python3.12/site-packages/airflow/example_dags/example_latest_only.py for tasks to queue
[2025-04-08T00:53:15.638+0000] {logging_mixin.py:190} INFO - [2025-04-08T00:53:15.636+0000] {dagbag.py:588} INFO - Filling up the DagBag from /home/airflow/.local/lib/python3.12/site-packages/airflow/example_dags/example_latest_only.py
[2025-04-08T00:53:15.662+0000] {processor.py:925} INFO - DAG(s) 'latest_only' retrieved from /home/airflow/.local/lib/python3.12/site-packages/airflow/example_dags/example_latest_only.py
[2025-04-08T00:53:15.694+0000] {logging_mixin.py:190} INFO - [2025-04-08T00:53:15.693+0000] {dag.py:3239} INFO - Sync 1 DAGs
[2025-04-08T00:53:15.721+0000] {logging_mixin.py:190} INFO - [2025-04-08T00:53:15.721+0000] {dag.py:4180} INFO - Setting next_dagrun for latest_only to 2025-04-07 20:00:00+00:00, run_after=2025-04-08 00:00:00+00:00
[2025-04-08T00:53:15.747+0000] {processor.py:208} INFO - Processing /home/airflow/.local/lib/python3.12/site-packages/airflow/example_dags/example_latest_only.py took 0.134 seconds
[2025-04-08T00:53:45.927+0000] {processor.py:186} INFO - Started process (PID=7090) to work on /home/airflow/.local/lib/python3.12/site-packages/airflow/example_dags/example_latest_only.py
[2025-04-08T00:53:45.928+0000] {processor.py:914} INFO - Processing file /home/airflow/.local/lib/python3.12/site-packages/airflow/example_dags/example_latest_only.py for tasks to queue
[2025-04-08T00:53:45.930+0000] {logging_mixin.py:190} INFO - [2025-04-08T00:53:45.930+0000] {dagbag.py:588} INFO - Filling up the DagBag from /home/airflow/.local/lib/python3.12/site-packages/airflow/example_dags/example_latest_only.py
[2025-04-08T00:53:45.938+0000] {processor.py:925} INFO - DAG(s) 'latest_only' retrieved from /home/airflow/.local/lib/python3.12/site-packages/airflow/example_dags/example_latest_only.py
[2025-04-08T00:53:45.959+0000] {logging_mixin.py:190} INFO - [2025-04-08T00:53:45.959+0000] {dag.py:3239} INFO - Sync 1 DAGs
[2025-04-08T00:53:45.987+0000] {logging_mixin.py:190} INFO - [2025-04-08T00:53:45.986+0000] {dag.py:4180} INFO - Setting next_dagrun for latest_only to 2025-04-07 20:00:00+00:00, run_after=2025-04-08 00:00:00+00:00
[2025-04-08T00:53:46.007+0000] {processor.py:208} INFO - Processing /home/airflow/.local/lib/python3.12/site-packages/airflow/example_dags/example_latest_only.py took 0.085 seconds
[2025-04-08T00:54:16.424+0000] {processor.py:186} INFO - Started process (PID=7153) to work on /home/airflow/.local/lib/python3.12/site-packages/airflow/example_dags/example_latest_only.py
[2025-04-08T00:54:16.425+0000] {processor.py:914} INFO - Processing file /home/airflow/.local/lib/python3.12/site-packages/airflow/example_dags/example_latest_only.py for tasks to queue
[2025-04-08T00:54:16.428+0000] {logging_mixin.py:190} INFO - [2025-04-08T00:54:16.427+0000] {dagbag.py:588} INFO - Filling up the DagBag from /home/airflow/.local/lib/python3.12/site-packages/airflow/example_dags/example_latest_only.py
[2025-04-08T00:54:16.452+0000] {processor.py:925} INFO - DAG(s) 'latest_only' retrieved from /home/airflow/.local/lib/python3.12/site-packages/airflow/example_dags/example_latest_only.py
[2025-04-08T00:54:16.513+0000] {logging_mixin.py:190} INFO - [2025-04-08T00:54:16.512+0000] {dag.py:3239} INFO - Sync 1 DAGs
[2025-04-08T00:54:16.568+0000] {logging_mixin.py:190} INFO - [2025-04-08T00:54:16.568+0000] {dag.py:4180} INFO - Setting next_dagrun for latest_only to 2025-04-07 20:00:00+00:00, run_after=2025-04-08 00:00:00+00:00
[2025-04-08T00:54:16.607+0000] {processor.py:208} INFO - Processing /home/airflow/.local/lib/python3.12/site-packages/airflow/example_dags/example_latest_only.py took 0.198 seconds
[2025-04-08T00:54:46.980+0000] {processor.py:186} INFO - Started process (PID=7216) to work on /home/airflow/.local/lib/python3.12/site-packages/airflow/example_dags/example_latest_only.py
[2025-04-08T00:54:46.982+0000] {processor.py:914} INFO - Processing file /home/airflow/.local/lib/python3.12/site-packages/airflow/example_dags/example_latest_only.py for tasks to queue
[2025-04-08T00:54:46.984+0000] {logging_mixin.py:190} INFO - [2025-04-08T00:54:46.984+0000] {dagbag.py:588} INFO - Filling up the DagBag from /home/airflow/.local/lib/python3.12/site-packages/airflow/example_dags/example_latest_only.py
[2025-04-08T00:54:46.994+0000] {processor.py:925} INFO - DAG(s) 'latest_only' retrieved from /home/airflow/.local/lib/python3.12/site-packages/airflow/example_dags/example_latest_only.py
[2025-04-08T00:54:47.018+0000] {logging_mixin.py:190} INFO - [2025-04-08T00:54:47.018+0000] {dag.py:3239} INFO - Sync 1 DAGs
[2025-04-08T00:54:47.056+0000] {logging_mixin.py:190} INFO - [2025-04-08T00:54:47.056+0000] {dag.py:4180} INFO - Setting next_dagrun for latest_only to 2025-04-07 20:00:00+00:00, run_after=2025-04-08 00:00:00+00:00
[2025-04-08T00:54:47.089+0000] {processor.py:208} INFO - Processing /home/airflow/.local/lib/python3.12/site-packages/airflow/example_dags/example_latest_only.py took 0.118 seconds
[2025-04-08T00:55:17.945+0000] {processor.py:186} INFO - Started process (PID=7279) to work on /home/airflow/.local/lib/python3.12/site-packages/airflow/example_dags/example_latest_only.py
[2025-04-08T00:55:17.948+0000] {processor.py:914} INFO - Processing file /home/airflow/.local/lib/python3.12/site-packages/airflow/example_dags/example_latest_only.py for tasks to queue
[2025-04-08T00:55:17.951+0000] {logging_mixin.py:190} INFO - [2025-04-08T00:55:17.951+0000] {dagbag.py:588} INFO - Filling up the DagBag from /home/airflow/.local/lib/python3.12/site-packages/airflow/example_dags/example_latest_only.py
[2025-04-08T00:55:17.962+0000] {processor.py:925} INFO - DAG(s) 'latest_only' retrieved from /home/airflow/.local/lib/python3.12/site-packages/airflow/example_dags/example_latest_only.py
[2025-04-08T00:55:17.998+0000] {logging_mixin.py:190} INFO - [2025-04-08T00:55:17.998+0000] {dag.py:3239} INFO - Sync 1 DAGs
[2025-04-08T00:55:18.031+0000] {logging_mixin.py:190} INFO - [2025-04-08T00:55:18.031+0000] {dag.py:4180} INFO - Setting next_dagrun for latest_only to 2025-04-07 20:00:00+00:00, run_after=2025-04-08 00:00:00+00:00
[2025-04-08T00:55:18.070+0000] {processor.py:208} INFO - Processing /home/airflow/.local/lib/python3.12/site-packages/airflow/example_dags/example_latest_only.py took 0.137 seconds
[2025-04-08T00:55:48.564+0000] {processor.py:186} INFO - Started process (PID=7342) to work on /home/airflow/.local/lib/python3.12/site-packages/airflow/example_dags/example_latest_only.py
[2025-04-08T00:55:48.567+0000] {processor.py:914} INFO - Processing file /home/airflow/.local/lib/python3.12/site-packages/airflow/example_dags/example_latest_only.py for tasks to queue
[2025-04-08T00:55:48.571+0000] {logging_mixin.py:190} INFO - [2025-04-08T00:55:48.570+0000] {dagbag.py:588} INFO - Filling up the DagBag from /home/airflow/.local/lib/python3.12/site-packages/airflow/example_dags/example_latest_only.py
[2025-04-08T00:55:48.588+0000] {processor.py:925} INFO - DAG(s) 'latest_only' retrieved from /home/airflow/.local/lib/python3.12/site-packages/airflow/example_dags/example_latest_only.py
[2025-04-08T00:55:48.633+0000] {logging_mixin.py:190} INFO - [2025-04-08T00:55:48.632+0000] {dag.py:3239} INFO - Sync 1 DAGs
[2025-04-08T00:55:48.670+0000] {logging_mixin.py:190} INFO - [2025-04-08T00:55:48.670+0000] {dag.py:4180} INFO - Setting next_dagrun for latest_only to 2025-04-07 20:00:00+00:00, run_after=2025-04-08 00:00:00+00:00
[2025-04-08T00:55:48.715+0000] {processor.py:208} INFO - Processing /home/airflow/.local/lib/python3.12/site-packages/airflow/example_dags/example_latest_only.py took 0.167 seconds
[2025-04-08T00:56:19.468+0000] {processor.py:186} INFO - Started process (PID=7405) to work on /home/airflow/.local/lib/python3.12/site-packages/airflow/example_dags/example_latest_only.py
[2025-04-08T00:56:19.470+0000] {processor.py:914} INFO - Processing file /home/airflow/.local/lib/python3.12/site-packages/airflow/example_dags/example_latest_only.py for tasks to queue
[2025-04-08T00:56:19.474+0000] {logging_mixin.py:190} INFO - [2025-04-08T00:56:19.473+0000] {dagbag.py:588} INFO - Filling up the DagBag from /home/airflow/.local/lib/python3.12/site-packages/airflow/example_dags/example_latest_only.py
[2025-04-08T00:56:19.483+0000] {processor.py:925} INFO - DAG(s) 'latest_only' retrieved from /home/airflow/.local/lib/python3.12/site-packages/airflow/example_dags/example_latest_only.py
[2025-04-08T00:56:19.510+0000] {logging_mixin.py:190} INFO - [2025-04-08T00:56:19.509+0000] {dag.py:3239} INFO - Sync 1 DAGs
[2025-04-08T00:56:19.546+0000] {logging_mixin.py:190} INFO - [2025-04-08T00:56:19.546+0000] {dag.py:4180} INFO - Setting next_dagrun for latest_only to 2025-04-07 20:00:00+00:00, run_after=2025-04-08 00:00:00+00:00
[2025-04-08T00:56:19.582+0000] {processor.py:208} INFO - Processing /home/airflow/.local/lib/python3.12/site-packages/airflow/example_dags/example_latest_only.py took 0.120 seconds
[2025-04-08T00:56:50.351+0000] {processor.py:186} INFO - Started process (PID=7468) to work on /home/airflow/.local/lib/python3.12/site-packages/airflow/example_dags/example_latest_only.py
[2025-04-08T00:56:50.353+0000] {processor.py:914} INFO - Processing file /home/airflow/.local/lib/python3.12/site-packages/airflow/example_dags/example_latest_only.py for tasks to queue
[2025-04-08T00:56:50.356+0000] {logging_mixin.py:190} INFO - [2025-04-08T00:56:50.355+0000] {dagbag.py:588} INFO - Filling up the DagBag from /home/airflow/.local/lib/python3.12/site-packages/airflow/example_dags/example_latest_only.py
[2025-04-08T00:56:50.373+0000] {processor.py:925} INFO - DAG(s) 'latest_only' retrieved from /home/airflow/.local/lib/python3.12/site-packages/airflow/example_dags/example_latest_only.py
[2025-04-08T00:56:50.404+0000] {logging_mixin.py:190} INFO - [2025-04-08T00:56:50.403+0000] {dag.py:3239} INFO - Sync 1 DAGs
[2025-04-08T00:56:50.434+0000] {logging_mixin.py:190} INFO - [2025-04-08T00:56:50.434+0000] {dag.py:4180} INFO - Setting next_dagrun for latest_only to 2025-04-07 20:00:00+00:00, run_after=2025-04-08 00:00:00+00:00
[2025-04-08T00:56:50.473+0000] {processor.py:208} INFO - Processing /home/airflow/.local/lib/python3.12/site-packages/airflow/example_dags/example_latest_only.py took 0.135 seconds
[2025-04-08T00:57:20.808+0000] {processor.py:186} INFO - Started process (PID=7531) to work on /home/airflow/.local/lib/python3.12/site-packages/airflow/example_dags/example_latest_only.py
[2025-04-08T00:57:20.810+0000] {processor.py:914} INFO - Processing file /home/airflow/.local/lib/python3.12/site-packages/airflow/example_dags/example_latest_only.py for tasks to queue
[2025-04-08T00:57:20.812+0000] {logging_mixin.py:190} INFO - [2025-04-08T00:57:20.811+0000] {dagbag.py:588} INFO - Filling up the DagBag from /home/airflow/.local/lib/python3.12/site-packages/airflow/example_dags/example_latest_only.py
[2025-04-08T00:57:20.826+0000] {processor.py:925} INFO - DAG(s) 'latest_only' retrieved from /home/airflow/.local/lib/python3.12/site-packages/airflow/example_dags/example_latest_only.py
[2025-04-08T00:57:20.858+0000] {logging_mixin.py:190} INFO - [2025-04-08T00:57:20.857+0000] {dag.py:3239} INFO - Sync 1 DAGs
[2025-04-08T00:57:20.886+0000] {logging_mixin.py:190} INFO - [2025-04-08T00:57:20.886+0000] {dag.py:4180} INFO - Setting next_dagrun for latest_only to 2025-04-07 20:00:00+00:00, run_after=2025-04-08 00:00:00+00:00
[2025-04-08T00:57:20.912+0000] {processor.py:208} INFO - Processing /home/airflow/.local/lib/python3.12/site-packages/airflow/example_dags/example_latest_only.py took 0.115 seconds
[2025-04-08T00:57:55.191+0000] {processor.py:186} INFO - Started process (PID=7595) to work on /home/airflow/.local/lib/python3.12/site-packages/airflow/example_dags/example_latest_only.py
[2025-04-08T00:57:55.195+0000] {processor.py:914} INFO - Processing file /home/airflow/.local/lib/python3.12/site-packages/airflow/example_dags/example_latest_only.py for tasks to queue
[2025-04-08T00:57:55.200+0000] {logging_mixin.py:190} INFO - [2025-04-08T00:57:55.199+0000] {dagbag.py:588} INFO - Filling up the DagBag from /home/airflow/.local/lib/python3.12/site-packages/airflow/example_dags/example_latest_only.py
[2025-04-08T00:57:55.228+0000] {processor.py:925} INFO - DAG(s) 'latest_only' retrieved from /home/airflow/.local/lib/python3.12/site-packages/airflow/example_dags/example_latest_only.py
[2025-04-08T00:57:55.295+0000] {logging_mixin.py:190} INFO - [2025-04-08T00:57:55.295+0000] {dag.py:3239} INFO - Sync 1 DAGs
[2025-04-08T00:57:55.365+0000] {logging_mixin.py:190} INFO - [2025-04-08T00:57:55.365+0000] {dag.py:4180} INFO - Setting next_dagrun for latest_only to 2025-04-07 20:00:00+00:00, run_after=2025-04-08 00:00:00+00:00
[2025-04-08T00:57:55.433+0000] {processor.py:208} INFO - Processing /home/airflow/.local/lib/python3.12/site-packages/airflow/example_dags/example_latest_only.py took 0.261 seconds
[2025-04-08T01:23:38.120+0000] {processor.py:186} INFO - Started process (PID=7665) to work on /home/airflow/.local/lib/python3.12/site-packages/airflow/example_dags/example_latest_only.py
[2025-04-08T01:23:38.128+0000] {processor.py:914} INFO - Processing file /home/airflow/.local/lib/python3.12/site-packages/airflow/example_dags/example_latest_only.py for tasks to queue
[2025-04-08T01:23:38.134+0000] {logging_mixin.py:190} INFO - [2025-04-08T01:23:38.133+0000] {dagbag.py:588} INFO - Filling up the DagBag from /home/airflow/.local/lib/python3.12/site-packages/airflow/example_dags/example_latest_only.py
[2025-04-08T01:23:38.174+0000] {processor.py:925} INFO - DAG(s) 'latest_only' retrieved from /home/airflow/.local/lib/python3.12/site-packages/airflow/example_dags/example_latest_only.py
[2025-04-08T01:23:38.271+0000] {logging_mixin.py:190} INFO - [2025-04-08T01:23:38.270+0000] {dag.py:3239} INFO - Sync 1 DAGs
[2025-04-08T01:23:38.416+0000] {logging_mixin.py:190} INFO - [2025-04-08T01:23:38.415+0000] {dag.py:4180} INFO - Setting next_dagrun for latest_only to 2025-04-07 20:00:00+00:00, run_after=2025-04-08 00:00:00+00:00
[2025-04-08T01:23:41.098+0000] {processor.py:208} INFO - Processing /home/airflow/.local/lib/python3.12/site-packages/airflow/example_dags/example_latest_only.py took 3.004 seconds
[2025-04-08T01:24:11.742+0000] {processor.py:186} INFO - Started process (PID=7728) to work on /home/airflow/.local/lib/python3.12/site-packages/airflow/example_dags/example_latest_only.py
[2025-04-08T01:24:11.745+0000] {processor.py:914} INFO - Processing file /home/airflow/.local/lib/python3.12/site-packages/airflow/example_dags/example_latest_only.py for tasks to queue
[2025-04-08T01:24:11.747+0000] {logging_mixin.py:190} INFO - [2025-04-08T01:24:11.747+0000] {dagbag.py:588} INFO - Filling up the DagBag from /home/airflow/.local/lib/python3.12/site-packages/airflow/example_dags/example_latest_only.py
[2025-04-08T01:24:11.760+0000] {processor.py:925} INFO - DAG(s) 'latest_only' retrieved from /home/airflow/.local/lib/python3.12/site-packages/airflow/example_dags/example_latest_only.py
[2025-04-08T01:24:11.795+0000] {logging_mixin.py:190} INFO - [2025-04-08T01:24:11.795+0000] {dag.py:3239} INFO - Sync 1 DAGs
[2025-04-08T01:24:11.824+0000] {logging_mixin.py:190} INFO - [2025-04-08T01:24:11.824+0000] {dag.py:4180} INFO - Setting next_dagrun for latest_only to 2025-04-07 20:00:00+00:00, run_after=2025-04-08 00:00:00+00:00
[2025-04-08T01:24:11.849+0000] {processor.py:208} INFO - Processing /home/airflow/.local/lib/python3.12/site-packages/airflow/example_dags/example_latest_only.py took 0.116 seconds
[2025-04-08T01:24:42.728+0000] {processor.py:186} INFO - Started process (PID=7791) to work on /home/airflow/.local/lib/python3.12/site-packages/airflow/example_dags/example_latest_only.py
[2025-04-08T01:24:42.730+0000] {processor.py:914} INFO - Processing file /home/airflow/.local/lib/python3.12/site-packages/airflow/example_dags/example_latest_only.py for tasks to queue
[2025-04-08T01:24:42.733+0000] {logging_mixin.py:190} INFO - [2025-04-08T01:24:42.732+0000] {dagbag.py:588} INFO - Filling up the DagBag from /home/airflow/.local/lib/python3.12/site-packages/airflow/example_dags/example_latest_only.py
[2025-04-08T01:24:42.752+0000] {processor.py:925} INFO - DAG(s) 'latest_only' retrieved from /home/airflow/.local/lib/python3.12/site-packages/airflow/example_dags/example_latest_only.py
[2025-04-08T01:24:42.799+0000] {logging_mixin.py:190} INFO - [2025-04-08T01:24:42.799+0000] {dag.py:3239} INFO - Sync 1 DAGs
[2025-04-08T01:24:42.848+0000] {logging_mixin.py:190} INFO - [2025-04-08T01:24:42.848+0000] {dag.py:4180} INFO - Setting next_dagrun for latest_only to 2025-04-07 20:00:00+00:00, run_after=2025-04-08 00:00:00+00:00
[2025-04-08T01:24:42.893+0000] {processor.py:208} INFO - Processing /home/airflow/.local/lib/python3.12/site-packages/airflow/example_dags/example_latest_only.py took 0.179 seconds
[2025-04-08T01:25:13.210+0000] {processor.py:186} INFO - Started process (PID=7854) to work on /home/airflow/.local/lib/python3.12/site-packages/airflow/example_dags/example_latest_only.py
[2025-04-08T01:25:13.212+0000] {processor.py:914} INFO - Processing file /home/airflow/.local/lib/python3.12/site-packages/airflow/example_dags/example_latest_only.py for tasks to queue
[2025-04-08T01:25:13.215+0000] {logging_mixin.py:190} INFO - [2025-04-08T01:25:13.215+0000] {dagbag.py:588} INFO - Filling up the DagBag from /home/airflow/.local/lib/python3.12/site-packages/airflow/example_dags/example_latest_only.py
[2025-04-08T01:25:13.235+0000] {processor.py:925} INFO - DAG(s) 'latest_only' retrieved from /home/airflow/.local/lib/python3.12/site-packages/airflow/example_dags/example_latest_only.py
[2025-04-08T01:25:13.280+0000] {logging_mixin.py:190} INFO - [2025-04-08T01:25:13.280+0000] {dag.py:3239} INFO - Sync 1 DAGs
[2025-04-08T01:25:13.315+0000] {logging_mixin.py:190} INFO - [2025-04-08T01:25:13.315+0000] {dag.py:4180} INFO - Setting next_dagrun for latest_only to 2025-04-07 20:00:00+00:00, run_after=2025-04-08 00:00:00+00:00
[2025-04-08T01:25:13.356+0000] {processor.py:208} INFO - Processing /home/airflow/.local/lib/python3.12/site-packages/airflow/example_dags/example_latest_only.py took 0.153 seconds
[2025-04-08T01:25:44.137+0000] {processor.py:186} INFO - Started process (PID=7917) to work on /home/airflow/.local/lib/python3.12/site-packages/airflow/example_dags/example_latest_only.py
[2025-04-08T01:25:44.139+0000] {processor.py:914} INFO - Processing file /home/airflow/.local/lib/python3.12/site-packages/airflow/example_dags/example_latest_only.py for tasks to queue
[2025-04-08T01:25:44.141+0000] {logging_mixin.py:190} INFO - [2025-04-08T01:25:44.141+0000] {dagbag.py:588} INFO - Filling up the DagBag from /home/airflow/.local/lib/python3.12/site-packages/airflow/example_dags/example_latest_only.py
[2025-04-08T01:25:44.152+0000] {processor.py:925} INFO - DAG(s) 'latest_only' retrieved from /home/airflow/.local/lib/python3.12/site-packages/airflow/example_dags/example_latest_only.py
[2025-04-08T01:25:44.184+0000] {logging_mixin.py:190} INFO - [2025-04-08T01:25:44.183+0000] {dag.py:3239} INFO - Sync 1 DAGs
[2025-04-08T01:25:44.215+0000] {logging_mixin.py:190} INFO - [2025-04-08T01:25:44.215+0000] {dag.py:4180} INFO - Setting next_dagrun for latest_only to 2025-04-07 20:00:00+00:00, run_after=2025-04-08 00:00:00+00:00
[2025-04-08T01:25:44.254+0000] {processor.py:208} INFO - Processing /home/airflow/.local/lib/python3.12/site-packages/airflow/example_dags/example_latest_only.py took 0.124 seconds
[2025-04-08T01:26:14.394+0000] {processor.py:186} INFO - Started process (PID=7980) to work on /home/airflow/.local/lib/python3.12/site-packages/airflow/example_dags/example_latest_only.py
[2025-04-08T01:26:14.396+0000] {processor.py:914} INFO - Processing file /home/airflow/.local/lib/python3.12/site-packages/airflow/example_dags/example_latest_only.py for tasks to queue
[2025-04-08T01:26:14.399+0000] {logging_mixin.py:190} INFO - [2025-04-08T01:26:14.398+0000] {dagbag.py:588} INFO - Filling up the DagBag from /home/airflow/.local/lib/python3.12/site-packages/airflow/example_dags/example_latest_only.py
[2025-04-08T01:26:14.413+0000] {processor.py:925} INFO - DAG(s) 'latest_only' retrieved from /home/airflow/.local/lib/python3.12/site-packages/airflow/example_dags/example_latest_only.py
[2025-04-08T01:26:14.441+0000] {logging_mixin.py:190} INFO - [2025-04-08T01:26:14.441+0000] {dag.py:3239} INFO - Sync 1 DAGs
[2025-04-08T01:26:14.483+0000] {logging_mixin.py:190} INFO - [2025-04-08T01:26:14.482+0000] {dag.py:4180} INFO - Setting next_dagrun for latest_only to 2025-04-07 20:00:00+00:00, run_after=2025-04-08 00:00:00+00:00
[2025-04-08T01:26:14.515+0000] {processor.py:208} INFO - Processing /home/airflow/.local/lib/python3.12/site-packages/airflow/example_dags/example_latest_only.py took 0.129 seconds
[2025-04-08T01:26:44.968+0000] {processor.py:186} INFO - Started process (PID=8042) to work on /home/airflow/.local/lib/python3.12/site-packages/airflow/example_dags/example_latest_only.py
[2025-04-08T01:26:44.969+0000] {processor.py:914} INFO - Processing file /home/airflow/.local/lib/python3.12/site-packages/airflow/example_dags/example_latest_only.py for tasks to queue
[2025-04-08T01:26:44.972+0000] {logging_mixin.py:190} INFO - [2025-04-08T01:26:44.972+0000] {dagbag.py:588} INFO - Filling up the DagBag from /home/airflow/.local/lib/python3.12/site-packages/airflow/example_dags/example_latest_only.py
[2025-04-08T01:26:44.983+0000] {processor.py:925} INFO - DAG(s) 'latest_only' retrieved from /home/airflow/.local/lib/python3.12/site-packages/airflow/example_dags/example_latest_only.py
[2025-04-08T01:26:45.009+0000] {logging_mixin.py:190} INFO - [2025-04-08T01:26:45.009+0000] {dag.py:3239} INFO - Sync 1 DAGs
[2025-04-08T01:26:45.039+0000] {logging_mixin.py:190} INFO - [2025-04-08T01:26:45.039+0000] {dag.py:4180} INFO - Setting next_dagrun for latest_only to 2025-04-07 20:00:00+00:00, run_after=2025-04-08 00:00:00+00:00
[2025-04-08T01:26:45.066+0000] {processor.py:208} INFO - Processing /home/airflow/.local/lib/python3.12/site-packages/airflow/example_dags/example_latest_only.py took 0.106 seconds
[2025-04-08T01:27:16.150+0000] {processor.py:186} INFO - Started process (PID=8105) to work on /home/airflow/.local/lib/python3.12/site-packages/airflow/example_dags/example_latest_only.py
[2025-04-08T01:27:16.155+0000] {processor.py:914} INFO - Processing file /home/airflow/.local/lib/python3.12/site-packages/airflow/example_dags/example_latest_only.py for tasks to queue
[2025-04-08T01:27:16.158+0000] {logging_mixin.py:190} INFO - [2025-04-08T01:27:16.158+0000] {dagbag.py:588} INFO - Filling up the DagBag from /home/airflow/.local/lib/python3.12/site-packages/airflow/example_dags/example_latest_only.py
[2025-04-08T01:27:16.169+0000] {processor.py:925} INFO - DAG(s) 'latest_only' retrieved from /home/airflow/.local/lib/python3.12/site-packages/airflow/example_dags/example_latest_only.py
[2025-04-08T01:27:16.229+0000] {logging_mixin.py:190} INFO - [2025-04-08T01:27:16.228+0000] {dag.py:3239} INFO - Sync 1 DAGs
[2025-04-08T01:27:16.305+0000] {logging_mixin.py:190} INFO - [2025-04-08T01:27:16.304+0000] {dag.py:4180} INFO - Setting next_dagrun for latest_only to 2025-04-07 20:00:00+00:00, run_after=2025-04-08 00:00:00+00:00
[2025-04-08T01:27:16.364+0000] {processor.py:208} INFO - Processing /home/airflow/.local/lib/python3.12/site-packages/airflow/example_dags/example_latest_only.py took 0.221 seconds
[2025-04-08T01:27:47.282+0000] {processor.py:186} INFO - Started process (PID=8168) to work on /home/airflow/.local/lib/python3.12/site-packages/airflow/example_dags/example_latest_only.py
[2025-04-08T01:27:47.284+0000] {processor.py:914} INFO - Processing file /home/airflow/.local/lib/python3.12/site-packages/airflow/example_dags/example_latest_only.py for tasks to queue
[2025-04-08T01:27:47.286+0000] {logging_mixin.py:190} INFO - [2025-04-08T01:27:47.285+0000] {dagbag.py:588} INFO - Filling up the DagBag from /home/airflow/.local/lib/python3.12/site-packages/airflow/example_dags/example_latest_only.py
[2025-04-08T01:27:47.304+0000] {processor.py:925} INFO - DAG(s) 'latest_only' retrieved from /home/airflow/.local/lib/python3.12/site-packages/airflow/example_dags/example_latest_only.py
[2025-04-08T01:27:47.349+0000] {logging_mixin.py:190} INFO - [2025-04-08T01:27:47.349+0000] {dag.py:3239} INFO - Sync 1 DAGs
[2025-04-08T01:27:47.395+0000] {logging_mixin.py:190} INFO - [2025-04-08T01:27:47.394+0000] {dag.py:4180} INFO - Setting next_dagrun for latest_only to 2025-04-07 20:00:00+00:00, run_after=2025-04-08 00:00:00+00:00
[2025-04-08T01:27:47.435+0000] {processor.py:208} INFO - Processing /home/airflow/.local/lib/python3.12/site-packages/airflow/example_dags/example_latest_only.py took 0.164 seconds
[2025-04-08T01:28:18.420+0000] {processor.py:186} INFO - Started process (PID=8232) to work on /home/airflow/.local/lib/python3.12/site-packages/airflow/example_dags/example_latest_only.py
[2025-04-08T01:28:18.422+0000] {processor.py:914} INFO - Processing file /home/airflow/.local/lib/python3.12/site-packages/airflow/example_dags/example_latest_only.py for tasks to queue
[2025-04-08T01:28:18.425+0000] {logging_mixin.py:190} INFO - [2025-04-08T01:28:18.424+0000] {dagbag.py:588} INFO - Filling up the DagBag from /home/airflow/.local/lib/python3.12/site-packages/airflow/example_dags/example_latest_only.py
[2025-04-08T01:28:18.437+0000] {processor.py:925} INFO - DAG(s) 'latest_only' retrieved from /home/airflow/.local/lib/python3.12/site-packages/airflow/example_dags/example_latest_only.py
[2025-04-08T01:28:18.465+0000] {logging_mixin.py:190} INFO - [2025-04-08T01:28:18.465+0000] {dag.py:3239} INFO - Sync 1 DAGs
[2025-04-08T01:28:18.496+0000] {logging_mixin.py:190} INFO - [2025-04-08T01:28:18.495+0000] {dag.py:4180} INFO - Setting next_dagrun for latest_only to 2025-04-07 20:00:00+00:00, run_after=2025-04-08 00:00:00+00:00
[2025-04-08T01:28:18.523+0000] {processor.py:208} INFO - Processing /home/airflow/.local/lib/python3.12/site-packages/airflow/example_dags/example_latest_only.py took 0.110 seconds
[2025-04-08T01:28:48.653+0000] {processor.py:186} INFO - Started process (PID=8293) to work on /home/airflow/.local/lib/python3.12/site-packages/airflow/example_dags/example_latest_only.py
[2025-04-08T01:28:48.655+0000] {processor.py:914} INFO - Processing file /home/airflow/.local/lib/python3.12/site-packages/airflow/example_dags/example_latest_only.py for tasks to queue
[2025-04-08T01:28:48.659+0000] {logging_mixin.py:190} INFO - [2025-04-08T01:28:48.658+0000] {dagbag.py:588} INFO - Filling up the DagBag from /home/airflow/.local/lib/python3.12/site-packages/airflow/example_dags/example_latest_only.py
[2025-04-08T01:28:48.673+0000] {processor.py:925} INFO - DAG(s) 'latest_only' retrieved from /home/airflow/.local/lib/python3.12/site-packages/airflow/example_dags/example_latest_only.py
[2025-04-08T01:28:48.727+0000] {logging_mixin.py:190} INFO - [2025-04-08T01:28:48.726+0000] {dag.py:3239} INFO - Sync 1 DAGs
[2025-04-08T01:28:48.785+0000] {logging_mixin.py:190} INFO - [2025-04-08T01:28:48.784+0000] {dag.py:4180} INFO - Setting next_dagrun for latest_only to 2025-04-07 20:00:00+00:00, run_after=2025-04-08 00:00:00+00:00
[2025-04-08T01:28:48.838+0000] {processor.py:208} INFO - Processing /home/airflow/.local/lib/python3.12/site-packages/airflow/example_dags/example_latest_only.py took 0.197 seconds
[2025-04-08T01:29:19.284+0000] {processor.py:186} INFO - Started process (PID=8355) to work on /home/airflow/.local/lib/python3.12/site-packages/airflow/example_dags/example_latest_only.py
[2025-04-08T01:29:19.286+0000] {processor.py:914} INFO - Processing file /home/airflow/.local/lib/python3.12/site-packages/airflow/example_dags/example_latest_only.py for tasks to queue
[2025-04-08T01:29:19.287+0000] {logging_mixin.py:190} INFO - [2025-04-08T01:29:19.287+0000] {dagbag.py:588} INFO - Filling up the DagBag from /home/airflow/.local/lib/python3.12/site-packages/airflow/example_dags/example_latest_only.py
[2025-04-08T01:29:19.303+0000] {processor.py:925} INFO - DAG(s) 'latest_only' retrieved from /home/airflow/.local/lib/python3.12/site-packages/airflow/example_dags/example_latest_only.py
[2025-04-08T01:29:19.337+0000] {logging_mixin.py:190} INFO - [2025-04-08T01:29:19.337+0000] {dag.py:3239} INFO - Sync 1 DAGs
[2025-04-08T01:29:19.365+0000] {logging_mixin.py:190} INFO - [2025-04-08T01:29:19.364+0000] {dag.py:4180} INFO - Setting next_dagrun for latest_only to 2025-04-07 20:00:00+00:00, run_after=2025-04-08 00:00:00+00:00
[2025-04-08T01:29:19.396+0000] {processor.py:208} INFO - Processing /home/airflow/.local/lib/python3.12/site-packages/airflow/example_dags/example_latest_only.py took 0.117 seconds
[2025-04-08T01:29:49.852+0000] {processor.py:186} INFO - Started process (PID=8418) to work on /home/airflow/.local/lib/python3.12/site-packages/airflow/example_dags/example_latest_only.py
[2025-04-08T01:29:49.854+0000] {processor.py:914} INFO - Processing file /home/airflow/.local/lib/python3.12/site-packages/airflow/example_dags/example_latest_only.py for tasks to queue
[2025-04-08T01:29:49.858+0000] {logging_mixin.py:190} INFO - [2025-04-08T01:29:49.857+0000] {dagbag.py:588} INFO - Filling up the DagBag from /home/airflow/.local/lib/python3.12/site-packages/airflow/example_dags/example_latest_only.py
[2025-04-08T01:29:49.871+0000] {processor.py:925} INFO - DAG(s) 'latest_only' retrieved from /home/airflow/.local/lib/python3.12/site-packages/airflow/example_dags/example_latest_only.py
[2025-04-08T01:29:49.907+0000] {logging_mixin.py:190} INFO - [2025-04-08T01:29:49.907+0000] {dag.py:3239} INFO - Sync 1 DAGs
[2025-04-08T01:29:49.947+0000] {logging_mixin.py:190} INFO - [2025-04-08T01:29:49.946+0000] {dag.py:4180} INFO - Setting next_dagrun for latest_only to 2025-04-07 20:00:00+00:00, run_after=2025-04-08 00:00:00+00:00
[2025-04-08T01:29:49.986+0000] {processor.py:208} INFO - Processing /home/airflow/.local/lib/python3.12/site-packages/airflow/example_dags/example_latest_only.py took 0.145 seconds
[2025-04-08T01:30:20.527+0000] {processor.py:186} INFO - Started process (PID=8481) to work on /home/airflow/.local/lib/python3.12/site-packages/airflow/example_dags/example_latest_only.py
[2025-04-08T01:30:20.530+0000] {processor.py:914} INFO - Processing file /home/airflow/.local/lib/python3.12/site-packages/airflow/example_dags/example_latest_only.py for tasks to queue
[2025-04-08T01:30:20.534+0000] {logging_mixin.py:190} INFO - [2025-04-08T01:30:20.533+0000] {dagbag.py:588} INFO - Filling up the DagBag from /home/airflow/.local/lib/python3.12/site-packages/airflow/example_dags/example_latest_only.py
[2025-04-08T01:30:20.549+0000] {processor.py:925} INFO - DAG(s) 'latest_only' retrieved from /home/airflow/.local/lib/python3.12/site-packages/airflow/example_dags/example_latest_only.py
[2025-04-08T01:30:20.592+0000] {logging_mixin.py:190} INFO - [2025-04-08T01:30:20.592+0000] {dag.py:3239} INFO - Sync 1 DAGs
[2025-04-08T01:30:20.647+0000] {logging_mixin.py:190} INFO - [2025-04-08T01:30:20.646+0000] {dag.py:4180} INFO - Setting next_dagrun for latest_only to 2025-04-07 20:00:00+00:00, run_after=2025-04-08 00:00:00+00:00
[2025-04-08T01:30:20.701+0000] {processor.py:208} INFO - Processing /home/airflow/.local/lib/python3.12/site-packages/airflow/example_dags/example_latest_only.py took 0.185 seconds
[2025-04-08T01:30:50.798+0000] {processor.py:186} INFO - Started process (PID=8543) to work on /home/airflow/.local/lib/python3.12/site-packages/airflow/example_dags/example_latest_only.py
[2025-04-08T01:30:50.800+0000] {processor.py:914} INFO - Processing file /home/airflow/.local/lib/python3.12/site-packages/airflow/example_dags/example_latest_only.py for tasks to queue
[2025-04-08T01:30:50.801+0000] {logging_mixin.py:190} INFO - [2025-04-08T01:30:50.801+0000] {dagbag.py:588} INFO - Filling up the DagBag from /home/airflow/.local/lib/python3.12/site-packages/airflow/example_dags/example_latest_only.py
[2025-04-08T01:30:50.810+0000] {processor.py:925} INFO - DAG(s) 'latest_only' retrieved from /home/airflow/.local/lib/python3.12/site-packages/airflow/example_dags/example_latest_only.py
[2025-04-08T01:30:50.841+0000] {logging_mixin.py:190} INFO - [2025-04-08T01:30:50.840+0000] {dag.py:3239} INFO - Sync 1 DAGs
[2025-04-08T01:30:50.869+0000] {logging_mixin.py:190} INFO - [2025-04-08T01:30:50.869+0000] {dag.py:4180} INFO - Setting next_dagrun for latest_only to 2025-04-07 20:00:00+00:00, run_after=2025-04-08 00:00:00+00:00
[2025-04-08T01:30:50.902+0000] {processor.py:208} INFO - Processing /home/airflow/.local/lib/python3.12/site-packages/airflow/example_dags/example_latest_only.py took 0.111 seconds
[2025-04-08T01:31:21.109+0000] {processor.py:186} INFO - Started process (PID=8606) to work on /home/airflow/.local/lib/python3.12/site-packages/airflow/example_dags/example_latest_only.py
[2025-04-08T01:31:21.111+0000] {processor.py:914} INFO - Processing file /home/airflow/.local/lib/python3.12/site-packages/airflow/example_dags/example_latest_only.py for tasks to queue
[2025-04-08T01:31:21.113+0000] {logging_mixin.py:190} INFO - [2025-04-08T01:31:21.112+0000] {dagbag.py:588} INFO - Filling up the DagBag from /home/airflow/.local/lib/python3.12/site-packages/airflow/example_dags/example_latest_only.py
[2025-04-08T01:31:21.123+0000] {processor.py:925} INFO - DAG(s) 'latest_only' retrieved from /home/airflow/.local/lib/python3.12/site-packages/airflow/example_dags/example_latest_only.py
[2025-04-08T01:31:21.149+0000] {logging_mixin.py:190} INFO - [2025-04-08T01:31:21.149+0000] {dag.py:3239} INFO - Sync 1 DAGs
[2025-04-08T01:31:21.177+0000] {logging_mixin.py:190} INFO - [2025-04-08T01:31:21.177+0000] {dag.py:4180} INFO - Setting next_dagrun for latest_only to 2025-04-07 20:00:00+00:00, run_after=2025-04-08 00:00:00+00:00
[2025-04-08T01:31:21.207+0000] {processor.py:208} INFO - Processing /home/airflow/.local/lib/python3.12/site-packages/airflow/example_dags/example_latest_only.py took 0.105 seconds
[2025-04-08T01:31:51.568+0000] {processor.py:186} INFO - Started process (PID=8669) to work on /home/airflow/.local/lib/python3.12/site-packages/airflow/example_dags/example_latest_only.py
[2025-04-08T01:31:51.569+0000] {processor.py:914} INFO - Processing file /home/airflow/.local/lib/python3.12/site-packages/airflow/example_dags/example_latest_only.py for tasks to queue
[2025-04-08T01:31:51.572+0000] {logging_mixin.py:190} INFO - [2025-04-08T01:31:51.571+0000] {dagbag.py:588} INFO - Filling up the DagBag from /home/airflow/.local/lib/python3.12/site-packages/airflow/example_dags/example_latest_only.py
[2025-04-08T01:31:51.585+0000] {processor.py:925} INFO - DAG(s) 'latest_only' retrieved from /home/airflow/.local/lib/python3.12/site-packages/airflow/example_dags/example_latest_only.py
[2025-04-08T01:31:51.620+0000] {logging_mixin.py:190} INFO - [2025-04-08T01:31:51.619+0000] {dag.py:3239} INFO - Sync 1 DAGs
[2025-04-08T01:31:51.653+0000] {logging_mixin.py:190} INFO - [2025-04-08T01:31:51.653+0000] {dag.py:4180} INFO - Setting next_dagrun for latest_only to 2025-04-07 20:00:00+00:00, run_after=2025-04-08 00:00:00+00:00
[2025-04-08T01:31:51.702+0000] {processor.py:208} INFO - Processing /home/airflow/.local/lib/python3.12/site-packages/airflow/example_dags/example_latest_only.py took 0.143 seconds
[2025-04-08T01:32:21.910+0000] {processor.py:186} INFO - Started process (PID=8732) to work on /home/airflow/.local/lib/python3.12/site-packages/airflow/example_dags/example_latest_only.py
[2025-04-08T01:32:21.912+0000] {processor.py:914} INFO - Processing file /home/airflow/.local/lib/python3.12/site-packages/airflow/example_dags/example_latest_only.py for tasks to queue
[2025-04-08T01:32:21.915+0000] {logging_mixin.py:190} INFO - [2025-04-08T01:32:21.914+0000] {dagbag.py:588} INFO - Filling up the DagBag from /home/airflow/.local/lib/python3.12/site-packages/airflow/example_dags/example_latest_only.py
[2025-04-08T01:32:21.924+0000] {processor.py:925} INFO - DAG(s) 'latest_only' retrieved from /home/airflow/.local/lib/python3.12/site-packages/airflow/example_dags/example_latest_only.py
[2025-04-08T01:32:21.957+0000] {logging_mixin.py:190} INFO - [2025-04-08T01:32:21.957+0000] {dag.py:3239} INFO - Sync 1 DAGs
[2025-04-08T01:32:21.990+0000] {logging_mixin.py:190} INFO - [2025-04-08T01:32:21.990+0000] {dag.py:4180} INFO - Setting next_dagrun for latest_only to 2025-04-07 20:00:00+00:00, run_after=2025-04-08 00:00:00+00:00
[2025-04-08T01:32:22.026+0000] {processor.py:208} INFO - Processing /home/airflow/.local/lib/python3.12/site-packages/airflow/example_dags/example_latest_only.py took 0.128 seconds
[2025-04-08T01:32:52.608+0000] {processor.py:186} INFO - Started process (PID=8794) to work on /home/airflow/.local/lib/python3.12/site-packages/airflow/example_dags/example_latest_only.py
[2025-04-08T01:32:52.610+0000] {processor.py:914} INFO - Processing file /home/airflow/.local/lib/python3.12/site-packages/airflow/example_dags/example_latest_only.py for tasks to queue
[2025-04-08T01:32:52.616+0000] {logging_mixin.py:190} INFO - [2025-04-08T01:32:52.615+0000] {dagbag.py:588} INFO - Filling up the DagBag from /home/airflow/.local/lib/python3.12/site-packages/airflow/example_dags/example_latest_only.py
[2025-04-08T01:32:52.627+0000] {processor.py:925} INFO - DAG(s) 'latest_only' retrieved from /home/airflow/.local/lib/python3.12/site-packages/airflow/example_dags/example_latest_only.py
[2025-04-08T01:32:52.682+0000] {logging_mixin.py:190} INFO - [2025-04-08T01:32:52.681+0000] {dag.py:3239} INFO - Sync 1 DAGs
[2025-04-08T01:32:52.724+0000] {logging_mixin.py:190} INFO - [2025-04-08T01:32:52.723+0000] {dag.py:4180} INFO - Setting next_dagrun for latest_only to 2025-04-07 20:00:00+00:00, run_after=2025-04-08 00:00:00+00:00
[2025-04-08T01:32:52.765+0000] {processor.py:208} INFO - Processing /home/airflow/.local/lib/python3.12/site-packages/airflow/example_dags/example_latest_only.py took 0.174 seconds
[2025-04-08T01:33:23.550+0000] {processor.py:186} INFO - Started process (PID=8857) to work on /home/airflow/.local/lib/python3.12/site-packages/airflow/example_dags/example_latest_only.py
[2025-04-08T01:33:23.552+0000] {processor.py:914} INFO - Processing file /home/airflow/.local/lib/python3.12/site-packages/airflow/example_dags/example_latest_only.py for tasks to queue
[2025-04-08T01:33:23.554+0000] {logging_mixin.py:190} INFO - [2025-04-08T01:33:23.553+0000] {dagbag.py:588} INFO - Filling up the DagBag from /home/airflow/.local/lib/python3.12/site-packages/airflow/example_dags/example_latest_only.py
[2025-04-08T01:33:23.565+0000] {processor.py:925} INFO - DAG(s) 'latest_only' retrieved from /home/airflow/.local/lib/python3.12/site-packages/airflow/example_dags/example_latest_only.py
[2025-04-08T01:33:23.596+0000] {logging_mixin.py:190} INFO - [2025-04-08T01:33:23.595+0000] {dag.py:3239} INFO - Sync 1 DAGs
[2025-04-08T01:33:23.623+0000] {logging_mixin.py:190} INFO - [2025-04-08T01:33:23.623+0000] {dag.py:4180} INFO - Setting next_dagrun for latest_only to 2025-04-07 20:00:00+00:00, run_after=2025-04-08 00:00:00+00:00
[2025-04-08T01:33:23.659+0000] {processor.py:208} INFO - Processing /home/airflow/.local/lib/python3.12/site-packages/airflow/example_dags/example_latest_only.py took 0.117 seconds
[2025-04-08T01:33:54.294+0000] {processor.py:186} INFO - Started process (PID=8920) to work on /home/airflow/.local/lib/python3.12/site-packages/airflow/example_dags/example_latest_only.py
[2025-04-08T01:33:54.297+0000] {processor.py:914} INFO - Processing file /home/airflow/.local/lib/python3.12/site-packages/airflow/example_dags/example_latest_only.py for tasks to queue
[2025-04-08T01:33:54.304+0000] {logging_mixin.py:190} INFO - [2025-04-08T01:33:54.302+0000] {dagbag.py:588} INFO - Filling up the DagBag from /home/airflow/.local/lib/python3.12/site-packages/airflow/example_dags/example_latest_only.py
[2025-04-08T01:33:54.329+0000] {processor.py:925} INFO - DAG(s) 'latest_only' retrieved from /home/airflow/.local/lib/python3.12/site-packages/airflow/example_dags/example_latest_only.py
[2025-04-08T01:33:54.396+0000] {logging_mixin.py:190} INFO - [2025-04-08T01:33:54.396+0000] {dag.py:3239} INFO - Sync 1 DAGs
[2025-04-08T01:33:54.439+0000] {logging_mixin.py:190} INFO - [2025-04-08T01:33:54.438+0000] {dag.py:4180} INFO - Setting next_dagrun for latest_only to 2025-04-07 20:00:00+00:00, run_after=2025-04-08 00:00:00+00:00
[2025-04-08T01:33:54.473+0000] {processor.py:208} INFO - Processing /home/airflow/.local/lib/python3.12/site-packages/airflow/example_dags/example_latest_only.py took 0.201 seconds
[2025-04-08T01:34:25.242+0000] {processor.py:186} INFO - Started process (PID=8984) to work on /home/airflow/.local/lib/python3.12/site-packages/airflow/example_dags/example_latest_only.py
[2025-04-08T01:34:25.245+0000] {processor.py:914} INFO - Processing file /home/airflow/.local/lib/python3.12/site-packages/airflow/example_dags/example_latest_only.py for tasks to queue
[2025-04-08T01:34:25.248+0000] {logging_mixin.py:190} INFO - [2025-04-08T01:34:25.248+0000] {dagbag.py:588} INFO - Filling up the DagBag from /home/airflow/.local/lib/python3.12/site-packages/airflow/example_dags/example_latest_only.py
[2025-04-08T01:34:25.259+0000] {processor.py:925} INFO - DAG(s) 'latest_only' retrieved from /home/airflow/.local/lib/python3.12/site-packages/airflow/example_dags/example_latest_only.py
[2025-04-08T01:34:25.292+0000] {logging_mixin.py:190} INFO - [2025-04-08T01:34:25.291+0000] {dag.py:3239} INFO - Sync 1 DAGs
[2025-04-08T01:34:25.335+0000] {logging_mixin.py:190} INFO - [2025-04-08T01:34:25.335+0000] {dag.py:4180} INFO - Setting next_dagrun for latest_only to 2025-04-07 20:00:00+00:00, run_after=2025-04-08 00:00:00+00:00
[2025-04-08T01:34:25.376+0000] {processor.py:208} INFO - Processing /home/airflow/.local/lib/python3.12/site-packages/airflow/example_dags/example_latest_only.py took 0.146 seconds
[2025-04-08T01:35:07.751+0000] {processor.py:186} INFO - Started process (PID=9052) to work on /home/airflow/.local/lib/python3.12/site-packages/airflow/example_dags/example_latest_only.py
[2025-04-08T01:35:07.756+0000] {processor.py:914} INFO - Processing file /home/airflow/.local/lib/python3.12/site-packages/airflow/example_dags/example_latest_only.py for tasks to queue
[2025-04-08T01:35:07.775+0000] {logging_mixin.py:190} INFO - [2025-04-08T01:35:07.772+0000] {dagbag.py:588} INFO - Filling up the DagBag from /home/airflow/.local/lib/python3.12/site-packages/airflow/example_dags/example_latest_only.py
[2025-04-08T01:35:07.832+0000] {processor.py:925} INFO - DAG(s) 'latest_only' retrieved from /home/airflow/.local/lib/python3.12/site-packages/airflow/example_dags/example_latest_only.py
[2025-04-08T01:35:07.974+0000] {logging_mixin.py:190} INFO - [2025-04-08T01:35:07.972+0000] {dag.py:3239} INFO - Sync 1 DAGs
[2025-04-08T01:35:08.110+0000] {logging_mixin.py:190} INFO - [2025-04-08T01:35:08.109+0000] {dag.py:4180} INFO - Setting next_dagrun for latest_only to 2025-04-07 20:00:00+00:00, run_after=2025-04-08 00:00:00+00:00
[2025-04-08T01:35:08.250+0000] {processor.py:208} INFO - Processing /home/airflow/.local/lib/python3.12/site-packages/airflow/example_dags/example_latest_only.py took 0.533 seconds
[2025-04-08T01:35:39.028+0000] {processor.py:186} INFO - Started process (PID=9122) to work on /home/airflow/.local/lib/python3.12/site-packages/airflow/example_dags/example_latest_only.py
[2025-04-08T01:35:39.039+0000] {processor.py:914} INFO - Processing file /home/airflow/.local/lib/python3.12/site-packages/airflow/example_dags/example_latest_only.py for tasks to queue
[2025-04-08T01:35:39.049+0000] {logging_mixin.py:190} INFO - [2025-04-08T01:35:39.046+0000] {dagbag.py:588} INFO - Filling up the DagBag from /home/airflow/.local/lib/python3.12/site-packages/airflow/example_dags/example_latest_only.py
[2025-04-08T01:35:39.118+0000] {processor.py:925} INFO - DAG(s) 'latest_only' retrieved from /home/airflow/.local/lib/python3.12/site-packages/airflow/example_dags/example_latest_only.py
[2025-04-08T01:35:39.233+0000] {logging_mixin.py:190} INFO - [2025-04-08T01:35:39.232+0000] {dag.py:3239} INFO - Sync 1 DAGs
[2025-04-08T01:35:39.382+0000] {logging_mixin.py:190} INFO - [2025-04-08T01:35:39.381+0000] {dag.py:4180} INFO - Setting next_dagrun for latest_only to 2025-04-07 20:00:00+00:00, run_after=2025-04-08 00:00:00+00:00
[2025-04-08T01:35:39.473+0000] {processor.py:208} INFO - Processing /home/airflow/.local/lib/python3.12/site-packages/airflow/example_dags/example_latest_only.py took 0.472 seconds
[2025-04-08T01:36:09.985+0000] {processor.py:186} INFO - Started process (PID=9185) to work on /home/airflow/.local/lib/python3.12/site-packages/airflow/example_dags/example_latest_only.py
[2025-04-08T01:36:09.987+0000] {processor.py:914} INFO - Processing file /home/airflow/.local/lib/python3.12/site-packages/airflow/example_dags/example_latest_only.py for tasks to queue
[2025-04-08T01:36:09.989+0000] {logging_mixin.py:190} INFO - [2025-04-08T01:36:09.989+0000] {dagbag.py:588} INFO - Filling up the DagBag from /home/airflow/.local/lib/python3.12/site-packages/airflow/example_dags/example_latest_only.py
[2025-04-08T01:36:10.001+0000] {processor.py:925} INFO - DAG(s) 'latest_only' retrieved from /home/airflow/.local/lib/python3.12/site-packages/airflow/example_dags/example_latest_only.py
[2025-04-08T01:36:10.038+0000] {logging_mixin.py:190} INFO - [2025-04-08T01:36:10.037+0000] {dag.py:3239} INFO - Sync 1 DAGs
[2025-04-08T01:36:10.098+0000] {logging_mixin.py:190} INFO - [2025-04-08T01:36:10.098+0000] {dag.py:4180} INFO - Setting next_dagrun for latest_only to 2025-04-07 20:00:00+00:00, run_after=2025-04-08 00:00:00+00:00
[2025-04-08T01:36:10.139+0000] {processor.py:208} INFO - Processing /home/airflow/.local/lib/python3.12/site-packages/airflow/example_dags/example_latest_only.py took 0.165 seconds
[2025-04-08T01:37:03.348+0000] {processor.py:186} INFO - Started process (PID=9262) to work on /home/airflow/.local/lib/python3.12/site-packages/airflow/example_dags/example_latest_only.py
[2025-04-08T01:37:03.353+0000] {processor.py:914} INFO - Processing file /home/airflow/.local/lib/python3.12/site-packages/airflow/example_dags/example_latest_only.py for tasks to queue
[2025-04-08T01:37:03.373+0000] {logging_mixin.py:190} INFO - [2025-04-08T01:37:03.371+0000] {dagbag.py:588} INFO - Filling up the DagBag from /home/airflow/.local/lib/python3.12/site-packages/airflow/example_dags/example_latest_only.py
[2025-04-08T01:37:03.429+0000] {processor.py:925} INFO - DAG(s) 'latest_only' retrieved from /home/airflow/.local/lib/python3.12/site-packages/airflow/example_dags/example_latest_only.py
[2025-04-08T01:37:03.580+0000] {logging_mixin.py:190} INFO - [2025-04-08T01:37:03.579+0000] {dag.py:3239} INFO - Sync 1 DAGs
[2025-04-08T01:37:03.753+0000] {logging_mixin.py:190} INFO - [2025-04-08T01:37:03.752+0000] {dag.py:4180} INFO - Setting next_dagrun for latest_only to 2025-04-07 20:00:00+00:00, run_after=2025-04-08 00:00:00+00:00
[2025-04-08T01:37:03.921+0000] {processor.py:208} INFO - Processing /home/airflow/.local/lib/python3.12/site-packages/airflow/example_dags/example_latest_only.py took 0.604 seconds
[2025-04-08T01:38:03.221+0000] {processor.py:186} INFO - Started process (PID=9343) to work on /home/airflow/.local/lib/python3.12/site-packages/airflow/example_dags/example_latest_only.py
[2025-04-08T01:38:03.228+0000] {processor.py:914} INFO - Processing file /home/airflow/.local/lib/python3.12/site-packages/airflow/example_dags/example_latest_only.py for tasks to queue
[2025-04-08T01:38:03.239+0000] {logging_mixin.py:190} INFO - [2025-04-08T01:38:03.237+0000] {dagbag.py:588} INFO - Filling up the DagBag from /home/airflow/.local/lib/python3.12/site-packages/airflow/example_dags/example_latest_only.py
[2025-04-08T01:38:03.287+0000] {processor.py:925} INFO - DAG(s) 'latest_only' retrieved from /home/airflow/.local/lib/python3.12/site-packages/airflow/example_dags/example_latest_only.py
[2025-04-08T01:38:03.414+0000] {logging_mixin.py:190} INFO - [2025-04-08T01:38:03.413+0000] {dag.py:3239} INFO - Sync 1 DAGs
[2025-04-08T01:38:03.530+0000] {logging_mixin.py:190} INFO - [2025-04-08T01:38:03.529+0000] {dag.py:4180} INFO - Setting next_dagrun for latest_only to 2025-04-07 20:00:00+00:00, run_after=2025-04-08 00:00:00+00:00
[2025-04-08T01:38:03.627+0000] {processor.py:208} INFO - Processing /home/airflow/.local/lib/python3.12/site-packages/airflow/example_dags/example_latest_only.py took 0.425 seconds
[2025-04-08T01:38:34.310+0000] {processor.py:186} INFO - Started process (PID=9405) to work on /home/airflow/.local/lib/python3.12/site-packages/airflow/example_dags/example_latest_only.py
[2025-04-08T01:38:34.314+0000] {processor.py:914} INFO - Processing file /home/airflow/.local/lib/python3.12/site-packages/airflow/example_dags/example_latest_only.py for tasks to queue
[2025-04-08T01:38:34.324+0000] {logging_mixin.py:190} INFO - [2025-04-08T01:38:34.321+0000] {dagbag.py:588} INFO - Filling up the DagBag from /home/airflow/.local/lib/python3.12/site-packages/airflow/example_dags/example_latest_only.py
[2025-04-08T01:38:34.365+0000] {processor.py:925} INFO - DAG(s) 'latest_only' retrieved from /home/airflow/.local/lib/python3.12/site-packages/airflow/example_dags/example_latest_only.py
[2025-04-08T01:38:34.478+0000] {logging_mixin.py:190} INFO - [2025-04-08T01:38:34.477+0000] {dag.py:3239} INFO - Sync 1 DAGs
[2025-04-08T01:38:34.623+0000] {logging_mixin.py:190} INFO - [2025-04-08T01:38:34.622+0000] {dag.py:4180} INFO - Setting next_dagrun for latest_only to 2025-04-07 20:00:00+00:00, run_after=2025-04-08 00:00:00+00:00
[2025-04-08T01:38:34.754+0000] {processor.py:208} INFO - Processing /home/airflow/.local/lib/python3.12/site-packages/airflow/example_dags/example_latest_only.py took 0.475 seconds
[2025-04-08T01:39:04.976+0000] {processor.py:186} INFO - Started process (PID=9468) to work on /home/airflow/.local/lib/python3.12/site-packages/airflow/example_dags/example_latest_only.py
[2025-04-08T01:39:04.979+0000] {processor.py:914} INFO - Processing file /home/airflow/.local/lib/python3.12/site-packages/airflow/example_dags/example_latest_only.py for tasks to queue
[2025-04-08T01:39:04.984+0000] {logging_mixin.py:190} INFO - [2025-04-08T01:39:04.983+0000] {dagbag.py:588} INFO - Filling up the DagBag from /home/airflow/.local/lib/python3.12/site-packages/airflow/example_dags/example_latest_only.py
[2025-04-08T01:39:04.998+0000] {processor.py:925} INFO - DAG(s) 'latest_only' retrieved from /home/airflow/.local/lib/python3.12/site-packages/airflow/example_dags/example_latest_only.py
[2025-04-08T01:39:05.052+0000] {logging_mixin.py:190} INFO - [2025-04-08T01:39:05.051+0000] {dag.py:3239} INFO - Sync 1 DAGs
[2025-04-08T01:39:05.091+0000] {logging_mixin.py:190} INFO - [2025-04-08T01:39:05.091+0000] {dag.py:4180} INFO - Setting next_dagrun for latest_only to 2025-04-07 20:00:00+00:00, run_after=2025-04-08 00:00:00+00:00
[2025-04-08T01:39:05.139+0000] {processor.py:208} INFO - Processing /home/airflow/.local/lib/python3.12/site-packages/airflow/example_dags/example_latest_only.py took 0.172 seconds
[2025-04-08T01:39:43.122+0000] {processor.py:186} INFO - Started process (PID=9537) to work on /home/airflow/.local/lib/python3.12/site-packages/airflow/example_dags/example_latest_only.py
[2025-04-08T01:39:43.141+0000] {processor.py:914} INFO - Processing file /home/airflow/.local/lib/python3.12/site-packages/airflow/example_dags/example_latest_only.py for tasks to queue
[2025-04-08T01:39:43.150+0000] {logging_mixin.py:190} INFO - [2025-04-08T01:39:43.148+0000] {dagbag.py:588} INFO - Filling up the DagBag from /home/airflow/.local/lib/python3.12/site-packages/airflow/example_dags/example_latest_only.py
[2025-04-08T01:39:43.273+0000] {processor.py:925} INFO - DAG(s) 'latest_only' retrieved from /home/airflow/.local/lib/python3.12/site-packages/airflow/example_dags/example_latest_only.py
[2025-04-08T01:39:43.509+0000] {logging_mixin.py:190} INFO - [2025-04-08T01:39:43.508+0000] {dag.py:3239} INFO - Sync 1 DAGs
[2025-04-08T01:39:43.840+0000] {logging_mixin.py:190} INFO - [2025-04-08T01:39:43.838+0000] {dag.py:4180} INFO - Setting next_dagrun for latest_only to 2025-04-07 20:00:00+00:00, run_after=2025-04-08 00:00:00+00:00
[2025-04-08T01:39:44.129+0000] {processor.py:208} INFO - Processing /home/airflow/.local/lib/python3.12/site-packages/airflow/example_dags/example_latest_only.py took 1.056 seconds
[2025-04-08T01:40:14.671+0000] {processor.py:186} INFO - Started process (PID=9600) to work on /home/airflow/.local/lib/python3.12/site-packages/airflow/example_dags/example_latest_only.py
[2025-04-08T01:40:14.674+0000] {processor.py:914} INFO - Processing file /home/airflow/.local/lib/python3.12/site-packages/airflow/example_dags/example_latest_only.py for tasks to queue
[2025-04-08T01:40:14.681+0000] {logging_mixin.py:190} INFO - [2025-04-08T01:40:14.679+0000] {dagbag.py:588} INFO - Filling up the DagBag from /home/airflow/.local/lib/python3.12/site-packages/airflow/example_dags/example_latest_only.py
[2025-04-08T01:40:14.703+0000] {processor.py:925} INFO - DAG(s) 'latest_only' retrieved from /home/airflow/.local/lib/python3.12/site-packages/airflow/example_dags/example_latest_only.py
[2025-04-08T01:40:14.765+0000] {logging_mixin.py:190} INFO - [2025-04-08T01:40:14.764+0000] {dag.py:3239} INFO - Sync 1 DAGs
[2025-04-08T01:40:14.896+0000] {logging_mixin.py:190} INFO - [2025-04-08T01:40:14.895+0000] {dag.py:4180} INFO - Setting next_dagrun for latest_only to 2025-04-07 20:00:00+00:00, run_after=2025-04-08 00:00:00+00:00
[2025-04-08T01:40:15.016+0000] {processor.py:208} INFO - Processing /home/airflow/.local/lib/python3.12/site-packages/airflow/example_dags/example_latest_only.py took 0.376 seconds
[2025-04-08T01:40:49.831+0000] {processor.py:186} INFO - Started process (PID=9666) to work on /home/airflow/.local/lib/python3.12/site-packages/airflow/example_dags/example_latest_only.py
[2025-04-08T01:40:49.838+0000] {processor.py:914} INFO - Processing file /home/airflow/.local/lib/python3.12/site-packages/airflow/example_dags/example_latest_only.py for tasks to queue
[2025-04-08T01:40:49.851+0000] {logging_mixin.py:190} INFO - [2025-04-08T01:40:49.848+0000] {dagbag.py:588} INFO - Filling up the DagBag from /home/airflow/.local/lib/python3.12/site-packages/airflow/example_dags/example_latest_only.py
[2025-04-08T01:40:49.883+0000] {processor.py:925} INFO - DAG(s) 'latest_only' retrieved from /home/airflow/.local/lib/python3.12/site-packages/airflow/example_dags/example_latest_only.py
[2025-04-08T01:40:50.067+0000] {logging_mixin.py:190} INFO - [2025-04-08T01:40:50.066+0000] {dag.py:3239} INFO - Sync 1 DAGs
[2025-04-08T01:40:50.254+0000] {logging_mixin.py:190} INFO - [2025-04-08T01:40:50.253+0000] {dag.py:4180} INFO - Setting next_dagrun for latest_only to 2025-04-07 20:00:00+00:00, run_after=2025-04-08 00:00:00+00:00
[2025-04-08T01:40:50.351+0000] {processor.py:208} INFO - Processing /home/airflow/.local/lib/python3.12/site-packages/airflow/example_dags/example_latest_only.py took 0.554 seconds
[2025-04-08T01:41:21.671+0000] {processor.py:186} INFO - Started process (PID=9729) to work on /home/airflow/.local/lib/python3.12/site-packages/airflow/example_dags/example_latest_only.py
[2025-04-08T01:41:21.676+0000] {processor.py:914} INFO - Processing file /home/airflow/.local/lib/python3.12/site-packages/airflow/example_dags/example_latest_only.py for tasks to queue
[2025-04-08T01:41:21.687+0000] {logging_mixin.py:190} INFO - [2025-04-08T01:41:21.684+0000] {dagbag.py:588} INFO - Filling up the DagBag from /home/airflow/.local/lib/python3.12/site-packages/airflow/example_dags/example_latest_only.py
[2025-04-08T01:41:21.727+0000] {processor.py:925} INFO - DAG(s) 'latest_only' retrieved from /home/airflow/.local/lib/python3.12/site-packages/airflow/example_dags/example_latest_only.py
[2025-04-08T01:41:21.816+0000] {logging_mixin.py:190} INFO - [2025-04-08T01:41:21.814+0000] {dag.py:3239} INFO - Sync 1 DAGs
[2025-04-08T01:41:21.939+0000] {logging_mixin.py:190} INFO - [2025-04-08T01:41:21.938+0000] {dag.py:4180} INFO - Setting next_dagrun for latest_only to 2025-04-07 20:00:00+00:00, run_after=2025-04-08 00:00:00+00:00
[2025-04-08T01:41:22.102+0000] {processor.py:208} INFO - Processing /home/airflow/.local/lib/python3.12/site-packages/airflow/example_dags/example_latest_only.py took 0.459 seconds
[2025-04-08T01:41:53.065+0000] {processor.py:186} INFO - Started process (PID=9794) to work on /home/airflow/.local/lib/python3.12/site-packages/airflow/example_dags/example_latest_only.py
[2025-04-08T01:41:53.066+0000] {processor.py:914} INFO - Processing file /home/airflow/.local/lib/python3.12/site-packages/airflow/example_dags/example_latest_only.py for tasks to queue
[2025-04-08T01:41:53.068+0000] {logging_mixin.py:190} INFO - [2025-04-08T01:41:53.068+0000] {dagbag.py:588} INFO - Filling up the DagBag from /home/airflow/.local/lib/python3.12/site-packages/airflow/example_dags/example_latest_only.py
[2025-04-08T01:41:53.078+0000] {processor.py:925} INFO - DAG(s) 'latest_only' retrieved from /home/airflow/.local/lib/python3.12/site-packages/airflow/example_dags/example_latest_only.py
[2025-04-08T01:41:53.103+0000] {logging_mixin.py:190} INFO - [2025-04-08T01:41:53.103+0000] {dag.py:3239} INFO - Sync 1 DAGs
[2025-04-08T01:41:53.133+0000] {logging_mixin.py:190} INFO - [2025-04-08T01:41:53.132+0000] {dag.py:4180} INFO - Setting next_dagrun for latest_only to 2025-04-07 20:00:00+00:00, run_after=2025-04-08 00:00:00+00:00
[2025-04-08T01:41:53.163+0000] {processor.py:208} INFO - Processing /home/airflow/.local/lib/python3.12/site-packages/airflow/example_dags/example_latest_only.py took 0.105 seconds
[2025-04-08T01:42:43.650+0000] {processor.py:186} INFO - Started process (PID=9871) to work on /home/airflow/.local/lib/python3.12/site-packages/airflow/example_dags/example_latest_only.py
[2025-04-08T01:42:43.659+0000] {processor.py:914} INFO - Processing file /home/airflow/.local/lib/python3.12/site-packages/airflow/example_dags/example_latest_only.py for tasks to queue
[2025-04-08T01:42:43.682+0000] {logging_mixin.py:190} INFO - [2025-04-08T01:42:43.668+0000] {dagbag.py:588} INFO - Filling up the DagBag from /home/airflow/.local/lib/python3.12/site-packages/airflow/example_dags/example_latest_only.py
[2025-04-08T01:42:43.786+0000] {processor.py:925} INFO - DAG(s) 'latest_only' retrieved from /home/airflow/.local/lib/python3.12/site-packages/airflow/example_dags/example_latest_only.py
[2025-04-08T01:42:44.115+0000] {logging_mixin.py:190} INFO - [2025-04-08T01:42:44.099+0000] {dag.py:3239} INFO - Sync 1 DAGs
[2025-04-08T01:42:44.372+0000] {logging_mixin.py:190} INFO - [2025-04-08T01:42:44.371+0000] {dag.py:4180} INFO - Setting next_dagrun for latest_only to 2025-04-07 20:00:00+00:00, run_after=2025-04-08 00:00:00+00:00
[2025-04-08T01:42:44.558+0000] {processor.py:208} INFO - Processing /home/airflow/.local/lib/python3.12/site-packages/airflow/example_dags/example_latest_only.py took 0.999 seconds
