[2025-04-08T00:26:33.585+0000] {processor.py:186} INFO - Started process (PID=5835) to work on /home/airflow/.local/lib/python3.12/site-packages/airflow/example_dags/example_time_delta_sensor_async.py
[2025-04-08T00:26:33.587+0000] {processor.py:914} INFO - Processing file /home/airflow/.local/lib/python3.12/site-packages/airflow/example_dags/example_time_delta_sensor_async.py for tasks to queue
[2025-04-08T00:26:33.594+0000] {logging_mixin.py:190} INFO - [2025-04-08T00:26:33.592+0000] {dagbag.py:588} INFO - Filling up the DagBag from /home/airflow/.local/lib/python3.12/site-packages/airflow/example_dags/example_time_delta_sensor_async.py
[2025-04-08T00:26:33.618+0000] {processor.py:925} INFO - DAG(s) 'example_time_delta_sensor_async' retrieved from /home/airflow/.local/lib/python3.12/site-packages/airflow/example_dags/example_time_delta_sensor_async.py
[2025-04-08T00:26:33.662+0000] {logging_mixin.py:190} INFO - [2025-04-08T00:26:33.662+0000] {dag.py:3239} INFO - Sync 1 DAGs
[2025-04-08T00:26:33.706+0000] {logging_mixin.py:190} INFO - [2025-04-08T00:26:33.705+0000] {dag.py:4180} INFO - Setting next_dagrun for example_time_delta_sensor_async to None, run_after=None
[2025-04-08T00:26:33.784+0000] {processor.py:208} INFO - Processing /home/airflow/.local/lib/python3.12/site-packages/airflow/example_dags/example_time_delta_sensor_async.py took 0.218 seconds
[2025-04-08T00:43:41.329+0000] {processor.py:186} INFO - Started process (PID=5860) to work on /home/airflow/.local/lib/python3.12/site-packages/airflow/example_dags/example_time_delta_sensor_async.py
[2025-04-08T00:43:41.331+0000] {processor.py:914} INFO - Processing file /home/airflow/.local/lib/python3.12/site-packages/airflow/example_dags/example_time_delta_sensor_async.py for tasks to queue
[2025-04-08T00:43:41.334+0000] {logging_mixin.py:190} INFO - [2025-04-08T00:43:41.333+0000] {dagbag.py:588} INFO - Filling up the DagBag from /home/airflow/.local/lib/python3.12/site-packages/airflow/example_dags/example_time_delta_sensor_async.py
[2025-04-08T00:43:41.349+0000] {processor.py:925} INFO - DAG(s) 'example_time_delta_sensor_async' retrieved from /home/airflow/.local/lib/python3.12/site-packages/airflow/example_dags/example_time_delta_sensor_async.py
[2025-04-08T00:43:41.399+0000] {logging_mixin.py:190} INFO - [2025-04-08T00:43:41.398+0000] {dag.py:3239} INFO - Sync 1 DAGs
[2025-04-08T00:43:41.435+0000] {logging_mixin.py:190} INFO - [2025-04-08T00:43:41.435+0000] {dag.py:4180} INFO - Setting next_dagrun for example_time_delta_sensor_async to None, run_after=None
[2025-04-08T00:43:41.512+0000] {processor.py:208} INFO - Processing /home/airflow/.local/lib/python3.12/site-packages/airflow/example_dags/example_time_delta_sensor_async.py took 0.194 seconds
[2025-04-08T00:44:15.161+0000] {processor.py:186} INFO - Started process (PID=5923) to work on /home/airflow/.local/lib/python3.12/site-packages/airflow/example_dags/example_time_delta_sensor_async.py
[2025-04-08T00:44:15.164+0000] {processor.py:914} INFO - Processing file /home/airflow/.local/lib/python3.12/site-packages/airflow/example_dags/example_time_delta_sensor_async.py for tasks to queue
[2025-04-08T00:44:15.170+0000] {logging_mixin.py:190} INFO - [2025-04-08T00:44:15.169+0000] {dagbag.py:588} INFO - Filling up the DagBag from /home/airflow/.local/lib/python3.12/site-packages/airflow/example_dags/example_time_delta_sensor_async.py
[2025-04-08T00:44:15.192+0000] {processor.py:925} INFO - DAG(s) 'example_time_delta_sensor_async' retrieved from /home/airflow/.local/lib/python3.12/site-packages/airflow/example_dags/example_time_delta_sensor_async.py
[2025-04-08T00:44:15.249+0000] {logging_mixin.py:190} INFO - [2025-04-08T00:44:15.248+0000] {dag.py:3239} INFO - Sync 1 DAGs
[2025-04-08T00:44:15.295+0000] {logging_mixin.py:190} INFO - [2025-04-08T00:44:15.295+0000] {dag.py:4180} INFO - Setting next_dagrun for example_time_delta_sensor_async to None, run_after=None
[2025-04-08T00:44:15.356+0000] {processor.py:208} INFO - Processing /home/airflow/.local/lib/python3.12/site-packages/airflow/example_dags/example_time_delta_sensor_async.py took 0.212 seconds
[2025-04-08T00:44:45.493+0000] {processor.py:186} INFO - Started process (PID=5986) to work on /home/airflow/.local/lib/python3.12/site-packages/airflow/example_dags/example_time_delta_sensor_async.py
[2025-04-08T00:44:45.494+0000] {processor.py:914} INFO - Processing file /home/airflow/.local/lib/python3.12/site-packages/airflow/example_dags/example_time_delta_sensor_async.py for tasks to queue
[2025-04-08T00:44:45.495+0000] {logging_mixin.py:190} INFO - [2025-04-08T00:44:45.495+0000] {dagbag.py:588} INFO - Filling up the DagBag from /home/airflow/.local/lib/python3.12/site-packages/airflow/example_dags/example_time_delta_sensor_async.py
[2025-04-08T00:44:45.501+0000] {processor.py:925} INFO - DAG(s) 'example_time_delta_sensor_async' retrieved from /home/airflow/.local/lib/python3.12/site-packages/airflow/example_dags/example_time_delta_sensor_async.py
[2025-04-08T00:44:45.517+0000] {logging_mixin.py:190} INFO - [2025-04-08T00:44:45.516+0000] {dag.py:3239} INFO - Sync 1 DAGs
[2025-04-08T00:44:45.530+0000] {logging_mixin.py:190} INFO - [2025-04-08T00:44:45.530+0000] {dag.py:4180} INFO - Setting next_dagrun for example_time_delta_sensor_async to None, run_after=None
[2025-04-08T00:44:45.561+0000] {processor.py:208} INFO - Processing /home/airflow/.local/lib/python3.12/site-packages/airflow/example_dags/example_time_delta_sensor_async.py took 0.075 seconds
[2025-04-08T00:45:15.800+0000] {processor.py:186} INFO - Started process (PID=6049) to work on /home/airflow/.local/lib/python3.12/site-packages/airflow/example_dags/example_time_delta_sensor_async.py
[2025-04-08T00:45:15.801+0000] {processor.py:914} INFO - Processing file /home/airflow/.local/lib/python3.12/site-packages/airflow/example_dags/example_time_delta_sensor_async.py for tasks to queue
[2025-04-08T00:45:15.803+0000] {logging_mixin.py:190} INFO - [2025-04-08T00:45:15.803+0000] {dagbag.py:588} INFO - Filling up the DagBag from /home/airflow/.local/lib/python3.12/site-packages/airflow/example_dags/example_time_delta_sensor_async.py
[2025-04-08T00:45:15.811+0000] {processor.py:925} INFO - DAG(s) 'example_time_delta_sensor_async' retrieved from /home/airflow/.local/lib/python3.12/site-packages/airflow/example_dags/example_time_delta_sensor_async.py
[2025-04-08T00:45:15.834+0000] {logging_mixin.py:190} INFO - [2025-04-08T00:45:15.834+0000] {dag.py:3239} INFO - Sync 1 DAGs
[2025-04-08T00:45:15.848+0000] {logging_mixin.py:190} INFO - [2025-04-08T00:45:15.848+0000] {dag.py:4180} INFO - Setting next_dagrun for example_time_delta_sensor_async to None, run_after=None
[2025-04-08T00:45:15.872+0000] {processor.py:208} INFO - Processing /home/airflow/.local/lib/python3.12/site-packages/airflow/example_dags/example_time_delta_sensor_async.py took 0.078 seconds
[2025-04-08T00:45:46.432+0000] {processor.py:186} INFO - Started process (PID=6112) to work on /home/airflow/.local/lib/python3.12/site-packages/airflow/example_dags/example_time_delta_sensor_async.py
[2025-04-08T00:45:46.434+0000] {processor.py:914} INFO - Processing file /home/airflow/.local/lib/python3.12/site-packages/airflow/example_dags/example_time_delta_sensor_async.py for tasks to queue
[2025-04-08T00:45:46.436+0000] {logging_mixin.py:190} INFO - [2025-04-08T00:45:46.435+0000] {dagbag.py:588} INFO - Filling up the DagBag from /home/airflow/.local/lib/python3.12/site-packages/airflow/example_dags/example_time_delta_sensor_async.py
[2025-04-08T00:45:46.452+0000] {processor.py:925} INFO - DAG(s) 'example_time_delta_sensor_async' retrieved from /home/airflow/.local/lib/python3.12/site-packages/airflow/example_dags/example_time_delta_sensor_async.py
[2025-04-08T00:45:46.484+0000] {logging_mixin.py:190} INFO - [2025-04-08T00:45:46.484+0000] {dag.py:3239} INFO - Sync 1 DAGs
[2025-04-08T00:45:46.501+0000] {logging_mixin.py:190} INFO - [2025-04-08T00:45:46.500+0000] {dag.py:4180} INFO - Setting next_dagrun for example_time_delta_sensor_async to None, run_after=None
[2025-04-08T00:45:46.528+0000] {processor.py:208} INFO - Processing /home/airflow/.local/lib/python3.12/site-packages/airflow/example_dags/example_time_delta_sensor_async.py took 0.101 seconds
[2025-04-08T00:46:16.675+0000] {processor.py:186} INFO - Started process (PID=6174) to work on /home/airflow/.local/lib/python3.12/site-packages/airflow/example_dags/example_time_delta_sensor_async.py
[2025-04-08T00:46:16.676+0000] {processor.py:914} INFO - Processing file /home/airflow/.local/lib/python3.12/site-packages/airflow/example_dags/example_time_delta_sensor_async.py for tasks to queue
[2025-04-08T00:46:16.678+0000] {logging_mixin.py:190} INFO - [2025-04-08T00:46:16.678+0000] {dagbag.py:588} INFO - Filling up the DagBag from /home/airflow/.local/lib/python3.12/site-packages/airflow/example_dags/example_time_delta_sensor_async.py
[2025-04-08T00:46:16.685+0000] {processor.py:925} INFO - DAG(s) 'example_time_delta_sensor_async' retrieved from /home/airflow/.local/lib/python3.12/site-packages/airflow/example_dags/example_time_delta_sensor_async.py
[2025-04-08T00:46:16.710+0000] {logging_mixin.py:190} INFO - [2025-04-08T00:46:16.709+0000] {dag.py:3239} INFO - Sync 1 DAGs
[2025-04-08T00:46:16.726+0000] {logging_mixin.py:190} INFO - [2025-04-08T00:46:16.726+0000] {dag.py:4180} INFO - Setting next_dagrun for example_time_delta_sensor_async to None, run_after=None
[2025-04-08T00:46:16.750+0000] {processor.py:208} INFO - Processing /home/airflow/.local/lib/python3.12/site-packages/airflow/example_dags/example_time_delta_sensor_async.py took 0.081 seconds
[2025-04-08T00:46:48.180+0000] {processor.py:186} INFO - Started process (PID=6237) to work on /home/airflow/.local/lib/python3.12/site-packages/airflow/example_dags/example_time_delta_sensor_async.py
[2025-04-08T00:46:48.183+0000] {processor.py:914} INFO - Processing file /home/airflow/.local/lib/python3.12/site-packages/airflow/example_dags/example_time_delta_sensor_async.py for tasks to queue
[2025-04-08T00:46:48.185+0000] {logging_mixin.py:190} INFO - [2025-04-08T00:46:48.185+0000] {dagbag.py:588} INFO - Filling up the DagBag from /home/airflow/.local/lib/python3.12/site-packages/airflow/example_dags/example_time_delta_sensor_async.py
[2025-04-08T00:46:48.196+0000] {processor.py:925} INFO - DAG(s) 'example_time_delta_sensor_async' retrieved from /home/airflow/.local/lib/python3.12/site-packages/airflow/example_dags/example_time_delta_sensor_async.py
[2025-04-08T00:46:48.225+0000] {logging_mixin.py:190} INFO - [2025-04-08T00:46:48.224+0000] {dag.py:3239} INFO - Sync 1 DAGs
[2025-04-08T00:46:48.248+0000] {logging_mixin.py:190} INFO - [2025-04-08T00:46:48.248+0000] {dag.py:4180} INFO - Setting next_dagrun for example_time_delta_sensor_async to None, run_after=None
[2025-04-08T00:46:48.276+0000] {processor.py:208} INFO - Processing /home/airflow/.local/lib/python3.12/site-packages/airflow/example_dags/example_time_delta_sensor_async.py took 0.102 seconds
[2025-04-08T00:47:18.694+0000] {processor.py:186} INFO - Started process (PID=6300) to work on /home/airflow/.local/lib/python3.12/site-packages/airflow/example_dags/example_time_delta_sensor_async.py
[2025-04-08T00:47:18.696+0000] {processor.py:914} INFO - Processing file /home/airflow/.local/lib/python3.12/site-packages/airflow/example_dags/example_time_delta_sensor_async.py for tasks to queue
[2025-04-08T00:47:18.697+0000] {logging_mixin.py:190} INFO - [2025-04-08T00:47:18.697+0000] {dagbag.py:588} INFO - Filling up the DagBag from /home/airflow/.local/lib/python3.12/site-packages/airflow/example_dags/example_time_delta_sensor_async.py
[2025-04-08T00:47:18.706+0000] {processor.py:925} INFO - DAG(s) 'example_time_delta_sensor_async' retrieved from /home/airflow/.local/lib/python3.12/site-packages/airflow/example_dags/example_time_delta_sensor_async.py
[2025-04-08T00:47:18.730+0000] {logging_mixin.py:190} INFO - [2025-04-08T00:47:18.729+0000] {dag.py:3239} INFO - Sync 1 DAGs
[2025-04-08T00:47:18.746+0000] {logging_mixin.py:190} INFO - [2025-04-08T00:47:18.746+0000] {dag.py:4180} INFO - Setting next_dagrun for example_time_delta_sensor_async to None, run_after=None
[2025-04-08T00:47:18.767+0000] {processor.py:208} INFO - Processing /home/airflow/.local/lib/python3.12/site-packages/airflow/example_dags/example_time_delta_sensor_async.py took 0.079 seconds
[2025-04-08T00:47:49.412+0000] {processor.py:186} INFO - Started process (PID=6360) to work on /home/airflow/.local/lib/python3.12/site-packages/airflow/example_dags/example_time_delta_sensor_async.py
[2025-04-08T00:47:49.413+0000] {processor.py:914} INFO - Processing file /home/airflow/.local/lib/python3.12/site-packages/airflow/example_dags/example_time_delta_sensor_async.py for tasks to queue
[2025-04-08T00:47:49.415+0000] {logging_mixin.py:190} INFO - [2025-04-08T00:47:49.415+0000] {dagbag.py:588} INFO - Filling up the DagBag from /home/airflow/.local/lib/python3.12/site-packages/airflow/example_dags/example_time_delta_sensor_async.py
[2025-04-08T00:47:49.424+0000] {processor.py:925} INFO - DAG(s) 'example_time_delta_sensor_async' retrieved from /home/airflow/.local/lib/python3.12/site-packages/airflow/example_dags/example_time_delta_sensor_async.py
[2025-04-08T00:47:49.453+0000] {logging_mixin.py:190} INFO - [2025-04-08T00:47:49.453+0000] {dag.py:3239} INFO - Sync 1 DAGs
[2025-04-08T00:47:49.473+0000] {logging_mixin.py:190} INFO - [2025-04-08T00:47:49.472+0000] {dag.py:4180} INFO - Setting next_dagrun for example_time_delta_sensor_async to None, run_after=None
[2025-04-08T00:47:49.501+0000] {processor.py:208} INFO - Processing /home/airflow/.local/lib/python3.12/site-packages/airflow/example_dags/example_time_delta_sensor_async.py took 0.095 seconds
[2025-04-08T00:48:19.907+0000] {processor.py:186} INFO - Started process (PID=6423) to work on /home/airflow/.local/lib/python3.12/site-packages/airflow/example_dags/example_time_delta_sensor_async.py
[2025-04-08T00:48:19.909+0000] {processor.py:914} INFO - Processing file /home/airflow/.local/lib/python3.12/site-packages/airflow/example_dags/example_time_delta_sensor_async.py for tasks to queue
[2025-04-08T00:48:19.911+0000] {logging_mixin.py:190} INFO - [2025-04-08T00:48:19.911+0000] {dagbag.py:588} INFO - Filling up the DagBag from /home/airflow/.local/lib/python3.12/site-packages/airflow/example_dags/example_time_delta_sensor_async.py
[2025-04-08T00:48:19.921+0000] {processor.py:925} INFO - DAG(s) 'example_time_delta_sensor_async' retrieved from /home/airflow/.local/lib/python3.12/site-packages/airflow/example_dags/example_time_delta_sensor_async.py
[2025-04-08T00:48:19.950+0000] {logging_mixin.py:190} INFO - [2025-04-08T00:48:19.950+0000] {dag.py:3239} INFO - Sync 1 DAGs
[2025-04-08T00:48:19.973+0000] {logging_mixin.py:190} INFO - [2025-04-08T00:48:19.973+0000] {dag.py:4180} INFO - Setting next_dagrun for example_time_delta_sensor_async to None, run_after=None
[2025-04-08T00:48:20.008+0000] {processor.py:208} INFO - Processing /home/airflow/.local/lib/python3.12/site-packages/airflow/example_dags/example_time_delta_sensor_async.py took 0.109 seconds
[2025-04-08T00:48:51.083+0000] {processor.py:186} INFO - Started process (PID=6485) to work on /home/airflow/.local/lib/python3.12/site-packages/airflow/example_dags/example_time_delta_sensor_async.py
[2025-04-08T00:48:51.085+0000] {processor.py:914} INFO - Processing file /home/airflow/.local/lib/python3.12/site-packages/airflow/example_dags/example_time_delta_sensor_async.py for tasks to queue
[2025-04-08T00:48:51.088+0000] {logging_mixin.py:190} INFO - [2025-04-08T00:48:51.087+0000] {dagbag.py:588} INFO - Filling up the DagBag from /home/airflow/.local/lib/python3.12/site-packages/airflow/example_dags/example_time_delta_sensor_async.py
[2025-04-08T00:48:51.106+0000] {processor.py:925} INFO - DAG(s) 'example_time_delta_sensor_async' retrieved from /home/airflow/.local/lib/python3.12/site-packages/airflow/example_dags/example_time_delta_sensor_async.py
[2025-04-08T00:48:51.161+0000] {logging_mixin.py:190} INFO - [2025-04-08T00:48:51.161+0000] {dag.py:3239} INFO - Sync 1 DAGs
[2025-04-08T00:48:51.195+0000] {logging_mixin.py:190} INFO - [2025-04-08T00:48:51.195+0000] {dag.py:4180} INFO - Setting next_dagrun for example_time_delta_sensor_async to None, run_after=None
[2025-04-08T00:48:51.241+0000] {processor.py:208} INFO - Processing /home/airflow/.local/lib/python3.12/site-packages/airflow/example_dags/example_time_delta_sensor_async.py took 0.170 seconds
[2025-04-08T00:49:21.676+0000] {processor.py:186} INFO - Started process (PID=6547) to work on /home/airflow/.local/lib/python3.12/site-packages/airflow/example_dags/example_time_delta_sensor_async.py
[2025-04-08T00:49:21.677+0000] {processor.py:914} INFO - Processing file /home/airflow/.local/lib/python3.12/site-packages/airflow/example_dags/example_time_delta_sensor_async.py for tasks to queue
[2025-04-08T00:49:21.678+0000] {logging_mixin.py:190} INFO - [2025-04-08T00:49:21.678+0000] {dagbag.py:588} INFO - Filling up the DagBag from /home/airflow/.local/lib/python3.12/site-packages/airflow/example_dags/example_time_delta_sensor_async.py
[2025-04-08T00:49:21.685+0000] {processor.py:925} INFO - DAG(s) 'example_time_delta_sensor_async' retrieved from /home/airflow/.local/lib/python3.12/site-packages/airflow/example_dags/example_time_delta_sensor_async.py
[2025-04-08T00:49:21.704+0000] {logging_mixin.py:190} INFO - [2025-04-08T00:49:21.704+0000] {dag.py:3239} INFO - Sync 1 DAGs
[2025-04-08T00:49:21.718+0000] {logging_mixin.py:190} INFO - [2025-04-08T00:49:21.718+0000] {dag.py:4180} INFO - Setting next_dagrun for example_time_delta_sensor_async to None, run_after=None
[2025-04-08T00:49:21.737+0000] {processor.py:208} INFO - Processing /home/airflow/.local/lib/python3.12/site-packages/airflow/example_dags/example_time_delta_sensor_async.py took 0.067 seconds
[2025-04-08T00:49:52.666+0000] {processor.py:186} INFO - Started process (PID=6610) to work on /home/airflow/.local/lib/python3.12/site-packages/airflow/example_dags/example_time_delta_sensor_async.py
[2025-04-08T00:49:52.667+0000] {processor.py:914} INFO - Processing file /home/airflow/.local/lib/python3.12/site-packages/airflow/example_dags/example_time_delta_sensor_async.py for tasks to queue
[2025-04-08T00:49:52.668+0000] {logging_mixin.py:190} INFO - [2025-04-08T00:49:52.668+0000] {dagbag.py:588} INFO - Filling up the DagBag from /home/airflow/.local/lib/python3.12/site-packages/airflow/example_dags/example_time_delta_sensor_async.py
[2025-04-08T00:49:52.674+0000] {processor.py:925} INFO - DAG(s) 'example_time_delta_sensor_async' retrieved from /home/airflow/.local/lib/python3.12/site-packages/airflow/example_dags/example_time_delta_sensor_async.py
[2025-04-08T00:49:52.693+0000] {logging_mixin.py:190} INFO - [2025-04-08T00:49:52.692+0000] {dag.py:3239} INFO - Sync 1 DAGs
[2025-04-08T00:49:52.706+0000] {logging_mixin.py:190} INFO - [2025-04-08T00:49:52.706+0000] {dag.py:4180} INFO - Setting next_dagrun for example_time_delta_sensor_async to None, run_after=None
[2025-04-08T00:49:52.726+0000] {processor.py:208} INFO - Processing /home/airflow/.local/lib/python3.12/site-packages/airflow/example_dags/example_time_delta_sensor_async.py took 0.066 seconds
[2025-04-08T00:50:22.949+0000] {processor.py:186} INFO - Started process (PID=6673) to work on /home/airflow/.local/lib/python3.12/site-packages/airflow/example_dags/example_time_delta_sensor_async.py
[2025-04-08T00:50:22.950+0000] {processor.py:914} INFO - Processing file /home/airflow/.local/lib/python3.12/site-packages/airflow/example_dags/example_time_delta_sensor_async.py for tasks to queue
[2025-04-08T00:50:22.952+0000] {logging_mixin.py:190} INFO - [2025-04-08T00:50:22.951+0000] {dagbag.py:588} INFO - Filling up the DagBag from /home/airflow/.local/lib/python3.12/site-packages/airflow/example_dags/example_time_delta_sensor_async.py
[2025-04-08T00:50:22.958+0000] {processor.py:925} INFO - DAG(s) 'example_time_delta_sensor_async' retrieved from /home/airflow/.local/lib/python3.12/site-packages/airflow/example_dags/example_time_delta_sensor_async.py
[2025-04-08T00:50:22.991+0000] {logging_mixin.py:190} INFO - [2025-04-08T00:50:22.991+0000] {dag.py:3239} INFO - Sync 1 DAGs
[2025-04-08T00:50:23.013+0000] {logging_mixin.py:190} INFO - [2025-04-08T00:50:23.013+0000] {dag.py:4180} INFO - Setting next_dagrun for example_time_delta_sensor_async to None, run_after=None
[2025-04-08T00:50:23.047+0000] {processor.py:208} INFO - Processing /home/airflow/.local/lib/python3.12/site-packages/airflow/example_dags/example_time_delta_sensor_async.py took 0.105 seconds
[2025-04-08T00:50:53.240+0000] {processor.py:186} INFO - Started process (PID=6736) to work on /home/airflow/.local/lib/python3.12/site-packages/airflow/example_dags/example_time_delta_sensor_async.py
[2025-04-08T00:50:53.241+0000] {processor.py:914} INFO - Processing file /home/airflow/.local/lib/python3.12/site-packages/airflow/example_dags/example_time_delta_sensor_async.py for tasks to queue
[2025-04-08T00:50:53.243+0000] {logging_mixin.py:190} INFO - [2025-04-08T00:50:53.242+0000] {dagbag.py:588} INFO - Filling up the DagBag from /home/airflow/.local/lib/python3.12/site-packages/airflow/example_dags/example_time_delta_sensor_async.py
[2025-04-08T00:50:53.249+0000] {processor.py:925} INFO - DAG(s) 'example_time_delta_sensor_async' retrieved from /home/airflow/.local/lib/python3.12/site-packages/airflow/example_dags/example_time_delta_sensor_async.py
[2025-04-08T00:50:53.271+0000] {logging_mixin.py:190} INFO - [2025-04-08T00:50:53.271+0000] {dag.py:3239} INFO - Sync 1 DAGs
[2025-04-08T00:50:53.287+0000] {logging_mixin.py:190} INFO - [2025-04-08T00:50:53.286+0000] {dag.py:4180} INFO - Setting next_dagrun for example_time_delta_sensor_async to None, run_after=None
[2025-04-08T00:50:53.308+0000] {processor.py:208} INFO - Processing /home/airflow/.local/lib/python3.12/site-packages/airflow/example_dags/example_time_delta_sensor_async.py took 0.074 seconds
[2025-04-08T00:51:23.619+0000] {processor.py:186} INFO - Started process (PID=6799) to work on /home/airflow/.local/lib/python3.12/site-packages/airflow/example_dags/example_time_delta_sensor_async.py
[2025-04-08T00:51:23.621+0000] {processor.py:914} INFO - Processing file /home/airflow/.local/lib/python3.12/site-packages/airflow/example_dags/example_time_delta_sensor_async.py for tasks to queue
[2025-04-08T00:51:23.623+0000] {logging_mixin.py:190} INFO - [2025-04-08T00:51:23.622+0000] {dagbag.py:588} INFO - Filling up the DagBag from /home/airflow/.local/lib/python3.12/site-packages/airflow/example_dags/example_time_delta_sensor_async.py
[2025-04-08T00:51:23.633+0000] {processor.py:925} INFO - DAG(s) 'example_time_delta_sensor_async' retrieved from /home/airflow/.local/lib/python3.12/site-packages/airflow/example_dags/example_time_delta_sensor_async.py
[2025-04-08T00:51:23.666+0000] {logging_mixin.py:190} INFO - [2025-04-08T00:51:23.666+0000] {dag.py:3239} INFO - Sync 1 DAGs
[2025-04-08T00:51:23.690+0000] {logging_mixin.py:190} INFO - [2025-04-08T00:51:23.690+0000] {dag.py:4180} INFO - Setting next_dagrun for example_time_delta_sensor_async to None, run_after=None
[2025-04-08T00:51:23.722+0000] {processor.py:208} INFO - Processing /home/airflow/.local/lib/python3.12/site-packages/airflow/example_dags/example_time_delta_sensor_async.py took 0.109 seconds
[2025-04-08T00:51:54.048+0000] {processor.py:186} INFO - Started process (PID=6861) to work on /home/airflow/.local/lib/python3.12/site-packages/airflow/example_dags/example_time_delta_sensor_async.py
[2025-04-08T00:51:54.049+0000] {processor.py:914} INFO - Processing file /home/airflow/.local/lib/python3.12/site-packages/airflow/example_dags/example_time_delta_sensor_async.py for tasks to queue
[2025-04-08T00:51:54.050+0000] {logging_mixin.py:190} INFO - [2025-04-08T00:51:54.050+0000] {dagbag.py:588} INFO - Filling up the DagBag from /home/airflow/.local/lib/python3.12/site-packages/airflow/example_dags/example_time_delta_sensor_async.py
[2025-04-08T00:51:54.056+0000] {processor.py:925} INFO - DAG(s) 'example_time_delta_sensor_async' retrieved from /home/airflow/.local/lib/python3.12/site-packages/airflow/example_dags/example_time_delta_sensor_async.py
[2025-04-08T00:51:54.074+0000] {logging_mixin.py:190} INFO - [2025-04-08T00:51:54.074+0000] {dag.py:3239} INFO - Sync 1 DAGs
[2025-04-08T00:51:54.089+0000] {logging_mixin.py:190} INFO - [2025-04-08T00:51:54.089+0000] {dag.py:4180} INFO - Setting next_dagrun for example_time_delta_sensor_async to None, run_after=None
[2025-04-08T00:51:54.108+0000] {processor.py:208} INFO - Processing /home/airflow/.local/lib/python3.12/site-packages/airflow/example_dags/example_time_delta_sensor_async.py took 0.064 seconds
[2025-04-08T00:52:24.473+0000] {processor.py:186} INFO - Started process (PID=6924) to work on /home/airflow/.local/lib/python3.12/site-packages/airflow/example_dags/example_time_delta_sensor_async.py
[2025-04-08T00:52:24.475+0000] {processor.py:914} INFO - Processing file /home/airflow/.local/lib/python3.12/site-packages/airflow/example_dags/example_time_delta_sensor_async.py for tasks to queue
[2025-04-08T00:52:24.477+0000] {logging_mixin.py:190} INFO - [2025-04-08T00:52:24.476+0000] {dagbag.py:588} INFO - Filling up the DagBag from /home/airflow/.local/lib/python3.12/site-packages/airflow/example_dags/example_time_delta_sensor_async.py
[2025-04-08T00:52:24.485+0000] {processor.py:925} INFO - DAG(s) 'example_time_delta_sensor_async' retrieved from /home/airflow/.local/lib/python3.12/site-packages/airflow/example_dags/example_time_delta_sensor_async.py
[2025-04-08T00:52:24.509+0000] {logging_mixin.py:190} INFO - [2025-04-08T00:52:24.508+0000] {dag.py:3239} INFO - Sync 1 DAGs
[2025-04-08T00:52:24.523+0000] {logging_mixin.py:190} INFO - [2025-04-08T00:52:24.523+0000] {dag.py:4180} INFO - Setting next_dagrun for example_time_delta_sensor_async to None, run_after=None
[2025-04-08T00:52:24.555+0000] {processor.py:208} INFO - Processing /home/airflow/.local/lib/python3.12/site-packages/airflow/example_dags/example_time_delta_sensor_async.py took 0.087 seconds
[2025-04-08T00:52:54.710+0000] {processor.py:186} INFO - Started process (PID=6987) to work on /home/airflow/.local/lib/python3.12/site-packages/airflow/example_dags/example_time_delta_sensor_async.py
[2025-04-08T00:52:54.712+0000] {processor.py:914} INFO - Processing file /home/airflow/.local/lib/python3.12/site-packages/airflow/example_dags/example_time_delta_sensor_async.py for tasks to queue
[2025-04-08T00:52:54.714+0000] {logging_mixin.py:190} INFO - [2025-04-08T00:52:54.714+0000] {dagbag.py:588} INFO - Filling up the DagBag from /home/airflow/.local/lib/python3.12/site-packages/airflow/example_dags/example_time_delta_sensor_async.py
[2025-04-08T00:52:54.720+0000] {processor.py:925} INFO - DAG(s) 'example_time_delta_sensor_async' retrieved from /home/airflow/.local/lib/python3.12/site-packages/airflow/example_dags/example_time_delta_sensor_async.py
[2025-04-08T00:52:54.750+0000] {logging_mixin.py:190} INFO - [2025-04-08T00:52:54.749+0000] {dag.py:3239} INFO - Sync 1 DAGs
[2025-04-08T00:52:54.768+0000] {logging_mixin.py:190} INFO - [2025-04-08T00:52:54.768+0000] {dag.py:4180} INFO - Setting next_dagrun for example_time_delta_sensor_async to None, run_after=None
[2025-04-08T00:52:54.795+0000] {processor.py:208} INFO - Processing /home/airflow/.local/lib/python3.12/site-packages/airflow/example_dags/example_time_delta_sensor_async.py took 0.090 seconds
[2025-04-08T00:53:25.049+0000] {processor.py:186} INFO - Started process (PID=7050) to work on /home/airflow/.local/lib/python3.12/site-packages/airflow/example_dags/example_time_delta_sensor_async.py
[2025-04-08T00:53:25.050+0000] {processor.py:914} INFO - Processing file /home/airflow/.local/lib/python3.12/site-packages/airflow/example_dags/example_time_delta_sensor_async.py for tasks to queue
[2025-04-08T00:53:25.052+0000] {logging_mixin.py:190} INFO - [2025-04-08T00:53:25.052+0000] {dagbag.py:588} INFO - Filling up the DagBag from /home/airflow/.local/lib/python3.12/site-packages/airflow/example_dags/example_time_delta_sensor_async.py
[2025-04-08T00:53:25.060+0000] {processor.py:925} INFO - DAG(s) 'example_time_delta_sensor_async' retrieved from /home/airflow/.local/lib/python3.12/site-packages/airflow/example_dags/example_time_delta_sensor_async.py
[2025-04-08T00:53:25.081+0000] {logging_mixin.py:190} INFO - [2025-04-08T00:53:25.081+0000] {dag.py:3239} INFO - Sync 1 DAGs
[2025-04-08T00:53:25.097+0000] {logging_mixin.py:190} INFO - [2025-04-08T00:53:25.097+0000] {dag.py:4180} INFO - Setting next_dagrun for example_time_delta_sensor_async to None, run_after=None
[2025-04-08T00:53:25.122+0000] {processor.py:208} INFO - Processing /home/airflow/.local/lib/python3.12/site-packages/airflow/example_dags/example_time_delta_sensor_async.py took 0.079 seconds
[2025-04-08T00:53:55.328+0000] {processor.py:186} INFO - Started process (PID=7113) to work on /home/airflow/.local/lib/python3.12/site-packages/airflow/example_dags/example_time_delta_sensor_async.py
[2025-04-08T00:53:55.330+0000] {processor.py:914} INFO - Processing file /home/airflow/.local/lib/python3.12/site-packages/airflow/example_dags/example_time_delta_sensor_async.py for tasks to queue
[2025-04-08T00:53:55.333+0000] {logging_mixin.py:190} INFO - [2025-04-08T00:53:55.332+0000] {dagbag.py:588} INFO - Filling up the DagBag from /home/airflow/.local/lib/python3.12/site-packages/airflow/example_dags/example_time_delta_sensor_async.py
[2025-04-08T00:53:55.356+0000] {processor.py:925} INFO - DAG(s) 'example_time_delta_sensor_async' retrieved from /home/airflow/.local/lib/python3.12/site-packages/airflow/example_dags/example_time_delta_sensor_async.py
[2025-04-08T00:53:55.405+0000] {logging_mixin.py:190} INFO - [2025-04-08T00:53:55.404+0000] {dag.py:3239} INFO - Sync 1 DAGs
[2025-04-08T00:53:55.439+0000] {logging_mixin.py:190} INFO - [2025-04-08T00:53:55.439+0000] {dag.py:4180} INFO - Setting next_dagrun for example_time_delta_sensor_async to None, run_after=None
[2025-04-08T00:53:55.485+0000] {processor.py:208} INFO - Processing /home/airflow/.local/lib/python3.12/site-packages/airflow/example_dags/example_time_delta_sensor_async.py took 0.166 seconds
[2025-04-08T00:54:25.825+0000] {processor.py:186} INFO - Started process (PID=7176) to work on /home/airflow/.local/lib/python3.12/site-packages/airflow/example_dags/example_time_delta_sensor_async.py
[2025-04-08T00:54:25.829+0000] {processor.py:914} INFO - Processing file /home/airflow/.local/lib/python3.12/site-packages/airflow/example_dags/example_time_delta_sensor_async.py for tasks to queue
[2025-04-08T00:54:25.833+0000] {logging_mixin.py:190} INFO - [2025-04-08T00:54:25.833+0000] {dagbag.py:588} INFO - Filling up the DagBag from /home/airflow/.local/lib/python3.12/site-packages/airflow/example_dags/example_time_delta_sensor_async.py
[2025-04-08T00:54:25.851+0000] {processor.py:925} INFO - DAG(s) 'example_time_delta_sensor_async' retrieved from /home/airflow/.local/lib/python3.12/site-packages/airflow/example_dags/example_time_delta_sensor_async.py
[2025-04-08T00:54:25.892+0000] {logging_mixin.py:190} INFO - [2025-04-08T00:54:25.891+0000] {dag.py:3239} INFO - Sync 1 DAGs
[2025-04-08T00:54:25.930+0000] {logging_mixin.py:190} INFO - [2025-04-08T00:54:25.929+0000] {dag.py:4180} INFO - Setting next_dagrun for example_time_delta_sensor_async to None, run_after=None
[2025-04-08T00:54:25.981+0000] {processor.py:208} INFO - Processing /home/airflow/.local/lib/python3.12/site-packages/airflow/example_dags/example_time_delta_sensor_async.py took 0.172 seconds
[2025-04-08T00:54:56.211+0000] {processor.py:186} INFO - Started process (PID=7239) to work on /home/airflow/.local/lib/python3.12/site-packages/airflow/example_dags/example_time_delta_sensor_async.py
[2025-04-08T00:54:56.214+0000] {processor.py:914} INFO - Processing file /home/airflow/.local/lib/python3.12/site-packages/airflow/example_dags/example_time_delta_sensor_async.py for tasks to queue
[2025-04-08T00:54:56.221+0000] {logging_mixin.py:190} INFO - [2025-04-08T00:54:56.220+0000] {dagbag.py:588} INFO - Filling up the DagBag from /home/airflow/.local/lib/python3.12/site-packages/airflow/example_dags/example_time_delta_sensor_async.py
[2025-04-08T00:54:56.246+0000] {processor.py:925} INFO - DAG(s) 'example_time_delta_sensor_async' retrieved from /home/airflow/.local/lib/python3.12/site-packages/airflow/example_dags/example_time_delta_sensor_async.py
[2025-04-08T00:54:56.320+0000] {logging_mixin.py:190} INFO - [2025-04-08T00:54:56.320+0000] {dag.py:3239} INFO - Sync 1 DAGs
[2025-04-08T00:54:56.360+0000] {logging_mixin.py:190} INFO - [2025-04-08T00:54:56.359+0000] {dag.py:4180} INFO - Setting next_dagrun for example_time_delta_sensor_async to None, run_after=None
[2025-04-08T00:54:56.426+0000] {processor.py:208} INFO - Processing /home/airflow/.local/lib/python3.12/site-packages/airflow/example_dags/example_time_delta_sensor_async.py took 0.235 seconds
[2025-04-08T00:55:27.004+0000] {processor.py:186} INFO - Started process (PID=7302) to work on /home/airflow/.local/lib/python3.12/site-packages/airflow/example_dags/example_time_delta_sensor_async.py
[2025-04-08T00:55:27.008+0000] {processor.py:914} INFO - Processing file /home/airflow/.local/lib/python3.12/site-packages/airflow/example_dags/example_time_delta_sensor_async.py for tasks to queue
[2025-04-08T00:55:27.016+0000] {logging_mixin.py:190} INFO - [2025-04-08T00:55:27.014+0000] {dagbag.py:588} INFO - Filling up the DagBag from /home/airflow/.local/lib/python3.12/site-packages/airflow/example_dags/example_time_delta_sensor_async.py
[2025-04-08T00:55:27.039+0000] {processor.py:925} INFO - DAG(s) 'example_time_delta_sensor_async' retrieved from /home/airflow/.local/lib/python3.12/site-packages/airflow/example_dags/example_time_delta_sensor_async.py
[2025-04-08T00:55:27.112+0000] {logging_mixin.py:190} INFO - [2025-04-08T00:55:27.111+0000] {dag.py:3239} INFO - Sync 1 DAGs
[2025-04-08T00:55:27.144+0000] {logging_mixin.py:190} INFO - [2025-04-08T00:55:27.143+0000] {dag.py:4180} INFO - Setting next_dagrun for example_time_delta_sensor_async to None, run_after=None
[2025-04-08T00:55:27.192+0000] {processor.py:208} INFO - Processing /home/airflow/.local/lib/python3.12/site-packages/airflow/example_dags/example_time_delta_sensor_async.py took 0.206 seconds
[2025-04-08T00:55:58.074+0000] {processor.py:186} INFO - Started process (PID=7365) to work on /home/airflow/.local/lib/python3.12/site-packages/airflow/example_dags/example_time_delta_sensor_async.py
[2025-04-08T00:55:58.077+0000] {processor.py:914} INFO - Processing file /home/airflow/.local/lib/python3.12/site-packages/airflow/example_dags/example_time_delta_sensor_async.py for tasks to queue
[2025-04-08T00:55:58.080+0000] {logging_mixin.py:190} INFO - [2025-04-08T00:55:58.079+0000] {dagbag.py:588} INFO - Filling up the DagBag from /home/airflow/.local/lib/python3.12/site-packages/airflow/example_dags/example_time_delta_sensor_async.py
[2025-04-08T00:55:58.090+0000] {processor.py:925} INFO - DAG(s) 'example_time_delta_sensor_async' retrieved from /home/airflow/.local/lib/python3.12/site-packages/airflow/example_dags/example_time_delta_sensor_async.py
[2025-04-08T00:55:58.134+0000] {logging_mixin.py:190} INFO - [2025-04-08T00:55:58.133+0000] {dag.py:3239} INFO - Sync 1 DAGs
[2025-04-08T00:55:58.163+0000] {logging_mixin.py:190} INFO - [2025-04-08T00:55:58.162+0000] {dag.py:4180} INFO - Setting next_dagrun for example_time_delta_sensor_async to None, run_after=None
[2025-04-08T00:55:58.211+0000] {processor.py:208} INFO - Processing /home/airflow/.local/lib/python3.12/site-packages/airflow/example_dags/example_time_delta_sensor_async.py took 0.152 seconds
[2025-04-08T00:56:28.641+0000] {processor.py:186} INFO - Started process (PID=7428) to work on /home/airflow/.local/lib/python3.12/site-packages/airflow/example_dags/example_time_delta_sensor_async.py
[2025-04-08T00:56:28.643+0000] {processor.py:914} INFO - Processing file /home/airflow/.local/lib/python3.12/site-packages/airflow/example_dags/example_time_delta_sensor_async.py for tasks to queue
[2025-04-08T00:56:28.647+0000] {logging_mixin.py:190} INFO - [2025-04-08T00:56:28.646+0000] {dagbag.py:588} INFO - Filling up the DagBag from /home/airflow/.local/lib/python3.12/site-packages/airflow/example_dags/example_time_delta_sensor_async.py
[2025-04-08T00:56:28.659+0000] {processor.py:925} INFO - DAG(s) 'example_time_delta_sensor_async' retrieved from /home/airflow/.local/lib/python3.12/site-packages/airflow/example_dags/example_time_delta_sensor_async.py
[2025-04-08T00:56:28.703+0000] {logging_mixin.py:190} INFO - [2025-04-08T00:56:28.702+0000] {dag.py:3239} INFO - Sync 1 DAGs
[2025-04-08T00:56:28.732+0000] {logging_mixin.py:190} INFO - [2025-04-08T00:56:28.732+0000] {dag.py:4180} INFO - Setting next_dagrun for example_time_delta_sensor_async to None, run_after=None
[2025-04-08T00:56:28.781+0000] {processor.py:208} INFO - Processing /home/airflow/.local/lib/python3.12/site-packages/airflow/example_dags/example_time_delta_sensor_async.py took 0.152 seconds
[2025-04-08T00:56:59.332+0000] {processor.py:186} INFO - Started process (PID=7490) to work on /home/airflow/.local/lib/python3.12/site-packages/airflow/example_dags/example_time_delta_sensor_async.py
[2025-04-08T00:56:59.335+0000] {processor.py:914} INFO - Processing file /home/airflow/.local/lib/python3.12/site-packages/airflow/example_dags/example_time_delta_sensor_async.py for tasks to queue
[2025-04-08T00:56:59.339+0000] {logging_mixin.py:190} INFO - [2025-04-08T00:56:59.338+0000] {dagbag.py:588} INFO - Filling up the DagBag from /home/airflow/.local/lib/python3.12/site-packages/airflow/example_dags/example_time_delta_sensor_async.py
[2025-04-08T00:56:59.352+0000] {processor.py:925} INFO - DAG(s) 'example_time_delta_sensor_async' retrieved from /home/airflow/.local/lib/python3.12/site-packages/airflow/example_dags/example_time_delta_sensor_async.py
[2025-04-08T00:56:59.391+0000] {logging_mixin.py:190} INFO - [2025-04-08T00:56:59.390+0000] {dag.py:3239} INFO - Sync 1 DAGs
[2025-04-08T00:56:59.423+0000] {logging_mixin.py:190} INFO - [2025-04-08T00:56:59.423+0000] {dag.py:4180} INFO - Setting next_dagrun for example_time_delta_sensor_async to None, run_after=None
[2025-04-08T00:56:59.474+0000] {processor.py:208} INFO - Processing /home/airflow/.local/lib/python3.12/site-packages/airflow/example_dags/example_time_delta_sensor_async.py took 0.152 seconds
[2025-04-08T00:57:30.040+0000] {processor.py:186} INFO - Started process (PID=7553) to work on /home/airflow/.local/lib/python3.12/site-packages/airflow/example_dags/example_time_delta_sensor_async.py
[2025-04-08T00:57:30.042+0000] {processor.py:914} INFO - Processing file /home/airflow/.local/lib/python3.12/site-packages/airflow/example_dags/example_time_delta_sensor_async.py for tasks to queue
[2025-04-08T00:57:30.045+0000] {logging_mixin.py:190} INFO - [2025-04-08T00:57:30.045+0000] {dagbag.py:588} INFO - Filling up the DagBag from /home/airflow/.local/lib/python3.12/site-packages/airflow/example_dags/example_time_delta_sensor_async.py
[2025-04-08T00:57:30.060+0000] {processor.py:925} INFO - DAG(s) 'example_time_delta_sensor_async' retrieved from /home/airflow/.local/lib/python3.12/site-packages/airflow/example_dags/example_time_delta_sensor_async.py
[2025-04-08T00:57:30.099+0000] {logging_mixin.py:190} INFO - [2025-04-08T00:57:30.099+0000] {dag.py:3239} INFO - Sync 1 DAGs
[2025-04-08T00:57:30.129+0000] {logging_mixin.py:190} INFO - [2025-04-08T00:57:30.128+0000] {dag.py:4180} INFO - Setting next_dagrun for example_time_delta_sensor_async to None, run_after=None
[2025-04-08T00:57:30.165+0000] {processor.py:208} INFO - Processing /home/airflow/.local/lib/python3.12/site-packages/airflow/example_dags/example_time_delta_sensor_async.py took 0.135 seconds
[2025-04-08T00:58:03.466+0000] {processor.py:186} INFO - Started process (PID=7617) to work on /home/airflow/.local/lib/python3.12/site-packages/airflow/example_dags/example_time_delta_sensor_async.py
[2025-04-08T00:58:03.474+0000] {processor.py:914} INFO - Processing file /home/airflow/.local/lib/python3.12/site-packages/airflow/example_dags/example_time_delta_sensor_async.py for tasks to queue
[2025-04-08T00:58:03.495+0000] {logging_mixin.py:190} INFO - [2025-04-08T00:58:03.481+0000] {dagbag.py:588} INFO - Filling up the DagBag from /home/airflow/.local/lib/python3.12/site-packages/airflow/example_dags/example_time_delta_sensor_async.py
[2025-04-08T00:58:03.612+0000] {processor.py:925} INFO - DAG(s) 'example_time_delta_sensor_async' retrieved from /home/airflow/.local/lib/python3.12/site-packages/airflow/example_dags/example_time_delta_sensor_async.py
[2025-04-08T00:58:03.807+0000] {logging_mixin.py:190} INFO - [2025-04-08T00:58:03.805+0000] {dag.py:3239} INFO - Sync 1 DAGs
[2025-04-08T00:58:03.908+0000] {logging_mixin.py:190} INFO - [2025-04-08T00:58:03.906+0000] {dag.py:4180} INFO - Setting next_dagrun for example_time_delta_sensor_async to None, run_after=None
[2025-04-08T00:58:04.052+0000] {processor.py:208} INFO - Processing /home/airflow/.local/lib/python3.12/site-packages/airflow/example_dags/example_time_delta_sensor_async.py took 0.605 seconds
[2025-04-08T01:23:54.558+0000] {processor.py:186} INFO - Started process (PID=7679) to work on /home/airflow/.local/lib/python3.12/site-packages/airflow/example_dags/example_time_delta_sensor_async.py
[2025-04-08T01:23:54.619+0000] {processor.py:914} INFO - Processing file /home/airflow/.local/lib/python3.12/site-packages/airflow/example_dags/example_time_delta_sensor_async.py for tasks to queue
[2025-04-08T01:23:54.623+0000] {logging_mixin.py:190} INFO - [2025-04-08T01:23:54.623+0000] {dagbag.py:588} INFO - Filling up the DagBag from /home/airflow/.local/lib/python3.12/site-packages/airflow/example_dags/example_time_delta_sensor_async.py
[2025-04-08T01:23:54.638+0000] {processor.py:925} INFO - DAG(s) 'example_time_delta_sensor_async' retrieved from /home/airflow/.local/lib/python3.12/site-packages/airflow/example_dags/example_time_delta_sensor_async.py
[2025-04-08T01:23:54.672+0000] {logging_mixin.py:190} INFO - [2025-04-08T01:23:54.672+0000] {dag.py:3239} INFO - Sync 1 DAGs
[2025-04-08T01:23:54.701+0000] {logging_mixin.py:190} INFO - [2025-04-08T01:23:54.701+0000] {dag.py:4180} INFO - Setting next_dagrun for example_time_delta_sensor_async to None, run_after=None
[2025-04-08T01:23:56.235+0000] {processor.py:208} INFO - Processing /home/airflow/.local/lib/python3.12/site-packages/airflow/example_dags/example_time_delta_sensor_async.py took 1.690 seconds
[2025-04-08T01:24:26.351+0000] {processor.py:186} INFO - Started process (PID=7742) to work on /home/airflow/.local/lib/python3.12/site-packages/airflow/example_dags/example_time_delta_sensor_async.py
[2025-04-08T01:24:26.354+0000] {processor.py:914} INFO - Processing file /home/airflow/.local/lib/python3.12/site-packages/airflow/example_dags/example_time_delta_sensor_async.py for tasks to queue
[2025-04-08T01:24:26.358+0000] {logging_mixin.py:190} INFO - [2025-04-08T01:24:26.357+0000] {dagbag.py:588} INFO - Filling up the DagBag from /home/airflow/.local/lib/python3.12/site-packages/airflow/example_dags/example_time_delta_sensor_async.py
[2025-04-08T01:24:26.379+0000] {processor.py:925} INFO - DAG(s) 'example_time_delta_sensor_async' retrieved from /home/airflow/.local/lib/python3.12/site-packages/airflow/example_dags/example_time_delta_sensor_async.py
[2025-04-08T01:24:26.440+0000] {logging_mixin.py:190} INFO - [2025-04-08T01:24:26.439+0000] {dag.py:3239} INFO - Sync 1 DAGs
[2025-04-08T01:24:26.465+0000] {logging_mixin.py:190} INFO - [2025-04-08T01:24:26.464+0000] {dag.py:4180} INFO - Setting next_dagrun for example_time_delta_sensor_async to None, run_after=None
[2025-04-08T01:24:26.536+0000] {processor.py:208} INFO - Processing /home/airflow/.local/lib/python3.12/site-packages/airflow/example_dags/example_time_delta_sensor_async.py took 0.205 seconds
[2025-04-08T01:24:56.689+0000] {processor.py:186} INFO - Started process (PID=7805) to work on /home/airflow/.local/lib/python3.12/site-packages/airflow/example_dags/example_time_delta_sensor_async.py
[2025-04-08T01:24:56.690+0000] {processor.py:914} INFO - Processing file /home/airflow/.local/lib/python3.12/site-packages/airflow/example_dags/example_time_delta_sensor_async.py for tasks to queue
[2025-04-08T01:24:56.693+0000] {logging_mixin.py:190} INFO - [2025-04-08T01:24:56.692+0000] {dagbag.py:588} INFO - Filling up the DagBag from /home/airflow/.local/lib/python3.12/site-packages/airflow/example_dags/example_time_delta_sensor_async.py
[2025-04-08T01:24:56.707+0000] {processor.py:925} INFO - DAG(s) 'example_time_delta_sensor_async' retrieved from /home/airflow/.local/lib/python3.12/site-packages/airflow/example_dags/example_time_delta_sensor_async.py
[2025-04-08T01:24:56.745+0000] {logging_mixin.py:190} INFO - [2025-04-08T01:24:56.745+0000] {dag.py:3239} INFO - Sync 1 DAGs
[2025-04-08T01:24:56.769+0000] {logging_mixin.py:190} INFO - [2025-04-08T01:24:56.769+0000] {dag.py:4180} INFO - Setting next_dagrun for example_time_delta_sensor_async to None, run_after=None
[2025-04-08T01:24:56.810+0000] {processor.py:208} INFO - Processing /home/airflow/.local/lib/python3.12/site-packages/airflow/example_dags/example_time_delta_sensor_async.py took 0.135 seconds
[2025-04-08T01:25:26.891+0000] {processor.py:186} INFO - Started process (PID=7868) to work on /home/airflow/.local/lib/python3.12/site-packages/airflow/example_dags/example_time_delta_sensor_async.py
[2025-04-08T01:25:26.893+0000] {processor.py:914} INFO - Processing file /home/airflow/.local/lib/python3.12/site-packages/airflow/example_dags/example_time_delta_sensor_async.py for tasks to queue
[2025-04-08T01:25:26.894+0000] {logging_mixin.py:190} INFO - [2025-04-08T01:25:26.894+0000] {dagbag.py:588} INFO - Filling up the DagBag from /home/airflow/.local/lib/python3.12/site-packages/airflow/example_dags/example_time_delta_sensor_async.py
[2025-04-08T01:25:26.901+0000] {processor.py:925} INFO - DAG(s) 'example_time_delta_sensor_async' retrieved from /home/airflow/.local/lib/python3.12/site-packages/airflow/example_dags/example_time_delta_sensor_async.py
[2025-04-08T01:25:26.922+0000] {logging_mixin.py:190} INFO - [2025-04-08T01:25:26.922+0000] {dag.py:3239} INFO - Sync 1 DAGs
[2025-04-08T01:25:26.939+0000] {logging_mixin.py:190} INFO - [2025-04-08T01:25:26.938+0000] {dag.py:4180} INFO - Setting next_dagrun for example_time_delta_sensor_async to None, run_after=None
[2025-04-08T01:25:26.963+0000] {processor.py:208} INFO - Processing /home/airflow/.local/lib/python3.12/site-packages/airflow/example_dags/example_time_delta_sensor_async.py took 0.077 seconds
[2025-04-08T01:25:57.455+0000] {processor.py:186} INFO - Started process (PID=7931) to work on /home/airflow/.local/lib/python3.12/site-packages/airflow/example_dags/example_time_delta_sensor_async.py
[2025-04-08T01:25:57.457+0000] {processor.py:914} INFO - Processing file /home/airflow/.local/lib/python3.12/site-packages/airflow/example_dags/example_time_delta_sensor_async.py for tasks to queue
[2025-04-08T01:25:57.460+0000] {logging_mixin.py:190} INFO - [2025-04-08T01:25:57.459+0000] {dagbag.py:588} INFO - Filling up the DagBag from /home/airflow/.local/lib/python3.12/site-packages/airflow/example_dags/example_time_delta_sensor_async.py
[2025-04-08T01:25:57.468+0000] {processor.py:925} INFO - DAG(s) 'example_time_delta_sensor_async' retrieved from /home/airflow/.local/lib/python3.12/site-packages/airflow/example_dags/example_time_delta_sensor_async.py
[2025-04-08T01:25:57.493+0000] {logging_mixin.py:190} INFO - [2025-04-08T01:25:57.492+0000] {dag.py:3239} INFO - Sync 1 DAGs
[2025-04-08T01:25:57.512+0000] {logging_mixin.py:190} INFO - [2025-04-08T01:25:57.512+0000] {dag.py:4180} INFO - Setting next_dagrun for example_time_delta_sensor_async to None, run_after=None
[2025-04-08T01:25:57.538+0000] {processor.py:208} INFO - Processing /home/airflow/.local/lib/python3.12/site-packages/airflow/example_dags/example_time_delta_sensor_async.py took 0.089 seconds
[2025-04-08T01:26:27.840+0000] {processor.py:186} INFO - Started process (PID=7994) to work on /home/airflow/.local/lib/python3.12/site-packages/airflow/example_dags/example_time_delta_sensor_async.py
[2025-04-08T01:26:27.841+0000] {processor.py:914} INFO - Processing file /home/airflow/.local/lib/python3.12/site-packages/airflow/example_dags/example_time_delta_sensor_async.py for tasks to queue
[2025-04-08T01:26:27.844+0000] {logging_mixin.py:190} INFO - [2025-04-08T01:26:27.844+0000] {dagbag.py:588} INFO - Filling up the DagBag from /home/airflow/.local/lib/python3.12/site-packages/airflow/example_dags/example_time_delta_sensor_async.py
[2025-04-08T01:26:27.857+0000] {processor.py:925} INFO - DAG(s) 'example_time_delta_sensor_async' retrieved from /home/airflow/.local/lib/python3.12/site-packages/airflow/example_dags/example_time_delta_sensor_async.py
[2025-04-08T01:26:27.896+0000] {logging_mixin.py:190} INFO - [2025-04-08T01:26:27.895+0000] {dag.py:3239} INFO - Sync 1 DAGs
[2025-04-08T01:26:27.923+0000] {logging_mixin.py:190} INFO - [2025-04-08T01:26:27.923+0000] {dag.py:4180} INFO - Setting next_dagrun for example_time_delta_sensor_async to None, run_after=None
[2025-04-08T01:26:27.964+0000] {processor.py:208} INFO - Processing /home/airflow/.local/lib/python3.12/site-packages/airflow/example_dags/example_time_delta_sensor_async.py took 0.131 seconds
[2025-04-08T01:26:58.577+0000] {processor.py:186} INFO - Started process (PID=8057) to work on /home/airflow/.local/lib/python3.12/site-packages/airflow/example_dags/example_time_delta_sensor_async.py
[2025-04-08T01:26:58.579+0000] {processor.py:914} INFO - Processing file /home/airflow/.local/lib/python3.12/site-packages/airflow/example_dags/example_time_delta_sensor_async.py for tasks to queue
[2025-04-08T01:26:58.581+0000] {logging_mixin.py:190} INFO - [2025-04-08T01:26:58.580+0000] {dagbag.py:588} INFO - Filling up the DagBag from /home/airflow/.local/lib/python3.12/site-packages/airflow/example_dags/example_time_delta_sensor_async.py
[2025-04-08T01:26:58.595+0000] {processor.py:925} INFO - DAG(s) 'example_time_delta_sensor_async' retrieved from /home/airflow/.local/lib/python3.12/site-packages/airflow/example_dags/example_time_delta_sensor_async.py
[2025-04-08T01:26:58.638+0000] {logging_mixin.py:190} INFO - [2025-04-08T01:26:58.637+0000] {dag.py:3239} INFO - Sync 1 DAGs
[2025-04-08T01:26:58.671+0000] {logging_mixin.py:190} INFO - [2025-04-08T01:26:58.670+0000] {dag.py:4180} INFO - Setting next_dagrun for example_time_delta_sensor_async to None, run_after=None
[2025-04-08T01:26:58.727+0000] {processor.py:208} INFO - Processing /home/airflow/.local/lib/python3.12/site-packages/airflow/example_dags/example_time_delta_sensor_async.py took 0.157 seconds
[2025-04-08T01:27:28.992+0000] {processor.py:186} INFO - Started process (PID=8120) to work on /home/airflow/.local/lib/python3.12/site-packages/airflow/example_dags/example_time_delta_sensor_async.py
[2025-04-08T01:27:28.995+0000] {processor.py:914} INFO - Processing file /home/airflow/.local/lib/python3.12/site-packages/airflow/example_dags/example_time_delta_sensor_async.py for tasks to queue
[2025-04-08T01:27:28.999+0000] {logging_mixin.py:190} INFO - [2025-04-08T01:27:28.998+0000] {dagbag.py:588} INFO - Filling up the DagBag from /home/airflow/.local/lib/python3.12/site-packages/airflow/example_dags/example_time_delta_sensor_async.py
[2025-04-08T01:27:29.013+0000] {processor.py:925} INFO - DAG(s) 'example_time_delta_sensor_async' retrieved from /home/airflow/.local/lib/python3.12/site-packages/airflow/example_dags/example_time_delta_sensor_async.py
[2025-04-08T01:27:29.060+0000] {logging_mixin.py:190} INFO - [2025-04-08T01:27:29.059+0000] {dag.py:3239} INFO - Sync 1 DAGs
[2025-04-08T01:27:29.095+0000] {logging_mixin.py:190} INFO - [2025-04-08T01:27:29.094+0000] {dag.py:4180} INFO - Setting next_dagrun for example_time_delta_sensor_async to None, run_after=None
[2025-04-08T01:27:29.153+0000] {processor.py:208} INFO - Processing /home/airflow/.local/lib/python3.12/site-packages/airflow/example_dags/example_time_delta_sensor_async.py took 0.177 seconds
[2025-04-08T01:27:59.315+0000] {processor.py:186} INFO - Started process (PID=8183) to work on /home/airflow/.local/lib/python3.12/site-packages/airflow/example_dags/example_time_delta_sensor_async.py
[2025-04-08T01:27:59.318+0000] {processor.py:914} INFO - Processing file /home/airflow/.local/lib/python3.12/site-packages/airflow/example_dags/example_time_delta_sensor_async.py for tasks to queue
[2025-04-08T01:27:59.320+0000] {logging_mixin.py:190} INFO - [2025-04-08T01:27:59.320+0000] {dagbag.py:588} INFO - Filling up the DagBag from /home/airflow/.local/lib/python3.12/site-packages/airflow/example_dags/example_time_delta_sensor_async.py
[2025-04-08T01:27:59.334+0000] {processor.py:925} INFO - DAG(s) 'example_time_delta_sensor_async' retrieved from /home/airflow/.local/lib/python3.12/site-packages/airflow/example_dags/example_time_delta_sensor_async.py
[2025-04-08T01:27:59.379+0000] {logging_mixin.py:190} INFO - [2025-04-08T01:27:59.378+0000] {dag.py:3239} INFO - Sync 1 DAGs
[2025-04-08T01:27:59.436+0000] {logging_mixin.py:190} INFO - [2025-04-08T01:27:59.435+0000] {dag.py:4180} INFO - Setting next_dagrun for example_time_delta_sensor_async to None, run_after=None
[2025-04-08T01:27:59.487+0000] {processor.py:208} INFO - Processing /home/airflow/.local/lib/python3.12/site-packages/airflow/example_dags/example_time_delta_sensor_async.py took 0.188 seconds
[2025-04-08T01:28:29.659+0000] {processor.py:186} INFO - Started process (PID=8246) to work on /home/airflow/.local/lib/python3.12/site-packages/airflow/example_dags/example_time_delta_sensor_async.py
[2025-04-08T01:28:29.661+0000] {processor.py:914} INFO - Processing file /home/airflow/.local/lib/python3.12/site-packages/airflow/example_dags/example_time_delta_sensor_async.py for tasks to queue
[2025-04-08T01:28:29.663+0000] {logging_mixin.py:190} INFO - [2025-04-08T01:28:29.663+0000] {dagbag.py:588} INFO - Filling up the DagBag from /home/airflow/.local/lib/python3.12/site-packages/airflow/example_dags/example_time_delta_sensor_async.py
[2025-04-08T01:28:29.672+0000] {processor.py:925} INFO - DAG(s) 'example_time_delta_sensor_async' retrieved from /home/airflow/.local/lib/python3.12/site-packages/airflow/example_dags/example_time_delta_sensor_async.py
[2025-04-08T01:28:29.710+0000] {logging_mixin.py:190} INFO - [2025-04-08T01:28:29.709+0000] {dag.py:3239} INFO - Sync 1 DAGs
[2025-04-08T01:28:29.733+0000] {logging_mixin.py:190} INFO - [2025-04-08T01:28:29.733+0000] {dag.py:4180} INFO - Setting next_dagrun for example_time_delta_sensor_async to None, run_after=None
[2025-04-08T01:28:29.776+0000] {processor.py:208} INFO - Processing /home/airflow/.local/lib/python3.12/site-packages/airflow/example_dags/example_time_delta_sensor_async.py took 0.128 seconds
[2025-04-08T01:29:00.573+0000] {processor.py:186} INFO - Started process (PID=8308) to work on /home/airflow/.local/lib/python3.12/site-packages/airflow/example_dags/example_time_delta_sensor_async.py
[2025-04-08T01:29:00.577+0000] {processor.py:914} INFO - Processing file /home/airflow/.local/lib/python3.12/site-packages/airflow/example_dags/example_time_delta_sensor_async.py for tasks to queue
[2025-04-08T01:29:00.580+0000] {logging_mixin.py:190} INFO - [2025-04-08T01:29:00.579+0000] {dagbag.py:588} INFO - Filling up the DagBag from /home/airflow/.local/lib/python3.12/site-packages/airflow/example_dags/example_time_delta_sensor_async.py
[2025-04-08T01:29:00.591+0000] {processor.py:925} INFO - DAG(s) 'example_time_delta_sensor_async' retrieved from /home/airflow/.local/lib/python3.12/site-packages/airflow/example_dags/example_time_delta_sensor_async.py
[2025-04-08T01:29:00.623+0000] {logging_mixin.py:190} INFO - [2025-04-08T01:29:00.623+0000] {dag.py:3239} INFO - Sync 1 DAGs
[2025-04-08T01:29:00.645+0000] {logging_mixin.py:190} INFO - [2025-04-08T01:29:00.645+0000] {dag.py:4180} INFO - Setting next_dagrun for example_time_delta_sensor_async to None, run_after=None
[2025-04-08T01:29:00.691+0000] {processor.py:208} INFO - Processing /home/airflow/.local/lib/python3.12/site-packages/airflow/example_dags/example_time_delta_sensor_async.py took 0.130 seconds
[2025-04-08T01:29:31.166+0000] {processor.py:186} INFO - Started process (PID=8370) to work on /home/airflow/.local/lib/python3.12/site-packages/airflow/example_dags/example_time_delta_sensor_async.py
[2025-04-08T01:29:31.169+0000] {processor.py:914} INFO - Processing file /home/airflow/.local/lib/python3.12/site-packages/airflow/example_dags/example_time_delta_sensor_async.py for tasks to queue
[2025-04-08T01:29:31.172+0000] {logging_mixin.py:190} INFO - [2025-04-08T01:29:31.172+0000] {dagbag.py:588} INFO - Filling up the DagBag from /home/airflow/.local/lib/python3.12/site-packages/airflow/example_dags/example_time_delta_sensor_async.py
[2025-04-08T01:29:31.183+0000] {processor.py:925} INFO - DAG(s) 'example_time_delta_sensor_async' retrieved from /home/airflow/.local/lib/python3.12/site-packages/airflow/example_dags/example_time_delta_sensor_async.py
[2025-04-08T01:29:31.220+0000] {logging_mixin.py:190} INFO - [2025-04-08T01:29:31.220+0000] {dag.py:3239} INFO - Sync 1 DAGs
[2025-04-08T01:29:31.244+0000] {logging_mixin.py:190} INFO - [2025-04-08T01:29:31.244+0000] {dag.py:4180} INFO - Setting next_dagrun for example_time_delta_sensor_async to None, run_after=None
[2025-04-08T01:29:31.278+0000] {processor.py:208} INFO - Processing /home/airflow/.local/lib/python3.12/site-packages/airflow/example_dags/example_time_delta_sensor_async.py took 0.123 seconds
[2025-04-08T01:30:02.192+0000] {processor.py:186} INFO - Started process (PID=8433) to work on /home/airflow/.local/lib/python3.12/site-packages/airflow/example_dags/example_time_delta_sensor_async.py
[2025-04-08T01:30:02.194+0000] {processor.py:914} INFO - Processing file /home/airflow/.local/lib/python3.12/site-packages/airflow/example_dags/example_time_delta_sensor_async.py for tasks to queue
[2025-04-08T01:30:02.196+0000] {logging_mixin.py:190} INFO - [2025-04-08T01:30:02.196+0000] {dagbag.py:588} INFO - Filling up the DagBag from /home/airflow/.local/lib/python3.12/site-packages/airflow/example_dags/example_time_delta_sensor_async.py
[2025-04-08T01:30:02.206+0000] {processor.py:925} INFO - DAG(s) 'example_time_delta_sensor_async' retrieved from /home/airflow/.local/lib/python3.12/site-packages/airflow/example_dags/example_time_delta_sensor_async.py
[2025-04-08T01:30:02.236+0000] {logging_mixin.py:190} INFO - [2025-04-08T01:30:02.235+0000] {dag.py:3239} INFO - Sync 1 DAGs
[2025-04-08T01:30:02.254+0000] {logging_mixin.py:190} INFO - [2025-04-08T01:30:02.254+0000] {dag.py:4180} INFO - Setting next_dagrun for example_time_delta_sensor_async to None, run_after=None
[2025-04-08T01:30:02.288+0000] {processor.py:208} INFO - Processing /home/airflow/.local/lib/python3.12/site-packages/airflow/example_dags/example_time_delta_sensor_async.py took 0.102 seconds
[2025-04-08T01:30:32.406+0000] {processor.py:186} INFO - Started process (PID=8496) to work on /home/airflow/.local/lib/python3.12/site-packages/airflow/example_dags/example_time_delta_sensor_async.py
[2025-04-08T01:30:32.408+0000] {processor.py:914} INFO - Processing file /home/airflow/.local/lib/python3.12/site-packages/airflow/example_dags/example_time_delta_sensor_async.py for tasks to queue
[2025-04-08T01:30:32.412+0000] {logging_mixin.py:190} INFO - [2025-04-08T01:30:32.410+0000] {dagbag.py:588} INFO - Filling up the DagBag from /home/airflow/.local/lib/python3.12/site-packages/airflow/example_dags/example_time_delta_sensor_async.py
[2025-04-08T01:30:32.436+0000] {processor.py:925} INFO - DAG(s) 'example_time_delta_sensor_async' retrieved from /home/airflow/.local/lib/python3.12/site-packages/airflow/example_dags/example_time_delta_sensor_async.py
[2025-04-08T01:30:32.505+0000] {logging_mixin.py:190} INFO - [2025-04-08T01:30:32.504+0000] {dag.py:3239} INFO - Sync 1 DAGs
[2025-04-08T01:30:32.553+0000] {logging_mixin.py:190} INFO - [2025-04-08T01:30:32.552+0000] {dag.py:4180} INFO - Setting next_dagrun for example_time_delta_sensor_async to None, run_after=None
[2025-04-08T01:30:32.605+0000] {processor.py:208} INFO - Processing /home/airflow/.local/lib/python3.12/site-packages/airflow/example_dags/example_time_delta_sensor_async.py took 0.209 seconds
[2025-04-08T01:31:02.825+0000] {processor.py:186} INFO - Started process (PID=8559) to work on /home/airflow/.local/lib/python3.12/site-packages/airflow/example_dags/example_time_delta_sensor_async.py
[2025-04-08T01:31:02.827+0000] {processor.py:914} INFO - Processing file /home/airflow/.local/lib/python3.12/site-packages/airflow/example_dags/example_time_delta_sensor_async.py for tasks to queue
[2025-04-08T01:31:02.831+0000] {logging_mixin.py:190} INFO - [2025-04-08T01:31:02.830+0000] {dagbag.py:588} INFO - Filling up the DagBag from /home/airflow/.local/lib/python3.12/site-packages/airflow/example_dags/example_time_delta_sensor_async.py
[2025-04-08T01:31:02.842+0000] {processor.py:925} INFO - DAG(s) 'example_time_delta_sensor_async' retrieved from /home/airflow/.local/lib/python3.12/site-packages/airflow/example_dags/example_time_delta_sensor_async.py
[2025-04-08T01:31:02.882+0000] {logging_mixin.py:190} INFO - [2025-04-08T01:31:02.881+0000] {dag.py:3239} INFO - Sync 1 DAGs
[2025-04-08T01:31:02.909+0000] {logging_mixin.py:190} INFO - [2025-04-08T01:31:02.909+0000] {dag.py:4180} INFO - Setting next_dagrun for example_time_delta_sensor_async to None, run_after=None
[2025-04-08T01:31:02.962+0000] {processor.py:208} INFO - Processing /home/airflow/.local/lib/python3.12/site-packages/airflow/example_dags/example_time_delta_sensor_async.py took 0.143 seconds
[2025-04-08T01:31:33.263+0000] {processor.py:186} INFO - Started process (PID=8622) to work on /home/airflow/.local/lib/python3.12/site-packages/airflow/example_dags/example_time_delta_sensor_async.py
[2025-04-08T01:31:33.265+0000] {processor.py:914} INFO - Processing file /home/airflow/.local/lib/python3.12/site-packages/airflow/example_dags/example_time_delta_sensor_async.py for tasks to queue
[2025-04-08T01:31:33.268+0000] {logging_mixin.py:190} INFO - [2025-04-08T01:31:33.267+0000] {dagbag.py:588} INFO - Filling up the DagBag from /home/airflow/.local/lib/python3.12/site-packages/airflow/example_dags/example_time_delta_sensor_async.py
[2025-04-08T01:31:33.283+0000] {processor.py:925} INFO - DAG(s) 'example_time_delta_sensor_async' retrieved from /home/airflow/.local/lib/python3.12/site-packages/airflow/example_dags/example_time_delta_sensor_async.py
[2025-04-08T01:31:33.314+0000] {logging_mixin.py:190} INFO - [2025-04-08T01:31:33.313+0000] {dag.py:3239} INFO - Sync 1 DAGs
[2025-04-08T01:31:33.337+0000] {logging_mixin.py:190} INFO - [2025-04-08T01:31:33.337+0000] {dag.py:4180} INFO - Setting next_dagrun for example_time_delta_sensor_async to None, run_after=None
[2025-04-08T01:31:33.377+0000] {processor.py:208} INFO - Processing /home/airflow/.local/lib/python3.12/site-packages/airflow/example_dags/example_time_delta_sensor_async.py took 0.127 seconds
[2025-04-08T01:32:04.791+0000] {processor.py:186} INFO - Started process (PID=8684) to work on /home/airflow/.local/lib/python3.12/site-packages/airflow/example_dags/example_time_delta_sensor_async.py
[2025-04-08T01:32:04.793+0000] {processor.py:914} INFO - Processing file /home/airflow/.local/lib/python3.12/site-packages/airflow/example_dags/example_time_delta_sensor_async.py for tasks to queue
[2025-04-08T01:32:04.799+0000] {logging_mixin.py:190} INFO - [2025-04-08T01:32:04.795+0000] {dagbag.py:588} INFO - Filling up the DagBag from /home/airflow/.local/lib/python3.12/site-packages/airflow/example_dags/example_time_delta_sensor_async.py
[2025-04-08T01:32:04.816+0000] {processor.py:925} INFO - DAG(s) 'example_time_delta_sensor_async' retrieved from /home/airflow/.local/lib/python3.12/site-packages/airflow/example_dags/example_time_delta_sensor_async.py
[2025-04-08T01:32:04.867+0000] {logging_mixin.py:190} INFO - [2025-04-08T01:32:04.866+0000] {dag.py:3239} INFO - Sync 1 DAGs
[2025-04-08T01:32:04.887+0000] {logging_mixin.py:190} INFO - [2025-04-08T01:32:04.886+0000] {dag.py:4180} INFO - Setting next_dagrun for example_time_delta_sensor_async to None, run_after=None
[2025-04-08T01:32:04.925+0000] {processor.py:208} INFO - Processing /home/airflow/.local/lib/python3.12/site-packages/airflow/example_dags/example_time_delta_sensor_async.py took 0.154 seconds
[2025-04-08T01:32:35.595+0000] {processor.py:186} INFO - Started process (PID=8746) to work on /home/airflow/.local/lib/python3.12/site-packages/airflow/example_dags/example_time_delta_sensor_async.py
[2025-04-08T01:32:35.597+0000] {processor.py:914} INFO - Processing file /home/airflow/.local/lib/python3.12/site-packages/airflow/example_dags/example_time_delta_sensor_async.py for tasks to queue
[2025-04-08T01:32:35.599+0000] {logging_mixin.py:190} INFO - [2025-04-08T01:32:35.599+0000] {dagbag.py:588} INFO - Filling up the DagBag from /home/airflow/.local/lib/python3.12/site-packages/airflow/example_dags/example_time_delta_sensor_async.py
[2025-04-08T01:32:35.605+0000] {processor.py:925} INFO - DAG(s) 'example_time_delta_sensor_async' retrieved from /home/airflow/.local/lib/python3.12/site-packages/airflow/example_dags/example_time_delta_sensor_async.py
[2025-04-08T01:32:35.636+0000] {logging_mixin.py:190} INFO - [2025-04-08T01:32:35.635+0000] {dag.py:3239} INFO - Sync 1 DAGs
[2025-04-08T01:32:35.661+0000] {logging_mixin.py:190} INFO - [2025-04-08T01:32:35.661+0000] {dag.py:4180} INFO - Setting next_dagrun for example_time_delta_sensor_async to None, run_after=None
[2025-04-08T01:32:35.709+0000] {processor.py:208} INFO - Processing /home/airflow/.local/lib/python3.12/site-packages/airflow/example_dags/example_time_delta_sensor_async.py took 0.119 seconds
[2025-04-08T01:33:06.234+0000] {processor.py:186} INFO - Started process (PID=8809) to work on /home/airflow/.local/lib/python3.12/site-packages/airflow/example_dags/example_time_delta_sensor_async.py
[2025-04-08T01:33:06.236+0000] {processor.py:914} INFO - Processing file /home/airflow/.local/lib/python3.12/site-packages/airflow/example_dags/example_time_delta_sensor_async.py for tasks to queue
[2025-04-08T01:33:06.240+0000] {logging_mixin.py:190} INFO - [2025-04-08T01:33:06.238+0000] {dagbag.py:588} INFO - Filling up the DagBag from /home/airflow/.local/lib/python3.12/site-packages/airflow/example_dags/example_time_delta_sensor_async.py
[2025-04-08T01:33:06.250+0000] {processor.py:925} INFO - DAG(s) 'example_time_delta_sensor_async' retrieved from /home/airflow/.local/lib/python3.12/site-packages/airflow/example_dags/example_time_delta_sensor_async.py
[2025-04-08T01:33:06.293+0000] {logging_mixin.py:190} INFO - [2025-04-08T01:33:06.293+0000] {dag.py:3239} INFO - Sync 1 DAGs
[2025-04-08T01:33:06.312+0000] {logging_mixin.py:190} INFO - [2025-04-08T01:33:06.312+0000] {dag.py:4180} INFO - Setting next_dagrun for example_time_delta_sensor_async to None, run_after=None
[2025-04-08T01:33:06.347+0000] {processor.py:208} INFO - Processing /home/airflow/.local/lib/python3.12/site-packages/airflow/example_dags/example_time_delta_sensor_async.py took 0.123 seconds
[2025-04-08T01:33:36.568+0000] {processor.py:186} INFO - Started process (PID=8872) to work on /home/airflow/.local/lib/python3.12/site-packages/airflow/example_dags/example_time_delta_sensor_async.py
[2025-04-08T01:33:36.570+0000] {processor.py:914} INFO - Processing file /home/airflow/.local/lib/python3.12/site-packages/airflow/example_dags/example_time_delta_sensor_async.py for tasks to queue
[2025-04-08T01:33:36.575+0000] {logging_mixin.py:190} INFO - [2025-04-08T01:33:36.574+0000] {dagbag.py:588} INFO - Filling up the DagBag from /home/airflow/.local/lib/python3.12/site-packages/airflow/example_dags/example_time_delta_sensor_async.py
[2025-04-08T01:33:36.593+0000] {processor.py:925} INFO - DAG(s) 'example_time_delta_sensor_async' retrieved from /home/airflow/.local/lib/python3.12/site-packages/airflow/example_dags/example_time_delta_sensor_async.py
[2025-04-08T01:33:36.653+0000] {logging_mixin.py:190} INFO - [2025-04-08T01:33:36.653+0000] {dag.py:3239} INFO - Sync 1 DAGs
[2025-04-08T01:33:36.682+0000] {logging_mixin.py:190} INFO - [2025-04-08T01:33:36.681+0000] {dag.py:4180} INFO - Setting next_dagrun for example_time_delta_sensor_async to None, run_after=None
[2025-04-08T01:33:36.725+0000] {processor.py:208} INFO - Processing /home/airflow/.local/lib/python3.12/site-packages/airflow/example_dags/example_time_delta_sensor_async.py took 0.167 seconds
[2025-04-08T01:34:07.193+0000] {processor.py:186} INFO - Started process (PID=8934) to work on /home/airflow/.local/lib/python3.12/site-packages/airflow/example_dags/example_time_delta_sensor_async.py
[2025-04-08T01:34:07.195+0000] {processor.py:914} INFO - Processing file /home/airflow/.local/lib/python3.12/site-packages/airflow/example_dags/example_time_delta_sensor_async.py for tasks to queue
[2025-04-08T01:34:07.199+0000] {logging_mixin.py:190} INFO - [2025-04-08T01:34:07.198+0000] {dagbag.py:588} INFO - Filling up the DagBag from /home/airflow/.local/lib/python3.12/site-packages/airflow/example_dags/example_time_delta_sensor_async.py
[2025-04-08T01:34:07.210+0000] {processor.py:925} INFO - DAG(s) 'example_time_delta_sensor_async' retrieved from /home/airflow/.local/lib/python3.12/site-packages/airflow/example_dags/example_time_delta_sensor_async.py
[2025-04-08T01:34:07.246+0000] {logging_mixin.py:190} INFO - [2025-04-08T01:34:07.245+0000] {dag.py:3239} INFO - Sync 1 DAGs
[2025-04-08T01:34:07.269+0000] {logging_mixin.py:190} INFO - [2025-04-08T01:34:07.269+0000] {dag.py:4180} INFO - Setting next_dagrun for example_time_delta_sensor_async to None, run_after=None
[2025-04-08T01:34:07.304+0000] {processor.py:208} INFO - Processing /home/airflow/.local/lib/python3.12/site-packages/airflow/example_dags/example_time_delta_sensor_async.py took 0.123 seconds
[2025-04-08T01:34:37.696+0000] {processor.py:186} INFO - Started process (PID=9004) to work on /home/airflow/.local/lib/python3.12/site-packages/airflow/example_dags/example_time_delta_sensor_async.py
[2025-04-08T01:34:37.698+0000] {processor.py:914} INFO - Processing file /home/airflow/.local/lib/python3.12/site-packages/airflow/example_dags/example_time_delta_sensor_async.py for tasks to queue
[2025-04-08T01:34:37.703+0000] {logging_mixin.py:190} INFO - [2025-04-08T01:34:37.702+0000] {dagbag.py:588} INFO - Filling up the DagBag from /home/airflow/.local/lib/python3.12/site-packages/airflow/example_dags/example_time_delta_sensor_async.py
[2025-04-08T01:34:37.718+0000] {processor.py:925} INFO - DAG(s) 'example_time_delta_sensor_async' retrieved from /home/airflow/.local/lib/python3.12/site-packages/airflow/example_dags/example_time_delta_sensor_async.py
[2025-04-08T01:34:37.770+0000] {logging_mixin.py:190} INFO - [2025-04-08T01:34:37.769+0000] {dag.py:3239} INFO - Sync 1 DAGs
[2025-04-08T01:34:37.801+0000] {logging_mixin.py:190} INFO - [2025-04-08T01:34:37.801+0000] {dag.py:4180} INFO - Setting next_dagrun for example_time_delta_sensor_async to None, run_after=None
[2025-04-08T01:34:37.841+0000] {processor.py:208} INFO - Processing /home/airflow/.local/lib/python3.12/site-packages/airflow/example_dags/example_time_delta_sensor_async.py took 0.157 seconds
[2025-04-08T01:35:11.357+0000] {processor.py:186} INFO - Started process (PID=9068) to work on /home/airflow/.local/lib/python3.12/site-packages/airflow/example_dags/example_time_delta_sensor_async.py
[2025-04-08T01:35:11.361+0000] {processor.py:914} INFO - Processing file /home/airflow/.local/lib/python3.12/site-packages/airflow/example_dags/example_time_delta_sensor_async.py for tasks to queue
[2025-04-08T01:35:11.367+0000] {logging_mixin.py:190} INFO - [2025-04-08T01:35:11.366+0000] {dagbag.py:588} INFO - Filling up the DagBag from /home/airflow/.local/lib/python3.12/site-packages/airflow/example_dags/example_time_delta_sensor_async.py
[2025-04-08T01:35:11.397+0000] {processor.py:925} INFO - DAG(s) 'example_time_delta_sensor_async' retrieved from /home/airflow/.local/lib/python3.12/site-packages/airflow/example_dags/example_time_delta_sensor_async.py
[2025-04-08T01:35:11.498+0000] {logging_mixin.py:190} INFO - [2025-04-08T01:35:11.497+0000] {dag.py:3239} INFO - Sync 1 DAGs
[2025-04-08T01:35:11.557+0000] {logging_mixin.py:190} INFO - [2025-04-08T01:35:11.557+0000] {dag.py:4180} INFO - Setting next_dagrun for example_time_delta_sensor_async to None, run_after=None
[2025-04-08T01:35:11.652+0000] {processor.py:208} INFO - Processing /home/airflow/.local/lib/python3.12/site-packages/airflow/example_dags/example_time_delta_sensor_async.py took 0.325 seconds
[2025-04-08T01:35:43.881+0000] {processor.py:186} INFO - Started process (PID=9132) to work on /home/airflow/.local/lib/python3.12/site-packages/airflow/example_dags/example_time_delta_sensor_async.py
[2025-04-08T01:35:43.884+0000] {processor.py:914} INFO - Processing file /home/airflow/.local/lib/python3.12/site-packages/airflow/example_dags/example_time_delta_sensor_async.py for tasks to queue
[2025-04-08T01:35:43.889+0000] {logging_mixin.py:190} INFO - [2025-04-08T01:35:43.888+0000] {dagbag.py:588} INFO - Filling up the DagBag from /home/airflow/.local/lib/python3.12/site-packages/airflow/example_dags/example_time_delta_sensor_async.py
[2025-04-08T01:35:43.917+0000] {processor.py:925} INFO - DAG(s) 'example_time_delta_sensor_async' retrieved from /home/airflow/.local/lib/python3.12/site-packages/airflow/example_dags/example_time_delta_sensor_async.py
[2025-04-08T01:35:44.009+0000] {logging_mixin.py:190} INFO - [2025-04-08T01:35:44.008+0000] {dag.py:3239} INFO - Sync 1 DAGs
[2025-04-08T01:35:44.073+0000] {logging_mixin.py:190} INFO - [2025-04-08T01:35:44.072+0000] {dag.py:4180} INFO - Setting next_dagrun for example_time_delta_sensor_async to None, run_after=None
[2025-04-08T01:35:44.169+0000] {processor.py:208} INFO - Processing /home/airflow/.local/lib/python3.12/site-packages/airflow/example_dags/example_time_delta_sensor_async.py took 0.305 seconds
[2025-04-08T01:36:14.575+0000] {processor.py:186} INFO - Started process (PID=9195) to work on /home/airflow/.local/lib/python3.12/site-packages/airflow/example_dags/example_time_delta_sensor_async.py
[2025-04-08T01:36:14.578+0000] {processor.py:914} INFO - Processing file /home/airflow/.local/lib/python3.12/site-packages/airflow/example_dags/example_time_delta_sensor_async.py for tasks to queue
[2025-04-08T01:36:14.580+0000] {logging_mixin.py:190} INFO - [2025-04-08T01:36:14.580+0000] {dagbag.py:588} INFO - Filling up the DagBag from /home/airflow/.local/lib/python3.12/site-packages/airflow/example_dags/example_time_delta_sensor_async.py
[2025-04-08T01:36:14.591+0000] {processor.py:925} INFO - DAG(s) 'example_time_delta_sensor_async' retrieved from /home/airflow/.local/lib/python3.12/site-packages/airflow/example_dags/example_time_delta_sensor_async.py
[2025-04-08T01:36:14.629+0000] {logging_mixin.py:190} INFO - [2025-04-08T01:36:14.629+0000] {dag.py:3239} INFO - Sync 1 DAGs
[2025-04-08T01:36:14.658+0000] {logging_mixin.py:190} INFO - [2025-04-08T01:36:14.657+0000] {dag.py:4180} INFO - Setting next_dagrun for example_time_delta_sensor_async to None, run_after=None
[2025-04-08T01:36:14.705+0000] {processor.py:208} INFO - Processing /home/airflow/.local/lib/python3.12/site-packages/airflow/example_dags/example_time_delta_sensor_async.py took 0.147 seconds
[2025-04-08T01:36:53.513+0000] {processor.py:186} INFO - Started process (PID=9253) to work on /home/airflow/.local/lib/python3.12/site-packages/airflow/example_dags/example_time_delta_sensor_async.py
[2025-04-08T01:36:53.534+0000] {processor.py:914} INFO - Processing file /home/airflow/.local/lib/python3.12/site-packages/airflow/example_dags/example_time_delta_sensor_async.py for tasks to queue
[2025-04-08T01:36:53.552+0000] {logging_mixin.py:190} INFO - [2025-04-08T01:36:53.542+0000] {dagbag.py:588} INFO - Filling up the DagBag from /home/airflow/.local/lib/python3.12/site-packages/airflow/example_dags/example_time_delta_sensor_async.py
[2025-04-08T01:36:53.606+0000] {processor.py:925} INFO - DAG(s) 'example_time_delta_sensor_async' retrieved from /home/airflow/.local/lib/python3.12/site-packages/airflow/example_dags/example_time_delta_sensor_async.py
[2025-04-08T01:36:53.805+0000] {logging_mixin.py:190} INFO - [2025-04-08T01:36:53.804+0000] {dag.py:3239} INFO - Sync 1 DAGs
[2025-04-08T01:36:53.946+0000] {logging_mixin.py:190} INFO - [2025-04-08T01:36:53.944+0000] {dag.py:4180} INFO - Setting next_dagrun for example_time_delta_sensor_async to None, run_after=None
[2025-04-08T01:36:54.224+0000] {processor.py:208} INFO - Processing /home/airflow/.local/lib/python3.12/site-packages/airflow/example_dags/example_time_delta_sensor_async.py took 0.748 seconds
[2025-04-08T01:37:50.999+0000] {processor.py:186} INFO - Started process (PID=9322) to work on /home/airflow/.local/lib/python3.12/site-packages/airflow/example_dags/example_time_delta_sensor_async.py
[2025-04-08T01:37:51.006+0000] {processor.py:914} INFO - Processing file /home/airflow/.local/lib/python3.12/site-packages/airflow/example_dags/example_time_delta_sensor_async.py for tasks to queue
[2025-04-08T01:37:51.026+0000] {logging_mixin.py:190} INFO - [2025-04-08T01:37:51.022+0000] {dagbag.py:588} INFO - Filling up the DagBag from /home/airflow/.local/lib/python3.12/site-packages/airflow/example_dags/example_time_delta_sensor_async.py
[2025-04-08T01:37:51.117+0000] {processor.py:925} INFO - DAG(s) 'example_time_delta_sensor_async' retrieved from /home/airflow/.local/lib/python3.12/site-packages/airflow/example_dags/example_time_delta_sensor_async.py
[2025-04-08T01:37:51.502+0000] {logging_mixin.py:190} INFO - [2025-04-08T01:37:51.493+0000] {dag.py:3239} INFO - Sync 1 DAGs
[2025-04-08T01:37:51.677+0000] {logging_mixin.py:190} INFO - [2025-04-08T01:37:51.676+0000] {dag.py:4180} INFO - Setting next_dagrun for example_time_delta_sensor_async to None, run_after=None
[2025-04-08T01:37:51.850+0000] {processor.py:208} INFO - Processing /home/airflow/.local/lib/python3.12/site-packages/airflow/example_dags/example_time_delta_sensor_async.py took 0.919 seconds
[2025-04-08T01:38:22.358+0000] {processor.py:186} INFO - Started process (PID=9384) to work on /home/airflow/.local/lib/python3.12/site-packages/airflow/example_dags/example_time_delta_sensor_async.py
[2025-04-08T01:38:22.361+0000] {processor.py:914} INFO - Processing file /home/airflow/.local/lib/python3.12/site-packages/airflow/example_dags/example_time_delta_sensor_async.py for tasks to queue
[2025-04-08T01:38:22.365+0000] {logging_mixin.py:190} INFO - [2025-04-08T01:38:22.364+0000] {dagbag.py:588} INFO - Filling up the DagBag from /home/airflow/.local/lib/python3.12/site-packages/airflow/example_dags/example_time_delta_sensor_async.py
[2025-04-08T01:38:22.378+0000] {processor.py:925} INFO - DAG(s) 'example_time_delta_sensor_async' retrieved from /home/airflow/.local/lib/python3.12/site-packages/airflow/example_dags/example_time_delta_sensor_async.py
[2025-04-08T01:38:22.443+0000] {logging_mixin.py:190} INFO - [2025-04-08T01:38:22.442+0000] {dag.py:3239} INFO - Sync 1 DAGs
[2025-04-08T01:38:22.490+0000] {logging_mixin.py:190} INFO - [2025-04-08T01:38:22.489+0000] {dag.py:4180} INFO - Setting next_dagrun for example_time_delta_sensor_async to None, run_after=None
[2025-04-08T01:38:22.540+0000] {processor.py:208} INFO - Processing /home/airflow/.local/lib/python3.12/site-packages/airflow/example_dags/example_time_delta_sensor_async.py took 0.192 seconds
[2025-04-08T01:38:52.978+0000] {processor.py:186} INFO - Started process (PID=9447) to work on /home/airflow/.local/lib/python3.12/site-packages/airflow/example_dags/example_time_delta_sensor_async.py
[2025-04-08T01:38:52.982+0000] {processor.py:914} INFO - Processing file /home/airflow/.local/lib/python3.12/site-packages/airflow/example_dags/example_time_delta_sensor_async.py for tasks to queue
[2025-04-08T01:38:52.990+0000] {logging_mixin.py:190} INFO - [2025-04-08T01:38:52.988+0000] {dagbag.py:588} INFO - Filling up the DagBag from /home/airflow/.local/lib/python3.12/site-packages/airflow/example_dags/example_time_delta_sensor_async.py
[2025-04-08T01:38:53.010+0000] {processor.py:925} INFO - DAG(s) 'example_time_delta_sensor_async' retrieved from /home/airflow/.local/lib/python3.12/site-packages/airflow/example_dags/example_time_delta_sensor_async.py
[2025-04-08T01:38:53.080+0000] {logging_mixin.py:190} INFO - [2025-04-08T01:38:53.079+0000] {dag.py:3239} INFO - Sync 1 DAGs
[2025-04-08T01:38:53.130+0000] {logging_mixin.py:190} INFO - [2025-04-08T01:38:53.129+0000] {dag.py:4180} INFO - Setting next_dagrun for example_time_delta_sensor_async to None, run_after=None
[2025-04-08T01:38:53.190+0000] {processor.py:208} INFO - Processing /home/airflow/.local/lib/python3.12/site-packages/airflow/example_dags/example_time_delta_sensor_async.py took 0.231 seconds
[2025-04-08T01:39:26.795+0000] {processor.py:186} INFO - Started process (PID=9510) to work on /home/airflow/.local/lib/python3.12/site-packages/airflow/example_dags/example_time_delta_sensor_async.py
[2025-04-08T01:39:26.814+0000] {processor.py:914} INFO - Processing file /home/airflow/.local/lib/python3.12/site-packages/airflow/example_dags/example_time_delta_sensor_async.py for tasks to queue
[2025-04-08T01:39:26.827+0000] {logging_mixin.py:190} INFO - [2025-04-08T01:39:26.824+0000] {dagbag.py:588} INFO - Filling up the DagBag from /home/airflow/.local/lib/python3.12/site-packages/airflow/example_dags/example_time_delta_sensor_async.py
[2025-04-08T01:39:26.868+0000] {processor.py:925} INFO - DAG(s) 'example_time_delta_sensor_async' retrieved from /home/airflow/.local/lib/python3.12/site-packages/airflow/example_dags/example_time_delta_sensor_async.py
[2025-04-08T01:39:27.039+0000] {logging_mixin.py:190} INFO - [2025-04-08T01:39:27.037+0000] {dag.py:3239} INFO - Sync 1 DAGs
[2025-04-08T01:39:27.131+0000] {logging_mixin.py:190} INFO - [2025-04-08T01:39:27.130+0000] {dag.py:4180} INFO - Setting next_dagrun for example_time_delta_sensor_async to None, run_after=None
[2025-04-08T01:39:27.319+0000] {processor.py:208} INFO - Processing /home/airflow/.local/lib/python3.12/site-packages/airflow/example_dags/example_time_delta_sensor_async.py took 0.610 seconds
[2025-04-08T01:40:00.183+0000] {processor.py:186} INFO - Started process (PID=9565) to work on /home/airflow/.local/lib/python3.12/site-packages/airflow/example_dags/example_time_delta_sensor_async.py
[2025-04-08T01:40:00.190+0000] {processor.py:914} INFO - Processing file /home/airflow/.local/lib/python3.12/site-packages/airflow/example_dags/example_time_delta_sensor_async.py for tasks to queue
[2025-04-08T01:40:00.197+0000] {logging_mixin.py:190} INFO - [2025-04-08T01:40:00.196+0000] {dagbag.py:588} INFO - Filling up the DagBag from /home/airflow/.local/lib/python3.12/site-packages/airflow/example_dags/example_time_delta_sensor_async.py
[2025-04-08T01:40:00.247+0000] {processor.py:925} INFO - DAG(s) 'example_time_delta_sensor_async' retrieved from /home/airflow/.local/lib/python3.12/site-packages/airflow/example_dags/example_time_delta_sensor_async.py
[2025-04-08T01:40:00.390+0000] {logging_mixin.py:190} INFO - [2025-04-08T01:40:00.388+0000] {dag.py:3239} INFO - Sync 1 DAGs
[2025-04-08T01:40:00.529+0000] {logging_mixin.py:190} INFO - [2025-04-08T01:40:00.525+0000] {dag.py:4180} INFO - Setting next_dagrun for example_time_delta_sensor_async to None, run_after=None
[2025-04-08T01:40:00.716+0000] {processor.py:208} INFO - Processing /home/airflow/.local/lib/python3.12/site-packages/airflow/example_dags/example_time_delta_sensor_async.py took 0.560 seconds
[2025-04-08T01:40:35.031+0000] {processor.py:186} INFO - Started process (PID=9628) to work on /home/airflow/.local/lib/python3.12/site-packages/airflow/example_dags/example_time_delta_sensor_async.py
[2025-04-08T01:40:35.043+0000] {processor.py:914} INFO - Processing file /home/airflow/.local/lib/python3.12/site-packages/airflow/example_dags/example_time_delta_sensor_async.py for tasks to queue
[2025-04-08T01:40:35.053+0000] {logging_mixin.py:190} INFO - [2025-04-08T01:40:35.051+0000] {dagbag.py:588} INFO - Filling up the DagBag from /home/airflow/.local/lib/python3.12/site-packages/airflow/example_dags/example_time_delta_sensor_async.py
[2025-04-08T01:40:35.095+0000] {processor.py:925} INFO - DAG(s) 'example_time_delta_sensor_async' retrieved from /home/airflow/.local/lib/python3.12/site-packages/airflow/example_dags/example_time_delta_sensor_async.py
[2025-04-08T01:40:35.240+0000] {logging_mixin.py:190} INFO - [2025-04-08T01:40:35.239+0000] {dag.py:3239} INFO - Sync 1 DAGs
[2025-04-08T01:40:35.333+0000] {logging_mixin.py:190} INFO - [2025-04-08T01:40:35.332+0000] {dag.py:4180} INFO - Setting next_dagrun for example_time_delta_sensor_async to None, run_after=None
[2025-04-08T01:40:35.465+0000] {processor.py:208} INFO - Processing /home/airflow/.local/lib/python3.12/site-packages/airflow/example_dags/example_time_delta_sensor_async.py took 0.470 seconds
[2025-04-08T01:41:07.102+0000] {processor.py:186} INFO - Started process (PID=9691) to work on /home/airflow/.local/lib/python3.12/site-packages/airflow/example_dags/example_time_delta_sensor_async.py
[2025-04-08T01:41:07.106+0000] {processor.py:914} INFO - Processing file /home/airflow/.local/lib/python3.12/site-packages/airflow/example_dags/example_time_delta_sensor_async.py for tasks to queue
[2025-04-08T01:41:07.111+0000] {logging_mixin.py:190} INFO - [2025-04-08T01:41:07.110+0000] {dagbag.py:588} INFO - Filling up the DagBag from /home/airflow/.local/lib/python3.12/site-packages/airflow/example_dags/example_time_delta_sensor_async.py
[2025-04-08T01:41:07.139+0000] {processor.py:925} INFO - DAG(s) 'example_time_delta_sensor_async' retrieved from /home/airflow/.local/lib/python3.12/site-packages/airflow/example_dags/example_time_delta_sensor_async.py
[2025-04-08T01:41:07.215+0000] {logging_mixin.py:190} INFO - [2025-04-08T01:41:07.214+0000] {dag.py:3239} INFO - Sync 1 DAGs
[2025-04-08T01:41:07.261+0000] {logging_mixin.py:190} INFO - [2025-04-08T01:41:07.261+0000] {dag.py:4180} INFO - Setting next_dagrun for example_time_delta_sensor_async to None, run_after=None
[2025-04-08T01:41:07.331+0000] {processor.py:208} INFO - Processing /home/airflow/.local/lib/python3.12/site-packages/airflow/example_dags/example_time_delta_sensor_async.py took 0.249 seconds
[2025-04-08T01:41:37.480+0000] {processor.py:186} INFO - Started process (PID=9753) to work on /home/airflow/.local/lib/python3.12/site-packages/airflow/example_dags/example_time_delta_sensor_async.py
[2025-04-08T01:41:37.486+0000] {processor.py:914} INFO - Processing file /home/airflow/.local/lib/python3.12/site-packages/airflow/example_dags/example_time_delta_sensor_async.py for tasks to queue
[2025-04-08T01:41:37.494+0000] {logging_mixin.py:190} INFO - [2025-04-08T01:41:37.492+0000] {dagbag.py:588} INFO - Filling up the DagBag from /home/airflow/.local/lib/python3.12/site-packages/airflow/example_dags/example_time_delta_sensor_async.py
[2025-04-08T01:41:37.521+0000] {processor.py:925} INFO - DAG(s) 'example_time_delta_sensor_async' retrieved from /home/airflow/.local/lib/python3.12/site-packages/airflow/example_dags/example_time_delta_sensor_async.py
[2025-04-08T01:41:37.621+0000] {logging_mixin.py:190} INFO - [2025-04-08T01:41:37.620+0000] {dag.py:3239} INFO - Sync 1 DAGs
[2025-04-08T01:41:37.691+0000] {logging_mixin.py:190} INFO - [2025-04-08T01:41:37.691+0000] {dag.py:4180} INFO - Setting next_dagrun for example_time_delta_sensor_async to None, run_after=None
[2025-04-08T01:41:37.809+0000] {processor.py:208} INFO - Processing /home/airflow/.local/lib/python3.12/site-packages/airflow/example_dags/example_time_delta_sensor_async.py took 0.356 seconds
[2025-04-08T01:42:09.523+0000] {processor.py:186} INFO - Started process (PID=9815) to work on /home/airflow/.local/lib/python3.12/site-packages/airflow/example_dags/example_time_delta_sensor_async.py
[2025-04-08T01:42:09.527+0000] {processor.py:914} INFO - Processing file /home/airflow/.local/lib/python3.12/site-packages/airflow/example_dags/example_time_delta_sensor_async.py for tasks to queue
[2025-04-08T01:42:09.536+0000] {logging_mixin.py:190} INFO - [2025-04-08T01:42:09.534+0000] {dagbag.py:588} INFO - Filling up the DagBag from /home/airflow/.local/lib/python3.12/site-packages/airflow/example_dags/example_time_delta_sensor_async.py
[2025-04-08T01:42:09.562+0000] {processor.py:925} INFO - DAG(s) 'example_time_delta_sensor_async' retrieved from /home/airflow/.local/lib/python3.12/site-packages/airflow/example_dags/example_time_delta_sensor_async.py
[2025-04-08T01:42:09.677+0000] {logging_mixin.py:190} INFO - [2025-04-08T01:42:09.676+0000] {dag.py:3239} INFO - Sync 1 DAGs
[2025-04-08T01:42:09.762+0000] {logging_mixin.py:190} INFO - [2025-04-08T01:42:09.761+0000] {dag.py:4180} INFO - Setting next_dagrun for example_time_delta_sensor_async to None, run_after=None
[2025-04-08T01:42:09.874+0000] {processor.py:208} INFO - Processing /home/airflow/.local/lib/python3.12/site-packages/airflow/example_dags/example_time_delta_sensor_async.py took 0.381 seconds
[2025-04-08T01:42:50.806+0000] {processor.py:186} INFO - Started process (PID=9879) to work on /home/airflow/.local/lib/python3.12/site-packages/airflow/example_dags/example_time_delta_sensor_async.py
[2025-04-08T01:42:50.819+0000] {processor.py:914} INFO - Processing file /home/airflow/.local/lib/python3.12/site-packages/airflow/example_dags/example_time_delta_sensor_async.py for tasks to queue
[2025-04-08T01:42:50.827+0000] {logging_mixin.py:190} INFO - [2025-04-08T01:42:50.824+0000] {dagbag.py:588} INFO - Filling up the DagBag from /home/airflow/.local/lib/python3.12/site-packages/airflow/example_dags/example_time_delta_sensor_async.py
[2025-04-08T01:42:50.895+0000] {processor.py:925} INFO - DAG(s) 'example_time_delta_sensor_async' retrieved from /home/airflow/.local/lib/python3.12/site-packages/airflow/example_dags/example_time_delta_sensor_async.py
[2025-04-08T01:42:51.098+0000] {logging_mixin.py:190} INFO - [2025-04-08T01:42:51.096+0000] {dag.py:3239} INFO - Sync 1 DAGs
[2025-04-08T01:42:51.320+0000] {logging_mixin.py:190} INFO - [2025-04-08T01:42:51.319+0000] {dag.py:4180} INFO - Setting next_dagrun for example_time_delta_sensor_async to None, run_after=None
[2025-04-08T01:42:51.707+0000] {processor.py:208} INFO - Processing /home/airflow/.local/lib/python3.12/site-packages/airflow/example_dags/example_time_delta_sensor_async.py took 0.978 seconds
