[2025-04-08T00:26:32.023+0000] {processor.py:186} INFO - Started process (PID=5828) to work on /home/airflow/.local/lib/python3.12/site-packages/airflow/example_dags/example_skip_dag.py
[2025-04-08T00:26:32.025+0000] {processor.py:914} INFO - Processing file /home/airflow/.local/lib/python3.12/site-packages/airflow/example_dags/example_skip_dag.py for tasks to queue
[2025-04-08T00:26:32.036+0000] {logging_mixin.py:190} INFO - [2025-04-08T00:26:32.035+0000] {dagbag.py:588} INFO - Filling up the DagBag from /home/airflow/.local/lib/python3.12/site-packages/airflow/example_dags/example_skip_dag.py
[2025-04-08T00:26:32.057+0000] {processor.py:925} INFO - DAG(s) 'example_skip_dag' retrieved from /home/airflow/.local/lib/python3.12/site-packages/airflow/example_dags/example_skip_dag.py
[2025-04-08T00:26:32.128+0000] {logging_mixin.py:190} INFO - [2025-04-08T00:26:32.128+0000] {dag.py:3239} INFO - Sync 1 DAGs
[2025-04-08T00:26:32.207+0000] {logging_mixin.py:190} INFO - [2025-04-08T00:26:32.206+0000] {dag.py:4180} INFO - Setting next_dagrun for example_skip_dag to 2025-04-07 00:00:00+00:00, run_after=2025-04-08 00:00:00+00:00
[2025-04-08T00:26:32.276+0000] {processor.py:208} INFO - Processing /home/airflow/.local/lib/python3.12/site-packages/airflow/example_dags/example_skip_dag.py took 0.269 seconds
[2025-04-08T00:43:39.601+0000] {processor.py:186} INFO - Started process (PID=5853) to work on /home/airflow/.local/lib/python3.12/site-packages/airflow/example_dags/example_skip_dag.py
[2025-04-08T00:43:39.607+0000] {processor.py:914} INFO - Processing file /home/airflow/.local/lib/python3.12/site-packages/airflow/example_dags/example_skip_dag.py for tasks to queue
[2025-04-08T00:43:39.610+0000] {logging_mixin.py:190} INFO - [2025-04-08T00:43:39.609+0000] {dagbag.py:588} INFO - Filling up the DagBag from /home/airflow/.local/lib/python3.12/site-packages/airflow/example_dags/example_skip_dag.py
[2025-04-08T00:43:39.643+0000] {processor.py:925} INFO - DAG(s) 'example_skip_dag' retrieved from /home/airflow/.local/lib/python3.12/site-packages/airflow/example_dags/example_skip_dag.py
[2025-04-08T00:43:39.698+0000] {logging_mixin.py:190} INFO - [2025-04-08T00:43:39.697+0000] {dag.py:3239} INFO - Sync 1 DAGs
[2025-04-08T00:43:39.781+0000] {logging_mixin.py:190} INFO - [2025-04-08T00:43:39.781+0000] {dag.py:4180} INFO - Setting next_dagrun for example_skip_dag to 2025-04-07 00:00:00+00:00, run_after=2025-04-08 00:00:00+00:00
[2025-04-08T00:43:39.860+0000] {processor.py:208} INFO - Processing /home/airflow/.local/lib/python3.12/site-packages/airflow/example_dags/example_skip_dag.py took 0.275 seconds
[2025-04-08T00:44:12.690+0000] {processor.py:186} INFO - Started process (PID=5916) to work on /home/airflow/.local/lib/python3.12/site-packages/airflow/example_dags/example_skip_dag.py
[2025-04-08T00:44:12.713+0000] {processor.py:914} INFO - Processing file /home/airflow/.local/lib/python3.12/site-packages/airflow/example_dags/example_skip_dag.py for tasks to queue
[2025-04-08T00:44:12.725+0000] {logging_mixin.py:190} INFO - [2025-04-08T00:44:12.723+0000] {dagbag.py:588} INFO - Filling up the DagBag from /home/airflow/.local/lib/python3.12/site-packages/airflow/example_dags/example_skip_dag.py
[2025-04-08T00:44:12.813+0000] {processor.py:925} INFO - DAG(s) 'example_skip_dag' retrieved from /home/airflow/.local/lib/python3.12/site-packages/airflow/example_dags/example_skip_dag.py
[2025-04-08T00:44:12.937+0000] {logging_mixin.py:190} INFO - [2025-04-08T00:44:12.936+0000] {dag.py:3239} INFO - Sync 1 DAGs
[2025-04-08T00:44:13.029+0000] {logging_mixin.py:190} INFO - [2025-04-08T00:44:13.028+0000] {dag.py:4180} INFO - Setting next_dagrun for example_skip_dag to 2025-04-07 00:00:00+00:00, run_after=2025-04-08 00:00:00+00:00
[2025-04-08T00:44:13.120+0000] {processor.py:208} INFO - Processing /home/airflow/.local/lib/python3.12/site-packages/airflow/example_dags/example_skip_dag.py took 0.470 seconds
[2025-04-08T00:44:43.778+0000] {processor.py:186} INFO - Started process (PID=5979) to work on /home/airflow/.local/lib/python3.12/site-packages/airflow/example_dags/example_skip_dag.py
[2025-04-08T00:44:43.779+0000] {processor.py:914} INFO - Processing file /home/airflow/.local/lib/python3.12/site-packages/airflow/example_dags/example_skip_dag.py for tasks to queue
[2025-04-08T00:44:43.781+0000] {logging_mixin.py:190} INFO - [2025-04-08T00:44:43.781+0000] {dagbag.py:588} INFO - Filling up the DagBag from /home/airflow/.local/lib/python3.12/site-packages/airflow/example_dags/example_skip_dag.py
[2025-04-08T00:44:43.792+0000] {processor.py:925} INFO - DAG(s) 'example_skip_dag' retrieved from /home/airflow/.local/lib/python3.12/site-packages/airflow/example_dags/example_skip_dag.py
[2025-04-08T00:44:43.817+0000] {logging_mixin.py:190} INFO - [2025-04-08T00:44:43.817+0000] {dag.py:3239} INFO - Sync 1 DAGs
[2025-04-08T00:44:43.843+0000] {logging_mixin.py:190} INFO - [2025-04-08T00:44:43.843+0000] {dag.py:4180} INFO - Setting next_dagrun for example_skip_dag to 2025-04-07 00:00:00+00:00, run_after=2025-04-08 00:00:00+00:00
[2025-04-08T00:44:43.871+0000] {processor.py:208} INFO - Processing /home/airflow/.local/lib/python3.12/site-packages/airflow/example_dags/example_skip_dag.py took 0.101 seconds
[2025-04-08T00:45:14.124+0000] {processor.py:186} INFO - Started process (PID=6042) to work on /home/airflow/.local/lib/python3.12/site-packages/airflow/example_dags/example_skip_dag.py
[2025-04-08T00:45:14.127+0000] {processor.py:914} INFO - Processing file /home/airflow/.local/lib/python3.12/site-packages/airflow/example_dags/example_skip_dag.py for tasks to queue
[2025-04-08T00:45:14.130+0000] {logging_mixin.py:190} INFO - [2025-04-08T00:45:14.129+0000] {dagbag.py:588} INFO - Filling up the DagBag from /home/airflow/.local/lib/python3.12/site-packages/airflow/example_dags/example_skip_dag.py
[2025-04-08T00:45:14.142+0000] {processor.py:925} INFO - DAG(s) 'example_skip_dag' retrieved from /home/airflow/.local/lib/python3.12/site-packages/airflow/example_dags/example_skip_dag.py
[2025-04-08T00:45:14.182+0000] {logging_mixin.py:190} INFO - [2025-04-08T00:45:14.181+0000] {dag.py:3239} INFO - Sync 1 DAGs
[2025-04-08T00:45:14.234+0000] {logging_mixin.py:190} INFO - [2025-04-08T00:45:14.234+0000] {dag.py:4180} INFO - Setting next_dagrun for example_skip_dag to 2025-04-07 00:00:00+00:00, run_after=2025-04-08 00:00:00+00:00
[2025-04-08T00:45:14.273+0000] {processor.py:208} INFO - Processing /home/airflow/.local/lib/python3.12/site-packages/airflow/example_dags/example_skip_dag.py took 0.159 seconds
[2025-04-08T00:45:44.798+0000] {processor.py:186} INFO - Started process (PID=6105) to work on /home/airflow/.local/lib/python3.12/site-packages/airflow/example_dags/example_skip_dag.py
[2025-04-08T00:45:44.799+0000] {processor.py:914} INFO - Processing file /home/airflow/.local/lib/python3.12/site-packages/airflow/example_dags/example_skip_dag.py for tasks to queue
[2025-04-08T00:45:44.801+0000] {logging_mixin.py:190} INFO - [2025-04-08T00:45:44.801+0000] {dagbag.py:588} INFO - Filling up the DagBag from /home/airflow/.local/lib/python3.12/site-packages/airflow/example_dags/example_skip_dag.py
[2025-04-08T00:45:44.811+0000] {processor.py:925} INFO - DAG(s) 'example_skip_dag' retrieved from /home/airflow/.local/lib/python3.12/site-packages/airflow/example_dags/example_skip_dag.py
[2025-04-08T00:45:44.838+0000] {logging_mixin.py:190} INFO - [2025-04-08T00:45:44.838+0000] {dag.py:3239} INFO - Sync 1 DAGs
[2025-04-08T00:45:44.868+0000] {logging_mixin.py:190} INFO - [2025-04-08T00:45:44.868+0000] {dag.py:4180} INFO - Setting next_dagrun for example_skip_dag to 2025-04-07 00:00:00+00:00, run_after=2025-04-08 00:00:00+00:00
[2025-04-08T00:45:44.895+0000] {processor.py:208} INFO - Processing /home/airflow/.local/lib/python3.12/site-packages/airflow/example_dags/example_skip_dag.py took 0.104 seconds
[2025-04-08T00:46:15.783+0000] {processor.py:186} INFO - Started process (PID=6166) to work on /home/airflow/.local/lib/python3.12/site-packages/airflow/example_dags/example_skip_dag.py
[2025-04-08T00:46:15.784+0000] {processor.py:914} INFO - Processing file /home/airflow/.local/lib/python3.12/site-packages/airflow/example_dags/example_skip_dag.py for tasks to queue
[2025-04-08T00:46:15.788+0000] {logging_mixin.py:190} INFO - [2025-04-08T00:46:15.786+0000] {dagbag.py:588} INFO - Filling up the DagBag from /home/airflow/.local/lib/python3.12/site-packages/airflow/example_dags/example_skip_dag.py
[2025-04-08T00:46:15.809+0000] {processor.py:925} INFO - DAG(s) 'example_skip_dag' retrieved from /home/airflow/.local/lib/python3.12/site-packages/airflow/example_dags/example_skip_dag.py
[2025-04-08T00:46:15.859+0000] {logging_mixin.py:190} INFO - [2025-04-08T00:46:15.858+0000] {dag.py:3239} INFO - Sync 1 DAGs
[2025-04-08T00:46:15.913+0000] {logging_mixin.py:190} INFO - [2025-04-08T00:46:15.912+0000] {dag.py:4180} INFO - Setting next_dagrun for example_skip_dag to 2025-04-07 00:00:00+00:00, run_after=2025-04-08 00:00:00+00:00
[2025-04-08T00:46:15.964+0000] {processor.py:208} INFO - Processing /home/airflow/.local/lib/python3.12/site-packages/airflow/example_dags/example_skip_dag.py took 0.198 seconds
[2025-04-08T00:46:46.510+0000] {processor.py:186} INFO - Started process (PID=6228) to work on /home/airflow/.local/lib/python3.12/site-packages/airflow/example_dags/example_skip_dag.py
[2025-04-08T00:46:46.512+0000] {processor.py:914} INFO - Processing file /home/airflow/.local/lib/python3.12/site-packages/airflow/example_dags/example_skip_dag.py for tasks to queue
[2025-04-08T00:46:46.514+0000] {logging_mixin.py:190} INFO - [2025-04-08T00:46:46.513+0000] {dagbag.py:588} INFO - Filling up the DagBag from /home/airflow/.local/lib/python3.12/site-packages/airflow/example_dags/example_skip_dag.py
[2025-04-08T00:46:46.526+0000] {processor.py:925} INFO - DAG(s) 'example_skip_dag' retrieved from /home/airflow/.local/lib/python3.12/site-packages/airflow/example_dags/example_skip_dag.py
[2025-04-08T00:46:46.560+0000] {logging_mixin.py:190} INFO - [2025-04-08T00:46:46.560+0000] {dag.py:3239} INFO - Sync 1 DAGs
[2025-04-08T00:46:46.597+0000] {logging_mixin.py:190} INFO - [2025-04-08T00:46:46.597+0000] {dag.py:4180} INFO - Setting next_dagrun for example_skip_dag to 2025-04-07 00:00:00+00:00, run_after=2025-04-08 00:00:00+00:00
[2025-04-08T00:46:46.632+0000] {processor.py:208} INFO - Processing /home/airflow/.local/lib/python3.12/site-packages/airflow/example_dags/example_skip_dag.py took 0.130 seconds
[2025-04-08T00:47:16.702+0000] {processor.py:186} INFO - Started process (PID=6290) to work on /home/airflow/.local/lib/python3.12/site-packages/airflow/example_dags/example_skip_dag.py
[2025-04-08T00:47:16.703+0000] {processor.py:914} INFO - Processing file /home/airflow/.local/lib/python3.12/site-packages/airflow/example_dags/example_skip_dag.py for tasks to queue
[2025-04-08T00:47:16.706+0000] {logging_mixin.py:190} INFO - [2025-04-08T00:47:16.705+0000] {dagbag.py:588} INFO - Filling up the DagBag from /home/airflow/.local/lib/python3.12/site-packages/airflow/example_dags/example_skip_dag.py
[2025-04-08T00:47:16.721+0000] {processor.py:925} INFO - DAG(s) 'example_skip_dag' retrieved from /home/airflow/.local/lib/python3.12/site-packages/airflow/example_dags/example_skip_dag.py
[2025-04-08T00:47:16.754+0000] {logging_mixin.py:190} INFO - [2025-04-08T00:47:16.754+0000] {dag.py:3239} INFO - Sync 1 DAGs
[2025-04-08T00:47:16.787+0000] {logging_mixin.py:190} INFO - [2025-04-08T00:47:16.786+0000] {dag.py:4180} INFO - Setting next_dagrun for example_skip_dag to 2025-04-07 00:00:00+00:00, run_after=2025-04-08 00:00:00+00:00
[2025-04-08T00:47:16.820+0000] {processor.py:208} INFO - Processing /home/airflow/.local/lib/python3.12/site-packages/airflow/example_dags/example_skip_dag.py took 0.127 seconds
[2025-04-08T00:47:47.033+0000] {processor.py:186} INFO - Started process (PID=6351) to work on /home/airflow/.local/lib/python3.12/site-packages/airflow/example_dags/example_skip_dag.py
[2025-04-08T00:47:47.034+0000] {processor.py:914} INFO - Processing file /home/airflow/.local/lib/python3.12/site-packages/airflow/example_dags/example_skip_dag.py for tasks to queue
[2025-04-08T00:47:47.036+0000] {logging_mixin.py:190} INFO - [2025-04-08T00:47:47.036+0000] {dagbag.py:588} INFO - Filling up the DagBag from /home/airflow/.local/lib/python3.12/site-packages/airflow/example_dags/example_skip_dag.py
[2025-04-08T00:47:47.049+0000] {processor.py:925} INFO - DAG(s) 'example_skip_dag' retrieved from /home/airflow/.local/lib/python3.12/site-packages/airflow/example_dags/example_skip_dag.py
[2025-04-08T00:47:47.077+0000] {logging_mixin.py:190} INFO - [2025-04-08T00:47:47.076+0000] {dag.py:3239} INFO - Sync 1 DAGs
[2025-04-08T00:47:47.107+0000] {logging_mixin.py:190} INFO - [2025-04-08T00:47:47.107+0000] {dag.py:4180} INFO - Setting next_dagrun for example_skip_dag to 2025-04-07 00:00:00+00:00, run_after=2025-04-08 00:00:00+00:00
[2025-04-08T00:47:47.135+0000] {processor.py:208} INFO - Processing /home/airflow/.local/lib/python3.12/site-packages/airflow/example_dags/example_skip_dag.py took 0.111 seconds
[2025-04-08T00:48:17.413+0000] {processor.py:186} INFO - Started process (PID=6414) to work on /home/airflow/.local/lib/python3.12/site-packages/airflow/example_dags/example_skip_dag.py
[2025-04-08T00:48:17.415+0000] {processor.py:914} INFO - Processing file /home/airflow/.local/lib/python3.12/site-packages/airflow/example_dags/example_skip_dag.py for tasks to queue
[2025-04-08T00:48:17.417+0000] {logging_mixin.py:190} INFO - [2025-04-08T00:48:17.416+0000] {dagbag.py:588} INFO - Filling up the DagBag from /home/airflow/.local/lib/python3.12/site-packages/airflow/example_dags/example_skip_dag.py
[2025-04-08T00:48:17.432+0000] {processor.py:925} INFO - DAG(s) 'example_skip_dag' retrieved from /home/airflow/.local/lib/python3.12/site-packages/airflow/example_dags/example_skip_dag.py
[2025-04-08T00:48:17.461+0000] {logging_mixin.py:190} INFO - [2025-04-08T00:48:17.461+0000] {dag.py:3239} INFO - Sync 1 DAGs
[2025-04-08T00:48:17.491+0000] {logging_mixin.py:190} INFO - [2025-04-08T00:48:17.491+0000] {dag.py:4180} INFO - Setting next_dagrun for example_skip_dag to 2025-04-07 00:00:00+00:00, run_after=2025-04-08 00:00:00+00:00
[2025-04-08T00:48:17.520+0000] {processor.py:208} INFO - Processing /home/airflow/.local/lib/python3.12/site-packages/airflow/example_dags/example_skip_dag.py took 0.115 seconds
[2025-04-08T00:48:47.568+0000] {processor.py:186} INFO - Started process (PID=6477) to work on /home/airflow/.local/lib/python3.12/site-packages/airflow/example_dags/example_skip_dag.py
[2025-04-08T00:48:47.569+0000] {processor.py:914} INFO - Processing file /home/airflow/.local/lib/python3.12/site-packages/airflow/example_dags/example_skip_dag.py for tasks to queue
[2025-04-08T00:48:47.571+0000] {logging_mixin.py:190} INFO - [2025-04-08T00:48:47.570+0000] {dagbag.py:588} INFO - Filling up the DagBag from /home/airflow/.local/lib/python3.12/site-packages/airflow/example_dags/example_skip_dag.py
[2025-04-08T00:48:47.583+0000] {processor.py:925} INFO - DAG(s) 'example_skip_dag' retrieved from /home/airflow/.local/lib/python3.12/site-packages/airflow/example_dags/example_skip_dag.py
[2025-04-08T00:48:47.607+0000] {logging_mixin.py:190} INFO - [2025-04-08T00:48:47.607+0000] {dag.py:3239} INFO - Sync 1 DAGs
[2025-04-08T00:48:47.636+0000] {logging_mixin.py:190} INFO - [2025-04-08T00:48:47.635+0000] {dag.py:4180} INFO - Setting next_dagrun for example_skip_dag to 2025-04-07 00:00:00+00:00, run_after=2025-04-08 00:00:00+00:00
[2025-04-08T00:48:47.663+0000] {processor.py:208} INFO - Processing /home/airflow/.local/lib/python3.12/site-packages/airflow/example_dags/example_skip_dag.py took 0.099 seconds
[2025-04-08T00:49:17.883+0000] {processor.py:186} INFO - Started process (PID=6540) to work on /home/airflow/.local/lib/python3.12/site-packages/airflow/example_dags/example_skip_dag.py
[2025-04-08T00:49:17.885+0000] {processor.py:914} INFO - Processing file /home/airflow/.local/lib/python3.12/site-packages/airflow/example_dags/example_skip_dag.py for tasks to queue
[2025-04-08T00:49:17.889+0000] {logging_mixin.py:190} INFO - [2025-04-08T00:49:17.888+0000] {dagbag.py:588} INFO - Filling up the DagBag from /home/airflow/.local/lib/python3.12/site-packages/airflow/example_dags/example_skip_dag.py
[2025-04-08T00:49:17.900+0000] {processor.py:925} INFO - DAG(s) 'example_skip_dag' retrieved from /home/airflow/.local/lib/python3.12/site-packages/airflow/example_dags/example_skip_dag.py
[2025-04-08T00:49:17.925+0000] {logging_mixin.py:190} INFO - [2025-04-08T00:49:17.925+0000] {dag.py:3239} INFO - Sync 1 DAGs
[2025-04-08T00:49:17.952+0000] {logging_mixin.py:190} INFO - [2025-04-08T00:49:17.952+0000] {dag.py:4180} INFO - Setting next_dagrun for example_skip_dag to 2025-04-07 00:00:00+00:00, run_after=2025-04-08 00:00:00+00:00
[2025-04-08T00:49:17.977+0000] {processor.py:208} INFO - Processing /home/airflow/.local/lib/python3.12/site-packages/airflow/example_dags/example_skip_dag.py took 0.106 seconds
[2025-04-08T00:49:48.977+0000] {processor.py:186} INFO - Started process (PID=6603) to work on /home/airflow/.local/lib/python3.12/site-packages/airflow/example_dags/example_skip_dag.py
[2025-04-08T00:49:48.978+0000] {processor.py:914} INFO - Processing file /home/airflow/.local/lib/python3.12/site-packages/airflow/example_dags/example_skip_dag.py for tasks to queue
[2025-04-08T00:49:48.981+0000] {logging_mixin.py:190} INFO - [2025-04-08T00:49:48.980+0000] {dagbag.py:588} INFO - Filling up the DagBag from /home/airflow/.local/lib/python3.12/site-packages/airflow/example_dags/example_skip_dag.py
[2025-04-08T00:49:48.998+0000] {processor.py:925} INFO - DAG(s) 'example_skip_dag' retrieved from /home/airflow/.local/lib/python3.12/site-packages/airflow/example_dags/example_skip_dag.py
[2025-04-08T00:49:49.032+0000] {logging_mixin.py:190} INFO - [2025-04-08T00:49:49.032+0000] {dag.py:3239} INFO - Sync 1 DAGs
[2025-04-08T00:49:49.073+0000] {logging_mixin.py:190} INFO - [2025-04-08T00:49:49.073+0000] {dag.py:4180} INFO - Setting next_dagrun for example_skip_dag to 2025-04-07 00:00:00+00:00, run_after=2025-04-08 00:00:00+00:00
[2025-04-08T00:49:49.105+0000] {processor.py:208} INFO - Processing /home/airflow/.local/lib/python3.12/site-packages/airflow/example_dags/example_skip_dag.py took 0.138 seconds
[2025-04-08T00:50:19.653+0000] {processor.py:186} INFO - Started process (PID=6665) to work on /home/airflow/.local/lib/python3.12/site-packages/airflow/example_dags/example_skip_dag.py
[2025-04-08T00:50:19.656+0000] {processor.py:914} INFO - Processing file /home/airflow/.local/lib/python3.12/site-packages/airflow/example_dags/example_skip_dag.py for tasks to queue
[2025-04-08T00:50:19.660+0000] {logging_mixin.py:190} INFO - [2025-04-08T00:50:19.659+0000] {dagbag.py:588} INFO - Filling up the DagBag from /home/airflow/.local/lib/python3.12/site-packages/airflow/example_dags/example_skip_dag.py
[2025-04-08T00:50:19.680+0000] {processor.py:925} INFO - DAG(s) 'example_skip_dag' retrieved from /home/airflow/.local/lib/python3.12/site-packages/airflow/example_dags/example_skip_dag.py
[2025-04-08T00:50:19.722+0000] {logging_mixin.py:190} INFO - [2025-04-08T00:50:19.721+0000] {dag.py:3239} INFO - Sync 1 DAGs
[2025-04-08T00:50:19.782+0000] {logging_mixin.py:190} INFO - [2025-04-08T00:50:19.782+0000] {dag.py:4180} INFO - Setting next_dagrun for example_skip_dag to 2025-04-07 00:00:00+00:00, run_after=2025-04-08 00:00:00+00:00
[2025-04-08T00:50:19.816+0000] {processor.py:208} INFO - Processing /home/airflow/.local/lib/python3.12/site-packages/airflow/example_dags/example_skip_dag.py took 0.177 seconds
[2025-04-08T00:50:49.995+0000] {processor.py:186} INFO - Started process (PID=6728) to work on /home/airflow/.local/lib/python3.12/site-packages/airflow/example_dags/example_skip_dag.py
[2025-04-08T00:50:49.998+0000] {processor.py:914} INFO - Processing file /home/airflow/.local/lib/python3.12/site-packages/airflow/example_dags/example_skip_dag.py for tasks to queue
[2025-04-08T00:50:50.001+0000] {logging_mixin.py:190} INFO - [2025-04-08T00:50:50.001+0000] {dagbag.py:588} INFO - Filling up the DagBag from /home/airflow/.local/lib/python3.12/site-packages/airflow/example_dags/example_skip_dag.py
[2025-04-08T00:50:50.026+0000] {processor.py:925} INFO - DAG(s) 'example_skip_dag' retrieved from /home/airflow/.local/lib/python3.12/site-packages/airflow/example_dags/example_skip_dag.py
[2025-04-08T00:50:50.070+0000] {logging_mixin.py:190} INFO - [2025-04-08T00:50:50.069+0000] {dag.py:3239} INFO - Sync 1 DAGs
[2025-04-08T00:50:50.118+0000] {logging_mixin.py:190} INFO - [2025-04-08T00:50:50.118+0000] {dag.py:4180} INFO - Setting next_dagrun for example_skip_dag to 2025-04-07 00:00:00+00:00, run_after=2025-04-08 00:00:00+00:00
[2025-04-08T00:50:50.156+0000] {processor.py:208} INFO - Processing /home/airflow/.local/lib/python3.12/site-packages/airflow/example_dags/example_skip_dag.py took 0.174 seconds
[2025-04-08T00:51:20.273+0000] {processor.py:186} INFO - Started process (PID=6791) to work on /home/airflow/.local/lib/python3.12/site-packages/airflow/example_dags/example_skip_dag.py
[2025-04-08T00:51:20.276+0000] {processor.py:914} INFO - Processing file /home/airflow/.local/lib/python3.12/site-packages/airflow/example_dags/example_skip_dag.py for tasks to queue
[2025-04-08T00:51:20.278+0000] {logging_mixin.py:190} INFO - [2025-04-08T00:51:20.278+0000] {dagbag.py:588} INFO - Filling up the DagBag from /home/airflow/.local/lib/python3.12/site-packages/airflow/example_dags/example_skip_dag.py
[2025-04-08T00:51:20.288+0000] {processor.py:925} INFO - DAG(s) 'example_skip_dag' retrieved from /home/airflow/.local/lib/python3.12/site-packages/airflow/example_dags/example_skip_dag.py
[2025-04-08T00:51:20.318+0000] {logging_mixin.py:190} INFO - [2025-04-08T00:51:20.317+0000] {dag.py:3239} INFO - Sync 1 DAGs
[2025-04-08T00:51:20.353+0000] {logging_mixin.py:190} INFO - [2025-04-08T00:51:20.352+0000] {dag.py:4180} INFO - Setting next_dagrun for example_skip_dag to 2025-04-07 00:00:00+00:00, run_after=2025-04-08 00:00:00+00:00
[2025-04-08T00:51:20.387+0000] {processor.py:208} INFO - Processing /home/airflow/.local/lib/python3.12/site-packages/airflow/example_dags/example_skip_dag.py took 0.120 seconds
[2025-04-08T00:51:50.558+0000] {processor.py:186} INFO - Started process (PID=6854) to work on /home/airflow/.local/lib/python3.12/site-packages/airflow/example_dags/example_skip_dag.py
[2025-04-08T00:51:50.559+0000] {processor.py:914} INFO - Processing file /home/airflow/.local/lib/python3.12/site-packages/airflow/example_dags/example_skip_dag.py for tasks to queue
[2025-04-08T00:51:50.562+0000] {logging_mixin.py:190} INFO - [2025-04-08T00:51:50.561+0000] {dagbag.py:588} INFO - Filling up the DagBag from /home/airflow/.local/lib/python3.12/site-packages/airflow/example_dags/example_skip_dag.py
[2025-04-08T00:51:50.574+0000] {processor.py:925} INFO - DAG(s) 'example_skip_dag' retrieved from /home/airflow/.local/lib/python3.12/site-packages/airflow/example_dags/example_skip_dag.py
[2025-04-08T00:51:50.603+0000] {logging_mixin.py:190} INFO - [2025-04-08T00:51:50.603+0000] {dag.py:3239} INFO - Sync 1 DAGs
[2025-04-08T00:51:50.633+0000] {logging_mixin.py:190} INFO - [2025-04-08T00:51:50.633+0000] {dag.py:4180} INFO - Setting next_dagrun for example_skip_dag to 2025-04-07 00:00:00+00:00, run_after=2025-04-08 00:00:00+00:00
[2025-04-08T00:51:50.663+0000] {processor.py:208} INFO - Processing /home/airflow/.local/lib/python3.12/site-packages/airflow/example_dags/example_skip_dag.py took 0.115 seconds
[2025-04-08T00:52:20.894+0000] {processor.py:186} INFO - Started process (PID=6917) to work on /home/airflow/.local/lib/python3.12/site-packages/airflow/example_dags/example_skip_dag.py
[2025-04-08T00:52:20.896+0000] {processor.py:914} INFO - Processing file /home/airflow/.local/lib/python3.12/site-packages/airflow/example_dags/example_skip_dag.py for tasks to queue
[2025-04-08T00:52:20.898+0000] {logging_mixin.py:190} INFO - [2025-04-08T00:52:20.898+0000] {dagbag.py:588} INFO - Filling up the DagBag from /home/airflow/.local/lib/python3.12/site-packages/airflow/example_dags/example_skip_dag.py
[2025-04-08T00:52:20.909+0000] {processor.py:925} INFO - DAG(s) 'example_skip_dag' retrieved from /home/airflow/.local/lib/python3.12/site-packages/airflow/example_dags/example_skip_dag.py
[2025-04-08T00:52:20.934+0000] {logging_mixin.py:190} INFO - [2025-04-08T00:52:20.933+0000] {dag.py:3239} INFO - Sync 1 DAGs
[2025-04-08T00:52:20.963+0000] {logging_mixin.py:190} INFO - [2025-04-08T00:52:20.962+0000] {dag.py:4180} INFO - Setting next_dagrun for example_skip_dag to 2025-04-07 00:00:00+00:00, run_after=2025-04-08 00:00:00+00:00
[2025-04-08T00:52:20.985+0000] {processor.py:208} INFO - Processing /home/airflow/.local/lib/python3.12/site-packages/airflow/example_dags/example_skip_dag.py took 0.097 seconds
[2025-04-08T00:52:51.059+0000] {processor.py:186} INFO - Started process (PID=6980) to work on /home/airflow/.local/lib/python3.12/site-packages/airflow/example_dags/example_skip_dag.py
[2025-04-08T00:52:51.061+0000] {processor.py:914} INFO - Processing file /home/airflow/.local/lib/python3.12/site-packages/airflow/example_dags/example_skip_dag.py for tasks to queue
[2025-04-08T00:52:51.064+0000] {logging_mixin.py:190} INFO - [2025-04-08T00:52:51.063+0000] {dagbag.py:588} INFO - Filling up the DagBag from /home/airflow/.local/lib/python3.12/site-packages/airflow/example_dags/example_skip_dag.py
[2025-04-08T00:52:51.079+0000] {processor.py:925} INFO - DAG(s) 'example_skip_dag' retrieved from /home/airflow/.local/lib/python3.12/site-packages/airflow/example_dags/example_skip_dag.py
[2025-04-08T00:52:51.115+0000] {logging_mixin.py:190} INFO - [2025-04-08T00:52:51.114+0000] {dag.py:3239} INFO - Sync 1 DAGs
[2025-04-08T00:52:51.159+0000] {logging_mixin.py:190} INFO - [2025-04-08T00:52:51.159+0000] {dag.py:4180} INFO - Setting next_dagrun for example_skip_dag to 2025-04-07 00:00:00+00:00, run_after=2025-04-08 00:00:00+00:00
[2025-04-08T00:52:51.201+0000] {processor.py:208} INFO - Processing /home/airflow/.local/lib/python3.12/site-packages/airflow/example_dags/example_skip_dag.py took 0.150 seconds
[2025-04-08T00:53:21.611+0000] {processor.py:186} INFO - Started process (PID=7043) to work on /home/airflow/.local/lib/python3.12/site-packages/airflow/example_dags/example_skip_dag.py
[2025-04-08T00:53:21.613+0000] {processor.py:914} INFO - Processing file /home/airflow/.local/lib/python3.12/site-packages/airflow/example_dags/example_skip_dag.py for tasks to queue
[2025-04-08T00:53:21.616+0000] {logging_mixin.py:190} INFO - [2025-04-08T00:53:21.615+0000] {dagbag.py:588} INFO - Filling up the DagBag from /home/airflow/.local/lib/python3.12/site-packages/airflow/example_dags/example_skip_dag.py
[2025-04-08T00:53:21.626+0000] {processor.py:925} INFO - DAG(s) 'example_skip_dag' retrieved from /home/airflow/.local/lib/python3.12/site-packages/airflow/example_dags/example_skip_dag.py
[2025-04-08T00:53:21.661+0000] {logging_mixin.py:190} INFO - [2025-04-08T00:53:21.660+0000] {dag.py:3239} INFO - Sync 1 DAGs
[2025-04-08T00:53:21.698+0000] {logging_mixin.py:190} INFO - [2025-04-08T00:53:21.697+0000] {dag.py:4180} INFO - Setting next_dagrun for example_skip_dag to 2025-04-07 00:00:00+00:00, run_after=2025-04-08 00:00:00+00:00
[2025-04-08T00:53:21.729+0000] {processor.py:208} INFO - Processing /home/airflow/.local/lib/python3.12/site-packages/airflow/example_dags/example_skip_dag.py took 0.130 seconds
[2025-04-08T00:53:52.195+0000] {processor.py:186} INFO - Started process (PID=7106) to work on /home/airflow/.local/lib/python3.12/site-packages/airflow/example_dags/example_skip_dag.py
[2025-04-08T00:53:52.197+0000] {processor.py:914} INFO - Processing file /home/airflow/.local/lib/python3.12/site-packages/airflow/example_dags/example_skip_dag.py for tasks to queue
[2025-04-08T00:53:52.200+0000] {logging_mixin.py:190} INFO - [2025-04-08T00:53:52.199+0000] {dagbag.py:588} INFO - Filling up the DagBag from /home/airflow/.local/lib/python3.12/site-packages/airflow/example_dags/example_skip_dag.py
[2025-04-08T00:53:52.211+0000] {processor.py:925} INFO - DAG(s) 'example_skip_dag' retrieved from /home/airflow/.local/lib/python3.12/site-packages/airflow/example_dags/example_skip_dag.py
[2025-04-08T00:53:52.237+0000] {logging_mixin.py:190} INFO - [2025-04-08T00:53:52.237+0000] {dag.py:3239} INFO - Sync 1 DAGs
[2025-04-08T00:53:52.270+0000] {logging_mixin.py:190} INFO - [2025-04-08T00:53:52.270+0000] {dag.py:4180} INFO - Setting next_dagrun for example_skip_dag to 2025-04-07 00:00:00+00:00, run_after=2025-04-08 00:00:00+00:00
[2025-04-08T00:53:52.303+0000] {processor.py:208} INFO - Processing /home/airflow/.local/lib/python3.12/site-packages/airflow/example_dags/example_skip_dag.py took 0.113 seconds
[2025-04-08T00:54:22.863+0000] {processor.py:186} INFO - Started process (PID=7169) to work on /home/airflow/.local/lib/python3.12/site-packages/airflow/example_dags/example_skip_dag.py
[2025-04-08T00:54:22.865+0000] {processor.py:914} INFO - Processing file /home/airflow/.local/lib/python3.12/site-packages/airflow/example_dags/example_skip_dag.py for tasks to queue
[2025-04-08T00:54:22.868+0000] {logging_mixin.py:190} INFO - [2025-04-08T00:54:22.868+0000] {dagbag.py:588} INFO - Filling up the DagBag from /home/airflow/.local/lib/python3.12/site-packages/airflow/example_dags/example_skip_dag.py
[2025-04-08T00:54:22.883+0000] {processor.py:925} INFO - DAG(s) 'example_skip_dag' retrieved from /home/airflow/.local/lib/python3.12/site-packages/airflow/example_dags/example_skip_dag.py
[2025-04-08T00:54:22.924+0000] {logging_mixin.py:190} INFO - [2025-04-08T00:54:22.923+0000] {dag.py:3239} INFO - Sync 1 DAGs
[2025-04-08T00:54:22.971+0000] {logging_mixin.py:190} INFO - [2025-04-08T00:54:22.971+0000] {dag.py:4180} INFO - Setting next_dagrun for example_skip_dag to 2025-04-07 00:00:00+00:00, run_after=2025-04-08 00:00:00+00:00
[2025-04-08T00:54:23.011+0000] {processor.py:208} INFO - Processing /home/airflow/.local/lib/python3.12/site-packages/airflow/example_dags/example_skip_dag.py took 0.156 seconds
[2025-04-08T00:54:53.323+0000] {processor.py:186} INFO - Started process (PID=7232) to work on /home/airflow/.local/lib/python3.12/site-packages/airflow/example_dags/example_skip_dag.py
[2025-04-08T00:54:53.325+0000] {processor.py:914} INFO - Processing file /home/airflow/.local/lib/python3.12/site-packages/airflow/example_dags/example_skip_dag.py for tasks to queue
[2025-04-08T00:54:53.326+0000] {logging_mixin.py:190} INFO - [2025-04-08T00:54:53.326+0000] {dagbag.py:588} INFO - Filling up the DagBag from /home/airflow/.local/lib/python3.12/site-packages/airflow/example_dags/example_skip_dag.py
[2025-04-08T00:54:53.337+0000] {processor.py:925} INFO - DAG(s) 'example_skip_dag' retrieved from /home/airflow/.local/lib/python3.12/site-packages/airflow/example_dags/example_skip_dag.py
[2025-04-08T00:54:53.361+0000] {logging_mixin.py:190} INFO - [2025-04-08T00:54:53.361+0000] {dag.py:3239} INFO - Sync 1 DAGs
[2025-04-08T00:54:53.388+0000] {logging_mixin.py:190} INFO - [2025-04-08T00:54:53.388+0000] {dag.py:4180} INFO - Setting next_dagrun for example_skip_dag to 2025-04-07 00:00:00+00:00, run_after=2025-04-08 00:00:00+00:00
[2025-04-08T00:54:53.414+0000] {processor.py:208} INFO - Processing /home/airflow/.local/lib/python3.12/site-packages/airflow/example_dags/example_skip_dag.py took 0.098 seconds
[2025-04-08T00:55:24.028+0000] {processor.py:186} INFO - Started process (PID=7294) to work on /home/airflow/.local/lib/python3.12/site-packages/airflow/example_dags/example_skip_dag.py
[2025-04-08T00:55:24.030+0000] {processor.py:914} INFO - Processing file /home/airflow/.local/lib/python3.12/site-packages/airflow/example_dags/example_skip_dag.py for tasks to queue
[2025-04-08T00:55:24.034+0000] {logging_mixin.py:190} INFO - [2025-04-08T00:55:24.033+0000] {dagbag.py:588} INFO - Filling up the DagBag from /home/airflow/.local/lib/python3.12/site-packages/airflow/example_dags/example_skip_dag.py
[2025-04-08T00:55:24.048+0000] {processor.py:925} INFO - DAG(s) 'example_skip_dag' retrieved from /home/airflow/.local/lib/python3.12/site-packages/airflow/example_dags/example_skip_dag.py
[2025-04-08T00:55:24.079+0000] {logging_mixin.py:190} INFO - [2025-04-08T00:55:24.078+0000] {dag.py:3239} INFO - Sync 1 DAGs
[2025-04-08T00:55:24.112+0000] {logging_mixin.py:190} INFO - [2025-04-08T00:55:24.112+0000] {dag.py:4180} INFO - Setting next_dagrun for example_skip_dag to 2025-04-07 00:00:00+00:00, run_after=2025-04-08 00:00:00+00:00
[2025-04-08T00:55:24.150+0000] {processor.py:208} INFO - Processing /home/airflow/.local/lib/python3.12/site-packages/airflow/example_dags/example_skip_dag.py took 0.130 seconds
[2025-04-08T00:55:54.502+0000] {processor.py:186} INFO - Started process (PID=7357) to work on /home/airflow/.local/lib/python3.12/site-packages/airflow/example_dags/example_skip_dag.py
[2025-04-08T00:55:54.504+0000] {processor.py:914} INFO - Processing file /home/airflow/.local/lib/python3.12/site-packages/airflow/example_dags/example_skip_dag.py for tasks to queue
[2025-04-08T00:55:54.508+0000] {logging_mixin.py:190} INFO - [2025-04-08T00:55:54.507+0000] {dagbag.py:588} INFO - Filling up the DagBag from /home/airflow/.local/lib/python3.12/site-packages/airflow/example_dags/example_skip_dag.py
[2025-04-08T00:55:54.531+0000] {processor.py:925} INFO - DAG(s) 'example_skip_dag' retrieved from /home/airflow/.local/lib/python3.12/site-packages/airflow/example_dags/example_skip_dag.py
[2025-04-08T00:55:54.582+0000] {logging_mixin.py:190} INFO - [2025-04-08T00:55:54.581+0000] {dag.py:3239} INFO - Sync 1 DAGs
[2025-04-08T00:55:54.640+0000] {logging_mixin.py:190} INFO - [2025-04-08T00:55:54.640+0000] {dag.py:4180} INFO - Setting next_dagrun for example_skip_dag to 2025-04-07 00:00:00+00:00, run_after=2025-04-08 00:00:00+00:00
[2025-04-08T00:55:54.682+0000] {processor.py:208} INFO - Processing /home/airflow/.local/lib/python3.12/site-packages/airflow/example_dags/example_skip_dag.py took 0.194 seconds
[2025-04-08T00:56:25.158+0000] {processor.py:186} INFO - Started process (PID=7420) to work on /home/airflow/.local/lib/python3.12/site-packages/airflow/example_dags/example_skip_dag.py
[2025-04-08T00:56:25.161+0000] {processor.py:914} INFO - Processing file /home/airflow/.local/lib/python3.12/site-packages/airflow/example_dags/example_skip_dag.py for tasks to queue
[2025-04-08T00:56:25.164+0000] {logging_mixin.py:190} INFO - [2025-04-08T00:56:25.163+0000] {dagbag.py:588} INFO - Filling up the DagBag from /home/airflow/.local/lib/python3.12/site-packages/airflow/example_dags/example_skip_dag.py
[2025-04-08T00:56:25.185+0000] {processor.py:925} INFO - DAG(s) 'example_skip_dag' retrieved from /home/airflow/.local/lib/python3.12/site-packages/airflow/example_dags/example_skip_dag.py
[2025-04-08T00:56:25.233+0000] {logging_mixin.py:190} INFO - [2025-04-08T00:56:25.232+0000] {dag.py:3239} INFO - Sync 1 DAGs
[2025-04-08T00:56:25.279+0000] {logging_mixin.py:190} INFO - [2025-04-08T00:56:25.279+0000] {dag.py:4180} INFO - Setting next_dagrun for example_skip_dag to 2025-04-07 00:00:00+00:00, run_after=2025-04-08 00:00:00+00:00
[2025-04-08T00:56:25.324+0000] {processor.py:208} INFO - Processing /home/airflow/.local/lib/python3.12/site-packages/airflow/example_dags/example_skip_dag.py took 0.182 seconds
[2025-04-08T00:56:56.066+0000] {processor.py:186} INFO - Started process (PID=7483) to work on /home/airflow/.local/lib/python3.12/site-packages/airflow/example_dags/example_skip_dag.py
[2025-04-08T00:56:56.068+0000] {processor.py:914} INFO - Processing file /home/airflow/.local/lib/python3.12/site-packages/airflow/example_dags/example_skip_dag.py for tasks to queue
[2025-04-08T00:56:56.072+0000] {logging_mixin.py:190} INFO - [2025-04-08T00:56:56.071+0000] {dagbag.py:588} INFO - Filling up the DagBag from /home/airflow/.local/lib/python3.12/site-packages/airflow/example_dags/example_skip_dag.py
[2025-04-08T00:56:56.089+0000] {processor.py:925} INFO - DAG(s) 'example_skip_dag' retrieved from /home/airflow/.local/lib/python3.12/site-packages/airflow/example_dags/example_skip_dag.py
[2025-04-08T00:56:56.146+0000] {logging_mixin.py:190} INFO - [2025-04-08T00:56:56.146+0000] {dag.py:3239} INFO - Sync 1 DAGs
[2025-04-08T00:56:56.204+0000] {logging_mixin.py:190} INFO - [2025-04-08T00:56:56.204+0000] {dag.py:4180} INFO - Setting next_dagrun for example_skip_dag to 2025-04-07 00:00:00+00:00, run_after=2025-04-08 00:00:00+00:00
[2025-04-08T00:56:56.265+0000] {processor.py:208} INFO - Processing /home/airflow/.local/lib/python3.12/site-packages/airflow/example_dags/example_skip_dag.py took 0.214 seconds
[2025-04-08T00:57:27.271+0000] {processor.py:186} INFO - Started process (PID=7546) to work on /home/airflow/.local/lib/python3.12/site-packages/airflow/example_dags/example_skip_dag.py
[2025-04-08T00:57:27.273+0000] {processor.py:914} INFO - Processing file /home/airflow/.local/lib/python3.12/site-packages/airflow/example_dags/example_skip_dag.py for tasks to queue
[2025-04-08T00:57:27.276+0000] {logging_mixin.py:190} INFO - [2025-04-08T00:57:27.276+0000] {dagbag.py:588} INFO - Filling up the DagBag from /home/airflow/.local/lib/python3.12/site-packages/airflow/example_dags/example_skip_dag.py
[2025-04-08T00:57:27.287+0000] {processor.py:925} INFO - DAG(s) 'example_skip_dag' retrieved from /home/airflow/.local/lib/python3.12/site-packages/airflow/example_dags/example_skip_dag.py
[2025-04-08T00:57:27.318+0000] {logging_mixin.py:190} INFO - [2025-04-08T00:57:27.317+0000] {dag.py:3239} INFO - Sync 1 DAGs
[2025-04-08T00:57:27.358+0000] {logging_mixin.py:190} INFO - [2025-04-08T00:57:27.358+0000] {dag.py:4180} INFO - Setting next_dagrun for example_skip_dag to 2025-04-07 00:00:00+00:00, run_after=2025-04-08 00:00:00+00:00
[2025-04-08T00:57:27.395+0000] {processor.py:208} INFO - Processing /home/airflow/.local/lib/python3.12/site-packages/airflow/example_dags/example_skip_dag.py took 0.130 seconds
[2025-04-08T00:57:57.899+0000] {processor.py:186} INFO - Started process (PID=7610) to work on /home/airflow/.local/lib/python3.12/site-packages/airflow/example_dags/example_skip_dag.py
[2025-04-08T00:57:57.902+0000] {processor.py:914} INFO - Processing file /home/airflow/.local/lib/python3.12/site-packages/airflow/example_dags/example_skip_dag.py for tasks to queue
[2025-04-08T00:57:57.910+0000] {logging_mixin.py:190} INFO - [2025-04-08T00:57:57.908+0000] {dagbag.py:588} INFO - Filling up the DagBag from /home/airflow/.local/lib/python3.12/site-packages/airflow/example_dags/example_skip_dag.py
[2025-04-08T00:57:57.966+0000] {processor.py:925} INFO - DAG(s) 'example_skip_dag' retrieved from /home/airflow/.local/lib/python3.12/site-packages/airflow/example_dags/example_skip_dag.py
[2025-04-08T00:57:58.081+0000] {logging_mixin.py:190} INFO - [2025-04-08T00:57:58.080+0000] {dag.py:3239} INFO - Sync 1 DAGs
[2025-04-08T00:57:58.201+0000] {logging_mixin.py:190} INFO - [2025-04-08T00:57:58.199+0000] {dag.py:4180} INFO - Setting next_dagrun for example_skip_dag to 2025-04-07 00:00:00+00:00, run_after=2025-04-08 00:00:00+00:00
[2025-04-08T00:57:58.306+0000] {processor.py:208} INFO - Processing /home/airflow/.local/lib/python3.12/site-packages/airflow/example_dags/example_skip_dag.py took 0.424 seconds
[2025-04-08T01:23:44.890+0000] {processor.py:186} INFO - Started process (PID=7672) to work on /home/airflow/.local/lib/python3.12/site-packages/airflow/example_dags/example_skip_dag.py
[2025-04-08T01:23:44.893+0000] {processor.py:914} INFO - Processing file /home/airflow/.local/lib/python3.12/site-packages/airflow/example_dags/example_skip_dag.py for tasks to queue
[2025-04-08T01:23:44.897+0000] {logging_mixin.py:190} INFO - [2025-04-08T01:23:44.896+0000] {dagbag.py:588} INFO - Filling up the DagBag from /home/airflow/.local/lib/python3.12/site-packages/airflow/example_dags/example_skip_dag.py
[2025-04-08T01:23:44.928+0000] {processor.py:925} INFO - DAG(s) 'example_skip_dag' retrieved from /home/airflow/.local/lib/python3.12/site-packages/airflow/example_dags/example_skip_dag.py
[2025-04-08T01:23:45.041+0000] {logging_mixin.py:190} INFO - [2025-04-08T01:23:45.040+0000] {dag.py:3239} INFO - Sync 1 DAGs
[2025-04-08T01:23:45.140+0000] {logging_mixin.py:190} INFO - [2025-04-08T01:23:45.129+0000] {dag.py:4180} INFO - Setting next_dagrun for example_skip_dag to 2025-04-07 00:00:00+00:00, run_after=2025-04-08 00:00:00+00:00
[2025-04-08T01:23:47.366+0000] {processor.py:208} INFO - Processing /home/airflow/.local/lib/python3.12/site-packages/airflow/example_dags/example_skip_dag.py took 2.491 seconds
[2025-04-08T01:24:17.537+0000] {processor.py:186} INFO - Started process (PID=7735) to work on /home/airflow/.local/lib/python3.12/site-packages/airflow/example_dags/example_skip_dag.py
[2025-04-08T01:24:17.539+0000] {processor.py:914} INFO - Processing file /home/airflow/.local/lib/python3.12/site-packages/airflow/example_dags/example_skip_dag.py for tasks to queue
[2025-04-08T01:24:17.542+0000] {logging_mixin.py:190} INFO - [2025-04-08T01:24:17.541+0000] {dagbag.py:588} INFO - Filling up the DagBag from /home/airflow/.local/lib/python3.12/site-packages/airflow/example_dags/example_skip_dag.py
[2025-04-08T01:24:17.565+0000] {processor.py:925} INFO - DAG(s) 'example_skip_dag' retrieved from /home/airflow/.local/lib/python3.12/site-packages/airflow/example_dags/example_skip_dag.py
[2025-04-08T01:24:17.621+0000] {logging_mixin.py:190} INFO - [2025-04-08T01:24:17.621+0000] {dag.py:3239} INFO - Sync 1 DAGs
[2025-04-08T01:24:17.672+0000] {logging_mixin.py:190} INFO - [2025-04-08T01:24:17.671+0000] {dag.py:4180} INFO - Setting next_dagrun for example_skip_dag to 2025-04-07 00:00:00+00:00, run_after=2025-04-08 00:00:00+00:00
[2025-04-08T01:24:17.718+0000] {processor.py:208} INFO - Processing /home/airflow/.local/lib/python3.12/site-packages/airflow/example_dags/example_skip_dag.py took 0.195 seconds
[2025-04-08T01:24:48.687+0000] {processor.py:186} INFO - Started process (PID=7798) to work on /home/airflow/.local/lib/python3.12/site-packages/airflow/example_dags/example_skip_dag.py
[2025-04-08T01:24:48.690+0000] {processor.py:914} INFO - Processing file /home/airflow/.local/lib/python3.12/site-packages/airflow/example_dags/example_skip_dag.py for tasks to queue
[2025-04-08T01:24:48.692+0000] {logging_mixin.py:190} INFO - [2025-04-08T01:24:48.692+0000] {dagbag.py:588} INFO - Filling up the DagBag from /home/airflow/.local/lib/python3.12/site-packages/airflow/example_dags/example_skip_dag.py
[2025-04-08T01:24:48.707+0000] {processor.py:925} INFO - DAG(s) 'example_skip_dag' retrieved from /home/airflow/.local/lib/python3.12/site-packages/airflow/example_dags/example_skip_dag.py
[2025-04-08T01:24:48.760+0000] {logging_mixin.py:190} INFO - [2025-04-08T01:24:48.759+0000] {dag.py:3239} INFO - Sync 1 DAGs
[2025-04-08T01:24:48.800+0000] {logging_mixin.py:190} INFO - [2025-04-08T01:24:48.800+0000] {dag.py:4180} INFO - Setting next_dagrun for example_skip_dag to 2025-04-07 00:00:00+00:00, run_after=2025-04-08 00:00:00+00:00
[2025-04-08T01:24:48.839+0000] {processor.py:208} INFO - Processing /home/airflow/.local/lib/python3.12/site-packages/airflow/example_dags/example_skip_dag.py took 0.160 seconds
[2025-04-08T01:25:19.066+0000] {processor.py:186} INFO - Started process (PID=7861) to work on /home/airflow/.local/lib/python3.12/site-packages/airflow/example_dags/example_skip_dag.py
[2025-04-08T01:25:19.068+0000] {processor.py:914} INFO - Processing file /home/airflow/.local/lib/python3.12/site-packages/airflow/example_dags/example_skip_dag.py for tasks to queue
[2025-04-08T01:25:19.072+0000] {logging_mixin.py:190} INFO - [2025-04-08T01:25:19.071+0000] {dagbag.py:588} INFO - Filling up the DagBag from /home/airflow/.local/lib/python3.12/site-packages/airflow/example_dags/example_skip_dag.py
[2025-04-08T01:25:19.097+0000] {processor.py:925} INFO - DAG(s) 'example_skip_dag' retrieved from /home/airflow/.local/lib/python3.12/site-packages/airflow/example_dags/example_skip_dag.py
[2025-04-08T01:25:19.167+0000] {logging_mixin.py:190} INFO - [2025-04-08T01:25:19.167+0000] {dag.py:3239} INFO - Sync 1 DAGs
[2025-04-08T01:25:19.205+0000] {logging_mixin.py:190} INFO - [2025-04-08T01:25:19.205+0000] {dag.py:4180} INFO - Setting next_dagrun for example_skip_dag to 2025-04-07 00:00:00+00:00, run_after=2025-04-08 00:00:00+00:00
[2025-04-08T01:25:19.241+0000] {processor.py:208} INFO - Processing /home/airflow/.local/lib/python3.12/site-packages/airflow/example_dags/example_skip_dag.py took 0.190 seconds
[2025-04-08T01:25:49.659+0000] {processor.py:186} INFO - Started process (PID=7923) to work on /home/airflow/.local/lib/python3.12/site-packages/airflow/example_dags/example_skip_dag.py
[2025-04-08T01:25:49.662+0000] {processor.py:914} INFO - Processing file /home/airflow/.local/lib/python3.12/site-packages/airflow/example_dags/example_skip_dag.py for tasks to queue
[2025-04-08T01:25:49.666+0000] {logging_mixin.py:190} INFO - [2025-04-08T01:25:49.665+0000] {dagbag.py:588} INFO - Filling up the DagBag from /home/airflow/.local/lib/python3.12/site-packages/airflow/example_dags/example_skip_dag.py
[2025-04-08T01:25:49.687+0000] {processor.py:925} INFO - DAG(s) 'example_skip_dag' retrieved from /home/airflow/.local/lib/python3.12/site-packages/airflow/example_dags/example_skip_dag.py
[2025-04-08T01:25:49.753+0000] {logging_mixin.py:190} INFO - [2025-04-08T01:25:49.753+0000] {dag.py:3239} INFO - Sync 1 DAGs
[2025-04-08T01:25:49.795+0000] {logging_mixin.py:190} INFO - [2025-04-08T01:25:49.795+0000] {dag.py:4180} INFO - Setting next_dagrun for example_skip_dag to 2025-04-07 00:00:00+00:00, run_after=2025-04-08 00:00:00+00:00
[2025-04-08T01:25:49.841+0000] {processor.py:208} INFO - Processing /home/airflow/.local/lib/python3.12/site-packages/airflow/example_dags/example_skip_dag.py took 0.194 seconds
[2025-04-08T01:26:20.319+0000] {processor.py:186} INFO - Started process (PID=7986) to work on /home/airflow/.local/lib/python3.12/site-packages/airflow/example_dags/example_skip_dag.py
[2025-04-08T01:26:20.321+0000] {processor.py:914} INFO - Processing file /home/airflow/.local/lib/python3.12/site-packages/airflow/example_dags/example_skip_dag.py for tasks to queue
[2025-04-08T01:26:20.325+0000] {logging_mixin.py:190} INFO - [2025-04-08T01:26:20.324+0000] {dagbag.py:588} INFO - Filling up the DagBag from /home/airflow/.local/lib/python3.12/site-packages/airflow/example_dags/example_skip_dag.py
[2025-04-08T01:26:20.340+0000] {processor.py:925} INFO - DAG(s) 'example_skip_dag' retrieved from /home/airflow/.local/lib/python3.12/site-packages/airflow/example_dags/example_skip_dag.py
[2025-04-08T01:26:20.391+0000] {logging_mixin.py:190} INFO - [2025-04-08T01:26:20.390+0000] {dag.py:3239} INFO - Sync 1 DAGs
[2025-04-08T01:26:20.450+0000] {logging_mixin.py:190} INFO - [2025-04-08T01:26:20.449+0000] {dag.py:4180} INFO - Setting next_dagrun for example_skip_dag to 2025-04-07 00:00:00+00:00, run_after=2025-04-08 00:00:00+00:00
[2025-04-08T01:26:20.494+0000] {processor.py:208} INFO - Processing /home/airflow/.local/lib/python3.12/site-packages/airflow/example_dags/example_skip_dag.py took 0.190 seconds
[2025-04-08T01:26:51.102+0000] {processor.py:186} INFO - Started process (PID=8049) to work on /home/airflow/.local/lib/python3.12/site-packages/airflow/example_dags/example_skip_dag.py
[2025-04-08T01:26:51.105+0000] {processor.py:914} INFO - Processing file /home/airflow/.local/lib/python3.12/site-packages/airflow/example_dags/example_skip_dag.py for tasks to queue
[2025-04-08T01:26:51.110+0000] {logging_mixin.py:190} INFO - [2025-04-08T01:26:51.109+0000] {dagbag.py:588} INFO - Filling up the DagBag from /home/airflow/.local/lib/python3.12/site-packages/airflow/example_dags/example_skip_dag.py
[2025-04-08T01:26:51.139+0000] {processor.py:925} INFO - DAG(s) 'example_skip_dag' retrieved from /home/airflow/.local/lib/python3.12/site-packages/airflow/example_dags/example_skip_dag.py
[2025-04-08T01:26:51.215+0000] {logging_mixin.py:190} INFO - [2025-04-08T01:26:51.215+0000] {dag.py:3239} INFO - Sync 1 DAGs
[2025-04-08T01:26:51.263+0000] {logging_mixin.py:190} INFO - [2025-04-08T01:26:51.263+0000] {dag.py:4180} INFO - Setting next_dagrun for example_skip_dag to 2025-04-07 00:00:00+00:00, run_after=2025-04-08 00:00:00+00:00
[2025-04-08T01:26:51.295+0000] {processor.py:208} INFO - Processing /home/airflow/.local/lib/python3.12/site-packages/airflow/example_dags/example_skip_dag.py took 0.211 seconds
[2025-04-08T01:27:21.907+0000] {processor.py:186} INFO - Started process (PID=8112) to work on /home/airflow/.local/lib/python3.12/site-packages/airflow/example_dags/example_skip_dag.py
[2025-04-08T01:27:21.909+0000] {processor.py:914} INFO - Processing file /home/airflow/.local/lib/python3.12/site-packages/airflow/example_dags/example_skip_dag.py for tasks to queue
[2025-04-08T01:27:21.911+0000] {logging_mixin.py:190} INFO - [2025-04-08T01:27:21.911+0000] {dagbag.py:588} INFO - Filling up the DagBag from /home/airflow/.local/lib/python3.12/site-packages/airflow/example_dags/example_skip_dag.py
[2025-04-08T01:27:21.922+0000] {processor.py:925} INFO - DAG(s) 'example_skip_dag' retrieved from /home/airflow/.local/lib/python3.12/site-packages/airflow/example_dags/example_skip_dag.py
[2025-04-08T01:27:21.966+0000] {logging_mixin.py:190} INFO - [2025-04-08T01:27:21.965+0000] {dag.py:3239} INFO - Sync 1 DAGs
[2025-04-08T01:27:22.014+0000] {logging_mixin.py:190} INFO - [2025-04-08T01:27:22.013+0000] {dag.py:4180} INFO - Setting next_dagrun for example_skip_dag to 2025-04-07 00:00:00+00:00, run_after=2025-04-08 00:00:00+00:00
[2025-04-08T01:27:22.064+0000] {processor.py:208} INFO - Processing /home/airflow/.local/lib/python3.12/site-packages/airflow/example_dags/example_skip_dag.py took 0.163 seconds
[2025-04-08T01:27:52.440+0000] {processor.py:186} INFO - Started process (PID=8175) to work on /home/airflow/.local/lib/python3.12/site-packages/airflow/example_dags/example_skip_dag.py
[2025-04-08T01:27:52.441+0000] {processor.py:914} INFO - Processing file /home/airflow/.local/lib/python3.12/site-packages/airflow/example_dags/example_skip_dag.py for tasks to queue
[2025-04-08T01:27:52.447+0000] {logging_mixin.py:190} INFO - [2025-04-08T01:27:52.446+0000] {dagbag.py:588} INFO - Filling up the DagBag from /home/airflow/.local/lib/python3.12/site-packages/airflow/example_dags/example_skip_dag.py
[2025-04-08T01:27:52.468+0000] {processor.py:925} INFO - DAG(s) 'example_skip_dag' retrieved from /home/airflow/.local/lib/python3.12/site-packages/airflow/example_dags/example_skip_dag.py
[2025-04-08T01:27:52.518+0000] {logging_mixin.py:190} INFO - [2025-04-08T01:27:52.517+0000] {dag.py:3239} INFO - Sync 1 DAGs
[2025-04-08T01:27:52.562+0000] {logging_mixin.py:190} INFO - [2025-04-08T01:27:52.562+0000] {dag.py:4180} INFO - Setting next_dagrun for example_skip_dag to 2025-04-07 00:00:00+00:00, run_after=2025-04-08 00:00:00+00:00
[2025-04-08T01:27:52.608+0000] {processor.py:208} INFO - Processing /home/airflow/.local/lib/python3.12/site-packages/airflow/example_dags/example_skip_dag.py took 0.177 seconds
[2025-04-08T01:28:23.051+0000] {processor.py:186} INFO - Started process (PID=8238) to work on /home/airflow/.local/lib/python3.12/site-packages/airflow/example_dags/example_skip_dag.py
[2025-04-08T01:28:23.059+0000] {processor.py:914} INFO - Processing file /home/airflow/.local/lib/python3.12/site-packages/airflow/example_dags/example_skip_dag.py for tasks to queue
[2025-04-08T01:28:23.064+0000] {logging_mixin.py:190} INFO - [2025-04-08T01:28:23.063+0000] {dagbag.py:588} INFO - Filling up the DagBag from /home/airflow/.local/lib/python3.12/site-packages/airflow/example_dags/example_skip_dag.py
[2025-04-08T01:28:23.086+0000] {processor.py:925} INFO - DAG(s) 'example_skip_dag' retrieved from /home/airflow/.local/lib/python3.12/site-packages/airflow/example_dags/example_skip_dag.py
[2025-04-08T01:28:23.125+0000] {logging_mixin.py:190} INFO - [2025-04-08T01:28:23.125+0000] {dag.py:3239} INFO - Sync 1 DAGs
[2025-04-08T01:28:23.170+0000] {logging_mixin.py:190} INFO - [2025-04-08T01:28:23.170+0000] {dag.py:4180} INFO - Setting next_dagrun for example_skip_dag to 2025-04-07 00:00:00+00:00, run_after=2025-04-08 00:00:00+00:00
[2025-04-08T01:28:23.202+0000] {processor.py:208} INFO - Processing /home/airflow/.local/lib/python3.12/site-packages/airflow/example_dags/example_skip_dag.py took 0.171 seconds
[2025-04-08T01:28:53.825+0000] {processor.py:186} INFO - Started process (PID=8300) to work on /home/airflow/.local/lib/python3.12/site-packages/airflow/example_dags/example_skip_dag.py
[2025-04-08T01:28:53.827+0000] {processor.py:914} INFO - Processing file /home/airflow/.local/lib/python3.12/site-packages/airflow/example_dags/example_skip_dag.py for tasks to queue
[2025-04-08T01:28:53.830+0000] {logging_mixin.py:190} INFO - [2025-04-08T01:28:53.830+0000] {dagbag.py:588} INFO - Filling up the DagBag from /home/airflow/.local/lib/python3.12/site-packages/airflow/example_dags/example_skip_dag.py
[2025-04-08T01:28:53.854+0000] {processor.py:925} INFO - DAG(s) 'example_skip_dag' retrieved from /home/airflow/.local/lib/python3.12/site-packages/airflow/example_dags/example_skip_dag.py
[2025-04-08T01:28:53.887+0000] {logging_mixin.py:190} INFO - [2025-04-08T01:28:53.887+0000] {dag.py:3239} INFO - Sync 1 DAGs
[2025-04-08T01:28:53.921+0000] {logging_mixin.py:190} INFO - [2025-04-08T01:28:53.921+0000] {dag.py:4180} INFO - Setting next_dagrun for example_skip_dag to 2025-04-07 00:00:00+00:00, run_after=2025-04-08 00:00:00+00:00
[2025-04-08T01:28:53.953+0000] {processor.py:208} INFO - Processing /home/airflow/.local/lib/python3.12/site-packages/airflow/example_dags/example_skip_dag.py took 0.137 seconds
[2025-04-08T01:29:24.576+0000] {processor.py:186} INFO - Started process (PID=8363) to work on /home/airflow/.local/lib/python3.12/site-packages/airflow/example_dags/example_skip_dag.py
[2025-04-08T01:29:24.578+0000] {processor.py:914} INFO - Processing file /home/airflow/.local/lib/python3.12/site-packages/airflow/example_dags/example_skip_dag.py for tasks to queue
[2025-04-08T01:29:24.580+0000] {logging_mixin.py:190} INFO - [2025-04-08T01:29:24.580+0000] {dagbag.py:588} INFO - Filling up the DagBag from /home/airflow/.local/lib/python3.12/site-packages/airflow/example_dags/example_skip_dag.py
[2025-04-08T01:29:24.593+0000] {processor.py:925} INFO - DAG(s) 'example_skip_dag' retrieved from /home/airflow/.local/lib/python3.12/site-packages/airflow/example_dags/example_skip_dag.py
[2025-04-08T01:29:24.623+0000] {logging_mixin.py:190} INFO - [2025-04-08T01:29:24.623+0000] {dag.py:3239} INFO - Sync 1 DAGs
[2025-04-08T01:29:24.680+0000] {logging_mixin.py:190} INFO - [2025-04-08T01:29:24.678+0000] {dag.py:4180} INFO - Setting next_dagrun for example_skip_dag to 2025-04-07 00:00:00+00:00, run_after=2025-04-08 00:00:00+00:00
[2025-04-08T01:29:24.758+0000] {processor.py:208} INFO - Processing /home/airflow/.local/lib/python3.12/site-packages/airflow/example_dags/example_skip_dag.py took 0.193 seconds
[2025-04-08T01:29:55.272+0000] {processor.py:186} INFO - Started process (PID=8425) to work on /home/airflow/.local/lib/python3.12/site-packages/airflow/example_dags/example_skip_dag.py
[2025-04-08T01:29:55.275+0000] {processor.py:914} INFO - Processing file /home/airflow/.local/lib/python3.12/site-packages/airflow/example_dags/example_skip_dag.py for tasks to queue
[2025-04-08T01:29:55.280+0000] {logging_mixin.py:190} INFO - [2025-04-08T01:29:55.280+0000] {dagbag.py:588} INFO - Filling up the DagBag from /home/airflow/.local/lib/python3.12/site-packages/airflow/example_dags/example_skip_dag.py
[2025-04-08T01:29:55.307+0000] {processor.py:925} INFO - DAG(s) 'example_skip_dag' retrieved from /home/airflow/.local/lib/python3.12/site-packages/airflow/example_dags/example_skip_dag.py
[2025-04-08T01:29:55.384+0000] {logging_mixin.py:190} INFO - [2025-04-08T01:29:55.383+0000] {dag.py:3239} INFO - Sync 1 DAGs
[2025-04-08T01:29:55.435+0000] {logging_mixin.py:190} INFO - [2025-04-08T01:29:55.435+0000] {dag.py:4180} INFO - Setting next_dagrun for example_skip_dag to 2025-04-07 00:00:00+00:00, run_after=2025-04-08 00:00:00+00:00
[2025-04-08T01:29:55.498+0000] {processor.py:208} INFO - Processing /home/airflow/.local/lib/python3.12/site-packages/airflow/example_dags/example_skip_dag.py took 0.247 seconds
[2025-04-08T01:30:27.688+0000] {processor.py:186} INFO - Started process (PID=8488) to work on /home/airflow/.local/lib/python3.12/site-packages/airflow/example_dags/example_skip_dag.py
[2025-04-08T01:30:27.690+0000] {processor.py:914} INFO - Processing file /home/airflow/.local/lib/python3.12/site-packages/airflow/example_dags/example_skip_dag.py for tasks to queue
[2025-04-08T01:30:27.692+0000] {logging_mixin.py:190} INFO - [2025-04-08T01:30:27.691+0000] {dagbag.py:588} INFO - Filling up the DagBag from /home/airflow/.local/lib/python3.12/site-packages/airflow/example_dags/example_skip_dag.py
[2025-04-08T01:30:27.703+0000] {processor.py:925} INFO - DAG(s) 'example_skip_dag' retrieved from /home/airflow/.local/lib/python3.12/site-packages/airflow/example_dags/example_skip_dag.py
[2025-04-08T01:30:27.736+0000] {logging_mixin.py:190} INFO - [2025-04-08T01:30:27.736+0000] {dag.py:3239} INFO - Sync 1 DAGs
[2025-04-08T01:30:27.781+0000] {logging_mixin.py:190} INFO - [2025-04-08T01:30:27.780+0000] {dag.py:4180} INFO - Setting next_dagrun for example_skip_dag to 2025-04-07 00:00:00+00:00, run_after=2025-04-08 00:00:00+00:00
[2025-04-08T01:30:29.000+0000] {processor.py:208} INFO - Processing /home/airflow/.local/lib/python3.12/site-packages/airflow/example_dags/example_skip_dag.py took 1.323 seconds
[2025-04-08T01:30:59.202+0000] {processor.py:186} INFO - Started process (PID=8550) to work on /home/airflow/.local/lib/python3.12/site-packages/airflow/example_dags/example_skip_dag.py
[2025-04-08T01:30:59.203+0000] {processor.py:914} INFO - Processing file /home/airflow/.local/lib/python3.12/site-packages/airflow/example_dags/example_skip_dag.py for tasks to queue
[2025-04-08T01:30:59.206+0000] {logging_mixin.py:190} INFO - [2025-04-08T01:30:59.205+0000] {dagbag.py:588} INFO - Filling up the DagBag from /home/airflow/.local/lib/python3.12/site-packages/airflow/example_dags/example_skip_dag.py
[2025-04-08T01:30:59.214+0000] {processor.py:925} INFO - DAG(s) 'example_skip_dag' retrieved from /home/airflow/.local/lib/python3.12/site-packages/airflow/example_dags/example_skip_dag.py
[2025-04-08T01:30:59.239+0000] {logging_mixin.py:190} INFO - [2025-04-08T01:30:59.238+0000] {dag.py:3239} INFO - Sync 1 DAGs
[2025-04-08T01:30:59.267+0000] {logging_mixin.py:190} INFO - [2025-04-08T01:30:59.267+0000] {dag.py:4180} INFO - Setting next_dagrun for example_skip_dag to 2025-04-07 00:00:00+00:00, run_after=2025-04-08 00:00:00+00:00
[2025-04-08T01:30:59.303+0000] {processor.py:208} INFO - Processing /home/airflow/.local/lib/python3.12/site-packages/airflow/example_dags/example_skip_dag.py took 0.106 seconds
[2025-04-08T01:31:29.881+0000] {processor.py:186} INFO - Started process (PID=8612) to work on /home/airflow/.local/lib/python3.12/site-packages/airflow/example_dags/example_skip_dag.py
[2025-04-08T01:31:29.883+0000] {processor.py:914} INFO - Processing file /home/airflow/.local/lib/python3.12/site-packages/airflow/example_dags/example_skip_dag.py for tasks to queue
[2025-04-08T01:31:29.886+0000] {logging_mixin.py:190} INFO - [2025-04-08T01:31:29.885+0000] {dagbag.py:588} INFO - Filling up the DagBag from /home/airflow/.local/lib/python3.12/site-packages/airflow/example_dags/example_skip_dag.py
[2025-04-08T01:31:29.903+0000] {processor.py:925} INFO - DAG(s) 'example_skip_dag' retrieved from /home/airflow/.local/lib/python3.12/site-packages/airflow/example_dags/example_skip_dag.py
[2025-04-08T01:31:29.955+0000] {logging_mixin.py:190} INFO - [2025-04-08T01:31:29.954+0000] {dag.py:3239} INFO - Sync 1 DAGs
[2025-04-08T01:31:30.004+0000] {logging_mixin.py:190} INFO - [2025-04-08T01:31:30.003+0000] {dag.py:4180} INFO - Setting next_dagrun for example_skip_dag to 2025-04-07 00:00:00+00:00, run_after=2025-04-08 00:00:00+00:00
[2025-04-08T01:31:30.047+0000] {processor.py:208} INFO - Processing /home/airflow/.local/lib/python3.12/site-packages/airflow/example_dags/example_skip_dag.py took 0.174 seconds
[2025-04-08T01:32:00.220+0000] {processor.py:186} INFO - Started process (PID=8675) to work on /home/airflow/.local/lib/python3.12/site-packages/airflow/example_dags/example_skip_dag.py
[2025-04-08T01:32:00.221+0000] {processor.py:914} INFO - Processing file /home/airflow/.local/lib/python3.12/site-packages/airflow/example_dags/example_skip_dag.py for tasks to queue
[2025-04-08T01:32:00.223+0000] {logging_mixin.py:190} INFO - [2025-04-08T01:32:00.223+0000] {dagbag.py:588} INFO - Filling up the DagBag from /home/airflow/.local/lib/python3.12/site-packages/airflow/example_dags/example_skip_dag.py
[2025-04-08T01:32:00.233+0000] {processor.py:925} INFO - DAG(s) 'example_skip_dag' retrieved from /home/airflow/.local/lib/python3.12/site-packages/airflow/example_dags/example_skip_dag.py
[2025-04-08T01:32:00.262+0000] {logging_mixin.py:190} INFO - [2025-04-08T01:32:00.262+0000] {dag.py:3239} INFO - Sync 1 DAGs
[2025-04-08T01:32:00.298+0000] {logging_mixin.py:190} INFO - [2025-04-08T01:32:00.298+0000] {dag.py:4180} INFO - Setting next_dagrun for example_skip_dag to 2025-04-07 00:00:00+00:00, run_after=2025-04-08 00:00:00+00:00
[2025-04-08T01:32:00.328+0000] {processor.py:208} INFO - Processing /home/airflow/.local/lib/python3.12/site-packages/airflow/example_dags/example_skip_dag.py took 0.116 seconds
[2025-04-08T01:32:30.822+0000] {processor.py:186} INFO - Started process (PID=8738) to work on /home/airflow/.local/lib/python3.12/site-packages/airflow/example_dags/example_skip_dag.py
[2025-04-08T01:32:30.823+0000] {processor.py:914} INFO - Processing file /home/airflow/.local/lib/python3.12/site-packages/airflow/example_dags/example_skip_dag.py for tasks to queue
[2025-04-08T01:32:30.825+0000] {logging_mixin.py:190} INFO - [2025-04-08T01:32:30.825+0000] {dagbag.py:588} INFO - Filling up the DagBag from /home/airflow/.local/lib/python3.12/site-packages/airflow/example_dags/example_skip_dag.py
[2025-04-08T01:32:30.836+0000] {processor.py:925} INFO - DAG(s) 'example_skip_dag' retrieved from /home/airflow/.local/lib/python3.12/site-packages/airflow/example_dags/example_skip_dag.py
[2025-04-08T01:32:30.865+0000] {logging_mixin.py:190} INFO - [2025-04-08T01:32:30.865+0000] {dag.py:3239} INFO - Sync 1 DAGs
[2025-04-08T01:32:30.899+0000] {logging_mixin.py:190} INFO - [2025-04-08T01:32:30.899+0000] {dag.py:4180} INFO - Setting next_dagrun for example_skip_dag to 2025-04-07 00:00:00+00:00, run_after=2025-04-08 00:00:00+00:00
[2025-04-08T01:32:30.935+0000] {processor.py:208} INFO - Processing /home/airflow/.local/lib/python3.12/site-packages/airflow/example_dags/example_skip_dag.py took 0.119 seconds
[2025-04-08T01:33:01.107+0000] {processor.py:186} INFO - Started process (PID=8801) to work on /home/airflow/.local/lib/python3.12/site-packages/airflow/example_dags/example_skip_dag.py
[2025-04-08T01:33:01.109+0000] {processor.py:914} INFO - Processing file /home/airflow/.local/lib/python3.12/site-packages/airflow/example_dags/example_skip_dag.py for tasks to queue
[2025-04-08T01:33:01.112+0000] {logging_mixin.py:190} INFO - [2025-04-08T01:33:01.111+0000] {dagbag.py:588} INFO - Filling up the DagBag from /home/airflow/.local/lib/python3.12/site-packages/airflow/example_dags/example_skip_dag.py
[2025-04-08T01:33:01.124+0000] {processor.py:925} INFO - DAG(s) 'example_skip_dag' retrieved from /home/airflow/.local/lib/python3.12/site-packages/airflow/example_dags/example_skip_dag.py
[2025-04-08T01:33:01.157+0000] {logging_mixin.py:190} INFO - [2025-04-08T01:33:01.156+0000] {dag.py:3239} INFO - Sync 1 DAGs
[2025-04-08T01:33:01.186+0000] {logging_mixin.py:190} INFO - [2025-04-08T01:33:01.186+0000] {dag.py:4180} INFO - Setting next_dagrun for example_skip_dag to 2025-04-07 00:00:00+00:00, run_after=2025-04-08 00:00:00+00:00
[2025-04-08T01:33:01.217+0000] {processor.py:208} INFO - Processing /home/airflow/.local/lib/python3.12/site-packages/airflow/example_dags/example_skip_dag.py took 0.118 seconds
[2025-04-08T01:33:31.756+0000] {processor.py:186} INFO - Started process (PID=8864) to work on /home/airflow/.local/lib/python3.12/site-packages/airflow/example_dags/example_skip_dag.py
[2025-04-08T01:33:31.757+0000] {processor.py:914} INFO - Processing file /home/airflow/.local/lib/python3.12/site-packages/airflow/example_dags/example_skip_dag.py for tasks to queue
[2025-04-08T01:33:31.760+0000] {logging_mixin.py:190} INFO - [2025-04-08T01:33:31.759+0000] {dagbag.py:588} INFO - Filling up the DagBag from /home/airflow/.local/lib/python3.12/site-packages/airflow/example_dags/example_skip_dag.py
[2025-04-08T01:33:31.769+0000] {processor.py:925} INFO - DAG(s) 'example_skip_dag' retrieved from /home/airflow/.local/lib/python3.12/site-packages/airflow/example_dags/example_skip_dag.py
[2025-04-08T01:33:31.802+0000] {logging_mixin.py:190} INFO - [2025-04-08T01:33:31.801+0000] {dag.py:3239} INFO - Sync 1 DAGs
[2025-04-08T01:33:31.832+0000] {logging_mixin.py:190} INFO - [2025-04-08T01:33:31.831+0000] {dag.py:4180} INFO - Setting next_dagrun for example_skip_dag to 2025-04-07 00:00:00+00:00, run_after=2025-04-08 00:00:00+00:00
[2025-04-08T01:33:31.877+0000] {processor.py:208} INFO - Processing /home/airflow/.local/lib/python3.12/site-packages/airflow/example_dags/example_skip_dag.py took 0.127 seconds
[2025-04-08T01:34:02.038+0000] {processor.py:186} INFO - Started process (PID=8927) to work on /home/airflow/.local/lib/python3.12/site-packages/airflow/example_dags/example_skip_dag.py
[2025-04-08T01:34:02.041+0000] {processor.py:914} INFO - Processing file /home/airflow/.local/lib/python3.12/site-packages/airflow/example_dags/example_skip_dag.py for tasks to queue
[2025-04-08T01:34:02.045+0000] {logging_mixin.py:190} INFO - [2025-04-08T01:34:02.044+0000] {dagbag.py:588} INFO - Filling up the DagBag from /home/airflow/.local/lib/python3.12/site-packages/airflow/example_dags/example_skip_dag.py
[2025-04-08T01:34:02.061+0000] {processor.py:925} INFO - DAG(s) 'example_skip_dag' retrieved from /home/airflow/.local/lib/python3.12/site-packages/airflow/example_dags/example_skip_dag.py
[2025-04-08T01:34:02.117+0000] {logging_mixin.py:190} INFO - [2025-04-08T01:34:02.116+0000] {dag.py:3239} INFO - Sync 1 DAGs
[2025-04-08T01:34:02.161+0000] {logging_mixin.py:190} INFO - [2025-04-08T01:34:02.161+0000] {dag.py:4180} INFO - Setting next_dagrun for example_skip_dag to 2025-04-07 00:00:00+00:00, run_after=2025-04-08 00:00:00+00:00
[2025-04-08T01:34:02.210+0000] {processor.py:208} INFO - Processing /home/airflow/.local/lib/python3.12/site-packages/airflow/example_dags/example_skip_dag.py took 0.185 seconds
[2025-04-08T01:34:32.557+0000] {processor.py:186} INFO - Started process (PID=8991) to work on /home/airflow/.local/lib/python3.12/site-packages/airflow/example_dags/example_skip_dag.py
[2025-04-08T01:34:32.559+0000] {processor.py:914} INFO - Processing file /home/airflow/.local/lib/python3.12/site-packages/airflow/example_dags/example_skip_dag.py for tasks to queue
[2025-04-08T01:34:32.564+0000] {logging_mixin.py:190} INFO - [2025-04-08T01:34:32.563+0000] {dagbag.py:588} INFO - Filling up the DagBag from /home/airflow/.local/lib/python3.12/site-packages/airflow/example_dags/example_skip_dag.py
[2025-04-08T01:34:32.582+0000] {processor.py:925} INFO - DAG(s) 'example_skip_dag' retrieved from /home/airflow/.local/lib/python3.12/site-packages/airflow/example_dags/example_skip_dag.py
[2025-04-08T01:34:32.629+0000] {logging_mixin.py:190} INFO - [2025-04-08T01:34:32.629+0000] {dag.py:3239} INFO - Sync 1 DAGs
[2025-04-08T01:34:32.672+0000] {logging_mixin.py:190} INFO - [2025-04-08T01:34:32.671+0000] {dag.py:4180} INFO - Setting next_dagrun for example_skip_dag to 2025-04-07 00:00:00+00:00, run_after=2025-04-08 00:00:00+00:00
[2025-04-08T01:34:32.723+0000] {processor.py:208} INFO - Processing /home/airflow/.local/lib/python3.12/site-packages/airflow/example_dags/example_skip_dag.py took 0.183 seconds
[2025-04-08T01:35:05.072+0000] {processor.py:186} INFO - Started process (PID=9049) to work on /home/airflow/.local/lib/python3.12/site-packages/airflow/example_dags/example_skip_dag.py
[2025-04-08T01:35:05.077+0000] {processor.py:914} INFO - Processing file /home/airflow/.local/lib/python3.12/site-packages/airflow/example_dags/example_skip_dag.py for tasks to queue
[2025-04-08T01:35:05.084+0000] {logging_mixin.py:190} INFO - [2025-04-08T01:35:05.082+0000] {dagbag.py:588} INFO - Filling up the DagBag from /home/airflow/.local/lib/python3.12/site-packages/airflow/example_dags/example_skip_dag.py
[2025-04-08T01:35:05.161+0000] {processor.py:925} INFO - DAG(s) 'example_skip_dag' retrieved from /home/airflow/.local/lib/python3.12/site-packages/airflow/example_dags/example_skip_dag.py
[2025-04-08T01:35:05.294+0000] {logging_mixin.py:190} INFO - [2025-04-08T01:35:05.293+0000] {dag.py:3239} INFO - Sync 1 DAGs
[2025-04-08T01:35:05.435+0000] {logging_mixin.py:190} INFO - [2025-04-08T01:35:05.433+0000] {dag.py:4180} INFO - Setting next_dagrun for example_skip_dag to 2025-04-07 00:00:00+00:00, run_after=2025-04-08 00:00:00+00:00
[2025-04-08T01:35:05.541+0000] {processor.py:208} INFO - Processing /home/airflow/.local/lib/python3.12/site-packages/airflow/example_dags/example_skip_dag.py took 0.499 seconds
[2025-04-08T01:35:35.945+0000] {processor.py:186} INFO - Started process (PID=9113) to work on /home/airflow/.local/lib/python3.12/site-packages/airflow/example_dags/example_skip_dag.py
[2025-04-08T01:35:35.953+0000] {processor.py:914} INFO - Processing file /home/airflow/.local/lib/python3.12/site-packages/airflow/example_dags/example_skip_dag.py for tasks to queue
[2025-04-08T01:35:35.961+0000] {logging_mixin.py:190} INFO - [2025-04-08T01:35:35.959+0000] {dagbag.py:588} INFO - Filling up the DagBag from /home/airflow/.local/lib/python3.12/site-packages/airflow/example_dags/example_skip_dag.py
[2025-04-08T01:35:36.034+0000] {processor.py:925} INFO - DAG(s) 'example_skip_dag' retrieved from /home/airflow/.local/lib/python3.12/site-packages/airflow/example_dags/example_skip_dag.py
[2025-04-08T01:35:36.232+0000] {logging_mixin.py:190} INFO - [2025-04-08T01:35:36.230+0000] {dag.py:3239} INFO - Sync 1 DAGs
[2025-04-08T01:35:36.451+0000] {logging_mixin.py:190} INFO - [2025-04-08T01:35:36.449+0000] {dag.py:4180} INFO - Setting next_dagrun for example_skip_dag to 2025-04-07 00:00:00+00:00, run_after=2025-04-08 00:00:00+00:00
[2025-04-08T01:35:36.602+0000] {processor.py:208} INFO - Processing /home/airflow/.local/lib/python3.12/site-packages/airflow/example_dags/example_skip_dag.py took 0.688 seconds
[2025-04-08T01:36:06.765+0000] {processor.py:186} INFO - Started process (PID=9177) to work on /home/airflow/.local/lib/python3.12/site-packages/airflow/example_dags/example_skip_dag.py
[2025-04-08T01:36:06.767+0000] {processor.py:914} INFO - Processing file /home/airflow/.local/lib/python3.12/site-packages/airflow/example_dags/example_skip_dag.py for tasks to queue
[2025-04-08T01:36:06.771+0000] {logging_mixin.py:190} INFO - [2025-04-08T01:36:06.770+0000] {dagbag.py:588} INFO - Filling up the DagBag from /home/airflow/.local/lib/python3.12/site-packages/airflow/example_dags/example_skip_dag.py
[2025-04-08T01:36:06.798+0000] {processor.py:925} INFO - DAG(s) 'example_skip_dag' retrieved from /home/airflow/.local/lib/python3.12/site-packages/airflow/example_dags/example_skip_dag.py
[2025-04-08T01:36:06.846+0000] {logging_mixin.py:190} INFO - [2025-04-08T01:36:06.845+0000] {dag.py:3239} INFO - Sync 1 DAGs
[2025-04-08T01:36:06.921+0000] {logging_mixin.py:190} INFO - [2025-04-08T01:36:06.921+0000] {dag.py:4180} INFO - Setting next_dagrun for example_skip_dag to 2025-04-07 00:00:00+00:00, run_after=2025-04-08 00:00:00+00:00
[2025-04-08T01:36:06.969+0000] {processor.py:208} INFO - Processing /home/airflow/.local/lib/python3.12/site-packages/airflow/example_dags/example_skip_dag.py took 0.214 seconds
[2025-04-08T01:36:39.414+0000] {processor.py:186} INFO - Started process (PID=9237) to work on /home/airflow/.local/lib/python3.12/site-packages/airflow/example_dags/example_skip_dag.py
[2025-04-08T01:36:39.432+0000] {processor.py:914} INFO - Processing file /home/airflow/.local/lib/python3.12/site-packages/airflow/example_dags/example_skip_dag.py for tasks to queue
[2025-04-08T01:36:39.478+0000] {logging_mixin.py:190} INFO - [2025-04-08T01:36:39.474+0000] {dagbag.py:588} INFO - Filling up the DagBag from /home/airflow/.local/lib/python3.12/site-packages/airflow/example_dags/example_skip_dag.py
[2025-04-08T01:36:39.606+0000] {processor.py:925} INFO - DAG(s) 'example_skip_dag' retrieved from /home/airflow/.local/lib/python3.12/site-packages/airflow/example_dags/example_skip_dag.py
[2025-04-08T01:36:39.884+0000] {logging_mixin.py:190} INFO - [2025-04-08T01:36:39.882+0000] {dag.py:3239} INFO - Sync 1 DAGs
[2025-04-08T01:36:40.328+0000] {logging_mixin.py:190} INFO - [2025-04-08T01:36:40.327+0000] {dag.py:4180} INFO - Setting next_dagrun for example_skip_dag to 2025-04-07 00:00:00+00:00, run_after=2025-04-08 00:00:00+00:00
[2025-04-08T01:36:40.573+0000] {processor.py:208} INFO - Processing /home/airflow/.local/lib/python3.12/site-packages/airflow/example_dags/example_skip_dag.py took 1.256 seconds
[2025-04-08T01:37:32.077+0000] {processor.py:186} INFO - Started process (PID=9296) to work on /home/airflow/.local/lib/python3.12/site-packages/airflow/example_dags/example_skip_dag.py
[2025-04-08T01:37:32.096+0000] {processor.py:914} INFO - Processing file /home/airflow/.local/lib/python3.12/site-packages/airflow/example_dags/example_skip_dag.py for tasks to queue
[2025-04-08T01:37:32.123+0000] {logging_mixin.py:190} INFO - [2025-04-08T01:37:32.113+0000] {dagbag.py:588} INFO - Filling up the DagBag from /home/airflow/.local/lib/python3.12/site-packages/airflow/example_dags/example_skip_dag.py
[2025-04-08T01:37:32.293+0000] {processor.py:925} INFO - DAG(s) 'example_skip_dag' retrieved from /home/airflow/.local/lib/python3.12/site-packages/airflow/example_dags/example_skip_dag.py
[2025-04-08T01:37:32.589+0000] {logging_mixin.py:190} INFO - [2025-04-08T01:37:32.587+0000] {dag.py:3239} INFO - Sync 1 DAGs
[2025-04-08T01:37:32.933+0000] {logging_mixin.py:190} INFO - [2025-04-08T01:37:32.932+0000] {dag.py:4180} INFO - Setting next_dagrun for example_skip_dag to 2025-04-07 00:00:00+00:00, run_after=2025-04-08 00:00:00+00:00
[2025-04-08T01:37:33.239+0000] {processor.py:208} INFO - Processing /home/airflow/.local/lib/python3.12/site-packages/airflow/example_dags/example_skip_dag.py took 1.267 seconds
[2025-04-08T01:38:05.478+0000] {processor.py:186} INFO - Started process (PID=9349) to work on /home/airflow/.local/lib/python3.12/site-packages/airflow/example_dags/example_skip_dag.py
[2025-04-08T01:38:05.484+0000] {processor.py:914} INFO - Processing file /home/airflow/.local/lib/python3.12/site-packages/airflow/example_dags/example_skip_dag.py for tasks to queue
[2025-04-08T01:38:05.490+0000] {logging_mixin.py:190} INFO - [2025-04-08T01:38:05.489+0000] {dagbag.py:588} INFO - Filling up the DagBag from /home/airflow/.local/lib/python3.12/site-packages/airflow/example_dags/example_skip_dag.py
[2025-04-08T01:38:05.531+0000] {processor.py:925} INFO - DAG(s) 'example_skip_dag' retrieved from /home/airflow/.local/lib/python3.12/site-packages/airflow/example_dags/example_skip_dag.py
[2025-04-08T01:38:05.647+0000] {logging_mixin.py:190} INFO - [2025-04-08T01:38:05.646+0000] {dag.py:3239} INFO - Sync 1 DAGs
[2025-04-08T01:38:05.773+0000] {logging_mixin.py:190} INFO - [2025-04-08T01:38:05.771+0000] {dag.py:4180} INFO - Setting next_dagrun for example_skip_dag to 2025-04-07 00:00:00+00:00, run_after=2025-04-08 00:00:00+00:00
[2025-04-08T01:38:05.883+0000] {processor.py:208} INFO - Processing /home/airflow/.local/lib/python3.12/site-packages/airflow/example_dags/example_skip_dag.py took 0.439 seconds
[2025-04-08T01:38:37.300+0000] {processor.py:186} INFO - Started process (PID=9412) to work on /home/airflow/.local/lib/python3.12/site-packages/airflow/example_dags/example_skip_dag.py
[2025-04-08T01:38:37.306+0000] {processor.py:914} INFO - Processing file /home/airflow/.local/lib/python3.12/site-packages/airflow/example_dags/example_skip_dag.py for tasks to queue
[2025-04-08T01:38:37.311+0000] {logging_mixin.py:190} INFO - [2025-04-08T01:38:37.311+0000] {dagbag.py:588} INFO - Filling up the DagBag from /home/airflow/.local/lib/python3.12/site-packages/airflow/example_dags/example_skip_dag.py
[2025-04-08T01:38:37.357+0000] {processor.py:925} INFO - DAG(s) 'example_skip_dag' retrieved from /home/airflow/.local/lib/python3.12/site-packages/airflow/example_dags/example_skip_dag.py
[2025-04-08T01:38:37.424+0000] {logging_mixin.py:190} INFO - [2025-04-08T01:38:37.423+0000] {dag.py:3239} INFO - Sync 1 DAGs
[2025-04-08T01:38:37.503+0000] {logging_mixin.py:190} INFO - [2025-04-08T01:38:37.502+0000] {dag.py:4180} INFO - Setting next_dagrun for example_skip_dag to 2025-04-07 00:00:00+00:00, run_after=2025-04-08 00:00:00+00:00
[2025-04-08T01:38:37.591+0000] {processor.py:208} INFO - Processing /home/airflow/.local/lib/python3.12/site-packages/airflow/example_dags/example_skip_dag.py took 0.308 seconds
[2025-04-08T01:39:07.972+0000] {processor.py:186} INFO - Started process (PID=9475) to work on /home/airflow/.local/lib/python3.12/site-packages/airflow/example_dags/example_skip_dag.py
[2025-04-08T01:39:07.975+0000] {processor.py:914} INFO - Processing file /home/airflow/.local/lib/python3.12/site-packages/airflow/example_dags/example_skip_dag.py for tasks to queue
[2025-04-08T01:39:07.980+0000] {logging_mixin.py:190} INFO - [2025-04-08T01:39:07.979+0000] {dagbag.py:588} INFO - Filling up the DagBag from /home/airflow/.local/lib/python3.12/site-packages/airflow/example_dags/example_skip_dag.py
[2025-04-08T01:39:08.005+0000] {processor.py:925} INFO - DAG(s) 'example_skip_dag' retrieved from /home/airflow/.local/lib/python3.12/site-packages/airflow/example_dags/example_skip_dag.py
[2025-04-08T01:39:08.058+0000] {logging_mixin.py:190} INFO - [2025-04-08T01:39:08.058+0000] {dag.py:3239} INFO - Sync 1 DAGs
[2025-04-08T01:39:08.109+0000] {logging_mixin.py:190} INFO - [2025-04-08T01:39:08.108+0000] {dag.py:4180} INFO - Setting next_dagrun for example_skip_dag to 2025-04-07 00:00:00+00:00, run_after=2025-04-08 00:00:00+00:00
[2025-04-08T01:39:08.154+0000] {processor.py:208} INFO - Processing /home/airflow/.local/lib/python3.12/site-packages/airflow/example_dags/example_skip_dag.py took 0.202 seconds
[2025-04-08T01:39:46.864+0000] {processor.py:186} INFO - Started process (PID=9542) to work on /home/airflow/.local/lib/python3.12/site-packages/airflow/example_dags/example_skip_dag.py
[2025-04-08T01:39:46.872+0000] {processor.py:914} INFO - Processing file /home/airflow/.local/lib/python3.12/site-packages/airflow/example_dags/example_skip_dag.py for tasks to queue
[2025-04-08T01:39:46.894+0000] {logging_mixin.py:190} INFO - [2025-04-08T01:39:46.879+0000] {dagbag.py:588} INFO - Filling up the DagBag from /home/airflow/.local/lib/python3.12/site-packages/airflow/example_dags/example_skip_dag.py
[2025-04-08T01:39:46.997+0000] {processor.py:925} INFO - DAG(s) 'example_skip_dag' retrieved from /home/airflow/.local/lib/python3.12/site-packages/airflow/example_dags/example_skip_dag.py
[2025-04-08T01:39:47.329+0000] {logging_mixin.py:190} INFO - [2025-04-08T01:39:47.327+0000] {dag.py:3239} INFO - Sync 1 DAGs
[2025-04-08T01:39:47.467+0000] {logging_mixin.py:190} INFO - [2025-04-08T01:39:47.464+0000] {dag.py:4180} INFO - Setting next_dagrun for example_skip_dag to 2025-04-07 00:00:00+00:00, run_after=2025-04-08 00:00:00+00:00
[2025-04-08T01:39:47.581+0000] {processor.py:208} INFO - Processing /home/airflow/.local/lib/python3.12/site-packages/airflow/example_dags/example_skip_dag.py took 0.823 seconds
[2025-04-08T01:40:18.165+0000] {processor.py:186} INFO - Started process (PID=9605) to work on /home/airflow/.local/lib/python3.12/site-packages/airflow/example_dags/example_skip_dag.py
[2025-04-08T01:40:18.171+0000] {processor.py:914} INFO - Processing file /home/airflow/.local/lib/python3.12/site-packages/airflow/example_dags/example_skip_dag.py for tasks to queue
[2025-04-08T01:40:18.180+0000] {logging_mixin.py:190} INFO - [2025-04-08T01:40:18.178+0000] {dagbag.py:588} INFO - Filling up the DagBag from /home/airflow/.local/lib/python3.12/site-packages/airflow/example_dags/example_skip_dag.py
[2025-04-08T01:40:18.311+0000] {processor.py:925} INFO - DAG(s) 'example_skip_dag' retrieved from /home/airflow/.local/lib/python3.12/site-packages/airflow/example_dags/example_skip_dag.py
[2025-04-08T01:40:18.462+0000] {logging_mixin.py:190} INFO - [2025-04-08T01:40:18.461+0000] {dag.py:3239} INFO - Sync 1 DAGs
[2025-04-08T01:40:18.612+0000] {logging_mixin.py:190} INFO - [2025-04-08T01:40:18.603+0000] {dag.py:4180} INFO - Setting next_dagrun for example_skip_dag to 2025-04-07 00:00:00+00:00, run_after=2025-04-08 00:00:00+00:00
[2025-04-08T01:40:18.731+0000] {processor.py:208} INFO - Processing /home/airflow/.local/lib/python3.12/site-packages/airflow/example_dags/example_skip_dag.py took 0.596 seconds
[2025-04-08T01:40:51.242+0000] {processor.py:186} INFO - Started process (PID=9669) to work on /home/airflow/.local/lib/python3.12/site-packages/airflow/example_dags/example_skip_dag.py
[2025-04-08T01:40:51.248+0000] {processor.py:914} INFO - Processing file /home/airflow/.local/lib/python3.12/site-packages/airflow/example_dags/example_skip_dag.py for tasks to queue
[2025-04-08T01:40:51.256+0000] {logging_mixin.py:190} INFO - [2025-04-08T01:40:51.254+0000] {dagbag.py:588} INFO - Filling up the DagBag from /home/airflow/.local/lib/python3.12/site-packages/airflow/example_dags/example_skip_dag.py
[2025-04-08T01:40:51.320+0000] {processor.py:925} INFO - DAG(s) 'example_skip_dag' retrieved from /home/airflow/.local/lib/python3.12/site-packages/airflow/example_dags/example_skip_dag.py
[2025-04-08T01:40:51.421+0000] {logging_mixin.py:190} INFO - [2025-04-08T01:40:51.420+0000] {dag.py:3239} INFO - Sync 1 DAGs
[2025-04-08T01:40:51.528+0000] {logging_mixin.py:190} INFO - [2025-04-08T01:40:51.527+0000] {dag.py:4180} INFO - Setting next_dagrun for example_skip_dag to 2025-04-07 00:00:00+00:00, run_after=2025-04-08 00:00:00+00:00
[2025-04-08T01:40:51.619+0000] {processor.py:208} INFO - Processing /home/airflow/.local/lib/python3.12/site-packages/airflow/example_dags/example_skip_dag.py took 0.435 seconds
[2025-04-08T01:41:22.319+0000] {processor.py:186} INFO - Started process (PID=9731) to work on /home/airflow/.local/lib/python3.12/site-packages/airflow/example_dags/example_skip_dag.py
[2025-04-08T01:41:22.324+0000] {processor.py:914} INFO - Processing file /home/airflow/.local/lib/python3.12/site-packages/airflow/example_dags/example_skip_dag.py for tasks to queue
[2025-04-08T01:41:22.334+0000] {logging_mixin.py:190} INFO - [2025-04-08T01:41:22.332+0000] {dagbag.py:588} INFO - Filling up the DagBag from /home/airflow/.local/lib/python3.12/site-packages/airflow/example_dags/example_skip_dag.py
[2025-04-08T01:41:22.372+0000] {processor.py:925} INFO - DAG(s) 'example_skip_dag' retrieved from /home/airflow/.local/lib/python3.12/site-packages/airflow/example_dags/example_skip_dag.py
[2025-04-08T01:41:22.470+0000] {logging_mixin.py:190} INFO - [2025-04-08T01:41:22.468+0000] {dag.py:3239} INFO - Sync 1 DAGs
[2025-04-08T01:41:22.581+0000] {logging_mixin.py:190} INFO - [2025-04-08T01:41:22.580+0000] {dag.py:4180} INFO - Setting next_dagrun for example_skip_dag to 2025-04-07 00:00:00+00:00, run_after=2025-04-08 00:00:00+00:00
[2025-04-08T01:41:22.676+0000] {processor.py:208} INFO - Processing /home/airflow/.local/lib/python3.12/site-packages/airflow/example_dags/example_skip_dag.py took 0.381 seconds
[2025-04-08T01:41:52.831+0000] {processor.py:186} INFO - Started process (PID=9793) to work on /home/airflow/.local/lib/python3.12/site-packages/airflow/example_dags/example_skip_dag.py
[2025-04-08T01:41:52.833+0000] {processor.py:914} INFO - Processing file /home/airflow/.local/lib/python3.12/site-packages/airflow/example_dags/example_skip_dag.py for tasks to queue
[2025-04-08T01:41:52.836+0000] {logging_mixin.py:190} INFO - [2025-04-08T01:41:52.835+0000] {dagbag.py:588} INFO - Filling up the DagBag from /home/airflow/.local/lib/python3.12/site-packages/airflow/example_dags/example_skip_dag.py
[2025-04-08T01:41:52.854+0000] {processor.py:925} INFO - DAG(s) 'example_skip_dag' retrieved from /home/airflow/.local/lib/python3.12/site-packages/airflow/example_dags/example_skip_dag.py
[2025-04-08T01:41:52.899+0000] {logging_mixin.py:190} INFO - [2025-04-08T01:41:52.899+0000] {dag.py:3239} INFO - Sync 1 DAGs
[2025-04-08T01:41:52.944+0000] {logging_mixin.py:190} INFO - [2025-04-08T01:41:52.944+0000] {dag.py:4180} INFO - Setting next_dagrun for example_skip_dag to 2025-04-07 00:00:00+00:00, run_after=2025-04-08 00:00:00+00:00
[2025-04-08T01:41:52.982+0000] {processor.py:208} INFO - Processing /home/airflow/.local/lib/python3.12/site-packages/airflow/example_dags/example_skip_dag.py took 0.162 seconds
[2025-04-08T01:42:31.872+0000] {processor.py:186} INFO - Started process (PID=9852) to work on /home/airflow/.local/lib/python3.12/site-packages/airflow/example_dags/example_skip_dag.py
[2025-04-08T01:42:31.888+0000] {processor.py:914} INFO - Processing file /home/airflow/.local/lib/python3.12/site-packages/airflow/example_dags/example_skip_dag.py for tasks to queue
[2025-04-08T01:42:31.935+0000] {logging_mixin.py:190} INFO - [2025-04-08T01:42:31.921+0000] {dagbag.py:588} INFO - Filling up the DagBag from /home/airflow/.local/lib/python3.12/site-packages/airflow/example_dags/example_skip_dag.py
[2025-04-08T01:42:32.019+0000] {processor.py:925} INFO - DAG(s) 'example_skip_dag' retrieved from /home/airflow/.local/lib/python3.12/site-packages/airflow/example_dags/example_skip_dag.py
[2025-04-08T01:42:32.448+0000] {logging_mixin.py:190} INFO - [2025-04-08T01:42:32.446+0000] {dag.py:3239} INFO - Sync 1 DAGs
[2025-04-08T01:42:32.850+0000] {logging_mixin.py:190} INFO - [2025-04-08T01:42:32.848+0000] {dag.py:4180} INFO - Setting next_dagrun for example_skip_dag to 2025-04-07 00:00:00+00:00, run_after=2025-04-08 00:00:00+00:00
[2025-04-08T01:42:33.242+0000] {processor.py:208} INFO - Processing /home/airflow/.local/lib/python3.12/site-packages/airflow/example_dags/example_skip_dag.py took 1.484 seconds
