[2025-04-08T00:26:32.415+0000] {processor.py:186} INFO - Started process (PID=5831) to work on /home/airflow/.local/lib/python3.12/site-packages/airflow/example_dags/example_bash_operator.py
[2025-04-08T00:26:32.426+0000] {processor.py:914} INFO - Processing file /home/airflow/.local/lib/python3.12/site-packages/airflow/example_dags/example_bash_operator.py for tasks to queue
[2025-04-08T00:26:32.431+0000] {logging_mixin.py:190} INFO - [2025-04-08T00:26:32.430+0000] {dagbag.py:588} INFO - Filling up the DagBag from /home/airflow/.local/lib/python3.12/site-packages/airflow/example_dags/example_bash_operator.py
[2025-04-08T00:26:32.489+0000] {processor.py:925} INFO - DAG(s) 'example_bash_operator' retrieved from /home/airflow/.local/lib/python3.12/site-packages/airflow/example_dags/example_bash_operator.py
[2025-04-08T00:26:32.555+0000] {logging_mixin.py:190} INFO - [2025-04-08T00:26:32.553+0000] {dag.py:3239} INFO - Sync 1 DAGs
[2025-04-08T00:26:32.601+0000] {logging_mixin.py:190} INFO - [2025-04-08T00:26:32.600+0000] {dag.py:4180} INFO - Setting next_dagrun for example_bash_operator to 2025-04-07 00:00:00+00:00, run_after=2025-04-08 00:00:00+00:00
[2025-04-08T00:26:32.675+0000] {processor.py:208} INFO - Processing /home/airflow/.local/lib/python3.12/site-packages/airflow/example_dags/example_bash_operator.py took 0.269 seconds
[2025-04-08T00:43:40.394+0000] {processor.py:186} INFO - Started process (PID=5856) to work on /home/airflow/.local/lib/python3.12/site-packages/airflow/example_dags/example_bash_operator.py
[2025-04-08T00:43:40.404+0000] {processor.py:914} INFO - Processing file /home/airflow/.local/lib/python3.12/site-packages/airflow/example_dags/example_bash_operator.py for tasks to queue
[2025-04-08T00:43:40.409+0000] {logging_mixin.py:190} INFO - [2025-04-08T00:43:40.408+0000] {dagbag.py:588} INFO - Filling up the DagBag from /home/airflow/.local/lib/python3.12/site-packages/airflow/example_dags/example_bash_operator.py
[2025-04-08T00:43:40.480+0000] {processor.py:925} INFO - DAG(s) 'example_bash_operator' retrieved from /home/airflow/.local/lib/python3.12/site-packages/airflow/example_dags/example_bash_operator.py
[2025-04-08T00:43:40.574+0000] {logging_mixin.py:190} INFO - [2025-04-08T00:43:40.573+0000] {dag.py:3239} INFO - Sync 1 DAGs
[2025-04-08T00:43:40.690+0000] {logging_mixin.py:190} INFO - [2025-04-08T00:43:40.689+0000] {dag.py:4180} INFO - Setting next_dagrun for example_bash_operator to 2025-04-07 00:00:00+00:00, run_after=2025-04-08 00:00:00+00:00
[2025-04-08T00:43:40.760+0000] {processor.py:208} INFO - Processing /home/airflow/.local/lib/python3.12/site-packages/airflow/example_dags/example_bash_operator.py took 0.384 seconds
[2025-04-08T00:44:13.943+0000] {processor.py:186} INFO - Started process (PID=5919) to work on /home/airflow/.local/lib/python3.12/site-packages/airflow/example_dags/example_bash_operator.py
[2025-04-08T00:44:13.956+0000] {processor.py:914} INFO - Processing file /home/airflow/.local/lib/python3.12/site-packages/airflow/example_dags/example_bash_operator.py for tasks to queue
[2025-04-08T00:44:13.975+0000] {logging_mixin.py:190} INFO - [2025-04-08T00:44:13.966+0000] {dagbag.py:588} INFO - Filling up the DagBag from /home/airflow/.local/lib/python3.12/site-packages/airflow/example_dags/example_bash_operator.py
[2025-04-08T00:44:14.037+0000] {processor.py:925} INFO - DAG(s) 'example_bash_operator' retrieved from /home/airflow/.local/lib/python3.12/site-packages/airflow/example_dags/example_bash_operator.py
[2025-04-08T00:44:14.172+0000] {logging_mixin.py:190} INFO - [2025-04-08T00:44:14.171+0000] {dag.py:3239} INFO - Sync 1 DAGs
[2025-04-08T00:44:14.344+0000] {logging_mixin.py:190} INFO - [2025-04-08T00:44:14.343+0000] {dag.py:4180} INFO - Setting next_dagrun for example_bash_operator to 2025-04-07 00:00:00+00:00, run_after=2025-04-08 00:00:00+00:00
[2025-04-08T00:44:14.483+0000] {processor.py:208} INFO - Processing /home/airflow/.local/lib/python3.12/site-packages/airflow/example_dags/example_bash_operator.py took 0.562 seconds
[2025-04-08T00:44:44.944+0000] {processor.py:186} INFO - Started process (PID=5982) to work on /home/airflow/.local/lib/python3.12/site-packages/airflow/example_dags/example_bash_operator.py
[2025-04-08T00:44:44.945+0000] {processor.py:914} INFO - Processing file /home/airflow/.local/lib/python3.12/site-packages/airflow/example_dags/example_bash_operator.py for tasks to queue
[2025-04-08T00:44:44.947+0000] {logging_mixin.py:190} INFO - [2025-04-08T00:44:44.947+0000] {dagbag.py:588} INFO - Filling up the DagBag from /home/airflow/.local/lib/python3.12/site-packages/airflow/example_dags/example_bash_operator.py
[2025-04-08T00:44:44.959+0000] {processor.py:925} INFO - DAG(s) 'example_bash_operator' retrieved from /home/airflow/.local/lib/python3.12/site-packages/airflow/example_dags/example_bash_operator.py
[2025-04-08T00:44:44.983+0000] {logging_mixin.py:190} INFO - [2025-04-08T00:44:44.983+0000] {dag.py:3239} INFO - Sync 1 DAGs
[2025-04-08T00:44:45.007+0000] {logging_mixin.py:190} INFO - [2025-04-08T00:44:45.006+0000] {dag.py:4180} INFO - Setting next_dagrun for example_bash_operator to 2025-04-07 00:00:00+00:00, run_after=2025-04-08 00:00:00+00:00
[2025-04-08T00:44:45.031+0000] {processor.py:208} INFO - Processing /home/airflow/.local/lib/python3.12/site-packages/airflow/example_dags/example_bash_operator.py took 0.093 seconds
[2025-04-08T00:45:15.348+0000] {processor.py:186} INFO - Started process (PID=6045) to work on /home/airflow/.local/lib/python3.12/site-packages/airflow/example_dags/example_bash_operator.py
[2025-04-08T00:45:15.350+0000] {processor.py:914} INFO - Processing file /home/airflow/.local/lib/python3.12/site-packages/airflow/example_dags/example_bash_operator.py for tasks to queue
[2025-04-08T00:45:15.352+0000] {logging_mixin.py:190} INFO - [2025-04-08T00:45:15.351+0000] {dagbag.py:588} INFO - Filling up the DagBag from /home/airflow/.local/lib/python3.12/site-packages/airflow/example_dags/example_bash_operator.py
[2025-04-08T00:45:15.372+0000] {processor.py:925} INFO - DAG(s) 'example_bash_operator' retrieved from /home/airflow/.local/lib/python3.12/site-packages/airflow/example_dags/example_bash_operator.py
[2025-04-08T00:45:15.406+0000] {logging_mixin.py:190} INFO - [2025-04-08T00:45:15.405+0000] {dag.py:3239} INFO - Sync 1 DAGs
[2025-04-08T00:45:15.436+0000] {logging_mixin.py:190} INFO - [2025-04-08T00:45:15.436+0000] {dag.py:4180} INFO - Setting next_dagrun for example_bash_operator to 2025-04-07 00:00:00+00:00, run_after=2025-04-08 00:00:00+00:00
[2025-04-08T00:45:15.463+0000] {processor.py:208} INFO - Processing /home/airflow/.local/lib/python3.12/site-packages/airflow/example_dags/example_bash_operator.py took 0.123 seconds
[2025-04-08T00:45:45.926+0000] {processor.py:186} INFO - Started process (PID=6108) to work on /home/airflow/.local/lib/python3.12/site-packages/airflow/example_dags/example_bash_operator.py
[2025-04-08T00:45:45.928+0000] {processor.py:914} INFO - Processing file /home/airflow/.local/lib/python3.12/site-packages/airflow/example_dags/example_bash_operator.py for tasks to queue
[2025-04-08T00:45:45.930+0000] {logging_mixin.py:190} INFO - [2025-04-08T00:45:45.929+0000] {dagbag.py:588} INFO - Filling up the DagBag from /home/airflow/.local/lib/python3.12/site-packages/airflow/example_dags/example_bash_operator.py
[2025-04-08T00:45:45.946+0000] {processor.py:925} INFO - DAG(s) 'example_bash_operator' retrieved from /home/airflow/.local/lib/python3.12/site-packages/airflow/example_dags/example_bash_operator.py
[2025-04-08T00:45:45.972+0000] {logging_mixin.py:190} INFO - [2025-04-08T00:45:45.972+0000] {dag.py:3239} INFO - Sync 1 DAGs
[2025-04-08T00:45:46.000+0000] {logging_mixin.py:190} INFO - [2025-04-08T00:45:45.999+0000] {dag.py:4180} INFO - Setting next_dagrun for example_bash_operator to 2025-04-07 00:00:00+00:00, run_after=2025-04-08 00:00:00+00:00
[2025-04-08T00:45:46.027+0000] {processor.py:208} INFO - Processing /home/airflow/.local/lib/python3.12/site-packages/airflow/example_dags/example_bash_operator.py took 0.105 seconds
[2025-04-08T00:46:16.200+0000] {processor.py:186} INFO - Started process (PID=6170) to work on /home/airflow/.local/lib/python3.12/site-packages/airflow/example_dags/example_bash_operator.py
[2025-04-08T00:46:16.202+0000] {processor.py:914} INFO - Processing file /home/airflow/.local/lib/python3.12/site-packages/airflow/example_dags/example_bash_operator.py for tasks to queue
[2025-04-08T00:46:16.205+0000] {logging_mixin.py:190} INFO - [2025-04-08T00:46:16.204+0000] {dagbag.py:588} INFO - Filling up the DagBag from /home/airflow/.local/lib/python3.12/site-packages/airflow/example_dags/example_bash_operator.py
[2025-04-08T00:46:16.221+0000] {processor.py:925} INFO - DAG(s) 'example_bash_operator' retrieved from /home/airflow/.local/lib/python3.12/site-packages/airflow/example_dags/example_bash_operator.py
[2025-04-08T00:46:16.249+0000] {logging_mixin.py:190} INFO - [2025-04-08T00:46:16.249+0000] {dag.py:3239} INFO - Sync 1 DAGs
[2025-04-08T00:46:16.280+0000] {logging_mixin.py:190} INFO - [2025-04-08T00:46:16.279+0000] {dag.py:4180} INFO - Setting next_dagrun for example_bash_operator to 2025-04-07 00:00:00+00:00, run_after=2025-04-08 00:00:00+00:00
[2025-04-08T00:46:16.312+0000] {processor.py:208} INFO - Processing /home/airflow/.local/lib/python3.12/site-packages/airflow/example_dags/example_bash_operator.py took 0.119 seconds
[2025-04-08T00:46:46.838+0000] {processor.py:186} INFO - Started process (PID=6231) to work on /home/airflow/.local/lib/python3.12/site-packages/airflow/example_dags/example_bash_operator.py
[2025-04-08T00:46:46.841+0000] {processor.py:914} INFO - Processing file /home/airflow/.local/lib/python3.12/site-packages/airflow/example_dags/example_bash_operator.py for tasks to queue
[2025-04-08T00:46:46.845+0000] {logging_mixin.py:190} INFO - [2025-04-08T00:46:46.844+0000] {dagbag.py:588} INFO - Filling up the DagBag from /home/airflow/.local/lib/python3.12/site-packages/airflow/example_dags/example_bash_operator.py
[2025-04-08T00:46:46.866+0000] {processor.py:925} INFO - DAG(s) 'example_bash_operator' retrieved from /home/airflow/.local/lib/python3.12/site-packages/airflow/example_dags/example_bash_operator.py
[2025-04-08T00:46:46.913+0000] {logging_mixin.py:190} INFO - [2025-04-08T00:46:46.912+0000] {dag.py:3239} INFO - Sync 1 DAGs
[2025-04-08T00:46:46.961+0000] {logging_mixin.py:190} INFO - [2025-04-08T00:46:46.960+0000] {dag.py:4180} INFO - Setting next_dagrun for example_bash_operator to 2025-04-07 00:00:00+00:00, run_after=2025-04-08 00:00:00+00:00
[2025-04-08T00:46:46.996+0000] {processor.py:208} INFO - Processing /home/airflow/.local/lib/python3.12/site-packages/airflow/example_dags/example_bash_operator.py took 0.171 seconds
[2025-04-08T00:47:18.094+0000] {processor.py:186} INFO - Started process (PID=6294) to work on /home/airflow/.local/lib/python3.12/site-packages/airflow/example_dags/example_bash_operator.py
[2025-04-08T00:47:18.095+0000] {processor.py:914} INFO - Processing file /home/airflow/.local/lib/python3.12/site-packages/airflow/example_dags/example_bash_operator.py for tasks to queue
[2025-04-08T00:47:18.098+0000] {logging_mixin.py:190} INFO - [2025-04-08T00:47:18.097+0000] {dagbag.py:588} INFO - Filling up the DagBag from /home/airflow/.local/lib/python3.12/site-packages/airflow/example_dags/example_bash_operator.py
[2025-04-08T00:47:18.114+0000] {processor.py:925} INFO - DAG(s) 'example_bash_operator' retrieved from /home/airflow/.local/lib/python3.12/site-packages/airflow/example_dags/example_bash_operator.py
[2025-04-08T00:47:18.154+0000] {logging_mixin.py:190} INFO - [2025-04-08T00:47:18.154+0000] {dag.py:3239} INFO - Sync 1 DAGs
[2025-04-08T00:47:18.189+0000] {logging_mixin.py:190} INFO - [2025-04-08T00:47:18.188+0000] {dag.py:4180} INFO - Setting next_dagrun for example_bash_operator to 2025-04-07 00:00:00+00:00, run_after=2025-04-08 00:00:00+00:00
[2025-04-08T00:47:18.216+0000] {processor.py:208} INFO - Processing /home/airflow/.local/lib/python3.12/site-packages/airflow/example_dags/example_bash_operator.py took 0.128 seconds
[2025-04-08T00:47:49.068+0000] {processor.py:186} INFO - Started process (PID=6356) to work on /home/airflow/.local/lib/python3.12/site-packages/airflow/example_dags/example_bash_operator.py
[2025-04-08T00:47:49.070+0000] {processor.py:914} INFO - Processing file /home/airflow/.local/lib/python3.12/site-packages/airflow/example_dags/example_bash_operator.py for tasks to queue
[2025-04-08T00:47:49.072+0000] {logging_mixin.py:190} INFO - [2025-04-08T00:47:49.072+0000] {dagbag.py:588} INFO - Filling up the DagBag from /home/airflow/.local/lib/python3.12/site-packages/airflow/example_dags/example_bash_operator.py
[2025-04-08T00:47:49.094+0000] {processor.py:925} INFO - DAG(s) 'example_bash_operator' retrieved from /home/airflow/.local/lib/python3.12/site-packages/airflow/example_dags/example_bash_operator.py
[2025-04-08T00:47:49.134+0000] {logging_mixin.py:190} INFO - [2025-04-08T00:47:49.133+0000] {dag.py:3239} INFO - Sync 1 DAGs
[2025-04-08T00:47:49.169+0000] {logging_mixin.py:190} INFO - [2025-04-08T00:47:49.168+0000] {dag.py:4180} INFO - Setting next_dagrun for example_bash_operator to 2025-04-07 00:00:00+00:00, run_after=2025-04-08 00:00:00+00:00
[2025-04-08T00:47:49.199+0000] {processor.py:208} INFO - Processing /home/airflow/.local/lib/python3.12/site-packages/airflow/example_dags/example_bash_operator.py took 0.140 seconds
[2025-04-08T00:48:19.394+0000] {processor.py:186} INFO - Started process (PID=6418) to work on /home/airflow/.local/lib/python3.12/site-packages/airflow/example_dags/example_bash_operator.py
[2025-04-08T00:48:19.395+0000] {processor.py:914} INFO - Processing file /home/airflow/.local/lib/python3.12/site-packages/airflow/example_dags/example_bash_operator.py for tasks to queue
[2025-04-08T00:48:19.396+0000] {logging_mixin.py:190} INFO - [2025-04-08T00:48:19.396+0000] {dagbag.py:588} INFO - Filling up the DagBag from /home/airflow/.local/lib/python3.12/site-packages/airflow/example_dags/example_bash_operator.py
[2025-04-08T00:48:19.408+0000] {processor.py:925} INFO - DAG(s) 'example_bash_operator' retrieved from /home/airflow/.local/lib/python3.12/site-packages/airflow/example_dags/example_bash_operator.py
[2025-04-08T00:48:19.440+0000] {logging_mixin.py:190} INFO - [2025-04-08T00:48:19.440+0000] {dag.py:3239} INFO - Sync 1 DAGs
[2025-04-08T00:48:19.478+0000] {logging_mixin.py:190} INFO - [2025-04-08T00:48:19.477+0000] {dag.py:4180} INFO - Setting next_dagrun for example_bash_operator to 2025-04-07 00:00:00+00:00, run_after=2025-04-08 00:00:00+00:00
[2025-04-08T00:48:19.511+0000] {processor.py:208} INFO - Processing /home/airflow/.local/lib/python3.12/site-packages/airflow/example_dags/example_bash_operator.py took 0.122 seconds
[2025-04-08T00:48:49.939+0000] {processor.py:186} INFO - Started process (PID=6480) to work on /home/airflow/.local/lib/python3.12/site-packages/airflow/example_dags/example_bash_operator.py
[2025-04-08T00:48:49.940+0000] {processor.py:914} INFO - Processing file /home/airflow/.local/lib/python3.12/site-packages/airflow/example_dags/example_bash_operator.py for tasks to queue
[2025-04-08T00:48:49.942+0000] {logging_mixin.py:190} INFO - [2025-04-08T00:48:49.942+0000] {dagbag.py:588} INFO - Filling up the DagBag from /home/airflow/.local/lib/python3.12/site-packages/airflow/example_dags/example_bash_operator.py
[2025-04-08T00:48:49.955+0000] {processor.py:925} INFO - DAG(s) 'example_bash_operator' retrieved from /home/airflow/.local/lib/python3.12/site-packages/airflow/example_dags/example_bash_operator.py
[2025-04-08T00:48:49.988+0000] {logging_mixin.py:190} INFO - [2025-04-08T00:48:49.988+0000] {dag.py:3239} INFO - Sync 1 DAGs
[2025-04-08T00:48:50.017+0000] {logging_mixin.py:190} INFO - [2025-04-08T00:48:50.016+0000] {dag.py:4180} INFO - Setting next_dagrun for example_bash_operator to 2025-04-07 00:00:00+00:00, run_after=2025-04-08 00:00:00+00:00
[2025-04-08T00:48:50.044+0000] {processor.py:208} INFO - Processing /home/airflow/.local/lib/python3.12/site-packages/airflow/example_dags/example_bash_operator.py took 0.110 seconds
[2025-04-08T00:49:20.159+0000] {processor.py:186} INFO - Started process (PID=6543) to work on /home/airflow/.local/lib/python3.12/site-packages/airflow/example_dags/example_bash_operator.py
[2025-04-08T00:49:20.162+0000] {processor.py:914} INFO - Processing file /home/airflow/.local/lib/python3.12/site-packages/airflow/example_dags/example_bash_operator.py for tasks to queue
[2025-04-08T00:49:20.167+0000] {logging_mixin.py:190} INFO - [2025-04-08T00:49:20.167+0000] {dagbag.py:588} INFO - Filling up the DagBag from /home/airflow/.local/lib/python3.12/site-packages/airflow/example_dags/example_bash_operator.py
[2025-04-08T00:49:20.188+0000] {processor.py:925} INFO - DAG(s) 'example_bash_operator' retrieved from /home/airflow/.local/lib/python3.12/site-packages/airflow/example_dags/example_bash_operator.py
[2025-04-08T00:49:20.253+0000] {logging_mixin.py:190} INFO - [2025-04-08T00:49:20.252+0000] {dag.py:3239} INFO - Sync 1 DAGs
[2025-04-08T00:49:20.296+0000] {logging_mixin.py:190} INFO - [2025-04-08T00:49:20.295+0000] {dag.py:4180} INFO - Setting next_dagrun for example_bash_operator to 2025-04-07 00:00:00+00:00, run_after=2025-04-08 00:00:00+00:00
[2025-04-08T00:49:20.344+0000] {processor.py:208} INFO - Processing /home/airflow/.local/lib/python3.12/site-packages/airflow/example_dags/example_bash_operator.py took 0.194 seconds
[2025-04-08T00:49:51.373+0000] {processor.py:186} INFO - Started process (PID=6606) to work on /home/airflow/.local/lib/python3.12/site-packages/airflow/example_dags/example_bash_operator.py
[2025-04-08T00:49:51.374+0000] {processor.py:914} INFO - Processing file /home/airflow/.local/lib/python3.12/site-packages/airflow/example_dags/example_bash_operator.py for tasks to queue
[2025-04-08T00:49:51.376+0000] {logging_mixin.py:190} INFO - [2025-04-08T00:49:51.376+0000] {dagbag.py:588} INFO - Filling up the DagBag from /home/airflow/.local/lib/python3.12/site-packages/airflow/example_dags/example_bash_operator.py
[2025-04-08T00:49:51.393+0000] {processor.py:925} INFO - DAG(s) 'example_bash_operator' retrieved from /home/airflow/.local/lib/python3.12/site-packages/airflow/example_dags/example_bash_operator.py
[2025-04-08T00:49:51.422+0000] {logging_mixin.py:190} INFO - [2025-04-08T00:49:51.422+0000] {dag.py:3239} INFO - Sync 1 DAGs
[2025-04-08T00:49:51.450+0000] {logging_mixin.py:190} INFO - [2025-04-08T00:49:51.450+0000] {dag.py:4180} INFO - Setting next_dagrun for example_bash_operator to 2025-04-07 00:00:00+00:00, run_after=2025-04-08 00:00:00+00:00
[2025-04-08T00:49:51.475+0000] {processor.py:208} INFO - Processing /home/airflow/.local/lib/python3.12/site-packages/airflow/example_dags/example_bash_operator.py took 0.108 seconds
[2025-04-08T00:50:21.747+0000] {processor.py:186} INFO - Started process (PID=6669) to work on /home/airflow/.local/lib/python3.12/site-packages/airflow/example_dags/example_bash_operator.py
[2025-04-08T00:50:21.748+0000] {processor.py:914} INFO - Processing file /home/airflow/.local/lib/python3.12/site-packages/airflow/example_dags/example_bash_operator.py for tasks to queue
[2025-04-08T00:50:21.750+0000] {logging_mixin.py:190} INFO - [2025-04-08T00:50:21.750+0000] {dagbag.py:588} INFO - Filling up the DagBag from /home/airflow/.local/lib/python3.12/site-packages/airflow/example_dags/example_bash_operator.py
[2025-04-08T00:50:21.764+0000] {processor.py:925} INFO - DAG(s) 'example_bash_operator' retrieved from /home/airflow/.local/lib/python3.12/site-packages/airflow/example_dags/example_bash_operator.py
[2025-04-08T00:50:21.795+0000] {logging_mixin.py:190} INFO - [2025-04-08T00:50:21.795+0000] {dag.py:3239} INFO - Sync 1 DAGs
[2025-04-08T00:50:21.828+0000] {logging_mixin.py:190} INFO - [2025-04-08T00:50:21.827+0000] {dag.py:4180} INFO - Setting next_dagrun for example_bash_operator to 2025-04-07 00:00:00+00:00, run_after=2025-04-08 00:00:00+00:00
[2025-04-08T00:50:21.853+0000] {processor.py:208} INFO - Processing /home/airflow/.local/lib/python3.12/site-packages/airflow/example_dags/example_bash_operator.py took 0.111 seconds
[2025-04-08T00:50:52.058+0000] {processor.py:186} INFO - Started process (PID=6732) to work on /home/airflow/.local/lib/python3.12/site-packages/airflow/example_dags/example_bash_operator.py
[2025-04-08T00:50:52.060+0000] {processor.py:914} INFO - Processing file /home/airflow/.local/lib/python3.12/site-packages/airflow/example_dags/example_bash_operator.py for tasks to queue
[2025-04-08T00:50:52.061+0000] {logging_mixin.py:190} INFO - [2025-04-08T00:50:52.061+0000] {dagbag.py:588} INFO - Filling up the DagBag from /home/airflow/.local/lib/python3.12/site-packages/airflow/example_dags/example_bash_operator.py
[2025-04-08T00:50:52.078+0000] {processor.py:925} INFO - DAG(s) 'example_bash_operator' retrieved from /home/airflow/.local/lib/python3.12/site-packages/airflow/example_dags/example_bash_operator.py
[2025-04-08T00:50:52.111+0000] {logging_mixin.py:190} INFO - [2025-04-08T00:50:52.110+0000] {dag.py:3239} INFO - Sync 1 DAGs
[2025-04-08T00:50:52.138+0000] {logging_mixin.py:190} INFO - [2025-04-08T00:50:52.137+0000] {dag.py:4180} INFO - Setting next_dagrun for example_bash_operator to 2025-04-07 00:00:00+00:00, run_after=2025-04-08 00:00:00+00:00
[2025-04-08T00:50:52.161+0000] {processor.py:208} INFO - Processing /home/airflow/.local/lib/python3.12/site-packages/airflow/example_dags/example_bash_operator.py took 0.109 seconds
[2025-04-08T00:51:22.473+0000] {processor.py:186} INFO - Started process (PID=6794) to work on /home/airflow/.local/lib/python3.12/site-packages/airflow/example_dags/example_bash_operator.py
[2025-04-08T00:51:22.475+0000] {processor.py:914} INFO - Processing file /home/airflow/.local/lib/python3.12/site-packages/airflow/example_dags/example_bash_operator.py for tasks to queue
[2025-04-08T00:51:22.478+0000] {logging_mixin.py:190} INFO - [2025-04-08T00:51:22.477+0000] {dagbag.py:588} INFO - Filling up the DagBag from /home/airflow/.local/lib/python3.12/site-packages/airflow/example_dags/example_bash_operator.py
[2025-04-08T00:51:22.501+0000] {processor.py:925} INFO - DAG(s) 'example_bash_operator' retrieved from /home/airflow/.local/lib/python3.12/site-packages/airflow/example_dags/example_bash_operator.py
[2025-04-08T00:51:22.540+0000] {logging_mixin.py:190} INFO - [2025-04-08T00:51:22.540+0000] {dag.py:3239} INFO - Sync 1 DAGs
[2025-04-08T00:51:22.572+0000] {logging_mixin.py:190} INFO - [2025-04-08T00:51:22.571+0000] {dag.py:4180} INFO - Setting next_dagrun for example_bash_operator to 2025-04-07 00:00:00+00:00, run_after=2025-04-08 00:00:00+00:00
[2025-04-08T00:51:22.597+0000] {processor.py:208} INFO - Processing /home/airflow/.local/lib/python3.12/site-packages/airflow/example_dags/example_bash_operator.py took 0.135 seconds
[2025-04-08T00:51:52.737+0000] {processor.py:186} INFO - Started process (PID=6857) to work on /home/airflow/.local/lib/python3.12/site-packages/airflow/example_dags/example_bash_operator.py
[2025-04-08T00:51:52.739+0000] {processor.py:914} INFO - Processing file /home/airflow/.local/lib/python3.12/site-packages/airflow/example_dags/example_bash_operator.py for tasks to queue
[2025-04-08T00:51:52.741+0000] {logging_mixin.py:190} INFO - [2025-04-08T00:51:52.740+0000] {dagbag.py:588} INFO - Filling up the DagBag from /home/airflow/.local/lib/python3.12/site-packages/airflow/example_dags/example_bash_operator.py
[2025-04-08T00:51:52.754+0000] {processor.py:925} INFO - DAG(s) 'example_bash_operator' retrieved from /home/airflow/.local/lib/python3.12/site-packages/airflow/example_dags/example_bash_operator.py
[2025-04-08T00:51:52.789+0000] {logging_mixin.py:190} INFO - [2025-04-08T00:51:52.788+0000] {dag.py:3239} INFO - Sync 1 DAGs
[2025-04-08T00:51:52.822+0000] {logging_mixin.py:190} INFO - [2025-04-08T00:51:52.822+0000] {dag.py:4180} INFO - Setting next_dagrun for example_bash_operator to 2025-04-07 00:00:00+00:00, run_after=2025-04-08 00:00:00+00:00
[2025-04-08T00:51:52.851+0000] {processor.py:208} INFO - Processing /home/airflow/.local/lib/python3.12/site-packages/airflow/example_dags/example_bash_operator.py took 0.119 seconds
[2025-04-08T00:52:23.067+0000] {processor.py:186} INFO - Started process (PID=6920) to work on /home/airflow/.local/lib/python3.12/site-packages/airflow/example_dags/example_bash_operator.py
[2025-04-08T00:52:23.068+0000] {processor.py:914} INFO - Processing file /home/airflow/.local/lib/python3.12/site-packages/airflow/example_dags/example_bash_operator.py for tasks to queue
[2025-04-08T00:52:23.070+0000] {logging_mixin.py:190} INFO - [2025-04-08T00:52:23.070+0000] {dagbag.py:588} INFO - Filling up the DagBag from /home/airflow/.local/lib/python3.12/site-packages/airflow/example_dags/example_bash_operator.py
[2025-04-08T00:52:23.084+0000] {processor.py:925} INFO - DAG(s) 'example_bash_operator' retrieved from /home/airflow/.local/lib/python3.12/site-packages/airflow/example_dags/example_bash_operator.py
[2025-04-08T00:52:23.128+0000] {logging_mixin.py:190} INFO - [2025-04-08T00:52:23.127+0000] {dag.py:3239} INFO - Sync 1 DAGs
[2025-04-08T00:52:23.162+0000] {logging_mixin.py:190} INFO - [2025-04-08T00:52:23.162+0000] {dag.py:4180} INFO - Setting next_dagrun for example_bash_operator to 2025-04-07 00:00:00+00:00, run_after=2025-04-08 00:00:00+00:00
[2025-04-08T00:52:23.197+0000] {processor.py:208} INFO - Processing /home/airflow/.local/lib/python3.12/site-packages/airflow/example_dags/example_bash_operator.py took 0.138 seconds
[2025-04-08T00:52:53.278+0000] {processor.py:186} INFO - Started process (PID=6983) to work on /home/airflow/.local/lib/python3.12/site-packages/airflow/example_dags/example_bash_operator.py
[2025-04-08T00:52:53.281+0000] {processor.py:914} INFO - Processing file /home/airflow/.local/lib/python3.12/site-packages/airflow/example_dags/example_bash_operator.py for tasks to queue
[2025-04-08T00:52:53.283+0000] {logging_mixin.py:190} INFO - [2025-04-08T00:52:53.282+0000] {dagbag.py:588} INFO - Filling up the DagBag from /home/airflow/.local/lib/python3.12/site-packages/airflow/example_dags/example_bash_operator.py
[2025-04-08T00:52:53.297+0000] {processor.py:925} INFO - DAG(s) 'example_bash_operator' retrieved from /home/airflow/.local/lib/python3.12/site-packages/airflow/example_dags/example_bash_operator.py
[2025-04-08T00:52:53.324+0000] {logging_mixin.py:190} INFO - [2025-04-08T00:52:53.324+0000] {dag.py:3239} INFO - Sync 1 DAGs
[2025-04-08T00:52:53.351+0000] {logging_mixin.py:190} INFO - [2025-04-08T00:52:53.350+0000] {dag.py:4180} INFO - Setting next_dagrun for example_bash_operator to 2025-04-07 00:00:00+00:00, run_after=2025-04-08 00:00:00+00:00
[2025-04-08T00:52:53.370+0000] {processor.py:208} INFO - Processing /home/airflow/.local/lib/python3.12/site-packages/airflow/example_dags/example_bash_operator.py took 0.098 seconds
[2025-04-08T00:53:23.803+0000] {processor.py:186} INFO - Started process (PID=7046) to work on /home/airflow/.local/lib/python3.12/site-packages/airflow/example_dags/example_bash_operator.py
[2025-04-08T00:53:23.805+0000] {processor.py:914} INFO - Processing file /home/airflow/.local/lib/python3.12/site-packages/airflow/example_dags/example_bash_operator.py for tasks to queue
[2025-04-08T00:53:23.807+0000] {logging_mixin.py:190} INFO - [2025-04-08T00:53:23.806+0000] {dagbag.py:588} INFO - Filling up the DagBag from /home/airflow/.local/lib/python3.12/site-packages/airflow/example_dags/example_bash_operator.py
[2025-04-08T00:53:23.819+0000] {processor.py:925} INFO - DAG(s) 'example_bash_operator' retrieved from /home/airflow/.local/lib/python3.12/site-packages/airflow/example_dags/example_bash_operator.py
[2025-04-08T00:53:23.844+0000] {logging_mixin.py:190} INFO - [2025-04-08T00:53:23.843+0000] {dag.py:3239} INFO - Sync 1 DAGs
[2025-04-08T00:53:23.866+0000] {logging_mixin.py:190} INFO - [2025-04-08T00:53:23.866+0000] {dag.py:4180} INFO - Setting next_dagrun for example_bash_operator to 2025-04-07 00:00:00+00:00, run_after=2025-04-08 00:00:00+00:00
[2025-04-08T00:53:23.887+0000] {processor.py:208} INFO - Processing /home/airflow/.local/lib/python3.12/site-packages/airflow/example_dags/example_bash_operator.py took 0.092 seconds
[2025-04-08T00:53:54.408+0000] {processor.py:186} INFO - Started process (PID=7109) to work on /home/airflow/.local/lib/python3.12/site-packages/airflow/example_dags/example_bash_operator.py
[2025-04-08T00:53:54.410+0000] {processor.py:914} INFO - Processing file /home/airflow/.local/lib/python3.12/site-packages/airflow/example_dags/example_bash_operator.py for tasks to queue
[2025-04-08T00:53:54.415+0000] {logging_mixin.py:190} INFO - [2025-04-08T00:53:54.413+0000] {dagbag.py:588} INFO - Filling up the DagBag from /home/airflow/.local/lib/python3.12/site-packages/airflow/example_dags/example_bash_operator.py
[2025-04-08T00:53:54.453+0000] {processor.py:925} INFO - DAG(s) 'example_bash_operator' retrieved from /home/airflow/.local/lib/python3.12/site-packages/airflow/example_dags/example_bash_operator.py
[2025-04-08T00:53:54.571+0000] {logging_mixin.py:190} INFO - [2025-04-08T00:53:54.571+0000] {dag.py:3239} INFO - Sync 1 DAGs
[2025-04-08T00:53:54.640+0000] {logging_mixin.py:190} INFO - [2025-04-08T00:53:54.640+0000] {dag.py:4180} INFO - Setting next_dagrun for example_bash_operator to 2025-04-07 00:00:00+00:00, run_after=2025-04-08 00:00:00+00:00
[2025-04-08T00:53:54.691+0000] {processor.py:208} INFO - Processing /home/airflow/.local/lib/python3.12/site-packages/airflow/example_dags/example_bash_operator.py took 0.294 seconds
[2025-04-08T00:54:25.148+0000] {processor.py:186} INFO - Started process (PID=7172) to work on /home/airflow/.local/lib/python3.12/site-packages/airflow/example_dags/example_bash_operator.py
[2025-04-08T00:54:25.153+0000] {processor.py:914} INFO - Processing file /home/airflow/.local/lib/python3.12/site-packages/airflow/example_dags/example_bash_operator.py for tasks to queue
[2025-04-08T00:54:25.157+0000] {logging_mixin.py:190} INFO - [2025-04-08T00:54:25.156+0000] {dagbag.py:588} INFO - Filling up the DagBag from /home/airflow/.local/lib/python3.12/site-packages/airflow/example_dags/example_bash_operator.py
[2025-04-08T00:54:25.205+0000] {processor.py:925} INFO - DAG(s) 'example_bash_operator' retrieved from /home/airflow/.local/lib/python3.12/site-packages/airflow/example_dags/example_bash_operator.py
[2025-04-08T00:54:25.283+0000] {logging_mixin.py:190} INFO - [2025-04-08T00:54:25.282+0000] {dag.py:3239} INFO - Sync 1 DAGs
[2025-04-08T00:54:25.362+0000] {logging_mixin.py:190} INFO - [2025-04-08T00:54:25.362+0000] {dag.py:4180} INFO - Setting next_dagrun for example_bash_operator to 2025-04-07 00:00:00+00:00, run_after=2025-04-08 00:00:00+00:00
[2025-04-08T00:54:25.427+0000] {processor.py:208} INFO - Processing /home/airflow/.local/lib/python3.12/site-packages/airflow/example_dags/example_bash_operator.py took 0.295 seconds
[2025-04-08T00:54:55.558+0000] {processor.py:186} INFO - Started process (PID=7235) to work on /home/airflow/.local/lib/python3.12/site-packages/airflow/example_dags/example_bash_operator.py
[2025-04-08T00:54:55.560+0000] {processor.py:914} INFO - Processing file /home/airflow/.local/lib/python3.12/site-packages/airflow/example_dags/example_bash_operator.py for tasks to queue
[2025-04-08T00:54:55.567+0000] {logging_mixin.py:190} INFO - [2025-04-08T00:54:55.565+0000] {dagbag.py:588} INFO - Filling up the DagBag from /home/airflow/.local/lib/python3.12/site-packages/airflow/example_dags/example_bash_operator.py
[2025-04-08T00:54:55.601+0000] {processor.py:925} INFO - DAG(s) 'example_bash_operator' retrieved from /home/airflow/.local/lib/python3.12/site-packages/airflow/example_dags/example_bash_operator.py
[2025-04-08T00:54:55.655+0000] {logging_mixin.py:190} INFO - [2025-04-08T00:54:55.655+0000] {dag.py:3239} INFO - Sync 1 DAGs
[2025-04-08T00:54:55.707+0000] {logging_mixin.py:190} INFO - [2025-04-08T00:54:55.706+0000] {dag.py:4180} INFO - Setting next_dagrun for example_bash_operator to 2025-04-07 00:00:00+00:00, run_after=2025-04-08 00:00:00+00:00
[2025-04-08T00:54:55.764+0000] {processor.py:208} INFO - Processing /home/airflow/.local/lib/python3.12/site-packages/airflow/example_dags/example_bash_operator.py took 0.222 seconds
[2025-04-08T00:55:26.555+0000] {processor.py:186} INFO - Started process (PID=7298) to work on /home/airflow/.local/lib/python3.12/site-packages/airflow/example_dags/example_bash_operator.py
[2025-04-08T00:55:26.556+0000] {processor.py:914} INFO - Processing file /home/airflow/.local/lib/python3.12/site-packages/airflow/example_dags/example_bash_operator.py for tasks to queue
[2025-04-08T00:55:26.558+0000] {logging_mixin.py:190} INFO - [2025-04-08T00:55:26.558+0000] {dagbag.py:588} INFO - Filling up the DagBag from /home/airflow/.local/lib/python3.12/site-packages/airflow/example_dags/example_bash_operator.py
[2025-04-08T00:55:26.579+0000] {processor.py:925} INFO - DAG(s) 'example_bash_operator' retrieved from /home/airflow/.local/lib/python3.12/site-packages/airflow/example_dags/example_bash_operator.py
[2025-04-08T00:55:26.643+0000] {logging_mixin.py:190} INFO - [2025-04-08T00:55:26.643+0000] {dag.py:3239} INFO - Sync 1 DAGs
[2025-04-08T00:55:26.691+0000] {logging_mixin.py:190} INFO - [2025-04-08T00:55:26.691+0000] {dag.py:4180} INFO - Setting next_dagrun for example_bash_operator to 2025-04-07 00:00:00+00:00, run_after=2025-04-08 00:00:00+00:00
[2025-04-08T00:55:26.721+0000] {processor.py:208} INFO - Processing /home/airflow/.local/lib/python3.12/site-packages/airflow/example_dags/example_bash_operator.py took 0.171 seconds
[2025-04-08T00:55:56.822+0000] {processor.py:186} INFO - Started process (PID=7361) to work on /home/airflow/.local/lib/python3.12/site-packages/airflow/example_dags/example_bash_operator.py
[2025-04-08T00:55:56.825+0000] {processor.py:914} INFO - Processing file /home/airflow/.local/lib/python3.12/site-packages/airflow/example_dags/example_bash_operator.py for tasks to queue
[2025-04-08T00:55:56.830+0000] {logging_mixin.py:190} INFO - [2025-04-08T00:55:56.829+0000] {dagbag.py:588} INFO - Filling up the DagBag from /home/airflow/.local/lib/python3.12/site-packages/airflow/example_dags/example_bash_operator.py
[2025-04-08T00:55:56.859+0000] {processor.py:925} INFO - DAG(s) 'example_bash_operator' retrieved from /home/airflow/.local/lib/python3.12/site-packages/airflow/example_dags/example_bash_operator.py
[2025-04-08T00:55:56.929+0000] {logging_mixin.py:190} INFO - [2025-04-08T00:55:56.929+0000] {dag.py:3239} INFO - Sync 1 DAGs
[2025-04-08T00:55:56.970+0000] {logging_mixin.py:190} INFO - [2025-04-08T00:55:56.969+0000] {dag.py:4180} INFO - Setting next_dagrun for example_bash_operator to 2025-04-07 00:00:00+00:00, run_after=2025-04-08 00:00:00+00:00
[2025-04-08T00:55:57.010+0000] {processor.py:208} INFO - Processing /home/airflow/.local/lib/python3.12/site-packages/airflow/example_dags/example_bash_operator.py took 0.203 seconds
[2025-04-08T00:56:27.503+0000] {processor.py:186} INFO - Started process (PID=7423) to work on /home/airflow/.local/lib/python3.12/site-packages/airflow/example_dags/example_bash_operator.py
[2025-04-08T00:56:27.505+0000] {processor.py:914} INFO - Processing file /home/airflow/.local/lib/python3.12/site-packages/airflow/example_dags/example_bash_operator.py for tasks to queue
[2025-04-08T00:56:27.510+0000] {logging_mixin.py:190} INFO - [2025-04-08T00:56:27.509+0000] {dagbag.py:588} INFO - Filling up the DagBag from /home/airflow/.local/lib/python3.12/site-packages/airflow/example_dags/example_bash_operator.py
[2025-04-08T00:56:27.532+0000] {processor.py:925} INFO - DAG(s) 'example_bash_operator' retrieved from /home/airflow/.local/lib/python3.12/site-packages/airflow/example_dags/example_bash_operator.py
[2025-04-08T00:56:27.606+0000] {logging_mixin.py:190} INFO - [2025-04-08T00:56:27.605+0000] {dag.py:3239} INFO - Sync 1 DAGs
[2025-04-08T00:56:27.679+0000] {logging_mixin.py:190} INFO - [2025-04-08T00:56:27.678+0000] {dag.py:4180} INFO - Setting next_dagrun for example_bash_operator to 2025-04-07 00:00:00+00:00, run_after=2025-04-08 00:00:00+00:00
[2025-04-08T00:56:27.725+0000] {processor.py:208} INFO - Processing /home/airflow/.local/lib/python3.12/site-packages/airflow/example_dags/example_bash_operator.py took 0.234 seconds
[2025-04-08T00:56:58.700+0000] {processor.py:186} INFO - Started process (PID=7486) to work on /home/airflow/.local/lib/python3.12/site-packages/airflow/example_dags/example_bash_operator.py
[2025-04-08T00:56:58.703+0000] {processor.py:914} INFO - Processing file /home/airflow/.local/lib/python3.12/site-packages/airflow/example_dags/example_bash_operator.py for tasks to queue
[2025-04-08T00:56:58.707+0000] {logging_mixin.py:190} INFO - [2025-04-08T00:56:58.706+0000] {dagbag.py:588} INFO - Filling up the DagBag from /home/airflow/.local/lib/python3.12/site-packages/airflow/example_dags/example_bash_operator.py
[2025-04-08T00:56:58.742+0000] {processor.py:925} INFO - DAG(s) 'example_bash_operator' retrieved from /home/airflow/.local/lib/python3.12/site-packages/airflow/example_dags/example_bash_operator.py
[2025-04-08T00:56:58.805+0000] {logging_mixin.py:190} INFO - [2025-04-08T00:56:58.804+0000] {dag.py:3239} INFO - Sync 1 DAGs
[2025-04-08T00:56:58.864+0000] {logging_mixin.py:190} INFO - [2025-04-08T00:56:58.863+0000] {dag.py:4180} INFO - Setting next_dagrun for example_bash_operator to 2025-04-07 00:00:00+00:00, run_after=2025-04-08 00:00:00+00:00
[2025-04-08T00:56:58.916+0000] {processor.py:208} INFO - Processing /home/airflow/.local/lib/python3.12/site-packages/airflow/example_dags/example_bash_operator.py took 0.225 seconds
[2025-04-08T00:57:29.515+0000] {processor.py:186} INFO - Started process (PID=7549) to work on /home/airflow/.local/lib/python3.12/site-packages/airflow/example_dags/example_bash_operator.py
[2025-04-08T00:57:29.518+0000] {processor.py:914} INFO - Processing file /home/airflow/.local/lib/python3.12/site-packages/airflow/example_dags/example_bash_operator.py for tasks to queue
[2025-04-08T00:57:29.522+0000] {logging_mixin.py:190} INFO - [2025-04-08T00:57:29.521+0000] {dagbag.py:588} INFO - Filling up the DagBag from /home/airflow/.local/lib/python3.12/site-packages/airflow/example_dags/example_bash_operator.py
[2025-04-08T00:57:29.543+0000] {processor.py:925} INFO - DAG(s) 'example_bash_operator' retrieved from /home/airflow/.local/lib/python3.12/site-packages/airflow/example_dags/example_bash_operator.py
[2025-04-08T00:57:29.595+0000] {logging_mixin.py:190} INFO - [2025-04-08T00:57:29.594+0000] {dag.py:3239} INFO - Sync 1 DAGs
[2025-04-08T00:57:29.645+0000] {logging_mixin.py:190} INFO - [2025-04-08T00:57:29.645+0000] {dag.py:4180} INFO - Setting next_dagrun for example_bash_operator to 2025-04-07 00:00:00+00:00, run_after=2025-04-08 00:00:00+00:00
[2025-04-08T00:57:29.690+0000] {processor.py:208} INFO - Processing /home/airflow/.local/lib/python3.12/site-packages/airflow/example_dags/example_bash_operator.py took 0.185 seconds
[2025-04-08T00:58:00.790+0000] {processor.py:186} INFO - Started process (PID=7613) to work on /home/airflow/.local/lib/python3.12/site-packages/airflow/example_dags/example_bash_operator.py
[2025-04-08T00:58:00.799+0000] {processor.py:914} INFO - Processing file /home/airflow/.local/lib/python3.12/site-packages/airflow/example_dags/example_bash_operator.py for tasks to queue
[2025-04-08T00:58:00.805+0000] {logging_mixin.py:190} INFO - [2025-04-08T00:58:00.804+0000] {dagbag.py:588} INFO - Filling up the DagBag from /home/airflow/.local/lib/python3.12/site-packages/airflow/example_dags/example_bash_operator.py
[2025-04-08T00:58:00.865+0000] {processor.py:925} INFO - DAG(s) 'example_bash_operator' retrieved from /home/airflow/.local/lib/python3.12/site-packages/airflow/example_dags/example_bash_operator.py
[2025-04-08T00:58:01.020+0000] {logging_mixin.py:190} INFO - [2025-04-08T00:58:01.019+0000] {dag.py:3239} INFO - Sync 1 DAGs
[2025-04-08T00:58:01.200+0000] {logging_mixin.py:190} INFO - [2025-04-08T00:58:01.198+0000] {dag.py:4180} INFO - Setting next_dagrun for example_bash_operator to 2025-04-07 00:00:00+00:00, run_after=2025-04-08 00:00:00+00:00
[2025-04-08T00:58:01.339+0000] {processor.py:208} INFO - Processing /home/airflow/.local/lib/python3.12/site-packages/airflow/example_dags/example_bash_operator.py took 0.649 seconds
[2025-04-08T01:23:48.415+0000] {processor.py:186} INFO - Started process (PID=7675) to work on /home/airflow/.local/lib/python3.12/site-packages/airflow/example_dags/example_bash_operator.py
[2025-04-08T01:23:48.424+0000] {processor.py:914} INFO - Processing file /home/airflow/.local/lib/python3.12/site-packages/airflow/example_dags/example_bash_operator.py for tasks to queue
[2025-04-08T01:23:48.430+0000] {logging_mixin.py:190} INFO - [2025-04-08T01:23:48.429+0000] {dagbag.py:588} INFO - Filling up the DagBag from /home/airflow/.local/lib/python3.12/site-packages/airflow/example_dags/example_bash_operator.py
[2025-04-08T01:23:48.475+0000] {processor.py:925} INFO - DAG(s) 'example_bash_operator' retrieved from /home/airflow/.local/lib/python3.12/site-packages/airflow/example_dags/example_bash_operator.py
[2025-04-08T01:23:48.576+0000] {logging_mixin.py:190} INFO - [2025-04-08T01:23:48.575+0000] {dag.py:3239} INFO - Sync 1 DAGs
[2025-04-08T01:23:48.666+0000] {logging_mixin.py:190} INFO - [2025-04-08T01:23:48.665+0000] {dag.py:4180} INFO - Setting next_dagrun for example_bash_operator to 2025-04-07 00:00:00+00:00, run_after=2025-04-08 00:00:00+00:00
[2025-04-08T01:23:50.606+0000] {processor.py:208} INFO - Processing /home/airflow/.local/lib/python3.12/site-packages/airflow/example_dags/example_bash_operator.py took 2.213 seconds
[2025-04-08T01:24:20.818+0000] {processor.py:186} INFO - Started process (PID=7738) to work on /home/airflow/.local/lib/python3.12/site-packages/airflow/example_dags/example_bash_operator.py
[2025-04-08T01:24:20.819+0000] {processor.py:914} INFO - Processing file /home/airflow/.local/lib/python3.12/site-packages/airflow/example_dags/example_bash_operator.py for tasks to queue
[2025-04-08T01:24:20.822+0000] {logging_mixin.py:190} INFO - [2025-04-08T01:24:20.821+0000] {dagbag.py:588} INFO - Filling up the DagBag from /home/airflow/.local/lib/python3.12/site-packages/airflow/example_dags/example_bash_operator.py
[2025-04-08T01:24:20.841+0000] {processor.py:925} INFO - DAG(s) 'example_bash_operator' retrieved from /home/airflow/.local/lib/python3.12/site-packages/airflow/example_dags/example_bash_operator.py
[2025-04-08T01:24:20.874+0000] {logging_mixin.py:190} INFO - [2025-04-08T01:24:20.873+0000] {dag.py:3239} INFO - Sync 1 DAGs
[2025-04-08T01:24:20.903+0000] {logging_mixin.py:190} INFO - [2025-04-08T01:24:20.903+0000] {dag.py:4180} INFO - Setting next_dagrun for example_bash_operator to 2025-04-07 00:00:00+00:00, run_after=2025-04-08 00:00:00+00:00
[2025-04-08T01:24:20.931+0000] {processor.py:208} INFO - Processing /home/airflow/.local/lib/python3.12/site-packages/airflow/example_dags/example_bash_operator.py took 0.123 seconds
[2025-04-08T01:24:51.771+0000] {processor.py:186} INFO - Started process (PID=7801) to work on /home/airflow/.local/lib/python3.12/site-packages/airflow/example_dags/example_bash_operator.py
[2025-04-08T01:24:51.774+0000] {processor.py:914} INFO - Processing file /home/airflow/.local/lib/python3.12/site-packages/airflow/example_dags/example_bash_operator.py for tasks to queue
[2025-04-08T01:24:51.776+0000] {logging_mixin.py:190} INFO - [2025-04-08T01:24:51.776+0000] {dagbag.py:588} INFO - Filling up the DagBag from /home/airflow/.local/lib/python3.12/site-packages/airflow/example_dags/example_bash_operator.py
[2025-04-08T01:24:51.794+0000] {processor.py:925} INFO - DAG(s) 'example_bash_operator' retrieved from /home/airflow/.local/lib/python3.12/site-packages/airflow/example_dags/example_bash_operator.py
[2025-04-08T01:24:51.831+0000] {logging_mixin.py:190} INFO - [2025-04-08T01:24:51.831+0000] {dag.py:3239} INFO - Sync 1 DAGs
[2025-04-08T01:24:51.861+0000] {logging_mixin.py:190} INFO - [2025-04-08T01:24:51.860+0000] {dag.py:4180} INFO - Setting next_dagrun for example_bash_operator to 2025-04-07 00:00:00+00:00, run_after=2025-04-08 00:00:00+00:00
[2025-04-08T01:24:51.894+0000] {processor.py:208} INFO - Processing /home/airflow/.local/lib/python3.12/site-packages/airflow/example_dags/example_bash_operator.py took 0.131 seconds
[2025-04-08T01:25:22.346+0000] {processor.py:186} INFO - Started process (PID=7864) to work on /home/airflow/.local/lib/python3.12/site-packages/airflow/example_dags/example_bash_operator.py
[2025-04-08T01:25:22.348+0000] {processor.py:914} INFO - Processing file /home/airflow/.local/lib/python3.12/site-packages/airflow/example_dags/example_bash_operator.py for tasks to queue
[2025-04-08T01:25:22.351+0000] {logging_mixin.py:190} INFO - [2025-04-08T01:25:22.350+0000] {dagbag.py:588} INFO - Filling up the DagBag from /home/airflow/.local/lib/python3.12/site-packages/airflow/example_dags/example_bash_operator.py
[2025-04-08T01:25:22.375+0000] {processor.py:925} INFO - DAG(s) 'example_bash_operator' retrieved from /home/airflow/.local/lib/python3.12/site-packages/airflow/example_dags/example_bash_operator.py
[2025-04-08T01:25:22.423+0000] {logging_mixin.py:190} INFO - [2025-04-08T01:25:22.422+0000] {dag.py:3239} INFO - Sync 1 DAGs
[2025-04-08T01:25:22.451+0000] {logging_mixin.py:190} INFO - [2025-04-08T01:25:22.451+0000] {dag.py:4180} INFO - Setting next_dagrun for example_bash_operator to 2025-04-07 00:00:00+00:00, run_after=2025-04-08 00:00:00+00:00
[2025-04-08T01:25:22.483+0000] {processor.py:208} INFO - Processing /home/airflow/.local/lib/python3.12/site-packages/airflow/example_dags/example_bash_operator.py took 0.147 seconds
[2025-04-08T01:25:52.970+0000] {processor.py:186} INFO - Started process (PID=7927) to work on /home/airflow/.local/lib/python3.12/site-packages/airflow/example_dags/example_bash_operator.py
[2025-04-08T01:25:52.972+0000] {processor.py:914} INFO - Processing file /home/airflow/.local/lib/python3.12/site-packages/airflow/example_dags/example_bash_operator.py for tasks to queue
[2025-04-08T01:25:52.977+0000] {logging_mixin.py:190} INFO - [2025-04-08T01:25:52.976+0000] {dagbag.py:588} INFO - Filling up the DagBag from /home/airflow/.local/lib/python3.12/site-packages/airflow/example_dags/example_bash_operator.py
[2025-04-08T01:25:52.997+0000] {processor.py:925} INFO - DAG(s) 'example_bash_operator' retrieved from /home/airflow/.local/lib/python3.12/site-packages/airflow/example_dags/example_bash_operator.py
[2025-04-08T01:25:53.037+0000] {logging_mixin.py:190} INFO - [2025-04-08T01:25:53.037+0000] {dag.py:3239} INFO - Sync 1 DAGs
[2025-04-08T01:25:53.088+0000] {logging_mixin.py:190} INFO - [2025-04-08T01:25:53.087+0000] {dag.py:4180} INFO - Setting next_dagrun for example_bash_operator to 2025-04-07 00:00:00+00:00, run_after=2025-04-08 00:00:00+00:00
[2025-04-08T01:25:53.138+0000] {processor.py:208} INFO - Processing /home/airflow/.local/lib/python3.12/site-packages/airflow/example_dags/example_bash_operator.py took 0.176 seconds
[2025-04-08T01:26:23.412+0000] {processor.py:186} INFO - Started process (PID=7990) to work on /home/airflow/.local/lib/python3.12/site-packages/airflow/example_dags/example_bash_operator.py
[2025-04-08T01:26:23.414+0000] {processor.py:914} INFO - Processing file /home/airflow/.local/lib/python3.12/site-packages/airflow/example_dags/example_bash_operator.py for tasks to queue
[2025-04-08T01:26:23.416+0000] {logging_mixin.py:190} INFO - [2025-04-08T01:26:23.415+0000] {dagbag.py:588} INFO - Filling up the DagBag from /home/airflow/.local/lib/python3.12/site-packages/airflow/example_dags/example_bash_operator.py
[2025-04-08T01:26:23.437+0000] {processor.py:925} INFO - DAG(s) 'example_bash_operator' retrieved from /home/airflow/.local/lib/python3.12/site-packages/airflow/example_dags/example_bash_operator.py
[2025-04-08T01:26:23.482+0000] {logging_mixin.py:190} INFO - [2025-04-08T01:26:23.481+0000] {dag.py:3239} INFO - Sync 1 DAGs
[2025-04-08T01:26:23.512+0000] {logging_mixin.py:190} INFO - [2025-04-08T01:26:23.512+0000] {dag.py:4180} INFO - Setting next_dagrun for example_bash_operator to 2025-04-07 00:00:00+00:00, run_after=2025-04-08 00:00:00+00:00
[2025-04-08T01:26:23.542+0000] {processor.py:208} INFO - Processing /home/airflow/.local/lib/python3.12/site-packages/airflow/example_dags/example_bash_operator.py took 0.138 seconds
[2025-04-08T01:26:54.091+0000] {processor.py:186} INFO - Started process (PID=8053) to work on /home/airflow/.local/lib/python3.12/site-packages/airflow/example_dags/example_bash_operator.py
[2025-04-08T01:26:54.093+0000] {processor.py:914} INFO - Processing file /home/airflow/.local/lib/python3.12/site-packages/airflow/example_dags/example_bash_operator.py for tasks to queue
[2025-04-08T01:26:54.095+0000] {logging_mixin.py:190} INFO - [2025-04-08T01:26:54.094+0000] {dagbag.py:588} INFO - Filling up the DagBag from /home/airflow/.local/lib/python3.12/site-packages/airflow/example_dags/example_bash_operator.py
[2025-04-08T01:26:54.110+0000] {processor.py:925} INFO - DAG(s) 'example_bash_operator' retrieved from /home/airflow/.local/lib/python3.12/site-packages/airflow/example_dags/example_bash_operator.py
[2025-04-08T01:26:54.146+0000] {logging_mixin.py:190} INFO - [2025-04-08T01:26:54.146+0000] {dag.py:3239} INFO - Sync 1 DAGs
[2025-04-08T01:26:54.176+0000] {logging_mixin.py:190} INFO - [2025-04-08T01:26:54.176+0000] {dag.py:4180} INFO - Setting next_dagrun for example_bash_operator to 2025-04-07 00:00:00+00:00, run_after=2025-04-08 00:00:00+00:00
[2025-04-08T01:26:54.207+0000] {processor.py:208} INFO - Processing /home/airflow/.local/lib/python3.12/site-packages/airflow/example_dags/example_bash_operator.py took 0.122 seconds
[2025-04-08T01:27:25.398+0000] {processor.py:186} INFO - Started process (PID=8116) to work on /home/airflow/.local/lib/python3.12/site-packages/airflow/example_dags/example_bash_operator.py
[2025-04-08T01:27:25.400+0000] {processor.py:914} INFO - Processing file /home/airflow/.local/lib/python3.12/site-packages/airflow/example_dags/example_bash_operator.py for tasks to queue
[2025-04-08T01:27:25.404+0000] {logging_mixin.py:190} INFO - [2025-04-08T01:27:25.403+0000] {dagbag.py:588} INFO - Filling up the DagBag from /home/airflow/.local/lib/python3.12/site-packages/airflow/example_dags/example_bash_operator.py
[2025-04-08T01:27:25.445+0000] {processor.py:925} INFO - DAG(s) 'example_bash_operator' retrieved from /home/airflow/.local/lib/python3.12/site-packages/airflow/example_dags/example_bash_operator.py
[2025-04-08T01:27:25.518+0000] {logging_mixin.py:190} INFO - [2025-04-08T01:27:25.518+0000] {dag.py:3239} INFO - Sync 1 DAGs
[2025-04-08T01:27:25.576+0000] {logging_mixin.py:190} INFO - [2025-04-08T01:27:25.575+0000] {dag.py:4180} INFO - Setting next_dagrun for example_bash_operator to 2025-04-07 00:00:00+00:00, run_after=2025-04-08 00:00:00+00:00
[2025-04-08T01:27:25.632+0000] {processor.py:208} INFO - Processing /home/airflow/.local/lib/python3.12/site-packages/airflow/example_dags/example_bash_operator.py took 0.246 seconds
[2025-04-08T01:27:55.731+0000] {processor.py:186} INFO - Started process (PID=8178) to work on /home/airflow/.local/lib/python3.12/site-packages/airflow/example_dags/example_bash_operator.py
[2025-04-08T01:27:55.733+0000] {processor.py:914} INFO - Processing file /home/airflow/.local/lib/python3.12/site-packages/airflow/example_dags/example_bash_operator.py for tasks to queue
[2025-04-08T01:27:55.735+0000] {logging_mixin.py:190} INFO - [2025-04-08T01:27:55.734+0000] {dagbag.py:588} INFO - Filling up the DagBag from /home/airflow/.local/lib/python3.12/site-packages/airflow/example_dags/example_bash_operator.py
[2025-04-08T01:27:55.754+0000] {processor.py:925} INFO - DAG(s) 'example_bash_operator' retrieved from /home/airflow/.local/lib/python3.12/site-packages/airflow/example_dags/example_bash_operator.py
[2025-04-08T01:27:55.791+0000] {logging_mixin.py:190} INFO - [2025-04-08T01:27:55.791+0000] {dag.py:3239} INFO - Sync 1 DAGs
[2025-04-08T01:27:55.822+0000] {logging_mixin.py:190} INFO - [2025-04-08T01:27:55.822+0000] {dag.py:4180} INFO - Setting next_dagrun for example_bash_operator to 2025-04-07 00:00:00+00:00, run_after=2025-04-08 00:00:00+00:00
[2025-04-08T01:27:55.848+0000] {processor.py:208} INFO - Processing /home/airflow/.local/lib/python3.12/site-packages/airflow/example_dags/example_bash_operator.py took 0.124 seconds
[2025-04-08T01:28:26.108+0000] {processor.py:186} INFO - Started process (PID=8241) to work on /home/airflow/.local/lib/python3.12/site-packages/airflow/example_dags/example_bash_operator.py
[2025-04-08T01:28:26.111+0000] {processor.py:914} INFO - Processing file /home/airflow/.local/lib/python3.12/site-packages/airflow/example_dags/example_bash_operator.py for tasks to queue
[2025-04-08T01:28:26.117+0000] {logging_mixin.py:190} INFO - [2025-04-08T01:28:26.117+0000] {dagbag.py:588} INFO - Filling up the DagBag from /home/airflow/.local/lib/python3.12/site-packages/airflow/example_dags/example_bash_operator.py
[2025-04-08T01:28:26.143+0000] {processor.py:925} INFO - DAG(s) 'example_bash_operator' retrieved from /home/airflow/.local/lib/python3.12/site-packages/airflow/example_dags/example_bash_operator.py
[2025-04-08T01:28:26.188+0000] {logging_mixin.py:190} INFO - [2025-04-08T01:28:26.188+0000] {dag.py:3239} INFO - Sync 1 DAGs
[2025-04-08T01:28:26.222+0000] {logging_mixin.py:190} INFO - [2025-04-08T01:28:26.221+0000] {dag.py:4180} INFO - Setting next_dagrun for example_bash_operator to 2025-04-07 00:00:00+00:00, run_after=2025-04-08 00:00:00+00:00
[2025-04-08T01:28:26.258+0000] {processor.py:208} INFO - Processing /home/airflow/.local/lib/python3.12/site-packages/airflow/example_dags/example_bash_operator.py took 0.175 seconds
[2025-04-08T01:28:56.888+0000] {processor.py:186} INFO - Started process (PID=8303) to work on /home/airflow/.local/lib/python3.12/site-packages/airflow/example_dags/example_bash_operator.py
[2025-04-08T01:28:56.892+0000] {processor.py:914} INFO - Processing file /home/airflow/.local/lib/python3.12/site-packages/airflow/example_dags/example_bash_operator.py for tasks to queue
[2025-04-08T01:28:56.896+0000] {logging_mixin.py:190} INFO - [2025-04-08T01:28:56.895+0000] {dagbag.py:588} INFO - Filling up the DagBag from /home/airflow/.local/lib/python3.12/site-packages/airflow/example_dags/example_bash_operator.py
[2025-04-08T01:28:56.935+0000] {processor.py:925} INFO - DAG(s) 'example_bash_operator' retrieved from /home/airflow/.local/lib/python3.12/site-packages/airflow/example_dags/example_bash_operator.py
[2025-04-08T01:28:57.004+0000] {logging_mixin.py:190} INFO - [2025-04-08T01:28:57.004+0000] {dag.py:3239} INFO - Sync 1 DAGs
[2025-04-08T01:28:57.067+0000] {logging_mixin.py:190} INFO - [2025-04-08T01:28:57.067+0000] {dag.py:4180} INFO - Setting next_dagrun for example_bash_operator to 2025-04-07 00:00:00+00:00, run_after=2025-04-08 00:00:00+00:00
[2025-04-08T01:28:57.111+0000] {processor.py:208} INFO - Processing /home/airflow/.local/lib/python3.12/site-packages/airflow/example_dags/example_bash_operator.py took 0.231 seconds
[2025-04-08T01:29:27.763+0000] {processor.py:186} INFO - Started process (PID=8366) to work on /home/airflow/.local/lib/python3.12/site-packages/airflow/example_dags/example_bash_operator.py
[2025-04-08T01:29:27.764+0000] {processor.py:914} INFO - Processing file /home/airflow/.local/lib/python3.12/site-packages/airflow/example_dags/example_bash_operator.py for tasks to queue
[2025-04-08T01:29:27.765+0000] {logging_mixin.py:190} INFO - [2025-04-08T01:29:27.765+0000] {dagbag.py:588} INFO - Filling up the DagBag from /home/airflow/.local/lib/python3.12/site-packages/airflow/example_dags/example_bash_operator.py
[2025-04-08T01:29:27.778+0000] {processor.py:925} INFO - DAG(s) 'example_bash_operator' retrieved from /home/airflow/.local/lib/python3.12/site-packages/airflow/example_dags/example_bash_operator.py
[2025-04-08T01:29:27.806+0000] {logging_mixin.py:190} INFO - [2025-04-08T01:29:27.806+0000] {dag.py:3239} INFO - Sync 1 DAGs
[2025-04-08T01:29:27.831+0000] {logging_mixin.py:190} INFO - [2025-04-08T01:29:27.831+0000] {dag.py:4180} INFO - Setting next_dagrun for example_bash_operator to 2025-04-07 00:00:00+00:00, run_after=2025-04-08 00:00:00+00:00
[2025-04-08T01:29:27.856+0000] {processor.py:208} INFO - Processing /home/airflow/.local/lib/python3.12/site-packages/airflow/example_dags/example_bash_operator.py took 0.099 seconds
[2025-04-08T01:29:58.692+0000] {processor.py:186} INFO - Started process (PID=8429) to work on /home/airflow/.local/lib/python3.12/site-packages/airflow/example_dags/example_bash_operator.py
[2025-04-08T01:29:58.694+0000] {processor.py:914} INFO - Processing file /home/airflow/.local/lib/python3.12/site-packages/airflow/example_dags/example_bash_operator.py for tasks to queue
[2025-04-08T01:29:58.697+0000] {logging_mixin.py:190} INFO - [2025-04-08T01:29:58.696+0000] {dagbag.py:588} INFO - Filling up the DagBag from /home/airflow/.local/lib/python3.12/site-packages/airflow/example_dags/example_bash_operator.py
[2025-04-08T01:29:58.723+0000] {processor.py:925} INFO - DAG(s) 'example_bash_operator' retrieved from /home/airflow/.local/lib/python3.12/site-packages/airflow/example_dags/example_bash_operator.py
[2025-04-08T01:29:58.782+0000] {logging_mixin.py:190} INFO - [2025-04-08T01:29:58.782+0000] {dag.py:3239} INFO - Sync 1 DAGs
[2025-04-08T01:29:58.824+0000] {logging_mixin.py:190} INFO - [2025-04-08T01:29:58.824+0000] {dag.py:4180} INFO - Setting next_dagrun for example_bash_operator to 2025-04-07 00:00:00+00:00, run_after=2025-04-08 00:00:00+00:00
[2025-04-08T01:29:58.862+0000] {processor.py:208} INFO - Processing /home/airflow/.local/lib/python3.12/site-packages/airflow/example_dags/example_bash_operator.py took 0.184 seconds
[2025-04-08T01:30:31.140+0000] {processor.py:186} INFO - Started process (PID=8492) to work on /home/airflow/.local/lib/python3.12/site-packages/airflow/example_dags/example_bash_operator.py
[2025-04-08T01:30:31.143+0000] {processor.py:914} INFO - Processing file /home/airflow/.local/lib/python3.12/site-packages/airflow/example_dags/example_bash_operator.py for tasks to queue
[2025-04-08T01:30:31.145+0000] {logging_mixin.py:190} INFO - [2025-04-08T01:30:31.145+0000] {dagbag.py:588} INFO - Filling up the DagBag from /home/airflow/.local/lib/python3.12/site-packages/airflow/example_dags/example_bash_operator.py
[2025-04-08T01:30:31.173+0000] {processor.py:925} INFO - DAG(s) 'example_bash_operator' retrieved from /home/airflow/.local/lib/python3.12/site-packages/airflow/example_dags/example_bash_operator.py
[2025-04-08T01:30:31.266+0000] {logging_mixin.py:190} INFO - [2025-04-08T01:30:31.265+0000] {dag.py:3239} INFO - Sync 1 DAGs
[2025-04-08T01:30:31.338+0000] {logging_mixin.py:190} INFO - [2025-04-08T01:30:31.338+0000] {dag.py:4180} INFO - Setting next_dagrun for example_bash_operator to 2025-04-07 00:00:00+00:00, run_after=2025-04-08 00:00:00+00:00
[2025-04-08T01:30:31.895+0000] {processor.py:208} INFO - Processing /home/airflow/.local/lib/python3.12/site-packages/airflow/example_dags/example_bash_operator.py took 0.767 seconds
[2025-04-08T01:31:02.096+0000] {processor.py:186} INFO - Started process (PID=8555) to work on /home/airflow/.local/lib/python3.12/site-packages/airflow/example_dags/example_bash_operator.py
[2025-04-08T01:31:02.098+0000] {processor.py:914} INFO - Processing file /home/airflow/.local/lib/python3.12/site-packages/airflow/example_dags/example_bash_operator.py for tasks to queue
[2025-04-08T01:31:02.101+0000] {logging_mixin.py:190} INFO - [2025-04-08T01:31:02.101+0000] {dagbag.py:588} INFO - Filling up the DagBag from /home/airflow/.local/lib/python3.12/site-packages/airflow/example_dags/example_bash_operator.py
[2025-04-08T01:31:02.127+0000] {processor.py:925} INFO - DAG(s) 'example_bash_operator' retrieved from /home/airflow/.local/lib/python3.12/site-packages/airflow/example_dags/example_bash_operator.py
[2025-04-08T01:31:02.169+0000] {logging_mixin.py:190} INFO - [2025-04-08T01:31:02.169+0000] {dag.py:3239} INFO - Sync 1 DAGs
[2025-04-08T01:31:02.200+0000] {logging_mixin.py:190} INFO - [2025-04-08T01:31:02.199+0000] {dag.py:4180} INFO - Setting next_dagrun for example_bash_operator to 2025-04-07 00:00:00+00:00, run_after=2025-04-08 00:00:00+00:00
[2025-04-08T01:31:02.234+0000] {processor.py:208} INFO - Processing /home/airflow/.local/lib/python3.12/site-packages/airflow/example_dags/example_bash_operator.py took 0.151 seconds
[2025-04-08T01:31:32.655+0000] {processor.py:186} INFO - Started process (PID=8617) to work on /home/airflow/.local/lib/python3.12/site-packages/airflow/example_dags/example_bash_operator.py
[2025-04-08T01:31:32.656+0000] {processor.py:914} INFO - Processing file /home/airflow/.local/lib/python3.12/site-packages/airflow/example_dags/example_bash_operator.py for tasks to queue
[2025-04-08T01:31:32.659+0000] {logging_mixin.py:190} INFO - [2025-04-08T01:31:32.659+0000] {dagbag.py:588} INFO - Filling up the DagBag from /home/airflow/.local/lib/python3.12/site-packages/airflow/example_dags/example_bash_operator.py
[2025-04-08T01:31:32.674+0000] {processor.py:925} INFO - DAG(s) 'example_bash_operator' retrieved from /home/airflow/.local/lib/python3.12/site-packages/airflow/example_dags/example_bash_operator.py
[2025-04-08T01:31:32.712+0000] {logging_mixin.py:190} INFO - [2025-04-08T01:31:32.712+0000] {dag.py:3239} INFO - Sync 1 DAGs
[2025-04-08T01:31:32.747+0000] {logging_mixin.py:190} INFO - [2025-04-08T01:31:32.747+0000] {dag.py:4180} INFO - Setting next_dagrun for example_bash_operator to 2025-04-07 00:00:00+00:00, run_after=2025-04-08 00:00:00+00:00
[2025-04-08T01:31:32.780+0000] {processor.py:208} INFO - Processing /home/airflow/.local/lib/python3.12/site-packages/airflow/example_dags/example_bash_operator.py took 0.133 seconds
[2025-04-08T01:32:03.279+0000] {processor.py:186} INFO - Started process (PID=8679) to work on /home/airflow/.local/lib/python3.12/site-packages/airflow/example_dags/example_bash_operator.py
[2025-04-08T01:32:03.281+0000] {processor.py:914} INFO - Processing file /home/airflow/.local/lib/python3.12/site-packages/airflow/example_dags/example_bash_operator.py for tasks to queue
[2025-04-08T01:32:03.284+0000] {logging_mixin.py:190} INFO - [2025-04-08T01:32:03.284+0000] {dagbag.py:588} INFO - Filling up the DagBag from /home/airflow/.local/lib/python3.12/site-packages/airflow/example_dags/example_bash_operator.py
[2025-04-08T01:32:03.330+0000] {processor.py:925} INFO - DAG(s) 'example_bash_operator' retrieved from /home/airflow/.local/lib/python3.12/site-packages/airflow/example_dags/example_bash_operator.py
[2025-04-08T01:32:03.427+0000] {logging_mixin.py:190} INFO - [2025-04-08T01:32:03.426+0000] {dag.py:3239} INFO - Sync 1 DAGs
[2025-04-08T01:32:03.459+0000] {logging_mixin.py:190} INFO - [2025-04-08T01:32:03.459+0000] {dag.py:4180} INFO - Setting next_dagrun for example_bash_operator to 2025-04-07 00:00:00+00:00, run_after=2025-04-08 00:00:00+00:00
[2025-04-08T01:32:03.493+0000] {processor.py:208} INFO - Processing /home/airflow/.local/lib/python3.12/site-packages/airflow/example_dags/example_bash_operator.py took 0.227 seconds
[2025-04-08T01:32:34.174+0000] {processor.py:186} INFO - Started process (PID=8742) to work on /home/airflow/.local/lib/python3.12/site-packages/airflow/example_dags/example_bash_operator.py
[2025-04-08T01:32:34.177+0000] {processor.py:914} INFO - Processing file /home/airflow/.local/lib/python3.12/site-packages/airflow/example_dags/example_bash_operator.py for tasks to queue
[2025-04-08T01:32:34.182+0000] {logging_mixin.py:190} INFO - [2025-04-08T01:32:34.180+0000] {dagbag.py:588} INFO - Filling up the DagBag from /home/airflow/.local/lib/python3.12/site-packages/airflow/example_dags/example_bash_operator.py
[2025-04-08T01:32:34.207+0000] {processor.py:925} INFO - DAG(s) 'example_bash_operator' retrieved from /home/airflow/.local/lib/python3.12/site-packages/airflow/example_dags/example_bash_operator.py
[2025-04-08T01:32:34.263+0000] {logging_mixin.py:190} INFO - [2025-04-08T01:32:34.262+0000] {dag.py:3239} INFO - Sync 1 DAGs
[2025-04-08T01:32:34.320+0000] {logging_mixin.py:190} INFO - [2025-04-08T01:32:34.319+0000] {dag.py:4180} INFO - Setting next_dagrun for example_bash_operator to 2025-04-07 00:00:00+00:00, run_after=2025-04-08 00:00:00+00:00
[2025-04-08T01:32:34.358+0000] {processor.py:208} INFO - Processing /home/airflow/.local/lib/python3.12/site-packages/airflow/example_dags/example_bash_operator.py took 0.202 seconds
[2025-04-08T01:33:04.504+0000] {processor.py:186} INFO - Started process (PID=8804) to work on /home/airflow/.local/lib/python3.12/site-packages/airflow/example_dags/example_bash_operator.py
[2025-04-08T01:33:04.506+0000] {processor.py:914} INFO - Processing file /home/airflow/.local/lib/python3.12/site-packages/airflow/example_dags/example_bash_operator.py for tasks to queue
[2025-04-08T01:33:04.510+0000] {logging_mixin.py:190} INFO - [2025-04-08T01:33:04.509+0000] {dagbag.py:588} INFO - Filling up the DagBag from /home/airflow/.local/lib/python3.12/site-packages/airflow/example_dags/example_bash_operator.py
[2025-04-08T01:33:04.527+0000] {processor.py:925} INFO - DAG(s) 'example_bash_operator' retrieved from /home/airflow/.local/lib/python3.12/site-packages/airflow/example_dags/example_bash_operator.py
[2025-04-08T01:33:04.572+0000] {logging_mixin.py:190} INFO - [2025-04-08T01:33:04.572+0000] {dag.py:3239} INFO - Sync 1 DAGs
[2025-04-08T01:33:04.621+0000] {logging_mixin.py:190} INFO - [2025-04-08T01:33:04.621+0000] {dag.py:4180} INFO - Setting next_dagrun for example_bash_operator to 2025-04-07 00:00:00+00:00, run_after=2025-04-08 00:00:00+00:00
[2025-04-08T01:33:04.660+0000] {processor.py:208} INFO - Processing /home/airflow/.local/lib/python3.12/site-packages/airflow/example_dags/example_bash_operator.py took 0.163 seconds
[2025-04-08T01:33:35.216+0000] {processor.py:186} INFO - Started process (PID=8867) to work on /home/airflow/.local/lib/python3.12/site-packages/airflow/example_dags/example_bash_operator.py
[2025-04-08T01:33:35.220+0000] {processor.py:914} INFO - Processing file /home/airflow/.local/lib/python3.12/site-packages/airflow/example_dags/example_bash_operator.py for tasks to queue
[2025-04-08T01:33:35.225+0000] {logging_mixin.py:190} INFO - [2025-04-08T01:33:35.223+0000] {dagbag.py:588} INFO - Filling up the DagBag from /home/airflow/.local/lib/python3.12/site-packages/airflow/example_dags/example_bash_operator.py
[2025-04-08T01:33:35.257+0000] {processor.py:925} INFO - DAG(s) 'example_bash_operator' retrieved from /home/airflow/.local/lib/python3.12/site-packages/airflow/example_dags/example_bash_operator.py
[2025-04-08T01:33:35.330+0000] {logging_mixin.py:190} INFO - [2025-04-08T01:33:35.329+0000] {dag.py:3239} INFO - Sync 1 DAGs
[2025-04-08T01:33:35.395+0000] {logging_mixin.py:190} INFO - [2025-04-08T01:33:35.395+0000] {dag.py:4180} INFO - Setting next_dagrun for example_bash_operator to 2025-04-07 00:00:00+00:00, run_after=2025-04-08 00:00:00+00:00
[2025-04-08T01:33:35.446+0000] {processor.py:208} INFO - Processing /home/airflow/.local/lib/python3.12/site-packages/airflow/example_dags/example_bash_operator.py took 0.252 seconds
[2025-04-08T01:34:05.702+0000] {processor.py:186} INFO - Started process (PID=8930) to work on /home/airflow/.local/lib/python3.12/site-packages/airflow/example_dags/example_bash_operator.py
[2025-04-08T01:34:05.705+0000] {processor.py:914} INFO - Processing file /home/airflow/.local/lib/python3.12/site-packages/airflow/example_dags/example_bash_operator.py for tasks to queue
[2025-04-08T01:34:05.710+0000] {logging_mixin.py:190} INFO - [2025-04-08T01:34:05.709+0000] {dagbag.py:588} INFO - Filling up the DagBag from /home/airflow/.local/lib/python3.12/site-packages/airflow/example_dags/example_bash_operator.py
[2025-04-08T01:34:05.745+0000] {processor.py:925} INFO - DAG(s) 'example_bash_operator' retrieved from /home/airflow/.local/lib/python3.12/site-packages/airflow/example_dags/example_bash_operator.py
[2025-04-08T01:34:05.806+0000] {logging_mixin.py:190} INFO - [2025-04-08T01:34:05.805+0000] {dag.py:3239} INFO - Sync 1 DAGs
[2025-04-08T01:34:05.884+0000] {logging_mixin.py:190} INFO - [2025-04-08T01:34:05.884+0000] {dag.py:4180} INFO - Setting next_dagrun for example_bash_operator to 2025-04-07 00:00:00+00:00, run_after=2025-04-08 00:00:00+00:00
[2025-04-08T01:34:05.951+0000] {processor.py:208} INFO - Processing /home/airflow/.local/lib/python3.12/site-packages/airflow/example_dags/example_bash_operator.py took 0.268 seconds
[2025-04-08T01:34:36.094+0000] {processor.py:186} INFO - Started process (PID=8994) to work on /home/airflow/.local/lib/python3.12/site-packages/airflow/example_dags/example_bash_operator.py
[2025-04-08T01:34:36.097+0000] {processor.py:914} INFO - Processing file /home/airflow/.local/lib/python3.12/site-packages/airflow/example_dags/example_bash_operator.py for tasks to queue
[2025-04-08T01:34:36.101+0000] {logging_mixin.py:190} INFO - [2025-04-08T01:34:36.100+0000] {dagbag.py:588} INFO - Filling up the DagBag from /home/airflow/.local/lib/python3.12/site-packages/airflow/example_dags/example_bash_operator.py
[2025-04-08T01:34:36.131+0000] {processor.py:925} INFO - DAG(s) 'example_bash_operator' retrieved from /home/airflow/.local/lib/python3.12/site-packages/airflow/example_dags/example_bash_operator.py
[2025-04-08T01:34:36.185+0000] {logging_mixin.py:190} INFO - [2025-04-08T01:34:36.184+0000] {dag.py:3239} INFO - Sync 1 DAGs
[2025-04-08T01:34:36.228+0000] {logging_mixin.py:190} INFO - [2025-04-08T01:34:36.228+0000] {dag.py:4180} INFO - Setting next_dagrun for example_bash_operator to 2025-04-07 00:00:00+00:00, run_after=2025-04-08 00:00:00+00:00
[2025-04-08T01:34:36.265+0000] {processor.py:208} INFO - Processing /home/airflow/.local/lib/python3.12/site-packages/airflow/example_dags/example_bash_operator.py took 0.186 seconds
[2025-04-08T01:35:09.544+0000] {processor.py:186} INFO - Started process (PID=9064) to work on /home/airflow/.local/lib/python3.12/site-packages/airflow/example_dags/example_bash_operator.py
[2025-04-08T01:35:09.551+0000] {processor.py:914} INFO - Processing file /home/airflow/.local/lib/python3.12/site-packages/airflow/example_dags/example_bash_operator.py for tasks to queue
[2025-04-08T01:35:09.567+0000] {logging_mixin.py:190} INFO - [2025-04-08T01:35:09.564+0000] {dagbag.py:588} INFO - Filling up the DagBag from /home/airflow/.local/lib/python3.12/site-packages/airflow/example_dags/example_bash_operator.py
[2025-04-08T01:35:09.641+0000] {processor.py:925} INFO - DAG(s) 'example_bash_operator' retrieved from /home/airflow/.local/lib/python3.12/site-packages/airflow/example_dags/example_bash_operator.py
[2025-04-08T01:35:09.843+0000] {logging_mixin.py:190} INFO - [2025-04-08T01:35:09.841+0000] {dag.py:3239} INFO - Sync 1 DAGs
[2025-04-08T01:35:10.015+0000] {logging_mixin.py:190} INFO - [2025-04-08T01:35:10.013+0000] {dag.py:4180} INFO - Setting next_dagrun for example_bash_operator to 2025-04-07 00:00:00+00:00, run_after=2025-04-08 00:00:00+00:00
[2025-04-08T01:35:10.114+0000] {processor.py:208} INFO - Processing /home/airflow/.local/lib/python3.12/site-packages/airflow/example_dags/example_bash_operator.py took 0.605 seconds
[2025-04-08T01:35:42.191+0000] {processor.py:186} INFO - Started process (PID=9128) to work on /home/airflow/.local/lib/python3.12/site-packages/airflow/example_dags/example_bash_operator.py
[2025-04-08T01:35:42.197+0000] {processor.py:914} INFO - Processing file /home/airflow/.local/lib/python3.12/site-packages/airflow/example_dags/example_bash_operator.py for tasks to queue
[2025-04-08T01:35:42.205+0000] {logging_mixin.py:190} INFO - [2025-04-08T01:35:42.203+0000] {dagbag.py:588} INFO - Filling up the DagBag from /home/airflow/.local/lib/python3.12/site-packages/airflow/example_dags/example_bash_operator.py
[2025-04-08T01:35:42.257+0000] {processor.py:925} INFO - DAG(s) 'example_bash_operator' retrieved from /home/airflow/.local/lib/python3.12/site-packages/airflow/example_dags/example_bash_operator.py
[2025-04-08T01:35:42.404+0000] {logging_mixin.py:190} INFO - [2025-04-08T01:35:42.403+0000] {dag.py:3239} INFO - Sync 1 DAGs
[2025-04-08T01:35:42.542+0000] {logging_mixin.py:190} INFO - [2025-04-08T01:35:42.541+0000] {dag.py:4180} INFO - Setting next_dagrun for example_bash_operator to 2025-04-07 00:00:00+00:00, run_after=2025-04-08 00:00:00+00:00
[2025-04-08T01:35:42.635+0000] {processor.py:208} INFO - Processing /home/airflow/.local/lib/python3.12/site-packages/airflow/example_dags/example_bash_operator.py took 0.472 seconds
[2025-04-08T01:36:12.750+0000] {processor.py:186} INFO - Started process (PID=9190) to work on /home/airflow/.local/lib/python3.12/site-packages/airflow/example_dags/example_bash_operator.py
[2025-04-08T01:36:12.753+0000] {processor.py:914} INFO - Processing file /home/airflow/.local/lib/python3.12/site-packages/airflow/example_dags/example_bash_operator.py for tasks to queue
[2025-04-08T01:36:12.757+0000] {logging_mixin.py:190} INFO - [2025-04-08T01:36:12.757+0000] {dagbag.py:588} INFO - Filling up the DagBag from /home/airflow/.local/lib/python3.12/site-packages/airflow/example_dags/example_bash_operator.py
[2025-04-08T01:36:12.778+0000] {processor.py:925} INFO - DAG(s) 'example_bash_operator' retrieved from /home/airflow/.local/lib/python3.12/site-packages/airflow/example_dags/example_bash_operator.py
[2025-04-08T01:36:12.826+0000] {logging_mixin.py:190} INFO - [2025-04-08T01:36:12.825+0000] {dag.py:3239} INFO - Sync 1 DAGs
[2025-04-08T01:36:12.865+0000] {logging_mixin.py:190} INFO - [2025-04-08T01:36:12.865+0000] {dag.py:4180} INFO - Setting next_dagrun for example_bash_operator to 2025-04-07 00:00:00+00:00, run_after=2025-04-08 00:00:00+00:00
[2025-04-08T01:36:12.909+0000] {processor.py:208} INFO - Processing /home/airflow/.local/lib/python3.12/site-packages/airflow/example_dags/example_bash_operator.py took 0.170 seconds
[2025-04-08T01:36:50.830+0000] {processor.py:186} INFO - Started process (PID=9249) to work on /home/airflow/.local/lib/python3.12/site-packages/airflow/example_dags/example_bash_operator.py
[2025-04-08T01:36:50.834+0000] {processor.py:914} INFO - Processing file /home/airflow/.local/lib/python3.12/site-packages/airflow/example_dags/example_bash_operator.py for tasks to queue
[2025-04-08T01:36:50.855+0000] {logging_mixin.py:190} INFO - [2025-04-08T01:36:50.852+0000] {dagbag.py:588} INFO - Filling up the DagBag from /home/airflow/.local/lib/python3.12/site-packages/airflow/example_dags/example_bash_operator.py
[2025-04-08T01:36:50.997+0000] {processor.py:925} INFO - DAG(s) 'example_bash_operator' retrieved from /home/airflow/.local/lib/python3.12/site-packages/airflow/example_dags/example_bash_operator.py
[2025-04-08T01:36:51.242+0000] {logging_mixin.py:190} INFO - [2025-04-08T01:36:51.240+0000] {dag.py:3239} INFO - Sync 1 DAGs
[2025-04-08T01:36:51.538+0000] {logging_mixin.py:190} INFO - [2025-04-08T01:36:51.537+0000] {dag.py:4180} INFO - Setting next_dagrun for example_bash_operator to 2025-04-07 00:00:00+00:00, run_after=2025-04-08 00:00:00+00:00
[2025-04-08T01:36:51.921+0000] {processor.py:208} INFO - Processing /home/airflow/.local/lib/python3.12/site-packages/airflow/example_dags/example_bash_operator.py took 1.139 seconds
[2025-04-08T01:37:34.851+0000] {processor.py:186} INFO - Started process (PID=9299) to work on /home/airflow/.local/lib/python3.12/site-packages/airflow/example_dags/example_bash_operator.py
[2025-04-08T01:37:34.857+0000] {processor.py:914} INFO - Processing file /home/airflow/.local/lib/python3.12/site-packages/airflow/example_dags/example_bash_operator.py for tasks to queue
[2025-04-08T01:37:34.873+0000] {logging_mixin.py:190} INFO - [2025-04-08T01:37:34.870+0000] {dagbag.py:588} INFO - Filling up the DagBag from /home/airflow/.local/lib/python3.12/site-packages/airflow/example_dags/example_bash_operator.py
[2025-04-08T01:37:35.064+0000] {processor.py:925} INFO - DAG(s) 'example_bash_operator' retrieved from /home/airflow/.local/lib/python3.12/site-packages/airflow/example_dags/example_bash_operator.py
[2025-04-08T01:37:35.524+0000] {logging_mixin.py:190} INFO - [2025-04-08T01:37:35.522+0000] {dag.py:3239} INFO - Sync 1 DAGs
[2025-04-08T01:37:36.143+0000] {logging_mixin.py:190} INFO - [2025-04-08T01:37:36.129+0000] {dag.py:4180} INFO - Setting next_dagrun for example_bash_operator to 2025-04-07 00:00:00+00:00, run_after=2025-04-08 00:00:00+00:00
[2025-04-08T01:37:36.414+0000] {processor.py:208} INFO - Processing /home/airflow/.local/lib/python3.12/site-packages/airflow/example_dags/example_bash_operator.py took 1.686 seconds
[2025-04-08T01:38:13.957+0000] {processor.py:186} INFO - Started process (PID=9368) to work on /home/airflow/.local/lib/python3.12/site-packages/airflow/example_dags/example_bash_operator.py
[2025-04-08T01:38:13.962+0000] {processor.py:914} INFO - Processing file /home/airflow/.local/lib/python3.12/site-packages/airflow/example_dags/example_bash_operator.py for tasks to queue
[2025-04-08T01:38:13.970+0000] {logging_mixin.py:190} INFO - [2025-04-08T01:38:13.966+0000] {dagbag.py:588} INFO - Filling up the DagBag from /home/airflow/.local/lib/python3.12/site-packages/airflow/example_dags/example_bash_operator.py
[2025-04-08T01:38:14.074+0000] {processor.py:925} INFO - DAG(s) 'example_bash_operator' retrieved from /home/airflow/.local/lib/python3.12/site-packages/airflow/example_dags/example_bash_operator.py
[2025-04-08T01:38:14.243+0000] {logging_mixin.py:190} INFO - [2025-04-08T01:38:14.241+0000] {dag.py:3239} INFO - Sync 1 DAGs
[2025-04-08T01:38:14.380+0000] {logging_mixin.py:190} INFO - [2025-04-08T01:38:14.377+0000] {dag.py:4180} INFO - Setting next_dagrun for example_bash_operator to 2025-04-07 00:00:00+00:00, run_after=2025-04-08 00:00:00+00:00
[2025-04-08T01:38:14.491+0000] {processor.py:208} INFO - Processing /home/airflow/.local/lib/python3.12/site-packages/airflow/example_dags/example_bash_operator.py took 0.574 seconds
[2025-04-08T01:38:46.825+0000] {processor.py:186} INFO - Started process (PID=9431) to work on /home/airflow/.local/lib/python3.12/site-packages/airflow/example_dags/example_bash_operator.py
[2025-04-08T01:38:46.830+0000] {processor.py:914} INFO - Processing file /home/airflow/.local/lib/python3.12/site-packages/airflow/example_dags/example_bash_operator.py for tasks to queue
[2025-04-08T01:38:46.834+0000] {logging_mixin.py:190} INFO - [2025-04-08T01:38:46.833+0000] {dagbag.py:588} INFO - Filling up the DagBag from /home/airflow/.local/lib/python3.12/site-packages/airflow/example_dags/example_bash_operator.py
[2025-04-08T01:38:46.878+0000] {processor.py:925} INFO - DAG(s) 'example_bash_operator' retrieved from /home/airflow/.local/lib/python3.12/site-packages/airflow/example_dags/example_bash_operator.py
[2025-04-08T01:38:47.001+0000] {logging_mixin.py:190} INFO - [2025-04-08T01:38:47.001+0000] {dag.py:3239} INFO - Sync 1 DAGs
[2025-04-08T01:38:47.075+0000] {logging_mixin.py:190} INFO - [2025-04-08T01:38:47.075+0000] {dag.py:4180} INFO - Setting next_dagrun for example_bash_operator to 2025-04-07 00:00:00+00:00, run_after=2025-04-08 00:00:00+00:00
[2025-04-08T01:38:47.147+0000] {processor.py:208} INFO - Processing /home/airflow/.local/lib/python3.12/site-packages/airflow/example_dags/example_bash_operator.py took 0.341 seconds
[2025-04-08T01:39:20.823+0000] {processor.py:186} INFO - Started process (PID=9494) to work on /home/airflow/.local/lib/python3.12/site-packages/airflow/example_dags/example_bash_operator.py
[2025-04-08T01:39:20.831+0000] {processor.py:914} INFO - Processing file /home/airflow/.local/lib/python3.12/site-packages/airflow/example_dags/example_bash_operator.py for tasks to queue
[2025-04-08T01:39:20.843+0000] {logging_mixin.py:190} INFO - [2025-04-08T01:39:20.841+0000] {dagbag.py:588} INFO - Filling up the DagBag from /home/airflow/.local/lib/python3.12/site-packages/airflow/example_dags/example_bash_operator.py
[2025-04-08T01:39:20.956+0000] {processor.py:925} INFO - DAG(s) 'example_bash_operator' retrieved from /home/airflow/.local/lib/python3.12/site-packages/airflow/example_dags/example_bash_operator.py
[2025-04-08T01:39:21.191+0000] {logging_mixin.py:190} INFO - [2025-04-08T01:39:21.189+0000] {dag.py:3239} INFO - Sync 1 DAGs
[2025-04-08T01:39:21.469+0000] {logging_mixin.py:190} INFO - [2025-04-08T01:39:21.468+0000] {dag.py:4180} INFO - Setting next_dagrun for example_bash_operator to 2025-04-07 00:00:00+00:00, run_after=2025-04-08 00:00:00+00:00
[2025-04-08T01:39:21.624+0000] {processor.py:208} INFO - Processing /home/airflow/.local/lib/python3.12/site-packages/airflow/example_dags/example_bash_operator.py took 0.838 seconds
