[2025-04-08T00:26:33.900+0000] {processor.py:186} INFO - Started process (PID=5837) to work on /home/airflow/.local/lib/python3.12/site-packages/airflow/example_dags/example_latest_only_with_trigger.py
[2025-04-08T00:26:33.903+0000] {processor.py:914} INFO - Processing file /home/airflow/.local/lib/python3.12/site-packages/airflow/example_dags/example_latest_only_with_trigger.py for tasks to queue
[2025-04-08T00:26:33.917+0000] {logging_mixin.py:190} INFO - [2025-04-08T00:26:33.916+0000] {dagbag.py:588} INFO - Filling up the DagBag from /home/airflow/.local/lib/python3.12/site-packages/airflow/example_dags/example_latest_only_with_trigger.py
[2025-04-08T00:26:33.942+0000] {processor.py:925} INFO - DAG(s) 'latest_only_with_trigger' retrieved from /home/airflow/.local/lib/python3.12/site-packages/airflow/example_dags/example_latest_only_with_trigger.py
[2025-04-08T00:26:33.997+0000] {logging_mixin.py:190} INFO - [2025-04-08T00:26:33.996+0000] {dag.py:3239} INFO - Sync 1 DAGs
[2025-04-08T00:26:34.059+0000] {logging_mixin.py:190} INFO - [2025-04-08T00:26:34.058+0000] {dag.py:4180} INFO - Setting next_dagrun for latest_only_with_trigger to 2025-04-07 20:00:00+00:00, run_after=2025-04-08 00:00:00+00:00
[2025-04-08T00:26:34.118+0000] {processor.py:208} INFO - Processing /home/airflow/.local/lib/python3.12/site-packages/airflow/example_dags/example_latest_only_with_trigger.py took 0.235 seconds
[2025-04-08T00:43:41.631+0000] {processor.py:186} INFO - Started process (PID=5862) to work on /home/airflow/.local/lib/python3.12/site-packages/airflow/example_dags/example_latest_only_with_trigger.py
[2025-04-08T00:43:41.635+0000] {processor.py:914} INFO - Processing file /home/airflow/.local/lib/python3.12/site-packages/airflow/example_dags/example_latest_only_with_trigger.py for tasks to queue
[2025-04-08T00:43:41.644+0000] {logging_mixin.py:190} INFO - [2025-04-08T00:43:41.643+0000] {dagbag.py:588} INFO - Filling up the DagBag from /home/airflow/.local/lib/python3.12/site-packages/airflow/example_dags/example_latest_only_with_trigger.py
[2025-04-08T00:43:41.666+0000] {processor.py:925} INFO - DAG(s) 'latest_only_with_trigger' retrieved from /home/airflow/.local/lib/python3.12/site-packages/airflow/example_dags/example_latest_only_with_trigger.py
[2025-04-08T00:43:41.713+0000] {logging_mixin.py:190} INFO - [2025-04-08T00:43:41.712+0000] {dag.py:3239} INFO - Sync 1 DAGs
[2025-04-08T00:43:41.763+0000] {logging_mixin.py:190} INFO - [2025-04-08T00:43:41.763+0000] {dag.py:4180} INFO - Setting next_dagrun for latest_only_with_trigger to 2025-04-07 20:00:00+00:00, run_after=2025-04-08 00:00:00+00:00
[2025-04-08T00:43:41.836+0000] {processor.py:208} INFO - Processing /home/airflow/.local/lib/python3.12/site-packages/airflow/example_dags/example_latest_only_with_trigger.py took 0.216 seconds
[2025-04-08T00:44:15.482+0000] {processor.py:186} INFO - Started process (PID=5925) to work on /home/airflow/.local/lib/python3.12/site-packages/airflow/example_dags/example_latest_only_with_trigger.py
[2025-04-08T00:44:15.486+0000] {processor.py:914} INFO - Processing file /home/airflow/.local/lib/python3.12/site-packages/airflow/example_dags/example_latest_only_with_trigger.py for tasks to queue
[2025-04-08T00:44:15.490+0000] {logging_mixin.py:190} INFO - [2025-04-08T00:44:15.489+0000] {dagbag.py:588} INFO - Filling up the DagBag from /home/airflow/.local/lib/python3.12/site-packages/airflow/example_dags/example_latest_only_with_trigger.py
[2025-04-08T00:44:15.514+0000] {processor.py:925} INFO - DAG(s) 'latest_only_with_trigger' retrieved from /home/airflow/.local/lib/python3.12/site-packages/airflow/example_dags/example_latest_only_with_trigger.py
[2025-04-08T00:44:15.581+0000] {logging_mixin.py:190} INFO - [2025-04-08T00:44:15.580+0000] {dag.py:3239} INFO - Sync 1 DAGs
[2025-04-08T00:44:15.673+0000] {logging_mixin.py:190} INFO - [2025-04-08T00:44:15.673+0000] {dag.py:4180} INFO - Setting next_dagrun for latest_only_with_trigger to 2025-04-07 20:00:00+00:00, run_after=2025-04-08 00:00:00+00:00
[2025-04-08T00:44:15.757+0000] {processor.py:208} INFO - Processing /home/airflow/.local/lib/python3.12/site-packages/airflow/example_dags/example_latest_only_with_trigger.py took 0.293 seconds
[2025-04-08T00:44:46.621+0000] {processor.py:186} INFO - Started process (PID=5988) to work on /home/airflow/.local/lib/python3.12/site-packages/airflow/example_dags/example_latest_only_with_trigger.py
[2025-04-08T00:44:46.623+0000] {processor.py:914} INFO - Processing file /home/airflow/.local/lib/python3.12/site-packages/airflow/example_dags/example_latest_only_with_trigger.py for tasks to queue
[2025-04-08T00:44:46.625+0000] {logging_mixin.py:190} INFO - [2025-04-08T00:44:46.624+0000] {dagbag.py:588} INFO - Filling up the DagBag from /home/airflow/.local/lib/python3.12/site-packages/airflow/example_dags/example_latest_only_with_trigger.py
[2025-04-08T00:44:46.635+0000] {processor.py:925} INFO - DAG(s) 'latest_only_with_trigger' retrieved from /home/airflow/.local/lib/python3.12/site-packages/airflow/example_dags/example_latest_only_with_trigger.py
[2025-04-08T00:44:46.660+0000] {logging_mixin.py:190} INFO - [2025-04-08T00:44:46.659+0000] {dag.py:3239} INFO - Sync 1 DAGs
[2025-04-08T00:44:46.685+0000] {logging_mixin.py:190} INFO - [2025-04-08T00:44:46.685+0000] {dag.py:4180} INFO - Setting next_dagrun for latest_only_with_trigger to 2025-04-07 20:00:00+00:00, run_after=2025-04-08 00:00:00+00:00
[2025-04-08T00:44:46.706+0000] {processor.py:208} INFO - Processing /home/airflow/.local/lib/python3.12/site-packages/airflow/example_dags/example_latest_only_with_trigger.py took 0.090 seconds
[2025-04-08T00:45:16.927+0000] {processor.py:186} INFO - Started process (PID=6051) to work on /home/airflow/.local/lib/python3.12/site-packages/airflow/example_dags/example_latest_only_with_trigger.py
[2025-04-08T00:45:16.929+0000] {processor.py:914} INFO - Processing file /home/airflow/.local/lib/python3.12/site-packages/airflow/example_dags/example_latest_only_with_trigger.py for tasks to queue
[2025-04-08T00:45:16.983+0000] {logging_mixin.py:190} INFO - [2025-04-08T00:45:16.983+0000] {dagbag.py:588} INFO - Filling up the DagBag from /home/airflow/.local/lib/python3.12/site-packages/airflow/example_dags/example_latest_only_with_trigger.py
[2025-04-08T00:45:16.992+0000] {processor.py:925} INFO - DAG(s) 'latest_only_with_trigger' retrieved from /home/airflow/.local/lib/python3.12/site-packages/airflow/example_dags/example_latest_only_with_trigger.py
[2025-04-08T00:45:17.022+0000] {logging_mixin.py:190} INFO - [2025-04-08T00:45:17.021+0000] {dag.py:3239} INFO - Sync 1 DAGs
[2025-04-08T00:45:17.059+0000] {logging_mixin.py:190} INFO - [2025-04-08T00:45:17.058+0000] {dag.py:4180} INFO - Setting next_dagrun for latest_only_with_trigger to 2025-04-07 20:00:00+00:00, run_after=2025-04-08 00:00:00+00:00
[2025-04-08T00:45:17.083+0000] {processor.py:208} INFO - Processing /home/airflow/.local/lib/python3.12/site-packages/airflow/example_dags/example_latest_only_with_trigger.py took 0.111 seconds
[2025-04-08T00:45:47.603+0000] {processor.py:186} INFO - Started process (PID=6114) to work on /home/airflow/.local/lib/python3.12/site-packages/airflow/example_dags/example_latest_only_with_trigger.py
[2025-04-08T00:45:47.605+0000] {processor.py:914} INFO - Processing file /home/airflow/.local/lib/python3.12/site-packages/airflow/example_dags/example_latest_only_with_trigger.py for tasks to queue
[2025-04-08T00:45:47.609+0000] {logging_mixin.py:190} INFO - [2025-04-08T00:45:47.608+0000] {dagbag.py:588} INFO - Filling up the DagBag from /home/airflow/.local/lib/python3.12/site-packages/airflow/example_dags/example_latest_only_with_trigger.py
[2025-04-08T00:45:47.623+0000] {processor.py:925} INFO - DAG(s) 'latest_only_with_trigger' retrieved from /home/airflow/.local/lib/python3.12/site-packages/airflow/example_dags/example_latest_only_with_trigger.py
[2025-04-08T00:45:47.656+0000] {logging_mixin.py:190} INFO - [2025-04-08T00:45:47.655+0000] {dag.py:3239} INFO - Sync 1 DAGs
[2025-04-08T00:45:47.694+0000] {logging_mixin.py:190} INFO - [2025-04-08T00:45:47.694+0000] {dag.py:4180} INFO - Setting next_dagrun for latest_only_with_trigger to 2025-04-07 20:00:00+00:00, run_after=2025-04-08 00:00:00+00:00
[2025-04-08T00:45:47.726+0000] {processor.py:208} INFO - Processing /home/airflow/.local/lib/python3.12/site-packages/airflow/example_dags/example_latest_only_with_trigger.py took 0.130 seconds
[2025-04-08T00:46:17.810+0000] {processor.py:186} INFO - Started process (PID=6176) to work on /home/airflow/.local/lib/python3.12/site-packages/airflow/example_dags/example_latest_only_with_trigger.py
[2025-04-08T00:46:17.811+0000] {processor.py:914} INFO - Processing file /home/airflow/.local/lib/python3.12/site-packages/airflow/example_dags/example_latest_only_with_trigger.py for tasks to queue
[2025-04-08T00:46:17.813+0000] {logging_mixin.py:190} INFO - [2025-04-08T00:46:17.812+0000] {dagbag.py:588} INFO - Filling up the DagBag from /home/airflow/.local/lib/python3.12/site-packages/airflow/example_dags/example_latest_only_with_trigger.py
[2025-04-08T00:46:17.821+0000] {processor.py:925} INFO - DAG(s) 'latest_only_with_trigger' retrieved from /home/airflow/.local/lib/python3.12/site-packages/airflow/example_dags/example_latest_only_with_trigger.py
[2025-04-08T00:46:17.844+0000] {logging_mixin.py:190} INFO - [2025-04-08T00:46:17.844+0000] {dag.py:3239} INFO - Sync 1 DAGs
[2025-04-08T00:46:17.867+0000] {logging_mixin.py:190} INFO - [2025-04-08T00:46:17.867+0000] {dag.py:4180} INFO - Setting next_dagrun for latest_only_with_trigger to 2025-04-07 20:00:00+00:00, run_after=2025-04-08 00:00:00+00:00
[2025-04-08T00:46:17.892+0000] {processor.py:208} INFO - Processing /home/airflow/.local/lib/python3.12/site-packages/airflow/example_dags/example_latest_only_with_trigger.py took 0.089 seconds
[2025-04-08T00:46:48.331+0000] {processor.py:186} INFO - Started process (PID=6239) to work on /home/airflow/.local/lib/python3.12/site-packages/airflow/example_dags/example_latest_only_with_trigger.py
[2025-04-08T00:46:48.334+0000] {processor.py:914} INFO - Processing file /home/airflow/.local/lib/python3.12/site-packages/airflow/example_dags/example_latest_only_with_trigger.py for tasks to queue
[2025-04-08T00:46:48.337+0000] {logging_mixin.py:190} INFO - [2025-04-08T00:46:48.336+0000] {dagbag.py:588} INFO - Filling up the DagBag from /home/airflow/.local/lib/python3.12/site-packages/airflow/example_dags/example_latest_only_with_trigger.py
[2025-04-08T00:46:48.345+0000] {processor.py:925} INFO - DAG(s) 'latest_only_with_trigger' retrieved from /home/airflow/.local/lib/python3.12/site-packages/airflow/example_dags/example_latest_only_with_trigger.py
[2025-04-08T00:46:48.367+0000] {logging_mixin.py:190} INFO - [2025-04-08T00:46:48.366+0000] {dag.py:3239} INFO - Sync 1 DAGs
[2025-04-08T00:46:48.400+0000] {logging_mixin.py:190} INFO - [2025-04-08T00:46:48.400+0000] {dag.py:4180} INFO - Setting next_dagrun for latest_only_with_trigger to 2025-04-07 20:00:00+00:00, run_after=2025-04-08 00:00:00+00:00
[2025-04-08T00:46:48.430+0000] {processor.py:208} INFO - Processing /home/airflow/.local/lib/python3.12/site-packages/airflow/example_dags/example_latest_only_with_trigger.py took 0.111 seconds
[2025-04-08T00:47:18.906+0000] {processor.py:186} INFO - Started process (PID=6302) to work on /home/airflow/.local/lib/python3.12/site-packages/airflow/example_dags/example_latest_only_with_trigger.py
[2025-04-08T00:47:18.907+0000] {processor.py:914} INFO - Processing file /home/airflow/.local/lib/python3.12/site-packages/airflow/example_dags/example_latest_only_with_trigger.py for tasks to queue
[2025-04-08T00:47:18.909+0000] {logging_mixin.py:190} INFO - [2025-04-08T00:47:18.909+0000] {dagbag.py:588} INFO - Filling up the DagBag from /home/airflow/.local/lib/python3.12/site-packages/airflow/example_dags/example_latest_only_with_trigger.py
[2025-04-08T00:47:18.917+0000] {processor.py:925} INFO - DAG(s) 'latest_only_with_trigger' retrieved from /home/airflow/.local/lib/python3.12/site-packages/airflow/example_dags/example_latest_only_with_trigger.py
[2025-04-08T00:47:18.938+0000] {logging_mixin.py:190} INFO - [2025-04-08T00:47:18.938+0000] {dag.py:3239} INFO - Sync 1 DAGs
[2025-04-08T00:47:18.962+0000] {logging_mixin.py:190} INFO - [2025-04-08T00:47:18.962+0000] {dag.py:4180} INFO - Setting next_dagrun for latest_only_with_trigger to 2025-04-07 20:00:00+00:00, run_after=2025-04-08 00:00:00+00:00
[2025-04-08T00:47:18.981+0000] {processor.py:208} INFO - Processing /home/airflow/.local/lib/python3.12/site-packages/airflow/example_dags/example_latest_only_with_trigger.py took 0.081 seconds
[2025-04-08T00:47:49.686+0000] {processor.py:186} INFO - Started process (PID=6362) to work on /home/airflow/.local/lib/python3.12/site-packages/airflow/example_dags/example_latest_only_with_trigger.py
[2025-04-08T00:47:49.688+0000] {processor.py:914} INFO - Processing file /home/airflow/.local/lib/python3.12/site-packages/airflow/example_dags/example_latest_only_with_trigger.py for tasks to queue
[2025-04-08T00:47:49.690+0000] {logging_mixin.py:190} INFO - [2025-04-08T00:47:49.690+0000] {dagbag.py:588} INFO - Filling up the DagBag from /home/airflow/.local/lib/python3.12/site-packages/airflow/example_dags/example_latest_only_with_trigger.py
[2025-04-08T00:47:49.701+0000] {processor.py:925} INFO - DAG(s) 'latest_only_with_trigger' retrieved from /home/airflow/.local/lib/python3.12/site-packages/airflow/example_dags/example_latest_only_with_trigger.py
[2025-04-08T00:47:49.727+0000] {logging_mixin.py:190} INFO - [2025-04-08T00:47:49.726+0000] {dag.py:3239} INFO - Sync 1 DAGs
[2025-04-08T00:47:49.754+0000] {logging_mixin.py:190} INFO - [2025-04-08T00:47:49.753+0000] {dag.py:4180} INFO - Setting next_dagrun for latest_only_with_trigger to 2025-04-07 20:00:00+00:00, run_after=2025-04-08 00:00:00+00:00
[2025-04-08T00:47:49.779+0000] {processor.py:208} INFO - Processing /home/airflow/.local/lib/python3.12/site-packages/airflow/example_dags/example_latest_only_with_trigger.py took 0.099 seconds
[2025-04-08T00:48:20.210+0000] {processor.py:186} INFO - Started process (PID=6425) to work on /home/airflow/.local/lib/python3.12/site-packages/airflow/example_dags/example_latest_only_with_trigger.py
[2025-04-08T00:48:20.211+0000] {processor.py:914} INFO - Processing file /home/airflow/.local/lib/python3.12/site-packages/airflow/example_dags/example_latest_only_with_trigger.py for tasks to queue
[2025-04-08T00:48:20.213+0000] {logging_mixin.py:190} INFO - [2025-04-08T00:48:20.213+0000] {dagbag.py:588} INFO - Filling up the DagBag from /home/airflow/.local/lib/python3.12/site-packages/airflow/example_dags/example_latest_only_with_trigger.py
[2025-04-08T00:48:20.227+0000] {processor.py:925} INFO - DAG(s) 'latest_only_with_trigger' retrieved from /home/airflow/.local/lib/python3.12/site-packages/airflow/example_dags/example_latest_only_with_trigger.py
[2025-04-08T00:48:20.254+0000] {logging_mixin.py:190} INFO - [2025-04-08T00:48:20.254+0000] {dag.py:3239} INFO - Sync 1 DAGs
[2025-04-08T00:48:20.287+0000] {logging_mixin.py:190} INFO - [2025-04-08T00:48:20.287+0000] {dag.py:4180} INFO - Setting next_dagrun for latest_only_with_trigger to 2025-04-07 20:00:00+00:00, run_after=2025-04-08 00:00:00+00:00
[2025-04-08T00:48:20.319+0000] {processor.py:208} INFO - Processing /home/airflow/.local/lib/python3.12/site-packages/airflow/example_dags/example_latest_only_with_trigger.py took 0.117 seconds
[2025-04-08T00:48:51.312+0000] {processor.py:186} INFO - Started process (PID=6487) to work on /home/airflow/.local/lib/python3.12/site-packages/airflow/example_dags/example_latest_only_with_trigger.py
[2025-04-08T00:48:51.314+0000] {processor.py:914} INFO - Processing file /home/airflow/.local/lib/python3.12/site-packages/airflow/example_dags/example_latest_only_with_trigger.py for tasks to queue
[2025-04-08T00:48:51.316+0000] {logging_mixin.py:190} INFO - [2025-04-08T00:48:51.316+0000] {dagbag.py:588} INFO - Filling up the DagBag from /home/airflow/.local/lib/python3.12/site-packages/airflow/example_dags/example_latest_only_with_trigger.py
[2025-04-08T00:48:51.334+0000] {processor.py:925} INFO - DAG(s) 'latest_only_with_trigger' retrieved from /home/airflow/.local/lib/python3.12/site-packages/airflow/example_dags/example_latest_only_with_trigger.py
[2025-04-08T00:48:51.369+0000] {logging_mixin.py:190} INFO - [2025-04-08T00:48:51.369+0000] {dag.py:3239} INFO - Sync 1 DAGs
[2025-04-08T00:48:51.409+0000] {logging_mixin.py:190} INFO - [2025-04-08T00:48:51.409+0000] {dag.py:4180} INFO - Setting next_dagrun for latest_only_with_trigger to 2025-04-07 20:00:00+00:00, run_after=2025-04-08 00:00:00+00:00
[2025-04-08T00:48:51.449+0000] {processor.py:208} INFO - Processing /home/airflow/.local/lib/python3.12/site-packages/airflow/example_dags/example_latest_only_with_trigger.py took 0.150 seconds
[2025-04-08T00:49:21.776+0000] {processor.py:186} INFO - Started process (PID=6549) to work on /home/airflow/.local/lib/python3.12/site-packages/airflow/example_dags/example_latest_only_with_trigger.py
[2025-04-08T00:49:21.777+0000] {processor.py:914} INFO - Processing file /home/airflow/.local/lib/python3.12/site-packages/airflow/example_dags/example_latest_only_with_trigger.py for tasks to queue
[2025-04-08T00:49:21.779+0000] {logging_mixin.py:190} INFO - [2025-04-08T00:49:21.778+0000] {dagbag.py:588} INFO - Filling up the DagBag from /home/airflow/.local/lib/python3.12/site-packages/airflow/example_dags/example_latest_only_with_trigger.py
[2025-04-08T00:49:21.786+0000] {processor.py:925} INFO - DAG(s) 'latest_only_with_trigger' retrieved from /home/airflow/.local/lib/python3.12/site-packages/airflow/example_dags/example_latest_only_with_trigger.py
[2025-04-08T00:49:21.804+0000] {logging_mixin.py:190} INFO - [2025-04-08T00:49:21.804+0000] {dag.py:3239} INFO - Sync 1 DAGs
[2025-04-08T00:49:21.822+0000] {logging_mixin.py:190} INFO - [2025-04-08T00:49:21.822+0000] {dag.py:4180} INFO - Setting next_dagrun for latest_only_with_trigger to 2025-04-07 20:00:00+00:00, run_after=2025-04-08 00:00:00+00:00
[2025-04-08T00:49:21.845+0000] {processor.py:208} INFO - Processing /home/airflow/.local/lib/python3.12/site-packages/airflow/example_dags/example_latest_only_with_trigger.py took 0.074 seconds
[2025-04-08T00:49:52.762+0000] {processor.py:186} INFO - Started process (PID=6612) to work on /home/airflow/.local/lib/python3.12/site-packages/airflow/example_dags/example_latest_only_with_trigger.py
[2025-04-08T00:49:52.763+0000] {processor.py:914} INFO - Processing file /home/airflow/.local/lib/python3.12/site-packages/airflow/example_dags/example_latest_only_with_trigger.py for tasks to queue
[2025-04-08T00:49:52.764+0000] {logging_mixin.py:190} INFO - [2025-04-08T00:49:52.764+0000] {dagbag.py:588} INFO - Filling up the DagBag from /home/airflow/.local/lib/python3.12/site-packages/airflow/example_dags/example_latest_only_with_trigger.py
[2025-04-08T00:49:52.771+0000] {processor.py:925} INFO - DAG(s) 'latest_only_with_trigger' retrieved from /home/airflow/.local/lib/python3.12/site-packages/airflow/example_dags/example_latest_only_with_trigger.py
[2025-04-08T00:49:52.787+0000] {logging_mixin.py:190} INFO - [2025-04-08T00:49:52.787+0000] {dag.py:3239} INFO - Sync 1 DAGs
[2025-04-08T00:49:52.806+0000] {logging_mixin.py:190} INFO - [2025-04-08T00:49:52.806+0000] {dag.py:4180} INFO - Setting next_dagrun for latest_only_with_trigger to 2025-04-07 20:00:00+00:00, run_after=2025-04-08 00:00:00+00:00
[2025-04-08T00:49:52.822+0000] {processor.py:208} INFO - Processing /home/airflow/.local/lib/python3.12/site-packages/airflow/example_dags/example_latest_only_with_trigger.py took 0.065 seconds
[2025-04-08T00:50:23.130+0000] {processor.py:186} INFO - Started process (PID=6675) to work on /home/airflow/.local/lib/python3.12/site-packages/airflow/example_dags/example_latest_only_with_trigger.py
[2025-04-08T00:50:23.132+0000] {processor.py:914} INFO - Processing file /home/airflow/.local/lib/python3.12/site-packages/airflow/example_dags/example_latest_only_with_trigger.py for tasks to queue
[2025-04-08T00:50:23.135+0000] {logging_mixin.py:190} INFO - [2025-04-08T00:50:23.134+0000] {dagbag.py:588} INFO - Filling up the DagBag from /home/airflow/.local/lib/python3.12/site-packages/airflow/example_dags/example_latest_only_with_trigger.py
[2025-04-08T00:50:23.151+0000] {processor.py:925} INFO - DAG(s) 'latest_only_with_trigger' retrieved from /home/airflow/.local/lib/python3.12/site-packages/airflow/example_dags/example_latest_only_with_trigger.py
[2025-04-08T00:50:23.186+0000] {logging_mixin.py:190} INFO - [2025-04-08T00:50:23.186+0000] {dag.py:3239} INFO - Sync 1 DAGs
[2025-04-08T00:50:23.222+0000] {logging_mixin.py:190} INFO - [2025-04-08T00:50:23.222+0000] {dag.py:4180} INFO - Setting next_dagrun for latest_only_with_trigger to 2025-04-07 20:00:00+00:00, run_after=2025-04-08 00:00:00+00:00
[2025-04-08T00:50:23.262+0000] {processor.py:208} INFO - Processing /home/airflow/.local/lib/python3.12/site-packages/airflow/example_dags/example_latest_only_with_trigger.py took 0.143 seconds
[2025-04-08T00:50:54.291+0000] {processor.py:186} INFO - Started process (PID=6738) to work on /home/airflow/.local/lib/python3.12/site-packages/airflow/example_dags/example_latest_only_with_trigger.py
[2025-04-08T00:50:54.293+0000] {processor.py:914} INFO - Processing file /home/airflow/.local/lib/python3.12/site-packages/airflow/example_dags/example_latest_only_with_trigger.py for tasks to queue
[2025-04-08T00:50:54.296+0000] {logging_mixin.py:190} INFO - [2025-04-08T00:50:54.295+0000] {dagbag.py:588} INFO - Filling up the DagBag from /home/airflow/.local/lib/python3.12/site-packages/airflow/example_dags/example_latest_only_with_trigger.py
[2025-04-08T00:50:54.313+0000] {processor.py:925} INFO - DAG(s) 'latest_only_with_trigger' retrieved from /home/airflow/.local/lib/python3.12/site-packages/airflow/example_dags/example_latest_only_with_trigger.py
[2025-04-08T00:50:54.348+0000] {logging_mixin.py:190} INFO - [2025-04-08T00:50:54.347+0000] {dag.py:3239} INFO - Sync 1 DAGs
[2025-04-08T00:50:54.398+0000] {logging_mixin.py:190} INFO - [2025-04-08T00:50:54.397+0000] {dag.py:4180} INFO - Setting next_dagrun for latest_only_with_trigger to 2025-04-07 20:00:00+00:00, run_after=2025-04-08 00:00:00+00:00
[2025-04-08T00:50:54.448+0000] {processor.py:208} INFO - Processing /home/airflow/.local/lib/python3.12/site-packages/airflow/example_dags/example_latest_only_with_trigger.py took 0.163 seconds
[2025-04-08T00:51:24.653+0000] {processor.py:186} INFO - Started process (PID=6801) to work on /home/airflow/.local/lib/python3.12/site-packages/airflow/example_dags/example_latest_only_with_trigger.py
[2025-04-08T00:51:24.655+0000] {processor.py:914} INFO - Processing file /home/airflow/.local/lib/python3.12/site-packages/airflow/example_dags/example_latest_only_with_trigger.py for tasks to queue
[2025-04-08T00:51:24.658+0000] {logging_mixin.py:190} INFO - [2025-04-08T00:51:24.657+0000] {dagbag.py:588} INFO - Filling up the DagBag from /home/airflow/.local/lib/python3.12/site-packages/airflow/example_dags/example_latest_only_with_trigger.py
[2025-04-08T00:51:24.671+0000] {processor.py:925} INFO - DAG(s) 'latest_only_with_trigger' retrieved from /home/airflow/.local/lib/python3.12/site-packages/airflow/example_dags/example_latest_only_with_trigger.py
[2025-04-08T00:51:24.700+0000] {logging_mixin.py:190} INFO - [2025-04-08T00:51:24.700+0000] {dag.py:3239} INFO - Sync 1 DAGs
[2025-04-08T00:51:24.724+0000] {logging_mixin.py:190} INFO - [2025-04-08T00:51:24.723+0000] {dag.py:4180} INFO - Setting next_dagrun for latest_only_with_trigger to 2025-04-07 20:00:00+00:00, run_after=2025-04-08 00:00:00+00:00
[2025-04-08T00:51:24.746+0000] {processor.py:208} INFO - Processing /home/airflow/.local/lib/python3.12/site-packages/airflow/example_dags/example_latest_only_with_trigger.py took 0.106 seconds
[2025-04-08T00:51:54.919+0000] {processor.py:186} INFO - Started process (PID=6864) to work on /home/airflow/.local/lib/python3.12/site-packages/airflow/example_dags/example_latest_only_with_trigger.py
[2025-04-08T00:51:54.920+0000] {processor.py:914} INFO - Processing file /home/airflow/.local/lib/python3.12/site-packages/airflow/example_dags/example_latest_only_with_trigger.py for tasks to queue
[2025-04-08T00:51:54.923+0000] {logging_mixin.py:190} INFO - [2025-04-08T00:51:54.922+0000] {dagbag.py:588} INFO - Filling up the DagBag from /home/airflow/.local/lib/python3.12/site-packages/airflow/example_dags/example_latest_only_with_trigger.py
[2025-04-08T00:51:54.939+0000] {processor.py:925} INFO - DAG(s) 'latest_only_with_trigger' retrieved from /home/airflow/.local/lib/python3.12/site-packages/airflow/example_dags/example_latest_only_with_trigger.py
[2025-04-08T00:51:54.968+0000] {logging_mixin.py:190} INFO - [2025-04-08T00:51:54.968+0000] {dag.py:3239} INFO - Sync 1 DAGs
[2025-04-08T00:51:55.003+0000] {logging_mixin.py:190} INFO - [2025-04-08T00:51:55.003+0000] {dag.py:4180} INFO - Setting next_dagrun for latest_only_with_trigger to 2025-04-07 20:00:00+00:00, run_after=2025-04-08 00:00:00+00:00
[2025-04-08T00:51:55.035+0000] {processor.py:208} INFO - Processing /home/airflow/.local/lib/python3.12/site-packages/airflow/example_dags/example_latest_only_with_trigger.py took 0.123 seconds
[2025-04-08T00:52:25.500+0000] {processor.py:186} INFO - Started process (PID=6926) to work on /home/airflow/.local/lib/python3.12/site-packages/airflow/example_dags/example_latest_only_with_trigger.py
[2025-04-08T00:52:25.501+0000] {processor.py:914} INFO - Processing file /home/airflow/.local/lib/python3.12/site-packages/airflow/example_dags/example_latest_only_with_trigger.py for tasks to queue
[2025-04-08T00:52:25.503+0000] {logging_mixin.py:190} INFO - [2025-04-08T00:52:25.503+0000] {dagbag.py:588} INFO - Filling up the DagBag from /home/airflow/.local/lib/python3.12/site-packages/airflow/example_dags/example_latest_only_with_trigger.py
[2025-04-08T00:52:25.514+0000] {processor.py:925} INFO - DAG(s) 'latest_only_with_trigger' retrieved from /home/airflow/.local/lib/python3.12/site-packages/airflow/example_dags/example_latest_only_with_trigger.py
[2025-04-08T00:52:25.535+0000] {logging_mixin.py:190} INFO - [2025-04-08T00:52:25.535+0000] {dag.py:3239} INFO - Sync 1 DAGs
[2025-04-08T00:52:25.561+0000] {logging_mixin.py:190} INFO - [2025-04-08T00:52:25.560+0000] {dag.py:4180} INFO - Setting next_dagrun for latest_only_with_trigger to 2025-04-07 20:00:00+00:00, run_after=2025-04-08 00:00:00+00:00
[2025-04-08T00:52:25.592+0000] {processor.py:208} INFO - Processing /home/airflow/.local/lib/python3.12/site-packages/airflow/example_dags/example_latest_only_with_trigger.py took 0.099 seconds
[2025-04-08T00:52:55.762+0000] {processor.py:186} INFO - Started process (PID=6989) to work on /home/airflow/.local/lib/python3.12/site-packages/airflow/example_dags/example_latest_only_with_trigger.py
[2025-04-08T00:52:55.764+0000] {processor.py:914} INFO - Processing file /home/airflow/.local/lib/python3.12/site-packages/airflow/example_dags/example_latest_only_with_trigger.py for tasks to queue
[2025-04-08T00:52:55.766+0000] {logging_mixin.py:190} INFO - [2025-04-08T00:52:55.766+0000] {dagbag.py:588} INFO - Filling up the DagBag from /home/airflow/.local/lib/python3.12/site-packages/airflow/example_dags/example_latest_only_with_trigger.py
[2025-04-08T00:52:55.779+0000] {processor.py:925} INFO - DAG(s) 'latest_only_with_trigger' retrieved from /home/airflow/.local/lib/python3.12/site-packages/airflow/example_dags/example_latest_only_with_trigger.py
[2025-04-08T00:52:55.814+0000] {logging_mixin.py:190} INFO - [2025-04-08T00:52:55.814+0000] {dag.py:3239} INFO - Sync 1 DAGs
[2025-04-08T00:52:55.849+0000] {logging_mixin.py:190} INFO - [2025-04-08T00:52:55.849+0000] {dag.py:4180} INFO - Setting next_dagrun for latest_only_with_trigger to 2025-04-07 20:00:00+00:00, run_after=2025-04-08 00:00:00+00:00
[2025-04-08T00:52:55.881+0000] {processor.py:208} INFO - Processing /home/airflow/.local/lib/python3.12/site-packages/airflow/example_dags/example_latest_only_with_trigger.py took 0.129 seconds
[2025-04-08T00:53:26.074+0000] {processor.py:186} INFO - Started process (PID=7052) to work on /home/airflow/.local/lib/python3.12/site-packages/airflow/example_dags/example_latest_only_with_trigger.py
[2025-04-08T00:53:26.075+0000] {processor.py:914} INFO - Processing file /home/airflow/.local/lib/python3.12/site-packages/airflow/example_dags/example_latest_only_with_trigger.py for tasks to queue
[2025-04-08T00:53:26.076+0000] {logging_mixin.py:190} INFO - [2025-04-08T00:53:26.076+0000] {dagbag.py:588} INFO - Filling up the DagBag from /home/airflow/.local/lib/python3.12/site-packages/airflow/example_dags/example_latest_only_with_trigger.py
[2025-04-08T00:53:26.084+0000] {processor.py:925} INFO - DAG(s) 'latest_only_with_trigger' retrieved from /home/airflow/.local/lib/python3.12/site-packages/airflow/example_dags/example_latest_only_with_trigger.py
[2025-04-08T00:53:26.107+0000] {logging_mixin.py:190} INFO - [2025-04-08T00:53:26.107+0000] {dag.py:3239} INFO - Sync 1 DAGs
[2025-04-08T00:53:26.132+0000] {logging_mixin.py:190} INFO - [2025-04-08T00:53:26.132+0000] {dag.py:4180} INFO - Setting next_dagrun for latest_only_with_trigger to 2025-04-07 20:00:00+00:00, run_after=2025-04-08 00:00:00+00:00
[2025-04-08T00:53:26.153+0000] {processor.py:208} INFO - Processing /home/airflow/.local/lib/python3.12/site-packages/airflow/example_dags/example_latest_only_with_trigger.py took 0.086 seconds
[2025-04-08T00:53:56.602+0000] {processor.py:186} INFO - Started process (PID=7115) to work on /home/airflow/.local/lib/python3.12/site-packages/airflow/example_dags/example_latest_only_with_trigger.py
[2025-04-08T00:53:56.604+0000] {processor.py:914} INFO - Processing file /home/airflow/.local/lib/python3.12/site-packages/airflow/example_dags/example_latest_only_with_trigger.py for tasks to queue
[2025-04-08T00:53:56.607+0000] {logging_mixin.py:190} INFO - [2025-04-08T00:53:56.606+0000] {dagbag.py:588} INFO - Filling up the DagBag from /home/airflow/.local/lib/python3.12/site-packages/airflow/example_dags/example_latest_only_with_trigger.py
[2025-04-08T00:53:56.625+0000] {processor.py:925} INFO - DAG(s) 'latest_only_with_trigger' retrieved from /home/airflow/.local/lib/python3.12/site-packages/airflow/example_dags/example_latest_only_with_trigger.py
[2025-04-08T00:53:56.676+0000] {logging_mixin.py:190} INFO - [2025-04-08T00:53:56.675+0000] {dag.py:3239} INFO - Sync 1 DAGs
[2025-04-08T00:53:56.719+0000] {logging_mixin.py:190} INFO - [2025-04-08T00:53:56.719+0000] {dag.py:4180} INFO - Setting next_dagrun for latest_only_with_trigger to 2025-04-07 20:00:00+00:00, run_after=2025-04-08 00:00:00+00:00
[2025-04-08T00:53:56.767+0000] {processor.py:208} INFO - Processing /home/airflow/.local/lib/python3.12/site-packages/airflow/example_dags/example_latest_only_with_trigger.py took 0.179 seconds
[2025-04-08T00:54:27.115+0000] {processor.py:186} INFO - Started process (PID=7178) to work on /home/airflow/.local/lib/python3.12/site-packages/airflow/example_dags/example_latest_only_with_trigger.py
[2025-04-08T00:54:27.117+0000] {processor.py:914} INFO - Processing file /home/airflow/.local/lib/python3.12/site-packages/airflow/example_dags/example_latest_only_with_trigger.py for tasks to queue
[2025-04-08T00:54:27.121+0000] {logging_mixin.py:190} INFO - [2025-04-08T00:54:27.120+0000] {dagbag.py:588} INFO - Filling up the DagBag from /home/airflow/.local/lib/python3.12/site-packages/airflow/example_dags/example_latest_only_with_trigger.py
[2025-04-08T00:54:27.137+0000] {processor.py:925} INFO - DAG(s) 'latest_only_with_trigger' retrieved from /home/airflow/.local/lib/python3.12/site-packages/airflow/example_dags/example_latest_only_with_trigger.py
[2025-04-08T00:54:27.191+0000] {logging_mixin.py:190} INFO - [2025-04-08T00:54:27.190+0000] {dag.py:3239} INFO - Sync 1 DAGs
[2025-04-08T00:54:27.254+0000] {logging_mixin.py:190} INFO - [2025-04-08T00:54:27.254+0000] {dag.py:4180} INFO - Setting next_dagrun for latest_only_with_trigger to 2025-04-07 20:00:00+00:00, run_after=2025-04-08 00:00:00+00:00
[2025-04-08T00:54:27.320+0000] {processor.py:208} INFO - Processing /home/airflow/.local/lib/python3.12/site-packages/airflow/example_dags/example_latest_only_with_trigger.py took 0.225 seconds
[2025-04-08T00:54:57.531+0000] {processor.py:186} INFO - Started process (PID=7241) to work on /home/airflow/.local/lib/python3.12/site-packages/airflow/example_dags/example_latest_only_with_trigger.py
[2025-04-08T00:54:57.533+0000] {processor.py:914} INFO - Processing file /home/airflow/.local/lib/python3.12/site-packages/airflow/example_dags/example_latest_only_with_trigger.py for tasks to queue
[2025-04-08T00:54:57.535+0000] {logging_mixin.py:190} INFO - [2025-04-08T00:54:57.535+0000] {dagbag.py:588} INFO - Filling up the DagBag from /home/airflow/.local/lib/python3.12/site-packages/airflow/example_dags/example_latest_only_with_trigger.py
[2025-04-08T00:54:57.545+0000] {processor.py:925} INFO - DAG(s) 'latest_only_with_trigger' retrieved from /home/airflow/.local/lib/python3.12/site-packages/airflow/example_dags/example_latest_only_with_trigger.py
[2025-04-08T00:54:57.574+0000] {logging_mixin.py:190} INFO - [2025-04-08T00:54:57.573+0000] {dag.py:3239} INFO - Sync 1 DAGs
[2025-04-08T00:54:57.606+0000] {logging_mixin.py:190} INFO - [2025-04-08T00:54:57.606+0000] {dag.py:4180} INFO - Setting next_dagrun for latest_only_with_trigger to 2025-04-07 20:00:00+00:00, run_after=2025-04-08 00:00:00+00:00
[2025-04-08T00:54:57.635+0000] {processor.py:208} INFO - Processing /home/airflow/.local/lib/python3.12/site-packages/airflow/example_dags/example_latest_only_with_trigger.py took 0.111 seconds
[2025-04-08T00:55:28.330+0000] {processor.py:186} INFO - Started process (PID=7304) to work on /home/airflow/.local/lib/python3.12/site-packages/airflow/example_dags/example_latest_only_with_trigger.py
[2025-04-08T00:55:28.333+0000] {processor.py:914} INFO - Processing file /home/airflow/.local/lib/python3.12/site-packages/airflow/example_dags/example_latest_only_with_trigger.py for tasks to queue
[2025-04-08T00:55:28.337+0000] {logging_mixin.py:190} INFO - [2025-04-08T00:55:28.336+0000] {dagbag.py:588} INFO - Filling up the DagBag from /home/airflow/.local/lib/python3.12/site-packages/airflow/example_dags/example_latest_only_with_trigger.py
[2025-04-08T00:55:28.359+0000] {processor.py:925} INFO - DAG(s) 'latest_only_with_trigger' retrieved from /home/airflow/.local/lib/python3.12/site-packages/airflow/example_dags/example_latest_only_with_trigger.py
[2025-04-08T00:55:28.404+0000] {logging_mixin.py:190} INFO - [2025-04-08T00:55:28.404+0000] {dag.py:3239} INFO - Sync 1 DAGs
[2025-04-08T00:55:28.466+0000] {logging_mixin.py:190} INFO - [2025-04-08T00:55:28.466+0000] {dag.py:4180} INFO - Setting next_dagrun for latest_only_with_trigger to 2025-04-07 20:00:00+00:00, run_after=2025-04-08 00:00:00+00:00
[2025-04-08T00:55:28.542+0000] {processor.py:208} INFO - Processing /home/airflow/.local/lib/python3.12/site-packages/airflow/example_dags/example_latest_only_with_trigger.py took 0.225 seconds
[2025-04-08T00:55:59.343+0000] {processor.py:186} INFO - Started process (PID=7367) to work on /home/airflow/.local/lib/python3.12/site-packages/airflow/example_dags/example_latest_only_with_trigger.py
[2025-04-08T00:55:59.346+0000] {processor.py:914} INFO - Processing file /home/airflow/.local/lib/python3.12/site-packages/airflow/example_dags/example_latest_only_with_trigger.py for tasks to queue
[2025-04-08T00:55:59.353+0000] {logging_mixin.py:190} INFO - [2025-04-08T00:55:59.351+0000] {dagbag.py:588} INFO - Filling up the DagBag from /home/airflow/.local/lib/python3.12/site-packages/airflow/example_dags/example_latest_only_with_trigger.py
[2025-04-08T00:55:59.384+0000] {processor.py:925} INFO - DAG(s) 'latest_only_with_trigger' retrieved from /home/airflow/.local/lib/python3.12/site-packages/airflow/example_dags/example_latest_only_with_trigger.py
[2025-04-08T00:55:59.456+0000] {logging_mixin.py:190} INFO - [2025-04-08T00:55:59.455+0000] {dag.py:3239} INFO - Sync 1 DAGs
[2025-04-08T00:55:59.502+0000] {logging_mixin.py:190} INFO - [2025-04-08T00:55:59.502+0000] {dag.py:4180} INFO - Setting next_dagrun for latest_only_with_trigger to 2025-04-07 20:00:00+00:00, run_after=2025-04-08 00:00:00+00:00
[2025-04-08T00:55:59.548+0000] {processor.py:208} INFO - Processing /home/airflow/.local/lib/python3.12/site-packages/airflow/example_dags/example_latest_only_with_trigger.py took 0.227 seconds
[2025-04-08T00:56:29.946+0000] {processor.py:186} INFO - Started process (PID=7430) to work on /home/airflow/.local/lib/python3.12/site-packages/airflow/example_dags/example_latest_only_with_trigger.py
[2025-04-08T00:56:29.950+0000] {processor.py:914} INFO - Processing file /home/airflow/.local/lib/python3.12/site-packages/airflow/example_dags/example_latest_only_with_trigger.py for tasks to queue
[2025-04-08T00:56:29.955+0000] {logging_mixin.py:190} INFO - [2025-04-08T00:56:29.954+0000] {dagbag.py:588} INFO - Filling up the DagBag from /home/airflow/.local/lib/python3.12/site-packages/airflow/example_dags/example_latest_only_with_trigger.py
[2025-04-08T00:56:29.985+0000] {processor.py:925} INFO - DAG(s) 'latest_only_with_trigger' retrieved from /home/airflow/.local/lib/python3.12/site-packages/airflow/example_dags/example_latest_only_with_trigger.py
[2025-04-08T00:56:30.028+0000] {logging_mixin.py:190} INFO - [2025-04-08T00:56:30.027+0000] {dag.py:3239} INFO - Sync 1 DAGs
[2025-04-08T00:56:30.078+0000] {logging_mixin.py:190} INFO - [2025-04-08T00:56:30.077+0000] {dag.py:4180} INFO - Setting next_dagrun for latest_only_with_trigger to 2025-04-07 20:00:00+00:00, run_after=2025-04-08 00:00:00+00:00
[2025-04-08T00:56:30.129+0000] {processor.py:208} INFO - Processing /home/airflow/.local/lib/python3.12/site-packages/airflow/example_dags/example_latest_only_with_trigger.py took 0.196 seconds
[2025-04-08T00:57:00.629+0000] {processor.py:186} INFO - Started process (PID=7493) to work on /home/airflow/.local/lib/python3.12/site-packages/airflow/example_dags/example_latest_only_with_trigger.py
[2025-04-08T00:57:00.632+0000] {processor.py:914} INFO - Processing file /home/airflow/.local/lib/python3.12/site-packages/airflow/example_dags/example_latest_only_with_trigger.py for tasks to queue
[2025-04-08T00:57:00.635+0000] {logging_mixin.py:190} INFO - [2025-04-08T00:57:00.634+0000] {dagbag.py:588} INFO - Filling up the DagBag from /home/airflow/.local/lib/python3.12/site-packages/airflow/example_dags/example_latest_only_with_trigger.py
[2025-04-08T00:57:00.669+0000] {processor.py:925} INFO - DAG(s) 'latest_only_with_trigger' retrieved from /home/airflow/.local/lib/python3.12/site-packages/airflow/example_dags/example_latest_only_with_trigger.py
[2025-04-08T00:57:00.730+0000] {logging_mixin.py:190} INFO - [2025-04-08T00:57:00.729+0000] {dag.py:3239} INFO - Sync 1 DAGs
[2025-04-08T00:57:00.805+0000] {logging_mixin.py:190} INFO - [2025-04-08T00:57:00.804+0000] {dag.py:4180} INFO - Setting next_dagrun for latest_only_with_trigger to 2025-04-07 20:00:00+00:00, run_after=2025-04-08 00:00:00+00:00
[2025-04-08T00:57:00.864+0000] {processor.py:208} INFO - Processing /home/airflow/.local/lib/python3.12/site-packages/airflow/example_dags/example_latest_only_with_trigger.py took 0.260 seconds
[2025-04-08T00:57:31.290+0000] {processor.py:186} INFO - Started process (PID=7555) to work on /home/airflow/.local/lib/python3.12/site-packages/airflow/example_dags/example_latest_only_with_trigger.py
[2025-04-08T00:57:31.293+0000] {processor.py:914} INFO - Processing file /home/airflow/.local/lib/python3.12/site-packages/airflow/example_dags/example_latest_only_with_trigger.py for tasks to queue
[2025-04-08T00:57:31.297+0000] {logging_mixin.py:190} INFO - [2025-04-08T00:57:31.296+0000] {dagbag.py:588} INFO - Filling up the DagBag from /home/airflow/.local/lib/python3.12/site-packages/airflow/example_dags/example_latest_only_with_trigger.py
[2025-04-08T00:57:31.323+0000] {processor.py:925} INFO - DAG(s) 'latest_only_with_trigger' retrieved from /home/airflow/.local/lib/python3.12/site-packages/airflow/example_dags/example_latest_only_with_trigger.py
[2025-04-08T00:57:31.368+0000] {logging_mixin.py:190} INFO - [2025-04-08T00:57:31.367+0000] {dag.py:3239} INFO - Sync 1 DAGs
[2025-04-08T00:57:31.425+0000] {logging_mixin.py:190} INFO - [2025-04-08T00:57:31.424+0000] {dag.py:4180} INFO - Setting next_dagrun for latest_only_with_trigger to 2025-04-07 20:00:00+00:00, run_after=2025-04-08 00:00:00+00:00
[2025-04-08T00:57:31.479+0000] {processor.py:208} INFO - Processing /home/airflow/.local/lib/python3.12/site-packages/airflow/example_dags/example_latest_only_with_trigger.py took 0.200 seconds
[2025-04-08T00:58:04.861+0000] {processor.py:186} INFO - Started process (PID=7619) to work on /home/airflow/.local/lib/python3.12/site-packages/airflow/example_dags/example_latest_only_with_trigger.py
[2025-04-08T00:58:04.871+0000] {processor.py:914} INFO - Processing file /home/airflow/.local/lib/python3.12/site-packages/airflow/example_dags/example_latest_only_with_trigger.py for tasks to queue
[2025-04-08T00:58:04.886+0000] {logging_mixin.py:190} INFO - [2025-04-08T00:58:04.885+0000] {dagbag.py:588} INFO - Filling up the DagBag from /home/airflow/.local/lib/python3.12/site-packages/airflow/example_dags/example_latest_only_with_trigger.py
[2025-04-08T00:58:04.972+0000] {processor.py:925} INFO - DAG(s) 'latest_only_with_trigger' retrieved from /home/airflow/.local/lib/python3.12/site-packages/airflow/example_dags/example_latest_only_with_trigger.py
[2025-04-08T00:58:05.140+0000] {logging_mixin.py:190} INFO - [2025-04-08T00:58:05.130+0000] {dag.py:3239} INFO - Sync 1 DAGs
[2025-04-08T00:58:05.601+0000] {logging_mixin.py:190} INFO - [2025-04-08T00:58:05.599+0000] {dag.py:4180} INFO - Setting next_dagrun for latest_only_with_trigger to 2025-04-07 20:00:00+00:00, run_after=2025-04-08 00:00:00+00:00
[2025-04-08T00:58:05.850+0000] {processor.py:208} INFO - Processing /home/airflow/.local/lib/python3.12/site-packages/airflow/example_dags/example_latest_only_with_trigger.py took 1.059 seconds
[2025-04-08T01:23:56.286+0000] {processor.py:186} INFO - Started process (PID=7681) to work on /home/airflow/.local/lib/python3.12/site-packages/airflow/example_dags/example_latest_only_with_trigger.py
[2025-04-08T01:23:56.384+0000] {processor.py:914} INFO - Processing file /home/airflow/.local/lib/python3.12/site-packages/airflow/example_dags/example_latest_only_with_trigger.py for tasks to queue
[2025-04-08T01:23:56.387+0000] {logging_mixin.py:190} INFO - [2025-04-08T01:23:56.386+0000] {dagbag.py:588} INFO - Filling up the DagBag from /home/airflow/.local/lib/python3.12/site-packages/airflow/example_dags/example_latest_only_with_trigger.py
[2025-04-08T01:23:56.401+0000] {processor.py:925} INFO - DAG(s) 'latest_only_with_trigger' retrieved from /home/airflow/.local/lib/python3.12/site-packages/airflow/example_dags/example_latest_only_with_trigger.py
[2025-04-08T01:23:56.426+0000] {logging_mixin.py:190} INFO - [2025-04-08T01:23:56.426+0000] {dag.py:3239} INFO - Sync 1 DAGs
[2025-04-08T01:23:56.450+0000] {logging_mixin.py:190} INFO - [2025-04-08T01:23:56.450+0000] {dag.py:4180} INFO - Setting next_dagrun for latest_only_with_trigger to 2025-04-07 20:00:00+00:00, run_after=2025-04-08 00:00:00+00:00
[2025-04-08T01:23:57.649+0000] {processor.py:208} INFO - Processing /home/airflow/.local/lib/python3.12/site-packages/airflow/example_dags/example_latest_only_with_trigger.py took 1.368 seconds
[2025-04-08T01:24:27.751+0000] {processor.py:186} INFO - Started process (PID=7744) to work on /home/airflow/.local/lib/python3.12/site-packages/airflow/example_dags/example_latest_only_with_trigger.py
[2025-04-08T01:24:27.755+0000] {processor.py:914} INFO - Processing file /home/airflow/.local/lib/python3.12/site-packages/airflow/example_dags/example_latest_only_with_trigger.py for tasks to queue
[2025-04-08T01:24:27.763+0000] {logging_mixin.py:190} INFO - [2025-04-08T01:24:27.762+0000] {dagbag.py:588} INFO - Filling up the DagBag from /home/airflow/.local/lib/python3.12/site-packages/airflow/example_dags/example_latest_only_with_trigger.py
[2025-04-08T01:24:27.783+0000] {processor.py:925} INFO - DAG(s) 'latest_only_with_trigger' retrieved from /home/airflow/.local/lib/python3.12/site-packages/airflow/example_dags/example_latest_only_with_trigger.py
[2025-04-08T01:24:27.826+0000] {logging_mixin.py:190} INFO - [2025-04-08T01:24:27.826+0000] {dag.py:3239} INFO - Sync 1 DAGs
[2025-04-08T01:24:27.890+0000] {logging_mixin.py:190} INFO - [2025-04-08T01:24:27.889+0000] {dag.py:4180} INFO - Setting next_dagrun for latest_only_with_trigger to 2025-04-07 20:00:00+00:00, run_after=2025-04-08 00:00:00+00:00
[2025-04-08T01:24:27.932+0000] {processor.py:208} INFO - Processing /home/airflow/.local/lib/python3.12/site-packages/airflow/example_dags/example_latest_only_with_trigger.py took 0.191 seconds
[2025-04-08T01:24:58.209+0000] {processor.py:186} INFO - Started process (PID=7807) to work on /home/airflow/.local/lib/python3.12/site-packages/airflow/example_dags/example_latest_only_with_trigger.py
[2025-04-08T01:24:58.213+0000] {processor.py:914} INFO - Processing file /home/airflow/.local/lib/python3.12/site-packages/airflow/example_dags/example_latest_only_with_trigger.py for tasks to queue
[2025-04-08T01:24:58.217+0000] {logging_mixin.py:190} INFO - [2025-04-08T01:24:58.216+0000] {dagbag.py:588} INFO - Filling up the DagBag from /home/airflow/.local/lib/python3.12/site-packages/airflow/example_dags/example_latest_only_with_trigger.py
[2025-04-08T01:24:58.244+0000] {processor.py:925} INFO - DAG(s) 'latest_only_with_trigger' retrieved from /home/airflow/.local/lib/python3.12/site-packages/airflow/example_dags/example_latest_only_with_trigger.py
[2025-04-08T01:24:58.296+0000] {logging_mixin.py:190} INFO - [2025-04-08T01:24:58.296+0000] {dag.py:3239} INFO - Sync 1 DAGs
[2025-04-08T01:24:58.328+0000] {logging_mixin.py:190} INFO - [2025-04-08T01:24:58.328+0000] {dag.py:4180} INFO - Setting next_dagrun for latest_only_with_trigger to 2025-04-07 20:00:00+00:00, run_after=2025-04-08 00:00:00+00:00
[2025-04-08T01:24:58.359+0000] {processor.py:208} INFO - Processing /home/airflow/.local/lib/python3.12/site-packages/airflow/example_dags/example_latest_only_with_trigger.py took 0.166 seconds
[2025-04-08T01:25:28.969+0000] {processor.py:186} INFO - Started process (PID=7870) to work on /home/airflow/.local/lib/python3.12/site-packages/airflow/example_dags/example_latest_only_with_trigger.py
[2025-04-08T01:25:28.972+0000] {processor.py:914} INFO - Processing file /home/airflow/.local/lib/python3.12/site-packages/airflow/example_dags/example_latest_only_with_trigger.py for tasks to queue
[2025-04-08T01:25:28.978+0000] {logging_mixin.py:190} INFO - [2025-04-08T01:25:28.977+0000] {dagbag.py:588} INFO - Filling up the DagBag from /home/airflow/.local/lib/python3.12/site-packages/airflow/example_dags/example_latest_only_with_trigger.py
[2025-04-08T01:25:29.001+0000] {processor.py:925} INFO - DAG(s) 'latest_only_with_trigger' retrieved from /home/airflow/.local/lib/python3.12/site-packages/airflow/example_dags/example_latest_only_with_trigger.py
[2025-04-08T01:25:29.044+0000] {logging_mixin.py:190} INFO - [2025-04-08T01:25:29.044+0000] {dag.py:3239} INFO - Sync 1 DAGs
[2025-04-08T01:25:29.084+0000] {logging_mixin.py:190} INFO - [2025-04-08T01:25:29.083+0000] {dag.py:4180} INFO - Setting next_dagrun for latest_only_with_trigger to 2025-04-07 20:00:00+00:00, run_after=2025-04-08 00:00:00+00:00
[2025-04-08T01:25:29.128+0000] {processor.py:208} INFO - Processing /home/airflow/.local/lib/python3.12/site-packages/airflow/example_dags/example_latest_only_with_trigger.py took 0.175 seconds
[2025-04-08T01:25:59.653+0000] {processor.py:186} INFO - Started process (PID=7933) to work on /home/airflow/.local/lib/python3.12/site-packages/airflow/example_dags/example_latest_only_with_trigger.py
[2025-04-08T01:25:59.657+0000] {processor.py:914} INFO - Processing file /home/airflow/.local/lib/python3.12/site-packages/airflow/example_dags/example_latest_only_with_trigger.py for tasks to queue
[2025-04-08T01:25:59.661+0000] {logging_mixin.py:190} INFO - [2025-04-08T01:25:59.661+0000] {dagbag.py:588} INFO - Filling up the DagBag from /home/airflow/.local/lib/python3.12/site-packages/airflow/example_dags/example_latest_only_with_trigger.py
[2025-04-08T01:25:59.676+0000] {processor.py:925} INFO - DAG(s) 'latest_only_with_trigger' retrieved from /home/airflow/.local/lib/python3.12/site-packages/airflow/example_dags/example_latest_only_with_trigger.py
[2025-04-08T01:25:59.707+0000] {logging_mixin.py:190} INFO - [2025-04-08T01:25:59.706+0000] {dag.py:3239} INFO - Sync 1 DAGs
[2025-04-08T01:25:59.734+0000] {logging_mixin.py:190} INFO - [2025-04-08T01:25:59.733+0000] {dag.py:4180} INFO - Setting next_dagrun for latest_only_with_trigger to 2025-04-07 20:00:00+00:00, run_after=2025-04-08 00:00:00+00:00
[2025-04-08T01:25:59.765+0000] {processor.py:208} INFO - Processing /home/airflow/.local/lib/python3.12/site-packages/airflow/example_dags/example_latest_only_with_trigger.py took 0.128 seconds
[2025-04-08T01:26:29.897+0000] {processor.py:186} INFO - Started process (PID=7996) to work on /home/airflow/.local/lib/python3.12/site-packages/airflow/example_dags/example_latest_only_with_trigger.py
[2025-04-08T01:26:29.899+0000] {processor.py:914} INFO - Processing file /home/airflow/.local/lib/python3.12/site-packages/airflow/example_dags/example_latest_only_with_trigger.py for tasks to queue
[2025-04-08T01:26:29.902+0000] {logging_mixin.py:190} INFO - [2025-04-08T01:26:29.902+0000] {dagbag.py:588} INFO - Filling up the DagBag from /home/airflow/.local/lib/python3.12/site-packages/airflow/example_dags/example_latest_only_with_trigger.py
[2025-04-08T01:26:29.910+0000] {processor.py:925} INFO - DAG(s) 'latest_only_with_trigger' retrieved from /home/airflow/.local/lib/python3.12/site-packages/airflow/example_dags/example_latest_only_with_trigger.py
[2025-04-08T01:26:29.934+0000] {logging_mixin.py:190} INFO - [2025-04-08T01:26:29.934+0000] {dag.py:3239} INFO - Sync 1 DAGs
[2025-04-08T01:26:29.969+0000] {logging_mixin.py:190} INFO - [2025-04-08T01:26:29.969+0000] {dag.py:4180} INFO - Setting next_dagrun for latest_only_with_trigger to 2025-04-07 20:00:00+00:00, run_after=2025-04-08 00:00:00+00:00
[2025-04-08T01:26:30.009+0000] {processor.py:208} INFO - Processing /home/airflow/.local/lib/python3.12/site-packages/airflow/example_dags/example_latest_only_with_trigger.py took 0.117 seconds
[2025-04-08T01:27:00.679+0000] {processor.py:186} INFO - Started process (PID=8059) to work on /home/airflow/.local/lib/python3.12/site-packages/airflow/example_dags/example_latest_only_with_trigger.py
[2025-04-08T01:27:00.681+0000] {processor.py:914} INFO - Processing file /home/airflow/.local/lib/python3.12/site-packages/airflow/example_dags/example_latest_only_with_trigger.py for tasks to queue
[2025-04-08T01:27:00.685+0000] {logging_mixin.py:190} INFO - [2025-04-08T01:27:00.683+0000] {dagbag.py:588} INFO - Filling up the DagBag from /home/airflow/.local/lib/python3.12/site-packages/airflow/example_dags/example_latest_only_with_trigger.py
[2025-04-08T01:27:00.702+0000] {processor.py:925} INFO - DAG(s) 'latest_only_with_trigger' retrieved from /home/airflow/.local/lib/python3.12/site-packages/airflow/example_dags/example_latest_only_with_trigger.py
[2025-04-08T01:27:00.743+0000] {logging_mixin.py:190} INFO - [2025-04-08T01:27:00.742+0000] {dag.py:3239} INFO - Sync 1 DAGs
[2025-04-08T01:27:00.792+0000] {logging_mixin.py:190} INFO - [2025-04-08T01:27:00.791+0000] {dag.py:4180} INFO - Setting next_dagrun for latest_only_with_trigger to 2025-04-07 20:00:00+00:00, run_after=2025-04-08 00:00:00+00:00
[2025-04-08T01:27:00.830+0000] {processor.py:208} INFO - Processing /home/airflow/.local/lib/python3.12/site-packages/airflow/example_dags/example_latest_only_with_trigger.py took 0.162 seconds
[2025-04-08T01:27:31.065+0000] {processor.py:186} INFO - Started process (PID=8122) to work on /home/airflow/.local/lib/python3.12/site-packages/airflow/example_dags/example_latest_only_with_trigger.py
[2025-04-08T01:27:31.068+0000] {processor.py:914} INFO - Processing file /home/airflow/.local/lib/python3.12/site-packages/airflow/example_dags/example_latest_only_with_trigger.py for tasks to queue
[2025-04-08T01:27:31.074+0000] {logging_mixin.py:190} INFO - [2025-04-08T01:27:31.072+0000] {dagbag.py:588} INFO - Filling up the DagBag from /home/airflow/.local/lib/python3.12/site-packages/airflow/example_dags/example_latest_only_with_trigger.py
[2025-04-08T01:27:31.092+0000] {processor.py:925} INFO - DAG(s) 'latest_only_with_trigger' retrieved from /home/airflow/.local/lib/python3.12/site-packages/airflow/example_dags/example_latest_only_with_trigger.py
[2025-04-08T01:27:31.125+0000] {logging_mixin.py:190} INFO - [2025-04-08T01:27:31.124+0000] {dag.py:3239} INFO - Sync 1 DAGs
[2025-04-08T01:27:31.154+0000] {logging_mixin.py:190} INFO - [2025-04-08T01:27:31.154+0000] {dag.py:4180} INFO - Setting next_dagrun for latest_only_with_trigger to 2025-04-07 20:00:00+00:00, run_after=2025-04-08 00:00:00+00:00
[2025-04-08T01:27:31.182+0000] {processor.py:208} INFO - Processing /home/airflow/.local/lib/python3.12/site-packages/airflow/example_dags/example_latest_only_with_trigger.py took 0.130 seconds
[2025-04-08T01:28:01.523+0000] {processor.py:186} INFO - Started process (PID=8185) to work on /home/airflow/.local/lib/python3.12/site-packages/airflow/example_dags/example_latest_only_with_trigger.py
[2025-04-08T01:28:01.525+0000] {processor.py:914} INFO - Processing file /home/airflow/.local/lib/python3.12/site-packages/airflow/example_dags/example_latest_only_with_trigger.py for tasks to queue
[2025-04-08T01:28:01.528+0000] {logging_mixin.py:190} INFO - [2025-04-08T01:28:01.527+0000] {dagbag.py:588} INFO - Filling up the DagBag from /home/airflow/.local/lib/python3.12/site-packages/airflow/example_dags/example_latest_only_with_trigger.py
[2025-04-08T01:28:01.538+0000] {processor.py:925} INFO - DAG(s) 'latest_only_with_trigger' retrieved from /home/airflow/.local/lib/python3.12/site-packages/airflow/example_dags/example_latest_only_with_trigger.py
[2025-04-08T01:28:01.566+0000] {logging_mixin.py:190} INFO - [2025-04-08T01:28:01.566+0000] {dag.py:3239} INFO - Sync 1 DAGs
[2025-04-08T01:28:01.600+0000] {logging_mixin.py:190} INFO - [2025-04-08T01:28:01.600+0000] {dag.py:4180} INFO - Setting next_dagrun for latest_only_with_trigger to 2025-04-07 20:00:00+00:00, run_after=2025-04-08 00:00:00+00:00
[2025-04-08T01:28:01.629+0000] {processor.py:208} INFO - Processing /home/airflow/.local/lib/python3.12/site-packages/airflow/example_dags/example_latest_only_with_trigger.py took 0.112 seconds
[2025-04-08T01:28:31.794+0000] {processor.py:186} INFO - Started process (PID=8248) to work on /home/airflow/.local/lib/python3.12/site-packages/airflow/example_dags/example_latest_only_with_trigger.py
[2025-04-08T01:28:31.795+0000] {processor.py:914} INFO - Processing file /home/airflow/.local/lib/python3.12/site-packages/airflow/example_dags/example_latest_only_with_trigger.py for tasks to queue
[2025-04-08T01:28:31.798+0000] {logging_mixin.py:190} INFO - [2025-04-08T01:28:31.797+0000] {dagbag.py:588} INFO - Filling up the DagBag from /home/airflow/.local/lib/python3.12/site-packages/airflow/example_dags/example_latest_only_with_trigger.py
[2025-04-08T01:28:31.812+0000] {processor.py:925} INFO - DAG(s) 'latest_only_with_trigger' retrieved from /home/airflow/.local/lib/python3.12/site-packages/airflow/example_dags/example_latest_only_with_trigger.py
[2025-04-08T01:28:31.855+0000] {logging_mixin.py:190} INFO - [2025-04-08T01:28:31.855+0000] {dag.py:3239} INFO - Sync 1 DAGs
[2025-04-08T01:28:31.887+0000] {logging_mixin.py:190} INFO - [2025-04-08T01:28:31.886+0000] {dag.py:4180} INFO - Setting next_dagrun for latest_only_with_trigger to 2025-04-07 20:00:00+00:00, run_after=2025-04-08 00:00:00+00:00
[2025-04-08T01:28:31.921+0000] {processor.py:208} INFO - Processing /home/airflow/.local/lib/python3.12/site-packages/airflow/example_dags/example_latest_only_with_trigger.py took 0.138 seconds
[2025-04-08T01:29:02.662+0000] {processor.py:186} INFO - Started process (PID=8310) to work on /home/airflow/.local/lib/python3.12/site-packages/airflow/example_dags/example_latest_only_with_trigger.py
[2025-04-08T01:29:02.663+0000] {processor.py:914} INFO - Processing file /home/airflow/.local/lib/python3.12/site-packages/airflow/example_dags/example_latest_only_with_trigger.py for tasks to queue
[2025-04-08T01:29:02.668+0000] {logging_mixin.py:190} INFO - [2025-04-08T01:29:02.666+0000] {dagbag.py:588} INFO - Filling up the DagBag from /home/airflow/.local/lib/python3.12/site-packages/airflow/example_dags/example_latest_only_with_trigger.py
[2025-04-08T01:29:02.687+0000] {processor.py:925} INFO - DAG(s) 'latest_only_with_trigger' retrieved from /home/airflow/.local/lib/python3.12/site-packages/airflow/example_dags/example_latest_only_with_trigger.py
[2025-04-08T01:29:02.741+0000] {logging_mixin.py:190} INFO - [2025-04-08T01:29:02.740+0000] {dag.py:3239} INFO - Sync 1 DAGs
[2025-04-08T01:29:02.783+0000] {logging_mixin.py:190} INFO - [2025-04-08T01:29:02.783+0000] {dag.py:4180} INFO - Setting next_dagrun for latest_only_with_trigger to 2025-04-07 20:00:00+00:00, run_after=2025-04-08 00:00:00+00:00
[2025-04-08T01:29:02.822+0000] {processor.py:208} INFO - Processing /home/airflow/.local/lib/python3.12/site-packages/airflow/example_dags/example_latest_only_with_trigger.py took 0.175 seconds
[2025-04-08T01:29:33.378+0000] {processor.py:186} INFO - Started process (PID=8373) to work on /home/airflow/.local/lib/python3.12/site-packages/airflow/example_dags/example_latest_only_with_trigger.py
[2025-04-08T01:29:33.380+0000] {processor.py:914} INFO - Processing file /home/airflow/.local/lib/python3.12/site-packages/airflow/example_dags/example_latest_only_with_trigger.py for tasks to queue
[2025-04-08T01:29:33.383+0000] {logging_mixin.py:190} INFO - [2025-04-08T01:29:33.382+0000] {dagbag.py:588} INFO - Filling up the DagBag from /home/airflow/.local/lib/python3.12/site-packages/airflow/example_dags/example_latest_only_with_trigger.py
[2025-04-08T01:29:33.397+0000] {processor.py:925} INFO - DAG(s) 'latest_only_with_trigger' retrieved from /home/airflow/.local/lib/python3.12/site-packages/airflow/example_dags/example_latest_only_with_trigger.py
[2025-04-08T01:29:33.431+0000] {logging_mixin.py:190} INFO - [2025-04-08T01:29:33.431+0000] {dag.py:3239} INFO - Sync 1 DAGs
[2025-04-08T01:29:33.459+0000] {logging_mixin.py:190} INFO - [2025-04-08T01:29:33.459+0000] {dag.py:4180} INFO - Setting next_dagrun for latest_only_with_trigger to 2025-04-07 20:00:00+00:00, run_after=2025-04-08 00:00:00+00:00
[2025-04-08T01:29:33.491+0000] {processor.py:208} INFO - Processing /home/airflow/.local/lib/python3.12/site-packages/airflow/example_dags/example_latest_only_with_trigger.py took 0.121 seconds
[2025-04-08T01:30:04.135+0000] {processor.py:186} INFO - Started process (PID=8436) to work on /home/airflow/.local/lib/python3.12/site-packages/airflow/example_dags/example_latest_only_with_trigger.py
[2025-04-08T01:30:04.136+0000] {processor.py:914} INFO - Processing file /home/airflow/.local/lib/python3.12/site-packages/airflow/example_dags/example_latest_only_with_trigger.py for tasks to queue
[2025-04-08T01:30:04.138+0000] {logging_mixin.py:190} INFO - [2025-04-08T01:30:04.138+0000] {dagbag.py:588} INFO - Filling up the DagBag from /home/airflow/.local/lib/python3.12/site-packages/airflow/example_dags/example_latest_only_with_trigger.py
[2025-04-08T01:30:04.148+0000] {processor.py:925} INFO - DAG(s) 'latest_only_with_trigger' retrieved from /home/airflow/.local/lib/python3.12/site-packages/airflow/example_dags/example_latest_only_with_trigger.py
[2025-04-08T01:30:04.176+0000] {logging_mixin.py:190} INFO - [2025-04-08T01:30:04.175+0000] {dag.py:3239} INFO - Sync 1 DAGs
[2025-04-08T01:30:04.208+0000] {logging_mixin.py:190} INFO - [2025-04-08T01:30:04.208+0000] {dag.py:4180} INFO - Setting next_dagrun for latest_only_with_trigger to 2025-04-07 20:00:00+00:00, run_after=2025-04-08 00:00:00+00:00
[2025-04-08T01:30:04.238+0000] {processor.py:208} INFO - Processing /home/airflow/.local/lib/python3.12/site-packages/airflow/example_dags/example_latest_only_with_trigger.py took 0.109 seconds
[2025-04-08T01:30:34.447+0000] {processor.py:186} INFO - Started process (PID=8498) to work on /home/airflow/.local/lib/python3.12/site-packages/airflow/example_dags/example_latest_only_with_trigger.py
[2025-04-08T01:30:34.448+0000] {processor.py:914} INFO - Processing file /home/airflow/.local/lib/python3.12/site-packages/airflow/example_dags/example_latest_only_with_trigger.py for tasks to queue
[2025-04-08T01:30:34.451+0000] {logging_mixin.py:190} INFO - [2025-04-08T01:30:34.450+0000] {dagbag.py:588} INFO - Filling up the DagBag from /home/airflow/.local/lib/python3.12/site-packages/airflow/example_dags/example_latest_only_with_trigger.py
[2025-04-08T01:30:34.463+0000] {processor.py:925} INFO - DAG(s) 'latest_only_with_trigger' retrieved from /home/airflow/.local/lib/python3.12/site-packages/airflow/example_dags/example_latest_only_with_trigger.py
[2025-04-08T01:30:34.502+0000] {logging_mixin.py:190} INFO - [2025-04-08T01:30:34.502+0000] {dag.py:3239} INFO - Sync 1 DAGs
[2025-04-08T01:30:34.534+0000] {logging_mixin.py:190} INFO - [2025-04-08T01:30:34.534+0000] {dag.py:4180} INFO - Setting next_dagrun for latest_only_with_trigger to 2025-04-07 20:00:00+00:00, run_after=2025-04-08 00:00:00+00:00
[2025-04-08T01:30:34.565+0000] {processor.py:208} INFO - Processing /home/airflow/.local/lib/python3.12/site-packages/airflow/example_dags/example_latest_only_with_trigger.py took 0.129 seconds
[2025-04-08T01:31:05.079+0000] {processor.py:186} INFO - Started process (PID=8561) to work on /home/airflow/.local/lib/python3.12/site-packages/airflow/example_dags/example_latest_only_with_trigger.py
[2025-04-08T01:31:05.082+0000] {processor.py:914} INFO - Processing file /home/airflow/.local/lib/python3.12/site-packages/airflow/example_dags/example_latest_only_with_trigger.py for tasks to queue
[2025-04-08T01:31:05.086+0000] {logging_mixin.py:190} INFO - [2025-04-08T01:31:05.085+0000] {dagbag.py:588} INFO - Filling up the DagBag from /home/airflow/.local/lib/python3.12/site-packages/airflow/example_dags/example_latest_only_with_trigger.py
[2025-04-08T01:31:05.106+0000] {processor.py:925} INFO - DAG(s) 'latest_only_with_trigger' retrieved from /home/airflow/.local/lib/python3.12/site-packages/airflow/example_dags/example_latest_only_with_trigger.py
[2025-04-08T01:31:05.165+0000] {logging_mixin.py:190} INFO - [2025-04-08T01:31:05.165+0000] {dag.py:3239} INFO - Sync 1 DAGs
[2025-04-08T01:31:05.224+0000] {logging_mixin.py:190} INFO - [2025-04-08T01:31:05.223+0000] {dag.py:4180} INFO - Setting next_dagrun for latest_only_with_trigger to 2025-04-07 20:00:00+00:00, run_after=2025-04-08 00:00:00+00:00
[2025-04-08T01:31:05.294+0000] {processor.py:208} INFO - Processing /home/airflow/.local/lib/python3.12/site-packages/airflow/example_dags/example_latest_only_with_trigger.py took 0.228 seconds
[2025-04-08T01:31:35.497+0000] {processor.py:186} INFO - Started process (PID=8624) to work on /home/airflow/.local/lib/python3.12/site-packages/airflow/example_dags/example_latest_only_with_trigger.py
[2025-04-08T01:31:35.498+0000] {processor.py:914} INFO - Processing file /home/airflow/.local/lib/python3.12/site-packages/airflow/example_dags/example_latest_only_with_trigger.py for tasks to queue
[2025-04-08T01:31:35.501+0000] {logging_mixin.py:190} INFO - [2025-04-08T01:31:35.501+0000] {dagbag.py:588} INFO - Filling up the DagBag from /home/airflow/.local/lib/python3.12/site-packages/airflow/example_dags/example_latest_only_with_trigger.py
[2025-04-08T01:31:35.510+0000] {processor.py:925} INFO - DAG(s) 'latest_only_with_trigger' retrieved from /home/airflow/.local/lib/python3.12/site-packages/airflow/example_dags/example_latest_only_with_trigger.py
[2025-04-08T01:31:35.540+0000] {logging_mixin.py:190} INFO - [2025-04-08T01:31:35.540+0000] {dag.py:3239} INFO - Sync 1 DAGs
[2025-04-08T01:31:35.574+0000] {logging_mixin.py:190} INFO - [2025-04-08T01:31:35.574+0000] {dag.py:4180} INFO - Setting next_dagrun for latest_only_with_trigger to 2025-04-07 20:00:00+00:00, run_after=2025-04-08 00:00:00+00:00
[2025-04-08T01:31:35.618+0000] {processor.py:208} INFO - Processing /home/airflow/.local/lib/python3.12/site-packages/airflow/example_dags/example_latest_only_with_trigger.py took 0.129 seconds
[2025-04-08T01:32:05.800+0000] {processor.py:186} INFO - Started process (PID=8687) to work on /home/airflow/.local/lib/python3.12/site-packages/airflow/example_dags/example_latest_only_with_trigger.py
[2025-04-08T01:32:05.802+0000] {processor.py:914} INFO - Processing file /home/airflow/.local/lib/python3.12/site-packages/airflow/example_dags/example_latest_only_with_trigger.py for tasks to queue
[2025-04-08T01:32:05.805+0000] {logging_mixin.py:190} INFO - [2025-04-08T01:32:05.804+0000] {dagbag.py:588} INFO - Filling up the DagBag from /home/airflow/.local/lib/python3.12/site-packages/airflow/example_dags/example_latest_only_with_trigger.py
[2025-04-08T01:32:05.821+0000] {processor.py:925} INFO - DAG(s) 'latest_only_with_trigger' retrieved from /home/airflow/.local/lib/python3.12/site-packages/airflow/example_dags/example_latest_only_with_trigger.py
[2025-04-08T01:32:05.858+0000] {logging_mixin.py:190} INFO - [2025-04-08T01:32:05.857+0000] {dag.py:3239} INFO - Sync 1 DAGs
[2025-04-08T01:32:05.894+0000] {logging_mixin.py:190} INFO - [2025-04-08T01:32:05.893+0000] {dag.py:4180} INFO - Setting next_dagrun for latest_only_with_trigger to 2025-04-07 20:00:00+00:00, run_after=2025-04-08 00:00:00+00:00
[2025-04-08T01:32:05.930+0000] {processor.py:208} INFO - Processing /home/airflow/.local/lib/python3.12/site-packages/airflow/example_dags/example_latest_only_with_trigger.py took 0.141 seconds
[2025-04-08T01:32:36.464+0000] {processor.py:186} INFO - Started process (PID=8749) to work on /home/airflow/.local/lib/python3.12/site-packages/airflow/example_dags/example_latest_only_with_trigger.py
[2025-04-08T01:32:36.466+0000] {processor.py:914} INFO - Processing file /home/airflow/.local/lib/python3.12/site-packages/airflow/example_dags/example_latest_only_with_trigger.py for tasks to queue
[2025-04-08T01:32:36.469+0000] {logging_mixin.py:190} INFO - [2025-04-08T01:32:36.468+0000] {dagbag.py:588} INFO - Filling up the DagBag from /home/airflow/.local/lib/python3.12/site-packages/airflow/example_dags/example_latest_only_with_trigger.py
[2025-04-08T01:32:36.478+0000] {processor.py:925} INFO - DAG(s) 'latest_only_with_trigger' retrieved from /home/airflow/.local/lib/python3.12/site-packages/airflow/example_dags/example_latest_only_with_trigger.py
[2025-04-08T01:32:36.541+0000] {logging_mixin.py:190} INFO - [2025-04-08T01:32:36.540+0000] {dag.py:3239} INFO - Sync 1 DAGs
[2025-04-08T01:32:36.589+0000] {logging_mixin.py:190} INFO - [2025-04-08T01:32:36.587+0000] {dag.py:4180} INFO - Setting next_dagrun for latest_only_with_trigger to 2025-04-07 20:00:00+00:00, run_after=2025-04-08 00:00:00+00:00
[2025-04-08T01:32:36.636+0000] {processor.py:208} INFO - Processing /home/airflow/.local/lib/python3.12/site-packages/airflow/example_dags/example_latest_only_with_trigger.py took 0.178 seconds
[2025-04-08T01:33:07.296+0000] {processor.py:186} INFO - Started process (PID=8811) to work on /home/airflow/.local/lib/python3.12/site-packages/airflow/example_dags/example_latest_only_with_trigger.py
[2025-04-08T01:33:07.299+0000] {processor.py:914} INFO - Processing file /home/airflow/.local/lib/python3.12/site-packages/airflow/example_dags/example_latest_only_with_trigger.py for tasks to queue
[2025-04-08T01:33:07.307+0000] {logging_mixin.py:190} INFO - [2025-04-08T01:33:07.305+0000] {dagbag.py:588} INFO - Filling up the DagBag from /home/airflow/.local/lib/python3.12/site-packages/airflow/example_dags/example_latest_only_with_trigger.py
[2025-04-08T01:33:07.329+0000] {processor.py:925} INFO - DAG(s) 'latest_only_with_trigger' retrieved from /home/airflow/.local/lib/python3.12/site-packages/airflow/example_dags/example_latest_only_with_trigger.py
[2025-04-08T01:33:07.374+0000] {logging_mixin.py:190} INFO - [2025-04-08T01:33:07.373+0000] {dag.py:3239} INFO - Sync 1 DAGs
[2025-04-08T01:33:07.415+0000] {logging_mixin.py:190} INFO - [2025-04-08T01:33:07.415+0000] {dag.py:4180} INFO - Setting next_dagrun for latest_only_with_trigger to 2025-04-07 20:00:00+00:00, run_after=2025-04-08 00:00:00+00:00
[2025-04-08T01:33:07.457+0000] {processor.py:208} INFO - Processing /home/airflow/.local/lib/python3.12/site-packages/airflow/example_dags/example_latest_only_with_trigger.py took 0.175 seconds
[2025-04-08T01:33:37.648+0000] {processor.py:186} INFO - Started process (PID=8880) to work on /home/airflow/.local/lib/python3.12/site-packages/airflow/example_dags/example_latest_only_with_trigger.py
[2025-04-08T01:33:37.650+0000] {processor.py:914} INFO - Processing file /home/airflow/.local/lib/python3.12/site-packages/airflow/example_dags/example_latest_only_with_trigger.py for tasks to queue
[2025-04-08T01:33:37.655+0000] {logging_mixin.py:190} INFO - [2025-04-08T01:33:37.652+0000] {dagbag.py:588} INFO - Filling up the DagBag from /home/airflow/.local/lib/python3.12/site-packages/airflow/example_dags/example_latest_only_with_trigger.py
[2025-04-08T01:33:37.673+0000] {processor.py:925} INFO - DAG(s) 'latest_only_with_trigger' retrieved from /home/airflow/.local/lib/python3.12/site-packages/airflow/example_dags/example_latest_only_with_trigger.py
[2025-04-08T01:33:37.724+0000] {logging_mixin.py:190} INFO - [2025-04-08T01:33:37.723+0000] {dag.py:3239} INFO - Sync 1 DAGs
[2025-04-08T01:33:37.784+0000] {logging_mixin.py:190} INFO - [2025-04-08T01:33:37.784+0000] {dag.py:4180} INFO - Setting next_dagrun for latest_only_with_trigger to 2025-04-07 20:00:00+00:00, run_after=2025-04-08 00:00:00+00:00
[2025-04-08T01:33:37.838+0000] {processor.py:208} INFO - Processing /home/airflow/.local/lib/python3.12/site-packages/airflow/example_dags/example_latest_only_with_trigger.py took 0.200 seconds
[2025-04-08T01:34:08.552+0000] {processor.py:186} INFO - Started process (PID=8944) to work on /home/airflow/.local/lib/python3.12/site-packages/airflow/example_dags/example_latest_only_with_trigger.py
[2025-04-08T01:34:08.555+0000] {processor.py:914} INFO - Processing file /home/airflow/.local/lib/python3.12/site-packages/airflow/example_dags/example_latest_only_with_trigger.py for tasks to queue
[2025-04-08T01:34:08.558+0000] {logging_mixin.py:190} INFO - [2025-04-08T01:34:08.557+0000] {dagbag.py:588} INFO - Filling up the DagBag from /home/airflow/.local/lib/python3.12/site-packages/airflow/example_dags/example_latest_only_with_trigger.py
[2025-04-08T01:34:08.574+0000] {processor.py:925} INFO - DAG(s) 'latest_only_with_trigger' retrieved from /home/airflow/.local/lib/python3.12/site-packages/airflow/example_dags/example_latest_only_with_trigger.py
[2025-04-08T01:34:08.636+0000] {logging_mixin.py:190} INFO - [2025-04-08T01:34:08.635+0000] {dag.py:3239} INFO - Sync 1 DAGs
[2025-04-08T01:34:08.696+0000] {logging_mixin.py:190} INFO - [2025-04-08T01:34:08.695+0000] {dag.py:4180} INFO - Setting next_dagrun for latest_only_with_trigger to 2025-04-07 20:00:00+00:00, run_after=2025-04-08 00:00:00+00:00
[2025-04-08T01:34:08.744+0000] {processor.py:208} INFO - Processing /home/airflow/.local/lib/python3.12/site-packages/airflow/example_dags/example_latest_only_with_trigger.py took 0.204 seconds
[2025-04-08T01:34:39.124+0000] {processor.py:186} INFO - Started process (PID=9007) to work on /home/airflow/.local/lib/python3.12/site-packages/airflow/example_dags/example_latest_only_with_trigger.py
[2025-04-08T01:34:39.130+0000] {processor.py:914} INFO - Processing file /home/airflow/.local/lib/python3.12/site-packages/airflow/example_dags/example_latest_only_with_trigger.py for tasks to queue
[2025-04-08T01:34:39.139+0000] {logging_mixin.py:190} INFO - [2025-04-08T01:34:39.137+0000] {dagbag.py:588} INFO - Filling up the DagBag from /home/airflow/.local/lib/python3.12/site-packages/airflow/example_dags/example_latest_only_with_trigger.py
[2025-04-08T01:34:39.177+0000] {processor.py:925} INFO - DAG(s) 'latest_only_with_trigger' retrieved from /home/airflow/.local/lib/python3.12/site-packages/airflow/example_dags/example_latest_only_with_trigger.py
[2025-04-08T01:34:39.290+0000] {logging_mixin.py:190} INFO - [2025-04-08T01:34:39.289+0000] {dag.py:3239} INFO - Sync 1 DAGs
[2025-04-08T01:34:39.391+0000] {logging_mixin.py:190} INFO - [2025-04-08T01:34:39.389+0000] {dag.py:4180} INFO - Setting next_dagrun for latest_only_with_trigger to 2025-04-07 20:00:00+00:00, run_after=2025-04-08 00:00:00+00:00
[2025-04-08T01:34:39.480+0000] {processor.py:208} INFO - Processing /home/airflow/.local/lib/python3.12/site-packages/airflow/example_dags/example_latest_only_with_trigger.py took 0.373 seconds
[2025-04-08T01:35:11.807+0000] {processor.py:186} INFO - Started process (PID=9070) to work on /home/airflow/.local/lib/python3.12/site-packages/airflow/example_dags/example_latest_only_with_trigger.py
[2025-04-08T01:35:11.813+0000] {processor.py:914} INFO - Processing file /home/airflow/.local/lib/python3.12/site-packages/airflow/example_dags/example_latest_only_with_trigger.py for tasks to queue
[2025-04-08T01:35:11.819+0000] {logging_mixin.py:190} INFO - [2025-04-08T01:35:11.817+0000] {dagbag.py:588} INFO - Filling up the DagBag from /home/airflow/.local/lib/python3.12/site-packages/airflow/example_dags/example_latest_only_with_trigger.py
[2025-04-08T01:35:11.850+0000] {processor.py:925} INFO - DAG(s) 'latest_only_with_trigger' retrieved from /home/airflow/.local/lib/python3.12/site-packages/airflow/example_dags/example_latest_only_with_trigger.py
[2025-04-08T01:35:11.947+0000] {logging_mixin.py:190} INFO - [2025-04-08T01:35:11.945+0000] {dag.py:3239} INFO - Sync 1 DAGs
[2025-04-08T01:35:12.034+0000] {logging_mixin.py:190} INFO - [2025-04-08T01:35:12.033+0000] {dag.py:4180} INFO - Setting next_dagrun for latest_only_with_trigger to 2025-04-07 20:00:00+00:00, run_after=2025-04-08 00:00:00+00:00
[2025-04-08T01:35:12.165+0000] {processor.py:208} INFO - Processing /home/airflow/.local/lib/python3.12/site-packages/airflow/example_dags/example_latest_only_with_trigger.py took 0.384 seconds
[2025-04-08T01:35:44.306+0000] {processor.py:186} INFO - Started process (PID=9134) to work on /home/airflow/.local/lib/python3.12/site-packages/airflow/example_dags/example_latest_only_with_trigger.py
[2025-04-08T01:35:44.312+0000] {processor.py:914} INFO - Processing file /home/airflow/.local/lib/python3.12/site-packages/airflow/example_dags/example_latest_only_with_trigger.py for tasks to queue
[2025-04-08T01:35:44.317+0000] {logging_mixin.py:190} INFO - [2025-04-08T01:35:44.316+0000] {dagbag.py:588} INFO - Filling up the DagBag from /home/airflow/.local/lib/python3.12/site-packages/airflow/example_dags/example_latest_only_with_trigger.py
[2025-04-08T01:35:44.352+0000] {processor.py:925} INFO - DAG(s) 'latest_only_with_trigger' retrieved from /home/airflow/.local/lib/python3.12/site-packages/airflow/example_dags/example_latest_only_with_trigger.py
[2025-04-08T01:35:44.430+0000] {logging_mixin.py:190} INFO - [2025-04-08T01:35:44.429+0000] {dag.py:3239} INFO - Sync 1 DAGs
[2025-04-08T01:35:44.525+0000] {logging_mixin.py:190} INFO - [2025-04-08T01:35:44.525+0000] {dag.py:4180} INFO - Setting next_dagrun for latest_only_with_trigger to 2025-04-07 20:00:00+00:00, run_after=2025-04-08 00:00:00+00:00
[2025-04-08T01:35:44.599+0000] {processor.py:208} INFO - Processing /home/airflow/.local/lib/python3.12/site-packages/airflow/example_dags/example_latest_only_with_trigger.py took 0.322 seconds
[2025-04-08T01:36:15.142+0000] {processor.py:186} INFO - Started process (PID=9197) to work on /home/airflow/.local/lib/python3.12/site-packages/airflow/example_dags/example_latest_only_with_trigger.py
[2025-04-08T01:36:15.145+0000] {processor.py:914} INFO - Processing file /home/airflow/.local/lib/python3.12/site-packages/airflow/example_dags/example_latest_only_with_trigger.py for tasks to queue
[2025-04-08T01:36:15.151+0000] {logging_mixin.py:190} INFO - [2025-04-08T01:36:15.150+0000] {dagbag.py:588} INFO - Filling up the DagBag from /home/airflow/.local/lib/python3.12/site-packages/airflow/example_dags/example_latest_only_with_trigger.py
[2025-04-08T01:36:15.178+0000] {processor.py:925} INFO - DAG(s) 'latest_only_with_trigger' retrieved from /home/airflow/.local/lib/python3.12/site-packages/airflow/example_dags/example_latest_only_with_trigger.py
[2025-04-08T01:36:15.260+0000] {logging_mixin.py:190} INFO - [2025-04-08T01:36:15.259+0000] {dag.py:3239} INFO - Sync 1 DAGs
[2025-04-08T01:36:15.360+0000] {logging_mixin.py:190} INFO - [2025-04-08T01:36:15.359+0000] {dag.py:4180} INFO - Setting next_dagrun for latest_only_with_trigger to 2025-04-07 20:00:00+00:00, run_after=2025-04-08 00:00:00+00:00
[2025-04-08T01:36:15.454+0000] {processor.py:208} INFO - Processing /home/airflow/.local/lib/python3.12/site-packages/airflow/example_dags/example_latest_only_with_trigger.py took 0.332 seconds
[2025-04-08T01:36:54.722+0000] {processor.py:186} INFO - Started process (PID=9255) to work on /home/airflow/.local/lib/python3.12/site-packages/airflow/example_dags/example_latest_only_with_trigger.py
[2025-04-08T01:36:54.739+0000] {processor.py:914} INFO - Processing file /home/airflow/.local/lib/python3.12/site-packages/airflow/example_dags/example_latest_only_with_trigger.py for tasks to queue
[2025-04-08T01:36:54.752+0000] {logging_mixin.py:190} INFO - [2025-04-08T01:36:54.750+0000] {dagbag.py:588} INFO - Filling up the DagBag from /home/airflow/.local/lib/python3.12/site-packages/airflow/example_dags/example_latest_only_with_trigger.py
[2025-04-08T01:36:54.829+0000] {processor.py:925} INFO - DAG(s) 'latest_only_with_trigger' retrieved from /home/airflow/.local/lib/python3.12/site-packages/airflow/example_dags/example_latest_only_with_trigger.py
[2025-04-08T01:36:55.049+0000] {logging_mixin.py:190} INFO - [2025-04-08T01:36:55.047+0000] {dag.py:3239} INFO - Sync 1 DAGs
[2025-04-08T01:36:55.431+0000] {logging_mixin.py:190} INFO - [2025-04-08T01:36:55.429+0000] {dag.py:4180} INFO - Setting next_dagrun for latest_only_with_trigger to 2025-04-07 20:00:00+00:00, run_after=2025-04-08 00:00:00+00:00
[2025-04-08T01:36:55.740+0000] {processor.py:208} INFO - Processing /home/airflow/.local/lib/python3.12/site-packages/airflow/example_dags/example_latest_only_with_trigger.py took 1.086 seconds
[2025-04-08T01:37:52.096+0000] {processor.py:186} INFO - Started process (PID=9324) to work on /home/airflow/.local/lib/python3.12/site-packages/airflow/example_dags/example_latest_only_with_trigger.py
[2025-04-08T01:37:52.109+0000] {processor.py:914} INFO - Processing file /home/airflow/.local/lib/python3.12/site-packages/airflow/example_dags/example_latest_only_with_trigger.py for tasks to queue
[2025-04-08T01:37:52.135+0000] {logging_mixin.py:190} INFO - [2025-04-08T01:37:52.133+0000] {dagbag.py:588} INFO - Filling up the DagBag from /home/airflow/.local/lib/python3.12/site-packages/airflow/example_dags/example_latest_only_with_trigger.py
[2025-04-08T01:37:52.186+0000] {processor.py:925} INFO - DAG(s) 'latest_only_with_trigger' retrieved from /home/airflow/.local/lib/python3.12/site-packages/airflow/example_dags/example_latest_only_with_trigger.py
[2025-04-08T01:37:52.404+0000] {logging_mixin.py:190} INFO - [2025-04-08T01:37:52.403+0000] {dag.py:3239} INFO - Sync 1 DAGs
[2025-04-08T01:37:52.521+0000] {logging_mixin.py:190} INFO - [2025-04-08T01:37:52.520+0000] {dag.py:4180} INFO - Setting next_dagrun for latest_only_with_trigger to 2025-04-07 20:00:00+00:00, run_after=2025-04-08 00:00:00+00:00
[2025-04-08T01:37:52.722+0000] {processor.py:208} INFO - Processing /home/airflow/.local/lib/python3.12/site-packages/airflow/example_dags/example_latest_only_with_trigger.py took 0.669 seconds
[2025-04-08T01:38:24.551+0000] {processor.py:186} INFO - Started process (PID=9387) to work on /home/airflow/.local/lib/python3.12/site-packages/airflow/example_dags/example_latest_only_with_trigger.py
[2025-04-08T01:38:24.569+0000] {processor.py:914} INFO - Processing file /home/airflow/.local/lib/python3.12/site-packages/airflow/example_dags/example_latest_only_with_trigger.py for tasks to queue
[2025-04-08T01:38:24.579+0000] {logging_mixin.py:190} INFO - [2025-04-08T01:38:24.577+0000] {dagbag.py:588} INFO - Filling up the DagBag from /home/airflow/.local/lib/python3.12/site-packages/airflow/example_dags/example_latest_only_with_trigger.py
[2025-04-08T01:38:24.673+0000] {processor.py:925} INFO - DAG(s) 'latest_only_with_trigger' retrieved from /home/airflow/.local/lib/python3.12/site-packages/airflow/example_dags/example_latest_only_with_trigger.py
[2025-04-08T01:38:24.819+0000] {logging_mixin.py:190} INFO - [2025-04-08T01:38:24.816+0000] {dag.py:3239} INFO - Sync 1 DAGs
[2025-04-08T01:38:24.986+0000] {logging_mixin.py:190} INFO - [2025-04-08T01:38:24.985+0000] {dag.py:4180} INFO - Setting next_dagrun for latest_only_with_trigger to 2025-04-07 20:00:00+00:00, run_after=2025-04-08 00:00:00+00:00
[2025-04-08T01:38:25.120+0000] {processor.py:208} INFO - Processing /home/airflow/.local/lib/python3.12/site-packages/airflow/example_dags/example_latest_only_with_trigger.py took 0.645 seconds
[2025-04-08T01:38:55.355+0000] {processor.py:186} INFO - Started process (PID=9449) to work on /home/airflow/.local/lib/python3.12/site-packages/airflow/example_dags/example_latest_only_with_trigger.py
[2025-04-08T01:38:55.359+0000] {processor.py:914} INFO - Processing file /home/airflow/.local/lib/python3.12/site-packages/airflow/example_dags/example_latest_only_with_trigger.py for tasks to queue
[2025-04-08T01:38:55.367+0000] {logging_mixin.py:190} INFO - [2025-04-08T01:38:55.365+0000] {dagbag.py:588} INFO - Filling up the DagBag from /home/airflow/.local/lib/python3.12/site-packages/airflow/example_dags/example_latest_only_with_trigger.py
[2025-04-08T01:38:55.396+0000] {processor.py:925} INFO - DAG(s) 'latest_only_with_trigger' retrieved from /home/airflow/.local/lib/python3.12/site-packages/airflow/example_dags/example_latest_only_with_trigger.py
[2025-04-08T01:38:55.468+0000] {logging_mixin.py:190} INFO - [2025-04-08T01:38:55.466+0000] {dag.py:3239} INFO - Sync 1 DAGs
[2025-04-08T01:38:55.547+0000] {logging_mixin.py:190} INFO - [2025-04-08T01:38:55.546+0000] {dag.py:4180} INFO - Setting next_dagrun for latest_only_with_trigger to 2025-04-07 20:00:00+00:00, run_after=2025-04-08 00:00:00+00:00
[2025-04-08T01:38:55.611+0000] {processor.py:208} INFO - Processing /home/airflow/.local/lib/python3.12/site-packages/airflow/example_dags/example_latest_only_with_trigger.py took 0.277 seconds
[2025-04-08T01:39:27.690+0000] {processor.py:186} INFO - Started process (PID=9512) to work on /home/airflow/.local/lib/python3.12/site-packages/airflow/example_dags/example_latest_only_with_trigger.py
[2025-04-08T01:39:27.701+0000] {processor.py:914} INFO - Processing file /home/airflow/.local/lib/python3.12/site-packages/airflow/example_dags/example_latest_only_with_trigger.py for tasks to queue
[2025-04-08T01:39:27.734+0000] {logging_mixin.py:190} INFO - [2025-04-08T01:39:27.722+0000] {dagbag.py:588} INFO - Filling up the DagBag from /home/airflow/.local/lib/python3.12/site-packages/airflow/example_dags/example_latest_only_with_trigger.py
[2025-04-08T01:39:27.891+0000] {processor.py:925} INFO - DAG(s) 'latest_only_with_trigger' retrieved from /home/airflow/.local/lib/python3.12/site-packages/airflow/example_dags/example_latest_only_with_trigger.py
[2025-04-08T01:39:28.089+0000] {logging_mixin.py:190} INFO - [2025-04-08T01:39:28.088+0000] {dag.py:3239} INFO - Sync 1 DAGs
[2025-04-08T01:39:28.253+0000] {logging_mixin.py:190} INFO - [2025-04-08T01:39:28.252+0000] {dag.py:4180} INFO - Setting next_dagrun for latest_only_with_trigger to 2025-04-07 20:00:00+00:00, run_after=2025-04-08 00:00:00+00:00
[2025-04-08T01:39:28.422+0000] {processor.py:208} INFO - Processing /home/airflow/.local/lib/python3.12/site-packages/airflow/example_dags/example_latest_only_with_trigger.py took 0.813 seconds
[2025-04-08T01:40:01.024+0000] {processor.py:186} INFO - Started process (PID=9567) to work on /home/airflow/.local/lib/python3.12/site-packages/airflow/example_dags/example_latest_only_with_trigger.py
[2025-04-08T01:40:01.035+0000] {processor.py:914} INFO - Processing file /home/airflow/.local/lib/python3.12/site-packages/airflow/example_dags/example_latest_only_with_trigger.py for tasks to queue
[2025-04-08T01:40:01.044+0000] {logging_mixin.py:190} INFO - [2025-04-08T01:40:01.042+0000] {dagbag.py:588} INFO - Filling up the DagBag from /home/airflow/.local/lib/python3.12/site-packages/airflow/example_dags/example_latest_only_with_trigger.py
[2025-04-08T01:40:01.118+0000] {processor.py:925} INFO - DAG(s) 'latest_only_with_trigger' retrieved from /home/airflow/.local/lib/python3.12/site-packages/airflow/example_dags/example_latest_only_with_trigger.py
[2025-04-08T01:40:01.284+0000] {logging_mixin.py:190} INFO - [2025-04-08T01:40:01.282+0000] {dag.py:3239} INFO - Sync 1 DAGs
[2025-04-08T01:40:01.446+0000] {logging_mixin.py:190} INFO - [2025-04-08T01:40:01.445+0000] {dag.py:4180} INFO - Setting next_dagrun for latest_only_with_trigger to 2025-04-07 20:00:00+00:00, run_after=2025-04-08 00:00:00+00:00
[2025-04-08T01:40:01.544+0000] {processor.py:208} INFO - Processing /home/airflow/.local/lib/python3.12/site-packages/airflow/example_dags/example_latest_only_with_trigger.py took 0.562 seconds
[2025-04-08T01:40:36.143+0000] {processor.py:186} INFO - Started process (PID=9630) to work on /home/airflow/.local/lib/python3.12/site-packages/airflow/example_dags/example_latest_only_with_trigger.py
[2025-04-08T01:40:36.150+0000] {processor.py:914} INFO - Processing file /home/airflow/.local/lib/python3.12/site-packages/airflow/example_dags/example_latest_only_with_trigger.py for tasks to queue
[2025-04-08T01:40:36.159+0000] {logging_mixin.py:190} INFO - [2025-04-08T01:40:36.157+0000] {dagbag.py:588} INFO - Filling up the DagBag from /home/airflow/.local/lib/python3.12/site-packages/airflow/example_dags/example_latest_only_with_trigger.py
[2025-04-08T01:40:36.204+0000] {processor.py:925} INFO - DAG(s) 'latest_only_with_trigger' retrieved from /home/airflow/.local/lib/python3.12/site-packages/airflow/example_dags/example_latest_only_with_trigger.py
[2025-04-08T01:40:36.351+0000] {logging_mixin.py:190} INFO - [2025-04-08T01:40:36.349+0000] {dag.py:3239} INFO - Sync 1 DAGs
[2025-04-08T01:40:36.529+0000] {logging_mixin.py:190} INFO - [2025-04-08T01:40:36.527+0000] {dag.py:4180} INFO - Setting next_dagrun for latest_only_with_trigger to 2025-04-07 20:00:00+00:00, run_after=2025-04-08 00:00:00+00:00
[2025-04-08T01:40:36.747+0000] {processor.py:208} INFO - Processing /home/airflow/.local/lib/python3.12/site-packages/airflow/example_dags/example_latest_only_with_trigger.py took 0.648 seconds
[2025-04-08T01:41:07.522+0000] {processor.py:186} INFO - Started process (PID=9693) to work on /home/airflow/.local/lib/python3.12/site-packages/airflow/example_dags/example_latest_only_with_trigger.py
[2025-04-08T01:41:07.527+0000] {processor.py:914} INFO - Processing file /home/airflow/.local/lib/python3.12/site-packages/airflow/example_dags/example_latest_only_with_trigger.py for tasks to queue
[2025-04-08T01:41:07.533+0000] {logging_mixin.py:190} INFO - [2025-04-08T01:41:07.532+0000] {dagbag.py:588} INFO - Filling up the DagBag from /home/airflow/.local/lib/python3.12/site-packages/airflow/example_dags/example_latest_only_with_trigger.py
[2025-04-08T01:41:07.570+0000] {processor.py:925} INFO - DAG(s) 'latest_only_with_trigger' retrieved from /home/airflow/.local/lib/python3.12/site-packages/airflow/example_dags/example_latest_only_with_trigger.py
[2025-04-08T01:41:07.676+0000] {logging_mixin.py:190} INFO - [2025-04-08T01:41:07.675+0000] {dag.py:3239} INFO - Sync 1 DAGs
[2025-04-08T01:41:07.776+0000] {logging_mixin.py:190} INFO - [2025-04-08T01:41:07.775+0000] {dag.py:4180} INFO - Setting next_dagrun for latest_only_with_trigger to 2025-04-07 20:00:00+00:00, run_after=2025-04-08 00:00:00+00:00
[2025-04-08T01:41:07.861+0000] {processor.py:208} INFO - Processing /home/airflow/.local/lib/python3.12/site-packages/airflow/example_dags/example_latest_only_with_trigger.py took 0.367 seconds
[2025-04-08T01:41:39.021+0000] {processor.py:186} INFO - Started process (PID=9756) to work on /home/airflow/.local/lib/python3.12/site-packages/airflow/example_dags/example_latest_only_with_trigger.py
[2025-04-08T01:41:39.025+0000] {processor.py:914} INFO - Processing file /home/airflow/.local/lib/python3.12/site-packages/airflow/example_dags/example_latest_only_with_trigger.py for tasks to queue
[2025-04-08T01:41:39.034+0000] {logging_mixin.py:190} INFO - [2025-04-08T01:41:39.031+0000] {dagbag.py:588} INFO - Filling up the DagBag from /home/airflow/.local/lib/python3.12/site-packages/airflow/example_dags/example_latest_only_with_trigger.py
[2025-04-08T01:41:39.066+0000] {processor.py:925} INFO - DAG(s) 'latest_only_with_trigger' retrieved from /home/airflow/.local/lib/python3.12/site-packages/airflow/example_dags/example_latest_only_with_trigger.py
[2025-04-08T01:41:39.163+0000] {logging_mixin.py:190} INFO - [2025-04-08T01:41:39.162+0000] {dag.py:3239} INFO - Sync 1 DAGs
[2025-04-08T01:41:39.306+0000] {logging_mixin.py:190} INFO - [2025-04-08T01:41:39.306+0000] {dag.py:4180} INFO - Setting next_dagrun for latest_only_with_trigger to 2025-04-07 20:00:00+00:00, run_after=2025-04-08 00:00:00+00:00
[2025-04-08T01:41:39.403+0000] {processor.py:208} INFO - Processing /home/airflow/.local/lib/python3.12/site-packages/airflow/example_dags/example_latest_only_with_trigger.py took 0.407 seconds
[2025-04-08T01:42:10.686+0000] {processor.py:186} INFO - Started process (PID=9817) to work on /home/airflow/.local/lib/python3.12/site-packages/airflow/example_dags/example_latest_only_with_trigger.py
[2025-04-08T01:42:10.692+0000] {processor.py:914} INFO - Processing file /home/airflow/.local/lib/python3.12/site-packages/airflow/example_dags/example_latest_only_with_trigger.py for tasks to queue
[2025-04-08T01:42:10.701+0000] {logging_mixin.py:190} INFO - [2025-04-08T01:42:10.699+0000] {dagbag.py:588} INFO - Filling up the DagBag from /home/airflow/.local/lib/python3.12/site-packages/airflow/example_dags/example_latest_only_with_trigger.py
[2025-04-08T01:42:10.748+0000] {processor.py:925} INFO - DAG(s) 'latest_only_with_trigger' retrieved from /home/airflow/.local/lib/python3.12/site-packages/airflow/example_dags/example_latest_only_with_trigger.py
[2025-04-08T01:42:10.862+0000] {logging_mixin.py:190} INFO - [2025-04-08T01:42:10.860+0000] {dag.py:3239} INFO - Sync 1 DAGs
[2025-04-08T01:42:11.044+0000] {logging_mixin.py:190} INFO - [2025-04-08T01:42:11.042+0000] {dag.py:4180} INFO - Setting next_dagrun for latest_only_with_trigger to 2025-04-07 20:00:00+00:00, run_after=2025-04-08 00:00:00+00:00
[2025-04-08T01:42:11.188+0000] {processor.py:208} INFO - Processing /home/airflow/.local/lib/python3.12/site-packages/airflow/example_dags/example_latest_only_with_trigger.py took 0.535 seconds
[2025-04-08T01:42:52.509+0000] {processor.py:186} INFO - Started process (PID=9881) to work on /home/airflow/.local/lib/python3.12/site-packages/airflow/example_dags/example_latest_only_with_trigger.py
[2025-04-08T01:42:52.519+0000] {processor.py:914} INFO - Processing file /home/airflow/.local/lib/python3.12/site-packages/airflow/example_dags/example_latest_only_with_trigger.py for tasks to queue
[2025-04-08T01:42:52.525+0000] {logging_mixin.py:190} INFO - [2025-04-08T01:42:52.524+0000] {dagbag.py:588} INFO - Filling up the DagBag from /home/airflow/.local/lib/python3.12/site-packages/airflow/example_dags/example_latest_only_with_trigger.py
[2025-04-08T01:42:52.685+0000] {processor.py:925} INFO - DAG(s) 'latest_only_with_trigger' retrieved from /home/airflow/.local/lib/python3.12/site-packages/airflow/example_dags/example_latest_only_with_trigger.py
[2025-04-08T01:42:52.969+0000] {logging_mixin.py:190} INFO - [2025-04-08T01:42:52.967+0000] {dag.py:3239} INFO - Sync 1 DAGs
[2025-04-08T01:42:53.355+0000] {logging_mixin.py:190} INFO - [2025-04-08T01:42:53.354+0000] {dag.py:4180} INFO - Setting next_dagrun for latest_only_with_trigger to 2025-04-07 20:00:00+00:00, run_after=2025-04-08 00:00:00+00:00
[2025-04-08T01:42:53.659+0000] {processor.py:208} INFO - Processing /home/airflow/.local/lib/python3.12/site-packages/airflow/example_dags/example_latest_only_with_trigger.py took 1.313 seconds
