[2025-04-08T00:26:25.800+0000] {processor.py:186} INFO - Started process (PID=5803) to work on /home/airflow/.local/lib/python3.12/site-packages/airflow/example_dags/tutorial.py
[2025-04-08T00:26:25.803+0000] {processor.py:914} INFO - Processing file /home/airflow/.local/lib/python3.12/site-packages/airflow/example_dags/tutorial.py for tasks to queue
[2025-04-08T00:26:25.811+0000] {logging_mixin.py:190} INFO - [2025-04-08T00:26:25.809+0000] {dagbag.py:588} INFO - Filling up the DagBag from /home/airflow/.local/lib/python3.12/site-packages/airflow/example_dags/tutorial.py
[2025-04-08T00:26:25.836+0000] {processor.py:925} INFO - DAG(s) 'tutorial' retrieved from /home/airflow/.local/lib/python3.12/site-packages/airflow/example_dags/tutorial.py
[2025-04-08T00:26:25.896+0000] {logging_mixin.py:190} INFO - [2025-04-08T00:26:25.894+0000] {dag.py:3239} INFO - Sync 1 DAGs
[2025-04-08T00:26:25.954+0000] {logging_mixin.py:190} INFO - [2025-04-08T00:26:25.953+0000] {dag.py:4180} INFO - Setting next_dagrun for tutorial to 2025-04-07 00:00:00+00:00, run_after=2025-04-08 00:00:00+00:00
[2025-04-08T00:26:26.019+0000] {processor.py:208} INFO - Processing /home/airflow/.local/lib/python3.12/site-packages/airflow/example_dags/tutorial.py took 0.234 seconds
[2025-04-08T00:43:52.263+0000] {processor.py:186} INFO - Started process (PID=5881) to work on /home/airflow/.local/lib/python3.12/site-packages/airflow/example_dags/tutorial.py
[2025-04-08T00:43:52.300+0000] {processor.py:914} INFO - Processing file /home/airflow/.local/lib/python3.12/site-packages/airflow/example_dags/tutorial.py for tasks to queue
[2025-04-08T00:43:52.305+0000] {logging_mixin.py:190} INFO - [2025-04-08T00:43:52.304+0000] {dagbag.py:588} INFO - Filling up the DagBag from /home/airflow/.local/lib/python3.12/site-packages/airflow/example_dags/tutorial.py
[2025-04-08T00:43:52.326+0000] {processor.py:925} INFO - DAG(s) 'tutorial' retrieved from /home/airflow/.local/lib/python3.12/site-packages/airflow/example_dags/tutorial.py
[2025-04-08T00:43:52.366+0000] {logging_mixin.py:190} INFO - [2025-04-08T00:43:52.366+0000] {dag.py:3239} INFO - Sync 1 DAGs
[2025-04-08T00:43:52.399+0000] {logging_mixin.py:190} INFO - [2025-04-08T00:43:52.399+0000] {dag.py:4180} INFO - Setting next_dagrun for tutorial to 2025-04-07 00:00:00+00:00, run_after=2025-04-08 00:00:00+00:00
[2025-04-08T00:43:52.687+0000] {processor.py:208} INFO - Processing /home/airflow/.local/lib/python3.12/site-packages/airflow/example_dags/tutorial.py took 0.434 seconds
[2025-04-08T00:44:22.837+0000] {processor.py:186} INFO - Started process (PID=5943) to work on /home/airflow/.local/lib/python3.12/site-packages/airflow/example_dags/tutorial.py
[2025-04-08T00:44:22.842+0000] {processor.py:914} INFO - Processing file /home/airflow/.local/lib/python3.12/site-packages/airflow/example_dags/tutorial.py for tasks to queue
[2025-04-08T00:44:22.849+0000] {logging_mixin.py:190} INFO - [2025-04-08T00:44:22.848+0000] {dagbag.py:588} INFO - Filling up the DagBag from /home/airflow/.local/lib/python3.12/site-packages/airflow/example_dags/tutorial.py
[2025-04-08T00:44:22.883+0000] {processor.py:925} INFO - DAG(s) 'tutorial' retrieved from /home/airflow/.local/lib/python3.12/site-packages/airflow/example_dags/tutorial.py
[2025-04-08T00:44:22.985+0000] {logging_mixin.py:190} INFO - [2025-04-08T00:44:22.984+0000] {dag.py:3239} INFO - Sync 1 DAGs
[2025-04-08T00:44:23.093+0000] {logging_mixin.py:190} INFO - [2025-04-08T00:44:23.092+0000] {dag.py:4180} INFO - Setting next_dagrun for tutorial to 2025-04-07 00:00:00+00:00, run_after=2025-04-08 00:00:00+00:00
[2025-04-08T00:44:23.211+0000] {processor.py:208} INFO - Processing /home/airflow/.local/lib/python3.12/site-packages/airflow/example_dags/tutorial.py took 0.399 seconds
[2025-04-08T00:44:53.540+0000] {processor.py:186} INFO - Started process (PID=6006) to work on /home/airflow/.local/lib/python3.12/site-packages/airflow/example_dags/tutorial.py
[2025-04-08T00:44:53.541+0000] {processor.py:914} INFO - Processing file /home/airflow/.local/lib/python3.12/site-packages/airflow/example_dags/tutorial.py for tasks to queue
[2025-04-08T00:44:53.542+0000] {logging_mixin.py:190} INFO - [2025-04-08T00:44:53.542+0000] {dagbag.py:588} INFO - Filling up the DagBag from /home/airflow/.local/lib/python3.12/site-packages/airflow/example_dags/tutorial.py
[2025-04-08T00:44:53.552+0000] {processor.py:925} INFO - DAG(s) 'tutorial' retrieved from /home/airflow/.local/lib/python3.12/site-packages/airflow/example_dags/tutorial.py
[2025-04-08T00:44:53.571+0000] {logging_mixin.py:190} INFO - [2025-04-08T00:44:53.571+0000] {dag.py:3239} INFO - Sync 1 DAGs
[2025-04-08T00:44:53.592+0000] {logging_mixin.py:190} INFO - [2025-04-08T00:44:53.592+0000] {dag.py:4180} INFO - Setting next_dagrun for tutorial to 2025-04-07 00:00:00+00:00, run_after=2025-04-08 00:00:00+00:00
[2025-04-08T00:44:53.612+0000] {processor.py:208} INFO - Processing /home/airflow/.local/lib/python3.12/site-packages/airflow/example_dags/tutorial.py took 0.080 seconds
[2025-04-08T00:45:24.279+0000] {processor.py:186} INFO - Started process (PID=6069) to work on /home/airflow/.local/lib/python3.12/site-packages/airflow/example_dags/tutorial.py
[2025-04-08T00:45:24.280+0000] {processor.py:914} INFO - Processing file /home/airflow/.local/lib/python3.12/site-packages/airflow/example_dags/tutorial.py for tasks to queue
[2025-04-08T00:45:24.281+0000] {logging_mixin.py:190} INFO - [2025-04-08T00:45:24.281+0000] {dagbag.py:588} INFO - Filling up the DagBag from /home/airflow/.local/lib/python3.12/site-packages/airflow/example_dags/tutorial.py
[2025-04-08T00:45:24.290+0000] {processor.py:925} INFO - DAG(s) 'tutorial' retrieved from /home/airflow/.local/lib/python3.12/site-packages/airflow/example_dags/tutorial.py
[2025-04-08T00:45:24.311+0000] {logging_mixin.py:190} INFO - [2025-04-08T00:45:24.310+0000] {dag.py:3239} INFO - Sync 1 DAGs
[2025-04-08T00:45:24.333+0000] {logging_mixin.py:190} INFO - [2025-04-08T00:45:24.333+0000] {dag.py:4180} INFO - Setting next_dagrun for tutorial to 2025-04-07 00:00:00+00:00, run_after=2025-04-08 00:00:00+00:00
[2025-04-08T00:45:24.356+0000] {processor.py:208} INFO - Processing /home/airflow/.local/lib/python3.12/site-packages/airflow/example_dags/tutorial.py took 0.085 seconds
[2025-04-08T00:45:55.085+0000] {processor.py:186} INFO - Started process (PID=6132) to work on /home/airflow/.local/lib/python3.12/site-packages/airflow/example_dags/tutorial.py
[2025-04-08T00:45:55.087+0000] {processor.py:914} INFO - Processing file /home/airflow/.local/lib/python3.12/site-packages/airflow/example_dags/tutorial.py for tasks to queue
[2025-04-08T00:45:55.089+0000] {logging_mixin.py:190} INFO - [2025-04-08T00:45:55.088+0000] {dagbag.py:588} INFO - Filling up the DagBag from /home/airflow/.local/lib/python3.12/site-packages/airflow/example_dags/tutorial.py
[2025-04-08T00:45:55.110+0000] {processor.py:925} INFO - DAG(s) 'tutorial' retrieved from /home/airflow/.local/lib/python3.12/site-packages/airflow/example_dags/tutorial.py
[2025-04-08T00:45:55.145+0000] {logging_mixin.py:190} INFO - [2025-04-08T00:45:55.145+0000] {dag.py:3239} INFO - Sync 1 DAGs
[2025-04-08T00:45:55.205+0000] {logging_mixin.py:190} INFO - [2025-04-08T00:45:55.205+0000] {dag.py:4180} INFO - Setting next_dagrun for tutorial to 2025-04-07 00:00:00+00:00, run_after=2025-04-08 00:00:00+00:00
[2025-04-08T00:45:55.247+0000] {processor.py:208} INFO - Processing /home/airflow/.local/lib/python3.12/site-packages/airflow/example_dags/tutorial.py took 0.170 seconds
[2025-04-08T00:46:25.386+0000] {processor.py:186} INFO - Started process (PID=6194) to work on /home/airflow/.local/lib/python3.12/site-packages/airflow/example_dags/tutorial.py
[2025-04-08T00:46:25.387+0000] {processor.py:914} INFO - Processing file /home/airflow/.local/lib/python3.12/site-packages/airflow/example_dags/tutorial.py for tasks to queue
[2025-04-08T00:46:25.389+0000] {logging_mixin.py:190} INFO - [2025-04-08T00:46:25.388+0000] {dagbag.py:588} INFO - Filling up the DagBag from /home/airflow/.local/lib/python3.12/site-packages/airflow/example_dags/tutorial.py
[2025-04-08T00:46:25.397+0000] {processor.py:925} INFO - DAG(s) 'tutorial' retrieved from /home/airflow/.local/lib/python3.12/site-packages/airflow/example_dags/tutorial.py
[2025-04-08T00:46:25.415+0000] {logging_mixin.py:190} INFO - [2025-04-08T00:46:25.415+0000] {dag.py:3239} INFO - Sync 1 DAGs
[2025-04-08T00:46:25.436+0000] {logging_mixin.py:190} INFO - [2025-04-08T00:46:25.435+0000] {dag.py:4180} INFO - Setting next_dagrun for tutorial to 2025-04-07 00:00:00+00:00, run_after=2025-04-08 00:00:00+00:00
[2025-04-08T00:46:25.454+0000] {processor.py:208} INFO - Processing /home/airflow/.local/lib/python3.12/site-packages/airflow/example_dags/tutorial.py took 0.072 seconds
[2025-04-08T00:46:55.592+0000] {processor.py:186} INFO - Started process (PID=6257) to work on /home/airflow/.local/lib/python3.12/site-packages/airflow/example_dags/tutorial.py
[2025-04-08T00:46:55.594+0000] {processor.py:914} INFO - Processing file /home/airflow/.local/lib/python3.12/site-packages/airflow/example_dags/tutorial.py for tasks to queue
[2025-04-08T00:46:55.596+0000] {logging_mixin.py:190} INFO - [2025-04-08T00:46:55.595+0000] {dagbag.py:588} INFO - Filling up the DagBag from /home/airflow/.local/lib/python3.12/site-packages/airflow/example_dags/tutorial.py
[2025-04-08T00:46:55.611+0000] {processor.py:925} INFO - DAG(s) 'tutorial' retrieved from /home/airflow/.local/lib/python3.12/site-packages/airflow/example_dags/tutorial.py
[2025-04-08T00:46:55.640+0000] {logging_mixin.py:190} INFO - [2025-04-08T00:46:55.639+0000] {dag.py:3239} INFO - Sync 1 DAGs
[2025-04-08T00:46:55.675+0000] {logging_mixin.py:190} INFO - [2025-04-08T00:46:55.675+0000] {dag.py:4180} INFO - Setting next_dagrun for tutorial to 2025-04-07 00:00:00+00:00, run_after=2025-04-08 00:00:00+00:00
[2025-04-08T00:46:55.706+0000] {processor.py:208} INFO - Processing /home/airflow/.local/lib/python3.12/site-packages/airflow/example_dags/tutorial.py took 0.120 seconds
[2025-04-08T00:47:26.040+0000] {processor.py:186} INFO - Started process (PID=6320) to work on /home/airflow/.local/lib/python3.12/site-packages/airflow/example_dags/tutorial.py
[2025-04-08T00:47:26.042+0000] {processor.py:914} INFO - Processing file /home/airflow/.local/lib/python3.12/site-packages/airflow/example_dags/tutorial.py for tasks to queue
[2025-04-08T00:47:26.044+0000] {logging_mixin.py:190} INFO - [2025-04-08T00:47:26.043+0000] {dagbag.py:588} INFO - Filling up the DagBag from /home/airflow/.local/lib/python3.12/site-packages/airflow/example_dags/tutorial.py
[2025-04-08T00:47:26.057+0000] {processor.py:925} INFO - DAG(s) 'tutorial' retrieved from /home/airflow/.local/lib/python3.12/site-packages/airflow/example_dags/tutorial.py
[2025-04-08T00:47:26.085+0000] {logging_mixin.py:190} INFO - [2025-04-08T00:47:26.084+0000] {dag.py:3239} INFO - Sync 1 DAGs
[2025-04-08T00:47:26.116+0000] {logging_mixin.py:190} INFO - [2025-04-08T00:47:26.116+0000] {dag.py:4180} INFO - Setting next_dagrun for tutorial to 2025-04-07 00:00:00+00:00, run_after=2025-04-08 00:00:00+00:00
[2025-04-08T00:47:26.145+0000] {processor.py:208} INFO - Processing /home/airflow/.local/lib/python3.12/site-packages/airflow/example_dags/tutorial.py took 0.113 seconds
[2025-04-08T00:47:56.696+0000] {processor.py:186} INFO - Started process (PID=6382) to work on /home/airflow/.local/lib/python3.12/site-packages/airflow/example_dags/tutorial.py
[2025-04-08T00:47:56.698+0000] {processor.py:914} INFO - Processing file /home/airflow/.local/lib/python3.12/site-packages/airflow/example_dags/tutorial.py for tasks to queue
[2025-04-08T00:47:56.700+0000] {logging_mixin.py:190} INFO - [2025-04-08T00:47:56.700+0000] {dagbag.py:588} INFO - Filling up the DagBag from /home/airflow/.local/lib/python3.12/site-packages/airflow/example_dags/tutorial.py
[2025-04-08T00:47:56.718+0000] {processor.py:925} INFO - DAG(s) 'tutorial' retrieved from /home/airflow/.local/lib/python3.12/site-packages/airflow/example_dags/tutorial.py
[2025-04-08T00:47:56.748+0000] {logging_mixin.py:190} INFO - [2025-04-08T00:47:56.748+0000] {dag.py:3239} INFO - Sync 1 DAGs
[2025-04-08T00:47:56.779+0000] {logging_mixin.py:190} INFO - [2025-04-08T00:47:56.778+0000] {dag.py:4180} INFO - Setting next_dagrun for tutorial to 2025-04-07 00:00:00+00:00, run_after=2025-04-08 00:00:00+00:00
[2025-04-08T00:47:56.805+0000] {processor.py:208} INFO - Processing /home/airflow/.local/lib/python3.12/site-packages/airflow/example_dags/tutorial.py took 0.119 seconds
[2025-04-08T00:48:27.810+0000] {processor.py:186} INFO - Started process (PID=6445) to work on /home/airflow/.local/lib/python3.12/site-packages/airflow/example_dags/tutorial.py
[2025-04-08T00:48:27.812+0000] {processor.py:914} INFO - Processing file /home/airflow/.local/lib/python3.12/site-packages/airflow/example_dags/tutorial.py for tasks to queue
[2025-04-08T00:48:27.815+0000] {logging_mixin.py:190} INFO - [2025-04-08T00:48:27.814+0000] {dagbag.py:588} INFO - Filling up the DagBag from /home/airflow/.local/lib/python3.12/site-packages/airflow/example_dags/tutorial.py
[2025-04-08T00:48:27.828+0000] {processor.py:925} INFO - DAG(s) 'tutorial' retrieved from /home/airflow/.local/lib/python3.12/site-packages/airflow/example_dags/tutorial.py
[2025-04-08T00:48:27.851+0000] {logging_mixin.py:190} INFO - [2025-04-08T00:48:27.850+0000] {dag.py:3239} INFO - Sync 1 DAGs
[2025-04-08T00:48:27.878+0000] {logging_mixin.py:190} INFO - [2025-04-08T00:48:27.877+0000] {dag.py:4180} INFO - Setting next_dagrun for tutorial to 2025-04-07 00:00:00+00:00, run_after=2025-04-08 00:00:00+00:00
[2025-04-08T00:48:27.913+0000] {processor.py:208} INFO - Processing /home/airflow/.local/lib/python3.12/site-packages/airflow/example_dags/tutorial.py took 0.109 seconds
[2025-04-08T00:48:58.705+0000] {processor.py:186} INFO - Started process (PID=6508) to work on /home/airflow/.local/lib/python3.12/site-packages/airflow/example_dags/tutorial.py
[2025-04-08T00:48:58.707+0000] {processor.py:914} INFO - Processing file /home/airflow/.local/lib/python3.12/site-packages/airflow/example_dags/tutorial.py for tasks to queue
[2025-04-08T00:48:58.710+0000] {logging_mixin.py:190} INFO - [2025-04-08T00:48:58.709+0000] {dagbag.py:588} INFO - Filling up the DagBag from /home/airflow/.local/lib/python3.12/site-packages/airflow/example_dags/tutorial.py
[2025-04-08T00:48:58.722+0000] {processor.py:925} INFO - DAG(s) 'tutorial' retrieved from /home/airflow/.local/lib/python3.12/site-packages/airflow/example_dags/tutorial.py
[2025-04-08T00:48:58.752+0000] {logging_mixin.py:190} INFO - [2025-04-08T00:48:58.752+0000] {dag.py:3239} INFO - Sync 1 DAGs
[2025-04-08T00:48:58.785+0000] {logging_mixin.py:190} INFO - [2025-04-08T00:48:58.784+0000] {dag.py:4180} INFO - Setting next_dagrun for tutorial to 2025-04-07 00:00:00+00:00, run_after=2025-04-08 00:00:00+00:00
[2025-04-08T00:48:58.821+0000] {processor.py:208} INFO - Processing /home/airflow/.local/lib/python3.12/site-packages/airflow/example_dags/tutorial.py took 0.121 seconds
[2025-04-08T00:49:29.150+0000] {processor.py:186} INFO - Started process (PID=6571) to work on /home/airflow/.local/lib/python3.12/site-packages/airflow/example_dags/tutorial.py
[2025-04-08T00:49:29.151+0000] {processor.py:914} INFO - Processing file /home/airflow/.local/lib/python3.12/site-packages/airflow/example_dags/tutorial.py for tasks to queue
[2025-04-08T00:49:29.154+0000] {logging_mixin.py:190} INFO - [2025-04-08T00:49:29.153+0000] {dagbag.py:588} INFO - Filling up the DagBag from /home/airflow/.local/lib/python3.12/site-packages/airflow/example_dags/tutorial.py
[2025-04-08T00:49:29.170+0000] {processor.py:925} INFO - DAG(s) 'tutorial' retrieved from /home/airflow/.local/lib/python3.12/site-packages/airflow/example_dags/tutorial.py
[2025-04-08T00:49:29.198+0000] {logging_mixin.py:190} INFO - [2025-04-08T00:49:29.197+0000] {dag.py:3239} INFO - Sync 1 DAGs
[2025-04-08T00:49:29.235+0000] {logging_mixin.py:190} INFO - [2025-04-08T00:49:29.234+0000] {dag.py:4180} INFO - Setting next_dagrun for tutorial to 2025-04-07 00:00:00+00:00, run_after=2025-04-08 00:00:00+00:00
[2025-04-08T00:49:29.261+0000] {processor.py:208} INFO - Processing /home/airflow/.local/lib/python3.12/site-packages/airflow/example_dags/tutorial.py took 0.118 seconds
[2025-04-08T00:50:00.069+0000] {processor.py:186} INFO - Started process (PID=6634) to work on /home/airflow/.local/lib/python3.12/site-packages/airflow/example_dags/tutorial.py
[2025-04-08T00:50:00.070+0000] {processor.py:914} INFO - Processing file /home/airflow/.local/lib/python3.12/site-packages/airflow/example_dags/tutorial.py for tasks to queue
[2025-04-08T00:50:00.071+0000] {logging_mixin.py:190} INFO - [2025-04-08T00:50:00.071+0000] {dagbag.py:588} INFO - Filling up the DagBag from /home/airflow/.local/lib/python3.12/site-packages/airflow/example_dags/tutorial.py
[2025-04-08T00:50:00.081+0000] {processor.py:925} INFO - DAG(s) 'tutorial' retrieved from /home/airflow/.local/lib/python3.12/site-packages/airflow/example_dags/tutorial.py
[2025-04-08T00:50:00.112+0000] {logging_mixin.py:190} INFO - [2025-04-08T00:50:00.112+0000] {dag.py:3239} INFO - Sync 1 DAGs
[2025-04-08T00:50:00.144+0000] {logging_mixin.py:190} INFO - [2025-04-08T00:50:00.143+0000] {dag.py:4180} INFO - Setting next_dagrun for tutorial to 2025-04-07 00:00:00+00:00, run_after=2025-04-08 00:00:00+00:00
[2025-04-08T00:50:00.172+0000] {processor.py:208} INFO - Processing /home/airflow/.local/lib/python3.12/site-packages/airflow/example_dags/tutorial.py took 0.110 seconds
[2025-04-08T00:50:30.256+0000] {processor.py:186} INFO - Started process (PID=6697) to work on /home/airflow/.local/lib/python3.12/site-packages/airflow/example_dags/tutorial.py
[2025-04-08T00:50:30.257+0000] {processor.py:914} INFO - Processing file /home/airflow/.local/lib/python3.12/site-packages/airflow/example_dags/tutorial.py for tasks to queue
[2025-04-08T00:50:30.258+0000] {logging_mixin.py:190} INFO - [2025-04-08T00:50:30.258+0000] {dagbag.py:588} INFO - Filling up the DagBag from /home/airflow/.local/lib/python3.12/site-packages/airflow/example_dags/tutorial.py
[2025-04-08T00:50:30.268+0000] {processor.py:925} INFO - DAG(s) 'tutorial' retrieved from /home/airflow/.local/lib/python3.12/site-packages/airflow/example_dags/tutorial.py
[2025-04-08T00:50:30.290+0000] {logging_mixin.py:190} INFO - [2025-04-08T00:50:30.289+0000] {dag.py:3239} INFO - Sync 1 DAGs
[2025-04-08T00:50:30.314+0000] {logging_mixin.py:190} INFO - [2025-04-08T00:50:30.313+0000] {dag.py:4180} INFO - Setting next_dagrun for tutorial to 2025-04-07 00:00:00+00:00, run_after=2025-04-08 00:00:00+00:00
[2025-04-08T00:50:30.350+0000] {processor.py:208} INFO - Processing /home/airflow/.local/lib/python3.12/site-packages/airflow/example_dags/tutorial.py took 0.098 seconds
[2025-04-08T00:51:00.654+0000] {processor.py:186} INFO - Started process (PID=6760) to work on /home/airflow/.local/lib/python3.12/site-packages/airflow/example_dags/tutorial.py
[2025-04-08T00:51:00.656+0000] {processor.py:914} INFO - Processing file /home/airflow/.local/lib/python3.12/site-packages/airflow/example_dags/tutorial.py for tasks to queue
[2025-04-08T00:51:00.658+0000] {logging_mixin.py:190} INFO - [2025-04-08T00:51:00.657+0000] {dagbag.py:588} INFO - Filling up the DagBag from /home/airflow/.local/lib/python3.12/site-packages/airflow/example_dags/tutorial.py
[2025-04-08T00:51:00.668+0000] {processor.py:925} INFO - DAG(s) 'tutorial' retrieved from /home/airflow/.local/lib/python3.12/site-packages/airflow/example_dags/tutorial.py
[2025-04-08T00:51:00.695+0000] {logging_mixin.py:190} INFO - [2025-04-08T00:51:00.695+0000] {dag.py:3239} INFO - Sync 1 DAGs
[2025-04-08T00:51:00.723+0000] {logging_mixin.py:190} INFO - [2025-04-08T00:51:00.723+0000] {dag.py:4180} INFO - Setting next_dagrun for tutorial to 2025-04-07 00:00:00+00:00, run_after=2025-04-08 00:00:00+00:00
[2025-04-08T00:51:00.750+0000] {processor.py:208} INFO - Processing /home/airflow/.local/lib/python3.12/site-packages/airflow/example_dags/tutorial.py took 0.103 seconds
[2025-04-08T00:51:31.181+0000] {processor.py:186} INFO - Started process (PID=6823) to work on /home/airflow/.local/lib/python3.12/site-packages/airflow/example_dags/tutorial.py
[2025-04-08T00:51:31.182+0000] {processor.py:914} INFO - Processing file /home/airflow/.local/lib/python3.12/site-packages/airflow/example_dags/tutorial.py for tasks to queue
[2025-04-08T00:51:31.184+0000] {logging_mixin.py:190} INFO - [2025-04-08T00:51:31.184+0000] {dagbag.py:588} INFO - Filling up the DagBag from /home/airflow/.local/lib/python3.12/site-packages/airflow/example_dags/tutorial.py
[2025-04-08T00:51:31.197+0000] {processor.py:925} INFO - DAG(s) 'tutorial' retrieved from /home/airflow/.local/lib/python3.12/site-packages/airflow/example_dags/tutorial.py
[2025-04-08T00:51:31.219+0000] {logging_mixin.py:190} INFO - [2025-04-08T00:51:31.219+0000] {dag.py:3239} INFO - Sync 1 DAGs
[2025-04-08T00:51:31.249+0000] {logging_mixin.py:190} INFO - [2025-04-08T00:51:31.249+0000] {dag.py:4180} INFO - Setting next_dagrun for tutorial to 2025-04-07 00:00:00+00:00, run_after=2025-04-08 00:00:00+00:00
[2025-04-08T00:51:31.279+0000] {processor.py:208} INFO - Processing /home/airflow/.local/lib/python3.12/site-packages/airflow/example_dags/tutorial.py took 0.110 seconds
[2025-04-08T00:52:01.861+0000] {processor.py:186} INFO - Started process (PID=6886) to work on /home/airflow/.local/lib/python3.12/site-packages/airflow/example_dags/tutorial.py
[2025-04-08T00:52:01.862+0000] {processor.py:914} INFO - Processing file /home/airflow/.local/lib/python3.12/site-packages/airflow/example_dags/tutorial.py for tasks to queue
[2025-04-08T00:52:01.864+0000] {logging_mixin.py:190} INFO - [2025-04-08T00:52:01.863+0000] {dagbag.py:588} INFO - Filling up the DagBag from /home/airflow/.local/lib/python3.12/site-packages/airflow/example_dags/tutorial.py
[2025-04-08T00:52:01.872+0000] {processor.py:925} INFO - DAG(s) 'tutorial' retrieved from /home/airflow/.local/lib/python3.12/site-packages/airflow/example_dags/tutorial.py
[2025-04-08T00:52:01.897+0000] {logging_mixin.py:190} INFO - [2025-04-08T00:52:01.896+0000] {dag.py:3239} INFO - Sync 1 DAGs
[2025-04-08T00:52:01.924+0000] {logging_mixin.py:190} INFO - [2025-04-08T00:52:01.923+0000] {dag.py:4180} INFO - Setting next_dagrun for tutorial to 2025-04-07 00:00:00+00:00, run_after=2025-04-08 00:00:00+00:00
[2025-04-08T00:52:01.946+0000] {processor.py:208} INFO - Processing /home/airflow/.local/lib/python3.12/site-packages/airflow/example_dags/tutorial.py took 0.091 seconds
[2025-04-08T00:52:32.305+0000] {processor.py:186} INFO - Started process (PID=6949) to work on /home/airflow/.local/lib/python3.12/site-packages/airflow/example_dags/tutorial.py
[2025-04-08T00:52:32.306+0000] {processor.py:914} INFO - Processing file /home/airflow/.local/lib/python3.12/site-packages/airflow/example_dags/tutorial.py for tasks to queue
[2025-04-08T00:52:32.308+0000] {logging_mixin.py:190} INFO - [2025-04-08T00:52:32.308+0000] {dagbag.py:588} INFO - Filling up the DagBag from /home/airflow/.local/lib/python3.12/site-packages/airflow/example_dags/tutorial.py
[2025-04-08T00:52:32.320+0000] {processor.py:925} INFO - DAG(s) 'tutorial' retrieved from /home/airflow/.local/lib/python3.12/site-packages/airflow/example_dags/tutorial.py
[2025-04-08T00:52:32.351+0000] {logging_mixin.py:190} INFO - [2025-04-08T00:52:32.349+0000] {dag.py:3239} INFO - Sync 1 DAGs
[2025-04-08T00:52:32.387+0000] {logging_mixin.py:190} INFO - [2025-04-08T00:52:32.386+0000] {dag.py:4180} INFO - Setting next_dagrun for tutorial to 2025-04-07 00:00:00+00:00, run_after=2025-04-08 00:00:00+00:00
[2025-04-08T00:52:32.422+0000] {processor.py:208} INFO - Processing /home/airflow/.local/lib/python3.12/site-packages/airflow/example_dags/tutorial.py took 0.126 seconds
[2025-04-08T00:53:02.619+0000] {processor.py:186} INFO - Started process (PID=7011) to work on /home/airflow/.local/lib/python3.12/site-packages/airflow/example_dags/tutorial.py
[2025-04-08T00:53:02.621+0000] {processor.py:914} INFO - Processing file /home/airflow/.local/lib/python3.12/site-packages/airflow/example_dags/tutorial.py for tasks to queue
[2025-04-08T00:53:02.623+0000] {logging_mixin.py:190} INFO - [2025-04-08T00:53:02.622+0000] {dagbag.py:588} INFO - Filling up the DagBag from /home/airflow/.local/lib/python3.12/site-packages/airflow/example_dags/tutorial.py
[2025-04-08T00:53:02.639+0000] {processor.py:925} INFO - DAG(s) 'tutorial' retrieved from /home/airflow/.local/lib/python3.12/site-packages/airflow/example_dags/tutorial.py
[2025-04-08T00:53:02.666+0000] {logging_mixin.py:190} INFO - [2025-04-08T00:53:02.666+0000] {dag.py:3239} INFO - Sync 1 DAGs
[2025-04-08T00:53:02.696+0000] {logging_mixin.py:190} INFO - [2025-04-08T00:53:02.696+0000] {dag.py:4180} INFO - Setting next_dagrun for tutorial to 2025-04-07 00:00:00+00:00, run_after=2025-04-08 00:00:00+00:00
[2025-04-08T00:53:02.724+0000] {processor.py:208} INFO - Processing /home/airflow/.local/lib/python3.12/site-packages/airflow/example_dags/tutorial.py took 0.111 seconds
[2025-04-08T00:53:32.785+0000] {processor.py:186} INFO - Started process (PID=7074) to work on /home/airflow/.local/lib/python3.12/site-packages/airflow/example_dags/tutorial.py
[2025-04-08T00:53:32.786+0000] {processor.py:914} INFO - Processing file /home/airflow/.local/lib/python3.12/site-packages/airflow/example_dags/tutorial.py for tasks to queue
[2025-04-08T00:53:32.787+0000] {logging_mixin.py:190} INFO - [2025-04-08T00:53:32.787+0000] {dagbag.py:588} INFO - Filling up the DagBag from /home/airflow/.local/lib/python3.12/site-packages/airflow/example_dags/tutorial.py
[2025-04-08T00:53:32.800+0000] {processor.py:925} INFO - DAG(s) 'tutorial' retrieved from /home/airflow/.local/lib/python3.12/site-packages/airflow/example_dags/tutorial.py
[2025-04-08T00:53:32.823+0000] {logging_mixin.py:190} INFO - [2025-04-08T00:53:32.823+0000] {dag.py:3239} INFO - Sync 1 DAGs
[2025-04-08T00:53:32.852+0000] {logging_mixin.py:190} INFO - [2025-04-08T00:53:32.852+0000] {dag.py:4180} INFO - Setting next_dagrun for tutorial to 2025-04-07 00:00:00+00:00, run_after=2025-04-08 00:00:00+00:00
[2025-04-08T00:53:32.874+0000] {processor.py:208} INFO - Processing /home/airflow/.local/lib/python3.12/site-packages/airflow/example_dags/tutorial.py took 0.096 seconds
[2025-04-08T00:54:03.203+0000] {processor.py:186} INFO - Started process (PID=7136) to work on /home/airflow/.local/lib/python3.12/site-packages/airflow/example_dags/tutorial.py
[2025-04-08T00:54:03.205+0000] {processor.py:914} INFO - Processing file /home/airflow/.local/lib/python3.12/site-packages/airflow/example_dags/tutorial.py for tasks to queue
[2025-04-08T00:54:03.208+0000] {logging_mixin.py:190} INFO - [2025-04-08T00:54:03.207+0000] {dagbag.py:588} INFO - Filling up the DagBag from /home/airflow/.local/lib/python3.12/site-packages/airflow/example_dags/tutorial.py
[2025-04-08T00:54:03.229+0000] {processor.py:925} INFO - DAG(s) 'tutorial' retrieved from /home/airflow/.local/lib/python3.12/site-packages/airflow/example_dags/tutorial.py
[2025-04-08T00:54:03.273+0000] {logging_mixin.py:190} INFO - [2025-04-08T00:54:03.272+0000] {dag.py:3239} INFO - Sync 1 DAGs
[2025-04-08T00:54:03.322+0000] {logging_mixin.py:190} INFO - [2025-04-08T00:54:03.321+0000] {dag.py:4180} INFO - Setting next_dagrun for tutorial to 2025-04-07 00:00:00+00:00, run_after=2025-04-08 00:00:00+00:00
[2025-04-08T00:54:03.398+0000] {processor.py:208} INFO - Processing /home/airflow/.local/lib/python3.12/site-packages/airflow/example_dags/tutorial.py took 0.205 seconds
[2025-04-08T00:54:37.474+0000] {processor.py:186} INFO - Started process (PID=7206) to work on /home/airflow/.local/lib/python3.12/site-packages/airflow/example_dags/tutorial.py
[2025-04-08T00:54:37.477+0000] {processor.py:914} INFO - Processing file /home/airflow/.local/lib/python3.12/site-packages/airflow/example_dags/tutorial.py for tasks to queue
[2025-04-08T00:54:37.480+0000] {logging_mixin.py:190} INFO - [2025-04-08T00:54:37.479+0000] {dagbag.py:588} INFO - Filling up the DagBag from /home/airflow/.local/lib/python3.12/site-packages/airflow/example_dags/tutorial.py
[2025-04-08T00:54:37.501+0000] {processor.py:925} INFO - DAG(s) 'tutorial' retrieved from /home/airflow/.local/lib/python3.12/site-packages/airflow/example_dags/tutorial.py
[2025-04-08T00:54:37.554+0000] {logging_mixin.py:190} INFO - [2025-04-08T00:54:37.554+0000] {dag.py:3239} INFO - Sync 1 DAGs
[2025-04-08T00:54:37.611+0000] {logging_mixin.py:190} INFO - [2025-04-08T00:54:37.610+0000] {dag.py:4180} INFO - Setting next_dagrun for tutorial to 2025-04-07 00:00:00+00:00, run_after=2025-04-08 00:00:00+00:00
[2025-04-08T00:54:37.659+0000] {processor.py:208} INFO - Processing /home/airflow/.local/lib/python3.12/site-packages/airflow/example_dags/tutorial.py took 0.196 seconds
[2025-04-08T00:55:08.188+0000] {processor.py:186} INFO - Started process (PID=7268) to work on /home/airflow/.local/lib/python3.12/site-packages/airflow/example_dags/tutorial.py
[2025-04-08T00:55:08.190+0000] {processor.py:914} INFO - Processing file /home/airflow/.local/lib/python3.12/site-packages/airflow/example_dags/tutorial.py for tasks to queue
[2025-04-08T00:55:08.195+0000] {logging_mixin.py:190} INFO - [2025-04-08T00:55:08.194+0000] {dagbag.py:588} INFO - Filling up the DagBag from /home/airflow/.local/lib/python3.12/site-packages/airflow/example_dags/tutorial.py
[2025-04-08T00:55:08.229+0000] {processor.py:925} INFO - DAG(s) 'tutorial' retrieved from /home/airflow/.local/lib/python3.12/site-packages/airflow/example_dags/tutorial.py
[2025-04-08T00:55:08.284+0000] {logging_mixin.py:190} INFO - [2025-04-08T00:55:08.283+0000] {dag.py:3239} INFO - Sync 1 DAGs
[2025-04-08T00:55:08.359+0000] {logging_mixin.py:190} INFO - [2025-04-08T00:55:08.359+0000] {dag.py:4180} INFO - Setting next_dagrun for tutorial to 2025-04-07 00:00:00+00:00, run_after=2025-04-08 00:00:00+00:00
[2025-04-08T00:55:08.423+0000] {processor.py:208} INFO - Processing /home/airflow/.local/lib/python3.12/site-packages/airflow/example_dags/tutorial.py took 0.248 seconds
[2025-04-08T00:55:38.774+0000] {processor.py:186} INFO - Started process (PID=7331) to work on /home/airflow/.local/lib/python3.12/site-packages/airflow/example_dags/tutorial.py
[2025-04-08T00:55:38.778+0000] {processor.py:914} INFO - Processing file /home/airflow/.local/lib/python3.12/site-packages/airflow/example_dags/tutorial.py for tasks to queue
[2025-04-08T00:55:38.785+0000] {logging_mixin.py:190} INFO - [2025-04-08T00:55:38.783+0000] {dagbag.py:588} INFO - Filling up the DagBag from /home/airflow/.local/lib/python3.12/site-packages/airflow/example_dags/tutorial.py
[2025-04-08T00:55:38.810+0000] {processor.py:925} INFO - DAG(s) 'tutorial' retrieved from /home/airflow/.local/lib/python3.12/site-packages/airflow/example_dags/tutorial.py
[2025-04-08T00:55:38.859+0000] {logging_mixin.py:190} INFO - [2025-04-08T00:55:38.858+0000] {dag.py:3239} INFO - Sync 1 DAGs
[2025-04-08T00:55:38.899+0000] {logging_mixin.py:190} INFO - [2025-04-08T00:55:38.898+0000] {dag.py:4180} INFO - Setting next_dagrun for tutorial to 2025-04-07 00:00:00+00:00, run_after=2025-04-08 00:00:00+00:00
[2025-04-08T00:55:38.964+0000] {processor.py:208} INFO - Processing /home/airflow/.local/lib/python3.12/site-packages/airflow/example_dags/tutorial.py took 0.218 seconds
[2025-04-08T00:56:09.517+0000] {processor.py:186} INFO - Started process (PID=7393) to work on /home/airflow/.local/lib/python3.12/site-packages/airflow/example_dags/tutorial.py
[2025-04-08T00:56:09.518+0000] {processor.py:914} INFO - Processing file /home/airflow/.local/lib/python3.12/site-packages/airflow/example_dags/tutorial.py for tasks to queue
[2025-04-08T00:56:09.524+0000] {logging_mixin.py:190} INFO - [2025-04-08T00:56:09.522+0000] {dagbag.py:588} INFO - Filling up the DagBag from /home/airflow/.local/lib/python3.12/site-packages/airflow/example_dags/tutorial.py
[2025-04-08T00:56:09.541+0000] {processor.py:925} INFO - DAG(s) 'tutorial' retrieved from /home/airflow/.local/lib/python3.12/site-packages/airflow/example_dags/tutorial.py
[2025-04-08T00:56:09.570+0000] {logging_mixin.py:190} INFO - [2025-04-08T00:56:09.569+0000] {dag.py:3239} INFO - Sync 1 DAGs
[2025-04-08T00:56:09.597+0000] {logging_mixin.py:190} INFO - [2025-04-08T00:56:09.597+0000] {dag.py:4180} INFO - Setting next_dagrun for tutorial to 2025-04-07 00:00:00+00:00, run_after=2025-04-08 00:00:00+00:00
[2025-04-08T00:56:09.627+0000] {processor.py:208} INFO - Processing /home/airflow/.local/lib/python3.12/site-packages/airflow/example_dags/tutorial.py took 0.123 seconds
[2025-04-08T00:56:40.372+0000] {processor.py:186} INFO - Started process (PID=7456) to work on /home/airflow/.local/lib/python3.12/site-packages/airflow/example_dags/tutorial.py
[2025-04-08T00:56:40.376+0000] {processor.py:914} INFO - Processing file /home/airflow/.local/lib/python3.12/site-packages/airflow/example_dags/tutorial.py for tasks to queue
[2025-04-08T00:56:40.380+0000] {logging_mixin.py:190} INFO - [2025-04-08T00:56:40.379+0000] {dagbag.py:588} INFO - Filling up the DagBag from /home/airflow/.local/lib/python3.12/site-packages/airflow/example_dags/tutorial.py
[2025-04-08T00:56:40.405+0000] {processor.py:925} INFO - DAG(s) 'tutorial' retrieved from /home/airflow/.local/lib/python3.12/site-packages/airflow/example_dags/tutorial.py
[2025-04-08T00:56:40.446+0000] {logging_mixin.py:190} INFO - [2025-04-08T00:56:40.445+0000] {dag.py:3239} INFO - Sync 1 DAGs
[2025-04-08T00:56:40.482+0000] {logging_mixin.py:190} INFO - [2025-04-08T00:56:40.482+0000] {dag.py:4180} INFO - Setting next_dagrun for tutorial to 2025-04-07 00:00:00+00:00, run_after=2025-04-08 00:00:00+00:00
[2025-04-08T00:56:40.517+0000] {processor.py:208} INFO - Processing /home/airflow/.local/lib/python3.12/site-packages/airflow/example_dags/tutorial.py took 0.163 seconds
[2025-04-08T00:57:11.167+0000] {processor.py:186} INFO - Started process (PID=7519) to work on /home/airflow/.local/lib/python3.12/site-packages/airflow/example_dags/tutorial.py
[2025-04-08T00:57:11.170+0000] {processor.py:914} INFO - Processing file /home/airflow/.local/lib/python3.12/site-packages/airflow/example_dags/tutorial.py for tasks to queue
[2025-04-08T00:57:11.174+0000] {logging_mixin.py:190} INFO - [2025-04-08T00:57:11.173+0000] {dagbag.py:588} INFO - Filling up the DagBag from /home/airflow/.local/lib/python3.12/site-packages/airflow/example_dags/tutorial.py
[2025-04-08T00:57:11.189+0000] {processor.py:925} INFO - DAG(s) 'tutorial' retrieved from /home/airflow/.local/lib/python3.12/site-packages/airflow/example_dags/tutorial.py
[2025-04-08T00:57:11.233+0000] {logging_mixin.py:190} INFO - [2025-04-08T00:57:11.233+0000] {dag.py:3239} INFO - Sync 1 DAGs
[2025-04-08T00:57:11.280+0000] {logging_mixin.py:190} INFO - [2025-04-08T00:57:11.279+0000] {dag.py:4180} INFO - Setting next_dagrun for tutorial to 2025-04-07 00:00:00+00:00, run_after=2025-04-08 00:00:00+00:00
[2025-04-08T00:57:11.329+0000] {processor.py:208} INFO - Processing /home/airflow/.local/lib/python3.12/site-packages/airflow/example_dags/tutorial.py took 0.172 seconds
[2025-04-08T00:57:42.180+0000] {processor.py:186} INFO - Started process (PID=7582) to work on /home/airflow/.local/lib/python3.12/site-packages/airflow/example_dags/tutorial.py
[2025-04-08T00:57:42.184+0000] {processor.py:914} INFO - Processing file /home/airflow/.local/lib/python3.12/site-packages/airflow/example_dags/tutorial.py for tasks to queue
[2025-04-08T00:57:42.194+0000] {logging_mixin.py:190} INFO - [2025-04-08T00:57:42.191+0000] {dagbag.py:588} INFO - Filling up the DagBag from /home/airflow/.local/lib/python3.12/site-packages/airflow/example_dags/tutorial.py
[2025-04-08T00:57:42.241+0000] {processor.py:925} INFO - DAG(s) 'tutorial' retrieved from /home/airflow/.local/lib/python3.12/site-packages/airflow/example_dags/tutorial.py
[2025-04-08T00:57:42.358+0000] {logging_mixin.py:190} INFO - [2025-04-08T00:57:42.356+0000] {dag.py:3239} INFO - Sync 1 DAGs
[2025-04-08T00:57:42.499+0000] {logging_mixin.py:190} INFO - [2025-04-08T00:57:42.497+0000] {dag.py:4180} INFO - Setting next_dagrun for tutorial to 2025-04-07 00:00:00+00:00, run_after=2025-04-08 00:00:00+00:00
[2025-04-08T00:57:42.627+0000] {processor.py:208} INFO - Processing /home/airflow/.local/lib/python3.12/site-packages/airflow/example_dags/tutorial.py took 0.480 seconds
[2025-04-08T00:58:24.149+0000] {processor.py:186} INFO - Started process (PID=7645) to work on /home/airflow/.local/lib/python3.12/site-packages/airflow/example_dags/tutorial.py
[2025-04-08T00:58:24.174+0000] {processor.py:914} INFO - Processing file /home/airflow/.local/lib/python3.12/site-packages/airflow/example_dags/tutorial.py for tasks to queue
[2025-04-08T00:58:24.194+0000] {logging_mixin.py:190} INFO - [2025-04-08T00:58:24.191+0000] {dagbag.py:588} INFO - Filling up the DagBag from /home/airflow/.local/lib/python3.12/site-packages/airflow/example_dags/tutorial.py
[2025-04-08T00:58:24.301+0000] {processor.py:925} INFO - DAG(s) 'tutorial' retrieved from /home/airflow/.local/lib/python3.12/site-packages/airflow/example_dags/tutorial.py
[2025-04-08T00:58:24.791+0000] {logging_mixin.py:190} INFO - [2025-04-08T00:58:24.789+0000] {dag.py:3239} INFO - Sync 1 DAGs
[2025-04-08T00:58:25.111+0000] {logging_mixin.py:190} INFO - [2025-04-08T00:58:25.110+0000] {dag.py:4180} INFO - Setting next_dagrun for tutorial to 2025-04-07 00:00:00+00:00, run_after=2025-04-08 00:00:00+00:00
[2025-04-08T00:58:25.243+0000] {processor.py:208} INFO - Processing /home/airflow/.local/lib/python3.12/site-packages/airflow/example_dags/tutorial.py took 1.200 seconds
[2025-04-08T01:24:03.593+0000] {processor.py:186} INFO - Started process (PID=7703) to work on /home/airflow/.local/lib/python3.12/site-packages/airflow/example_dags/tutorial.py
[2025-04-08T01:24:03.594+0000] {processor.py:914} INFO - Processing file /home/airflow/.local/lib/python3.12/site-packages/airflow/example_dags/tutorial.py for tasks to queue
[2025-04-08T01:24:03.597+0000] {logging_mixin.py:190} INFO - [2025-04-08T01:24:03.596+0000] {dagbag.py:588} INFO - Filling up the DagBag from /home/airflow/.local/lib/python3.12/site-packages/airflow/example_dags/tutorial.py
[2025-04-08T01:24:03.610+0000] {processor.py:925} INFO - DAG(s) 'tutorial' retrieved from /home/airflow/.local/lib/python3.12/site-packages/airflow/example_dags/tutorial.py
[2025-04-08T01:24:03.652+0000] {logging_mixin.py:190} INFO - [2025-04-08T01:24:03.651+0000] {dag.py:3239} INFO - Sync 1 DAGs
[2025-04-08T01:24:03.691+0000] {logging_mixin.py:190} INFO - [2025-04-08T01:24:03.691+0000] {dag.py:4180} INFO - Setting next_dagrun for tutorial to 2025-04-07 00:00:00+00:00, run_after=2025-04-08 00:00:00+00:00
[2025-04-08T01:24:03.757+0000] {processor.py:208} INFO - Processing /home/airflow/.local/lib/python3.12/site-packages/airflow/example_dags/tutorial.py took 0.175 seconds
[2025-04-08T01:24:34.317+0000] {processor.py:186} INFO - Started process (PID=7766) to work on /home/airflow/.local/lib/python3.12/site-packages/airflow/example_dags/tutorial.py
[2025-04-08T01:24:34.319+0000] {processor.py:914} INFO - Processing file /home/airflow/.local/lib/python3.12/site-packages/airflow/example_dags/tutorial.py for tasks to queue
[2025-04-08T01:24:34.321+0000] {logging_mixin.py:190} INFO - [2025-04-08T01:24:34.320+0000] {dagbag.py:588} INFO - Filling up the DagBag from /home/airflow/.local/lib/python3.12/site-packages/airflow/example_dags/tutorial.py
[2025-04-08T01:24:34.336+0000] {processor.py:925} INFO - DAG(s) 'tutorial' retrieved from /home/airflow/.local/lib/python3.12/site-packages/airflow/example_dags/tutorial.py
[2025-04-08T01:24:34.373+0000] {logging_mixin.py:190} INFO - [2025-04-08T01:24:34.372+0000] {dag.py:3239} INFO - Sync 1 DAGs
[2025-04-08T01:24:34.416+0000] {logging_mixin.py:190} INFO - [2025-04-08T01:24:34.415+0000] {dag.py:4180} INFO - Setting next_dagrun for tutorial to 2025-04-07 00:00:00+00:00, run_after=2025-04-08 00:00:00+00:00
[2025-04-08T01:24:34.452+0000] {processor.py:208} INFO - Processing /home/airflow/.local/lib/python3.12/site-packages/airflow/example_dags/tutorial.py took 0.143 seconds
[2025-04-08T01:25:05.754+0000] {processor.py:186} INFO - Started process (PID=7829) to work on /home/airflow/.local/lib/python3.12/site-packages/airflow/example_dags/tutorial.py
[2025-04-08T01:25:05.757+0000] {processor.py:914} INFO - Processing file /home/airflow/.local/lib/python3.12/site-packages/airflow/example_dags/tutorial.py for tasks to queue
[2025-04-08T01:25:05.761+0000] {logging_mixin.py:190} INFO - [2025-04-08T01:25:05.760+0000] {dagbag.py:588} INFO - Filling up the DagBag from /home/airflow/.local/lib/python3.12/site-packages/airflow/example_dags/tutorial.py
[2025-04-08T01:25:05.777+0000] {processor.py:925} INFO - DAG(s) 'tutorial' retrieved from /home/airflow/.local/lib/python3.12/site-packages/airflow/example_dags/tutorial.py
[2025-04-08T01:25:05.826+0000] {logging_mixin.py:190} INFO - [2025-04-08T01:25:05.825+0000] {dag.py:3239} INFO - Sync 1 DAGs
[2025-04-08T01:25:05.882+0000] {logging_mixin.py:190} INFO - [2025-04-08T01:25:05.882+0000] {dag.py:4180} INFO - Setting next_dagrun for tutorial to 2025-04-07 00:00:00+00:00, run_after=2025-04-08 00:00:00+00:00
[2025-04-08T01:25:05.944+0000] {processor.py:208} INFO - Processing /home/airflow/.local/lib/python3.12/site-packages/airflow/example_dags/tutorial.py took 0.200 seconds
[2025-04-08T01:25:36.810+0000] {processor.py:186} INFO - Started process (PID=7898) to work on /home/airflow/.local/lib/python3.12/site-packages/airflow/example_dags/tutorial.py
[2025-04-08T01:25:36.811+0000] {processor.py:914} INFO - Processing file /home/airflow/.local/lib/python3.12/site-packages/airflow/example_dags/tutorial.py for tasks to queue
[2025-04-08T01:25:36.815+0000] {logging_mixin.py:190} INFO - [2025-04-08T01:25:36.814+0000] {dagbag.py:588} INFO - Filling up the DagBag from /home/airflow/.local/lib/python3.12/site-packages/airflow/example_dags/tutorial.py
[2025-04-08T01:25:36.831+0000] {processor.py:925} INFO - DAG(s) 'tutorial' retrieved from /home/airflow/.local/lib/python3.12/site-packages/airflow/example_dags/tutorial.py
[2025-04-08T01:25:36.871+0000] {logging_mixin.py:190} INFO - [2025-04-08T01:25:36.870+0000] {dag.py:3239} INFO - Sync 1 DAGs
[2025-04-08T01:25:36.916+0000] {logging_mixin.py:190} INFO - [2025-04-08T01:25:36.915+0000] {dag.py:4180} INFO - Setting next_dagrun for tutorial to 2025-04-07 00:00:00+00:00, run_after=2025-04-08 00:00:00+00:00
[2025-04-08T01:25:36.956+0000] {processor.py:208} INFO - Processing /home/airflow/.local/lib/python3.12/site-packages/airflow/example_dags/tutorial.py took 0.157 seconds
[2025-04-08T01:26:07.309+0000] {processor.py:186} INFO - Started process (PID=7961) to work on /home/airflow/.local/lib/python3.12/site-packages/airflow/example_dags/tutorial.py
[2025-04-08T01:26:07.311+0000] {processor.py:914} INFO - Processing file /home/airflow/.local/lib/python3.12/site-packages/airflow/example_dags/tutorial.py for tasks to queue
[2025-04-08T01:26:07.313+0000] {logging_mixin.py:190} INFO - [2025-04-08T01:26:07.313+0000] {dagbag.py:588} INFO - Filling up the DagBag from /home/airflow/.local/lib/python3.12/site-packages/airflow/example_dags/tutorial.py
[2025-04-08T01:26:07.326+0000] {processor.py:925} INFO - DAG(s) 'tutorial' retrieved from /home/airflow/.local/lib/python3.12/site-packages/airflow/example_dags/tutorial.py
[2025-04-08T01:26:07.362+0000] {logging_mixin.py:190} INFO - [2025-04-08T01:26:07.361+0000] {dag.py:3239} INFO - Sync 1 DAGs
[2025-04-08T01:26:07.399+0000] {logging_mixin.py:190} INFO - [2025-04-08T01:26:07.399+0000] {dag.py:4180} INFO - Setting next_dagrun for tutorial to 2025-04-07 00:00:00+00:00, run_after=2025-04-08 00:00:00+00:00
[2025-04-08T01:26:07.434+0000] {processor.py:208} INFO - Processing /home/airflow/.local/lib/python3.12/site-packages/airflow/example_dags/tutorial.py took 0.136 seconds
[2025-04-08T01:26:38.283+0000] {processor.py:186} INFO - Started process (PID=8024) to work on /home/airflow/.local/lib/python3.12/site-packages/airflow/example_dags/tutorial.py
[2025-04-08T01:26:38.285+0000] {processor.py:914} INFO - Processing file /home/airflow/.local/lib/python3.12/site-packages/airflow/example_dags/tutorial.py for tasks to queue
[2025-04-08T01:26:38.288+0000] {logging_mixin.py:190} INFO - [2025-04-08T01:26:38.287+0000] {dagbag.py:588} INFO - Filling up the DagBag from /home/airflow/.local/lib/python3.12/site-packages/airflow/example_dags/tutorial.py
[2025-04-08T01:26:38.301+0000] {processor.py:925} INFO - DAG(s) 'tutorial' retrieved from /home/airflow/.local/lib/python3.12/site-packages/airflow/example_dags/tutorial.py
[2025-04-08T01:26:38.328+0000] {logging_mixin.py:190} INFO - [2025-04-08T01:26:38.328+0000] {dag.py:3239} INFO - Sync 1 DAGs
[2025-04-08T01:26:38.360+0000] {logging_mixin.py:190} INFO - [2025-04-08T01:26:38.359+0000] {dag.py:4180} INFO - Setting next_dagrun for tutorial to 2025-04-07 00:00:00+00:00, run_after=2025-04-08 00:00:00+00:00
[2025-04-08T01:26:38.396+0000] {processor.py:208} INFO - Processing /home/airflow/.local/lib/python3.12/site-packages/airflow/example_dags/tutorial.py took 0.122 seconds
[2025-04-08T01:27:08.493+0000] {processor.py:186} INFO - Started process (PID=8086) to work on /home/airflow/.local/lib/python3.12/site-packages/airflow/example_dags/tutorial.py
[2025-04-08T01:27:08.495+0000] {processor.py:914} INFO - Processing file /home/airflow/.local/lib/python3.12/site-packages/airflow/example_dags/tutorial.py for tasks to queue
[2025-04-08T01:27:08.497+0000] {logging_mixin.py:190} INFO - [2025-04-08T01:27:08.497+0000] {dagbag.py:588} INFO - Filling up the DagBag from /home/airflow/.local/lib/python3.12/site-packages/airflow/example_dags/tutorial.py
[2025-04-08T01:27:08.508+0000] {processor.py:925} INFO - DAG(s) 'tutorial' retrieved from /home/airflow/.local/lib/python3.12/site-packages/airflow/example_dags/tutorial.py
[2025-04-08T01:27:08.534+0000] {logging_mixin.py:190} INFO - [2025-04-08T01:27:08.534+0000] {dag.py:3239} INFO - Sync 1 DAGs
[2025-04-08T01:27:08.560+0000] {logging_mixin.py:190} INFO - [2025-04-08T01:27:08.560+0000] {dag.py:4180} INFO - Setting next_dagrun for tutorial to 2025-04-07 00:00:00+00:00, run_after=2025-04-08 00:00:00+00:00
[2025-04-08T01:27:08.583+0000] {processor.py:208} INFO - Processing /home/airflow/.local/lib/python3.12/site-packages/airflow/example_dags/tutorial.py took 0.096 seconds
[2025-04-08T01:27:39.818+0000] {processor.py:186} INFO - Started process (PID=8149) to work on /home/airflow/.local/lib/python3.12/site-packages/airflow/example_dags/tutorial.py
[2025-04-08T01:27:39.823+0000] {processor.py:914} INFO - Processing file /home/airflow/.local/lib/python3.12/site-packages/airflow/example_dags/tutorial.py for tasks to queue
[2025-04-08T01:27:39.828+0000] {logging_mixin.py:190} INFO - [2025-04-08T01:27:39.826+0000] {dagbag.py:588} INFO - Filling up the DagBag from /home/airflow/.local/lib/python3.12/site-packages/airflow/example_dags/tutorial.py
[2025-04-08T01:27:39.858+0000] {processor.py:925} INFO - DAG(s) 'tutorial' retrieved from /home/airflow/.local/lib/python3.12/site-packages/airflow/example_dags/tutorial.py
[2025-04-08T01:27:39.924+0000] {logging_mixin.py:190} INFO - [2025-04-08T01:27:39.924+0000] {dag.py:3239} INFO - Sync 1 DAGs
[2025-04-08T01:27:39.993+0000] {logging_mixin.py:190} INFO - [2025-04-08T01:27:39.992+0000] {dag.py:4180} INFO - Setting next_dagrun for tutorial to 2025-04-07 00:00:00+00:00, run_after=2025-04-08 00:00:00+00:00
[2025-04-08T01:27:40.067+0000] {processor.py:208} INFO - Processing /home/airflow/.local/lib/python3.12/site-packages/airflow/example_dags/tutorial.py took 0.271 seconds
[2025-04-08T01:28:10.175+0000] {processor.py:186} INFO - Started process (PID=8211) to work on /home/airflow/.local/lib/python3.12/site-packages/airflow/example_dags/tutorial.py
[2025-04-08T01:28:10.177+0000] {processor.py:914} INFO - Processing file /home/airflow/.local/lib/python3.12/site-packages/airflow/example_dags/tutorial.py for tasks to queue
[2025-04-08T01:28:10.180+0000] {logging_mixin.py:190} INFO - [2025-04-08T01:28:10.179+0000] {dagbag.py:588} INFO - Filling up the DagBag from /home/airflow/.local/lib/python3.12/site-packages/airflow/example_dags/tutorial.py
[2025-04-08T01:28:10.195+0000] {processor.py:925} INFO - DAG(s) 'tutorial' retrieved from /home/airflow/.local/lib/python3.12/site-packages/airflow/example_dags/tutorial.py
[2025-04-08T01:28:10.227+0000] {logging_mixin.py:190} INFO - [2025-04-08T01:28:10.226+0000] {dag.py:3239} INFO - Sync 1 DAGs
[2025-04-08T01:28:10.257+0000] {logging_mixin.py:190} INFO - [2025-04-08T01:28:10.256+0000] {dag.py:4180} INFO - Setting next_dagrun for tutorial to 2025-04-07 00:00:00+00:00, run_after=2025-04-08 00:00:00+00:00
[2025-04-08T01:28:10.293+0000] {processor.py:208} INFO - Processing /home/airflow/.local/lib/python3.12/site-packages/airflow/example_dags/tutorial.py took 0.131 seconds
[2025-04-08T01:28:41.007+0000] {processor.py:186} INFO - Started process (PID=8273) to work on /home/airflow/.local/lib/python3.12/site-packages/airflow/example_dags/tutorial.py
[2025-04-08T01:28:41.009+0000] {processor.py:914} INFO - Processing file /home/airflow/.local/lib/python3.12/site-packages/airflow/example_dags/tutorial.py for tasks to queue
[2025-04-08T01:28:41.013+0000] {logging_mixin.py:190} INFO - [2025-04-08T01:28:41.012+0000] {dagbag.py:588} INFO - Filling up the DagBag from /home/airflow/.local/lib/python3.12/site-packages/airflow/example_dags/tutorial.py
[2025-04-08T01:28:41.032+0000] {processor.py:925} INFO - DAG(s) 'tutorial' retrieved from /home/airflow/.local/lib/python3.12/site-packages/airflow/example_dags/tutorial.py
[2025-04-08T01:28:41.071+0000] {logging_mixin.py:190} INFO - [2025-04-08T01:28:41.071+0000] {dag.py:3239} INFO - Sync 1 DAGs
[2025-04-08T01:28:41.103+0000] {logging_mixin.py:190} INFO - [2025-04-08T01:28:41.103+0000] {dag.py:4180} INFO - Setting next_dagrun for tutorial to 2025-04-07 00:00:00+00:00, run_after=2025-04-08 00:00:00+00:00
[2025-04-08T01:28:41.134+0000] {processor.py:208} INFO - Processing /home/airflow/.local/lib/python3.12/site-packages/airflow/example_dags/tutorial.py took 0.137 seconds
[2025-04-08T01:29:11.811+0000] {processor.py:186} INFO - Started process (PID=8336) to work on /home/airflow/.local/lib/python3.12/site-packages/airflow/example_dags/tutorial.py
[2025-04-08T01:29:11.813+0000] {processor.py:914} INFO - Processing file /home/airflow/.local/lib/python3.12/site-packages/airflow/example_dags/tutorial.py for tasks to queue
[2025-04-08T01:29:11.816+0000] {logging_mixin.py:190} INFO - [2025-04-08T01:29:11.815+0000] {dagbag.py:588} INFO - Filling up the DagBag from /home/airflow/.local/lib/python3.12/site-packages/airflow/example_dags/tutorial.py
[2025-04-08T01:29:11.832+0000] {processor.py:925} INFO - DAG(s) 'tutorial' retrieved from /home/airflow/.local/lib/python3.12/site-packages/airflow/example_dags/tutorial.py
[2025-04-08T01:29:11.868+0000] {logging_mixin.py:190} INFO - [2025-04-08T01:29:11.868+0000] {dag.py:3239} INFO - Sync 1 DAGs
[2025-04-08T01:29:11.908+0000] {logging_mixin.py:190} INFO - [2025-04-08T01:29:11.908+0000] {dag.py:4180} INFO - Setting next_dagrun for tutorial to 2025-04-07 00:00:00+00:00, run_after=2025-04-08 00:00:00+00:00
[2025-04-08T01:29:11.941+0000] {processor.py:208} INFO - Processing /home/airflow/.local/lib/python3.12/site-packages/airflow/example_dags/tutorial.py took 0.136 seconds
[2025-04-08T01:29:42.294+0000] {processor.py:186} INFO - Started process (PID=8399) to work on /home/airflow/.local/lib/python3.12/site-packages/airflow/example_dags/tutorial.py
[2025-04-08T01:29:42.296+0000] {processor.py:914} INFO - Processing file /home/airflow/.local/lib/python3.12/site-packages/airflow/example_dags/tutorial.py for tasks to queue
[2025-04-08T01:29:42.299+0000] {logging_mixin.py:190} INFO - [2025-04-08T01:29:42.298+0000] {dagbag.py:588} INFO - Filling up the DagBag from /home/airflow/.local/lib/python3.12/site-packages/airflow/example_dags/tutorial.py
[2025-04-08T01:29:42.312+0000] {processor.py:925} INFO - DAG(s) 'tutorial' retrieved from /home/airflow/.local/lib/python3.12/site-packages/airflow/example_dags/tutorial.py
[2025-04-08T01:29:42.346+0000] {logging_mixin.py:190} INFO - [2025-04-08T01:29:42.346+0000] {dag.py:3239} INFO - Sync 1 DAGs
[2025-04-08T01:29:42.376+0000] {logging_mixin.py:190} INFO - [2025-04-08T01:29:42.376+0000] {dag.py:4180} INFO - Setting next_dagrun for tutorial to 2025-04-07 00:00:00+00:00, run_after=2025-04-08 00:00:00+00:00
[2025-04-08T01:29:42.405+0000] {processor.py:208} INFO - Processing /home/airflow/.local/lib/python3.12/site-packages/airflow/example_dags/tutorial.py took 0.120 seconds
[2025-04-08T01:30:12.891+0000] {processor.py:186} INFO - Started process (PID=8462) to work on /home/airflow/.local/lib/python3.12/site-packages/airflow/example_dags/tutorial.py
[2025-04-08T01:30:12.894+0000] {processor.py:914} INFO - Processing file /home/airflow/.local/lib/python3.12/site-packages/airflow/example_dags/tutorial.py for tasks to queue
[2025-04-08T01:30:12.897+0000] {logging_mixin.py:190} INFO - [2025-04-08T01:30:12.896+0000] {dagbag.py:588} INFO - Filling up the DagBag from /home/airflow/.local/lib/python3.12/site-packages/airflow/example_dags/tutorial.py
[2025-04-08T01:30:12.909+0000] {processor.py:925} INFO - DAG(s) 'tutorial' retrieved from /home/airflow/.local/lib/python3.12/site-packages/airflow/example_dags/tutorial.py
[2025-04-08T01:30:12.941+0000] {logging_mixin.py:190} INFO - [2025-04-08T01:30:12.941+0000] {dag.py:3239} INFO - Sync 1 DAGs
[2025-04-08T01:30:12.977+0000] {logging_mixin.py:190} INFO - [2025-04-08T01:30:12.977+0000] {dag.py:4180} INFO - Setting next_dagrun for tutorial to 2025-04-07 00:00:00+00:00, run_after=2025-04-08 00:00:00+00:00
[2025-04-08T01:30:13.020+0000] {processor.py:208} INFO - Processing /home/airflow/.local/lib/python3.12/site-packages/airflow/example_dags/tutorial.py took 0.139 seconds
[2025-04-08T01:30:43.204+0000] {processor.py:186} INFO - Started process (PID=8525) to work on /home/airflow/.local/lib/python3.12/site-packages/airflow/example_dags/tutorial.py
[2025-04-08T01:30:43.206+0000] {processor.py:914} INFO - Processing file /home/airflow/.local/lib/python3.12/site-packages/airflow/example_dags/tutorial.py for tasks to queue
[2025-04-08T01:30:43.209+0000] {logging_mixin.py:190} INFO - [2025-04-08T01:30:43.208+0000] {dagbag.py:588} INFO - Filling up the DagBag from /home/airflow/.local/lib/python3.12/site-packages/airflow/example_dags/tutorial.py
[2025-04-08T01:30:43.221+0000] {processor.py:925} INFO - DAG(s) 'tutorial' retrieved from /home/airflow/.local/lib/python3.12/site-packages/airflow/example_dags/tutorial.py
[2025-04-08T01:30:43.250+0000] {logging_mixin.py:190} INFO - [2025-04-08T01:30:43.250+0000] {dag.py:3239} INFO - Sync 1 DAGs
[2025-04-08T01:30:43.290+0000] {logging_mixin.py:190} INFO - [2025-04-08T01:30:43.290+0000] {dag.py:4180} INFO - Setting next_dagrun for tutorial to 2025-04-07 00:00:00+00:00, run_after=2025-04-08 00:00:00+00:00
[2025-04-08T01:30:43.319+0000] {processor.py:208} INFO - Processing /home/airflow/.local/lib/python3.12/site-packages/airflow/example_dags/tutorial.py took 0.122 seconds
[2025-04-08T01:31:13.448+0000] {processor.py:186} INFO - Started process (PID=8588) to work on /home/airflow/.local/lib/python3.12/site-packages/airflow/example_dags/tutorial.py
[2025-04-08T01:31:13.449+0000] {processor.py:914} INFO - Processing file /home/airflow/.local/lib/python3.12/site-packages/airflow/example_dags/tutorial.py for tasks to queue
[2025-04-08T01:31:13.452+0000] {logging_mixin.py:190} INFO - [2025-04-08T01:31:13.451+0000] {dagbag.py:588} INFO - Filling up the DagBag from /home/airflow/.local/lib/python3.12/site-packages/airflow/example_dags/tutorial.py
[2025-04-08T01:31:13.466+0000] {processor.py:925} INFO - DAG(s) 'tutorial' retrieved from /home/airflow/.local/lib/python3.12/site-packages/airflow/example_dags/tutorial.py
[2025-04-08T01:31:13.499+0000] {logging_mixin.py:190} INFO - [2025-04-08T01:31:13.498+0000] {dag.py:3239} INFO - Sync 1 DAGs
[2025-04-08T01:31:13.531+0000] {logging_mixin.py:190} INFO - [2025-04-08T01:31:13.530+0000] {dag.py:4180} INFO - Setting next_dagrun for tutorial to 2025-04-07 00:00:00+00:00, run_after=2025-04-08 00:00:00+00:00
[2025-04-08T01:31:13.557+0000] {processor.py:208} INFO - Processing /home/airflow/.local/lib/python3.12/site-packages/airflow/example_dags/tutorial.py took 0.118 seconds
[2025-04-08T01:31:44.634+0000] {processor.py:186} INFO - Started process (PID=8651) to work on /home/airflow/.local/lib/python3.12/site-packages/airflow/example_dags/tutorial.py
[2025-04-08T01:31:44.635+0000] {processor.py:914} INFO - Processing file /home/airflow/.local/lib/python3.12/site-packages/airflow/example_dags/tutorial.py for tasks to queue
[2025-04-08T01:31:44.637+0000] {logging_mixin.py:190} INFO - [2025-04-08T01:31:44.637+0000] {dagbag.py:588} INFO - Filling up the DagBag from /home/airflow/.local/lib/python3.12/site-packages/airflow/example_dags/tutorial.py
[2025-04-08T01:31:44.655+0000] {processor.py:925} INFO - DAG(s) 'tutorial' retrieved from /home/airflow/.local/lib/python3.12/site-packages/airflow/example_dags/tutorial.py
[2025-04-08T01:31:44.696+0000] {logging_mixin.py:190} INFO - [2025-04-08T01:31:44.695+0000] {dag.py:3239} INFO - Sync 1 DAGs
[2025-04-08T01:31:44.730+0000] {logging_mixin.py:190} INFO - [2025-04-08T01:31:44.730+0000] {dag.py:4180} INFO - Setting next_dagrun for tutorial to 2025-04-07 00:00:00+00:00, run_after=2025-04-08 00:00:00+00:00
[2025-04-08T01:31:44.762+0000] {processor.py:208} INFO - Processing /home/airflow/.local/lib/python3.12/site-packages/airflow/example_dags/tutorial.py took 0.136 seconds
[2025-04-08T01:32:15.206+0000] {processor.py:186} INFO - Started process (PID=8714) to work on /home/airflow/.local/lib/python3.12/site-packages/airflow/example_dags/tutorial.py
[2025-04-08T01:32:15.208+0000] {processor.py:914} INFO - Processing file /home/airflow/.local/lib/python3.12/site-packages/airflow/example_dags/tutorial.py for tasks to queue
[2025-04-08T01:32:15.210+0000] {logging_mixin.py:190} INFO - [2025-04-08T01:32:15.210+0000] {dagbag.py:588} INFO - Filling up the DagBag from /home/airflow/.local/lib/python3.12/site-packages/airflow/example_dags/tutorial.py
[2025-04-08T01:32:15.225+0000] {processor.py:925} INFO - DAG(s) 'tutorial' retrieved from /home/airflow/.local/lib/python3.12/site-packages/airflow/example_dags/tutorial.py
[2025-04-08T01:32:15.277+0000] {logging_mixin.py:190} INFO - [2025-04-08T01:32:15.276+0000] {dag.py:3239} INFO - Sync 1 DAGs
[2025-04-08T01:32:15.329+0000] {logging_mixin.py:190} INFO - [2025-04-08T01:32:15.328+0000] {dag.py:4180} INFO - Setting next_dagrun for tutorial to 2025-04-07 00:00:00+00:00, run_after=2025-04-08 00:00:00+00:00
[2025-04-08T01:32:15.392+0000] {processor.py:208} INFO - Processing /home/airflow/.local/lib/python3.12/site-packages/airflow/example_dags/tutorial.py took 0.198 seconds
[2025-04-08T01:32:45.458+0000] {processor.py:186} INFO - Started process (PID=8776) to work on /home/airflow/.local/lib/python3.12/site-packages/airflow/example_dags/tutorial.py
[2025-04-08T01:32:45.460+0000] {processor.py:914} INFO - Processing file /home/airflow/.local/lib/python3.12/site-packages/airflow/example_dags/tutorial.py for tasks to queue
[2025-04-08T01:32:45.462+0000] {logging_mixin.py:190} INFO - [2025-04-08T01:32:45.461+0000] {dagbag.py:588} INFO - Filling up the DagBag from /home/airflow/.local/lib/python3.12/site-packages/airflow/example_dags/tutorial.py
[2025-04-08T01:32:45.476+0000] {processor.py:925} INFO - DAG(s) 'tutorial' retrieved from /home/airflow/.local/lib/python3.12/site-packages/airflow/example_dags/tutorial.py
[2025-04-08T01:32:45.511+0000] {logging_mixin.py:190} INFO - [2025-04-08T01:32:45.510+0000] {dag.py:3239} INFO - Sync 1 DAGs
[2025-04-08T01:32:45.557+0000] {logging_mixin.py:190} INFO - [2025-04-08T01:32:45.556+0000] {dag.py:4180} INFO - Setting next_dagrun for tutorial to 2025-04-07 00:00:00+00:00, run_after=2025-04-08 00:00:00+00:00
[2025-04-08T01:32:45.594+0000] {processor.py:208} INFO - Processing /home/airflow/.local/lib/python3.12/site-packages/airflow/example_dags/tutorial.py took 0.143 seconds
[2025-04-08T01:33:16.331+0000] {processor.py:186} INFO - Started process (PID=8839) to work on /home/airflow/.local/lib/python3.12/site-packages/airflow/example_dags/tutorial.py
[2025-04-08T01:33:16.335+0000] {processor.py:914} INFO - Processing file /home/airflow/.local/lib/python3.12/site-packages/airflow/example_dags/tutorial.py for tasks to queue
[2025-04-08T01:33:16.339+0000] {logging_mixin.py:190} INFO - [2025-04-08T01:33:16.337+0000] {dagbag.py:588} INFO - Filling up the DagBag from /home/airflow/.local/lib/python3.12/site-packages/airflow/example_dags/tutorial.py
[2025-04-08T01:33:16.361+0000] {processor.py:925} INFO - DAG(s) 'tutorial' retrieved from /home/airflow/.local/lib/python3.12/site-packages/airflow/example_dags/tutorial.py
[2025-04-08T01:33:16.407+0000] {logging_mixin.py:190} INFO - [2025-04-08T01:33:16.406+0000] {dag.py:3239} INFO - Sync 1 DAGs
[2025-04-08T01:33:16.444+0000] {logging_mixin.py:190} INFO - [2025-04-08T01:33:16.444+0000] {dag.py:4180} INFO - Setting next_dagrun for tutorial to 2025-04-07 00:00:00+00:00, run_after=2025-04-08 00:00:00+00:00
[2025-04-08T01:33:16.480+0000] {processor.py:208} INFO - Processing /home/airflow/.local/lib/python3.12/site-packages/airflow/example_dags/tutorial.py took 0.164 seconds
[2025-04-08T01:33:47.003+0000] {processor.py:186} INFO - Started process (PID=8902) to work on /home/airflow/.local/lib/python3.12/site-packages/airflow/example_dags/tutorial.py
[2025-04-08T01:33:47.005+0000] {processor.py:914} INFO - Processing file /home/airflow/.local/lib/python3.12/site-packages/airflow/example_dags/tutorial.py for tasks to queue
[2025-04-08T01:33:47.009+0000] {logging_mixin.py:190} INFO - [2025-04-08T01:33:47.008+0000] {dagbag.py:588} INFO - Filling up the DagBag from /home/airflow/.local/lib/python3.12/site-packages/airflow/example_dags/tutorial.py
[2025-04-08T01:33:47.027+0000] {processor.py:925} INFO - DAG(s) 'tutorial' retrieved from /home/airflow/.local/lib/python3.12/site-packages/airflow/example_dags/tutorial.py
[2025-04-08T01:33:47.079+0000] {logging_mixin.py:190} INFO - [2025-04-08T01:33:47.078+0000] {dag.py:3239} INFO - Sync 1 DAGs
[2025-04-08T01:33:47.126+0000] {logging_mixin.py:190} INFO - [2025-04-08T01:33:47.125+0000] {dag.py:4180} INFO - Setting next_dagrun for tutorial to 2025-04-07 00:00:00+00:00, run_after=2025-04-08 00:00:00+00:00
[2025-04-08T01:33:47.169+0000] {processor.py:208} INFO - Processing /home/airflow/.local/lib/python3.12/site-packages/airflow/example_dags/tutorial.py took 0.177 seconds
[2025-04-08T01:34:17.757+0000] {processor.py:186} INFO - Started process (PID=8967) to work on /home/airflow/.local/lib/python3.12/site-packages/airflow/example_dags/tutorial.py
[2025-04-08T01:34:17.760+0000] {processor.py:914} INFO - Processing file /home/airflow/.local/lib/python3.12/site-packages/airflow/example_dags/tutorial.py for tasks to queue
[2025-04-08T01:34:17.765+0000] {logging_mixin.py:190} INFO - [2025-04-08T01:34:17.764+0000] {dagbag.py:588} INFO - Filling up the DagBag from /home/airflow/.local/lib/python3.12/site-packages/airflow/example_dags/tutorial.py
[2025-04-08T01:34:17.794+0000] {processor.py:925} INFO - DAG(s) 'tutorial' retrieved from /home/airflow/.local/lib/python3.12/site-packages/airflow/example_dags/tutorial.py
[2025-04-08T01:34:17.863+0000] {logging_mixin.py:190} INFO - [2025-04-08T01:34:17.862+0000] {dag.py:3239} INFO - Sync 1 DAGs
[2025-04-08T01:34:17.933+0000] {logging_mixin.py:190} INFO - [2025-04-08T01:34:17.933+0000] {dag.py:4180} INFO - Setting next_dagrun for tutorial to 2025-04-07 00:00:00+00:00, run_after=2025-04-08 00:00:00+00:00
[2025-04-08T01:34:17.990+0000] {processor.py:208} INFO - Processing /home/airflow/.local/lib/python3.12/site-packages/airflow/example_dags/tutorial.py took 0.251 seconds
[2025-04-08T01:34:58.315+0000] {processor.py:186} INFO - Started process (PID=9031) to work on /home/airflow/.local/lib/python3.12/site-packages/airflow/example_dags/tutorial.py
[2025-04-08T01:34:58.321+0000] {processor.py:914} INFO - Processing file /home/airflow/.local/lib/python3.12/site-packages/airflow/example_dags/tutorial.py for tasks to queue
[2025-04-08T01:34:58.327+0000] {logging_mixin.py:190} INFO - [2025-04-08T01:34:58.326+0000] {dagbag.py:588} INFO - Filling up the DagBag from /home/airflow/.local/lib/python3.12/site-packages/airflow/example_dags/tutorial.py
[2025-04-08T01:34:58.376+0000] {processor.py:925} INFO - DAG(s) 'tutorial' retrieved from /home/airflow/.local/lib/python3.12/site-packages/airflow/example_dags/tutorial.py
[2025-04-08T01:34:58.461+0000] {logging_mixin.py:190} INFO - [2025-04-08T01:34:58.460+0000] {dag.py:3239} INFO - Sync 1 DAGs
[2025-04-08T01:34:58.566+0000] {logging_mixin.py:190} INFO - [2025-04-08T01:34:58.565+0000] {dag.py:4180} INFO - Setting next_dagrun for tutorial to 2025-04-07 00:00:00+00:00, run_after=2025-04-08 00:00:00+00:00
[2025-04-08T01:34:58.658+0000] {processor.py:208} INFO - Processing /home/airflow/.local/lib/python3.12/site-packages/airflow/example_dags/tutorial.py took 0.376 seconds
[2025-04-08T01:35:29.531+0000] {processor.py:186} INFO - Started process (PID=9095) to work on /home/airflow/.local/lib/python3.12/site-packages/airflow/example_dags/tutorial.py
[2025-04-08T01:35:29.535+0000] {processor.py:914} INFO - Processing file /home/airflow/.local/lib/python3.12/site-packages/airflow/example_dags/tutorial.py for tasks to queue
[2025-04-08T01:35:29.543+0000] {logging_mixin.py:190} INFO - [2025-04-08T01:35:29.541+0000] {dagbag.py:588} INFO - Filling up the DagBag from /home/airflow/.local/lib/python3.12/site-packages/airflow/example_dags/tutorial.py
[2025-04-08T01:35:29.568+0000] {processor.py:925} INFO - DAG(s) 'tutorial' retrieved from /home/airflow/.local/lib/python3.12/site-packages/airflow/example_dags/tutorial.py
[2025-04-08T01:35:29.630+0000] {logging_mixin.py:190} INFO - [2025-04-08T01:35:29.629+0000] {dag.py:3239} INFO - Sync 1 DAGs
[2025-04-08T01:35:29.686+0000] {logging_mixin.py:190} INFO - [2025-04-08T01:35:29.686+0000] {dag.py:4180} INFO - Setting next_dagrun for tutorial to 2025-04-07 00:00:00+00:00, run_after=2025-04-08 00:00:00+00:00
[2025-04-08T01:35:29.753+0000] {processor.py:208} INFO - Processing /home/airflow/.local/lib/python3.12/site-packages/airflow/example_dags/tutorial.py took 0.234 seconds
[2025-04-08T01:36:00.158+0000] {processor.py:186} INFO - Started process (PID=9158) to work on /home/airflow/.local/lib/python3.12/site-packages/airflow/example_dags/tutorial.py
[2025-04-08T01:36:00.224+0000] {processor.py:914} INFO - Processing file /home/airflow/.local/lib/python3.12/site-packages/airflow/example_dags/tutorial.py for tasks to queue
[2025-04-08T01:36:00.253+0000] {logging_mixin.py:190} INFO - [2025-04-08T01:36:00.243+0000] {dagbag.py:588} INFO - Filling up the DagBag from /home/airflow/.local/lib/python3.12/site-packages/airflow/example_dags/tutorial.py
[2025-04-08T01:36:00.328+0000] {processor.py:925} INFO - DAG(s) 'tutorial' retrieved from /home/airflow/.local/lib/python3.12/site-packages/airflow/example_dags/tutorial.py
[2025-04-08T01:36:00.564+0000] {logging_mixin.py:190} INFO - [2025-04-08T01:36:00.562+0000] {dag.py:3239} INFO - Sync 1 DAGs
[2025-04-08T01:36:00.930+0000] {logging_mixin.py:190} INFO - [2025-04-08T01:36:00.928+0000] {dag.py:4180} INFO - Setting next_dagrun for tutorial to 2025-04-07 00:00:00+00:00, run_after=2025-04-08 00:00:00+00:00
[2025-04-08T01:36:01.221+0000] {processor.py:208} INFO - Processing /home/airflow/.local/lib/python3.12/site-packages/airflow/example_dags/tutorial.py took 1.137 seconds
[2025-04-08T01:36:31.869+0000] {processor.py:186} INFO - Started process (PID=9221) to work on /home/airflow/.local/lib/python3.12/site-packages/airflow/example_dags/tutorial.py
[2025-04-08T01:36:31.874+0000] {processor.py:914} INFO - Processing file /home/airflow/.local/lib/python3.12/site-packages/airflow/example_dags/tutorial.py for tasks to queue
[2025-04-08T01:36:31.883+0000] {logging_mixin.py:190} INFO - [2025-04-08T01:36:31.882+0000] {dagbag.py:588} INFO - Filling up the DagBag from /home/airflow/.local/lib/python3.12/site-packages/airflow/example_dags/tutorial.py
[2025-04-08T01:36:31.927+0000] {processor.py:925} INFO - DAG(s) 'tutorial' retrieved from /home/airflow/.local/lib/python3.12/site-packages/airflow/example_dags/tutorial.py
[2025-04-08T01:36:32.052+0000] {logging_mixin.py:190} INFO - [2025-04-08T01:36:32.051+0000] {dag.py:3239} INFO - Sync 1 DAGs
[2025-04-08T01:36:32.206+0000] {logging_mixin.py:190} INFO - [2025-04-08T01:36:32.205+0000] {dag.py:4180} INFO - Setting next_dagrun for tutorial to 2025-04-07 00:00:00+00:00, run_after=2025-04-08 00:00:00+00:00
[2025-04-08T01:36:32.321+0000] {processor.py:208} INFO - Processing /home/airflow/.local/lib/python3.12/site-packages/airflow/example_dags/tutorial.py took 0.476 seconds
[2025-04-08T01:37:19.942+0000] {processor.py:186} INFO - Started process (PID=9288) to work on /home/airflow/.local/lib/python3.12/site-packages/airflow/example_dags/tutorial.py
[2025-04-08T01:37:19.949+0000] {processor.py:914} INFO - Processing file /home/airflow/.local/lib/python3.12/site-packages/airflow/example_dags/tutorial.py for tasks to queue
[2025-04-08T01:37:19.971+0000] {logging_mixin.py:190} INFO - [2025-04-08T01:37:19.958+0000] {dagbag.py:588} INFO - Filling up the DagBag from /home/airflow/.local/lib/python3.12/site-packages/airflow/example_dags/tutorial.py
[2025-04-08T01:37:20.136+0000] {processor.py:925} INFO - DAG(s) 'tutorial' retrieved from /home/airflow/.local/lib/python3.12/site-packages/airflow/example_dags/tutorial.py
[2025-04-08T01:37:20.445+0000] {logging_mixin.py:190} INFO - [2025-04-08T01:37:20.443+0000] {dag.py:3239} INFO - Sync 1 DAGs
[2025-04-08T01:37:20.690+0000] {logging_mixin.py:190} INFO - [2025-04-08T01:37:20.676+0000] {dag.py:4180} INFO - Setting next_dagrun for tutorial to 2025-04-07 00:00:00+00:00, run_after=2025-04-08 00:00:00+00:00
[2025-04-08T01:37:21.004+0000] {processor.py:208} INFO - Processing /home/airflow/.local/lib/python3.12/site-packages/airflow/example_dags/tutorial.py took 1.103 seconds
[2025-04-08T01:38:08.360+0000] {processor.py:186} INFO - Started process (PID=9356) to work on /home/airflow/.local/lib/python3.12/site-packages/airflow/example_dags/tutorial.py
[2025-04-08T01:38:08.364+0000] {processor.py:914} INFO - Processing file /home/airflow/.local/lib/python3.12/site-packages/airflow/example_dags/tutorial.py for tasks to queue
[2025-04-08T01:38:08.368+0000] {logging_mixin.py:190} INFO - [2025-04-08T01:38:08.367+0000] {dagbag.py:588} INFO - Filling up the DagBag from /home/airflow/.local/lib/python3.12/site-packages/airflow/example_dags/tutorial.py
[2025-04-08T01:38:08.402+0000] {processor.py:925} INFO - DAG(s) 'tutorial' retrieved from /home/airflow/.local/lib/python3.12/site-packages/airflow/example_dags/tutorial.py
[2025-04-08T01:38:08.473+0000] {logging_mixin.py:190} INFO - [2025-04-08T01:38:08.473+0000] {dag.py:3239} INFO - Sync 1 DAGs
[2025-04-08T01:38:08.603+0000] {logging_mixin.py:190} INFO - [2025-04-08T01:38:08.602+0000] {dag.py:4180} INFO - Setting next_dagrun for tutorial to 2025-04-07 00:00:00+00:00, run_after=2025-04-08 00:00:00+00:00
[2025-04-08T01:38:08.713+0000] {processor.py:208} INFO - Processing /home/airflow/.local/lib/python3.12/site-packages/airflow/example_dags/tutorial.py took 0.368 seconds
[2025-04-08T01:38:38.870+0000] {processor.py:186} INFO - Started process (PID=9419) to work on /home/airflow/.local/lib/python3.12/site-packages/airflow/example_dags/tutorial.py
[2025-04-08T01:38:38.874+0000] {processor.py:914} INFO - Processing file /home/airflow/.local/lib/python3.12/site-packages/airflow/example_dags/tutorial.py for tasks to queue
[2025-04-08T01:38:38.880+0000] {logging_mixin.py:190} INFO - [2025-04-08T01:38:38.879+0000] {dagbag.py:588} INFO - Filling up the DagBag from /home/airflow/.local/lib/python3.12/site-packages/airflow/example_dags/tutorial.py
[2025-04-08T01:38:38.909+0000] {processor.py:925} INFO - DAG(s) 'tutorial' retrieved from /home/airflow/.local/lib/python3.12/site-packages/airflow/example_dags/tutorial.py
[2025-04-08T01:38:38.972+0000] {logging_mixin.py:190} INFO - [2025-04-08T01:38:38.971+0000] {dag.py:3239} INFO - Sync 1 DAGs
[2025-04-08T01:38:39.088+0000] {logging_mixin.py:190} INFO - [2025-04-08T01:38:39.088+0000] {dag.py:4180} INFO - Setting next_dagrun for tutorial to 2025-04-07 00:00:00+00:00, run_after=2025-04-08 00:00:00+00:00
[2025-04-08T01:38:39.161+0000] {processor.py:208} INFO - Processing /home/airflow/.local/lib/python3.12/site-packages/airflow/example_dags/tutorial.py took 0.315 seconds
[2025-04-08T01:39:09.657+0000] {processor.py:186} INFO - Started process (PID=9481) to work on /home/airflow/.local/lib/python3.12/site-packages/airflow/example_dags/tutorial.py
[2025-04-08T01:39:09.659+0000] {processor.py:914} INFO - Processing file /home/airflow/.local/lib/python3.12/site-packages/airflow/example_dags/tutorial.py for tasks to queue
[2025-04-08T01:39:09.663+0000] {logging_mixin.py:190} INFO - [2025-04-08T01:39:09.662+0000] {dagbag.py:588} INFO - Filling up the DagBag from /home/airflow/.local/lib/python3.12/site-packages/airflow/example_dags/tutorial.py
[2025-04-08T01:39:09.680+0000] {processor.py:925} INFO - DAG(s) 'tutorial' retrieved from /home/airflow/.local/lib/python3.12/site-packages/airflow/example_dags/tutorial.py
[2025-04-08T01:39:09.735+0000] {logging_mixin.py:190} INFO - [2025-04-08T01:39:09.734+0000] {dag.py:3239} INFO - Sync 1 DAGs
[2025-04-08T01:39:09.789+0000] {logging_mixin.py:190} INFO - [2025-04-08T01:39:09.788+0000] {dag.py:4180} INFO - Setting next_dagrun for tutorial to 2025-04-07 00:00:00+00:00, run_after=2025-04-08 00:00:00+00:00
[2025-04-08T01:39:09.844+0000] {processor.py:208} INFO - Processing /home/airflow/.local/lib/python3.12/site-packages/airflow/example_dags/tutorial.py took 0.201 seconds
[2025-04-08T01:39:49.473+0000] {processor.py:186} INFO - Started process (PID=9548) to work on /home/airflow/.local/lib/python3.12/site-packages/airflow/example_dags/tutorial.py
[2025-04-08T01:39:49.478+0000] {processor.py:914} INFO - Processing file /home/airflow/.local/lib/python3.12/site-packages/airflow/example_dags/tutorial.py for tasks to queue
[2025-04-08T01:39:49.485+0000] {logging_mixin.py:190} INFO - [2025-04-08T01:39:49.484+0000] {dagbag.py:588} INFO - Filling up the DagBag from /home/airflow/.local/lib/python3.12/site-packages/airflow/example_dags/tutorial.py
[2025-04-08T01:39:49.520+0000] {processor.py:925} INFO - DAG(s) 'tutorial' retrieved from /home/airflow/.local/lib/python3.12/site-packages/airflow/example_dags/tutorial.py
[2025-04-08T01:39:49.611+0000] {logging_mixin.py:190} INFO - [2025-04-08T01:39:49.610+0000] {dag.py:3239} INFO - Sync 1 DAGs
[2025-04-08T01:39:49.714+0000] {logging_mixin.py:190} INFO - [2025-04-08T01:39:49.713+0000] {dag.py:4180} INFO - Setting next_dagrun for tutorial to 2025-04-07 00:00:00+00:00, run_after=2025-04-08 00:00:00+00:00
[2025-04-08T01:39:49.798+0000] {processor.py:208} INFO - Processing /home/airflow/.local/lib/python3.12/site-packages/airflow/example_dags/tutorial.py took 0.344 seconds
[2025-04-08T01:40:20.847+0000] {processor.py:186} INFO - Started process (PID=9611) to work on /home/airflow/.local/lib/python3.12/site-packages/airflow/example_dags/tutorial.py
[2025-04-08T01:40:20.854+0000] {processor.py:914} INFO - Processing file /home/airflow/.local/lib/python3.12/site-packages/airflow/example_dags/tutorial.py for tasks to queue
[2025-04-08T01:40:20.864+0000] {logging_mixin.py:190} INFO - [2025-04-08T01:40:20.863+0000] {dagbag.py:588} INFO - Filling up the DagBag from /home/airflow/.local/lib/python3.12/site-packages/airflow/example_dags/tutorial.py
[2025-04-08T01:40:20.917+0000] {processor.py:925} INFO - DAG(s) 'tutorial' retrieved from /home/airflow/.local/lib/python3.12/site-packages/airflow/example_dags/tutorial.py
[2025-04-08T01:40:21.033+0000] {logging_mixin.py:190} INFO - [2025-04-08T01:40:21.032+0000] {dag.py:3239} INFO - Sync 1 DAGs
[2025-04-08T01:40:21.145+0000] {logging_mixin.py:190} INFO - [2025-04-08T01:40:21.144+0000] {dag.py:4180} INFO - Setting next_dagrun for tutorial to 2025-04-07 00:00:00+00:00, run_after=2025-04-08 00:00:00+00:00
[2025-04-08T01:40:21.258+0000] {processor.py:208} INFO - Processing /home/airflow/.local/lib/python3.12/site-packages/airflow/example_dags/tutorial.py took 0.441 seconds
[2025-04-08T01:40:53.688+0000] {processor.py:186} INFO - Started process (PID=9676) to work on /home/airflow/.local/lib/python3.12/site-packages/airflow/example_dags/tutorial.py
[2025-04-08T01:40:53.698+0000] {processor.py:914} INFO - Processing file /home/airflow/.local/lib/python3.12/site-packages/airflow/example_dags/tutorial.py for tasks to queue
[2025-04-08T01:40:53.711+0000] {logging_mixin.py:190} INFO - [2025-04-08T01:40:53.708+0000] {dagbag.py:588} INFO - Filling up the DagBag from /home/airflow/.local/lib/python3.12/site-packages/airflow/example_dags/tutorial.py
[2025-04-08T01:40:53.770+0000] {processor.py:925} INFO - DAG(s) 'tutorial' retrieved from /home/airflow/.local/lib/python3.12/site-packages/airflow/example_dags/tutorial.py
[2025-04-08T01:40:53.940+0000] {logging_mixin.py:190} INFO - [2025-04-08T01:40:53.939+0000] {dag.py:3239} INFO - Sync 1 DAGs
[2025-04-08T01:40:54.163+0000] {logging_mixin.py:190} INFO - [2025-04-08T01:40:54.163+0000] {dag.py:4180} INFO - Setting next_dagrun for tutorial to 2025-04-07 00:00:00+00:00, run_after=2025-04-08 00:00:00+00:00
[2025-04-08T01:40:54.327+0000] {processor.py:208} INFO - Processing /home/airflow/.local/lib/python3.12/site-packages/airflow/example_dags/tutorial.py took 0.677 seconds
[2025-04-08T01:41:25.051+0000] {processor.py:186} INFO - Started process (PID=9739) to work on /home/airflow/.local/lib/python3.12/site-packages/airflow/example_dags/tutorial.py
[2025-04-08T01:41:25.054+0000] {processor.py:914} INFO - Processing file /home/airflow/.local/lib/python3.12/site-packages/airflow/example_dags/tutorial.py for tasks to queue
[2025-04-08T01:41:25.062+0000] {logging_mixin.py:190} INFO - [2025-04-08T01:41:25.060+0000] {dagbag.py:588} INFO - Filling up the DagBag from /home/airflow/.local/lib/python3.12/site-packages/airflow/example_dags/tutorial.py
[2025-04-08T01:41:25.086+0000] {processor.py:925} INFO - DAG(s) 'tutorial' retrieved from /home/airflow/.local/lib/python3.12/site-packages/airflow/example_dags/tutorial.py
[2025-04-08T01:41:25.149+0000] {logging_mixin.py:190} INFO - [2025-04-08T01:41:25.149+0000] {dag.py:3239} INFO - Sync 1 DAGs
[2025-04-08T01:41:25.233+0000] {logging_mixin.py:190} INFO - [2025-04-08T01:41:25.233+0000] {dag.py:4180} INFO - Setting next_dagrun for tutorial to 2025-04-07 00:00:00+00:00, run_after=2025-04-08 00:00:00+00:00
[2025-04-08T01:41:25.313+0000] {processor.py:208} INFO - Processing /home/airflow/.local/lib/python3.12/site-packages/airflow/example_dags/tutorial.py took 0.275 seconds
[2025-04-08T01:41:55.771+0000] {processor.py:186} INFO - Started process (PID=9802) to work on /home/airflow/.local/lib/python3.12/site-packages/airflow/example_dags/tutorial.py
[2025-04-08T01:41:55.776+0000] {processor.py:914} INFO - Processing file /home/airflow/.local/lib/python3.12/site-packages/airflow/example_dags/tutorial.py for tasks to queue
[2025-04-08T01:41:55.785+0000] {logging_mixin.py:190} INFO - [2025-04-08T01:41:55.781+0000] {dagbag.py:588} INFO - Filling up the DagBag from /home/airflow/.local/lib/python3.12/site-packages/airflow/example_dags/tutorial.py
[2025-04-08T01:41:55.852+0000] {processor.py:925} INFO - DAG(s) 'tutorial' retrieved from /home/airflow/.local/lib/python3.12/site-packages/airflow/example_dags/tutorial.py
[2025-04-08T01:41:55.998+0000] {logging_mixin.py:190} INFO - [2025-04-08T01:41:55.997+0000] {dag.py:3239} INFO - Sync 1 DAGs
[2025-04-08T01:41:56.161+0000] {logging_mixin.py:190} INFO - [2025-04-08T01:41:56.159+0000] {dag.py:4180} INFO - Setting next_dagrun for tutorial to 2025-04-07 00:00:00+00:00, run_after=2025-04-08 00:00:00+00:00
[2025-04-08T01:41:56.274+0000] {processor.py:208} INFO - Processing /home/airflow/.local/lib/python3.12/site-packages/airflow/example_dags/tutorial.py took 0.543 seconds
[2025-04-08T01:42:41.303+0000] {processor.py:186} INFO - Started process (PID=9862) to work on /home/airflow/.local/lib/python3.12/site-packages/airflow/example_dags/tutorial.py
[2025-04-08T01:42:41.308+0000] {processor.py:914} INFO - Processing file /home/airflow/.local/lib/python3.12/site-packages/airflow/example_dags/tutorial.py for tasks to queue
[2025-04-08T01:42:41.316+0000] {logging_mixin.py:190} INFO - [2025-04-08T01:42:41.315+0000] {dagbag.py:588} INFO - Filling up the DagBag from /home/airflow/.local/lib/python3.12/site-packages/airflow/example_dags/tutorial.py
[2025-04-08T01:42:41.355+0000] {processor.py:925} INFO - DAG(s) 'tutorial' retrieved from /home/airflow/.local/lib/python3.12/site-packages/airflow/example_dags/tutorial.py
[2025-04-08T01:42:41.573+0000] {logging_mixin.py:190} INFO - [2025-04-08T01:42:41.571+0000] {dag.py:3239} INFO - Sync 1 DAGs
[2025-04-08T01:42:41.817+0000] {logging_mixin.py:190} INFO - [2025-04-08T01:42:41.815+0000] {dag.py:4180} INFO - Setting next_dagrun for tutorial to 2025-04-07 00:00:00+00:00, run_after=2025-04-08 00:00:00+00:00
[2025-04-08T01:42:42.048+0000] {processor.py:208} INFO - Processing /home/airflow/.local/lib/python3.12/site-packages/airflow/example_dags/tutorial.py took 0.776 seconds
